[1;33;40mWARNING - 2023-05-29 07:02:43,271 - [34mangr.project[0m - [34mDisabling IRSB translation cache because support for self-modifying code is enabled.[0m[0m
[1;33;40mWARNING - 2023-05-29 07:02:43,696 - [32mangr.storage.memory_mixins.default_filler_mixin[0m - [32mFilling memory at 0xc000800c with 4 unconstrained bytes referenced from 0x904efd0 (_start+0x0 in mutations18_exec (0x904efd0))[0m[0m
[1;33;40mWARNING - 2023-05-29 07:02:47,090 - [32mangr.storage.memory_mixins.default_filler_mixin[0m - [32mFilling memory at 0xc0010014 with 4 unconstrained bytes referenced from 0x904efd0 (_start+0x0 in mutations18_exec (0x904efd0))[0m[0m
[1;33;40mWARNING - 2023-05-29 07:02:50,092 - [32mangr.storage.memory_mixins.default_filler_mixin[0m - [32mFilling memory at 0xc001801c with 4 unconstrained bytes referenced from 0x904efd0 (_start+0x0 in mutations18_exec (0x904efd0))[0m[0m
[1;33;40mWARNING - 2023-05-29 07:02:52,967 - [32mangr.storage.memory_mixins.default_filler_mixin[0m - [32mFilling memory at 0xc0020024 with 4 unconstrained bytes referenced from 0x904efd0 (_start+0x0 in mutations18_exec (0x904efd0))[0m[0m
[1;33;40mWARNING - 2023-05-29 07:02:55,895 - [32mangr.storage.memory_mixins.default_filler_mixin[0m - [32mFilling memory at 0x30 with 4 unconstrained bytes referenced from 0x904efd0 (_start+0x0 in mutations18_exec (0x904efd0))[0m[0m
[1;32;40mINFO - 2023-05-29 07:02:56,001 - [36mCustomSimProcedure[0m - [36mcustom_hook_static[0m[0m
[1;33;40mWARNING - 2023-05-29 07:02:56,001 - [34mangr.project[0m - [34mAddress is already hooked, during hook(0x0, <SimProcedure strcmp>). Not re-hooking.[0m[0m
[1;33;40mWARNING - 2023-05-29 07:02:56,002 - [34mangr.project[0m - [34mAddress is already hooked, during hook(0x0, <SimProcedure free>). Not re-hooking.[0m[0m
[1;33;40mWARNING - 2023-05-29 07:02:56,002 - [34mangr.project[0m - [34mAddress is already hooked, during hook(0x0, <SimProcedure fgets>). Not re-hooking.[0m[0m
[1;33;40mWARNING - 2023-05-29 07:02:56,002 - [34mangr.project[0m - [34mAddress is already hooked, during hook(0x0, <SimProcedure tolower>). Not re-hooking.[0m[0m
[1;33;40mWARNING - 2023-05-29 07:02:56,002 - [34mangr.project[0m - [34mAddress is already hooked, during hook(0x0, <SimProcedure fclose>). Not re-hooking.[0m[0m
[1;33;40mWARNING - 2023-05-29 07:02:56,002 - [34mangr.project[0m - [34mAddress is already hooked, during hook(0x0, <SimProcedure time>). Not re-hooking.[0m[0m
[1;33;40mWARNING - 2023-05-29 07:02:56,002 - [34mangr.project[0m - [34mAddress is already hooked, during hook(0x0, <SimProcedure perror>). Not re-hooking.[0m[0m
[1;33;40mWARNING - 2023-05-29 07:02:56,003 - [34mangr.project[0m - [34mAddress is already hooked, during hook(0x0, <SimProcedure fwrite>). Not re-hooking.[0m[0m
[1;33;40mWARNING - 2023-05-29 07:02:56,003 - [34mangr.project[0m - [34mAddress is already hooked, during hook(0x0, <SimProcedure usleep>). Not re-hooking.[0m[0m
[1;33;40mWARNING - 2023-05-29 07:02:56,003 - [34mangr.project[0m - [34mAddress is already hooked, during hook(0x0, <SimProcedure strcpy>). Not re-hooking.[0m[0m
[1;33;40mWARNING - 2023-05-29 07:02:56,003 - [34mangr.project[0m - [34mAddress is already hooked, during hook(0x0, <SimProcedure getenv>). Not re-hooking.[0m[0m
[1;33;40mWARNING - 2023-05-29 07:02:56,003 - [34mangr.project[0m - [34mAddress is already hooked, during hook(0x0, <SimProcedure malloc>). Not re-hooking.[0m[0m
[1;33;40mWARNING - 2023-05-29 07:02:56,003 - [34mangr.project[0m - [34mAddress is already hooked, during hook(0x0, <SimProcedure puts>). Not re-hooking.[0m[0m
[1;33;40mWARNING - 2023-05-29 07:02:56,004 - [34mangr.project[0m - [34mAddress is already hooked, during hook(0x0, <SimProcedure srand>). Not re-hooking.[0m[0m
[1;33;40mWARNING - 2023-05-29 07:02:56,004 - [34mangr.project[0m - [34mAddress is already hooked, during hook(0x0, <SimProcedure strchr>). Not re-hooking.[0m[0m
[1;33;40mWARNING - 2023-05-29 07:02:56,004 - [34mangr.project[0m - [34mAddress is already hooked, during hook(0x0, <SimProcedure strlen>). Not re-hooking.[0m[0m
[1;33;40mWARNING - 2023-05-29 07:02:56,004 - [34mangr.project[0m - [34mAddress is already hooked, during hook(0x0, <SimProcedure __libc_start_main>). Not re-hooking.[0m[0m
[1;33;40mWARNING - 2023-05-29 07:02:56,004 - [34mangr.project[0m - [34mAddress is already hooked, during hook(0x0, <SimProcedure atol>). Not re-hooking.[0m[0m
[1;33;40mWARNING - 2023-05-29 07:02:56,004 - [34mangr.project[0m - [34mAddress is already hooked, during hook(0x0, <SimProcedure fopen>). Not re-hooking.[0m[0m
[1;33;40mWARNING - 2023-05-29 07:02:56,005 - [34mangr.project[0m - [34mAddress is already hooked, during hook(0x0, <SimProcedure putchar>). Not re-hooking.[0m[0m
[1;33;40mWARNING - 2023-05-29 07:02:56,005 - [34mangr.project[0m - [34mAddress is already hooked, during hook(0x0, <SimProcedure __errno_location>). Not re-hooking.[0m[0m
[1;33;40mWARNING - 2023-05-29 07:02:56,005 - [34mangr.project[0m - [34mAddress is already hooked, during hook(0x0, <SimProcedure strncpy>). Not re-hooking.[0m[0m
[1;33;40mWARNING - 2023-05-29 07:02:56,005 - [34mangr.project[0m - [34mAddress is already hooked, during hook(0x0, <SimProcedure rand>). Not re-hooking.[0m[0m
[1;33;40mWARNING - 2023-05-29 07:02:56,005 - [34mangr.project[0m - [34mAddress is already hooked, during hook(0x0, <SimProcedure access>). Not re-hooking.[0m[0m
[1;33;40mWARNING - 2023-05-29 07:02:56,006 - [34mangr.project[0m - [34mAddress is already hooked, during hook(0x0, <SimProcedure htonl>). Not re-hooking.[0m[0m
[1;33;40mWARNING - 2023-05-29 07:02:56,006 - [34mangr.project[0m - [34mAddress is already hooked, during hook(0x0, <SimProcedure atoi>). Not re-hooking.[0m[0m
[1;33;40mWARNING - 2023-05-29 07:02:56,006 - [34mangr.project[0m - [34mAddress is already hooked, during hook(0x0, <SimProcedure socket>). Not re-hooking.[0m[0m
[1;33;40mWARNING - 2023-05-29 07:02:56,006 - [34mangr.project[0m - [34mAddress is already hooked, during hook(0x0, <SimProcedure close>). Not re-hooking.[0m[0m
[1;33;40mWARNING - 2023-05-29 07:02:56,006 - [34mangr.project[0m - [34mAddress is already hooked, during hook(0x0, <SimProcedure strstr>). Not re-hooking.[0m[0m
[1;33;40mWARNING - 2023-05-29 07:02:56,006 - [34mangr.project[0m - [34mAddress is already hooked, during hook(0x0, <SimProcedure strcmp>). Not re-hooking.[0m[0m
[1;33;40mWARNING - 2023-05-29 07:02:56,007 - [34mangr.project[0m - [34mAddress is already hooked, during hook(0x0, <SimProcedure free>). Not re-hooking.[0m[0m
[1;33;40mWARNING - 2023-05-29 07:02:56,007 - [34mangr.project[0m - [34mAddress is already hooked, during hook(0x0, <SimProcedure fgets>). Not re-hooking.[0m[0m
[1;33;40mWARNING - 2023-05-29 07:02:56,007 - [34mangr.project[0m - [34mAddress is already hooked, during hook(0x0, <SimProcedure tolower>). Not re-hooking.[0m[0m
[1;33;40mWARNING - 2023-05-29 07:02:56,007 - [34mangr.project[0m - [34mAddress is already hooked, during hook(0x0, <SimProcedure fclose>). Not re-hooking.[0m[0m
[1;33;40mWARNING - 2023-05-29 07:02:56,007 - [34mangr.project[0m - [34mAddress is already hooked, during hook(0x0, <SimProcedure time>). Not re-hooking.[0m[0m
[1;33;40mWARNING - 2023-05-29 07:02:56,008 - [34mangr.project[0m - [34mAddress is already hooked, during hook(0x0, <SimProcedure perror>). Not re-hooking.[0m[0m
[1;33;40mWARNING - 2023-05-29 07:02:56,008 - [34mangr.project[0m - [34mAddress is already hooked, during hook(0x0, <SimProcedure fwrite>). Not re-hooking.[0m[0m
[1;33;40mWARNING - 2023-05-29 07:02:56,008 - [34mangr.project[0m - [34mAddress is already hooked, during hook(0x0, <SimProcedure usleep>). Not re-hooking.[0m[0m
[1;33;40mWARNING - 2023-05-29 07:02:56,008 - [34mangr.project[0m - [34mAddress is already hooked, during hook(0x0, <SimProcedure strcpy>). Not re-hooking.[0m[0m
[1;33;40mWARNING - 2023-05-29 07:02:56,008 - [34mangr.project[0m - [34mAddress is already hooked, during hook(0x0, <SimProcedure getenv>). Not re-hooking.[0m[0m
[1;33;40mWARNING - 2023-05-29 07:02:56,008 - [34mangr.project[0m - [34mAddress is already hooked, during hook(0x0, <SimProcedure malloc>). Not re-hooking.[0m[0m
[1;33;40mWARNING - 2023-05-29 07:02:56,009 - [34mangr.project[0m - [34mAddress is already hooked, during hook(0x0, <SimProcedure puts>). Not re-hooking.[0m[0m
[1;33;40mWARNING - 2023-05-29 07:02:56,009 - [34mangr.project[0m - [34mAddress is already hooked, during hook(0x0, <SimProcedure srand>). Not re-hooking.[0m[0m
[1;33;40mWARNING - 2023-05-29 07:02:56,009 - [34mangr.project[0m - [34mAddress is already hooked, during hook(0x0, <SimProcedure strchr>). Not re-hooking.[0m[0m
[1;33;40mWARNING - 2023-05-29 07:02:56,009 - [34mangr.project[0m - [34mAddress is already hooked, during hook(0x0, <SimProcedure strlen>). Not re-hooking.[0m[0m
[1;33;40mWARNING - 2023-05-29 07:02:56,009 - [34mangr.project[0m - [34mAddress is already hooked, during hook(0x0, <SimProcedure __libc_start_main>). Not re-hooking.[0m[0m
[1;33;40mWARNING - 2023-05-29 07:02:56,010 - [34mangr.project[0m - [34mAddress is already hooked, during hook(0x0, <SimProcedure atol>). Not re-hooking.[0m[0m
[1;33;40mWARNING - 2023-05-29 07:02:56,010 - [34mangr.project[0m - [34mAddress is already hooked, during hook(0x0, <SimProcedure fopen>). Not re-hooking.[0m[0m
[1;33;40mWARNING - 2023-05-29 07:02:56,010 - [34mangr.project[0m - [34mAddress is already hooked, during hook(0x0, <SimProcedure putchar>). Not re-hooking.[0m[0m
[1;33;40mWARNING - 2023-05-29 07:02:56,010 - [34mangr.project[0m - [34mAddress is already hooked, during hook(0x0, <SimProcedure __errno_location>). Not re-hooking.[0m[0m
[1;33;40mWARNING - 2023-05-29 07:02:56,010 - [34mangr.project[0m - [34mAddress is already hooked, during hook(0x0, <SimProcedure strncpy>). Not re-hooking.[0m[0m
[1;33;40mWARNING - 2023-05-29 07:02:56,011 - [34mangr.project[0m - [34mAddress is already hooked, during hook(0x0, <SimProcedure rand>). Not re-hooking.[0m[0m
[1;33;40mWARNING - 2023-05-29 07:02:56,011 - [34mangr.project[0m - [34mAddress is already hooked, during hook(0x0, <SimProcedure access>). Not re-hooking.[0m[0m
[1;33;40mWARNING - 2023-05-29 07:02:56,011 - [34mangr.project[0m - [34mAddress is already hooked, during hook(0x0, <SimProcedure htonl>). Not re-hooking.[0m[0m
[1;33;40mWARNING - 2023-05-29 07:02:56,011 - [34mangr.project[0m - [34mAddress is already hooked, during hook(0x0, <SimProcedure atoi>). Not re-hooking.[0m[0m
[1;33;40mWARNING - 2023-05-29 07:02:56,011 - [34mangr.project[0m - [34mAddress is already hooked, during hook(0x0, <SimProcedure socket>). Not re-hooking.[0m[0m
[1;33;40mWARNING - 2023-05-29 07:02:56,012 - [34mangr.project[0m - [34mAddress is already hooked, during hook(0x0, <SimProcedure close>). Not re-hooking.[0m[0m
[1;33;40mWARNING - 2023-05-29 07:02:56,012 - [34mangr.project[0m - [34mAddress is already hooked, during hook(0x9049060, <SimProcedure printf>). Not re-hooking.[0m[0m
[1;33;40mWARNING - 2023-05-29 07:02:56,013 - [34mangr.project[0m - [34mAddress is already hooked, during hook(0xa100000, <SimProcedure strstr>). Not re-hooking.[0m[0m
[1;33;40mWARNING - 2023-05-29 07:02:56,013 - [34mangr.project[0m - [34mAddress is already hooked, during hook(0xa100004, <SimProcedure strcmp>). Not re-hooking.[0m[0m
[1;33;40mWARNING - 2023-05-29 07:02:56,013 - [34mangr.project[0m - [34mAddress is already hooked, during hook(0xa100008, <SimProcedure printf>). Not re-hooking.[0m[0m
[1;33;40mWARNING - 2023-05-29 07:02:56,014 - [34mangr.project[0m - [34mAddress is already hooked, during hook(0xa100010, <SimProcedure free>). Not re-hooking.[0m[0m
[1;33;40mWARNING - 2023-05-29 07:02:56,014 - [34mangr.project[0m - [34mAddress is already hooked, during hook(0xa100014, <SimProcedure fgets>). Not re-hooking.[0m[0m
[1;33;40mWARNING - 2023-05-29 07:02:56,014 - [34mangr.project[0m - [34mAddress is already hooked, during hook(0xa100018, <SimProcedure tolower>). Not re-hooking.[0m[0m
[1;33;40mWARNING - 2023-05-29 07:02:56,014 - [34mangr.project[0m - [34mAddress is already hooked, during hook(0xa10001c, <SimProcedure fclose>). Not re-hooking.[0m[0m
[1;33;40mWARNING - 2023-05-29 07:02:56,014 - [34mangr.project[0m - [34mAddress is already hooked, during hook(0xa100020, <SimProcedure time>). Not re-hooking.[0m[0m
[1;33;40mWARNING - 2023-05-29 07:02:56,014 - [34mangr.project[0m - [34mAddress is already hooked, during hook(0xa100030, <SimProcedure perror>). Not re-hooking.[0m[0m
[1;33;40mWARNING - 2023-05-29 07:02:56,015 - [34mangr.project[0m - [34mAddress is already hooked, during hook(0xa100034, <SimProcedure fwrite>). Not re-hooking.[0m[0m
[1;33;40mWARNING - 2023-05-29 07:02:56,015 - [34mangr.project[0m - [34mAddress is already hooked, during hook(0xa100038, <SimProcedure usleep>). Not re-hooking.[0m[0m
[1;33;40mWARNING - 2023-05-29 07:02:56,015 - [34mangr.project[0m - [34mAddress is already hooked, during hook(0xa10003c, <SimProcedure strcpy>). Not re-hooking.[0m[0m
[1;33;40mWARNING - 2023-05-29 07:02:56,015 - [34mangr.project[0m - [34mAddress is already hooked, during hook(0xa100040, <SimProcedure getenv>). Not re-hooking.[0m[0m
[1;33;40mWARNING - 2023-05-29 07:02:56,015 - [34mangr.project[0m - [34mAddress is already hooked, during hook(0xa100044, <SimProcedure malloc>). Not re-hooking.[0m[0m
[1;33;40mWARNING - 2023-05-29 07:02:56,015 - [34mangr.project[0m - [34mAddress is already hooked, during hook(0xa100048, <SimProcedure puts>). Not re-hooking.[0m[0m
[1;33;40mWARNING - 2023-05-29 07:02:56,016 - [34mangr.project[0m - [34mAddress is already hooked, during hook(0xa100050, <SimProcedure srand>). Not re-hooking.[0m[0m
[1;33;40mWARNING - 2023-05-29 07:02:56,016 - [34mangr.project[0m - [34mAddress is already hooked, during hook(0xa100054, <SimProcedure strchr>). Not re-hooking.[0m[0m
[1;33;40mWARNING - 2023-05-29 07:02:56,016 - [34mangr.project[0m - [34mAddress is already hooked, during hook(0xa100058, <SimProcedure strlen>). Not re-hooking.[0m[0m
[1;33;40mWARNING - 2023-05-29 07:02:56,016 - [34mangr.project[0m - [34mAddress is already hooked, during hook(0xa10005c, <SimProcedure __libc_start_main>). Not re-hooking.[0m[0m
[1;33;40mWARNING - 2023-05-29 07:02:56,016 - [34mangr.project[0m - [34mAddress is already hooked, during hook(0xa100060, <SimProcedure atol>). Not re-hooking.[0m[0m
[1;33;40mWARNING - 2023-05-29 07:02:56,016 - [34mangr.project[0m - [34mAddress is already hooked, during hook(0xa100064, <SimProcedure fopen>). Not re-hooking.[0m[0m
[1;33;40mWARNING - 2023-05-29 07:02:56,017 - [34mangr.project[0m - [34mAddress is already hooked, during hook(0xa100068, <SimProcedure putchar>). Not re-hooking.[0m[0m
[1;33;40mWARNING - 2023-05-29 07:02:56,017 - [34mangr.project[0m - [34mAddress is already hooked, during hook(0xa10006c, <SimProcedure __errno_location>). Not re-hooking.[0m[0m
[1;33;40mWARNING - 2023-05-29 07:02:56,017 - [34mangr.project[0m - [34mAddress is already hooked, during hook(0xa100070, <SimProcedure strncpy>). Not re-hooking.[0m[0m
[1;33;40mWARNING - 2023-05-29 07:02:56,017 - [34mangr.project[0m - [34mAddress is already hooked, during hook(0xa100074, <SimProcedure rand>). Not re-hooking.[0m[0m
[1;33;40mWARNING - 2023-05-29 07:02:56,017 - [34mangr.project[0m - [34mAddress is already hooked, during hook(0xa100078, <SimProcedure access>). Not re-hooking.[0m[0m
[1;33;40mWARNING - 2023-05-29 07:02:56,017 - [34mangr.project[0m - [34mAddress is already hooked, during hook(0xa10007c, <SimProcedure htonl>). Not re-hooking.[0m[0m
[1;33;40mWARNING - 2023-05-29 07:02:56,018 - [34mangr.project[0m - [34mAddress is already hooked, during hook(0xa100080, <SimProcedure atoi>). Not re-hooking.[0m[0m
[1;33;40mWARNING - 2023-05-29 07:02:56,018 - [34mangr.project[0m - [34mAddress is already hooked, during hook(0xa100084, <SimProcedure socket>). Not re-hooking.[0m[0m
[1;33;40mWARNING - 2023-05-29 07:02:56,018 - [34mangr.project[0m - [34mAddress is already hooked, during hook(0xa100090, <SimProcedure close>). Not re-hooking.[0m[0m
[1;32;40mINFO - 2023-05-29 07:02:56,018 - [36mCustomSimProcedure[0m - [36mcustom_hook_no_symbols[0m[0m
[1;33;40mWARNING - 2023-05-29 07:02:56,123 - [32mangr.storage.memory_mixins.default_filler_mixin[0m - [32mFilling memory at 0xc002032c with 4 unconstrained bytes referenced from 0xa10005c (__libc_start_main+0x0 in extern-address space (0x5c))[0m[0m
[1;32;40mINFO - 2023-05-29 07:02:56,173 - [36mCustomSimProcedure[0m - [36mSyscall found:  malloc[<BV32 0x300>][0m[0m
[1;33;40mWARNING - 2023-05-29 07:02:56,205 - [32mangr.storage.memory_mixins.default_filler_mixin[0m - [32mFilling memory at 0xc002033c with 4 unconstrained bytes referenced from 0xa10005c (__libc_start_main+0x0 in extern-address space (0x5c))[0m[0m
[1;32;40mINFO - 2023-05-29 07:02:56,256 - [36mCustomSimProcedure[0m - [36mSyscall found:  malloc[<BV32 0x4>][0m[0m
[1;33;40mWARNING - 2023-05-29 07:02:56,306 - [32mangr.storage.memory_mixins.default_filler_mixin[0m - [32mFilling memory at 0xc0020944 with 4 unconstrained bytes referenced from 0xa10005c (__libc_start_main+0x0 in extern-address space (0x5c))[0m[0m
[1;32;40mINFO - 2023-05-29 07:02:56,358 - [36mCustomSimProcedure[0m - [36mSyscall found:  malloc[<BV32 0x600>][0m[0m
[1;33;40mWARNING - 2023-05-29 07:02:56,389 - [32mangr.storage.memory_mixins.default_filler_mixin[0m - [32mFilling memory at 0xc0020954 with 4 unconstrained bytes referenced from 0xa10005c (__libc_start_main+0x0 in extern-address space (0x5c))[0m[0m
[1;32;40mINFO - 2023-05-29 07:02:56,447 - [36mCustomSimProcedure[0m - [36mSyscall found:  malloc[<BV32 0x4>][0m[0m
[1;33;40mWARNING - 2023-05-29 07:02:56,499 - [32mangr.storage.memory_mixins.default_filler_mixin[0m - [32mFilling memory at 0xc0020f5c with 4 unconstrained bytes referenced from 0xa10005c (__libc_start_main+0x0 in extern-address space (0x5c))[0m[0m
[1;32;40mINFO - 2023-05-29 07:02:56,551 - [36mCustomSimProcedure[0m - [36mSyscall found:  malloc[<BV32 0x600>][0m[0m
[1;33;40mWARNING - 2023-05-29 07:02:56,583 - [32mangr.storage.memory_mixins.default_filler_mixin[0m - [32mFilling memory at 0xc0020f6c with 4 unconstrained bytes referenced from 0xa10005c (__libc_start_main+0x0 in extern-address space (0x5c))[0m[0m
[1;32;40mINFO - 2023-05-29 07:02:56,635 - [36mCustomSimProcedure[0m - [36mSyscall found:  malloc[<BV32 0x4>][0m[0m
[1;33;40mWARNING - 2023-05-29 07:02:56,685 - [32mangr.storage.memory_mixins.default_filler_mixin[0m - [32mFilling memory at 0xc0020f7c with 4 unconstrained bytes referenced from 0xa10005c (__libc_start_main+0x0 in extern-address space (0x5c))[0m[0m
[1;32;40mINFO - 2023-05-29 07:02:56,735 - [36mCustomSimProcedure[0m - [36mSyscall found:  malloc[<BV32 0x4>][0m[0m
[1;32;40mINFO - 2023-05-29 07:02:56,743 - [36mCustomSimProcedure[0m - [36mSyscall found:  __libc_start_main[<BV32 0x9049290>, <BV32 0x1>, <BV32 0x7ffeffb0>, <BV32 0x904f0f0>, <BV32 0x904f160>][0m[0m
[1;33;40mWARNING - 2023-05-29 07:02:56,759 - [32mangr.storage.memory_mixins.default_filler_mixin[0m - [32mFilling register edi with 4 unconstrained bytes referenced from 0x904f100 (__libc_csu_init+0x10 in mutations18_exec (0x904f100))[0m[0m
[1;32;40mINFO - 2023-05-29 07:02:56,858 - [36mCustomSimProcedure[0m - [36mSyscall found:  __libc_start_main[151294608, 1, 2147418032, 151318768, 151318880][0m[0m
[1;32;40mINFO - 2023-05-29 07:02:56,904 - [36mCustomSimProcedure[0m - [36mSyscall found:  sysconf[<BV32 0x54>][0m[0m
[1;32;40mINFO - 2023-05-29 07:02:56,942 - [32mSemaExplorerCDFS[0m - [32mA new block of execution have been executed with changes in sim_manager.[0m[0m
[1;32;40mINFO - 2023-05-29 07:02:56,943 - [32mSemaExplorerCDFS[0m - [32mCurrently, simulation manager is :
<SimulationManager with 2 active>[0m[0m
[1;32;40mINFO - 2023-05-29 07:02:56,943 - [32mSemaExplorerCDFS[0m - [32mpause stash len :0[0m[0m
[1;32;40mINFO - 2023-05-29 07:02:56,943 - [32mSemaExplorerCDFS[0m - [32mfork_stack : 1[0m[0m
[1;32;40mINFO - 2023-05-29 07:02:56,998 - [36mCustomSimProcedure[0m - [36mSyscall found:  popen[<BV32 0x905000b>, <BV32 0x9050071>][0m[0m
[1;32;40mINFO - 2023-05-29 07:02:57,028 - [36mCustomSimProcedure[0m - [36mSyscall found:  popen[<BV32 0x905000b>, <BV32 0x9050071>][0m[0m
[1;32;40mINFO - 2023-05-29 07:02:57,085 - [32mSemaExplorerCDFS[0m - [32mA new block of execution have been executed with changes in sim_manager.[0m[0m
[1;32;40mINFO - 2023-05-29 07:02:57,086 - [32mSemaExplorerCDFS[0m - [32mCurrently, simulation manager is :
<SimulationManager with 4 active>[0m[0m
[1;32;40mINFO - 2023-05-29 07:02:57,086 - [32mSemaExplorerCDFS[0m - [32mpause stash len :0[0m[0m
[1;32;40mINFO - 2023-05-29 07:02:57,086 - [32mSemaExplorerCDFS[0m - [32mfork_stack : 2[0m[0m
[1;32;40mINFO - 2023-05-29 07:02:57,123 - [36mCustomSimProcedure[0m - [36mSyscall found:  strlen[<BV32 0x905007a>][0m[0m
[1;32;40mINFO - 2023-05-29 07:02:57,124 - [36mCustomSimProcedure[0m - [36mSyscall found:  printf[<BV32 0x905007a>][0m[0m
[1;32;40mINFO - 2023-05-29 07:02:57,133 - [36mCustomSimProcedure[0m - [36mSyscall found:  strlen[<BV32 0x905007a>][0m[0m
[1;32;40mINFO - 2023-05-29 07:02:57,134 - [36mCustomSimProcedure[0m - [36mSyscall found:  printf[<BV32 0x905007a>][0m[0m
[1;33;40mWARNING - 2023-05-29 07:02:57,259 - [32mangr.storage.memory_mixins.default_filler_mixin[0m - [32mFilling memory at 0x3 with 2 unconstrained bytes referenced from 0xa100014 (fgets+0x0 in extern-address space (0x14))[0m[0m
[1;33;40mWARNING - 2023-05-29 07:02:57,413 - [32mangr.storage.memory_mixins.default_filler_mixin[0m - [32mFilling memory at 0x1d with 4 unconstrained bytes referenced from 0xa100014 (fgets+0x0 in extern-address space (0x14))[0m[0m
[1;33;40mWARNING - 2023-05-29 07:02:57,463 - [33mangr.state_plugins.posix[0m - [33mTried to look up a symbolic fd - constrained to 3 and opened b'/tmp/angr_implicit_0'[0m[0m
[1;32;40mINFO - 2023-05-29 07:02:57,512 - [36mCustomSimProcedure[0m - [36mSyscall found:  fgets[<BV32 0x7ffefe68>, <BV32 0x80>, <BV32 unconstrained_ret_popen_2885121_32{UNINITIALIZED}>][0m[0m
[1;32;40mINFO - 2023-05-29 07:02:57,550 - [32mSemaExplorerCDFS[0m - [32mEnd of the trace number 1 with errors[0m[0m
[1;32;40mINFO - 2023-05-29 07:02:57,550 - [32mSemaExplorerCDFS[0m - <SimState @ 0xa100014>[0m
[1;32;40mINFO - 2023-05-29 07:02:57,551 - [32mSemaExplorerCDFS[0m - Tried to do operation on symbolic but partially constrained file descriptor[0m
[1;33;40mWARNING - 2023-05-29 07:02:57,582 - [32mangr.storage.memory_mixins.default_filler_mixin[0m - [32mFilling memory at 0x38 with 4 unconstrained bytes referenced from 0xa100014 (fgets+0x0 in extern-address space (0x14))[0m[0m
[1;33;40mWARNING - 2023-05-29 07:02:57,606 - [33mangr.state_plugins.posix[0m - [33mTried to look up a symbolic fd - constrained to 3 and opened b'/tmp/angr_implicit_0'[0m[0m
[1;32;40mINFO - 2023-05-29 07:02:57,656 - [36mCustomSimProcedure[0m - [36mSyscall found:  fgets[<BV32 0x7ffefe68>, <BV32 0x80>, <BV32 unconstrained_ret_popen_2885120_32{UNINITIALIZED}>][0m[0m
[1;33;40mWARNING - 2023-05-29 07:02:57,744 - [33mangr.state_plugins.posix[0m - [33mTried to look up a symbolic fd - constrained to 3 and opened b'/tmp/angr_implicit_0'[0m[0m
[1;32;40mINFO - 2023-05-29 07:02:57,792 - [36mCustomSimProcedure[0m - [36mSyscall found:  fgets[<BV32 0x7ffefe68>, <BV32 0x80>, <BV32 unconstrained_ret_popen_2885121_32{UNINITIALIZED}>][0m[0m
[1;32;40mINFO - 2023-05-29 07:02:57,870 - [36mCustomSimProcedure[0m - [36mSyscall found:  strlen[<BV32 0x905002b>][0m[0m
[1;32;40mINFO - 2023-05-29 07:02:57,871 - [36mCustomSimProcedure[0m - [36mSyscall found:  memcpy[<BV32 0x7ffefe30>, <BV32 0x905002b>, <BV32 0x22>][0m[0m
[1;32;40mINFO - 2023-05-29 07:02:57,872 - [36mCustomSimProcedure[0m - [36mSyscall found:  strncpy[<BV32 0x7ffefe30>, <BV32 0x905002b>, <BV32 0x22>][0m[0m
[1;32;40mINFO - 2023-05-29 07:02:57,915 - [36mCustomSimProcedure[0m - [36mSyscall found:  strlen[<BV32 0x905002b>][0m[0m
[1;32;40mINFO - 2023-05-29 07:02:57,916 - [36mCustomSimProcedure[0m - [36mSyscall found:  memcpy[<BV32 0x7ffefe30>, <BV32 0x905002b>, <BV32 0x22>][0m[0m
[1;32;40mINFO - 2023-05-29 07:02:57,916 - [36mCustomSimProcedure[0m - [36mSyscall found:  strncpy[<BV32 0x7ffefe30>, <BV32 0x905002b>, <BV32 0x22>][0m[0m
[1;32;40mINFO - 2023-05-29 07:02:57,931 - [36mCustomSimProcedure[0m - [36mSyscall found:  strlen[<BV32 0x905002b>][0m[0m
[1;32;40mINFO - 2023-05-29 07:02:57,933 - [36mCustomSimProcedure[0m - [36mSyscall found:  memcpy[<BV32 0x7ffefe30>, <BV32 0x905002b>, <BV32 0x22>][0m[0m
[1;32;40mINFO - 2023-05-29 07:02:57,933 - [36mCustomSimProcedure[0m - [36mSyscall found:  strncpy[<BV32 0x7ffefe30>, <BV32 0x905002b>, <BV32 0x22>][0m[0m
[1;32;40mINFO - 2023-05-29 07:02:57,955 - [36mCustomSimProcedure[0m - [36mSyscall found:  strlen[<BV32 0x905002b>][0m[0m
[1;32;40mINFO - 2023-05-29 07:02:57,965 - [36mCustomSimProcedure[0m - [36mSyscall found:  strlen[<BV32 0x7ffefe30>][0m[0m
[1;32;40mINFO - 2023-05-29 07:02:57,973 - [36mCustomSimProcedure[0m - [36mSyscall found:  strncmp[<BV32 0x905002b>, <BV32 0x7ffefe30>, <BV32 0x21>][0m[0m
[1;32;40mINFO - 2023-05-29 07:02:57,973 - [36mCustomSimProcedure[0m - [36mSyscall found:  strcmp[<BV32 0x905002b>, <BV32 0x7ffefe30>][0m[0m
[1;32;40mINFO - 2023-05-29 07:02:58,013 - [36mCustomSimProcedure[0m - [36mSyscall found:  strlen[<BV32 0x905002b>][0m[0m
[1;32;40mINFO - 2023-05-29 07:02:58,023 - [36mCustomSimProcedure[0m - [36mSyscall found:  strlen[<BV32 0x7ffefe30>][0m[0m
[1;32;40mINFO - 2023-05-29 07:02:58,030 - [36mCustomSimProcedure[0m - [36mSyscall found:  strncmp[<BV32 0x905002b>, <BV32 0x7ffefe30>, <BV32 0x21>][0m[0m
[1;32;40mINFO - 2023-05-29 07:02:58,031 - [36mCustomSimProcedure[0m - [36mSyscall found:  strcmp[<BV32 0x905002b>, <BV32 0x7ffefe30>][0m[0m
[1;32;40mINFO - 2023-05-29 07:02:58,055 - [36mCustomSimProcedure[0m - [36mSyscall found:  strlen[<BV32 0x905002b>][0m[0m
[1;32;40mINFO - 2023-05-29 07:02:58,065 - [36mCustomSimProcedure[0m - [36mSyscall found:  strlen[<BV32 0x7ffefe30>][0m[0m
[1;32;40mINFO - 2023-05-29 07:02:58,072 - [36mCustomSimProcedure[0m - [36mSyscall found:  strncmp[<BV32 0x905002b>, <BV32 0x7ffefe30>, <BV32 0x21>][0m[0m
[1;32;40mINFO - 2023-05-29 07:02:58,072 - [36mCustomSimProcedure[0m - [36mSyscall found:  strcmp[<BV32 0x905002b>, <BV32 0x7ffefe30>][0m[0m
[1;32;40mINFO - 2023-05-29 07:02:58,106 - [36mCustomSimProcedure[0m - [36mSyscall found:  pclose[<BV32 unconstrained_ret_popen_2885121_32{UNINITIALIZED}>][0m[0m
[1;32;40mINFO - 2023-05-29 07:02:58,242 - [32mSemaExplorerCDFS[0m - [32mA new block of execution have been executed with changes in sim_manager.[0m[0m
[1;32;40mINFO - 2023-05-29 07:02:58,243 - [32mSemaExplorerCDFS[0m - [32mCurrently, simulation manager is :
<SimulationManager with 4 active (1 errored)>[0m[0m
[1;32;40mINFO - 2023-05-29 07:02:58,243 - [32mSemaExplorerCDFS[0m - [32mpause stash len :0[0m[0m
[1;32;40mINFO - 2023-05-29 07:02:58,243 - [32mSemaExplorerCDFS[0m - [32mfork_stack : 1[0m[0m
[1;32;40mINFO - 2023-05-29 07:02:58,245 - [36mCustomSimProcedure[0m - [36mSyscall found:  pclose[<BV32 unconstrained_ret_popen_2885120_32{UNINITIALIZED}>][0m[0m
[1;32;40mINFO - 2023-05-29 07:02:58,360 - [36mCustomSimProcedure[0m - [36mSyscall found:  pclose[<BV32 unconstrained_ret_popen_2885121_32{UNINITIALIZED}>][0m[0m
[1;32;40mINFO - 2023-05-29 07:02:58,494 - [36mCustomSimProcedure[0m - [36mSyscall found:  strlen[<BV32 0x9050080>][0m[0m
[1;32;40mINFO - 2023-05-29 07:02:58,498 - [36mCustomSimProcedure[0m - [36mSyscall found:  printf[<BV32 0x9050080>][0m[0m
[1;32;40mINFO - 2023-05-29 07:02:58,526 - [32mSemaExplorerCDFS[0m - [32mA new block of execution have been executed with changes in sim_manager.[0m[0m
[1;32;40mINFO - 2023-05-29 07:02:58,526 - [32mSemaExplorerCDFS[0m - [32mCurrently, simulation manager is :
<SimulationManager with 6 active (1 errored)>[0m[0m
[1;32;40mINFO - 2023-05-29 07:02:58,527 - [32mSemaExplorerCDFS[0m - [32mpause stash len :0[0m[0m
[1;32;40mINFO - 2023-05-29 07:02:58,527 - [32mSemaExplorerCDFS[0m - [32mfork_stack : 2[0m[0m
[1;32;40mINFO - 2023-05-29 07:02:58,580 - [36mCustomSimProcedure[0m - [36mSyscall found:  strlen[<BV32 0x9050080>][0m[0m
[1;32;40mINFO - 2023-05-29 07:02:58,583 - [36mCustomSimProcedure[0m - [36mSyscall found:  printf[<BV32 0x9050080>][0m[0m
[1;32;40mINFO - 2023-05-29 07:02:58,620 - [36mCustomSimProcedure[0m - [36mSyscall found:  popen[<BV32 0x905004d>, <BV32 0x9050071>][0m[0m
[1;32;40mINFO - 2023-05-29 07:02:58,698 - [32mSemaExplorerCDFS[0m - [32mA new block of execution have been executed with changes in sim_manager.[0m[0m
[1;32;40mINFO - 2023-05-29 07:02:58,698 - [32mSemaExplorerCDFS[0m - [32mCurrently, simulation manager is :
<SimulationManager with 6 active (1 errored)>[0m[0m
[1;32;40mINFO - 2023-05-29 07:02:58,698 - [32mSemaExplorerCDFS[0m - [32mpause stash len :1[0m[0m
[1;32;40mINFO - 2023-05-29 07:02:58,699 - [32mSemaExplorerCDFS[0m - [32mfork_stack : 1[0m[0m
[1;32;40mINFO - 2023-05-29 07:02:58,701 - [36mCustomSimProcedure[0m - [36mSyscall found:  popen[<BV32 0x905004d>, <BV32 0x9050071>][0m[0m
[1;32;40mINFO - 2023-05-29 07:02:58,754 - [36mCustomSimProcedure[0m - [36mSyscall found:  popen[<BV32 0x905004d>, <BV32 0x9050071>][0m[0m
[1;32;40mINFO - 2023-05-29 07:02:58,797 - [36mCustomSimProcedure[0m - [36mSyscall found:  strlen[<BV32 0x905007a>][0m[0m
[1;32;40mINFO - 2023-05-29 07:02:58,798 - [36mCustomSimProcedure[0m - [36mSyscall found:  printf[<BV32 0x905007a>][0m[0m
[1;32;40mINFO - 2023-05-29 07:02:58,820 - [32mSemaExplorerCDFS[0m - [32mA new block of execution have been executed with changes in sim_manager.[0m[0m
[1;32;40mINFO - 2023-05-29 07:02:58,821 - [32mSemaExplorerCDFS[0m - [32mCurrently, simulation manager is :
<SimulationManager with 7 active (1 errored)>[0m[0m
[1;32;40mINFO - 2023-05-29 07:02:58,821 - [32mSemaExplorerCDFS[0m - [32mpause stash len :2[0m[0m
[1;32;40mINFO - 2023-05-29 07:02:58,821 - [32mSemaExplorerCDFS[0m - [32mfork_stack : 2[0m[0m
[1;32;40mINFO - 2023-05-29 07:02:58,837 - [36mCustomSimProcedure[0m - [36mSyscall found:  popen[<BV32 0x905004d>, <BV32 0x9050071>][0m[0m
[1;32;40mINFO - 2023-05-29 07:02:58,994 - [32mSemaExplorerCDFS[0m - [32mEnd of the trace number 4 with errors[0m[0m
[1;32;40mINFO - 2023-05-29 07:02:58,995 - [32mSemaExplorerCDFS[0m - <SimState @ 0xa100014>[0m
[1;32;40mINFO - 2023-05-29 07:02:58,996 - [32mSemaExplorerCDFS[0m - Tried to do operation on symbolic but partially constrained file descriptor[0m
[1;32;40mINFO - 2023-05-29 07:02:59,000 - [36mCustomSimProcedure[0m - [36mSyscall found:  strlen[<BV32 0x905007a>][0m[0m
[1;32;40mINFO - 2023-05-29 07:02:59,001 - [36mCustomSimProcedure[0m - [36mSyscall found:  printf[<BV32 0x905007a>][0m[0m
[1;32;40mINFO - 2023-05-29 07:02:59,035 - [32mSemaExplorerCDFS[0m - [32mA new block of execution have been executed with changes in sim_manager.[0m[0m
[1;32;40mINFO - 2023-05-29 07:02:59,035 - [32mSemaExplorerCDFS[0m - [32mCurrently, simulation manager is :
<SimulationManager with 6 active (2 errored)>[0m[0m
[1;32;40mINFO - 2023-05-29 07:02:59,035 - [32mSemaExplorerCDFS[0m - [32mpause stash len :3[0m[0m
[1;32;40mINFO - 2023-05-29 07:02:59,035 - [32mSemaExplorerCDFS[0m - [32mfork_stack : 1[0m[0m
[1;33;40mWARNING - 2023-05-29 07:02:59,158 - [32mangr.storage.memory_mixins.default_filler_mixin[0m - [32mFilling memory at 0xfffffffc with 3 unconstrained bytes referenced from 0xa100014 (fgets+0x0 in extern-address space (0x14))[0m[0m
[1;33;40mWARNING - 2023-05-29 07:02:59,234 - [33mangr.state_plugins.posix[0m - [33mTried to look up a symbolic fd - constrained to 4 and opened b'/tmp/angr_implicit_1'[0m[0m
[1;32;40mINFO - 2023-05-29 07:02:59,284 - [36mCustomSimProcedure[0m - [36mSyscall found:  fgets[<BV32 0x7ffefe68>, <BV32 0x80>, <BV32 unconstrained_ret_popen_2885134_32{UNINITIALIZED}>][0m[0m
[1;32;40mINFO - 2023-05-29 07:02:59,321 - [32mSemaExplorerCDFS[0m - [32mEnd of the trace number 6 with errors[0m[0m
[1;32;40mINFO - 2023-05-29 07:02:59,321 - [32mSemaExplorerCDFS[0m - <SimState @ 0xa100014>[0m
[1;32;40mINFO - 2023-05-29 07:02:59,322 - [32mSemaExplorerCDFS[0m - Tried to do operation on symbolic but partially constrained file descriptor[0m
[1;32;40mINFO - 2023-05-29 07:02:59,329 - [36mCustomSimProcedure[0m - [36mSyscall found:  strlen[<BV32 0x905007a>][0m[0m
[1;32;40mINFO - 2023-05-29 07:02:59,331 - [36mCustomSimProcedure[0m - [36mSyscall found:  printf[<BV32 0x905007a>][0m[0m
[1;32;40mINFO - 2023-05-29 07:02:59,348 - [36mCustomSimProcedure[0m - [36mSyscall found:  strlen[<BV32 0x905007a>][0m[0m
[1;32;40mINFO - 2023-05-29 07:02:59,349 - [36mCustomSimProcedure[0m - [36mSyscall found:  printf[<BV32 0x905007a>][0m[0m
[1;32;40mINFO - 2023-05-29 07:02:59,431 - [36mCustomSimProcedure[0m - [36mSyscall found:  fgets[<BV32 0x7ffefe68>, <BV32 0x80>, <BV32 unconstrained_ret_popen_2885135_32{UNINITIALIZED}>][0m[0m
[1;33;40mWARNING - 2023-05-29 07:02:59,583 - [32mangr.storage.memory_mixins.default_filler_mixin[0m - [32mFilling memory at 0x5 with 2 unconstrained bytes referenced from 0xa100014 (fgets+0x0 in extern-address space (0x14))[0m[0m
[1;33;40mWARNING - 2023-05-29 07:02:59,624 - [33mangr.state_plugins.posix[0m - [33mTried to look up a symbolic fd - constrained to 4 and opened b'/tmp/angr_implicit_1'[0m[0m
[1;32;40mINFO - 2023-05-29 07:02:59,676 - [36mCustomSimProcedure[0m - [36mSyscall found:  fgets[<BV32 0x7ffefe68>, <BV32 0x80>, <BV32 unconstrained_ret_popen_2885137_32{UNINITIALIZED}>][0m[0m
[1;32;40mINFO - 2023-05-29 07:02:59,826 - [36mCustomSimProcedure[0m - [36mSyscall found:  fgets[<BV32 0x7ffefe68>, <BV32 0x80>, <BV32 unconstrained_ret_popen_2885137_32{UNINITIALIZED}>][0m[0m
[1;32;40mINFO - 2023-05-29 07:02:59,877 - [36mCustomSimProcedure[0m - [36mSyscall found:  strlen[<BV32 0x9050073>][0m[0m
[1;32;40mINFO - 2023-05-29 07:02:59,879 - [36mCustomSimProcedure[0m - [36mSyscall found:  memcpy[<BV32 0x7ffefe50>, <BV32 0x9050073>, <BV32 0x6>][0m[0m
[1;32;40mINFO - 2023-05-29 07:02:59,879 - [36mCustomSimProcedure[0m - [36mSyscall found:  strncpy[<BV32 0x7ffefe50>, <BV32 0x9050073>, <BV32 0x6>][0m[0m
[1;32;40mINFO - 2023-05-29 07:02:59,960 - [36mCustomSimProcedure[0m - [36mSyscall found:  fgets[<BV32 0x7ffefe68>, <BV32 0x80>, <BV32 unconstrained_ret_popen_2885136_32{UNINITIALIZED}>][0m[0m
[1;32;40mINFO - 2023-05-29 07:03:00,026 - [36mCustomSimProcedure[0m - [36mSyscall found:  strlen[<BV32 0x9050073>][0m[0m
[1;32;40mINFO - 2023-05-29 07:03:00,027 - [36mCustomSimProcedure[0m - [36mSyscall found:  memcpy[<BV32 0x7ffefe50>, <BV32 0x9050073>, <BV32 0x6>][0m[0m
[1;32;40mINFO - 2023-05-29 07:03:00,028 - [36mCustomSimProcedure[0m - [36mSyscall found:  strncpy[<BV32 0x7ffefe50>, <BV32 0x9050073>, <BV32 0x6>][0m[0m
[1;32;40mINFO - 2023-05-29 07:03:00,051 - [36mCustomSimProcedure[0m - [36mSyscall found:  strlen[<BV32 0x9050073>][0m[0m
[1;32;40mINFO - 2023-05-29 07:03:00,053 - [36mCustomSimProcedure[0m - [36mSyscall found:  memcpy[<BV32 0x7ffefe50>, <BV32 0x9050073>, <BV32 0x6>][0m[0m
[1;32;40mINFO - 2023-05-29 07:03:00,053 - [36mCustomSimProcedure[0m - [36mSyscall found:  strncpy[<BV32 0x7ffefe50>, <BV32 0x9050073>, <BV32 0x6>][0m[0m
[1;32;40mINFO - 2023-05-29 07:03:00,099 - [36mCustomSimProcedure[0m - [36mSyscall found:  strlen[<BV32 0x9050073>][0m[0m
[1;32;40mINFO - 2023-05-29 07:03:00,101 - [36mCustomSimProcedure[0m - [36mSyscall found:  strlen[<BV32 0x7ffefe50>][0m[0m
[1;32;40mINFO - 2023-05-29 07:03:00,104 - [36mCustomSimProcedure[0m - [36mSyscall found:  strncmp[<BV32 0x9050073>, <BV32 0x7ffefe50>, <BV32 0x6>][0m[0m
[1;32;40mINFO - 2023-05-29 07:03:00,104 - [36mCustomSimProcedure[0m - [36mSyscall found:  strcmp[<BV32 0x9050073>, <BV32 0x7ffefe50>][0m[0m
[1;32;40mINFO - 2023-05-29 07:03:00,116 - [36mCustomSimProcedure[0m - [36mSyscall found:  strlen[<BV32 0x9050073>][0m[0m
[1;32;40mINFO - 2023-05-29 07:03:00,118 - [36mCustomSimProcedure[0m - [36mSyscall found:  memcpy[<BV32 0x7ffefe50>, <BV32 0x9050073>, <BV32 0x6>][0m[0m
[1;32;40mINFO - 2023-05-29 07:03:00,118 - [36mCustomSimProcedure[0m - [36mSyscall found:  strncpy[<BV32 0x7ffefe50>, <BV32 0x9050073>, <BV32 0x6>][0m[0m
[1;32;40mINFO - 2023-05-29 07:03:00,135 - [36mCustomSimProcedure[0m - [36mSyscall found:  strlen[<BV32 0x9050073>][0m[0m
[1;32;40mINFO - 2023-05-29 07:03:00,136 - [36mCustomSimProcedure[0m - [36mSyscall found:  memcpy[<BV32 0x7ffefe50>, <BV32 0x9050073>, <BV32 0x6>][0m[0m
[1;32;40mINFO - 2023-05-29 07:03:00,137 - [36mCustomSimProcedure[0m - [36mSyscall found:  strncpy[<BV32 0x7ffefe50>, <BV32 0x9050073>, <BV32 0x6>][0m[0m
[1;32;40mINFO - 2023-05-29 07:03:00,144 - [36mCustomSimProcedure[0m - [36mSyscall found:  strlen[<BV32 0x9050073>][0m[0m
[1;32;40mINFO - 2023-05-29 07:03:00,147 - [36mCustomSimProcedure[0m - [36mSyscall found:  strlen[<BV32 0x7ffefe50>][0m[0m
[1;32;40mINFO - 2023-05-29 07:03:00,149 - [36mCustomSimProcedure[0m - [36mSyscall found:  strncmp[<BV32 0x9050073>, <BV32 0x7ffefe50>, <BV32 0x6>][0m[0m
[1;32;40mINFO - 2023-05-29 07:03:00,150 - [36mCustomSimProcedure[0m - [36mSyscall found:  strcmp[<BV32 0x9050073>, <BV32 0x7ffefe50>][0m[0m
[1;32;40mINFO - 2023-05-29 07:03:00,170 - [36mCustomSimProcedure[0m - [36mSyscall found:  strlen[<BV32 0x9050073>][0m[0m
[1;32;40mINFO - 2023-05-29 07:03:00,173 - [36mCustomSimProcedure[0m - [36mSyscall found:  strlen[<BV32 0x7ffefe50>][0m[0m
[1;32;40mINFO - 2023-05-29 07:03:00,177 - [36mCustomSimProcedure[0m - [36mSyscall found:  strncmp[<BV32 0x9050073>, <BV32 0x7ffefe50>, <BV32 0x6>][0m[0m
[1;32;40mINFO - 2023-05-29 07:03:00,178 - [36mCustomSimProcedure[0m - [36mSyscall found:  strcmp[<BV32 0x9050073>, <BV32 0x7ffefe50>][0m[0m
[1;32;40mINFO - 2023-05-29 07:03:00,239 - [36mCustomSimProcedure[0m - [36mSyscall found:  strlen[<BV32 0x9050073>][0m[0m
[1;32;40mINFO - 2023-05-29 07:03:00,241 - [36mCustomSimProcedure[0m - [36mSyscall found:  strlen[<BV32 0x7ffefe50>][0m[0m
[1;32;40mINFO - 2023-05-29 07:03:00,244 - [36mCustomSimProcedure[0m - [36mSyscall found:  strncmp[<BV32 0x9050073>, <BV32 0x7ffefe50>, <BV32 0x6>][0m[0m
[1;32;40mINFO - 2023-05-29 07:03:00,245 - [36mCustomSimProcedure[0m - [36mSyscall found:  strcmp[<BV32 0x9050073>, <BV32 0x7ffefe50>][0m[0m
[1;32;40mINFO - 2023-05-29 07:03:00,260 - [36mCustomSimProcedure[0m - [36mSyscall found:  pclose[<BV32 unconstrained_ret_popen_2885134_32{UNINITIALIZED}>][0m[0m
[1;32;40mINFO - 2023-05-29 07:03:00,377 - [36mCustomSimProcedure[0m - [36mSyscall found:  strlen[<BV32 0x9050073>][0m[0m
[1;32;40mINFO - 2023-05-29 07:03:00,380 - [36mCustomSimProcedure[0m - [36mSyscall found:  strlen[<BV32 0x7ffefe50>][0m[0m
[1;32;40mINFO - 2023-05-29 07:03:00,382 - [36mCustomSimProcedure[0m - [36mSyscall found:  strncmp[<BV32 0x9050073>, <BV32 0x7ffefe50>, <BV32 0x6>][0m[0m
[1;32;40mINFO - 2023-05-29 07:03:00,383 - [36mCustomSimProcedure[0m - [36mSyscall found:  strcmp[<BV32 0x9050073>, <BV32 0x7ffefe50>][0m[0m
[1;32;40mINFO - 2023-05-29 07:03:00,430 - [32mSemaExplorerCDFS[0m - [32mA new block of execution have been executed with changes in sim_manager.[0m[0m
[1;32;40mINFO - 2023-05-29 07:03:00,431 - [32mSemaExplorerCDFS[0m - [32mCurrently, simulation manager is :
<SimulationManager with 6 active (3 errored)>[0m[0m
[1;32;40mINFO - 2023-05-29 07:03:00,431 - [32mSemaExplorerCDFS[0m - [32mpause stash len :3[0m[0m
[1;32;40mINFO - 2023-05-29 07:03:00,431 - [32mSemaExplorerCDFS[0m - [32mfork_stack : 1[0m[0m
[1;32;40mINFO - 2023-05-29 07:03:00,433 - [36mCustomSimProcedure[0m - [36mSyscall found:  pclose[<BV32 unconstrained_ret_popen_2885135_32{UNINITIALIZED}>][0m[0m
[1;32;40mINFO - 2023-05-29 07:03:00,548 - [36mCustomSimProcedure[0m - [36mSyscall found:  pclose[<BV32 unconstrained_ret_popen_2885137_32{UNINITIALIZED}>][0m[0m
[1;32;40mINFO - 2023-05-29 07:03:00,755 - [36mCustomSimProcedure[0m - [36mSyscall found:  strlen[<BV32 0x9050080>][0m[0m
[1;32;40mINFO - 2023-05-29 07:03:00,759 - [36mCustomSimProcedure[0m - [36mSyscall found:  printf[<BV32 0x9050080>][0m[0m
[1;32;40mINFO - 2023-05-29 07:03:00,761 - [32mSemaExplorerCDFS[0m - [32mA new block of execution have been executed with changes in sim_manager.[0m[0m
[1;32;40mINFO - 2023-05-29 07:03:00,761 - [32mSemaExplorerCDFS[0m - [32mCurrently, simulation manager is :
<SimulationManager with 7 active (3 errored)>[0m[0m
[1;32;40mINFO - 2023-05-29 07:03:00,761 - [32mSemaExplorerCDFS[0m - [32mpause stash len :4[0m[0m
[1;32;40mINFO - 2023-05-29 07:03:00,761 - [32mSemaExplorerCDFS[0m - [32mfork_stack : 2[0m[0m
[1;32;40mINFO - 2023-05-29 07:03:00,776 - [36mCustomSimProcedure[0m - [36mSyscall found:  pclose[<BV32 unconstrained_ret_popen_2885137_32{UNINITIALIZED}>][0m[0m
[1;32;40mINFO - 2023-05-29 07:03:00,896 - [36mCustomSimProcedure[0m - [36mSyscall found:  strlen[<BV32 0x9050080>][0m[0m
[1;32;40mINFO - 2023-05-29 07:03:00,900 - [36mCustomSimProcedure[0m - [36mSyscall found:  printf[<BV32 0x9050080>][0m[0m
[1;32;40mINFO - 2023-05-29 07:03:00,934 - [32mSemaExplorerCDFS[0m - [32mA new block of execution have been executed with changes in sim_manager.[0m[0m
[1;32;40mINFO - 2023-05-29 07:03:00,935 - [32mSemaExplorerCDFS[0m - [32mCurrently, simulation manager is :
<SimulationManager with 6 active (3 errored)>[0m[0m
[1;32;40mINFO - 2023-05-29 07:03:00,935 - [32mSemaExplorerCDFS[0m - [32mpause stash len :6[0m[0m
[1;32;40mINFO - 2023-05-29 07:03:00,935 - [32mSemaExplorerCDFS[0m - [32mfork_stack : 1[0m[0m
[1;32;40mINFO - 2023-05-29 07:03:01,001 - [36mCustomSimProcedure[0m - [36mSyscall found:  strlen[<BV32 0x9050080>][0m[0m
[1;32;40mINFO - 2023-05-29 07:03:01,005 - [36mCustomSimProcedure[0m - [36mSyscall found:  printf[<BV32 0x9050080>][0m[0m
[1;32;40mINFO - 2023-05-29 07:03:01,009 - [33mwerkzeug[0m - [33m172.17.0.1 - - [29/May/2023 07:03:01] "GET /iteration-scdg HTTP/1.1" 200 -[0m[0m
[1;32;40mINFO - 2023-05-29 07:03:01,026 - [33mwerkzeug[0m - [33m172.17.0.1 - - [29/May/2023 07:03:01] "GET /progress-scdg HTTP/1.1" 200 -[0m[0m
[1;32;40mINFO - 2023-05-29 07:03:01,038 - [36mCustomSimProcedure[0m - [36mSyscall found:  __libc_start_main[151294608, 1, 2147418032, 151318768, 151318880][0m[0m
[1;32;40mINFO - 2023-05-29 07:03:01,083 - [32mSemaExplorerCDFS[0m - [32mA new block of execution have been executed with changes in sim_manager.[0m[0m
[1;32;40mINFO - 2023-05-29 07:03:01,084 - [32mSemaExplorerCDFS[0m - [32mCurrently, simulation manager is :
<SimulationManager with 4 active, 1 deadended (3 errored)>[0m[0m
[1;32;40mINFO - 2023-05-29 07:03:01,084 - [32mSemaExplorerCDFS[0m - [32mpause stash len :7[0m[0m
[1;32;40mINFO - 2023-05-29 07:03:01,086 - [36mCustomSimProcedure[0m - [36mSyscall found:  __libc_start_main[151294608, 1, 2147418032, 151318768, 151318880][0m[0m
[1;32;40mINFO - 2023-05-29 07:03:01,138 - [32mSemaExplorerCDFS[0m - [32mA new block of execution have been executed with changes in sim_manager.[0m[0m
[1;32;40mINFO - 2023-05-29 07:03:01,138 - [32mSemaExplorerCDFS[0m - [32mCurrently, simulation manager is :
<SimulationManager with 4 active, 2 deadended (3 errored)>[0m[0m
[1;32;40mINFO - 2023-05-29 07:03:01,138 - [32mSemaExplorerCDFS[0m - [32mpause stash len :6[0m[0m
[1;32;40mINFO - 2023-05-29 07:03:01,141 - [36mCustomSimProcedure[0m - [36mSyscall found:  __libc_start_main[151294608, 1, 2147418032, 151318768, 151318880][0m[0m
[1;32;40mINFO - 2023-05-29 07:03:01,143 - [36mCustomSimProcedure[0m - [36mSyscall found:  __libc_start_main[151294608, 1, 2147418032, 151318768, 151318880][0m[0m
[1;32;40mINFO - 2023-05-29 07:03:01,193 - [36mCustomSimProcedure[0m - [36mSyscall found:  strlen[<BV32 0x9050080>][0m[0m
[1;32;40mINFO - 2023-05-29 07:03:01,197 - [36mCustomSimProcedure[0m - [36mSyscall found:  printf[<BV32 0x9050080>][0m[0m
[1;32;40mINFO - 2023-05-29 07:03:01,200 - [32mSemaExplorerCDFS[0m - [32mA new block of execution have been executed with changes in sim_manager.[0m[0m
[1;32;40mINFO - 2023-05-29 07:03:01,200 - [32mSemaExplorerCDFS[0m - [32mCurrently, simulation manager is :
<SimulationManager with 3 active, 4 deadended (3 errored)>[0m[0m
[1;32;40mINFO - 2023-05-29 07:03:01,201 - [32mSemaExplorerCDFS[0m - [32mpause stash len :5[0m[0m
[1;32;40mINFO - 2023-05-29 07:03:01,205 - [36mCustomSimProcedure[0m - [36mSyscall found:  __libc_start_main[151294608, 1, 2147418032, 151318768, 151318880][0m[0m
[1;32;40mINFO - 2023-05-29 07:03:01,210 - [36mCustomSimProcedure[0m - [36mSyscall found:  __libc_start_main[151294608, 1, 2147418032, 151318768, 151318880][0m[0m
[1;32;40mINFO - 2023-05-29 07:03:01,252 - [32mSemaExplorerCDFS[0m - [32mA new block of execution have been executed with changes in sim_manager.[0m[0m
[1;32;40mINFO - 2023-05-29 07:03:01,252 - [32mSemaExplorerCDFS[0m - [32mCurrently, simulation manager is :
<SimulationManager with 3 active, 6 deadended (3 errored)>[0m[0m
[1;32;40mINFO - 2023-05-29 07:03:01,252 - [32mSemaExplorerCDFS[0m - [32mpause stash len :3[0m[0m
[1;32;40mINFO - 2023-05-29 07:03:01,267 - [36mCustomSimProcedure[0m - [36mSyscall found:  pclose[<BV32 unconstrained_ret_popen_2885136_32{UNINITIALIZED}>][0m[0m
[1;32;40mINFO - 2023-05-29 07:03:01,379 - [36mCustomSimProcedure[0m - [36mSyscall found:  popen[<BV32 0x905004d>, <BV32 0x9050071>][0m[0m
[1;32;40mINFO - 2023-05-29 07:03:01,444 - [32mSemaExplorerCDFS[0m - [32mA new block of execution have been executed with changes in sim_manager.[0m[0m
[1;32;40mINFO - 2023-05-29 07:03:01,444 - [32mSemaExplorerCDFS[0m - [32mCurrently, simulation manager is :
<SimulationManager with 7 active, 6 deadended (3 errored)>[0m[0m
[1;32;40mINFO - 2023-05-29 07:03:01,444 - [32mSemaExplorerCDFS[0m - [32mpause stash len :1[0m[0m
[1;32;40mINFO - 2023-05-29 07:03:01,445 - [32mSemaExplorerCDFS[0m - [32mfork_stack : 2[0m[0m
[1;33;40mWARNING - 2023-05-29 07:03:01,578 - [32mangr.storage.memory_mixins.default_filler_mixin[0m - [32mFilling memory at 0x40038 with 4 unconstrained bytes referenced from 0xa100014 (fgets+0x0 in extern-address space (0x14))[0m[0m
[1;33;40mWARNING - 2023-05-29 07:03:01,619 - [33mangr.state_plugins.posix[0m - [33mTried to look up a symbolic fd - constrained to 4 and opened b'/tmp/angr_implicit_1'[0m[0m
[1;32;40mINFO - 2023-05-29 07:03:01,670 - [36mCustomSimProcedure[0m - [36mSyscall found:  fgets[<BV32 0x7ffefe68>, <BV32 0x80>, <BV32 unconstrained_ret_popen_2885136_32{UNINITIALIZED}>][0m[0m
[1;32;40mINFO - 2023-05-29 07:03:01,734 - [36mCustomSimProcedure[0m - [36mSyscall found:  strlen[<BV32 0x9050080>][0m[0m
[1;32;40mINFO - 2023-05-29 07:03:01,737 - [36mCustomSimProcedure[0m - [36mSyscall found:  printf[<BV32 0x9050080>][0m[0m
[1;32;40mINFO - 2023-05-29 07:03:01,754 - [36mCustomSimProcedure[0m - [36mSyscall found:  __libc_start_main[151294608, 1, 2147418032, 151318768, 151318880][0m[0m
[1;32;40mINFO - 2023-05-29 07:03:01,757 - [36mCustomSimProcedure[0m - [36mSyscall found:  __libc_start_main[151294608, 1, 2147418032, 151318768, 151318880][0m[0m
[1;32;40mINFO - 2023-05-29 07:03:01,814 - [32mSemaExplorerCDFS[0m - [32mA new block of execution have been executed with changes in sim_manager.[0m[0m
[1;32;40mINFO - 2023-05-29 07:03:01,814 - [32mSemaExplorerCDFS[0m - [32mCurrently, simulation manager is :
<SimulationManager with 3 active, 8 deadended (3 errored)>[0m[0m
[1;32;40mINFO - 2023-05-29 07:03:01,814 - [32mSemaExplorerCDFS[0m - [32mpause stash len :3[0m[0m
[1;32;40mINFO - 2023-05-29 07:03:01,834 - [36mCustomSimProcedure[0m - [36mSyscall found:  strlen[<BV32 0x9050073>][0m[0m
[1;32;40mINFO - 2023-05-29 07:03:01,835 - [36mCustomSimProcedure[0m - [36mSyscall found:  memcpy[<BV32 0x7ffefe50>, <BV32 0x9050073>, <BV32 0x6>][0m[0m
[1;32;40mINFO - 2023-05-29 07:03:01,835 - [36mCustomSimProcedure[0m - [36mSyscall found:  strncpy[<BV32 0x7ffefe50>, <BV32 0x9050073>, <BV32 0x6>][0m[0m
[1;32;40mINFO - 2023-05-29 07:03:01,875 - [36mCustomSimProcedure[0m - [36mSyscall found:  strlen[<BV32 0x905007a>][0m[0m
[1;32;40mINFO - 2023-05-29 07:03:01,876 - [36mCustomSimProcedure[0m - [36mSyscall found:  printf[<BV32 0x905007a>][0m[0m
[1;32;40mINFO - 2023-05-29 07:03:01,884 - [36mCustomSimProcedure[0m - [36mSyscall found:  __libc_start_main[151294608, 1, 2147418032, 151318768, 151318880][0m[0m
[1;33;40mWARNING - 2023-05-29 07:03:02,012 - [32mangr.storage.memory_mixins.default_filler_mixin[0m - [32mFilling memory at 0x40038 with 4 unconstrained bytes referenced from 0xa100014 (fgets+0x0 in extern-address space (0x14))[0m[0m
[1;33;40mWARNING - 2023-05-29 07:03:02,052 - [33mangr.state_plugins.posix[0m - [33mTried to look up a symbolic fd - constrained to 4 and opened b'/tmp/angr_implicit_1'[0m[0m
[1;32;40mINFO - 2023-05-29 07:03:02,100 - [36mCustomSimProcedure[0m - [36mSyscall found:  fgets[<BV32 0x7ffefe68>, <BV32 0x80>, <BV32 unconstrained_ret_popen_2885154_32{UNINITIALIZED}>][0m[0m
[1;32;40mINFO - 2023-05-29 07:03:02,147 - [36mCustomSimProcedure[0m - [36mSyscall found:  strlen[<BV32 0x9050073>][0m[0m
[1;32;40mINFO - 2023-05-29 07:03:02,150 - [36mCustomSimProcedure[0m - [36mSyscall found:  strlen[<BV32 0x7ffefe50>][0m[0m
[1;32;40mINFO - 2023-05-29 07:03:02,152 - [36mCustomSimProcedure[0m - [36mSyscall found:  strncmp[<BV32 0x9050073>, <BV32 0x7ffefe50>, <BV32 0x6>][0m[0m
[1;32;40mINFO - 2023-05-29 07:03:02,153 - [36mCustomSimProcedure[0m - [36mSyscall found:  strcmp[<BV32 0x9050073>, <BV32 0x7ffefe50>][0m[0m
[1;32;40mINFO - 2023-05-29 07:03:02,165 - [32mSemaExplorerCDFS[0m - [32mA new block of execution have been executed with changes in sim_manager.[0m[0m
[1;32;40mINFO - 2023-05-29 07:03:02,165 - [32mSemaExplorerCDFS[0m - [32mCurrently, simulation manager is :
<SimulationManager with 4 active, 9 deadended (3 errored)>[0m[0m
[1;32;40mINFO - 2023-05-29 07:03:02,165 - [32mSemaExplorerCDFS[0m - [32mpause stash len :1[0m[0m
[1;32;40mINFO - 2023-05-29 07:03:02,168 - [36mCustomSimProcedure[0m - [36mSyscall found:  __libc_start_main[151294608, 1, 2147418032, 151318768, 151318880][0m[0m
[1;33;40mWARNING - 2023-05-29 07:03:02,218 - [33mangr.state_plugins.posix[0m - [33mTried to look up a symbolic fd - constrained to 4 and opened b'/tmp/angr_implicit_1'[0m[0m
[1;32;40mINFO - 2023-05-29 07:03:02,268 - [36mCustomSimProcedure[0m - [36mSyscall found:  fgets[<BV32 0x7ffefe68>, <BV32 0x80>, <BV32 unconstrained_ret_popen_2885154_32{UNINITIALIZED}>][0m[0m
[1;32;40mINFO - 2023-05-29 07:03:02,353 - [36mCustomSimProcedure[0m - [36mSyscall found:  strlen[<BV32 0x9050080>][0m[0m
[1;32;40mINFO - 2023-05-29 07:03:02,357 - [36mCustomSimProcedure[0m - [36mSyscall found:  printf[<BV32 0x9050080>][0m[0m
[1;32;40mINFO - 2023-05-29 07:03:02,359 - [32mSemaExplorerCDFS[0m - [32mA new block of execution have been executed with changes in sim_manager.[0m[0m
[1;32;40mINFO - 2023-05-29 07:03:02,359 - [32mSemaExplorerCDFS[0m - [32mCurrently, simulation manager is :
<SimulationManager with 4 active, 10 deadended (3 errored)>[0m[0m
[1;32;40mINFO - 2023-05-29 07:03:02,359 - [32mSemaExplorerCDFS[0m - [32mpause stash len :0[0m[0m
[1;32;40mINFO - 2023-05-29 07:03:02,384 - [36mCustomSimProcedure[0m - [36mSyscall found:  strlen[<BV32 0x9050073>][0m[0m
[1;32;40mINFO - 2023-05-29 07:03:02,386 - [36mCustomSimProcedure[0m - [36mSyscall found:  memcpy[<BV32 0x7ffefe50>, <BV32 0x9050073>, <BV32 0x6>][0m[0m
[1;32;40mINFO - 2023-05-29 07:03:02,387 - [36mCustomSimProcedure[0m - [36mSyscall found:  strncpy[<BV32 0x7ffefe50>, <BV32 0x9050073>, <BV32 0x6>][0m[0m
[1;32;40mINFO - 2023-05-29 07:03:02,398 - [36mCustomSimProcedure[0m - [36mSyscall found:  pclose[<BV32 unconstrained_ret_popen_2885136_32{UNINITIALIZED}>][0m[0m
[1;32;40mINFO - 2023-05-29 07:03:02,544 - [36mCustomSimProcedure[0m - [36mSyscall found:  strlen[<BV32 0x9050073>][0m[0m
[1;32;40mINFO - 2023-05-29 07:03:02,546 - [36mCustomSimProcedure[0m - [36mSyscall found:  memcpy[<BV32 0x7ffefe50>, <BV32 0x9050073>, <BV32 0x6>][0m[0m
[1;32;40mINFO - 2023-05-29 07:03:02,546 - [36mCustomSimProcedure[0m - [36mSyscall found:  strncpy[<BV32 0x7ffefe50>, <BV32 0x9050073>, <BV32 0x6>][0m[0m
[1;32;40mINFO - 2023-05-29 07:03:02,564 - [32mSemaExplorerCDFS[0m - [32mA new block of execution have been executed with changes in sim_manager.[0m[0m
[1;32;40mINFO - 2023-05-29 07:03:02,564 - [32mSemaExplorerCDFS[0m - [32mCurrently, simulation manager is :
<SimulationManager with 5 active, 10 deadended (3 errored)>[0m[0m
[1;32;40mINFO - 2023-05-29 07:03:02,564 - [32mSemaExplorerCDFS[0m - [32mpause stash len :0[0m[0m
[1;32;40mINFO - 2023-05-29 07:03:02,565 - [32mSemaExplorerCDFS[0m - [32mfork_stack : 1[0m[0m
[1;32;40mINFO - 2023-05-29 07:03:02,589 - [36mCustomSimProcedure[0m - [36mSyscall found:  strlen[<BV32 0x9050073>][0m[0m
[1;32;40mINFO - 2023-05-29 07:03:02,592 - [36mCustomSimProcedure[0m - [36mSyscall found:  strlen[<BV32 0x7ffefe50>][0m[0m
[1;32;40mINFO - 2023-05-29 07:03:02,594 - [36mCustomSimProcedure[0m - [36mSyscall found:  strncmp[<BV32 0x9050073>, <BV32 0x7ffefe50>, <BV32 0x6>][0m[0m
[1;32;40mINFO - 2023-05-29 07:03:02,595 - [36mCustomSimProcedure[0m - [36mSyscall found:  strcmp[<BV32 0x9050073>, <BV32 0x7ffefe50>][0m[0m
[1;32;40mINFO - 2023-05-29 07:03:02,627 - [36mCustomSimProcedure[0m - [36mSyscall found:  strlen[<BV32 0x9050080>][0m[0m
[1;32;40mINFO - 2023-05-29 07:03:02,631 - [36mCustomSimProcedure[0m - [36mSyscall found:  printf[<BV32 0x9050080>][0m[0m
[1;32;40mINFO - 2023-05-29 07:03:02,649 - [36mCustomSimProcedure[0m - [36mSyscall found:  popen[<BV32 0x905004d>, <BV32 0x9050071>][0m[0m
[1;32;40mINFO - 2023-05-29 07:03:02,690 - [36mCustomSimProcedure[0m - [36mSyscall found:  strlen[<BV32 0x9050073>][0m[0m
[1;32;40mINFO - 2023-05-29 07:03:02,693 - [36mCustomSimProcedure[0m - [36mSyscall found:  strlen[<BV32 0x7ffefe50>][0m[0m
[1;32;40mINFO - 2023-05-29 07:03:02,695 - [36mCustomSimProcedure[0m - [36mSyscall found:  strncmp[<BV32 0x9050073>, <BV32 0x7ffefe50>, <BV32 0x6>][0m[0m
[1;32;40mINFO - 2023-05-29 07:03:02,695 - [36mCustomSimProcedure[0m - [36mSyscall found:  strcmp[<BV32 0x9050073>, <BV32 0x7ffefe50>][0m[0m
[1;32;40mINFO - 2023-05-29 07:03:02,726 - [32mSemaExplorerCDFS[0m - [32mA new block of execution have been executed with changes in sim_manager.[0m[0m
[1;32;40mINFO - 2023-05-29 07:03:02,726 - [32mSemaExplorerCDFS[0m - [32mCurrently, simulation manager is :
<SimulationManager with 6 active, 10 deadended (3 errored)>[0m[0m
[1;32;40mINFO - 2023-05-29 07:03:02,726 - [32mSemaExplorerCDFS[0m - [32mpause stash len :0[0m[0m
[1;32;40mINFO - 2023-05-29 07:03:02,726 - [32mSemaExplorerCDFS[0m - [32mfork_stack : 1[0m[0m
[1;32;40mINFO - 2023-05-29 07:03:02,775 - [36mCustomSimProcedure[0m - [36mSyscall found:  pclose[<BV32 unconstrained_ret_popen_2885154_32{UNINITIALIZED}>][0m[0m
[1;32;40mINFO - 2023-05-29 07:03:02,881 - [36mCustomSimProcedure[0m - [36mSyscall found:  strlen[<BV32 0x905007a>][0m[0m
[1;32;40mINFO - 2023-05-29 07:03:02,881 - [36mCustomSimProcedure[0m - [36mSyscall found:  printf[<BV32 0x905007a>][0m[0m
[1;32;40mINFO - 2023-05-29 07:03:02,922 - [32mSemaExplorerCDFS[0m - [32mA new block of execution have been executed with changes in sim_manager.[0m[0m
[1;32;40mINFO - 2023-05-29 07:03:02,922 - [32mSemaExplorerCDFS[0m - [32mCurrently, simulation manager is :
<SimulationManager with 6 active, 10 deadended (3 errored)>[0m[0m
[1;32;40mINFO - 2023-05-29 07:03:02,922 - [32mSemaExplorerCDFS[0m - [32mpause stash len :1[0m[0m
[1;32;40mINFO - 2023-05-29 07:03:02,923 - [32mSemaExplorerCDFS[0m - [32mfork_stack : 1[0m[0m
[1;32;40mINFO - 2023-05-29 07:03:02,925 - [36mCustomSimProcedure[0m - [36mSyscall found:  __libc_start_main[151294608, 1, 2147418032, 151318768, 151318880][0m[0m
[1;32;40mINFO - 2023-05-29 07:03:02,935 - [36mCustomSimProcedure[0m - [36mSyscall found:  pclose[<BV32 unconstrained_ret_popen_2885154_32{UNINITIALIZED}>][0m[0m
[1;32;40mINFO - 2023-05-29 07:03:03,088 - [36mCustomSimProcedure[0m - [36mSyscall found:  strlen[<BV32 0x9050080>][0m[0m
[1;32;40mINFO - 2023-05-29 07:03:03,093 - [36mCustomSimProcedure[0m - [36mSyscall found:  printf[<BV32 0x9050080>][0m[0m
[1;32;40mINFO - 2023-05-29 07:03:03,095 - [32mSemaExplorerCDFS[0m - [32mA new block of execution have been executed with changes in sim_manager.[0m[0m
[1;32;40mINFO - 2023-05-29 07:03:03,096 - [32mSemaExplorerCDFS[0m - [32mCurrently, simulation manager is :
<SimulationManager with 5 active, 11 deadended (3 errored)>[0m[0m
[1;32;40mINFO - 2023-05-29 07:03:03,096 - [32mSemaExplorerCDFS[0m - [32mpause stash len :2[0m[0m
[1;32;40mINFO - 2023-05-29 07:03:03,096 - [32mSemaExplorerCDFS[0m - [32mfork_stack : 1[0m[0m
[1;32;40mINFO - 2023-05-29 07:03:03,099 - [36mCustomSimProcedure[0m - [36mSyscall found:  __libc_start_main[151294608, 1, 2147418032, 151318768, 151318880][0m[0m
[1;32;40mINFO - 2023-05-29 07:03:03,146 - [36mCustomSimProcedure[0m - [36mSyscall found:  strlen[<BV32 0x9050080>][0m[0m
[1;32;40mINFO - 2023-05-29 07:03:03,150 - [36mCustomSimProcedure[0m - [36mSyscall found:  printf[<BV32 0x9050080>][0m[0m
[1;32;40mINFO - 2023-05-29 07:03:03,164 - [32mSemaExplorerCDFS[0m - [32mA new block of execution have been executed with changes in sim_manager.[0m[0m
[1;32;40mINFO - 2023-05-29 07:03:03,165 - [32mSemaExplorerCDFS[0m - [32mCurrently, simulation manager is :
<SimulationManager with 4 active, 12 deadended (3 errored)>[0m[0m
[1;32;40mINFO - 2023-05-29 07:03:03,165 - [32mSemaExplorerCDFS[0m - [32mpause stash len :2[0m[0m
[1;32;40mINFO - 2023-05-29 07:03:03,273 - [36mCustomSimProcedure[0m - [36mSyscall found:  fgets[<BV32 0x7ffefe68>, <BV32 0x80>, <BV32 unconstrained_ret_popen_2885163_32{UNINITIALIZED}>][0m[0m
[1;32;40mINFO - 2023-05-29 07:03:03,319 - [36mCustomSimProcedure[0m - [36mSyscall found:  __libc_start_main[151294608, 1, 2147418032, 151318768, 151318880][0m[0m
[1;32;40mINFO - 2023-05-29 07:03:03,368 - [32mSemaExplorerCDFS[0m - [32mA new block of execution have been executed with changes in sim_manager.[0m[0m
[1;32;40mINFO - 2023-05-29 07:03:03,369 - [32mSemaExplorerCDFS[0m - [32mCurrently, simulation manager is :
<SimulationManager with 4 active, 13 deadended (3 errored)>[0m[0m
[1;32;40mINFO - 2023-05-29 07:03:03,369 - [32mSemaExplorerCDFS[0m - [32mpause stash len :1[0m[0m
[1;32;40mINFO - 2023-05-29 07:03:03,371 - [36mCustomSimProcedure[0m - [36mSyscall found:  __libc_start_main[151294608, 1, 2147418032, 151318768, 151318880][0m[0m
[1;32;40mINFO - 2023-05-29 07:03:03,754 - [36mCustomSimProcedure[0m - [36mSyscall found:  __libc_start_main[151294608, 1, 2147418032, 151318768, 151318880][0m[0m
[1;32;40mINFO - 2023-05-29 07:03:03,779 - [36mCustomSimProcedure[0m - [36mSyscall found:  strlen[<BV32 0x9050073>][0m[0m
[1;32;40mINFO - 2023-05-29 07:03:03,781 - [36mCustomSimProcedure[0m - [36mSyscall found:  memcpy[<BV32 0x7ffefe50>, <BV32 0x9050073>, <BV32 0x6>][0m[0m
[1;32;40mINFO - 2023-05-29 07:03:03,781 - [36mCustomSimProcedure[0m - [36mSyscall found:  strncpy[<BV32 0x7ffefe50>, <BV32 0x9050073>, <BV32 0x6>][0m[0m
[1;32;40mINFO - 2023-05-29 07:03:03,784 - [32mSemaExplorerCDFS[0m - [32mA new block of execution have been executed with changes in sim_manager.[0m[0m
[1;32;40mINFO - 2023-05-29 07:03:03,785 - [32mSemaExplorerCDFS[0m - [32mCurrently, simulation manager is :
<SimulationManager with 3 active, 15 deadended (3 errored)>[0m[0m
[1;32;40mINFO - 2023-05-29 07:03:03,785 - [32mSemaExplorerCDFS[0m - [32mpause stash len :0[0m[0m
[1;32;40mINFO - 2023-05-29 07:03:03,787 - [36mCustomSimProcedure[0m - [36mSyscall found:  __libc_start_main[151294608, 1, 2147418032, 151318768, 151318880][0m[0m
[1;33;40mWARNING - 2023-05-29 07:03:03,909 - [32mangr.storage.memory_mixins.default_filler_mixin[0m - [32mFilling memory at 0x3c with 1 unconstrained bytes referenced from 0xa100014 (fgets+0x0 in extern-address space (0x14))[0m[0m
[1;32;40mINFO - 2023-05-29 07:03:03,936 - [32mSemaExplorerCDFS[0m - [32mEnd of the trace number 2 with errors[0m[0m
[1;32;40mINFO - 2023-05-29 07:03:03,936 - [32mSemaExplorerCDFS[0m - <SimState @ 0xa100014>[0m
[1;32;40mINFO - 2023-05-29 07:03:03,937 - [32mSemaExplorerCDFS[0m - Tried to do operation on symbolic but partially constrained file descriptor[0m
[1;32;40mINFO - 2023-05-29 07:03:03,941 - [32mSemaExplorerCDFS[0m - [32mA new block of execution have been executed with changes in sim_manager.[0m[0m
[1;32;40mINFO - 2023-05-29 07:03:03,941 - [32mSemaExplorerCDFS[0m - [32mCurrently, simulation manager is :
<SimulationManager with 1 active, 16 deadended (4 errored)>[0m[0m
[1;32;40mINFO - 2023-05-29 07:03:03,942 - [32mSemaExplorerCDFS[0m - [32mpause stash len :0[0m[0m
[1;32;40mINFO - 2023-05-29 07:03:03,948 - [36mCustomSimProcedure[0m - [36mSyscall found:  strlen[<BV32 0x9050073>][0m[0m
[1;32;40mINFO - 2023-05-29 07:03:03,951 - [36mCustomSimProcedure[0m - [36mSyscall found:  strlen[<BV32 0x7ffefe50>][0m[0m
[1;32;40mINFO - 2023-05-29 07:03:03,953 - [36mCustomSimProcedure[0m - [36mSyscall found:  strncmp[<BV32 0x9050073>, <BV32 0x7ffefe50>, <BV32 0x6>][0m[0m
[1;32;40mINFO - 2023-05-29 07:03:03,953 - [36mCustomSimProcedure[0m - [36mSyscall found:  strcmp[<BV32 0x9050073>, <BV32 0x7ffefe50>][0m[0m
[1;32;40mINFO - 2023-05-29 07:03:03,979 - [36mCustomSimProcedure[0m - [36mSyscall found:  pclose[<BV32 unconstrained_ret_popen_2885163_32{UNINITIALIZED}>][0m[0m
[1;32;40mINFO - 2023-05-29 07:03:04,082 - [32mSemaExplorerCDFS[0m - [32mA new block of execution have been executed with changes in sim_manager.[0m[0m
[1;32;40mINFO - 2023-05-29 07:03:04,082 - [32mSemaExplorerCDFS[0m - [32mCurrently, simulation manager is :
<SimulationManager with 2 active, 16 deadended (4 errored)>[0m[0m
[1;32;40mINFO - 2023-05-29 07:03:04,082 - [32mSemaExplorerCDFS[0m - [32mpause stash len :0[0m[0m
[1;32;40mINFO - 2023-05-29 07:03:04,082 - [32mSemaExplorerCDFS[0m - [32mfork_stack : 1[0m[0m
[1;32;40mINFO - 2023-05-29 07:03:04,116 - [36mCustomSimProcedure[0m - [36mSyscall found:  strlen[<BV32 0x9050080>][0m[0m
[1;32;40mINFO - 2023-05-29 07:03:04,119 - [36mCustomSimProcedure[0m - [36mSyscall found:  printf[<BV32 0x9050080>][0m[0m
[1;32;40mINFO - 2023-05-29 07:03:04,172 - [36mCustomSimProcedure[0m - [36mSyscall found:  __libc_start_main[151294608, 1, 2147418032, 151318768, 151318880][0m[0m
[1;32;40mINFO - 2023-05-29 07:03:04,187 - [32mSemaExplorerCDFS[0m - [32mA new block of execution have been executed with changes in sim_manager.[0m[0m
[1;32;40mINFO - 2023-05-29 07:03:04,187 - [32mSemaExplorerCDFS[0m - [32mCurrently, simulation manager is :
<SimulationManager with 1 active, 17 deadended (4 errored)>[0m[0m
[1;32;40mINFO - 2023-05-29 07:03:04,187 - [32mSemaExplorerCDFS[0m - [32mpause stash len :0[0m[0m
[1;32;40mINFO - 2023-05-29 07:03:04,190 - [36mCustomSimProcedure[0m - [36mSyscall found:  __libc_start_main[151294608, 1, 2147418032, 151318768, 151318880][0m[0m
[1;32;40mINFO - 2023-05-29 07:03:04,192 - [32mSemaExplorerCDFS[0m - [32mA new block of execution have been executed with changes in sim_manager.[0m[0m
[1;32;40mINFO - 2023-05-29 07:03:04,192 - [32mSemaExplorerCDFS[0m - [32mCurrently, simulation manager is :
<SimulationManager with 18 deadended (4 errored)>[0m[0m
[1;32;40mINFO - 2023-05-29 07:03:04,192 - [32mSemaExplorerCDFS[0m - [32mpause stash len :0[0m[0m
[1;32;40mINFO - 2023-05-29 07:03:04,192 - [32mSemaExplorerCDFS[0m - [32mlen(simgr.active) <= 0 or deadended >= self.max_end_state)[0m[0m
[1;32;40mINFO - 2023-05-29 07:03:04,210 - [37mGraphBuilder[0m - [37mOutput dir :src/output/runs/132//random_mutations[0m[0m
