[1;33;40mWARNING - 2023-05-29 07:22:06,309 - [34mangr.project[0m - [34mDisabling IRSB translation cache because support for self-modifying code is enabled.[0m[0m
[1;33;40mWARNING - 2023-05-29 07:22:06,382 - [32mangr.storage.memory_mixins.default_filler_mixin[0m - [32mFilling memory at 0xc000800c with 4 unconstrained bytes referenced from 0x9049630 (_start+0x0 in mutations6_exec (0x9049630))[0m[0m
[1;33;40mWARNING - 2023-05-29 07:22:09,934 - [32mangr.storage.memory_mixins.default_filler_mixin[0m - [32mFilling memory at 0xc0010014 with 4 unconstrained bytes referenced from 0x9049630 (_start+0x0 in mutations6_exec (0x9049630))[0m[0m
[1;33;40mWARNING - 2023-05-29 07:22:12,996 - [32mangr.storage.memory_mixins.default_filler_mixin[0m - [32mFilling memory at 0xc001801c with 4 unconstrained bytes referenced from 0x9049630 (_start+0x0 in mutations6_exec (0x9049630))[0m[0m
[1;33;40mWARNING - 2023-05-29 07:22:16,478 - [32mangr.storage.memory_mixins.default_filler_mixin[0m - [32mFilling memory at 0xc0020024 with 4 unconstrained bytes referenced from 0x9049630 (_start+0x0 in mutations6_exec (0x9049630))[0m[0m
[1;33;40mWARNING - 2023-05-29 07:22:19,372 - [32mangr.storage.memory_mixins.default_filler_mixin[0m - [32mFilling memory at 0x30 with 4 unconstrained bytes referenced from 0x9049630 (_start+0x0 in mutations6_exec (0x9049630))[0m[0m
[1;32;40mINFO - 2023-05-29 07:22:19,490 - [36mCustomSimProcedure[0m - [36mcustom_hook_static[0m[0m
[1;33;40mWARNING - 2023-05-29 07:22:19,491 - [34mangr.project[0m - [34mAddress is already hooked, during hook(0x0, <SimProcedure strcmp>). Not re-hooking.[0m[0m
[1;33;40mWARNING - 2023-05-29 07:22:19,491 - [34mangr.project[0m - [34mAddress is already hooked, during hook(0x0, <SimProcedure tolower>). Not re-hooking.[0m[0m
[1;33;40mWARNING - 2023-05-29 07:22:19,491 - [34mangr.project[0m - [34mAddress is already hooked, during hook(0x0, <SimProcedure fclose>). Not re-hooking.[0m[0m
[1;33;40mWARNING - 2023-05-29 07:22:19,491 - [34mangr.project[0m - [34mAddress is already hooked, during hook(0x0, <SimProcedure time>). Not re-hooking.[0m[0m
[1;33;40mWARNING - 2023-05-29 07:22:19,491 - [34mangr.project[0m - [34mAddress is already hooked, during hook(0x0, <SimProcedure perror>). Not re-hooking.[0m[0m
[1;33;40mWARNING - 2023-05-29 07:22:19,492 - [34mangr.project[0m - [34mAddress is already hooked, during hook(0x0, <SimProcedure fwrite>). Not re-hooking.[0m[0m
[1;33;40mWARNING - 2023-05-29 07:22:19,492 - [34mangr.project[0m - [34mAddress is already hooked, during hook(0x0, <SimProcedure usleep>). Not re-hooking.[0m[0m
[1;33;40mWARNING - 2023-05-29 07:22:19,492 - [34mangr.project[0m - [34mAddress is already hooked, during hook(0x0, <SimProcedure getenv>). Not re-hooking.[0m[0m
[1;33;40mWARNING - 2023-05-29 07:22:19,492 - [34mangr.project[0m - [34mAddress is already hooked, during hook(0x0, <SimProcedure puts>). Not re-hooking.[0m[0m
[1;33;40mWARNING - 2023-05-29 07:22:19,492 - [34mangr.project[0m - [34mAddress is already hooked, during hook(0x0, <SimProcedure strchr>). Not re-hooking.[0m[0m
[1;33;40mWARNING - 2023-05-29 07:22:19,493 - [34mangr.project[0m - [34mAddress is already hooked, during hook(0x0, <SimProcedure strlen>). Not re-hooking.[0m[0m
[1;33;40mWARNING - 2023-05-29 07:22:19,493 - [34mangr.project[0m - [34mAddress is already hooked, during hook(0x0, <SimProcedure __libc_start_main>). Not re-hooking.[0m[0m
[1;33;40mWARNING - 2023-05-29 07:22:19,493 - [34mangr.project[0m - [34mAddress is already hooked, during hook(0x0, <SimProcedure atol>). Not re-hooking.[0m[0m
[1;33;40mWARNING - 2023-05-29 07:22:19,493 - [34mangr.project[0m - [34mAddress is already hooked, during hook(0x0, <SimProcedure fopen>). Not re-hooking.[0m[0m
[1;33;40mWARNING - 2023-05-29 07:22:19,493 - [34mangr.project[0m - [34mAddress is already hooked, during hook(0x0, <SimProcedure access>). Not re-hooking.[0m[0m
[1;33;40mWARNING - 2023-05-29 07:22:19,493 - [34mangr.project[0m - [34mAddress is already hooked, during hook(0x0, <SimProcedure htonl>). Not re-hooking.[0m[0m
[1;33;40mWARNING - 2023-05-29 07:22:19,494 - [34mangr.project[0m - [34mAddress is already hooked, during hook(0x0, <SimProcedure toupper>). Not re-hooking.[0m[0m
[1;33;40mWARNING - 2023-05-29 07:22:19,494 - [34mangr.project[0m - [34mAddress is already hooked, during hook(0x0, <SimProcedure socket>). Not re-hooking.[0m[0m
[1;33;40mWARNING - 2023-05-29 07:22:19,494 - [34mangr.project[0m - [34mAddress is already hooked, during hook(0x0, <SimProcedure close>). Not re-hooking.[0m[0m
[1;33;40mWARNING - 2023-05-29 07:22:19,494 - [34mangr.project[0m - [34mAddress is already hooked, during hook(0x0, <SimProcedure strstr>). Not re-hooking.[0m[0m
[1;33;40mWARNING - 2023-05-29 07:22:19,494 - [34mangr.project[0m - [34mAddress is already hooked, during hook(0x0, <SimProcedure strcmp>). Not re-hooking.[0m[0m
[1;33;40mWARNING - 2023-05-29 07:22:19,495 - [34mangr.project[0m - [34mAddress is already hooked, during hook(0x0, <SimProcedure tolower>). Not re-hooking.[0m[0m
[1;33;40mWARNING - 2023-05-29 07:22:19,495 - [34mangr.project[0m - [34mAddress is already hooked, during hook(0x0, <SimProcedure fclose>). Not re-hooking.[0m[0m
[1;33;40mWARNING - 2023-05-29 07:22:19,495 - [34mangr.project[0m - [34mAddress is already hooked, during hook(0x0, <SimProcedure time>). Not re-hooking.[0m[0m
[1;33;40mWARNING - 2023-05-29 07:22:19,495 - [34mangr.project[0m - [34mAddress is already hooked, during hook(0x0, <SimProcedure perror>). Not re-hooking.[0m[0m
[1;33;40mWARNING - 2023-05-29 07:22:19,496 - [34mangr.project[0m - [34mAddress is already hooked, during hook(0x0, <SimProcedure fwrite>). Not re-hooking.[0m[0m
[1;33;40mWARNING - 2023-05-29 07:22:19,496 - [34mangr.project[0m - [34mAddress is already hooked, during hook(0x0, <SimProcedure usleep>). Not re-hooking.[0m[0m
[1;33;40mWARNING - 2023-05-29 07:22:19,497 - [34mangr.project[0m - [34mAddress is already hooked, during hook(0x0, <SimProcedure getenv>). Not re-hooking.[0m[0m
[1;33;40mWARNING - 2023-05-29 07:22:19,497 - [34mangr.project[0m - [34mAddress is already hooked, during hook(0x0, <SimProcedure puts>). Not re-hooking.[0m[0m
[1;33;40mWARNING - 2023-05-29 07:22:19,497 - [34mangr.project[0m - [34mAddress is already hooked, during hook(0x0, <SimProcedure strchr>). Not re-hooking.[0m[0m
[1;33;40mWARNING - 2023-05-29 07:22:19,498 - [34mangr.project[0m - [34mAddress is already hooked, during hook(0x0, <SimProcedure strlen>). Not re-hooking.[0m[0m
[1;33;40mWARNING - 2023-05-29 07:22:19,498 - [34mangr.project[0m - [34mAddress is already hooked, during hook(0x0, <SimProcedure __libc_start_main>). Not re-hooking.[0m[0m
[1;33;40mWARNING - 2023-05-29 07:22:19,498 - [34mangr.project[0m - [34mAddress is already hooked, during hook(0x0, <SimProcedure atol>). Not re-hooking.[0m[0m
[1;33;40mWARNING - 2023-05-29 07:22:19,498 - [34mangr.project[0m - [34mAddress is already hooked, during hook(0x0, <SimProcedure fopen>). Not re-hooking.[0m[0m
[1;33;40mWARNING - 2023-05-29 07:22:19,498 - [34mangr.project[0m - [34mAddress is already hooked, during hook(0x0, <SimProcedure access>). Not re-hooking.[0m[0m
[1;33;40mWARNING - 2023-05-29 07:22:19,499 - [34mangr.project[0m - [34mAddress is already hooked, during hook(0x0, <SimProcedure htonl>). Not re-hooking.[0m[0m
[1;33;40mWARNING - 2023-05-29 07:22:19,499 - [34mangr.project[0m - [34mAddress is already hooked, during hook(0x0, <SimProcedure toupper>). Not re-hooking.[0m[0m
[1;33;40mWARNING - 2023-05-29 07:22:19,499 - [34mangr.project[0m - [34mAddress is already hooked, during hook(0x0, <SimProcedure socket>). Not re-hooking.[0m[0m
[1;33;40mWARNING - 2023-05-29 07:22:19,499 - [34mangr.project[0m - [34mAddress is already hooked, during hook(0x0, <SimProcedure close>). Not re-hooking.[0m[0m
[1;33;40mWARNING - 2023-05-29 07:22:19,500 - [34mangr.project[0m - [34mAddress is already hooked, during hook(0x9049060, <SimProcedure printf>). Not re-hooking.[0m[0m
[1;33;40mWARNING - 2023-05-29 07:22:19,500 - [34mangr.project[0m - [34mAddress is already hooked, during hook(0xa100000, <SimProcedure strstr>). Not re-hooking.[0m[0m
[1;33;40mWARNING - 2023-05-29 07:22:19,500 - [34mangr.project[0m - [34mAddress is already hooked, during hook(0xa100004, <SimProcedure strcmp>). Not re-hooking.[0m[0m
[1;33;40mWARNING - 2023-05-29 07:22:19,500 - [34mangr.project[0m - [34mAddress is already hooked, during hook(0xa100008, <SimProcedure printf>). Not re-hooking.[0m[0m
[1;33;40mWARNING - 2023-05-29 07:22:19,501 - [34mangr.project[0m - [34mAddress is already hooked, during hook(0xa10000c, <SimProcedure tolower>). Not re-hooking.[0m[0m
[1;33;40mWARNING - 2023-05-29 07:22:19,501 - [34mangr.project[0m - [34mAddress is already hooked, during hook(0xa100010, <SimProcedure fclose>). Not re-hooking.[0m[0m
[1;33;40mWARNING - 2023-05-29 07:22:19,501 - [34mangr.project[0m - [34mAddress is already hooked, during hook(0xa100014, <SimProcedure time>). Not re-hooking.[0m[0m
[1;33;40mWARNING - 2023-05-29 07:22:19,501 - [34mangr.project[0m - [34mAddress is already hooked, during hook(0xa10001c, <SimProcedure perror>). Not re-hooking.[0m[0m
[1;33;40mWARNING - 2023-05-29 07:22:19,501 - [34mangr.project[0m - [34mAddress is already hooked, during hook(0xa100020, <SimProcedure fwrite>). Not re-hooking.[0m[0m
[1;33;40mWARNING - 2023-05-29 07:22:19,502 - [34mangr.project[0m - [34mAddress is already hooked, during hook(0xa100024, <SimProcedure usleep>). Not re-hooking.[0m[0m
[1;33;40mWARNING - 2023-05-29 07:22:19,502 - [34mangr.project[0m - [34mAddress is already hooked, during hook(0xa100028, <SimProcedure getenv>). Not re-hooking.[0m[0m
[1;33;40mWARNING - 2023-05-29 07:22:19,502 - [34mangr.project[0m - [34mAddress is already hooked, during hook(0xa10002c, <SimProcedure puts>). Not re-hooking.[0m[0m
[1;33;40mWARNING - 2023-05-29 07:22:19,503 - [34mangr.project[0m - [34mAddress is already hooked, during hook(0xa100030, <SimProcedure strchr>). Not re-hooking.[0m[0m
[1;33;40mWARNING - 2023-05-29 07:22:19,503 - [34mangr.project[0m - [34mAddress is already hooked, during hook(0xa100034, <SimProcedure strlen>). Not re-hooking.[0m[0m
[1;33;40mWARNING - 2023-05-29 07:22:19,503 - [34mangr.project[0m - [34mAddress is already hooked, during hook(0xa100038, <SimProcedure __libc_start_main>). Not re-hooking.[0m[0m
[1;33;40mWARNING - 2023-05-29 07:22:19,503 - [34mangr.project[0m - [34mAddress is already hooked, during hook(0xa10003c, <SimProcedure atol>). Not re-hooking.[0m[0m
[1;33;40mWARNING - 2023-05-29 07:22:19,503 - [34mangr.project[0m - [34mAddress is already hooked, during hook(0xa100040, <SimProcedure fopen>). Not re-hooking.[0m[0m
[1;33;40mWARNING - 2023-05-29 07:22:19,504 - [34mangr.project[0m - [34mAddress is already hooked, during hook(0xa100044, <SimProcedure access>). Not re-hooking.[0m[0m
[1;33;40mWARNING - 2023-05-29 07:22:19,504 - [34mangr.project[0m - [34mAddress is already hooked, during hook(0xa100048, <SimProcedure htonl>). Not re-hooking.[0m[0m
[1;33;40mWARNING - 2023-05-29 07:22:19,504 - [34mangr.project[0m - [34mAddress is already hooked, during hook(0xa10004c, <SimProcedure toupper>). Not re-hooking.[0m[0m
[1;33;40mWARNING - 2023-05-29 07:22:19,504 - [34mangr.project[0m - [34mAddress is already hooked, during hook(0xa100050, <SimProcedure socket>). Not re-hooking.[0m[0m
[1;33;40mWARNING - 2023-05-29 07:22:19,504 - [34mangr.project[0m - [34mAddress is already hooked, during hook(0xa100054, <SimProcedure close>). Not re-hooking.[0m[0m
[1;32;40mINFO - 2023-05-29 07:22:19,504 - [36mCustomSimProcedure[0m - [36mcustom_hook_no_symbols[0m[0m
[1;33;40mWARNING - 2023-05-29 07:22:19,639 - [32mangr.storage.memory_mixins.default_filler_mixin[0m - [32mFilling memory at 0xc002032c with 4 unconstrained bytes referenced from 0xa100038 (__libc_start_main+0x0 in extern-address space (0x38))[0m[0m
[1;32;40mINFO - 2023-05-29 07:22:19,694 - [36mCustomSimProcedure[0m - [36mSyscall found:  malloc[<BV32 0x300>][0m[0m
[1;33;40mWARNING - 2023-05-29 07:22:19,729 - [32mangr.storage.memory_mixins.default_filler_mixin[0m - [32mFilling memory at 0xc002033c with 4 unconstrained bytes referenced from 0xa100038 (__libc_start_main+0x0 in extern-address space (0x38))[0m[0m
[1;32;40mINFO - 2023-05-29 07:22:19,785 - [36mCustomSimProcedure[0m - [36mSyscall found:  malloc[<BV32 0x4>][0m[0m
[1;33;40mWARNING - 2023-05-29 07:22:19,839 - [32mangr.storage.memory_mixins.default_filler_mixin[0m - [32mFilling memory at 0xc0020944 with 4 unconstrained bytes referenced from 0xa100038 (__libc_start_main+0x0 in extern-address space (0x38))[0m[0m
[1;32;40mINFO - 2023-05-29 07:22:19,896 - [36mCustomSimProcedure[0m - [36mSyscall found:  malloc[<BV32 0x600>][0m[0m
[1;33;40mWARNING - 2023-05-29 07:22:19,931 - [32mangr.storage.memory_mixins.default_filler_mixin[0m - [32mFilling memory at 0xc0020954 with 4 unconstrained bytes referenced from 0xa100038 (__libc_start_main+0x0 in extern-address space (0x38))[0m[0m
[1;32;40mINFO - 2023-05-29 07:22:19,987 - [36mCustomSimProcedure[0m - [36mSyscall found:  malloc[<BV32 0x4>][0m[0m
[1;33;40mWARNING - 2023-05-29 07:22:20,042 - [32mangr.storage.memory_mixins.default_filler_mixin[0m - [32mFilling memory at 0xc0020f5c with 4 unconstrained bytes referenced from 0xa100038 (__libc_start_main+0x0 in extern-address space (0x38))[0m[0m
[1;32;40mINFO - 2023-05-29 07:22:20,098 - [36mCustomSimProcedure[0m - [36mSyscall found:  malloc[<BV32 0x600>][0m[0m
[1;33;40mWARNING - 2023-05-29 07:22:20,133 - [32mangr.storage.memory_mixins.default_filler_mixin[0m - [32mFilling memory at 0xc0020f6c with 4 unconstrained bytes referenced from 0xa100038 (__libc_start_main+0x0 in extern-address space (0x38))[0m[0m
[1;32;40mINFO - 2023-05-29 07:22:20,188 - [36mCustomSimProcedure[0m - [36mSyscall found:  malloc[<BV32 0x4>][0m[0m
[1;33;40mWARNING - 2023-05-29 07:22:20,243 - [32mangr.storage.memory_mixins.default_filler_mixin[0m - [32mFilling memory at 0xc0020f7c with 4 unconstrained bytes referenced from 0xa100038 (__libc_start_main+0x0 in extern-address space (0x38))[0m[0m
[1;32;40mINFO - 2023-05-29 07:22:20,300 - [36mCustomSimProcedure[0m - [36mSyscall found:  malloc[<BV32 0x4>][0m[0m
[1;32;40mINFO - 2023-05-29 07:22:20,309 - [36mCustomSimProcedure[0m - [36mSyscall found:  __libc_start_main[<BV32 0x90492a0>, <BV32 0x1>, <BV32 0x7ffeffb0>, <BV32 0x9049750>, <BV32 0x90497c0>][0m[0m
[1;33;40mWARNING - 2023-05-29 07:22:20,328 - [32mangr.storage.memory_mixins.default_filler_mixin[0m - [32mFilling register edi with 4 unconstrained bytes referenced from 0x9049760 (__libc_csu_init+0x10 in mutations6_exec (0x9049760))[0m[0m
[1;32;40mINFO - 2023-05-29 07:22:20,432 - [36mCustomSimProcedure[0m - [36mSyscall found:  __libc_start_main[151294624, 1, 2147418032, 151295824, 151295936][0m[0m
[1;33;40mWARNING - 2023-05-29 07:22:20,488 - [32mangr.storage.memory_mixins.default_filler_mixin[0m - [32mFilling memory at 0x3 with 1 unconstrained bytes referenced from 0xa100004 (strcmp+0x0 in extern-address space (0x4))[0m[0m
[1;33;40mWARNING - 2023-05-29 07:22:20,489 - [32mangr.storage.memory_mixins.default_filler_mixin[0m - [32mFilling memory at 0x4 with 1 unconstrained bytes referenced from 0xa100004 (strcmp+0x0 in extern-address space (0x4))[0m[0m
[1;33;40mWARNING - 2023-05-29 07:22:20,489 - [32mangr.storage.memory_mixins.default_filler_mixin[0m - [32mFilling memory at 0x5 with 1 unconstrained bytes referenced from 0xa100004 (strcmp+0x0 in extern-address space (0x4))[0m[0m
[1;33;40mWARNING - 2023-05-29 07:22:20,490 - [32mangr.storage.memory_mixins.default_filler_mixin[0m - [32mFilling memory at 0x6 with 1 unconstrained bytes referenced from 0xa100004 (strcmp+0x0 in extern-address space (0x4))[0m[0m
[1;33;40mWARNING - 2023-05-29 07:22:20,491 - [32mangr.storage.memory_mixins.default_filler_mixin[0m - [32mFilling memory at 0x7 with 1 unconstrained bytes referenced from 0xa100004 (strcmp+0x0 in extern-address space (0x4))[0m[0m
[1;33;40mWARNING - 2023-05-29 07:22:20,492 - [32mangr.storage.memory_mixins.default_filler_mixin[0m - [32mFilling memory at 0x8 with 1 unconstrained bytes referenced from 0xa100004 (strcmp+0x0 in extern-address space (0x4))[0m[0m
[1;33;40mWARNING - 2023-05-29 07:22:20,493 - [32mangr.storage.memory_mixins.default_filler_mixin[0m - [32mFilling memory at 0x9 with 1 unconstrained bytes referenced from 0xa100004 (strcmp+0x0 in extern-address space (0x4))[0m[0m
[1;33;40mWARNING - 2023-05-29 07:22:20,494 - [32mangr.storage.memory_mixins.default_filler_mixin[0m - [32mFilling memory at 0xa with 1 unconstrained bytes referenced from 0xa100004 (strcmp+0x0 in extern-address space (0x4))[0m[0m
[1;33;40mWARNING - 2023-05-29 07:22:20,495 - [32mangr.storage.memory_mixins.default_filler_mixin[0m - [32mFilling memory at 0xb with 1 unconstrained bytes referenced from 0xa100004 (strcmp+0x0 in extern-address space (0x4))[0m[0m
[1;33;40mWARNING - 2023-05-29 07:22:20,497 - [32mangr.storage.memory_mixins.default_filler_mixin[0m - [32mFilling memory at 0xc with 1 unconstrained bytes referenced from 0xa100004 (strcmp+0x0 in extern-address space (0x4))[0m[0m
[1;33;40mWARNING - 2023-05-29 07:22:20,498 - [32mangr.storage.memory_mixins.default_filler_mixin[0m - [32mFilling memory at 0xd with 1 unconstrained bytes referenced from 0xa100004 (strcmp+0x0 in extern-address space (0x4))[0m[0m
[1;33;40mWARNING - 2023-05-29 07:22:20,499 - [32mangr.storage.memory_mixins.default_filler_mixin[0m - [32mFilling memory at 0xe with 1 unconstrained bytes referenced from 0xa100004 (strcmp+0x0 in extern-address space (0x4))[0m[0m
[1;33;40mWARNING - 2023-05-29 07:22:20,500 - [32mangr.storage.memory_mixins.default_filler_mixin[0m - [32mFilling memory at 0xf with 1 unconstrained bytes referenced from 0xa100004 (strcmp+0x0 in extern-address space (0x4))[0m[0m
[1;33;40mWARNING - 2023-05-29 07:22:20,501 - [32mangr.storage.memory_mixins.default_filler_mixin[0m - [32mFilling memory at 0x10 with 1 unconstrained bytes referenced from 0xa100004 (strcmp+0x0 in extern-address space (0x4))[0m[0m
[1;33;40mWARNING - 2023-05-29 07:22:20,502 - [32mangr.storage.memory_mixins.default_filler_mixin[0m - [32mFilling memory at 0x11 with 1 unconstrained bytes referenced from 0xa100004 (strcmp+0x0 in extern-address space (0x4))[0m[0m
[1;33;40mWARNING - 2023-05-29 07:22:20,504 - [32mangr.storage.memory_mixins.default_filler_mixin[0m - [32mFilling memory at 0x12 with 1 unconstrained bytes referenced from 0xa100004 (strcmp+0x0 in extern-address space (0x4))[0m[0m
[1;33;40mWARNING - 2023-05-29 07:22:20,506 - [32mangr.storage.memory_mixins.default_filler_mixin[0m - [32mFilling memory at 0x13 with 1 unconstrained bytes referenced from 0xa100004 (strcmp+0x0 in extern-address space (0x4))[0m[0m
[1;33;40mWARNING - 2023-05-29 07:22:20,508 - [32mangr.storage.memory_mixins.default_filler_mixin[0m - [32mFilling memory at 0x14 with 1 unconstrained bytes referenced from 0xa100004 (strcmp+0x0 in extern-address space (0x4))[0m[0m
[1;33;40mWARNING - 2023-05-29 07:22:20,515 - [32mangr.storage.memory_mixins.default_filler_mixin[0m - [32mFilling memory at 0x15 with 1 unconstrained bytes referenced from 0xa100004 (strcmp+0x0 in extern-address space (0x4))[0m[0m
[1;33;40mWARNING - 2023-05-29 07:22:20,517 - [32mangr.storage.memory_mixins.default_filler_mixin[0m - [32mFilling memory at 0x16 with 1 unconstrained bytes referenced from 0xa100004 (strcmp+0x0 in extern-address space (0x4))[0m[0m
[1;33;40mWARNING - 2023-05-29 07:22:20,518 - [32mangr.storage.memory_mixins.default_filler_mixin[0m - [32mFilling memory at 0x17 with 1 unconstrained bytes referenced from 0xa100004 (strcmp+0x0 in extern-address space (0x4))[0m[0m
[1;33;40mWARNING - 2023-05-29 07:22:20,519 - [32mangr.storage.memory_mixins.default_filler_mixin[0m - [32mFilling memory at 0x18 with 1 unconstrained bytes referenced from 0xa100004 (strcmp+0x0 in extern-address space (0x4))[0m[0m
[1;33;40mWARNING - 2023-05-29 07:22:20,520 - [32mangr.storage.memory_mixins.default_filler_mixin[0m - [32mFilling memory at 0x19 with 1 unconstrained bytes referenced from 0xa100004 (strcmp+0x0 in extern-address space (0x4))[0m[0m
[1;33;40mWARNING - 2023-05-29 07:22:20,521 - [32mangr.storage.memory_mixins.default_filler_mixin[0m - [32mFilling memory at 0x1a with 1 unconstrained bytes referenced from 0xa100004 (strcmp+0x0 in extern-address space (0x4))[0m[0m
[1;33;40mWARNING - 2023-05-29 07:22:20,523 - [32mangr.storage.memory_mixins.default_filler_mixin[0m - [32mFilling memory at 0x1b with 1 unconstrained bytes referenced from 0xa100004 (strcmp+0x0 in extern-address space (0x4))[0m[0m
[1;33;40mWARNING - 2023-05-29 07:22:20,524 - [32mangr.storage.memory_mixins.default_filler_mixin[0m - [32mFilling memory at 0x1c with 1 unconstrained bytes referenced from 0xa100004 (strcmp+0x0 in extern-address space (0x4))[0m[0m
[1;33;40mWARNING - 2023-05-29 07:22:20,525 - [32mangr.storage.memory_mixins.default_filler_mixin[0m - [32mFilling memory at 0x1d with 1 unconstrained bytes referenced from 0xa100004 (strcmp+0x0 in extern-address space (0x4))[0m[0m
[1;33;40mWARNING - 2023-05-29 07:22:20,528 - [32mangr.storage.memory_mixins.default_filler_mixin[0m - [32mFilling memory at 0x1e with 1 unconstrained bytes referenced from 0xa100004 (strcmp+0x0 in extern-address space (0x4))[0m[0m
[1;33;40mWARNING - 2023-05-29 07:22:20,530 - [32mangr.storage.memory_mixins.default_filler_mixin[0m - [32mFilling memory at 0x1f with 1 unconstrained bytes referenced from 0xa100004 (strcmp+0x0 in extern-address space (0x4))[0m[0m
[1;33;40mWARNING - 2023-05-29 07:22:20,532 - [32mangr.storage.memory_mixins.default_filler_mixin[0m - [32mFilling memory at 0x20 with 1 unconstrained bytes referenced from 0xa100004 (strcmp+0x0 in extern-address space (0x4))[0m[0m
[1;33;40mWARNING - 2023-05-29 07:22:20,534 - [32mangr.storage.memory_mixins.default_filler_mixin[0m - [32mFilling memory at 0x21 with 1 unconstrained bytes referenced from 0xa100004 (strcmp+0x0 in extern-address space (0x4))[0m[0m
[1;33;40mWARNING - 2023-05-29 07:22:20,536 - [32mangr.storage.memory_mixins.default_filler_mixin[0m - [32mFilling memory at 0x22 with 1 unconstrained bytes referenced from 0xa100004 (strcmp+0x0 in extern-address space (0x4))[0m[0m
[1;33;40mWARNING - 2023-05-29 07:22:20,538 - [32mangr.storage.memory_mixins.default_filler_mixin[0m - [32mFilling memory at 0x23 with 1 unconstrained bytes referenced from 0xa100004 (strcmp+0x0 in extern-address space (0x4))[0m[0m
[1;33;40mWARNING - 2023-05-29 07:22:20,539 - [32mangr.storage.memory_mixins.default_filler_mixin[0m - [32mFilling memory at 0x24 with 1 unconstrained bytes referenced from 0xa100004 (strcmp+0x0 in extern-address space (0x4))[0m[0m
[1;33;40mWARNING - 2023-05-29 07:22:20,540 - [32mangr.storage.memory_mixins.default_filler_mixin[0m - [32mFilling memory at 0x25 with 1 unconstrained bytes referenced from 0xa100004 (strcmp+0x0 in extern-address space (0x4))[0m[0m
[1;33;40mWARNING - 2023-05-29 07:22:20,541 - [32mangr.storage.memory_mixins.default_filler_mixin[0m - [32mFilling memory at 0x26 with 1 unconstrained bytes referenced from 0xa100004 (strcmp+0x0 in extern-address space (0x4))[0m[0m
[1;33;40mWARNING - 2023-05-29 07:22:20,544 - [32mangr.storage.memory_mixins.default_filler_mixin[0m - [32mFilling memory at 0x27 with 1 unconstrained bytes referenced from 0xa100004 (strcmp+0x0 in extern-address space (0x4))[0m[0m
[1;33;40mWARNING - 2023-05-29 07:22:20,546 - [32mangr.storage.memory_mixins.default_filler_mixin[0m - [32mFilling memory at 0x28 with 1 unconstrained bytes referenced from 0xa100004 (strcmp+0x0 in extern-address space (0x4))[0m[0m
[1;33;40mWARNING - 2023-05-29 07:22:20,548 - [32mangr.storage.memory_mixins.default_filler_mixin[0m - [32mFilling memory at 0x29 with 1 unconstrained bytes referenced from 0xa100004 (strcmp+0x0 in extern-address space (0x4))[0m[0m
[1;33;40mWARNING - 2023-05-29 07:22:20,549 - [32mangr.storage.memory_mixins.default_filler_mixin[0m - [32mFilling memory at 0x2a with 1 unconstrained bytes referenced from 0xa100004 (strcmp+0x0 in extern-address space (0x4))[0m[0m
[1;33;40mWARNING - 2023-05-29 07:22:20,551 - [32mangr.storage.memory_mixins.default_filler_mixin[0m - [32mFilling memory at 0x2b with 1 unconstrained bytes referenced from 0xa100004 (strcmp+0x0 in extern-address space (0x4))[0m[0m
[1;33;40mWARNING - 2023-05-29 07:22:20,553 - [32mangr.storage.memory_mixins.default_filler_mixin[0m - [32mFilling memory at 0x2c with 1 unconstrained bytes referenced from 0xa100004 (strcmp+0x0 in extern-address space (0x4))[0m[0m
[1;33;40mWARNING - 2023-05-29 07:22:20,554 - [32mangr.storage.memory_mixins.default_filler_mixin[0m - [32mFilling memory at 0x2d with 1 unconstrained bytes referenced from 0xa100004 (strcmp+0x0 in extern-address space (0x4))[0m[0m
[1;33;40mWARNING - 2023-05-29 07:22:20,555 - [32mangr.storage.memory_mixins.default_filler_mixin[0m - [32mFilling memory at 0x2e with 1 unconstrained bytes referenced from 0xa100004 (strcmp+0x0 in extern-address space (0x4))[0m[0m
[1;33;40mWARNING - 2023-05-29 07:22:20,558 - [32mangr.storage.memory_mixins.default_filler_mixin[0m - [32mFilling memory at 0x2f with 1 unconstrained bytes referenced from 0xa100004 (strcmp+0x0 in extern-address space (0x4))[0m[0m
[1;33;40mWARNING - 2023-05-29 07:22:20,564 - [32mangr.storage.memory_mixins.default_filler_mixin[0m - [32mFilling memory at 0x34 with 1 unconstrained bytes referenced from 0xa100004 (strcmp+0x0 in extern-address space (0x4))[0m[0m
[1;33;40mWARNING - 2023-05-29 07:22:20,566 - [32mangr.storage.memory_mixins.default_filler_mixin[0m - [32mFilling memory at 0x35 with 1 unconstrained bytes referenced from 0xa100004 (strcmp+0x0 in extern-address space (0x4))[0m[0m
[1;33;40mWARNING - 2023-05-29 07:22:20,567 - [32mangr.storage.memory_mixins.default_filler_mixin[0m - [32mFilling memory at 0x36 with 1 unconstrained bytes referenced from 0xa100004 (strcmp+0x0 in extern-address space (0x4))[0m[0m
[1;33;40mWARNING - 2023-05-29 07:22:20,568 - [32mangr.storage.memory_mixins.default_filler_mixin[0m - [32mFilling memory at 0x37 with 1 unconstrained bytes referenced from 0xa100004 (strcmp+0x0 in extern-address space (0x4))[0m[0m
[1;33;40mWARNING - 2023-05-29 07:22:20,570 - [32mangr.storage.memory_mixins.default_filler_mixin[0m - [32mFilling memory at 0x38 with 1 unconstrained bytes referenced from 0xa100004 (strcmp+0x0 in extern-address space (0x4))[0m[0m
[1;33;40mWARNING - 2023-05-29 07:22:20,571 - [32mangr.storage.memory_mixins.default_filler_mixin[0m - [32mFilling memory at 0x39 with 1 unconstrained bytes referenced from 0xa100004 (strcmp+0x0 in extern-address space (0x4))[0m[0m
[1;33;40mWARNING - 2023-05-29 07:22:20,574 - [32mangr.storage.memory_mixins.default_filler_mixin[0m - [32mFilling memory at 0x3a with 1 unconstrained bytes referenced from 0xa100004 (strcmp+0x0 in extern-address space (0x4))[0m[0m
[1;33;40mWARNING - 2023-05-29 07:22:20,575 - [32mangr.storage.memory_mixins.default_filler_mixin[0m - [32mFilling memory at 0x3b with 1 unconstrained bytes referenced from 0xa100004 (strcmp+0x0 in extern-address space (0x4))[0m[0m
[1;33;40mWARNING - 2023-05-29 07:22:20,577 - [32mangr.storage.memory_mixins.default_filler_mixin[0m - [32mFilling memory at 0x3c with 1 unconstrained bytes referenced from 0xa100004 (strcmp+0x0 in extern-address space (0x4))[0m[0m
[1;33;40mWARNING - 2023-05-29 07:22:20,579 - [32mangr.storage.memory_mixins.default_filler_mixin[0m - [32mFilling memory at 0x3d with 1 unconstrained bytes referenced from 0xa100004 (strcmp+0x0 in extern-address space (0x4))[0m[0m
[1;32;40mINFO - 2023-05-29 07:22:20,597 - [36mCustomSimProcedure[0m - [36mSyscall found:  strlen[<BV32 0x0>][0m[0m
[1;32;40mINFO - 2023-05-29 07:22:20,599 - [36mCustomSimProcedure[0m - [36mSyscall found:  strlen[<BV32 0x804a044>][0m[0m
[1;32;40mINFO - 2023-05-29 07:22:20,602 - [36mCustomSimProcedure[0m - [36mSyscall found:  strncmp[<BV32 0x0>, <BV32 0x804a044>, <BV32 0x3b>][0m[0m
[1;32;40mINFO - 2023-05-29 07:22:20,603 - [36mCustomSimProcedure[0m - [36mSyscall found:  strcmp[<BV32 0x0>, <BV32 0x804a044>][0m[0m
[1;32;40mINFO - 2023-05-29 07:22:20,750 - [36mCustomSimProcedure[0m - [36mSyscall found:  strlen[<BV32 0x0>][0m[0m
[1;32;40mINFO - 2023-05-29 07:22:20,751 - [36mCustomSimProcedure[0m - [36mSyscall found:  strlen[<BV32 0x804a046>][0m[0m
[1;32;40mINFO - 2023-05-29 07:22:20,754 - [36mCustomSimProcedure[0m - [36mSyscall found:  strncmp[<BV32 0x0>, <BV32 0x804a046>, <BV32 0x3b>][0m[0m
[1;32;40mINFO - 2023-05-29 07:22:20,754 - [36mCustomSimProcedure[0m - [36mSyscall found:  strcmp[<BV32 0x0>, <BV32 0x804a046>][0m[0m
[1;32;40mINFO - 2023-05-29 07:22:20,874 - [36mCustomSimProcedure[0m - [36mSyscall found:  access[<BV32 0x804a046>, <BV32 0xa04c05c>][0m[0m
[1;32;40mINFO - 2023-05-29 07:22:20,961 - [36mCustomSimProcedure[0m - [36mSyscall found:  strlen[<BV32 0x0>][0m[0m
[1;32;40mINFO - 2023-05-29 07:22:20,962 - [36mCustomSimProcedure[0m - [36mSyscall found:  strlen[<BV32 0x804a048>][0m[0m
[1;32;40mINFO - 2023-05-29 07:22:20,965 - [36mCustomSimProcedure[0m - [36mSyscall found:  strncmp[<BV32 0x0>, <BV32 0x804a048>, <BV32 0x3b>][0m[0m
[1;32;40mINFO - 2023-05-29 07:22:20,965 - [36mCustomSimProcedure[0m - [36mSyscall found:  strcmp[<BV32 0x0>, <BV32 0x804a048>][0m[0m
[1;32;40mINFO - 2023-05-29 07:22:21,139 - [36mCustomSimProcedure[0m - [36mSyscall found:  __libc_start_main[151294624, 1, 2147418032, 151295824, 151295936][0m[0m
[1;32;40mINFO - 2023-05-29 07:22:21,141 - [32mSemaExplorerCDFS[0m - [32mA new block of execution have been executed with changes in sim_manager.[0m[0m
[1;32;40mINFO - 2023-05-29 07:22:21,141 - [32mSemaExplorerCDFS[0m - [32mCurrently, simulation manager is :
<SimulationManager with 1 deadended>[0m[0m
[1;32;40mINFO - 2023-05-29 07:22:21,141 - [32mSemaExplorerCDFS[0m - [32mpause stash len :0[0m[0m
[1;32;40mINFO - 2023-05-29 07:22:21,141 - [32mSemaExplorerCDFS[0m - [32mlen(simgr.active) <= 0 or deadended >= self.max_end_state)[0m[0m
[1;32;40mINFO - 2023-05-29 07:22:21,157 - [37mGraphBuilder[0m - [37mOutput dir :src/output/runs/132//each_mutation[0m[0m
