[1;33;40mWARNING - 2023-05-29 07:17:06,611 - [34mangr.project[0m - [34mDisabling IRSB translation cache because support for self-modifying code is enabled.[0m[0m
[1;33;40mWARNING - 2023-05-29 07:17:06,769 - [32mangr.storage.memory_mixins.default_filler_mixin[0m - [32mFilling memory at 0xc000800c with 4 unconstrained bytes referenced from 0x904ac00 (_start+0x0 in mutations9_exec (0x904ac00))[0m[0m
[1;33;40mWARNING - 2023-05-29 07:17:09,638 - [32mangr.storage.memory_mixins.default_filler_mixin[0m - [32mFilling memory at 0xc0010014 with 4 unconstrained bytes referenced from 0x904ac00 (_start+0x0 in mutations9_exec (0x904ac00))[0m[0m
[1;33;40mWARNING - 2023-05-29 07:17:12,575 - [32mangr.storage.memory_mixins.default_filler_mixin[0m - [32mFilling memory at 0xc001801c with 4 unconstrained bytes referenced from 0x904ac00 (_start+0x0 in mutations9_exec (0x904ac00))[0m[0m
[1;33;40mWARNING - 2023-05-29 07:17:15,549 - [32mangr.storage.memory_mixins.default_filler_mixin[0m - [32mFilling memory at 0xc0020024 with 4 unconstrained bytes referenced from 0x904ac00 (_start+0x0 in mutations9_exec (0x904ac00))[0m[0m
[1;33;40mWARNING - 2023-05-29 07:17:24,278 - [32mangr.storage.memory_mixins.default_filler_mixin[0m - [32mFilling memory at 0x30 with 4 unconstrained bytes referenced from 0x904ac00 (_start+0x0 in mutations9_exec (0x904ac00))[0m[0m
[1;32;40mINFO - 2023-05-29 07:17:24,387 - [36mCustomSimProcedure[0m - [36mcustom_hook_static[0m[0m
[1;33;40mWARNING - 2023-05-29 07:17:24,387 - [34mangr.project[0m - [34mAddress is already hooked, during hook(0x0, <SimProcedure fclose>). Not re-hooking.[0m[0m
[1;33;40mWARNING - 2023-05-29 07:17:24,388 - [34mangr.project[0m - [34mAddress is already hooked, during hook(0x0, <SimProcedure time>). Not re-hooking.[0m[0m
[1;33;40mWARNING - 2023-05-29 07:17:24,388 - [34mangr.project[0m - [34mAddress is already hooked, during hook(0x0, <SimProcedure fwrite>). Not re-hooking.[0m[0m
[1;33;40mWARNING - 2023-05-29 07:17:24,388 - [34mangr.project[0m - [34mAddress is already hooked, during hook(0x0, <SimProcedure srand>). Not re-hooking.[0m[0m
[1;33;40mWARNING - 2023-05-29 07:17:24,388 - [34mangr.project[0m - [34mAddress is already hooked, during hook(0x0, <SimProcedure strlen>). Not re-hooking.[0m[0m
[1;33;40mWARNING - 2023-05-29 07:17:24,389 - [34mangr.project[0m - [34mAddress is already hooked, during hook(0x0, <SimProcedure __libc_start_main>). Not re-hooking.[0m[0m
[1;33;40mWARNING - 2023-05-29 07:17:24,389 - [34mangr.project[0m - [34mAddress is already hooked, during hook(0x0, <SimProcedure fopen>). Not re-hooking.[0m[0m
[1;33;40mWARNING - 2023-05-29 07:17:24,389 - [34mangr.project[0m - [34mAddress is already hooked, during hook(0x0, <SimProcedure memset>). Not re-hooking.[0m[0m
[1;33;40mWARNING - 2023-05-29 07:17:24,389 - [34mangr.project[0m - [34mAddress is already hooked, during hook(0x0, <SimProcedure putchar>). Not re-hooking.[0m[0m
[1;33;40mWARNING - 2023-05-29 07:17:24,390 - [34mangr.project[0m - [34mAddress is already hooked, during hook(0x0, <SimProcedure rand>). Not re-hooking.[0m[0m
[1;33;40mWARNING - 2023-05-29 07:17:24,390 - [34mangr.project[0m - [34mAddress is already hooked, during hook(0x0, <SimProcedure htonl>). Not re-hooking.[0m[0m
[1;33;40mWARNING - 2023-05-29 07:17:24,390 - [34mangr.project[0m - [34mAddress is already hooked, during hook(0x0, <SimProcedure toupper>). Not re-hooking.[0m[0m
[1;33;40mWARNING - 2023-05-29 07:17:24,390 - [34mangr.project[0m - [34mAddress is already hooked, during hook(0x0, <SimProcedure socket>). Not re-hooking.[0m[0m
[1;33;40mWARNING - 2023-05-29 07:17:24,390 - [34mangr.project[0m - [34mAddress is already hooked, during hook(0x0, <SimProcedure close>). Not re-hooking.[0m[0m
[1;33;40mWARNING - 2023-05-29 07:17:24,390 - [34mangr.project[0m - [34mAddress is already hooked, during hook(0x0, <SimProcedure __ctype_b_loc>). Not re-hooking.[0m[0m
[1;33;40mWARNING - 2023-05-29 07:17:24,391 - [34mangr.project[0m - [34mAddress is already hooked, during hook(0x0, <SimProcedure strcmp>). Not re-hooking.[0m[0m
[1;33;40mWARNING - 2023-05-29 07:17:24,391 - [34mangr.project[0m - [34mAddress is already hooked, during hook(0x0, <SimProcedure fclose>). Not re-hooking.[0m[0m
[1;33;40mWARNING - 2023-05-29 07:17:24,391 - [34mangr.project[0m - [34mAddress is already hooked, during hook(0x0, <SimProcedure time>). Not re-hooking.[0m[0m
[1;33;40mWARNING - 2023-05-29 07:17:24,391 - [34mangr.project[0m - [34mAddress is already hooked, during hook(0x0, <SimProcedure fwrite>). Not re-hooking.[0m[0m
[1;33;40mWARNING - 2023-05-29 07:17:24,391 - [34mangr.project[0m - [34mAddress is already hooked, during hook(0x0, <SimProcedure srand>). Not re-hooking.[0m[0m
[1;33;40mWARNING - 2023-05-29 07:17:24,392 - [34mangr.project[0m - [34mAddress is already hooked, during hook(0x0, <SimProcedure strlen>). Not re-hooking.[0m[0m
[1;33;40mWARNING - 2023-05-29 07:17:24,392 - [34mangr.project[0m - [34mAddress is already hooked, during hook(0x0, <SimProcedure __libc_start_main>). Not re-hooking.[0m[0m
[1;33;40mWARNING - 2023-05-29 07:17:24,392 - [34mangr.project[0m - [34mAddress is already hooked, during hook(0x0, <SimProcedure fopen>). Not re-hooking.[0m[0m
[1;33;40mWARNING - 2023-05-29 07:17:24,392 - [34mangr.project[0m - [34mAddress is already hooked, during hook(0x0, <SimProcedure memset>). Not re-hooking.[0m[0m
[1;33;40mWARNING - 2023-05-29 07:17:24,393 - [34mangr.project[0m - [34mAddress is already hooked, during hook(0x0, <SimProcedure putchar>). Not re-hooking.[0m[0m
[1;33;40mWARNING - 2023-05-29 07:17:24,393 - [34mangr.project[0m - [34mAddress is already hooked, during hook(0x0, <SimProcedure rand>). Not re-hooking.[0m[0m
[1;33;40mWARNING - 2023-05-29 07:17:24,393 - [34mangr.project[0m - [34mAddress is already hooked, during hook(0x0, <SimProcedure htonl>). Not re-hooking.[0m[0m
[1;33;40mWARNING - 2023-05-29 07:17:24,393 - [34mangr.project[0m - [34mAddress is already hooked, during hook(0x0, <SimProcedure toupper>). Not re-hooking.[0m[0m
[1;33;40mWARNING - 2023-05-29 07:17:24,393 - [34mangr.project[0m - [34mAddress is already hooked, during hook(0x0, <SimProcedure socket>). Not re-hooking.[0m[0m
[1;33;40mWARNING - 2023-05-29 07:17:24,394 - [34mangr.project[0m - [34mAddress is already hooked, during hook(0x0, <SimProcedure close>). Not re-hooking.[0m[0m
[1;33;40mWARNING - 2023-05-29 07:17:24,394 - [34mangr.project[0m - [34mAddress is already hooked, during hook(0x0, <SimProcedure __ctype_b_loc>). Not re-hooking.[0m[0m
[1;33;40mWARNING - 2023-05-29 07:17:24,394 - [34mangr.project[0m - [34mAddress is already hooked, during hook(0x9049050, <SimProcedure printf>). Not re-hooking.[0m[0m
[1;33;40mWARNING - 2023-05-29 07:17:24,395 - [34mangr.project[0m - [34mAddress is already hooked, during hook(0xa100000, <SimProcedure strcmp>). Not re-hooking.[0m[0m
[1;33;40mWARNING - 2023-05-29 07:17:24,395 - [34mangr.project[0m - [34mAddress is already hooked, during hook(0xa100004, <SimProcedure printf>). Not re-hooking.[0m[0m
[1;33;40mWARNING - 2023-05-29 07:17:24,395 - [34mangr.project[0m - [34mAddress is already hooked, during hook(0xa100008, <SimProcedure fclose>). Not re-hooking.[0m[0m
[1;33;40mWARNING - 2023-05-29 07:17:24,395 - [34mangr.project[0m - [34mAddress is already hooked, during hook(0xa10000c, <SimProcedure time>). Not re-hooking.[0m[0m
[1;33;40mWARNING - 2023-05-29 07:17:24,396 - [34mangr.project[0m - [34mAddress is already hooked, during hook(0xa100014, <SimProcedure fwrite>). Not re-hooking.[0m[0m
[1;33;40mWARNING - 2023-05-29 07:17:24,396 - [34mangr.project[0m - [34mAddress is already hooked, during hook(0xa100018, <SimProcedure srand>). Not re-hooking.[0m[0m
[1;33;40mWARNING - 2023-05-29 07:17:24,396 - [34mangr.project[0m - [34mAddress is already hooked, during hook(0xa10001c, <SimProcedure strlen>). Not re-hooking.[0m[0m
[1;33;40mWARNING - 2023-05-29 07:17:24,396 - [34mangr.project[0m - [34mAddress is already hooked, during hook(0xa100020, <SimProcedure __libc_start_main>). Not re-hooking.[0m[0m
[1;33;40mWARNING - 2023-05-29 07:17:24,396 - [34mangr.project[0m - [34mAddress is already hooked, during hook(0xa100024, <SimProcedure fopen>). Not re-hooking.[0m[0m
[1;33;40mWARNING - 2023-05-29 07:17:24,397 - [34mangr.project[0m - [34mAddress is already hooked, during hook(0xa100028, <SimProcedure memset>). Not re-hooking.[0m[0m
[1;33;40mWARNING - 2023-05-29 07:17:24,397 - [34mangr.project[0m - [34mAddress is already hooked, during hook(0xa10002c, <SimProcedure putchar>). Not re-hooking.[0m[0m
[1;33;40mWARNING - 2023-05-29 07:17:24,397 - [34mangr.project[0m - [34mAddress is already hooked, during hook(0xa100030, <SimProcedure rand>). Not re-hooking.[0m[0m
[1;33;40mWARNING - 2023-05-29 07:17:24,397 - [34mangr.project[0m - [34mAddress is already hooked, during hook(0xa100034, <SimProcedure htonl>). Not re-hooking.[0m[0m
[1;33;40mWARNING - 2023-05-29 07:17:24,397 - [34mangr.project[0m - [34mAddress is already hooked, during hook(0xa100038, <SimProcedure toupper>). Not re-hooking.[0m[0m
[1;33;40mWARNING - 2023-05-29 07:17:24,398 - [34mangr.project[0m - [34mAddress is already hooked, during hook(0xa10003c, <SimProcedure socket>). Not re-hooking.[0m[0m
[1;33;40mWARNING - 2023-05-29 07:17:24,398 - [34mangr.project[0m - [34mAddress is already hooked, during hook(0xa100044, <SimProcedure close>). Not re-hooking.[0m[0m
[1;33;40mWARNING - 2023-05-29 07:17:24,398 - [34mangr.project[0m - [34mAddress is already hooked, during hook(0xa100048, <SimProcedure __ctype_b_loc>). Not re-hooking.[0m[0m
[1;32;40mINFO - 2023-05-29 07:17:24,399 - [36mCustomSimProcedure[0m - [36mcustom_hook_no_symbols[0m[0m
[1;33;40mWARNING - 2023-05-29 07:17:24,517 - [32mangr.storage.memory_mixins.default_filler_mixin[0m - [32mFilling memory at 0xc002032c with 4 unconstrained bytes referenced from 0xa100020 (__libc_start_main+0x0 in extern-address space (0x20))[0m[0m
[1;32;40mINFO - 2023-05-29 07:17:24,618 - [36mCustomSimProcedure[0m - [36mSyscall found:  malloc[<BV32 0x300>][0m[0m
[1;33;40mWARNING - 2023-05-29 07:17:24,659 - [32mangr.storage.memory_mixins.default_filler_mixin[0m - [32mFilling memory at 0xc002033c with 4 unconstrained bytes referenced from 0xa100020 (__libc_start_main+0x0 in extern-address space (0x20))[0m[0m
[1;32;40mINFO - 2023-05-29 07:17:24,716 - [36mCustomSimProcedure[0m - [36mSyscall found:  malloc[<BV32 0x4>][0m[0m
[1;33;40mWARNING - 2023-05-29 07:17:24,773 - [32mangr.storage.memory_mixins.default_filler_mixin[0m - [32mFilling memory at 0xc0020944 with 4 unconstrained bytes referenced from 0xa100020 (__libc_start_main+0x0 in extern-address space (0x20))[0m[0m
[1;32;40mINFO - 2023-05-29 07:17:24,832 - [36mCustomSimProcedure[0m - [36mSyscall found:  malloc[<BV32 0x600>][0m[0m
[1;33;40mWARNING - 2023-05-29 07:17:24,869 - [32mangr.storage.memory_mixins.default_filler_mixin[0m - [32mFilling memory at 0xc0020954 with 4 unconstrained bytes referenced from 0xa100020 (__libc_start_main+0x0 in extern-address space (0x20))[0m[0m
[1;32;40mINFO - 2023-05-29 07:17:24,925 - [36mCustomSimProcedure[0m - [36mSyscall found:  malloc[<BV32 0x4>][0m[0m
[1;33;40mWARNING - 2023-05-29 07:17:24,980 - [32mangr.storage.memory_mixins.default_filler_mixin[0m - [32mFilling memory at 0xc0020f5c with 4 unconstrained bytes referenced from 0xa100020 (__libc_start_main+0x0 in extern-address space (0x20))[0m[0m
[1;32;40mINFO - 2023-05-29 07:17:25,053 - [36mCustomSimProcedure[0m - [36mSyscall found:  malloc[<BV32 0x600>][0m[0m
[1;33;40mWARNING - 2023-05-29 07:17:25,106 - [32mangr.storage.memory_mixins.default_filler_mixin[0m - [32mFilling memory at 0xc0020f6c with 4 unconstrained bytes referenced from 0xa100020 (__libc_start_main+0x0 in extern-address space (0x20))[0m[0m
[1;32;40mINFO - 2023-05-29 07:17:25,191 - [36mCustomSimProcedure[0m - [36mSyscall found:  malloc[<BV32 0x4>][0m[0m
[1;33;40mWARNING - 2023-05-29 07:17:25,268 - [32mangr.storage.memory_mixins.default_filler_mixin[0m - [32mFilling memory at 0xc0020f7c with 4 unconstrained bytes referenced from 0xa100020 (__libc_start_main+0x0 in extern-address space (0x20))[0m[0m
[1;32;40mINFO - 2023-05-29 07:17:25,360 - [36mCustomSimProcedure[0m - [36mSyscall found:  malloc[<BV32 0x4>][0m[0m
[1;32;40mINFO - 2023-05-29 07:17:25,375 - [36mCustomSimProcedure[0m - [36mSyscall found:  __libc_start_main[<BV32 0x9049270>, <BV32 0x1>, <BV32 0x7ffeffb0>, <BV32 0x904ad20>, <BV32 0x904ad90>][0m[0m
[1;33;40mWARNING - 2023-05-29 07:17:25,404 - [32mangr.storage.memory_mixins.default_filler_mixin[0m - [32mFilling register edi with 4 unconstrained bytes referenced from 0x904ad30 (__libc_csu_init+0x10 in mutations9_exec (0x904ad30))[0m[0m
[1;32;40mINFO - 2023-05-29 07:17:25,552 - [36mCustomSimProcedure[0m - [36mSyscall found:  __libc_start_main[151294576, 1, 2147418032, 151301408, 151301520][0m[0m
[1;32;40mINFO - 2023-05-29 07:17:25,604 - [36mCustomSimProcedure[0m - [36mSyscall found:  rand[][0m[0m
[1;32;40mINFO - 2023-05-29 07:17:25,622 - [36mCustomSimProcedure[0m - [36mSyscall found:  rand[][0m[0m
[1;32;40mINFO - 2023-05-29 07:17:25,667 - [36mCustomSimProcedure[0m - [36mSyscall found:  rand[][0m[0m
[1;32;40mINFO - 2023-05-29 07:17:25,688 - [36mCustomSimProcedure[0m - [36mSyscall found:  rand[][0m[0m
[1;32;40mINFO - 2023-05-29 07:17:25,715 - [36mCustomSimProcedure[0m - [36mSyscall found:  rand[][0m[0m
[1;32;40mINFO - 2023-05-29 07:17:25,739 - [36mCustomSimProcedure[0m - [36mSyscall found:  rand[][0m[0m
[1;32;40mINFO - 2023-05-29 07:17:25,762 - [36mCustomSimProcedure[0m - [36mSyscall found:  rand[][0m[0m
[1;32;40mINFO - 2023-05-29 07:17:25,785 - [36mCustomSimProcedure[0m - [36mSyscall found:  rand[][0m[0m
[1;32;40mINFO - 2023-05-29 07:17:25,851 - [32mSemaExplorerCDFS[0m - [32mA new block of execution have been executed with changes in sim_manager.[0m[0m
[1;32;40mINFO - 2023-05-29 07:17:25,851 - [32mSemaExplorerCDFS[0m - [32mCurrently, simulation manager is :
<SimulationManager with 2 active>[0m[0m
[1;32;40mINFO - 2023-05-29 07:17:25,852 - [32mSemaExplorerCDFS[0m - [32mpause stash len :0[0m[0m
[1;32;40mINFO - 2023-05-29 07:17:25,852 - [32mSemaExplorerCDFS[0m - [32mfork_stack : 1[0m[0m
[1;32;40mINFO - 2023-05-29 07:17:25,880 - [36mCustomSimProcedure[0m - [36mSyscall found:  ptrace[][0m[0m
[1;32;40mINFO - 2023-05-29 07:17:25,883 - [36mCustomSimProcedure[0m - [36mSyscall found:  __libc_start_main[151294576, 1, 2147418032, 151301408, 151301520][0m[0m
[1;32;40mINFO - 2023-05-29 07:17:25,932 - [32mSemaExplorerCDFS[0m - [32mA new block of execution have been executed with changes in sim_manager.[0m[0m
[1;32;40mINFO - 2023-05-29 07:17:25,932 - [32mSemaExplorerCDFS[0m - [32mCurrently, simulation manager is :
<SimulationManager with 2 active, 1 deadended>[0m[0m
[1;32;40mINFO - 2023-05-29 07:17:25,932 - [32mSemaExplorerCDFS[0m - [32mpause stash len :0[0m[0m
[1;32;40mINFO - 2023-05-29 07:17:25,932 - [32mSemaExplorerCDFS[0m - [32mfork_stack : 1[0m[0m
[1;32;40mINFO - 2023-05-29 07:17:26,005 - [32mSemaExplorerCDFS[0m - [32mA new block of execution have been executed with changes in sim_manager.[0m[0m
[1;32;40mINFO - 2023-05-29 07:17:26,005 - [32mSemaExplorerCDFS[0m - [32mCurrently, simulation manager is :
<SimulationManager with 3 active, 1 deadended>[0m[0m
[1;32;40mINFO - 2023-05-29 07:17:26,005 - [32mSemaExplorerCDFS[0m - [32mpause stash len :0[0m[0m
[1;32;40mINFO - 2023-05-29 07:17:26,005 - [32mSemaExplorerCDFS[0m - [32mfork_stack : 1[0m[0m
[1;32;40mINFO - 2023-05-29 07:17:26,056 - [36mCustomSimProcedure[0m - [36mSyscall found:  __libc_start_main[151294576, 1, 2147418032, 151301408, 151301520][0m[0m
[1;32;40mINFO - 2023-05-29 07:17:26,059 - [36mCustomSimProcedure[0m - [36mSyscall found:  __libc_start_main[151294576, 1, 2147418032, 151301408, 151301520][0m[0m
[1;33;40mWARNING - 2023-05-29 07:17:26,064 - [32mangr.storage.memory_mixins.default_filler_mixin[0m - [32mFilling memory at 0x3 with 1 unconstrained bytes referenced from 0xa100000 (strcmp+0x0 in extern-address space (0x0))[0m[0m
[1;33;40mWARNING - 2023-05-29 07:17:26,065 - [32mangr.storage.memory_mixins.default_filler_mixin[0m - [32mFilling memory at 0x4 with 1 unconstrained bytes referenced from 0xa100000 (strcmp+0x0 in extern-address space (0x0))[0m[0m
[1;33;40mWARNING - 2023-05-29 07:17:26,065 - [32mangr.storage.memory_mixins.default_filler_mixin[0m - [32mFilling memory at 0x5 with 1 unconstrained bytes referenced from 0xa100000 (strcmp+0x0 in extern-address space (0x0))[0m[0m
[1;33;40mWARNING - 2023-05-29 07:17:26,066 - [32mangr.storage.memory_mixins.default_filler_mixin[0m - [32mFilling memory at 0x6 with 1 unconstrained bytes referenced from 0xa100000 (strcmp+0x0 in extern-address space (0x0))[0m[0m
[1;33;40mWARNING - 2023-05-29 07:17:26,067 - [32mangr.storage.memory_mixins.default_filler_mixin[0m - [32mFilling memory at 0x7 with 1 unconstrained bytes referenced from 0xa100000 (strcmp+0x0 in extern-address space (0x0))[0m[0m
[1;33;40mWARNING - 2023-05-29 07:17:26,068 - [32mangr.storage.memory_mixins.default_filler_mixin[0m - [32mFilling memory at 0x8 with 1 unconstrained bytes referenced from 0xa100000 (strcmp+0x0 in extern-address space (0x0))[0m[0m
[1;33;40mWARNING - 2023-05-29 07:17:26,069 - [32mangr.storage.memory_mixins.default_filler_mixin[0m - [32mFilling memory at 0x9 with 1 unconstrained bytes referenced from 0xa100000 (strcmp+0x0 in extern-address space (0x0))[0m[0m
[1;33;40mWARNING - 2023-05-29 07:17:26,070 - [32mangr.storage.memory_mixins.default_filler_mixin[0m - [32mFilling memory at 0xa with 1 unconstrained bytes referenced from 0xa100000 (strcmp+0x0 in extern-address space (0x0))[0m[0m
[1;33;40mWARNING - 2023-05-29 07:17:26,071 - [32mangr.storage.memory_mixins.default_filler_mixin[0m - [32mFilling memory at 0xb with 1 unconstrained bytes referenced from 0xa100000 (strcmp+0x0 in extern-address space (0x0))[0m[0m
[1;33;40mWARNING - 2023-05-29 07:17:26,072 - [32mangr.storage.memory_mixins.default_filler_mixin[0m - [32mFilling memory at 0xc with 1 unconstrained bytes referenced from 0xa100000 (strcmp+0x0 in extern-address space (0x0))[0m[0m
[1;33;40mWARNING - 2023-05-29 07:17:26,073 - [32mangr.storage.memory_mixins.default_filler_mixin[0m - [32mFilling memory at 0xd with 1 unconstrained bytes referenced from 0xa100000 (strcmp+0x0 in extern-address space (0x0))[0m[0m
[1;33;40mWARNING - 2023-05-29 07:17:26,074 - [32mangr.storage.memory_mixins.default_filler_mixin[0m - [32mFilling memory at 0xe with 1 unconstrained bytes referenced from 0xa100000 (strcmp+0x0 in extern-address space (0x0))[0m[0m
[1;33;40mWARNING - 2023-05-29 07:17:26,075 - [32mangr.storage.memory_mixins.default_filler_mixin[0m - [32mFilling memory at 0xf with 1 unconstrained bytes referenced from 0xa100000 (strcmp+0x0 in extern-address space (0x0))[0m[0m
[1;33;40mWARNING - 2023-05-29 07:17:26,076 - [32mangr.storage.memory_mixins.default_filler_mixin[0m - [32mFilling memory at 0x10 with 1 unconstrained bytes referenced from 0xa100000 (strcmp+0x0 in extern-address space (0x0))[0m[0m
[1;33;40mWARNING - 2023-05-29 07:17:26,077 - [32mangr.storage.memory_mixins.default_filler_mixin[0m - [32mFilling memory at 0x11 with 1 unconstrained bytes referenced from 0xa100000 (strcmp+0x0 in extern-address space (0x0))[0m[0m
[1;33;40mWARNING - 2023-05-29 07:17:26,078 - [32mangr.storage.memory_mixins.default_filler_mixin[0m - [32mFilling memory at 0x12 with 1 unconstrained bytes referenced from 0xa100000 (strcmp+0x0 in extern-address space (0x0))[0m[0m
[1;33;40mWARNING - 2023-05-29 07:17:26,080 - [32mangr.storage.memory_mixins.default_filler_mixin[0m - [32mFilling memory at 0x13 with 1 unconstrained bytes referenced from 0xa100000 (strcmp+0x0 in extern-address space (0x0))[0m[0m
[1;33;40mWARNING - 2023-05-29 07:17:26,082 - [32mangr.storage.memory_mixins.default_filler_mixin[0m - [32mFilling memory at 0x14 with 1 unconstrained bytes referenced from 0xa100000 (strcmp+0x0 in extern-address space (0x0))[0m[0m
[1;33;40mWARNING - 2023-05-29 07:17:26,083 - [32mangr.storage.memory_mixins.default_filler_mixin[0m - [32mFilling memory at 0x15 with 1 unconstrained bytes referenced from 0xa100000 (strcmp+0x0 in extern-address space (0x0))[0m[0m
[1;33;40mWARNING - 2023-05-29 07:17:26,084 - [32mangr.storage.memory_mixins.default_filler_mixin[0m - [32mFilling memory at 0x16 with 1 unconstrained bytes referenced from 0xa100000 (strcmp+0x0 in extern-address space (0x0))[0m[0m
[1;33;40mWARNING - 2023-05-29 07:17:26,085 - [32mangr.storage.memory_mixins.default_filler_mixin[0m - [32mFilling memory at 0x17 with 1 unconstrained bytes referenced from 0xa100000 (strcmp+0x0 in extern-address space (0x0))[0m[0m
[1;33;40mWARNING - 2023-05-29 07:17:26,086 - [32mangr.storage.memory_mixins.default_filler_mixin[0m - [32mFilling memory at 0x18 with 1 unconstrained bytes referenced from 0xa100000 (strcmp+0x0 in extern-address space (0x0))[0m[0m
[1;33;40mWARNING - 2023-05-29 07:17:26,086 - [32mangr.storage.memory_mixins.default_filler_mixin[0m - [32mFilling memory at 0x19 with 1 unconstrained bytes referenced from 0xa100000 (strcmp+0x0 in extern-address space (0x0))[0m[0m
[1;33;40mWARNING - 2023-05-29 07:17:26,087 - [32mangr.storage.memory_mixins.default_filler_mixin[0m - [32mFilling memory at 0x1a with 1 unconstrained bytes referenced from 0xa100000 (strcmp+0x0 in extern-address space (0x0))[0m[0m
[1;33;40mWARNING - 2023-05-29 07:17:26,088 - [32mangr.storage.memory_mixins.default_filler_mixin[0m - [32mFilling memory at 0x1b with 1 unconstrained bytes referenced from 0xa100000 (strcmp+0x0 in extern-address space (0x0))[0m[0m
[1;33;40mWARNING - 2023-05-29 07:17:26,089 - [32mangr.storage.memory_mixins.default_filler_mixin[0m - [32mFilling memory at 0x1c with 1 unconstrained bytes referenced from 0xa100000 (strcmp+0x0 in extern-address space (0x0))[0m[0m
[1;33;40mWARNING - 2023-05-29 07:17:26,090 - [32mangr.storage.memory_mixins.default_filler_mixin[0m - [32mFilling memory at 0x1d with 1 unconstrained bytes referenced from 0xa100000 (strcmp+0x0 in extern-address space (0x0))[0m[0m
[1;33;40mWARNING - 2023-05-29 07:17:26,091 - [32mangr.storage.memory_mixins.default_filler_mixin[0m - [32mFilling memory at 0x1e with 1 unconstrained bytes referenced from 0xa100000 (strcmp+0x0 in extern-address space (0x0))[0m[0m
[1;33;40mWARNING - 2023-05-29 07:17:26,092 - [32mangr.storage.memory_mixins.default_filler_mixin[0m - [32mFilling memory at 0x1f with 1 unconstrained bytes referenced from 0xa100000 (strcmp+0x0 in extern-address space (0x0))[0m[0m
[1;33;40mWARNING - 2023-05-29 07:17:26,093 - [32mangr.storage.memory_mixins.default_filler_mixin[0m - [32mFilling memory at 0x20 with 1 unconstrained bytes referenced from 0xa100000 (strcmp+0x0 in extern-address space (0x0))[0m[0m
[1;33;40mWARNING - 2023-05-29 07:17:26,094 - [32mangr.storage.memory_mixins.default_filler_mixin[0m - [32mFilling memory at 0x21 with 1 unconstrained bytes referenced from 0xa100000 (strcmp+0x0 in extern-address space (0x0))[0m[0m
[1;33;40mWARNING - 2023-05-29 07:17:26,095 - [32mangr.storage.memory_mixins.default_filler_mixin[0m - [32mFilling memory at 0x22 with 1 unconstrained bytes referenced from 0xa100000 (strcmp+0x0 in extern-address space (0x0))[0m[0m
[1;33;40mWARNING - 2023-05-29 07:17:26,096 - [32mangr.storage.memory_mixins.default_filler_mixin[0m - [32mFilling memory at 0x23 with 1 unconstrained bytes referenced from 0xa100000 (strcmp+0x0 in extern-address space (0x0))[0m[0m
[1;33;40mWARNING - 2023-05-29 07:17:26,097 - [32mangr.storage.memory_mixins.default_filler_mixin[0m - [32mFilling memory at 0x24 with 1 unconstrained bytes referenced from 0xa100000 (strcmp+0x0 in extern-address space (0x0))[0m[0m
[1;33;40mWARNING - 2023-05-29 07:17:26,098 - [32mangr.storage.memory_mixins.default_filler_mixin[0m - [32mFilling memory at 0x25 with 1 unconstrained bytes referenced from 0xa100000 (strcmp+0x0 in extern-address space (0x0))[0m[0m
[1;33;40mWARNING - 2023-05-29 07:17:26,099 - [32mangr.storage.memory_mixins.default_filler_mixin[0m - [32mFilling memory at 0x26 with 1 unconstrained bytes referenced from 0xa100000 (strcmp+0x0 in extern-address space (0x0))[0m[0m
[1;33;40mWARNING - 2023-05-29 07:17:26,101 - [32mangr.storage.memory_mixins.default_filler_mixin[0m - [32mFilling memory at 0x27 with 1 unconstrained bytes referenced from 0xa100000 (strcmp+0x0 in extern-address space (0x0))[0m[0m
[1;33;40mWARNING - 2023-05-29 07:17:26,102 - [32mangr.storage.memory_mixins.default_filler_mixin[0m - [32mFilling memory at 0x28 with 1 unconstrained bytes referenced from 0xa100000 (strcmp+0x0 in extern-address space (0x0))[0m[0m
[1;33;40mWARNING - 2023-05-29 07:17:26,103 - [32mangr.storage.memory_mixins.default_filler_mixin[0m - [32mFilling memory at 0x29 with 1 unconstrained bytes referenced from 0xa100000 (strcmp+0x0 in extern-address space (0x0))[0m[0m
[1;33;40mWARNING - 2023-05-29 07:17:26,104 - [32mangr.storage.memory_mixins.default_filler_mixin[0m - [32mFilling memory at 0x2a with 1 unconstrained bytes referenced from 0xa100000 (strcmp+0x0 in extern-address space (0x0))[0m[0m
[1;33;40mWARNING - 2023-05-29 07:17:26,105 - [32mangr.storage.memory_mixins.default_filler_mixin[0m - [32mFilling memory at 0x2b with 1 unconstrained bytes referenced from 0xa100000 (strcmp+0x0 in extern-address space (0x0))[0m[0m
[1;33;40mWARNING - 2023-05-29 07:17:26,106 - [32mangr.storage.memory_mixins.default_filler_mixin[0m - [32mFilling memory at 0x2c with 1 unconstrained bytes referenced from 0xa100000 (strcmp+0x0 in extern-address space (0x0))[0m[0m
[1;33;40mWARNING - 2023-05-29 07:17:26,107 - [32mangr.storage.memory_mixins.default_filler_mixin[0m - [32mFilling memory at 0x2d with 1 unconstrained bytes referenced from 0xa100000 (strcmp+0x0 in extern-address space (0x0))[0m[0m
[1;33;40mWARNING - 2023-05-29 07:17:26,108 - [32mangr.storage.memory_mixins.default_filler_mixin[0m - [32mFilling memory at 0x2e with 1 unconstrained bytes referenced from 0xa100000 (strcmp+0x0 in extern-address space (0x0))[0m[0m
[1;33;40mWARNING - 2023-05-29 07:17:26,109 - [32mangr.storage.memory_mixins.default_filler_mixin[0m - [32mFilling memory at 0x2f with 1 unconstrained bytes referenced from 0xa100000 (strcmp+0x0 in extern-address space (0x0))[0m[0m
[1;33;40mWARNING - 2023-05-29 07:17:26,112 - [32mangr.storage.memory_mixins.default_filler_mixin[0m - [32mFilling memory at 0x34 with 1 unconstrained bytes referenced from 0xa100000 (strcmp+0x0 in extern-address space (0x0))[0m[0m
[1;33;40mWARNING - 2023-05-29 07:17:26,113 - [32mangr.storage.memory_mixins.default_filler_mixin[0m - [32mFilling memory at 0x35 with 1 unconstrained bytes referenced from 0xa100000 (strcmp+0x0 in extern-address space (0x0))[0m[0m
[1;33;40mWARNING - 2023-05-29 07:17:26,115 - [32mangr.storage.memory_mixins.default_filler_mixin[0m - [32mFilling memory at 0x36 with 1 unconstrained bytes referenced from 0xa100000 (strcmp+0x0 in extern-address space (0x0))[0m[0m
[1;33;40mWARNING - 2023-05-29 07:17:26,115 - [32mangr.storage.memory_mixins.default_filler_mixin[0m - [32mFilling memory at 0x37 with 1 unconstrained bytes referenced from 0xa100000 (strcmp+0x0 in extern-address space (0x0))[0m[0m
[1;33;40mWARNING - 2023-05-29 07:17:26,117 - [32mangr.storage.memory_mixins.default_filler_mixin[0m - [32mFilling memory at 0x38 with 1 unconstrained bytes referenced from 0xa100000 (strcmp+0x0 in extern-address space (0x0))[0m[0m
[1;33;40mWARNING - 2023-05-29 07:17:26,119 - [32mangr.storage.memory_mixins.default_filler_mixin[0m - [32mFilling memory at 0x39 with 1 unconstrained bytes referenced from 0xa100000 (strcmp+0x0 in extern-address space (0x0))[0m[0m
[1;33;40mWARNING - 2023-05-29 07:17:26,120 - [32mangr.storage.memory_mixins.default_filler_mixin[0m - [32mFilling memory at 0x3a with 1 unconstrained bytes referenced from 0xa100000 (strcmp+0x0 in extern-address space (0x0))[0m[0m
[1;33;40mWARNING - 2023-05-29 07:17:26,121 - [32mangr.storage.memory_mixins.default_filler_mixin[0m - [32mFilling memory at 0x3b with 1 unconstrained bytes referenced from 0xa100000 (strcmp+0x0 in extern-address space (0x0))[0m[0m
[1;33;40mWARNING - 2023-05-29 07:17:26,121 - [32mangr.storage.memory_mixins.default_filler_mixin[0m - [32mFilling memory at 0x3c with 1 unconstrained bytes referenced from 0xa100000 (strcmp+0x0 in extern-address space (0x0))[0m[0m
[1;33;40mWARNING - 2023-05-29 07:17:26,122 - [32mangr.storage.memory_mixins.default_filler_mixin[0m - [32mFilling memory at 0x3d with 1 unconstrained bytes referenced from 0xa100000 (strcmp+0x0 in extern-address space (0x0))[0m[0m
[1;32;40mINFO - 2023-05-29 07:17:26,140 - [36mCustomSimProcedure[0m - [36mSyscall found:  strlen[<BV32 0x0>][0m[0m
[1;32;40mINFO - 2023-05-29 07:17:26,142 - [36mCustomSimProcedure[0m - [36mSyscall found:  strlen[<BV32 0x7ffeff20>][0m[0m
[1;32;40mINFO - 2023-05-29 07:17:26,146 - [36mCustomSimProcedure[0m - [36mSyscall found:  strncmp[<BV32 0x0>, <BV32 0x7ffeff20>, <BV32 0x3b>][0m[0m
[1;32;40mINFO - 2023-05-29 07:17:26,147 - [36mCustomSimProcedure[0m - [36mSyscall found:  strcmp[<BV32 0x0>, <BV32 0x7ffeff20>][0m[0m
[1;32;40mINFO - 2023-05-29 07:17:26,245 - [32mSemaExplorerCDFS[0m - [32mA new block of execution have been executed with changes in sim_manager.[0m[0m
[1;32;40mINFO - 2023-05-29 07:17:26,246 - [32mSemaExplorerCDFS[0m - [32mCurrently, simulation manager is :
<SimulationManager with 2 active, 2 deadended>[0m[0m
[1;32;40mINFO - 2023-05-29 07:17:26,246 - [32mSemaExplorerCDFS[0m - [32mpause stash len :0[0m[0m
[1;32;40mINFO - 2023-05-29 07:17:26,267 - [32mSemaExplorerCDFS[0m - [32mA new block of execution have been executed with changes in sim_manager.[0m[0m
[1;32;40mINFO - 2023-05-29 07:17:26,268 - [32mSemaExplorerCDFS[0m - [32mCurrently, simulation manager is :
<SimulationManager with 1 active, 3 deadended>[0m[0m
[1;32;40mINFO - 2023-05-29 07:17:26,268 - [32mSemaExplorerCDFS[0m - [32mpause stash len :0[0m[0m
[1;32;40mINFO - 2023-05-29 07:17:26,293 - [36mCustomSimProcedure[0m - [36mSyscall found:  alarm[<BV32 0xa07d774>][0m[0m
[1;32;40mINFO - 2023-05-29 07:17:26,364 - [36mCustomSimProcedure[0m - [36mSyscall found:  strlen[<BV32 0x0>][0m[0m
[1;32;40mINFO - 2023-05-29 07:17:26,365 - [36mCustomSimProcedure[0m - [36mSyscall found:  strlen[<BV32 0x7ffeff10>][0m[0m
[1;32;40mINFO - 2023-05-29 07:17:26,368 - [36mCustomSimProcedure[0m - [36mSyscall found:  strncmp[<BV32 0x0>, <BV32 0x7ffeff10>, <BV32 0x3b>][0m[0m
[1;32;40mINFO - 2023-05-29 07:17:26,368 - [36mCustomSimProcedure[0m - [36mSyscall found:  strcmp[<BV32 0x0>, <BV32 0x7ffeff10>][0m[0m
[1;32;40mINFO - 2023-05-29 07:17:26,547 - [36mCustomSimProcedure[0m - [36mSyscall found:  strlen[<BV32 0x0>][0m[0m
[1;32;40mINFO - 2023-05-29 07:17:26,550 - [36mCustomSimProcedure[0m - [36mSyscall found:  strlen[<BV32 0x7ffeff00>][0m[0m
[1;32;40mINFO - 2023-05-29 07:17:26,554 - [36mCustomSimProcedure[0m - [36mSyscall found:  strncmp[<BV32 0x0>, <BV32 0x7ffeff00>, <BV32 0x3b>][0m[0m
[1;32;40mINFO - 2023-05-29 07:17:26,554 - [36mCustomSimProcedure[0m - [36mSyscall found:  strcmp[<BV32 0x0>, <BV32 0x7ffeff00>][0m[0m
[1;32;40mINFO - 2023-05-29 07:17:26,727 - [36mCustomSimProcedure[0m - [36mSyscall found:  __libc_start_main[151294576, 1, 2147418032, 151301408, 151301520][0m[0m
[1;32;40mINFO - 2023-05-29 07:17:26,728 - [32mSemaExplorerCDFS[0m - [32mA new block of execution have been executed with changes in sim_manager.[0m[0m
[1;32;40mINFO - 2023-05-29 07:17:26,729 - [32mSemaExplorerCDFS[0m - [32mCurrently, simulation manager is :
<SimulationManager with 4 deadended>[0m[0m
[1;32;40mINFO - 2023-05-29 07:17:26,729 - [32mSemaExplorerCDFS[0m - [32mpause stash len :0[0m[0m
[1;32;40mINFO - 2023-05-29 07:17:26,729 - [32mSemaExplorerCDFS[0m - [32mlen(simgr.active) <= 0 or deadended >= self.max_end_state)[0m[0m
[1;32;40mINFO - 2023-05-29 07:17:26,743 - [37mGraphBuilder[0m - [37mOutput dir :src/output/runs/132//random_mutations[0m[0m
