[1;33;40mWARNING - 2023-05-29 07:02:29,632 - [34mangr.project[0m - [34mDisabling IRSB translation cache because support for self-modifying code is enabled.[0m[0m
[1;33;40mWARNING - 2023-05-29 07:02:29,799 - [32mangr.storage.memory_mixins.default_filler_mixin[0m - [32mFilling memory at 0xc000800c with 4 unconstrained bytes referenced from 0x904b660 (_start+0x0 in mutations5_exec (0x904b660))[0m[0m
[1;32;40mINFO - 2023-05-29 07:02:31,160 - [33mwerkzeug[0m - [33m172.17.0.1 - - [29/May/2023 07:02:31] "GET /iteration-scdg HTTP/1.1" 200 -[0m[0m
[1;32;40mINFO - 2023-05-29 07:02:31,177 - [33mwerkzeug[0m - [33m172.17.0.1 - - [29/May/2023 07:02:31] "GET /progress-scdg HTTP/1.1" 200 -[0m[0m
[1;33;40mWARNING - 2023-05-29 07:02:33,298 - [32mangr.storage.memory_mixins.default_filler_mixin[0m - [32mFilling memory at 0xc0010014 with 4 unconstrained bytes referenced from 0x904b660 (_start+0x0 in mutations5_exec (0x904b660))[0m[0m
[1;33;40mWARNING - 2023-05-29 07:02:36,177 - [32mangr.storage.memory_mixins.default_filler_mixin[0m - [32mFilling memory at 0xc001801c with 4 unconstrained bytes referenced from 0x904b660 (_start+0x0 in mutations5_exec (0x904b660))[0m[0m
[1;33;40mWARNING - 2023-05-29 07:02:39,126 - [32mangr.storage.memory_mixins.default_filler_mixin[0m - [32mFilling memory at 0xc0020024 with 4 unconstrained bytes referenced from 0x904b660 (_start+0x0 in mutations5_exec (0x904b660))[0m[0m
[1;33;40mWARNING - 2023-05-29 07:02:42,082 - [32mangr.storage.memory_mixins.default_filler_mixin[0m - [32mFilling memory at 0x30 with 4 unconstrained bytes referenced from 0x904b660 (_start+0x0 in mutations5_exec (0x904b660))[0m[0m
[1;32;40mINFO - 2023-05-29 07:02:42,186 - [36mCustomSimProcedure[0m - [36mcustom_hook_static[0m[0m
[1;33;40mWARNING - 2023-05-29 07:02:42,187 - [34mangr.project[0m - [34mAddress is already hooked, during hook(0x0, <SimProcedure free>). Not re-hooking.[0m[0m
[1;33;40mWARNING - 2023-05-29 07:02:42,187 - [34mangr.project[0m - [34mAddress is already hooked, during hook(0x0, <SimProcedure tolower>). Not re-hooking.[0m[0m
[1;33;40mWARNING - 2023-05-29 07:02:42,187 - [34mangr.project[0m - [34mAddress is already hooked, during hook(0x0, <SimProcedure fclose>). Not re-hooking.[0m[0m
[1;33;40mWARNING - 2023-05-29 07:02:42,187 - [34mangr.project[0m - [34mAddress is already hooked, during hook(0x0, <SimProcedure time>). Not re-hooking.[0m[0m
[1;33;40mWARNING - 2023-05-29 07:02:42,187 - [34mangr.project[0m - [34mAddress is already hooked, during hook(0x0, <SimProcedure perror>). Not re-hooking.[0m[0m
[1;33;40mWARNING - 2023-05-29 07:02:42,188 - [34mangr.project[0m - [34mAddress is already hooked, during hook(0x0, <SimProcedure fwrite>). Not re-hooking.[0m[0m
[1;33;40mWARNING - 2023-05-29 07:02:42,188 - [34mangr.project[0m - [34mAddress is already hooked, during hook(0x0, <SimProcedure usleep>). Not re-hooking.[0m[0m
[1;33;40mWARNING - 2023-05-29 07:02:42,188 - [34mangr.project[0m - [34mAddress is already hooked, during hook(0x0, <SimProcedure getenv>). Not re-hooking.[0m[0m
[1;33;40mWARNING - 2023-05-29 07:02:42,188 - [34mangr.project[0m - [34mAddress is already hooked, during hook(0x0, <SimProcedure malloc>). Not re-hooking.[0m[0m
[1;33;40mWARNING - 2023-05-29 07:02:42,188 - [34mangr.project[0m - [34mAddress is already hooked, during hook(0x0, <SimProcedure puts>). Not re-hooking.[0m[0m
[1;33;40mWARNING - 2023-05-29 07:02:42,188 - [34mangr.project[0m - [34mAddress is already hooked, during hook(0x0, <SimProcedure srand>). Not re-hooking.[0m[0m
[1;33;40mWARNING - 2023-05-29 07:02:42,189 - [34mangr.project[0m - [34mAddress is already hooked, during hook(0x0, <SimProcedure strchr>). Not re-hooking.[0m[0m
[1;33;40mWARNING - 2023-05-29 07:02:42,189 - [34mangr.project[0m - [34mAddress is already hooked, during hook(0x0, <SimProcedure strlen>). Not re-hooking.[0m[0m
[1;33;40mWARNING - 2023-05-29 07:02:42,189 - [34mangr.project[0m - [34mAddress is already hooked, during hook(0x0, <SimProcedure __libc_start_main>). Not re-hooking.[0m[0m
[1;33;40mWARNING - 2023-05-29 07:02:42,189 - [34mangr.project[0m - [34mAddress is already hooked, during hook(0x0, <SimProcedure atol>). Not re-hooking.[0m[0m
[1;33;40mWARNING - 2023-05-29 07:02:42,189 - [34mangr.project[0m - [34mAddress is already hooked, during hook(0x0, <SimProcedure fopen>). Not re-hooking.[0m[0m
[1;33;40mWARNING - 2023-05-29 07:02:42,189 - [34mangr.project[0m - [34mAddress is already hooked, during hook(0x0, <SimProcedure putchar>). Not re-hooking.[0m[0m
[1;33;40mWARNING - 2023-05-29 07:02:42,190 - [34mangr.project[0m - [34mAddress is already hooked, during hook(0x0, <SimProcedure rand>). Not re-hooking.[0m[0m
[1;33;40mWARNING - 2023-05-29 07:02:42,190 - [34mangr.project[0m - [34mAddress is already hooked, during hook(0x0, <SimProcedure access>). Not re-hooking.[0m[0m
[1;33;40mWARNING - 2023-05-29 07:02:42,190 - [34mangr.project[0m - [34mAddress is already hooked, during hook(0x0, <SimProcedure htonl>). Not re-hooking.[0m[0m
[1;33;40mWARNING - 2023-05-29 07:02:42,190 - [34mangr.project[0m - [34mAddress is already hooked, during hook(0x0, <SimProcedure toupper>). Not re-hooking.[0m[0m
[1;33;40mWARNING - 2023-05-29 07:02:42,190 - [34mangr.project[0m - [34mAddress is already hooked, during hook(0x0, <SimProcedure atoi>). Not re-hooking.[0m[0m
[1;33;40mWARNING - 2023-05-29 07:02:42,191 - [34mangr.project[0m - [34mAddress is already hooked, during hook(0x0, <SimProcedure socket>). Not re-hooking.[0m[0m
[1;33;40mWARNING - 2023-05-29 07:02:42,191 - [34mangr.project[0m - [34mAddress is already hooked, during hook(0x0, <SimProcedure close>). Not re-hooking.[0m[0m
[1;33;40mWARNING - 2023-05-29 07:02:42,191 - [34mangr.project[0m - [34mAddress is already hooked, during hook(0x0, <SimProcedure strcmp>). Not re-hooking.[0m[0m
[1;33;40mWARNING - 2023-05-29 07:02:42,191 - [34mangr.project[0m - [34mAddress is already hooked, during hook(0x0, <SimProcedure free>). Not re-hooking.[0m[0m
[1;33;40mWARNING - 2023-05-29 07:02:42,191 - [34mangr.project[0m - [34mAddress is already hooked, during hook(0x0, <SimProcedure tolower>). Not re-hooking.[0m[0m
[1;33;40mWARNING - 2023-05-29 07:02:42,191 - [34mangr.project[0m - [34mAddress is already hooked, during hook(0x0, <SimProcedure fclose>). Not re-hooking.[0m[0m
[1;33;40mWARNING - 2023-05-29 07:02:42,191 - [34mangr.project[0m - [34mAddress is already hooked, during hook(0x0, <SimProcedure time>). Not re-hooking.[0m[0m
[1;33;40mWARNING - 2023-05-29 07:02:42,192 - [34mangr.project[0m - [34mAddress is already hooked, during hook(0x0, <SimProcedure perror>). Not re-hooking.[0m[0m
[1;33;40mWARNING - 2023-05-29 07:02:42,192 - [34mangr.project[0m - [34mAddress is already hooked, during hook(0x0, <SimProcedure fwrite>). Not re-hooking.[0m[0m
[1;33;40mWARNING - 2023-05-29 07:02:42,192 - [34mangr.project[0m - [34mAddress is already hooked, during hook(0x0, <SimProcedure usleep>). Not re-hooking.[0m[0m
[1;33;40mWARNING - 2023-05-29 07:02:42,192 - [34mangr.project[0m - [34mAddress is already hooked, during hook(0x0, <SimProcedure getenv>). Not re-hooking.[0m[0m
[1;33;40mWARNING - 2023-05-29 07:02:42,192 - [34mangr.project[0m - [34mAddress is already hooked, during hook(0x0, <SimProcedure malloc>). Not re-hooking.[0m[0m
[1;33;40mWARNING - 2023-05-29 07:02:42,192 - [34mangr.project[0m - [34mAddress is already hooked, during hook(0x0, <SimProcedure puts>). Not re-hooking.[0m[0m
[1;33;40mWARNING - 2023-05-29 07:02:42,193 - [34mangr.project[0m - [34mAddress is already hooked, during hook(0x0, <SimProcedure srand>). Not re-hooking.[0m[0m
[1;33;40mWARNING - 2023-05-29 07:02:42,193 - [34mangr.project[0m - [34mAddress is already hooked, during hook(0x0, <SimProcedure strchr>). Not re-hooking.[0m[0m
[1;33;40mWARNING - 2023-05-29 07:02:42,193 - [34mangr.project[0m - [34mAddress is already hooked, during hook(0x0, <SimProcedure strlen>). Not re-hooking.[0m[0m
[1;33;40mWARNING - 2023-05-29 07:02:42,193 - [34mangr.project[0m - [34mAddress is already hooked, during hook(0x0, <SimProcedure __libc_start_main>). Not re-hooking.[0m[0m
[1;33;40mWARNING - 2023-05-29 07:02:42,193 - [34mangr.project[0m - [34mAddress is already hooked, during hook(0x0, <SimProcedure atol>). Not re-hooking.[0m[0m
[1;33;40mWARNING - 2023-05-29 07:02:42,194 - [34mangr.project[0m - [34mAddress is already hooked, during hook(0x0, <SimProcedure fopen>). Not re-hooking.[0m[0m
[1;33;40mWARNING - 2023-05-29 07:02:42,194 - [34mangr.project[0m - [34mAddress is already hooked, during hook(0x0, <SimProcedure putchar>). Not re-hooking.[0m[0m
[1;33;40mWARNING - 2023-05-29 07:02:42,194 - [34mangr.project[0m - [34mAddress is already hooked, during hook(0x0, <SimProcedure rand>). Not re-hooking.[0m[0m
[1;33;40mWARNING - 2023-05-29 07:02:42,194 - [34mangr.project[0m - [34mAddress is already hooked, during hook(0x0, <SimProcedure access>). Not re-hooking.[0m[0m
[1;33;40mWARNING - 2023-05-29 07:02:42,194 - [34mangr.project[0m - [34mAddress is already hooked, during hook(0x0, <SimProcedure htonl>). Not re-hooking.[0m[0m
[1;33;40mWARNING - 2023-05-29 07:02:42,195 - [34mangr.project[0m - [34mAddress is already hooked, during hook(0x0, <SimProcedure toupper>). Not re-hooking.[0m[0m
[1;33;40mWARNING - 2023-05-29 07:02:42,195 - [34mangr.project[0m - [34mAddress is already hooked, during hook(0x0, <SimProcedure atoi>). Not re-hooking.[0m[0m
[1;33;40mWARNING - 2023-05-29 07:02:42,195 - [34mangr.project[0m - [34mAddress is already hooked, during hook(0x0, <SimProcedure socket>). Not re-hooking.[0m[0m
[1;33;40mWARNING - 2023-05-29 07:02:42,195 - [34mangr.project[0m - [34mAddress is already hooked, during hook(0x0, <SimProcedure close>). Not re-hooking.[0m[0m
[1;33;40mWARNING - 2023-05-29 07:02:42,196 - [34mangr.project[0m - [34mAddress is already hooked, during hook(0x9049050, <SimProcedure printf>). Not re-hooking.[0m[0m
[1;33;40mWARNING - 2023-05-29 07:02:42,196 - [34mangr.project[0m - [34mAddress is already hooked, during hook(0xa100000, <SimProcedure strcmp>). Not re-hooking.[0m[0m
[1;33;40mWARNING - 2023-05-29 07:02:42,196 - [34mangr.project[0m - [34mAddress is already hooked, during hook(0xa100004, <SimProcedure printf>). Not re-hooking.[0m[0m
[1;33;40mWARNING - 2023-05-29 07:02:42,197 - [34mangr.project[0m - [34mAddress is already hooked, during hook(0xa100008, <SimProcedure free>). Not re-hooking.[0m[0m
[1;33;40mWARNING - 2023-05-29 07:02:42,197 - [34mangr.project[0m - [34mAddress is already hooked, during hook(0xa10000c, <SimProcedure tolower>). Not re-hooking.[0m[0m
[1;33;40mWARNING - 2023-05-29 07:02:42,197 - [34mangr.project[0m - [34mAddress is already hooked, during hook(0xa100010, <SimProcedure fclose>). Not re-hooking.[0m[0m
[1;33;40mWARNING - 2023-05-29 07:02:42,197 - [34mangr.project[0m - [34mAddress is already hooked, during hook(0xa100014, <SimProcedure time>). Not re-hooking.[0m[0m
[1;33;40mWARNING - 2023-05-29 07:02:42,197 - [34mangr.project[0m - [34mAddress is already hooked, during hook(0xa10001c, <SimProcedure perror>). Not re-hooking.[0m[0m
[1;33;40mWARNING - 2023-05-29 07:02:42,198 - [34mangr.project[0m - [34mAddress is already hooked, during hook(0xa100020, <SimProcedure fwrite>). Not re-hooking.[0m[0m
[1;33;40mWARNING - 2023-05-29 07:02:42,198 - [34mangr.project[0m - [34mAddress is already hooked, during hook(0xa100024, <SimProcedure usleep>). Not re-hooking.[0m[0m
[1;33;40mWARNING - 2023-05-29 07:02:42,198 - [34mangr.project[0m - [34mAddress is already hooked, during hook(0xa100028, <SimProcedure getenv>). Not re-hooking.[0m[0m
[1;33;40mWARNING - 2023-05-29 07:02:42,198 - [34mangr.project[0m - [34mAddress is already hooked, during hook(0xa10002c, <SimProcedure malloc>). Not re-hooking.[0m[0m
[1;33;40mWARNING - 2023-05-29 07:02:42,198 - [34mangr.project[0m - [34mAddress is already hooked, during hook(0xa100030, <SimProcedure puts>). Not re-hooking.[0m[0m
[1;33;40mWARNING - 2023-05-29 07:02:42,198 - [34mangr.project[0m - [34mAddress is already hooked, during hook(0xa100034, <SimProcedure srand>). Not re-hooking.[0m[0m
[1;33;40mWARNING - 2023-05-29 07:02:42,199 - [34mangr.project[0m - [34mAddress is already hooked, during hook(0xa100038, <SimProcedure strchr>). Not re-hooking.[0m[0m
[1;33;40mWARNING - 2023-05-29 07:02:42,199 - [34mangr.project[0m - [34mAddress is already hooked, during hook(0xa10003c, <SimProcedure strlen>). Not re-hooking.[0m[0m
[1;33;40mWARNING - 2023-05-29 07:02:42,199 - [34mangr.project[0m - [34mAddress is already hooked, during hook(0xa100040, <SimProcedure __libc_start_main>). Not re-hooking.[0m[0m
[1;33;40mWARNING - 2023-05-29 07:02:42,199 - [34mangr.project[0m - [34mAddress is already hooked, during hook(0xa100044, <SimProcedure atol>). Not re-hooking.[0m[0m
[1;33;40mWARNING - 2023-05-29 07:02:42,199 - [34mangr.project[0m - [34mAddress is already hooked, during hook(0xa100048, <SimProcedure fopen>). Not re-hooking.[0m[0m
[1;33;40mWARNING - 2023-05-29 07:02:42,199 - [34mangr.project[0m - [34mAddress is already hooked, during hook(0xa10004c, <SimProcedure putchar>). Not re-hooking.[0m[0m
[1;33;40mWARNING - 2023-05-29 07:02:42,200 - [34mangr.project[0m - [34mAddress is already hooked, during hook(0xa100050, <SimProcedure rand>). Not re-hooking.[0m[0m
[1;33;40mWARNING - 2023-05-29 07:02:42,200 - [34mangr.project[0m - [34mAddress is already hooked, during hook(0xa100054, <SimProcedure access>). Not re-hooking.[0m[0m
[1;33;40mWARNING - 2023-05-29 07:02:42,200 - [34mangr.project[0m - [34mAddress is already hooked, during hook(0xa100058, <SimProcedure htonl>). Not re-hooking.[0m[0m
[1;33;40mWARNING - 2023-05-29 07:02:42,200 - [34mangr.project[0m - [34mAddress is already hooked, during hook(0xa10005c, <SimProcedure toupper>). Not re-hooking.[0m[0m
[1;33;40mWARNING - 2023-05-29 07:02:42,200 - [34mangr.project[0m - [34mAddress is already hooked, during hook(0xa100060, <SimProcedure atoi>). Not re-hooking.[0m[0m
[1;33;40mWARNING - 2023-05-29 07:02:42,200 - [34mangr.project[0m - [34mAddress is already hooked, during hook(0xa100064, <SimProcedure socket>). Not re-hooking.[0m[0m
[1;33;40mWARNING - 2023-05-29 07:02:42,201 - [34mangr.project[0m - [34mAddress is already hooked, during hook(0xa100070, <SimProcedure close>). Not re-hooking.[0m[0m
[1;32;40mINFO - 2023-05-29 07:02:42,201 - [36mCustomSimProcedure[0m - [36mcustom_hook_no_symbols[0m[0m
[1;33;40mWARNING - 2023-05-29 07:02:42,307 - [32mangr.storage.memory_mixins.default_filler_mixin[0m - [32mFilling memory at 0xc002032c with 4 unconstrained bytes referenced from 0xa100040 (__libc_start_main+0x0 in extern-address space (0x40))[0m[0m
[1;32;40mINFO - 2023-05-29 07:02:42,360 - [36mCustomSimProcedure[0m - [36mSyscall found:  malloc[<BV32 0x300>][0m[0m
[1;33;40mWARNING - 2023-05-29 07:02:42,392 - [32mangr.storage.memory_mixins.default_filler_mixin[0m - [32mFilling memory at 0xc002033c with 4 unconstrained bytes referenced from 0xa100040 (__libc_start_main+0x0 in extern-address space (0x40))[0m[0m
[1;32;40mINFO - 2023-05-29 07:02:42,445 - [36mCustomSimProcedure[0m - [36mSyscall found:  malloc[<BV32 0x4>][0m[0m
[1;33;40mWARNING - 2023-05-29 07:02:42,496 - [32mangr.storage.memory_mixins.default_filler_mixin[0m - [32mFilling memory at 0xc0020944 with 4 unconstrained bytes referenced from 0xa100040 (__libc_start_main+0x0 in extern-address space (0x40))[0m[0m
[1;32;40mINFO - 2023-05-29 07:02:42,546 - [36mCustomSimProcedure[0m - [36mSyscall found:  malloc[<BV32 0x600>][0m[0m
[1;33;40mWARNING - 2023-05-29 07:02:42,578 - [32mangr.storage.memory_mixins.default_filler_mixin[0m - [32mFilling memory at 0xc0020954 with 4 unconstrained bytes referenced from 0xa100040 (__libc_start_main+0x0 in extern-address space (0x40))[0m[0m
[1;32;40mINFO - 2023-05-29 07:02:42,629 - [36mCustomSimProcedure[0m - [36mSyscall found:  malloc[<BV32 0x4>][0m[0m
[1;33;40mWARNING - 2023-05-29 07:02:42,679 - [32mangr.storage.memory_mixins.default_filler_mixin[0m - [32mFilling memory at 0xc0020f5c with 4 unconstrained bytes referenced from 0xa100040 (__libc_start_main+0x0 in extern-address space (0x40))[0m[0m
[1;32;40mINFO - 2023-05-29 07:02:42,728 - [36mCustomSimProcedure[0m - [36mSyscall found:  malloc[<BV32 0x600>][0m[0m
[1;33;40mWARNING - 2023-05-29 07:02:42,759 - [32mangr.storage.memory_mixins.default_filler_mixin[0m - [32mFilling memory at 0xc0020f6c with 4 unconstrained bytes referenced from 0xa100040 (__libc_start_main+0x0 in extern-address space (0x40))[0m[0m
[1;32;40mINFO - 2023-05-29 07:02:42,810 - [36mCustomSimProcedure[0m - [36mSyscall found:  malloc[<BV32 0x4>][0m[0m
[1;33;40mWARNING - 2023-05-29 07:02:42,859 - [32mangr.storage.memory_mixins.default_filler_mixin[0m - [32mFilling memory at 0xc0020f7c with 4 unconstrained bytes referenced from 0xa100040 (__libc_start_main+0x0 in extern-address space (0x40))[0m[0m
[1;32;40mINFO - 2023-05-29 07:02:42,908 - [36mCustomSimProcedure[0m - [36mSyscall found:  malloc[<BV32 0x4>][0m[0m
[1;32;40mINFO - 2023-05-29 07:02:42,916 - [36mCustomSimProcedure[0m - [36mSyscall found:  __libc_start_main[<BV32 0x9049220>, <BV32 0x1>, <BV32 0x7ffeffb0>, <BV32 0x904b780>, <BV32 0x904b7f0>][0m[0m
[1;33;40mWARNING - 2023-05-29 07:02:42,931 - [32mangr.storage.memory_mixins.default_filler_mixin[0m - [32mFilling register edi with 4 unconstrained bytes referenced from 0x904b790 (__libc_csu_init+0x10 in mutations5_exec (0x904b790))[0m[0m
[1;32;40mINFO - 2023-05-29 07:02:43,028 - [36mCustomSimProcedure[0m - [36mSyscall found:  __libc_start_main[151294496, 1, 2147418032, 151304064, 151304176][0m[0m
[1;33;40mWARNING - 2023-05-29 07:02:43,072 - [32mangr.storage.memory_mixins.default_filler_mixin[0m - [32mFilling memory at 0x7ffeff24 with 1 unconstrained bytes referenced from 0xa100028 (getenv+0x0 in extern-address space (0x28))[0m[0m
[1;32;40mINFO - 2023-05-29 07:02:43,072 - [36mCustomSimProcedure[0m - [36mSyscall found:  strlen[<BV32 0x7ffeff19>][0m[0m
[1;33;40mWARNING - 2023-05-29 07:02:43,073 - [32mangr.storage.memory_mixins.default_filler_mixin[0m - [32mFilling memory at 0x1900000000 with 2 unconstrained bytes referenced from 0xa100028 (getenv+0x0 in extern-address space (0x28))[0m[0m
[1;33;40mWARNING - 2023-05-29 07:02:43,074 - [32mangr.storage.memory_mixins.default_filler_mixin[0m - [32mFilling memory at 0x1900000002 with 1 unconstrained bytes referenced from 0xa100028 (getenv+0x0 in extern-address space (0x28))[0m[0m
[1;33;40mWARNING - 2023-05-29 07:02:43,075 - [32mangr.storage.memory_mixins.default_filler_mixin[0m - [32mFilling memory at 0x1900000003 with 1 unconstrained bytes referenced from 0xa100028 (getenv+0x0 in extern-address space (0x28))[0m[0m
[1;33;40mWARNING - 2023-05-29 07:02:43,076 - [32mangr.storage.memory_mixins.default_filler_mixin[0m - [32mFilling memory at 0x1900000004 with 1 unconstrained bytes referenced from 0xa100028 (getenv+0x0 in extern-address space (0x28))[0m[0m
[1;33;40mWARNING - 2023-05-29 07:02:43,077 - [32mangr.storage.memory_mixins.default_filler_mixin[0m - [32mFilling memory at 0x1900000005 with 1 unconstrained bytes referenced from 0xa100028 (getenv+0x0 in extern-address space (0x28))[0m[0m
[1;33;40mWARNING - 2023-05-29 07:02:43,078 - [32mangr.storage.memory_mixins.default_filler_mixin[0m - [32mFilling memory at 0x1900000006 with 1 unconstrained bytes referenced from 0xa100028 (getenv+0x0 in extern-address space (0x28))[0m[0m
[1;33;40mWARNING - 2023-05-29 07:02:43,079 - [32mangr.storage.memory_mixins.default_filler_mixin[0m - [32mFilling memory at 0x1900000007 with 1 unconstrained bytes referenced from 0xa100028 (getenv+0x0 in extern-address space (0x28))[0m[0m
[1;33;40mWARNING - 2023-05-29 07:02:43,080 - [32mangr.storage.memory_mixins.default_filler_mixin[0m - [32mFilling memory at 0x1900000008 with 1 unconstrained bytes referenced from 0xa100028 (getenv+0x0 in extern-address space (0x28))[0m[0m
[1;33;40mWARNING - 2023-05-29 07:02:43,081 - [32mangr.storage.memory_mixins.default_filler_mixin[0m - [32mFilling memory at 0x1900000009 with 1 unconstrained bytes referenced from 0xa100028 (getenv+0x0 in extern-address space (0x28))[0m[0m
[1;33;40mWARNING - 2023-05-29 07:02:43,082 - [32mangr.storage.memory_mixins.default_filler_mixin[0m - [32mFilling memory at 0x190000000a with 1 unconstrained bytes referenced from 0xa100028 (getenv+0x0 in extern-address space (0x28))[0m[0m
[1;33;40mWARNING - 2023-05-29 07:02:43,083 - [32mangr.storage.memory_mixins.default_filler_mixin[0m - [32mFilling memory at 0x190000000b with 1 unconstrained bytes referenced from 0xa100028 (getenv+0x0 in extern-address space (0x28))[0m[0m
[1;33;40mWARNING - 2023-05-29 07:02:43,084 - [32mangr.storage.memory_mixins.default_filler_mixin[0m - [32mFilling memory at 0x190000000c with 1 unconstrained bytes referenced from 0xa100028 (getenv+0x0 in extern-address space (0x28))[0m[0m
[1;33;40mWARNING - 2023-05-29 07:02:43,085 - [32mangr.storage.memory_mixins.default_filler_mixin[0m - [32mFilling memory at 0x190000000d with 1 unconstrained bytes referenced from 0xa100028 (getenv+0x0 in extern-address space (0x28))[0m[0m
[1;33;40mWARNING - 2023-05-29 07:02:43,086 - [32mangr.storage.memory_mixins.default_filler_mixin[0m - [32mFilling memory at 0x190000000e with 1 unconstrained bytes referenced from 0xa100028 (getenv+0x0 in extern-address space (0x28))[0m[0m
[1;33;40mWARNING - 2023-05-29 07:02:43,087 - [32mangr.storage.memory_mixins.default_filler_mixin[0m - [32mFilling memory at 0x190000000f with 1 unconstrained bytes referenced from 0xa100028 (getenv+0x0 in extern-address space (0x28))[0m[0m
[1;33;40mWARNING - 2023-05-29 07:02:43,088 - [32mangr.storage.memory_mixins.default_filler_mixin[0m - [32mFilling memory at 0x1900000010 with 1 unconstrained bytes referenced from 0xa100028 (getenv+0x0 in extern-address space (0x28))[0m[0m
[1;33;40mWARNING - 2023-05-29 07:02:43,090 - [32mangr.storage.memory_mixins.default_filler_mixin[0m - [32mFilling memory at 0x1900000011 with 1 unconstrained bytes referenced from 0xa100028 (getenv+0x0 in extern-address space (0x28))[0m[0m
[1;33;40mWARNING - 2023-05-29 07:02:43,091 - [32mangr.storage.memory_mixins.default_filler_mixin[0m - [32mFilling memory at 0x1900000012 with 1 unconstrained bytes referenced from 0xa100028 (getenv+0x0 in extern-address space (0x28))[0m[0m
[1;33;40mWARNING - 2023-05-29 07:02:43,092 - [32mangr.storage.memory_mixins.default_filler_mixin[0m - [32mFilling memory at 0x1900000013 with 1 unconstrained bytes referenced from 0xa100028 (getenv+0x0 in extern-address space (0x28))[0m[0m
[1;33;40mWARNING - 2023-05-29 07:02:43,093 - [32mangr.storage.memory_mixins.default_filler_mixin[0m - [32mFilling memory at 0x1900000014 with 1 unconstrained bytes referenced from 0xa100028 (getenv+0x0 in extern-address space (0x28))[0m[0m
[1;33;40mWARNING - 2023-05-29 07:02:43,094 - [32mangr.storage.memory_mixins.default_filler_mixin[0m - [32mFilling memory at 0x1900000015 with 1 unconstrained bytes referenced from 0xa100028 (getenv+0x0 in extern-address space (0x28))[0m[0m
[1;33;40mWARNING - 2023-05-29 07:02:43,095 - [32mangr.storage.memory_mixins.default_filler_mixin[0m - [32mFilling memory at 0x1900000016 with 1 unconstrained bytes referenced from 0xa100028 (getenv+0x0 in extern-address space (0x28))[0m[0m
[1;33;40mWARNING - 2023-05-29 07:02:43,096 - [32mangr.storage.memory_mixins.default_filler_mixin[0m - [32mFilling memory at 0x1900000017 with 1 unconstrained bytes referenced from 0xa100028 (getenv+0x0 in extern-address space (0x28))[0m[0m
[1;33;40mWARNING - 2023-05-29 07:02:43,097 - [32mangr.storage.memory_mixins.default_filler_mixin[0m - [32mFilling memory at 0x1900000018 with 1 unconstrained bytes referenced from 0xa100028 (getenv+0x0 in extern-address space (0x28))[0m[0m
[1;33;40mWARNING - 2023-05-29 07:02:43,098 - [32mangr.storage.memory_mixins.default_filler_mixin[0m - [32mFilling memory at 0x1900000019 with 1 unconstrained bytes referenced from 0xa100028 (getenv+0x0 in extern-address space (0x28))[0m[0m
[1;33;40mWARNING - 2023-05-29 07:02:43,100 - [32mangr.storage.memory_mixins.default_filler_mixin[0m - [32mFilling memory at 0x190000001a with 1 unconstrained bytes referenced from 0xa100028 (getenv+0x0 in extern-address space (0x28))[0m[0m
[1;33;40mWARNING - 2023-05-29 07:02:43,101 - [32mangr.storage.memory_mixins.default_filler_mixin[0m - [32mFilling memory at 0x190000001b with 1 unconstrained bytes referenced from 0xa100028 (getenv+0x0 in extern-address space (0x28))[0m[0m
[1;33;40mWARNING - 2023-05-29 07:02:43,102 - [32mangr.storage.memory_mixins.default_filler_mixin[0m - [32mFilling memory at 0x190000001c with 1 unconstrained bytes referenced from 0xa100028 (getenv+0x0 in extern-address space (0x28))[0m[0m
[1;33;40mWARNING - 2023-05-29 07:02:43,104 - [32mangr.storage.memory_mixins.default_filler_mixin[0m - [32mFilling memory at 0x190000001d with 1 unconstrained bytes referenced from 0xa100028 (getenv+0x0 in extern-address space (0x28))[0m[0m
[1;33;40mWARNING - 2023-05-29 07:02:43,105 - [32mangr.storage.memory_mixins.default_filler_mixin[0m - [32mFilling memory at 0x190000001e with 1 unconstrained bytes referenced from 0xa100028 (getenv+0x0 in extern-address space (0x28))[0m[0m
[1;33;40mWARNING - 2023-05-29 07:02:43,106 - [32mangr.storage.memory_mixins.default_filler_mixin[0m - [32mFilling memory at 0x190000001f with 1 unconstrained bytes referenced from 0xa100028 (getenv+0x0 in extern-address space (0x28))[0m[0m
[1;33;40mWARNING - 2023-05-29 07:02:43,107 - [32mangr.storage.memory_mixins.default_filler_mixin[0m - [32mFilling memory at 0x1900000020 with 1 unconstrained bytes referenced from 0xa100028 (getenv+0x0 in extern-address space (0x28))[0m[0m
[1;33;40mWARNING - 2023-05-29 07:02:43,108 - [32mangr.storage.memory_mixins.default_filler_mixin[0m - [32mFilling memory at 0x1900000021 with 1 unconstrained bytes referenced from 0xa100028 (getenv+0x0 in extern-address space (0x28))[0m[0m
[1;33;40mWARNING - 2023-05-29 07:02:43,109 - [32mangr.storage.memory_mixins.default_filler_mixin[0m - [32mFilling memory at 0x1900000022 with 1 unconstrained bytes referenced from 0xa100028 (getenv+0x0 in extern-address space (0x28))[0m[0m
[1;33;40mWARNING - 2023-05-29 07:02:43,109 - [32mangr.storage.memory_mixins.default_filler_mixin[0m - [32mFilling memory at 0x1900000023 with 1 unconstrained bytes referenced from 0xa100028 (getenv+0x0 in extern-address space (0x28))[0m[0m
[1;33;40mWARNING - 2023-05-29 07:02:43,110 - [32mangr.storage.memory_mixins.default_filler_mixin[0m - [32mFilling memory at 0x1900000024 with 1 unconstrained bytes referenced from 0xa100028 (getenv+0x0 in extern-address space (0x28))[0m[0m
[1;33;40mWARNING - 2023-05-29 07:02:43,112 - [32mangr.storage.memory_mixins.default_filler_mixin[0m - [32mFilling memory at 0x1900000025 with 1 unconstrained bytes referenced from 0xa100028 (getenv+0x0 in extern-address space (0x28))[0m[0m
[1;33;40mWARNING - 2023-05-29 07:02:43,117 - [32mangr.storage.memory_mixins.default_filler_mixin[0m - [32mFilling memory at 0x1900000026 with 1 unconstrained bytes referenced from 0xa100028 (getenv+0x0 in extern-address space (0x28))[0m[0m
[1;33;40mWARNING - 2023-05-29 07:02:43,119 - [32mangr.storage.memory_mixins.default_filler_mixin[0m - [32mFilling memory at 0x1900000027 with 1 unconstrained bytes referenced from 0xa100028 (getenv+0x0 in extern-address space (0x28))[0m[0m
[1;33;40mWARNING - 2023-05-29 07:02:43,120 - [32mangr.storage.memory_mixins.default_filler_mixin[0m - [32mFilling memory at 0x1900000028 with 1 unconstrained bytes referenced from 0xa100028 (getenv+0x0 in extern-address space (0x28))[0m[0m
[1;33;40mWARNING - 2023-05-29 07:02:43,120 - [32mangr.storage.memory_mixins.default_filler_mixin[0m - [32mFilling memory at 0x1900000029 with 1 unconstrained bytes referenced from 0xa100028 (getenv+0x0 in extern-address space (0x28))[0m[0m
[1;33;40mWARNING - 2023-05-29 07:02:43,121 - [32mangr.storage.memory_mixins.default_filler_mixin[0m - [32mFilling memory at 0x190000002a with 1 unconstrained bytes referenced from 0xa100028 (getenv+0x0 in extern-address space (0x28))[0m[0m
[1;33;40mWARNING - 2023-05-29 07:02:43,122 - [32mangr.storage.memory_mixins.default_filler_mixin[0m - [32mFilling memory at 0x190000002b with 1 unconstrained bytes referenced from 0xa100028 (getenv+0x0 in extern-address space (0x28))[0m[0m
[1;33;40mWARNING - 2023-05-29 07:02:43,123 - [32mangr.storage.memory_mixins.default_filler_mixin[0m - [32mFilling memory at 0x190000002c with 1 unconstrained bytes referenced from 0xa100028 (getenv+0x0 in extern-address space (0x28))[0m[0m
[1;33;40mWARNING - 2023-05-29 07:02:43,123 - [32mangr.storage.memory_mixins.default_filler_mixin[0m - [32mFilling memory at 0x190000002d with 1 unconstrained bytes referenced from 0xa100028 (getenv+0x0 in extern-address space (0x28))[0m[0m
[1;33;40mWARNING - 2023-05-29 07:02:43,124 - [32mangr.storage.memory_mixins.default_filler_mixin[0m - [32mFilling memory at 0x190000002e with 1 unconstrained bytes referenced from 0xa100028 (getenv+0x0 in extern-address space (0x28))[0m[0m
[1;33;40mWARNING - 2023-05-29 07:02:43,125 - [32mangr.storage.memory_mixins.default_filler_mixin[0m - [32mFilling memory at 0x190000002f with 1 unconstrained bytes referenced from 0xa100028 (getenv+0x0 in extern-address space (0x28))[0m[0m
[1;33;40mWARNING - 2023-05-29 07:02:43,130 - [32mangr.storage.memory_mixins.default_filler_mixin[0m - [32mFilling memory at 0x1900000030 with 1 unconstrained bytes referenced from 0xa100028 (getenv+0x0 in extern-address space (0x28))[0m[0m
[1;33;40mWARNING - 2023-05-29 07:02:43,131 - [32mangr.storage.memory_mixins.default_filler_mixin[0m - [32mFilling memory at 0x1900000031 with 1 unconstrained bytes referenced from 0xa100028 (getenv+0x0 in extern-address space (0x28))[0m[0m
[1;33;40mWARNING - 2023-05-29 07:02:43,132 - [32mangr.storage.memory_mixins.default_filler_mixin[0m - [32mFilling memory at 0x1900000032 with 1 unconstrained bytes referenced from 0xa100028 (getenv+0x0 in extern-address space (0x28))[0m[0m
[1;33;40mWARNING - 2023-05-29 07:02:43,133 - [32mangr.storage.memory_mixins.default_filler_mixin[0m - [32mFilling memory at 0x1900000033 with 1 unconstrained bytes referenced from 0xa100028 (getenv+0x0 in extern-address space (0x28))[0m[0m
[1;33;40mWARNING - 2023-05-29 07:02:43,135 - [32mangr.storage.memory_mixins.default_filler_mixin[0m - [32mFilling memory at 0x1900000034 with 1 unconstrained bytes referenced from 0xa100028 (getenv+0x0 in extern-address space (0x28))[0m[0m
[1;33;40mWARNING - 2023-05-29 07:02:43,135 - [32mangr.storage.memory_mixins.default_filler_mixin[0m - [32mFilling memory at 0x1900000035 with 1 unconstrained bytes referenced from 0xa100028 (getenv+0x0 in extern-address space (0x28))[0m[0m
[1;33;40mWARNING - 2023-05-29 07:02:43,136 - [32mangr.storage.memory_mixins.default_filler_mixin[0m - [32mFilling memory at 0x1900000036 with 1 unconstrained bytes referenced from 0xa100028 (getenv+0x0 in extern-address space (0x28))[0m[0m
[1;33;40mWARNING - 2023-05-29 07:02:43,137 - [32mangr.storage.memory_mixins.default_filler_mixin[0m - [32mFilling memory at 0x1900000037 with 1 unconstrained bytes referenced from 0xa100028 (getenv+0x0 in extern-address space (0x28))[0m[0m
[1;33;40mWARNING - 2023-05-29 07:02:43,138 - [32mangr.storage.memory_mixins.default_filler_mixin[0m - [32mFilling memory at 0x1900000038 with 1 unconstrained bytes referenced from 0xa100028 (getenv+0x0 in extern-address space (0x28))[0m[0m
[1;33;40mWARNING - 2023-05-29 07:02:43,139 - [32mangr.storage.memory_mixins.default_filler_mixin[0m - [32mFilling memory at 0x1900000039 with 1 unconstrained bytes referenced from 0xa100028 (getenv+0x0 in extern-address space (0x28))[0m[0m
[1;33;40mWARNING - 2023-05-29 07:02:43,139 - [32mangr.storage.memory_mixins.default_filler_mixin[0m - [32mFilling memory at 0x190000003a with 1 unconstrained bytes referenced from 0xa100028 (getenv+0x0 in extern-address space (0x28))[0m[0m
[1;33;40mWARNING - 2023-05-29 07:02:43,140 - [32mangr.storage.memory_mixins.default_filler_mixin[0m - [32mFilling memory at 0x190000003b with 1 unconstrained bytes referenced from 0xa100028 (getenv+0x0 in extern-address space (0x28))[0m[0m
[1;33;40mWARNING - 2023-05-29 07:02:43,142 - [32mangr.storage.memory_mixins.default_filler_mixin[0m - [32mFilling memory at 0x190000003c with 1 unconstrained bytes referenced from 0xa100028 (getenv+0x0 in extern-address space (0x28))[0m[0m
[1;33;40mWARNING - 2023-05-29 07:02:43,144 - [32mangr.storage.memory_mixins.default_filler_mixin[0m - [32mFilling memory at 0x190000003d with 1 unconstrained bytes referenced from 0xa100028 (getenv+0x0 in extern-address space (0x28))[0m[0m
[1;32;40mINFO - 2023-05-29 07:02:43,146 - [32mSemaExplorerCDFS[0m - [32mEnd of the trace number 0 with errors[0m[0m
[1;32;40mINFO - 2023-05-29 07:02:43,147 - [32mSemaExplorerCDFS[0m - <SimState @ 0xa100028>[0m
[1;32;40mINFO - 2023-05-29 07:02:43,147 - [32mSemaExplorerCDFS[0m - args' length must all be equal[0m
[1;32;40mINFO - 2023-05-29 07:02:43,148 - [32mSemaExplorerCDFS[0m - [32mlen(simgr.active) <= 0 or deadended >= self.max_end_state)[0m[0m
[1;32;40mINFO - 2023-05-29 07:02:43,162 - [37mGraphBuilder[0m - [37mOutput dir :src/output/runs/132//random_mutations[0m[0m
