[1;33;40mWARNING - 2023-05-29 07:23:04,063 - [34mangr.project[0m - [34mDisabling IRSB translation cache because support for self-modifying code is enabled.[0m[0m
[1;33;40mWARNING - 2023-05-29 07:23:04,141 - [32mangr.storage.memory_mixins.default_filler_mixin[0m - [32mFilling memory at 0xc000800c with 4 unconstrained bytes referenced from 0x9049660 (_start+0x0 in mutations9_exec (0x9049660))[0m[0m
[1;33;40mWARNING - 2023-05-29 07:23:08,391 - [32mangr.storage.memory_mixins.default_filler_mixin[0m - [32mFilling memory at 0xc0010014 with 4 unconstrained bytes referenced from 0x9049660 (_start+0x0 in mutations9_exec (0x9049660))[0m[0m
[1;33;40mWARNING - 2023-05-29 07:23:11,535 - [32mangr.storage.memory_mixins.default_filler_mixin[0m - [32mFilling memory at 0xc001801c with 4 unconstrained bytes referenced from 0x9049660 (_start+0x0 in mutations9_exec (0x9049660))[0m[0m
[1;33;40mWARNING - 2023-05-29 07:23:15,096 - [32mangr.storage.memory_mixins.default_filler_mixin[0m - [32mFilling memory at 0xc0020024 with 4 unconstrained bytes referenced from 0x9049660 (_start+0x0 in mutations9_exec (0x9049660))[0m[0m
[1;33;40mWARNING - 2023-05-29 07:23:18,329 - [32mangr.storage.memory_mixins.default_filler_mixin[0m - [32mFilling memory at 0x30 with 4 unconstrained bytes referenced from 0x9049660 (_start+0x0 in mutations9_exec (0x9049660))[0m[0m
[1;32;40mINFO - 2023-05-29 07:23:18,442 - [36mCustomSimProcedure[0m - [36mcustom_hook_static[0m[0m
[1;33;40mWARNING - 2023-05-29 07:23:18,443 - [34mangr.project[0m - [34mAddress is already hooked, during hook(0x0, <SimProcedure fgets>). Not re-hooking.[0m[0m
[1;33;40mWARNING - 2023-05-29 07:23:18,443 - [34mangr.project[0m - [34mAddress is already hooked, during hook(0x0, <SimProcedure fclose>). Not re-hooking.[0m[0m
[1;33;40mWARNING - 2023-05-29 07:23:18,443 - [34mangr.project[0m - [34mAddress is already hooked, during hook(0x0, <SimProcedure fwrite>). Not re-hooking.[0m[0m
[1;33;40mWARNING - 2023-05-29 07:23:18,443 - [34mangr.project[0m - [34mAddress is already hooked, during hook(0x0, <SimProcedure __libc_start_main>). Not re-hooking.[0m[0m
[1;33;40mWARNING - 2023-05-29 07:23:18,444 - [34mangr.project[0m - [34mAddress is already hooked, during hook(0x0, <SimProcedure fopen>). Not re-hooking.[0m[0m
[1;33;40mWARNING - 2023-05-29 07:23:18,444 - [34mangr.project[0m - [34mAddress is already hooked, during hook(0x0, <SimProcedure strncpy>). Not re-hooking.[0m[0m
[1;33;40mWARNING - 2023-05-29 07:23:18,444 - [34mangr.project[0m - [34mAddress is already hooked, during hook(0x0, <SimProcedure socket>). Not re-hooking.[0m[0m
[1;33;40mWARNING - 2023-05-29 07:23:18,444 - [34mangr.project[0m - [34mAddress is already hooked, during hook(0x0, <SimProcedure close>). Not re-hooking.[0m[0m
[1;33;40mWARNING - 2023-05-29 07:23:18,444 - [34mangr.project[0m - [34mAddress is already hooked, during hook(0x0, <SimProcedure strcmp>). Not re-hooking.[0m[0m
[1;33;40mWARNING - 2023-05-29 07:23:18,444 - [34mangr.project[0m - [34mAddress is already hooked, during hook(0x0, <SimProcedure fgets>). Not re-hooking.[0m[0m
[1;33;40mWARNING - 2023-05-29 07:23:18,445 - [34mangr.project[0m - [34mAddress is already hooked, during hook(0x0, <SimProcedure fclose>). Not re-hooking.[0m[0m
[1;33;40mWARNING - 2023-05-29 07:23:18,445 - [34mangr.project[0m - [34mAddress is already hooked, during hook(0x0, <SimProcedure fwrite>). Not re-hooking.[0m[0m
[1;33;40mWARNING - 2023-05-29 07:23:18,445 - [34mangr.project[0m - [34mAddress is already hooked, during hook(0x0, <SimProcedure __libc_start_main>). Not re-hooking.[0m[0m
[1;33;40mWARNING - 2023-05-29 07:23:18,445 - [34mangr.project[0m - [34mAddress is already hooked, during hook(0x0, <SimProcedure fopen>). Not re-hooking.[0m[0m
[1;33;40mWARNING - 2023-05-29 07:23:18,445 - [34mangr.project[0m - [34mAddress is already hooked, during hook(0x0, <SimProcedure strncpy>). Not re-hooking.[0m[0m
[1;33;40mWARNING - 2023-05-29 07:23:18,446 - [34mangr.project[0m - [34mAddress is already hooked, during hook(0x0, <SimProcedure socket>). Not re-hooking.[0m[0m
[1;33;40mWARNING - 2023-05-29 07:23:18,446 - [34mangr.project[0m - [34mAddress is already hooked, during hook(0x0, <SimProcedure close>). Not re-hooking.[0m[0m
[1;33;40mWARNING - 2023-05-29 07:23:18,446 - [34mangr.project[0m - [34mAddress is already hooked, during hook(0x9049050, <SimProcedure printf>). Not re-hooking.[0m[0m
[1;33;40mWARNING - 2023-05-29 07:23:18,447 - [34mangr.project[0m - [34mAddress is already hooked, during hook(0xa100000, <SimProcedure strcmp>). Not re-hooking.[0m[0m
[1;33;40mWARNING - 2023-05-29 07:23:18,447 - [34mangr.project[0m - [34mAddress is already hooked, during hook(0xa100004, <SimProcedure printf>). Not re-hooking.[0m[0m
[1;33;40mWARNING - 2023-05-29 07:23:18,447 - [34mangr.project[0m - [34mAddress is already hooked, during hook(0xa100008, <SimProcedure fgets>). Not re-hooking.[0m[0m
[1;33;40mWARNING - 2023-05-29 07:23:18,447 - [34mangr.project[0m - [34mAddress is already hooked, during hook(0xa10000c, <SimProcedure fclose>). Not re-hooking.[0m[0m
[1;33;40mWARNING - 2023-05-29 07:23:18,448 - [34mangr.project[0m - [34mAddress is already hooked, during hook(0xa100018, <SimProcedure fwrite>). Not re-hooking.[0m[0m
[1;33;40mWARNING - 2023-05-29 07:23:18,448 - [34mangr.project[0m - [34mAddress is already hooked, during hook(0xa100020, <SimProcedure __libc_start_main>). Not re-hooking.[0m[0m
[1;33;40mWARNING - 2023-05-29 07:23:18,448 - [34mangr.project[0m - [34mAddress is already hooked, during hook(0xa100024, <SimProcedure fopen>). Not re-hooking.[0m[0m
[1;33;40mWARNING - 2023-05-29 07:23:18,448 - [34mangr.project[0m - [34mAddress is already hooked, during hook(0xa100028, <SimProcedure strncpy>). Not re-hooking.[0m[0m
[1;33;40mWARNING - 2023-05-29 07:23:18,448 - [34mangr.project[0m - [34mAddress is already hooked, during hook(0xa10002c, <SimProcedure socket>). Not re-hooking.[0m[0m
[1;33;40mWARNING - 2023-05-29 07:23:18,449 - [34mangr.project[0m - [34mAddress is already hooked, during hook(0xa100030, <SimProcedure close>). Not re-hooking.[0m[0m
[1;32;40mINFO - 2023-05-29 07:23:18,449 - [36mCustomSimProcedure[0m - [36mcustom_hook_no_symbols[0m[0m
[1;33;40mWARNING - 2023-05-29 07:23:18,582 - [32mangr.storage.memory_mixins.default_filler_mixin[0m - [32mFilling memory at 0xc002032c with 4 unconstrained bytes referenced from 0xa100020 (__libc_start_main+0x0 in extern-address space (0x20))[0m[0m
[1;32;40mINFO - 2023-05-29 07:23:18,638 - [36mCustomSimProcedure[0m - [36mSyscall found:  malloc[<BV32 0x300>][0m[0m
[1;33;40mWARNING - 2023-05-29 07:23:18,673 - [32mangr.storage.memory_mixins.default_filler_mixin[0m - [32mFilling memory at 0xc002033c with 4 unconstrained bytes referenced from 0xa100020 (__libc_start_main+0x0 in extern-address space (0x20))[0m[0m
[1;32;40mINFO - 2023-05-29 07:23:18,729 - [36mCustomSimProcedure[0m - [36mSyscall found:  malloc[<BV32 0x4>][0m[0m
[1;33;40mWARNING - 2023-05-29 07:23:18,784 - [32mangr.storage.memory_mixins.default_filler_mixin[0m - [32mFilling memory at 0xc0020944 with 4 unconstrained bytes referenced from 0xa100020 (__libc_start_main+0x0 in extern-address space (0x20))[0m[0m
[1;32;40mINFO - 2023-05-29 07:23:18,840 - [36mCustomSimProcedure[0m - [36mSyscall found:  malloc[<BV32 0x600>][0m[0m
[1;33;40mWARNING - 2023-05-29 07:23:18,875 - [32mangr.storage.memory_mixins.default_filler_mixin[0m - [32mFilling memory at 0xc0020954 with 4 unconstrained bytes referenced from 0xa100020 (__libc_start_main+0x0 in extern-address space (0x20))[0m[0m
[1;32;40mINFO - 2023-05-29 07:23:18,930 - [36mCustomSimProcedure[0m - [36mSyscall found:  malloc[<BV32 0x4>][0m[0m
[1;33;40mWARNING - 2023-05-29 07:23:18,985 - [32mangr.storage.memory_mixins.default_filler_mixin[0m - [32mFilling memory at 0xc0020f5c with 4 unconstrained bytes referenced from 0xa100020 (__libc_start_main+0x0 in extern-address space (0x20))[0m[0m
[1;32;40mINFO - 2023-05-29 07:23:19,041 - [36mCustomSimProcedure[0m - [36mSyscall found:  malloc[<BV32 0x600>][0m[0m
[1;33;40mWARNING - 2023-05-29 07:23:19,077 - [32mangr.storage.memory_mixins.default_filler_mixin[0m - [32mFilling memory at 0xc0020f6c with 4 unconstrained bytes referenced from 0xa100020 (__libc_start_main+0x0 in extern-address space (0x20))[0m[0m
[1;32;40mINFO - 2023-05-29 07:23:19,133 - [36mCustomSimProcedure[0m - [36mSyscall found:  malloc[<BV32 0x4>][0m[0m
[1;33;40mWARNING - 2023-05-29 07:23:19,188 - [32mangr.storage.memory_mixins.default_filler_mixin[0m - [32mFilling memory at 0xc0020f7c with 4 unconstrained bytes referenced from 0xa100020 (__libc_start_main+0x0 in extern-address space (0x20))[0m[0m
[1;32;40mINFO - 2023-05-29 07:23:19,243 - [36mCustomSimProcedure[0m - [36mSyscall found:  malloc[<BV32 0x4>][0m[0m
[1;32;40mINFO - 2023-05-29 07:23:19,254 - [36mCustomSimProcedure[0m - [36mSyscall found:  __libc_start_main[<BV32 0x9049110>, <BV32 0x1>, <BV32 0x7ffeffb0>, <BV32 0x9049780>, <BV32 0x90497f0>][0m[0m
[1;33;40mWARNING - 2023-05-29 07:23:19,273 - [32mangr.storage.memory_mixins.default_filler_mixin[0m - [32mFilling register edi with 4 unconstrained bytes referenced from 0x9049790 (__libc_csu_init+0x10 in mutations9_exec (0x9049790))[0m[0m
[1;32;40mINFO - 2023-05-29 07:23:19,375 - [36mCustomSimProcedure[0m - [36mSyscall found:  __libc_start_main[151294224, 1, 2147418032, 151295872, 151295984][0m[0m
[1;32;40mINFO - 2023-05-29 07:23:19,427 - [36mCustomSimProcedure[0m - [36mSyscall found:  sysconf[<BV32 0x54>][0m[0m
[1;32;40mINFO - 2023-05-29 07:23:19,467 - [32mSemaExplorerCDFS[0m - [32mA new block of execution have been executed with changes in sim_manager.[0m[0m
[1;32;40mINFO - 2023-05-29 07:23:19,467 - [32mSemaExplorerCDFS[0m - [32mCurrently, simulation manager is :
<SimulationManager with 2 active>[0m[0m
[1;32;40mINFO - 2023-05-29 07:23:19,468 - [32mSemaExplorerCDFS[0m - [32mpause stash len :0[0m[0m
[1;32;40mINFO - 2023-05-29 07:23:19,468 - [32mSemaExplorerCDFS[0m - [32mfork_stack : 1[0m[0m
[1;32;40mINFO - 2023-05-29 07:23:19,527 - [36mCustomSimProcedure[0m - [36mSyscall found:  popen[<BV32 0x904a008>, <BV32 0x904a06e>][0m[0m
[1;32;40mINFO - 2023-05-29 07:23:19,555 - [36mCustomSimProcedure[0m - [36mSyscall found:  popen[<BV32 0x904a008>, <BV32 0x904a06e>][0m[0m
[1;32;40mINFO - 2023-05-29 07:23:19,616 - [32mSemaExplorerCDFS[0m - [32mA new block of execution have been executed with changes in sim_manager.[0m[0m
[1;32;40mINFO - 2023-05-29 07:23:19,616 - [32mSemaExplorerCDFS[0m - [32mCurrently, simulation manager is :
<SimulationManager with 4 active>[0m[0m
[1;32;40mINFO - 2023-05-29 07:23:19,616 - [32mSemaExplorerCDFS[0m - [32mpause stash len :0[0m[0m
[1;32;40mINFO - 2023-05-29 07:23:19,617 - [32mSemaExplorerCDFS[0m - [32mfork_stack : 2[0m[0m
[1;32;40mINFO - 2023-05-29 07:23:19,658 - [36mCustomSimProcedure[0m - [36mSyscall found:  strlen[<BV32 0x904a077>][0m[0m
[1;32;40mINFO - 2023-05-29 07:23:19,659 - [36mCustomSimProcedure[0m - [36mSyscall found:  printf[<BV32 0x904a077>][0m[0m
[1;32;40mINFO - 2023-05-29 07:23:19,668 - [36mCustomSimProcedure[0m - [36mSyscall found:  strlen[<BV32 0x904a077>][0m[0m
[1;32;40mINFO - 2023-05-29 07:23:19,670 - [36mCustomSimProcedure[0m - [36mSyscall found:  printf[<BV32 0x904a077>][0m[0m
[1;33;40mWARNING - 2023-05-29 07:23:19,804 - [32mangr.storage.memory_mixins.default_filler_mixin[0m - [32mFilling memory at 0x1b with 4 unconstrained bytes referenced from 0xa100008 (fgets+0x0 in extern-address space (0x8))[0m[0m
[1;33;40mWARNING - 2023-05-29 07:23:19,848 - [33mangr.state_plugins.posix[0m - [33mTried to look up a symbolic fd - constrained to 3 and opened b'/tmp/angr_implicit_0'[0m[0m
[1;32;40mINFO - 2023-05-29 07:23:19,899 - [36mCustomSimProcedure[0m - [36mSyscall found:  fgets[<BV32 0x7ffefe98>, <BV32 0x80>, <BV32 unconstrained_ret_popen_6819437_32{UNINITIALIZED}>][0m[0m
[1;33;40mWARNING - 2023-05-29 07:23:20,106 - [33mangr.state_plugins.posix[0m - [33mTried to look up a symbolic fd - constrained to 3 and opened b'/tmp/angr_implicit_0'[0m[0m
[1;32;40mINFO - 2023-05-29 07:23:20,158 - [36mCustomSimProcedure[0m - [36mSyscall found:  fgets[<BV32 0x7ffefe98>, <BV32 0x80>, <BV32 unconstrained_ret_popen_6819438_32{UNINITIALIZED}>][0m[0m
[1;33;40mWARNING - 2023-05-29 07:23:20,251 - [32mangr.storage.memory_mixins.default_filler_mixin[0m - [32mFilling memory at 0x38 with 4 unconstrained bytes referenced from 0xa100008 (fgets+0x0 in extern-address space (0x8))[0m[0m
[1;33;40mWARNING - 2023-05-29 07:23:20,278 - [33mangr.state_plugins.posix[0m - [33mTried to look up a symbolic fd - constrained to 3 and opened b'/tmp/angr_implicit_0'[0m[0m
[1;32;40mINFO - 2023-05-29 07:23:20,332 - [36mCustomSimProcedure[0m - [36mSyscall found:  fgets[<BV32 0x7ffefe98>, <BV32 0x80>, <BV32 unconstrained_ret_popen_6819437_32{UNINITIALIZED}>][0m[0m
[1;33;40mWARNING - 2023-05-29 07:23:20,427 - [33mangr.state_plugins.posix[0m - [33mTried to look up a symbolic fd - constrained to 3 and opened b'/tmp/angr_implicit_0'[0m[0m
[1;32;40mINFO - 2023-05-29 07:23:20,480 - [36mCustomSimProcedure[0m - [36mSyscall found:  fgets[<BV32 0x7ffefe98>, <BV32 0x80>, <BV32 unconstrained_ret_popen_6819438_32{UNINITIALIZED}>][0m[0m
[1;32;40mINFO - 2023-05-29 07:23:20,551 - [36mCustomSimProcedure[0m - [36mSyscall found:  strlen[<BV32 0x904a028>][0m[0m
[1;32;40mINFO - 2023-05-29 07:23:20,553 - [36mCustomSimProcedure[0m - [36mSyscall found:  memcpy[<BV32 0x7ffefe60>, <BV32 0x904a028>, <BV32 0x22>][0m[0m
[1;32;40mINFO - 2023-05-29 07:23:20,553 - [36mCustomSimProcedure[0m - [36mSyscall found:  strncpy[<BV32 0x7ffefe60>, <BV32 0x904a028>, <BV32 0x22>][0m[0m
[1;32;40mINFO - 2023-05-29 07:23:20,587 - [36mCustomSimProcedure[0m - [36mSyscall found:  strlen[<BV32 0x904a028>][0m[0m
[1;32;40mINFO - 2023-05-29 07:23:20,589 - [36mCustomSimProcedure[0m - [36mSyscall found:  memcpy[<BV32 0x7ffefe60>, <BV32 0x904a028>, <BV32 0x22>][0m[0m
[1;32;40mINFO - 2023-05-29 07:23:20,589 - [36mCustomSimProcedure[0m - [36mSyscall found:  strncpy[<BV32 0x7ffefe60>, <BV32 0x904a028>, <BV32 0x22>][0m[0m
[1;32;40mINFO - 2023-05-29 07:23:20,645 - [36mCustomSimProcedure[0m - [36mSyscall found:  strlen[<BV32 0x904a028>][0m[0m
[1;32;40mINFO - 2023-05-29 07:23:20,646 - [36mCustomSimProcedure[0m - [36mSyscall found:  memcpy[<BV32 0x7ffefe60>, <BV32 0x904a028>, <BV32 0x22>][0m[0m
[1;32;40mINFO - 2023-05-29 07:23:20,646 - [36mCustomSimProcedure[0m - [36mSyscall found:  strncpy[<BV32 0x7ffefe60>, <BV32 0x904a028>, <BV32 0x22>][0m[0m
[1;32;40mINFO - 2023-05-29 07:23:20,662 - [36mCustomSimProcedure[0m - [36mSyscall found:  strlen[<BV32 0x904a028>][0m[0m
[1;32;40mINFO - 2023-05-29 07:23:20,664 - [36mCustomSimProcedure[0m - [36mSyscall found:  memcpy[<BV32 0x7ffefe60>, <BV32 0x904a028>, <BV32 0x22>][0m[0m
[1;32;40mINFO - 2023-05-29 07:23:20,664 - [36mCustomSimProcedure[0m - [36mSyscall found:  strncpy[<BV32 0x7ffefe60>, <BV32 0x904a028>, <BV32 0x22>][0m[0m
[1;32;40mINFO - 2023-05-29 07:23:20,679 - [36mCustomSimProcedure[0m - [36mSyscall found:  strlen[<BV32 0x904a028>][0m[0m
[1;32;40mINFO - 2023-05-29 07:23:20,691 - [36mCustomSimProcedure[0m - [36mSyscall found:  strlen[<BV32 0x7ffefe60>][0m[0m
[1;32;40mINFO - 2023-05-29 07:23:20,700 - [36mCustomSimProcedure[0m - [36mSyscall found:  strncmp[<BV32 0x904a028>, <BV32 0x7ffefe60>, <BV32 0x21>][0m[0m
[1;32;40mINFO - 2023-05-29 07:23:20,701 - [36mCustomSimProcedure[0m - [36mSyscall found:  strcmp[<BV32 0x904a028>, <BV32 0x7ffefe60>][0m[0m
[1;32;40mINFO - 2023-05-29 07:23:20,720 - [36mCustomSimProcedure[0m - [36mSyscall found:  strlen[<BV32 0x904a028>][0m[0m
[1;32;40mINFO - 2023-05-29 07:23:20,733 - [36mCustomSimProcedure[0m - [36mSyscall found:  strlen[<BV32 0x7ffefe60>][0m[0m
[1;32;40mINFO - 2023-05-29 07:23:20,743 - [36mCustomSimProcedure[0m - [36mSyscall found:  strncmp[<BV32 0x904a028>, <BV32 0x7ffefe60>, <BV32 0x21>][0m[0m
[1;32;40mINFO - 2023-05-29 07:23:20,744 - [36mCustomSimProcedure[0m - [36mSyscall found:  strcmp[<BV32 0x904a028>, <BV32 0x7ffefe60>][0m[0m
[1;32;40mINFO - 2023-05-29 07:23:20,821 - [36mCustomSimProcedure[0m - [36mSyscall found:  strlen[<BV32 0x904a028>][0m[0m
[1;32;40mINFO - 2023-05-29 07:23:20,831 - [36mCustomSimProcedure[0m - [36mSyscall found:  strlen[<BV32 0x7ffefe60>][0m[0m
[1;32;40mINFO - 2023-05-29 07:23:20,838 - [36mCustomSimProcedure[0m - [36mSyscall found:  strncmp[<BV32 0x904a028>, <BV32 0x7ffefe60>, <BV32 0x21>][0m[0m
[1;32;40mINFO - 2023-05-29 07:23:20,839 - [36mCustomSimProcedure[0m - [36mSyscall found:  strcmp[<BV32 0x904a028>, <BV32 0x7ffefe60>][0m[0m
[1;32;40mINFO - 2023-05-29 07:23:20,853 - [36mCustomSimProcedure[0m - [36mSyscall found:  strlen[<BV32 0x904a028>][0m[0m
[1;32;40mINFO - 2023-05-29 07:23:20,864 - [36mCustomSimProcedure[0m - [36mSyscall found:  strlen[<BV32 0x7ffefe60>][0m[0m
[1;32;40mINFO - 2023-05-29 07:23:20,871 - [36mCustomSimProcedure[0m - [36mSyscall found:  strncmp[<BV32 0x904a028>, <BV32 0x7ffefe60>, <BV32 0x21>][0m[0m
[1;32;40mINFO - 2023-05-29 07:23:20,872 - [36mCustomSimProcedure[0m - [36mSyscall found:  strcmp[<BV32 0x904a028>, <BV32 0x7ffefe60>][0m[0m
[1;32;40mINFO - 2023-05-29 07:23:20,902 - [36mCustomSimProcedure[0m - [36mSyscall found:  pclose[<BV32 unconstrained_ret_popen_6819438_32{UNINITIALIZED}>][0m[0m
[1;32;40mINFO - 2023-05-29 07:23:21,025 - [36mCustomSimProcedure[0m - [36mSyscall found:  pclose[<BV32 unconstrained_ret_popen_6819437_32{UNINITIALIZED}>][0m[0m
[1;32;40mINFO - 2023-05-29 07:23:21,197 - [32mSemaExplorerCDFS[0m - [32mA new block of execution have been executed with changes in sim_manager.[0m[0m
[1;32;40mINFO - 2023-05-29 07:23:21,197 - [32mSemaExplorerCDFS[0m - [32mCurrently, simulation manager is :
<SimulationManager with 6 active>[0m[0m
[1;32;40mINFO - 2023-05-29 07:23:21,197 - [32mSemaExplorerCDFS[0m - [32mpause stash len :0[0m[0m
[1;32;40mINFO - 2023-05-29 07:23:21,197 - [32mSemaExplorerCDFS[0m - [32mfork_stack : 2[0m[0m
[1;32;40mINFO - 2023-05-29 07:23:21,206 - [36mCustomSimProcedure[0m - [36mSyscall found:  pclose[<BV32 unconstrained_ret_popen_6819437_32{UNINITIALIZED}>][0m[0m
[1;32;40mINFO - 2023-05-29 07:23:21,353 - [36mCustomSimProcedure[0m - [36mSyscall found:  strlen[<BV32 0x904a07d>][0m[0m
[1;32;40mINFO - 2023-05-29 07:23:21,356 - [36mCustomSimProcedure[0m - [36mSyscall found:  printf[<BV32 0x904a07d>][0m[0m
[1;32;40mINFO - 2023-05-29 07:23:21,406 - [36mCustomSimProcedure[0m - [36mSyscall found:  strlen[<BV32 0x904a07d>][0m[0m
[1;32;40mINFO - 2023-05-29 07:23:21,410 - [36mCustomSimProcedure[0m - [36mSyscall found:  printf[<BV32 0x904a07d>][0m[0m
[1;32;40mINFO - 2023-05-29 07:23:21,412 - [32mSemaExplorerCDFS[0m - [32mA new block of execution have been executed with changes in sim_manager.[0m[0m
[1;32;40mINFO - 2023-05-29 07:23:21,412 - [32mSemaExplorerCDFS[0m - [32mCurrently, simulation manager is :
<SimulationManager with 6 active>[0m[0m
[1;32;40mINFO - 2023-05-29 07:23:21,412 - [32mSemaExplorerCDFS[0m - [32mpause stash len :1[0m[0m
[1;32;40mINFO - 2023-05-29 07:23:21,412 - [32mSemaExplorerCDFS[0m - [32mfork_stack : 1[0m[0m
[1;32;40mINFO - 2023-05-29 07:23:21,475 - [36mCustomSimProcedure[0m - [36mSyscall found:  strlen[<BV32 0x904a07d>][0m[0m
[1;32;40mINFO - 2023-05-29 07:23:21,479 - [36mCustomSimProcedure[0m - [36mSyscall found:  printf[<BV32 0x904a07d>][0m[0m
[1;32;40mINFO - 2023-05-29 07:23:21,545 - [36mCustomSimProcedure[0m - [36mSyscall found:  popen[<BV32 0x904a04a>, <BV32 0x904a06e>][0m[0m
[1;32;40mINFO - 2023-05-29 07:23:21,599 - [32mSemaExplorerCDFS[0m - [32mA new block of execution have been executed with changes in sim_manager.[0m[0m
[1;32;40mINFO - 2023-05-29 07:23:21,599 - [32mSemaExplorerCDFS[0m - [32mCurrently, simulation manager is :
<SimulationManager with 6 active>[0m[0m
[1;32;40mINFO - 2023-05-29 07:23:21,599 - [32mSemaExplorerCDFS[0m - [32mpause stash len :2[0m[0m
[1;32;40mINFO - 2023-05-29 07:23:21,600 - [32mSemaExplorerCDFS[0m - [32mfork_stack : 1[0m[0m
[1;32;40mINFO - 2023-05-29 07:23:21,602 - [36mCustomSimProcedure[0m - [36mSyscall found:  popen[<BV32 0x904a04a>, <BV32 0x904a06e>][0m[0m
[1;32;40mINFO - 2023-05-29 07:23:21,642 - [36mCustomSimProcedure[0m - [36mSyscall found:  popen[<BV32 0x904a04a>, <BV32 0x904a06e>][0m[0m
[1;32;40mINFO - 2023-05-29 07:23:21,671 - [36mCustomSimProcedure[0m - [36mSyscall found:  popen[<BV32 0x904a04a>, <BV32 0x904a06e>][0m[0m
[1;32;40mINFO - 2023-05-29 07:23:21,759 - [36mCustomSimProcedure[0m - [36mSyscall found:  strlen[<BV32 0x904a077>][0m[0m
[1;32;40mINFO - 2023-05-29 07:23:21,760 - [36mCustomSimProcedure[0m - [36mSyscall found:  printf[<BV32 0x904a077>][0m[0m
[1;32;40mINFO - 2023-05-29 07:23:21,762 - [32mSemaExplorerCDFS[0m - [32mA new block of execution have been executed with changes in sim_manager.[0m[0m
[1;32;40mINFO - 2023-05-29 07:23:21,762 - [32mSemaExplorerCDFS[0m - [32mCurrently, simulation manager is :
<SimulationManager with 8 active>[0m[0m
[1;32;40mINFO - 2023-05-29 07:23:21,762 - [32mSemaExplorerCDFS[0m - [32mpause stash len :3[0m[0m
[1;32;40mINFO - 2023-05-29 07:23:21,762 - [32mSemaExplorerCDFS[0m - [32mfork_stack : 3[0m[0m
[1;32;40mINFO - 2023-05-29 07:23:21,780 - [36mCustomSimProcedure[0m - [36mSyscall found:  popen[<BV32 0x904a04a>, <BV32 0x904a06e>][0m[0m
[1;32;40mINFO - 2023-05-29 07:23:21,825 - [36mCustomSimProcedure[0m - [36mSyscall found:  strlen[<BV32 0x904a077>][0m[0m
[1;32;40mINFO - 2023-05-29 07:23:21,826 - [36mCustomSimProcedure[0m - [36mSyscall found:  printf[<BV32 0x904a077>][0m[0m
[1;32;40mINFO - 2023-05-29 07:23:21,855 - [36mCustomSimProcedure[0m - [36mSyscall found:  strlen[<BV32 0x904a077>][0m[0m
[1;32;40mINFO - 2023-05-29 07:23:21,855 - [36mCustomSimProcedure[0m - [36mSyscall found:  printf[<BV32 0x904a077>][0m[0m
[1;32;40mINFO - 2023-05-29 07:23:21,860 - [32mSemaExplorerCDFS[0m - [32mA new block of execution have been executed with changes in sim_manager.[0m[0m
[1;32;40mINFO - 2023-05-29 07:23:21,860 - [32mSemaExplorerCDFS[0m - [32mCurrently, simulation manager is :
<SimulationManager with 6 active>[0m[0m
[1;32;40mINFO - 2023-05-29 07:23:21,860 - [32mSemaExplorerCDFS[0m - [32mpause stash len :6[0m[0m
[1;32;40mINFO - 2023-05-29 07:23:21,860 - [32mSemaExplorerCDFS[0m - [32mfork_stack : 1[0m[0m
[1;32;40mINFO - 2023-05-29 07:23:22,019 - [36mCustomSimProcedure[0m - [36mSyscall found:  fgets[<BV32 0x7ffefe98>, <BV32 0x80>, <BV32 unconstrained_ret_popen_6819453_32{UNINITIALIZED}>][0m[0m
[1;32;40mINFO - 2023-05-29 07:23:22,058 - [36mCustomSimProcedure[0m - [36mSyscall found:  strlen[<BV32 0x904a077>][0m[0m
[1;32;40mINFO - 2023-05-29 07:23:22,059 - [36mCustomSimProcedure[0m - [36mSyscall found:  printf[<BV32 0x904a077>][0m[0m
[1;32;40mINFO - 2023-05-29 07:23:22,589 - [36mCustomSimProcedure[0m - [36mSyscall found:  fgets[<BV32 0x7ffefe98>, <BV32 0x80>, <BV32 unconstrained_ret_popen_6819453_32{UNINITIALIZED}>][0m[0m
[1;33;40mWARNING - 2023-05-29 07:23:22,770 - [32mangr.storage.memory_mixins.default_filler_mixin[0m - [32mFilling memory at 0x3 with 1 unconstrained bytes referenced from 0xa100008 (fgets+0x0 in extern-address space (0x8))[0m[0m
[1;33;40mWARNING - 2023-05-29 07:23:22,797 - [33mangr.state_plugins.posix[0m - [33mTried to look up a symbolic fd - constrained to 4 and opened b'/tmp/angr_implicit_1'[0m[0m
[1;32;40mINFO - 2023-05-29 07:23:22,849 - [36mCustomSimProcedure[0m - [36mSyscall found:  fgets[<BV32 0x7ffefe98>, <BV32 0x80>, <BV32 unconstrained_ret_popen_6819456_32{UNINITIALIZED}>][0m[0m
[1;33;40mWARNING - 2023-05-29 07:23:22,928 - [33mangr.state_plugins.posix[0m - [33mTried to look up a symbolic fd - constrained to 4 and opened b'/tmp/angr_implicit_1'[0m[0m
[1;32;40mINFO - 2023-05-29 07:23:22,981 - [36mCustomSimProcedure[0m - [36mSyscall found:  fgets[<BV32 0x7ffefe98>, <BV32 0x80>, <BV32 unconstrained_ret_popen_6819454_32{UNINITIALIZED}>][0m[0m
[1;32;40mINFO - 2023-05-29 07:23:23,070 - [36mCustomSimProcedure[0m - [36mSyscall found:  strlen[<BV32 0x904a070>][0m[0m
[1;32;40mINFO - 2023-05-29 07:23:23,071 - [36mCustomSimProcedure[0m - [36mSyscall found:  memcpy[<BV32 0x7ffefe80>, <BV32 0x904a070>, <BV32 0x6>][0m[0m
[1;32;40mINFO - 2023-05-29 07:23:23,071 - [36mCustomSimProcedure[0m - [36mSyscall found:  strncpy[<BV32 0x7ffefe80>, <BV32 0x904a070>, <BV32 0x6>][0m[0m
[1;32;40mINFO - 2023-05-29 07:23:23,143 - [36mCustomSimProcedure[0m - [36mSyscall found:  fgets[<BV32 0x7ffefe98>, <BV32 0x80>, <BV32 unconstrained_ret_popen_6819456_32{UNINITIALIZED}>][0m[0m
[1;32;40mINFO - 2023-05-29 07:23:23,236 - [36mCustomSimProcedure[0m - [36mSyscall found:  strlen[<BV32 0x904a070>][0m[0m
[1;32;40mINFO - 2023-05-29 07:23:23,237 - [36mCustomSimProcedure[0m - [36mSyscall found:  memcpy[<BV32 0x7ffefe80>, <BV32 0x904a070>, <BV32 0x6>][0m[0m
[1;32;40mINFO - 2023-05-29 07:23:23,237 - [36mCustomSimProcedure[0m - [36mSyscall found:  strncpy[<BV32 0x7ffefe80>, <BV32 0x904a070>, <BV32 0x6>][0m[0m
[1;32;40mINFO - 2023-05-29 07:23:23,265 - [36mCustomSimProcedure[0m - [36mSyscall found:  strlen[<BV32 0x904a070>][0m[0m
[1;32;40mINFO - 2023-05-29 07:23:23,266 - [36mCustomSimProcedure[0m - [36mSyscall found:  memcpy[<BV32 0x7ffefe80>, <BV32 0x904a070>, <BV32 0x6>][0m[0m
[1;32;40mINFO - 2023-05-29 07:23:23,266 - [36mCustomSimProcedure[0m - [36mSyscall found:  strncpy[<BV32 0x7ffefe80>, <BV32 0x904a070>, <BV32 0x6>][0m[0m
[1;32;40mINFO - 2023-05-29 07:23:23,273 - [36mCustomSimProcedure[0m - [36mSyscall found:  strlen[<BV32 0x904a070>][0m[0m
[1;32;40mINFO - 2023-05-29 07:23:23,274 - [36mCustomSimProcedure[0m - [36mSyscall found:  memcpy[<BV32 0x7ffefe80>, <BV32 0x904a070>, <BV32 0x6>][0m[0m
[1;32;40mINFO - 2023-05-29 07:23:23,275 - [36mCustomSimProcedure[0m - [36mSyscall found:  strncpy[<BV32 0x7ffefe80>, <BV32 0x904a070>, <BV32 0x6>][0m[0m
[1;32;40mINFO - 2023-05-29 07:23:23,294 - [36mCustomSimProcedure[0m - [36mSyscall found:  strlen[<BV32 0x904a070>][0m[0m
[1;32;40mINFO - 2023-05-29 07:23:23,297 - [36mCustomSimProcedure[0m - [36mSyscall found:  strlen[<BV32 0x7ffefe80>][0m[0m
[1;32;40mINFO - 2023-05-29 07:23:23,302 - [36mCustomSimProcedure[0m - [36mSyscall found:  strncmp[<BV32 0x904a070>, <BV32 0x7ffefe80>, <BV32 0x6>][0m[0m
[1;32;40mINFO - 2023-05-29 07:23:23,303 - [36mCustomSimProcedure[0m - [36mSyscall found:  strcmp[<BV32 0x904a070>, <BV32 0x7ffefe80>][0m[0m
[1;32;40mINFO - 2023-05-29 07:23:23,348 - [36mCustomSimProcedure[0m - [36mSyscall found:  strlen[<BV32 0x904a070>][0m[0m
[1;32;40mINFO - 2023-05-29 07:23:23,349 - [36mCustomSimProcedure[0m - [36mSyscall found:  memcpy[<BV32 0x7ffefe80>, <BV32 0x904a070>, <BV32 0x6>][0m[0m
[1;32;40mINFO - 2023-05-29 07:23:23,349 - [36mCustomSimProcedure[0m - [36mSyscall found:  strncpy[<BV32 0x7ffefe80>, <BV32 0x904a070>, <BV32 0x6>][0m[0m
[1;32;40mINFO - 2023-05-29 07:23:23,363 - [36mCustomSimProcedure[0m - [36mSyscall found:  strlen[<BV32 0x904a070>][0m[0m
[1;32;40mINFO - 2023-05-29 07:23:23,367 - [36mCustomSimProcedure[0m - [36mSyscall found:  strlen[<BV32 0x7ffefe80>][0m[0m
[1;32;40mINFO - 2023-05-29 07:23:23,371 - [36mCustomSimProcedure[0m - [36mSyscall found:  strncmp[<BV32 0x904a070>, <BV32 0x7ffefe80>, <BV32 0x6>][0m[0m
[1;32;40mINFO - 2023-05-29 07:23:23,371 - [36mCustomSimProcedure[0m - [36mSyscall found:  strcmp[<BV32 0x904a070>, <BV32 0x7ffefe80>][0m[0m
[1;32;40mINFO - 2023-05-29 07:23:23,404 - [36mCustomSimProcedure[0m - [36mSyscall found:  strlen[<BV32 0x904a070>][0m[0m
[1;32;40mINFO - 2023-05-29 07:23:23,406 - [36mCustomSimProcedure[0m - [36mSyscall found:  strlen[<BV32 0x7ffefe80>][0m[0m
[1;32;40mINFO - 2023-05-29 07:23:23,408 - [36mCustomSimProcedure[0m - [36mSyscall found:  strncmp[<BV32 0x904a070>, <BV32 0x7ffefe80>, <BV32 0x6>][0m[0m
[1;32;40mINFO - 2023-05-29 07:23:23,409 - [36mCustomSimProcedure[0m - [36mSyscall found:  strcmp[<BV32 0x904a070>, <BV32 0x7ffefe80>][0m[0m
[1;32;40mINFO - 2023-05-29 07:23:23,417 - [36mCustomSimProcedure[0m - [36mSyscall found:  strlen[<BV32 0x904a070>][0m[0m
[1;32;40mINFO - 2023-05-29 07:23:23,422 - [36mCustomSimProcedure[0m - [36mSyscall found:  strlen[<BV32 0x7ffefe80>][0m[0m
[1;32;40mINFO - 2023-05-29 07:23:23,425 - [36mCustomSimProcedure[0m - [36mSyscall found:  strncmp[<BV32 0x904a070>, <BV32 0x7ffefe80>, <BV32 0x6>][0m[0m
[1;32;40mINFO - 2023-05-29 07:23:23,425 - [36mCustomSimProcedure[0m - [36mSyscall found:  strcmp[<BV32 0x904a070>, <BV32 0x7ffefe80>][0m[0m
[1;32;40mINFO - 2023-05-29 07:23:23,470 - [36mCustomSimProcedure[0m - [36mSyscall found:  pclose[<BV32 unconstrained_ret_popen_6819453_32{UNINITIALIZED}>][0m[0m
[1;32;40mINFO - 2023-05-29 07:23:23,497 - [36mCustomSimProcedure[0m - [36mSyscall found:  strlen[<BV32 0x904a070>][0m[0m
[1;32;40mINFO - 2023-05-29 07:23:23,499 - [36mCustomSimProcedure[0m - [36mSyscall found:  strlen[<BV32 0x7ffefe80>][0m[0m
[1;32;40mINFO - 2023-05-29 07:23:23,501 - [36mCustomSimProcedure[0m - [36mSyscall found:  strncmp[<BV32 0x904a070>, <BV32 0x7ffefe80>, <BV32 0x6>][0m[0m
[1;32;40mINFO - 2023-05-29 07:23:23,502 - [36mCustomSimProcedure[0m - [36mSyscall found:  strcmp[<BV32 0x904a070>, <BV32 0x7ffefe80>][0m[0m
[1;32;40mINFO - 2023-05-29 07:23:23,555 - [32mSemaExplorerCDFS[0m - [32mA new block of execution have been executed with changes in sim_manager.[0m[0m
[1;32;40mINFO - 2023-05-29 07:23:23,555 - [32mSemaExplorerCDFS[0m - [32mCurrently, simulation manager is :
<SimulationManager with 6 active>[0m[0m
[1;32;40mINFO - 2023-05-29 07:23:23,556 - [32mSemaExplorerCDFS[0m - [32mpause stash len :7[0m[0m
[1;32;40mINFO - 2023-05-29 07:23:23,556 - [32mSemaExplorerCDFS[0m - [32mfork_stack : 1[0m[0m
[1;32;40mINFO - 2023-05-29 07:23:23,558 - [36mCustomSimProcedure[0m - [36mSyscall found:  pclose[<BV32 unconstrained_ret_popen_6819453_32{UNINITIALIZED}>][0m[0m
[1;32;40mINFO - 2023-05-29 07:23:23,704 - [36mCustomSimProcedure[0m - [36mSyscall found:  pclose[<BV32 unconstrained_ret_popen_6819456_32{UNINITIALIZED}>][0m[0m
[1;32;40mINFO - 2023-05-29 07:23:23,856 - [36mCustomSimProcedure[0m - [36mSyscall found:  strlen[<BV32 0x904a07d>][0m[0m
[1;32;40mINFO - 2023-05-29 07:23:23,860 - [36mCustomSimProcedure[0m - [36mSyscall found:  printf[<BV32 0x904a07d>][0m[0m
[1;32;40mINFO - 2023-05-29 07:23:23,932 - [32mSemaExplorerCDFS[0m - [32mA new block of execution have been executed with changes in sim_manager.[0m[0m
[1;32;40mINFO - 2023-05-29 07:23:23,933 - [32mSemaExplorerCDFS[0m - [32mCurrently, simulation manager is :
<SimulationManager with 7 active>[0m[0m
[1;32;40mINFO - 2023-05-29 07:23:23,933 - [32mSemaExplorerCDFS[0m - [32mpause stash len :8[0m[0m
[1;32;40mINFO - 2023-05-29 07:23:23,933 - [32mSemaExplorerCDFS[0m - [32mfork_stack : 2[0m[0m
[1;32;40mINFO - 2023-05-29 07:23:23,954 - [36mCustomSimProcedure[0m - [36mSyscall found:  pclose[<BV32 unconstrained_ret_popen_6819456_32{UNINITIALIZED}>][0m[0m
[1;32;40mINFO - 2023-05-29 07:23:24,075 - [36mCustomSimProcedure[0m - [36mSyscall found:  strlen[<BV32 0x904a07d>][0m[0m
[1;32;40mINFO - 2023-05-29 07:23:24,079 - [36mCustomSimProcedure[0m - [36mSyscall found:  printf[<BV32 0x904a07d>][0m[0m
[1;32;40mINFO - 2023-05-29 07:23:24,116 - [32mSemaExplorerCDFS[0m - [32mA new block of execution have been executed with changes in sim_manager.[0m[0m
[1;32;40mINFO - 2023-05-29 07:23:24,116 - [32mSemaExplorerCDFS[0m - [32mCurrently, simulation manager is :
<SimulationManager with 6 active>[0m[0m
[1;32;40mINFO - 2023-05-29 07:23:24,116 - [32mSemaExplorerCDFS[0m - [32mpause stash len :10[0m[0m
[1;32;40mINFO - 2023-05-29 07:23:24,116 - [32mSemaExplorerCDFS[0m - [32mfork_stack : 1[0m[0m
[1;32;40mINFO - 2023-05-29 07:23:24,203 - [36mCustomSimProcedure[0m - [36mSyscall found:  __libc_start_main[151294224, 1, 2147418032, 151295872, 151295984][0m[0m
[1;32;40mINFO - 2023-05-29 07:23:24,233 - [32mSemaExplorerCDFS[0m - [32mA new block of execution have been executed with changes in sim_manager.[0m[0m
[1;32;40mINFO - 2023-05-29 07:23:24,234 - [32mSemaExplorerCDFS[0m - [32mCurrently, simulation manager is :
<SimulationManager with 4 active, 1 deadended>[0m[0m
[1;32;40mINFO - 2023-05-29 07:23:24,234 - [32mSemaExplorerCDFS[0m - [32mpause stash len :11[0m[0m
[1;32;40mINFO - 2023-05-29 07:23:24,236 - [36mCustomSimProcedure[0m - [36mSyscall found:  __libc_start_main[151294224, 1, 2147418032, 151295872, 151295984][0m[0m
[1;32;40mINFO - 2023-05-29 07:23:24,246 - [36mCustomSimProcedure[0m - [36mSyscall found:  __libc_start_main[151294224, 1, 2147418032, 151295872, 151295984][0m[0m
[1;32;40mINFO - 2023-05-29 07:23:24,290 - [36mCustomSimProcedure[0m - [36mSyscall found:  strlen[<BV32 0x904a07d>][0m[0m
[1;32;40mINFO - 2023-05-29 07:23:24,294 - [36mCustomSimProcedure[0m - [36mSyscall found:  printf[<BV32 0x904a07d>][0m[0m
[1;32;40mINFO - 2023-05-29 07:23:24,295 - [32mSemaExplorerCDFS[0m - [32mA new block of execution have been executed with changes in sim_manager.[0m[0m
[1;32;40mINFO - 2023-05-29 07:23:24,296 - [32mSemaExplorerCDFS[0m - [32mCurrently, simulation manager is :
<SimulationManager with 3 active, 3 deadended>[0m[0m
[1;32;40mINFO - 2023-05-29 07:23:24,296 - [32mSemaExplorerCDFS[0m - [32mpause stash len :10[0m[0m
[1;32;40mINFO - 2023-05-29 07:23:24,299 - [36mCustomSimProcedure[0m - [36mSyscall found:  __libc_start_main[151294224, 1, 2147418032, 151295872, 151295984][0m[0m
[1;32;40mINFO - 2023-05-29 07:23:24,302 - [36mCustomSimProcedure[0m - [36mSyscall found:  __libc_start_main[151294224, 1, 2147418032, 151295872, 151295984][0m[0m
[1;32;40mINFO - 2023-05-29 07:23:24,356 - [36mCustomSimProcedure[0m - [36mSyscall found:  strlen[<BV32 0x904a07d>][0m[0m
[1;32;40mINFO - 2023-05-29 07:23:24,360 - [36mCustomSimProcedure[0m - [36mSyscall found:  printf[<BV32 0x904a07d>][0m[0m
[1;32;40mINFO - 2023-05-29 07:23:24,362 - [32mSemaExplorerCDFS[0m - [32mA new block of execution have been executed with changes in sim_manager.[0m[0m
[1;32;40mINFO - 2023-05-29 07:23:24,363 - [32mSemaExplorerCDFS[0m - [32mCurrently, simulation manager is :
<SimulationManager with 3 active, 5 deadended>[0m[0m
[1;32;40mINFO - 2023-05-29 07:23:24,363 - [32mSemaExplorerCDFS[0m - [32mpause stash len :8[0m[0m
[1;32;40mINFO - 2023-05-29 07:23:24,389 - [36mCustomSimProcedure[0m - [36mSyscall found:  pclose[<BV32 unconstrained_ret_popen_6819454_32{UNINITIALIZED}>][0m[0m
[1;32;40mINFO - 2023-05-29 07:23:24,648 - [36mCustomSimProcedure[0m - [36mSyscall found:  fgets[<BV32 0x7ffefe98>, <BV32 0x80>, <BV32 unconstrained_ret_popen_6819454_32{UNINITIALIZED}>][0m[0m
[1;32;40mINFO - 2023-05-29 07:23:24,693 - [32mSemaExplorerCDFS[0m - [32mA new block of execution have been executed with changes in sim_manager.[0m[0m
[1;32;40mINFO - 2023-05-29 07:23:24,694 - [32mSemaExplorerCDFS[0m - [32mCurrently, simulation manager is :
<SimulationManager with 6 active, 5 deadended>[0m[0m
[1;32;40mINFO - 2023-05-29 07:23:24,694 - [32mSemaExplorerCDFS[0m - [32mpause stash len :6[0m[0m
[1;32;40mINFO - 2023-05-29 07:23:24,694 - [32mSemaExplorerCDFS[0m - [32mfork_stack : 1[0m[0m
[1;32;40mINFO - 2023-05-29 07:23:24,762 - [36mCustomSimProcedure[0m - [36mSyscall found:  strlen[<BV32 0x904a07d>][0m[0m
[1;32;40mINFO - 2023-05-29 07:23:24,766 - [36mCustomSimProcedure[0m - [36mSyscall found:  printf[<BV32 0x904a07d>][0m[0m
[1;32;40mINFO - 2023-05-29 07:23:24,771 - [36mCustomSimProcedure[0m - [36mSyscall found:  __libc_start_main[151294224, 1, 2147418032, 151295872, 151295984][0m[0m
[1;32;40mINFO - 2023-05-29 07:23:24,774 - [36mCustomSimProcedure[0m - [36mSyscall found:  __libc_start_main[151294224, 1, 2147418032, 151295872, 151295984][0m[0m
[1;32;40mINFO - 2023-05-29 07:23:24,821 - [32mSemaExplorerCDFS[0m - [32mA new block of execution have been executed with changes in sim_manager.[0m[0m
[1;32;40mINFO - 2023-05-29 07:23:24,822 - [32mSemaExplorerCDFS[0m - [32mCurrently, simulation manager is :
<SimulationManager with 3 active, 7 deadended>[0m[0m
[1;32;40mINFO - 2023-05-29 07:23:24,822 - [32mSemaExplorerCDFS[0m - [32mpause stash len :7[0m[0m
[1;32;40mINFO - 2023-05-29 07:23:24,824 - [36mCustomSimProcedure[0m - [36mSyscall found:  __libc_start_main[151294224, 1, 2147418032, 151295872, 151295984][0m[0m
[1;32;40mINFO - 2023-05-29 07:23:24,884 - [36mCustomSimProcedure[0m - [36mSyscall found:  strlen[<BV32 0x904a077>][0m[0m
[1;32;40mINFO - 2023-05-29 07:23:24,885 - [36mCustomSimProcedure[0m - [36mSyscall found:  printf[<BV32 0x904a077>][0m[0m
[1;32;40mINFO - 2023-05-29 07:23:24,886 - [32mSemaExplorerCDFS[0m - [32mA new block of execution have been executed with changes in sim_manager.[0m[0m
[1;32;40mINFO - 2023-05-29 07:23:24,887 - [32mSemaExplorerCDFS[0m - [32mCurrently, simulation manager is :
<SimulationManager with 4 active, 8 deadended>[0m[0m
[1;32;40mINFO - 2023-05-29 07:23:24,887 - [32mSemaExplorerCDFS[0m - [32mpause stash len :5[0m[0m
[1;32;40mINFO - 2023-05-29 07:23:24,895 - [36mCustomSimProcedure[0m - [36mSyscall found:  __libc_start_main[151294224, 1, 2147418032, 151295872, 151295984][0m[0m
[1;32;40mINFO - 2023-05-29 07:23:24,912 - [36mCustomSimProcedure[0m - [36mSyscall found:  strlen[<BV32 0x904a070>][0m[0m
[1;32;40mINFO - 2023-05-29 07:23:24,914 - [36mCustomSimProcedure[0m - [36mSyscall found:  memcpy[<BV32 0x7ffefe80>, <BV32 0x904a070>, <BV32 0x6>][0m[0m
[1;32;40mINFO - 2023-05-29 07:23:24,914 - [36mCustomSimProcedure[0m - [36mSyscall found:  strncpy[<BV32 0x7ffefe80>, <BV32 0x904a070>, <BV32 0x6>][0m[0m
[1;32;40mINFO - 2023-05-29 07:23:24,959 - [32mSemaExplorerCDFS[0m - [32mA new block of execution have been executed with changes in sim_manager.[0m[0m
[1;32;40mINFO - 2023-05-29 07:23:24,959 - [32mSemaExplorerCDFS[0m - [32mCurrently, simulation manager is :
<SimulationManager with 4 active, 9 deadended>[0m[0m
[1;32;40mINFO - 2023-05-29 07:23:24,959 - [32mSemaExplorerCDFS[0m - [32mpause stash len :4[0m[0m
[1;32;40mINFO - 2023-05-29 07:23:24,961 - [36mCustomSimProcedure[0m - [36mSyscall found:  __libc_start_main[151294224, 1, 2147418032, 151295872, 151295984][0m[0m
[1;33;40mWARNING - 2023-05-29 07:23:25,010 - [33mangr.state_plugins.posix[0m - [33mTried to look up a symbolic fd - constrained to 4 and opened b'/tmp/angr_implicit_1'[0m[0m
[1;32;40mINFO - 2023-05-29 07:23:25,064 - [36mCustomSimProcedure[0m - [36mSyscall found:  fgets[<BV32 0x7ffefe98>, <BV32 0x80>, <BV32 unconstrained_ret_popen_6819455_32{UNINITIALIZED}>][0m[0m
[1;33;40mWARNING - 2023-05-29 07:23:25,223 - [32mangr.storage.memory_mixins.default_filler_mixin[0m - [32mFilling memory at 0x40038 with 4 unconstrained bytes referenced from 0xa100008 (fgets+0x0 in extern-address space (0x8))[0m[0m
[1;33;40mWARNING - 2023-05-29 07:23:25,267 - [33mangr.state_plugins.posix[0m - [33mTried to look up a symbolic fd - constrained to 4 and opened b'/tmp/angr_implicit_1'[0m[0m
[1;32;40mINFO - 2023-05-29 07:23:25,324 - [36mCustomSimProcedure[0m - [36mSyscall found:  fgets[<BV32 0x7ffefe98>, <BV32 0x80>, <BV32 unconstrained_ret_popen_6819455_32{UNINITIALIZED}>][0m[0m
[1;32;40mINFO - 2023-05-29 07:23:25,409 - [36mCustomSimProcedure[0m - [36mSyscall found:  strlen[<BV32 0x904a070>][0m[0m
[1;32;40mINFO - 2023-05-29 07:23:25,413 - [36mCustomSimProcedure[0m - [36mSyscall found:  strlen[<BV32 0x7ffefe80>][0m[0m
[1;32;40mINFO - 2023-05-29 07:23:25,417 - [36mCustomSimProcedure[0m - [36mSyscall found:  strncmp[<BV32 0x904a070>, <BV32 0x7ffefe80>, <BV32 0x6>][0m[0m
[1;32;40mINFO - 2023-05-29 07:23:25,417 - [36mCustomSimProcedure[0m - [36mSyscall found:  strcmp[<BV32 0x904a070>, <BV32 0x7ffefe80>][0m[0m
[1;32;40mINFO - 2023-05-29 07:23:25,446 - [32mSemaExplorerCDFS[0m - [32mA new block of execution have been executed with changes in sim_manager.[0m[0m
[1;32;40mINFO - 2023-05-29 07:23:25,446 - [32mSemaExplorerCDFS[0m - [32mCurrently, simulation manager is :
<SimulationManager with 4 active, 10 deadended>[0m[0m
[1;32;40mINFO - 2023-05-29 07:23:25,446 - [32mSemaExplorerCDFS[0m - [32mpause stash len :3[0m[0m
[1;33;40mWARNING - 2023-05-29 07:23:25,567 - [33mangr.state_plugins.posix[0m - [33mTried to look up a symbolic fd - constrained to 4 and opened b'/tmp/angr_implicit_1'[0m[0m
[1;32;40mINFO - 2023-05-29 07:23:25,626 - [36mCustomSimProcedure[0m - [36mSyscall found:  fgets[<BV32 0x7ffefe98>, <BV32 0x80>, <BV32 unconstrained_ret_popen_6819452_32{UNINITIALIZED}>][0m[0m
[1;32;40mINFO - 2023-05-29 07:23:25,702 - [36mCustomSimProcedure[0m - [36mSyscall found:  strlen[<BV32 0x904a070>][0m[0m
[1;32;40mINFO - 2023-05-29 07:23:25,703 - [36mCustomSimProcedure[0m - [36mSyscall found:  memcpy[<BV32 0x7ffefe80>, <BV32 0x904a070>, <BV32 0x6>][0m[0m
[1;32;40mINFO - 2023-05-29 07:23:25,703 - [36mCustomSimProcedure[0m - [36mSyscall found:  strncpy[<BV32 0x7ffefe80>, <BV32 0x904a070>, <BV32 0x6>][0m[0m
[1;32;40mINFO - 2023-05-29 07:23:25,709 - [36mCustomSimProcedure[0m - [36mSyscall found:  strlen[<BV32 0x904a070>][0m[0m
[1;32;40mINFO - 2023-05-29 07:23:25,711 - [36mCustomSimProcedure[0m - [36mSyscall found:  memcpy[<BV32 0x7ffefe80>, <BV32 0x904a070>, <BV32 0x6>][0m[0m
[1;32;40mINFO - 2023-05-29 07:23:25,712 - [36mCustomSimProcedure[0m - [36mSyscall found:  strncpy[<BV32 0x7ffefe80>, <BV32 0x904a070>, <BV32 0x6>][0m[0m
[1;32;40mINFO - 2023-05-29 07:23:25,868 - [36mCustomSimProcedure[0m - [36mSyscall found:  fgets[<BV32 0x7ffefe98>, <BV32 0x80>, <BV32 unconstrained_ret_popen_6819452_32{UNINITIALIZED}>][0m[0m
[1;32;40mINFO - 2023-05-29 07:23:25,873 - [36mCustomSimProcedure[0m - [36mSyscall found:  pclose[<BV32 unconstrained_ret_popen_6819454_32{UNINITIALIZED}>][0m[0m
[1;32;40mINFO - 2023-05-29 07:23:25,948 - [36mCustomSimProcedure[0m - [36mSyscall found:  strlen[<BV32 0x904a070>][0m[0m
[1;32;40mINFO - 2023-05-29 07:23:25,949 - [36mCustomSimProcedure[0m - [36mSyscall found:  memcpy[<BV32 0x7ffefe80>, <BV32 0x904a070>, <BV32 0x6>][0m[0m
[1;32;40mINFO - 2023-05-29 07:23:25,949 - [36mCustomSimProcedure[0m - [36mSyscall found:  strncpy[<BV32 0x7ffefe80>, <BV32 0x904a070>, <BV32 0x6>][0m[0m
[1;32;40mINFO - 2023-05-29 07:23:25,969 - [32mSemaExplorerCDFS[0m - [32mA new block of execution have been executed with changes in sim_manager.[0m[0m
[1;32;40mINFO - 2023-05-29 07:23:25,969 - [32mSemaExplorerCDFS[0m - [32mCurrently, simulation manager is :
<SimulationManager with 6 active, 10 deadended>[0m[0m
[1;32;40mINFO - 2023-05-29 07:23:25,969 - [32mSemaExplorerCDFS[0m - [32mpause stash len :2[0m[0m
[1;32;40mINFO - 2023-05-29 07:23:25,969 - [32mSemaExplorerCDFS[0m - [32mfork_stack : 1[0m[0m
[1;32;40mINFO - 2023-05-29 07:23:25,986 - [36mCustomSimProcedure[0m - [36mSyscall found:  strlen[<BV32 0x904a070>][0m[0m
[1;32;40mINFO - 2023-05-29 07:23:25,989 - [36mCustomSimProcedure[0m - [36mSyscall found:  strlen[<BV32 0x7ffefe80>][0m[0m
[1;32;40mINFO - 2023-05-29 07:23:25,993 - [36mCustomSimProcedure[0m - [36mSyscall found:  strncmp[<BV32 0x904a070>, <BV32 0x7ffefe80>, <BV32 0x6>][0m[0m
[1;32;40mINFO - 2023-05-29 07:23:25,993 - [36mCustomSimProcedure[0m - [36mSyscall found:  strcmp[<BV32 0x904a070>, <BV32 0x7ffefe80>][0m[0m
[1;32;40mINFO - 2023-05-29 07:23:26,000 - [36mCustomSimProcedure[0m - [36mSyscall found:  strlen[<BV32 0x904a070>][0m[0m
[1;32;40mINFO - 2023-05-29 07:23:26,003 - [36mCustomSimProcedure[0m - [36mSyscall found:  strlen[<BV32 0x7ffefe80>][0m[0m
[1;32;40mINFO - 2023-05-29 07:23:26,005 - [36mCustomSimProcedure[0m - [36mSyscall found:  strncmp[<BV32 0x904a070>, <BV32 0x7ffefe80>, <BV32 0x6>][0m[0m
[1;32;40mINFO - 2023-05-29 07:23:26,005 - [36mCustomSimProcedure[0m - [36mSyscall found:  strcmp[<BV32 0x904a070>, <BV32 0x7ffefe80>][0m[0m
[1;32;40mINFO - 2023-05-29 07:23:26,044 - [36mCustomSimProcedure[0m - [36mSyscall found:  strlen[<BV32 0x904a07d>][0m[0m
[1;32;40mINFO - 2023-05-29 07:23:26,048 - [36mCustomSimProcedure[0m - [36mSyscall found:  printf[<BV32 0x904a07d>][0m[0m
[1;32;40mINFO - 2023-05-29 07:23:26,108 - [36mCustomSimProcedure[0m - [36mSyscall found:  strlen[<BV32 0x904a070>][0m[0m
[1;32;40mINFO - 2023-05-29 07:23:26,110 - [36mCustomSimProcedure[0m - [36mSyscall found:  strlen[<BV32 0x7ffefe80>][0m[0m
[1;32;40mINFO - 2023-05-29 07:23:26,113 - [36mCustomSimProcedure[0m - [36mSyscall found:  strncmp[<BV32 0x904a070>, <BV32 0x7ffefe80>, <BV32 0x6>][0m[0m
[1;32;40mINFO - 2023-05-29 07:23:26,114 - [36mCustomSimProcedure[0m - [36mSyscall found:  strcmp[<BV32 0x904a070>, <BV32 0x7ffefe80>][0m[0m
[1;32;40mINFO - 2023-05-29 07:23:26,164 - [36mCustomSimProcedure[0m - [36mSyscall found:  pclose[<BV32 unconstrained_ret_popen_6819455_32{UNINITIALIZED}>][0m[0m
[1;32;40mINFO - 2023-05-29 07:23:26,293 - [36mCustomSimProcedure[0m - [36mSyscall found:  pclose[<BV32 unconstrained_ret_popen_6819455_32{UNINITIALIZED}>][0m[0m
[1;32;40mINFO - 2023-05-29 07:23:26,468 - [32mSemaExplorerCDFS[0m - [32mA new block of execution have been executed with changes in sim_manager.[0m[0m
[1;32;40mINFO - 2023-05-29 07:23:26,468 - [32mSemaExplorerCDFS[0m - [32mCurrently, simulation manager is :
<SimulationManager with 7 active, 10 deadended>[0m[0m
[1;32;40mINFO - 2023-05-29 07:23:26,468 - [32mSemaExplorerCDFS[0m - [32mpause stash len :3[0m[0m
[1;32;40mINFO - 2023-05-29 07:23:26,468 - [32mSemaExplorerCDFS[0m - [32mfork_stack : 2[0m[0m
[1;32;40mINFO - 2023-05-29 07:23:26,471 - [36mCustomSimProcedure[0m - [36mSyscall found:  __libc_start_main[151294224, 1, 2147418032, 151295872, 151295984][0m[0m
[1;32;40mINFO - 2023-05-29 07:23:26,527 - [36mCustomSimProcedure[0m - [36mSyscall found:  strlen[<BV32 0x904a07d>][0m[0m
[1;32;40mINFO - 2023-05-29 07:23:26,532 - [36mCustomSimProcedure[0m - [36mSyscall found:  printf[<BV32 0x904a07d>][0m[0m
[1;32;40mINFO - 2023-05-29 07:23:26,542 - [32mSemaExplorerCDFS[0m - [32mA new block of execution have been executed with changes in sim_manager.[0m[0m
[1;32;40mINFO - 2023-05-29 07:23:26,542 - [32mSemaExplorerCDFS[0m - [32mCurrently, simulation manager is :
<SimulationManager with 4 active, 11 deadended>[0m[0m
[1;32;40mINFO - 2023-05-29 07:23:26,542 - [32mSemaExplorerCDFS[0m - [32mpause stash len :5[0m[0m
[1;32;40mINFO - 2023-05-29 07:23:26,547 - [36mCustomSimProcedure[0m - [36mSyscall found:  __libc_start_main[151294224, 1, 2147418032, 151295872, 151295984][0m[0m
[1;32;40mINFO - 2023-05-29 07:23:26,611 - [36mCustomSimProcedure[0m - [36mSyscall found:  strlen[<BV32 0x904a07d>][0m[0m
[1;32;40mINFO - 2023-05-29 07:23:26,615 - [36mCustomSimProcedure[0m - [36mSyscall found:  printf[<BV32 0x904a07d>][0m[0m
[1;32;40mINFO - 2023-05-29 07:23:26,617 - [32mSemaExplorerCDFS[0m - [32mA new block of execution have been executed with changes in sim_manager.[0m[0m
[1;32;40mINFO - 2023-05-29 07:23:26,618 - [32mSemaExplorerCDFS[0m - [32mCurrently, simulation manager is :
<SimulationManager with 4 active, 12 deadended>[0m[0m
[1;32;40mINFO - 2023-05-29 07:23:26,618 - [32mSemaExplorerCDFS[0m - [32mpause stash len :4[0m[0m
[1;32;40mINFO - 2023-05-29 07:23:26,653 - [36mCustomSimProcedure[0m - [36mSyscall found:  pclose[<BV32 unconstrained_ret_popen_6819452_32{UNINITIALIZED}>][0m[0m
[1;32;40mINFO - 2023-05-29 07:23:26,810 - [32mSemaExplorerCDFS[0m - [32mA new block of execution have been executed with changes in sim_manager.[0m[0m
[1;32;40mINFO - 2023-05-29 07:23:26,810 - [32mSemaExplorerCDFS[0m - [32mCurrently, simulation manager is :
<SimulationManager with 6 active, 12 deadended>[0m[0m
[1;32;40mINFO - 2023-05-29 07:23:26,810 - [32mSemaExplorerCDFS[0m - [32mpause stash len :3[0m[0m
[1;32;40mINFO - 2023-05-29 07:23:26,810 - [32mSemaExplorerCDFS[0m - [32mfork_stack : 1[0m[0m
[1;32;40mINFO - 2023-05-29 07:23:26,813 - [36mCustomSimProcedure[0m - [36mSyscall found:  __libc_start_main[151294224, 1, 2147418032, 151295872, 151295984][0m[0m
[1;32;40mINFO - 2023-05-29 07:23:26,825 - [36mCustomSimProcedure[0m - [36mSyscall found:  __libc_start_main[151294224, 1, 2147418032, 151295872, 151295984][0m[0m
[1;32;40mINFO - 2023-05-29 07:23:26,864 - [32mSemaExplorerCDFS[0m - [32mA new block of execution have been executed with changes in sim_manager.[0m[0m
[1;32;40mINFO - 2023-05-29 07:23:26,865 - [32mSemaExplorerCDFS[0m - [32mCurrently, simulation manager is :
<SimulationManager with 3 active, 14 deadended>[0m[0m
[1;32;40mINFO - 2023-05-29 07:23:26,865 - [32mSemaExplorerCDFS[0m - [32mpause stash len :4[0m[0m
[1;32;40mINFO - 2023-05-29 07:23:26,868 - [36mCustomSimProcedure[0m - [36mSyscall found:  __libc_start_main[151294224, 1, 2147418032, 151295872, 151295984][0m[0m
[1;32;40mINFO - 2023-05-29 07:23:26,923 - [36mCustomSimProcedure[0m - [36mSyscall found:  strlen[<BV32 0x904a07d>][0m[0m
[1;32;40mINFO - 2023-05-29 07:23:26,927 - [36mCustomSimProcedure[0m - [36mSyscall found:  printf[<BV32 0x904a07d>][0m[0m
[1;32;40mINFO - 2023-05-29 07:23:26,938 - [36mCustomSimProcedure[0m - [36mSyscall found:  strlen[<BV32 0x904a070>][0m[0m
[1;32;40mINFO - 2023-05-29 07:23:26,942 - [36mCustomSimProcedure[0m - [36mSyscall found:  memcpy[<BV32 0x7ffefe80>, <BV32 0x904a070>, <BV32 0x6>][0m[0m
[1;32;40mINFO - 2023-05-29 07:23:26,942 - [36mCustomSimProcedure[0m - [36mSyscall found:  strncpy[<BV32 0x7ffefe80>, <BV32 0x904a070>, <BV32 0x6>][0m[0m
[1;32;40mINFO - 2023-05-29 07:23:26,944 - [32mSemaExplorerCDFS[0m - [32mA new block of execution have been executed with changes in sim_manager.[0m[0m
[1;32;40mINFO - 2023-05-29 07:23:26,945 - [32mSemaExplorerCDFS[0m - [32mCurrently, simulation manager is :
<SimulationManager with 4 active, 15 deadended>[0m[0m
[1;32;40mINFO - 2023-05-29 07:23:26,945 - [32mSemaExplorerCDFS[0m - [32mpause stash len :2[0m[0m
[1;32;40mINFO - 2023-05-29 07:23:26,950 - [36mCustomSimProcedure[0m - [36mSyscall found:  __libc_start_main[151294224, 1, 2147418032, 151295872, 151295984][0m[0m
[1;32;40mINFO - 2023-05-29 07:23:27,011 - [32mSemaExplorerCDFS[0m - [32mA new block of execution have been executed with changes in sim_manager.[0m[0m
[1;32;40mINFO - 2023-05-29 07:23:27,011 - [32mSemaExplorerCDFS[0m - [32mCurrently, simulation manager is :
<SimulationManager with 4 active, 16 deadended>[0m[0m
[1;32;40mINFO - 2023-05-29 07:23:27,011 - [32mSemaExplorerCDFS[0m - [32mpause stash len :1[0m[0m
[1;32;40mINFO - 2023-05-29 07:23:27,014 - [36mCustomSimProcedure[0m - [36mSyscall found:  __libc_start_main[151294224, 1, 2147418032, 151295872, 151295984][0m[0m
[1;32;40mINFO - 2023-05-29 07:23:27,027 - [36mCustomSimProcedure[0m - [36mSyscall found:  strlen[<BV32 0x904a070>][0m[0m
[1;32;40mINFO - 2023-05-29 07:23:27,030 - [36mCustomSimProcedure[0m - [36mSyscall found:  strlen[<BV32 0x7ffefe80>][0m[0m
[1;32;40mINFO - 2023-05-29 07:23:27,033 - [36mCustomSimProcedure[0m - [36mSyscall found:  strncmp[<BV32 0x904a070>, <BV32 0x7ffefe80>, <BV32 0x6>][0m[0m
[1;32;40mINFO - 2023-05-29 07:23:27,034 - [36mCustomSimProcedure[0m - [36mSyscall found:  strcmp[<BV32 0x904a070>, <BV32 0x7ffefe80>][0m[0m
[1;32;40mINFO - 2023-05-29 07:23:27,039 - [36mCustomSimProcedure[0m - [36mSyscall found:  popen[<BV32 0x904a04a>, <BV32 0x904a06e>][0m[0m
[1;32;40mINFO - 2023-05-29 07:23:27,069 - [36mCustomSimProcedure[0m - [36mSyscall found:  pclose[<BV32 unconstrained_ret_popen_6819438_32{UNINITIALIZED}>][0m[0m
[1;32;40mINFO - 2023-05-29 07:23:27,241 - [32mSemaExplorerCDFS[0m - [32mA new block of execution have been executed with changes in sim_manager.[0m[0m
[1;32;40mINFO - 2023-05-29 07:23:27,241 - [32mSemaExplorerCDFS[0m - [32mCurrently, simulation manager is :
<SimulationManager with 6 active, 17 deadended>[0m[0m
[1;32;40mINFO - 2023-05-29 07:23:27,242 - [32mSemaExplorerCDFS[0m - [32mpause stash len :0[0m[0m
[1;32;40mINFO - 2023-05-29 07:23:27,242 - [32mSemaExplorerCDFS[0m - [32mfork_stack : 2[0m[0m
[1;32;40mINFO - 2023-05-29 07:23:27,291 - [36mCustomSimProcedure[0m - [36mSyscall found:  strlen[<BV32 0x904a077>][0m[0m
[1;32;40mINFO - 2023-05-29 07:23:27,292 - [36mCustomSimProcedure[0m - [36mSyscall found:  printf[<BV32 0x904a077>][0m[0m
[1;32;40mINFO - 2023-05-29 07:23:27,308 - [36mCustomSimProcedure[0m - [36mSyscall found:  __libc_start_main[151294224, 1, 2147418032, 151295872, 151295984][0m[0m
[1;32;40mINFO - 2023-05-29 07:23:27,310 - [36mCustomSimProcedure[0m - [36mSyscall found:  pclose[<BV32 unconstrained_ret_popen_6819452_32{UNINITIALIZED}>][0m[0m
[1;33;40mWARNING - 2023-05-29 07:23:27,471 - [32mangr.storage.memory_mixins.default_filler_mixin[0m - [32mFilling memory at 0xb with 4 unconstrained bytes referenced from 0xa100008 (fgets+0x0 in extern-address space (0x8))[0m[0m
[1;33;40mWARNING - 2023-05-29 07:23:27,517 - [33mangr.state_plugins.posix[0m - [33mTried to look up a symbolic fd - constrained to 4 and opened b'/tmp/angr_implicit_1'[0m[0m
[1;32;40mINFO - 2023-05-29 07:23:27,571 - [36mCustomSimProcedure[0m - [36mSyscall found:  fgets[<BV32 0x7ffefe98>, <BV32 0x80>, <BV32 unconstrained_ret_popen_6819484_32{UNINITIALIZED}>][0m[0m
[1;32;40mINFO - 2023-05-29 07:23:27,656 - [32mSemaExplorerCDFS[0m - [32mA new block of execution have been executed with changes in sim_manager.[0m[0m
[1;32;40mINFO - 2023-05-29 07:23:27,656 - [32mSemaExplorerCDFS[0m - [32mCurrently, simulation manager is :
<SimulationManager with 5 active, 18 deadended>[0m[0m
[1;32;40mINFO - 2023-05-29 07:23:27,656 - [32mSemaExplorerCDFS[0m - [32mpause stash len :1[0m[0m
[1;32;40mINFO - 2023-05-29 07:23:27,656 - [32mSemaExplorerCDFS[0m - [32mfork_stack : 1[0m[0m
[1;33;40mWARNING - 2023-05-29 07:23:27,711 - [33mangr.state_plugins.posix[0m - [33mTried to look up a symbolic fd - constrained to 4 and opened b'/tmp/angr_implicit_1'[0m[0m
[1;32;40mINFO - 2023-05-29 07:23:27,766 - [36mCustomSimProcedure[0m - [36mSyscall found:  fgets[<BV32 0x7ffefe98>, <BV32 0x80>, <BV32 unconstrained_ret_popen_6819484_32{UNINITIALIZED}>][0m[0m
[1;32;40mINFO - 2023-05-29 07:23:27,827 - [36mCustomSimProcedure[0m - [36mSyscall found:  popen[<BV32 0x904a04a>, <BV32 0x904a06e>][0m[0m
[1;32;40mINFO - 2023-05-29 07:23:27,871 - [36mCustomSimProcedure[0m - [36mSyscall found:  strlen[<BV32 0x904a07d>][0m[0m
[1;32;40mINFO - 2023-05-29 07:23:27,875 - [36mCustomSimProcedure[0m - [36mSyscall found:  printf[<BV32 0x904a07d>][0m[0m
[1;32;40mINFO - 2023-05-29 07:23:27,909 - [32mSemaExplorerCDFS[0m - [32mA new block of execution have been executed with changes in sim_manager.[0m[0m
[1;32;40mINFO - 2023-05-29 07:23:27,910 - [32mSemaExplorerCDFS[0m - [32mCurrently, simulation manager is :
<SimulationManager with 6 active, 18 deadended>[0m[0m
[1;32;40mINFO - 2023-05-29 07:23:27,910 - [32mSemaExplorerCDFS[0m - [32mpause stash len :1[0m[0m
[1;32;40mINFO - 2023-05-29 07:23:27,910 - [32mSemaExplorerCDFS[0m - [32mfork_stack : 1[0m[0m
[1;32;40mINFO - 2023-05-29 07:23:27,950 - [36mCustomSimProcedure[0m - [36mSyscall found:  strlen[<BV32 0x904a070>][0m[0m
[1;32;40mINFO - 2023-05-29 07:23:27,951 - [36mCustomSimProcedure[0m - [36mSyscall found:  memcpy[<BV32 0x7ffefe80>, <BV32 0x904a070>, <BV32 0x6>][0m[0m
[1;32;40mINFO - 2023-05-29 07:23:27,951 - [36mCustomSimProcedure[0m - [36mSyscall found:  strncpy[<BV32 0x7ffefe80>, <BV32 0x904a070>, <BV32 0x6>][0m[0m
[1;32;40mINFO - 2023-05-29 07:23:27,991 - [36mCustomSimProcedure[0m - [36mSyscall found:  strlen[<BV32 0x904a077>][0m[0m
[1;32;40mINFO - 2023-05-29 07:23:27,992 - [36mCustomSimProcedure[0m - [36mSyscall found:  printf[<BV32 0x904a077>][0m[0m
[1;32;40mINFO - 2023-05-29 07:23:28,016 - [36mCustomSimProcedure[0m - [36mSyscall found:  strlen[<BV32 0x904a070>][0m[0m
[1;32;40mINFO - 2023-05-29 07:23:28,017 - [36mCustomSimProcedure[0m - [36mSyscall found:  memcpy[<BV32 0x7ffefe80>, <BV32 0x904a070>, <BV32 0x6>][0m[0m
[1;32;40mINFO - 2023-05-29 07:23:28,017 - [36mCustomSimProcedure[0m - [36mSyscall found:  strncpy[<BV32 0x7ffefe80>, <BV32 0x904a070>, <BV32 0x6>][0m[0m
[1;32;40mINFO - 2023-05-29 07:23:28,060 - [36mCustomSimProcedure[0m - [36mSyscall found:  strlen[<BV32 0x904a070>][0m[0m
[1;32;40mINFO - 2023-05-29 07:23:28,063 - [36mCustomSimProcedure[0m - [36mSyscall found:  strlen[<BV32 0x7ffefe80>][0m[0m
[1;32;40mINFO - 2023-05-29 07:23:28,065 - [36mCustomSimProcedure[0m - [36mSyscall found:  strncmp[<BV32 0x904a070>, <BV32 0x7ffefe80>, <BV32 0x6>][0m[0m
[1;32;40mINFO - 2023-05-29 07:23:28,066 - [36mCustomSimProcedure[0m - [36mSyscall found:  strcmp[<BV32 0x904a070>, <BV32 0x7ffefe80>][0m[0m
[1;32;40mINFO - 2023-05-29 07:23:28,074 - [36mCustomSimProcedure[0m - [36mSyscall found:  __libc_start_main[151294224, 1, 2147418032, 151295872, 151295984][0m[0m
[1;32;40mINFO - 2023-05-29 07:23:28,185 - [36mCustomSimProcedure[0m - [36mSyscall found:  fgets[<BV32 0x7ffefe98>, <BV32 0x80>, <BV32 unconstrained_ret_popen_6819490_32{UNINITIALIZED}>][0m[0m
[1;32;40mINFO - 2023-05-29 07:23:28,238 - [36mCustomSimProcedure[0m - [36mSyscall found:  strlen[<BV32 0x904a070>][0m[0m
[1;32;40mINFO - 2023-05-29 07:23:28,241 - [36mCustomSimProcedure[0m - [36mSyscall found:  strlen[<BV32 0x7ffefe80>][0m[0m
[1;32;40mINFO - 2023-05-29 07:23:28,244 - [36mCustomSimProcedure[0m - [36mSyscall found:  strncmp[<BV32 0x904a070>, <BV32 0x7ffefe80>, <BV32 0x6>][0m[0m
[1;32;40mINFO - 2023-05-29 07:23:28,244 - [36mCustomSimProcedure[0m - [36mSyscall found:  strcmp[<BV32 0x904a070>, <BV32 0x7ffefe80>][0m[0m
[1;32;40mINFO - 2023-05-29 07:23:28,269 - [32mSemaExplorerCDFS[0m - [32mA new block of execution have been executed with changes in sim_manager.[0m[0m
[1;32;40mINFO - 2023-05-29 07:23:28,269 - [32mSemaExplorerCDFS[0m - [32mCurrently, simulation manager is :
<SimulationManager with 4 active, 19 deadended>[0m[0m
[1;32;40mINFO - 2023-05-29 07:23:28,269 - [32mSemaExplorerCDFS[0m - [32mpause stash len :2[0m[0m
[1;32;40mINFO - 2023-05-29 07:23:28,272 - [36mCustomSimProcedure[0m - [36mSyscall found:  __libc_start_main[151294224, 1, 2147418032, 151295872, 151295984][0m[0m
[1;32;40mINFO - 2023-05-29 07:23:28,328 - [36mCustomSimProcedure[0m - [36mSyscall found:  pclose[<BV32 unconstrained_ret_popen_6819484_32{UNINITIALIZED}>][0m[0m
[1;32;40mINFO - 2023-05-29 07:23:28,457 - [32mSemaExplorerCDFS[0m - [32mA new block of execution have been executed with changes in sim_manager.[0m[0m
[1;32;40mINFO - 2023-05-29 07:23:28,458 - [32mSemaExplorerCDFS[0m - [32mCurrently, simulation manager is :
<SimulationManager with 4 active, 20 deadended>[0m[0m
[1;32;40mINFO - 2023-05-29 07:23:28,458 - [32mSemaExplorerCDFS[0m - [32mpause stash len :1[0m[0m
[1;32;40mINFO - 2023-05-29 07:23:28,484 - [36mCustomSimProcedure[0m - [36mSyscall found:  strlen[<BV32 0x904a070>][0m[0m
[1;32;40mINFO - 2023-05-29 07:23:28,485 - [36mCustomSimProcedure[0m - [36mSyscall found:  memcpy[<BV32 0x7ffefe80>, <BV32 0x904a070>, <BV32 0x6>][0m[0m
[1;32;40mINFO - 2023-05-29 07:23:28,485 - [36mCustomSimProcedure[0m - [36mSyscall found:  strncpy[<BV32 0x7ffefe80>, <BV32 0x904a070>, <BV32 0x6>][0m[0m
[1;33;40mWARNING - 2023-05-29 07:23:28,653 - [33mangr.state_plugins.posix[0m - [33mTried to look up a symbolic fd - constrained to 4 and opened b'/tmp/angr_implicit_1'[0m[0m
[1;32;40mINFO - 2023-05-29 07:23:28,708 - [36mCustomSimProcedure[0m - [36mSyscall found:  fgets[<BV32 0x7ffefe98>, <BV32 0x80>, <BV32 unconstrained_ret_popen_6819490_32{UNINITIALIZED}>][0m[0m
[1;32;40mINFO - 2023-05-29 07:23:28,754 - [32mSemaExplorerCDFS[0m - [32mA new block of execution have been executed with changes in sim_manager.[0m[0m
[1;32;40mINFO - 2023-05-29 07:23:28,754 - [32mSemaExplorerCDFS[0m - [32mCurrently, simulation manager is :
<SimulationManager with 6 active, 20 deadended>[0m[0m
[1;32;40mINFO - 2023-05-29 07:23:28,754 - [32mSemaExplorerCDFS[0m - [32mpause stash len :0[0m[0m
[1;32;40mINFO - 2023-05-29 07:23:28,754 - [32mSemaExplorerCDFS[0m - [32mfork_stack : 1[0m[0m
[1;32;40mINFO - 2023-05-29 07:23:28,757 - [36mCustomSimProcedure[0m - [36mSyscall found:  pclose[<BV32 unconstrained_ret_popen_6819484_32{UNINITIALIZED}>][0m[0m
[1;32;40mINFO - 2023-05-29 07:23:28,942 - [36mCustomSimProcedure[0m - [36mSyscall found:  strlen[<BV32 0x904a07d>][0m[0m
[1;32;40mINFO - 2023-05-29 07:23:28,946 - [36mCustomSimProcedure[0m - [36mSyscall found:  printf[<BV32 0x904a07d>][0m[0m
[1;32;40mINFO - 2023-05-29 07:23:28,973 - [32mSemaExplorerCDFS[0m - [32mA new block of execution have been executed with changes in sim_manager.[0m[0m
[1;32;40mINFO - 2023-05-29 07:23:28,973 - [32mSemaExplorerCDFS[0m - [32mCurrently, simulation manager is :
<SimulationManager with 6 active, 20 deadended>[0m[0m
[1;32;40mINFO - 2023-05-29 07:23:28,973 - [32mSemaExplorerCDFS[0m - [32mpause stash len :1[0m[0m
[1;32;40mINFO - 2023-05-29 07:23:28,974 - [32mSemaExplorerCDFS[0m - [32mfork_stack : 1[0m[0m
[1;32;40mINFO - 2023-05-29 07:23:29,005 - [36mCustomSimProcedure[0m - [36mSyscall found:  strlen[<BV32 0x904a070>][0m[0m
[1;32;40mINFO - 2023-05-29 07:23:29,008 - [36mCustomSimProcedure[0m - [36mSyscall found:  strlen[<BV32 0x7ffefe80>][0m[0m
[1;32;40mINFO - 2023-05-29 07:23:29,010 - [36mCustomSimProcedure[0m - [36mSyscall found:  strncmp[<BV32 0x904a070>, <BV32 0x7ffefe80>, <BV32 0x6>][0m[0m
[1;32;40mINFO - 2023-05-29 07:23:29,011 - [36mCustomSimProcedure[0m - [36mSyscall found:  strcmp[<BV32 0x904a070>, <BV32 0x7ffefe80>][0m[0m
[1;32;40mINFO - 2023-05-29 07:23:29,037 - [36mCustomSimProcedure[0m - [36mSyscall found:  strlen[<BV32 0x904a07d>][0m[0m
[1;32;40mINFO - 2023-05-29 07:23:29,041 - [36mCustomSimProcedure[0m - [36mSyscall found:  printf[<BV32 0x904a07d>][0m[0m
[1;32;40mINFO - 2023-05-29 07:23:29,143 - [36mCustomSimProcedure[0m - [36mSyscall found:  __libc_start_main[151294224, 1, 2147418032, 151295872, 151295984][0m[0m
[1;32;40mINFO - 2023-05-29 07:23:29,154 - [36mCustomSimProcedure[0m - [36mSyscall found:  pclose[<BV32 unconstrained_ret_popen_6819490_32{UNINITIALIZED}>][0m[0m
[1;32;40mINFO - 2023-05-29 07:23:29,314 - [32mSemaExplorerCDFS[0m - [32mA new block of execution have been executed with changes in sim_manager.[0m[0m
[1;32;40mINFO - 2023-05-29 07:23:29,314 - [32mSemaExplorerCDFS[0m - [32mCurrently, simulation manager is :
<SimulationManager with 5 active, 21 deadended>[0m[0m
[1;32;40mINFO - 2023-05-29 07:23:29,314 - [32mSemaExplorerCDFS[0m - [32mpause stash len :2[0m[0m
[1;32;40mINFO - 2023-05-29 07:23:29,314 - [32mSemaExplorerCDFS[0m - [32mfork_stack : 1[0m[0m
[1;32;40mINFO - 2023-05-29 07:23:29,317 - [36mCustomSimProcedure[0m - [36mSyscall found:  __libc_start_main[151294224, 1, 2147418032, 151295872, 151295984][0m[0m
[1;32;40mINFO - 2023-05-29 07:23:29,329 - [36mCustomSimProcedure[0m - [36mSyscall found:  __libc_start_main[151294224, 1, 2147418032, 151295872, 151295984][0m[0m
[1;32;40mINFO - 2023-05-29 07:23:29,376 - [36mCustomSimProcedure[0m - [36mSyscall found:  strlen[<BV32 0x904a07d>][0m[0m
[1;32;40mINFO - 2023-05-29 07:23:29,380 - [36mCustomSimProcedure[0m - [36mSyscall found:  printf[<BV32 0x904a07d>][0m[0m
[1;32;40mINFO - 2023-05-29 07:23:29,383 - [32mSemaExplorerCDFS[0m - [32mA new block of execution have been executed with changes in sim_manager.[0m[0m
[1;32;40mINFO - 2023-05-29 07:23:29,384 - [32mSemaExplorerCDFS[0m - [32mCurrently, simulation manager is :
<SimulationManager with 3 active, 23 deadended>[0m[0m
[1;32;40mINFO - 2023-05-29 07:23:29,384 - [32mSemaExplorerCDFS[0m - [32mpause stash len :2[0m[0m
[1;32;40mINFO - 2023-05-29 07:23:29,387 - [36mCustomSimProcedure[0m - [36mSyscall found:  __libc_start_main[151294224, 1, 2147418032, 151295872, 151295984][0m[0m
[1;32;40mINFO - 2023-05-29 07:23:29,423 - [36mCustomSimProcedure[0m - [36mSyscall found:  strlen[<BV32 0x904a07d>][0m[0m
[1;32;40mINFO - 2023-05-29 07:23:29,427 - [36mCustomSimProcedure[0m - [36mSyscall found:  printf[<BV32 0x904a07d>][0m[0m
[1;32;40mINFO - 2023-05-29 07:23:29,452 - [36mCustomSimProcedure[0m - [36mSyscall found:  strlen[<BV32 0x904a070>][0m[0m
[1;32;40mINFO - 2023-05-29 07:23:29,454 - [36mCustomSimProcedure[0m - [36mSyscall found:  memcpy[<BV32 0x7ffefe80>, <BV32 0x904a070>, <BV32 0x6>][0m[0m
[1;32;40mINFO - 2023-05-29 07:23:29,454 - [36mCustomSimProcedure[0m - [36mSyscall found:  strncpy[<BV32 0x7ffefe80>, <BV32 0x904a070>, <BV32 0x6>][0m[0m
[1;32;40mINFO - 2023-05-29 07:23:29,468 - [32mSemaExplorerCDFS[0m - [32mA new block of execution have been executed with changes in sim_manager.[0m[0m
[1;32;40mINFO - 2023-05-29 07:23:29,468 - [32mSemaExplorerCDFS[0m - [32mCurrently, simulation manager is :
<SimulationManager with 4 active, 24 deadended>[0m[0m
[1;32;40mINFO - 2023-05-29 07:23:29,468 - [32mSemaExplorerCDFS[0m - [32mpause stash len :0[0m[0m
[1;32;40mINFO - 2023-05-29 07:23:29,541 - [36mCustomSimProcedure[0m - [36mSyscall found:  __libc_start_main[151294224, 1, 2147418032, 151295872, 151295984][0m[0m
[1;32;40mINFO - 2023-05-29 07:23:29,555 - [36mCustomSimProcedure[0m - [36mSyscall found:  strlen[<BV32 0x904a070>][0m[0m
[1;32;40mINFO - 2023-05-29 07:23:29,558 - [36mCustomSimProcedure[0m - [36mSyscall found:  strlen[<BV32 0x7ffefe80>][0m[0m
[1;32;40mINFO - 2023-05-29 07:23:29,562 - [36mCustomSimProcedure[0m - [36mSyscall found:  strncmp[<BV32 0x904a070>, <BV32 0x7ffefe80>, <BV32 0x6>][0m[0m
[1;32;40mINFO - 2023-05-29 07:23:29,563 - [36mCustomSimProcedure[0m - [36mSyscall found:  strcmp[<BV32 0x904a070>, <BV32 0x7ffefe80>][0m[0m
[1;32;40mINFO - 2023-05-29 07:23:29,590 - [36mCustomSimProcedure[0m - [36mSyscall found:  popen[<BV32 0x904a04a>, <BV32 0x904a06e>][0m[0m
[1;32;40mINFO - 2023-05-29 07:23:29,615 - [32mSemaExplorerCDFS[0m - [32mA new block of execution have been executed with changes in sim_manager.[0m[0m
[1;32;40mINFO - 2023-05-29 07:23:29,615 - [32mSemaExplorerCDFS[0m - [32mCurrently, simulation manager is :
<SimulationManager with 3 active, 25 deadended>[0m[0m
[1;32;40mINFO - 2023-05-29 07:23:29,615 - [32mSemaExplorerCDFS[0m - [32mpause stash len :0[0m[0m
[1;32;40mINFO - 2023-05-29 07:23:29,618 - [36mCustomSimProcedure[0m - [36mSyscall found:  __libc_start_main[151294224, 1, 2147418032, 151295872, 151295984][0m[0m
[1;32;40mINFO - 2023-05-29 07:23:29,650 - [32mSemaExplorerCDFS[0m - [32mA new block of execution have been executed with changes in sim_manager.[0m[0m
[1;32;40mINFO - 2023-05-29 07:23:29,650 - [32mSemaExplorerCDFS[0m - [32mCurrently, simulation manager is :
<SimulationManager with 4 active, 25 deadended>[0m[0m
[1;32;40mINFO - 2023-05-29 07:23:29,650 - [32mSemaExplorerCDFS[0m - [32mpause stash len :0[0m[0m
[1;32;40mINFO - 2023-05-29 07:23:29,650 - [32mSemaExplorerCDFS[0m - [32mfork_stack : 1[0m[0m
[1;32;40mINFO - 2023-05-29 07:23:29,670 - [32mSemaExplorerCDFS[0m - [32mA new block of execution have been executed with changes in sim_manager.[0m[0m
[1;32;40mINFO - 2023-05-29 07:23:29,671 - [32mSemaExplorerCDFS[0m - [32mCurrently, simulation manager is :
<SimulationManager with 3 active, 26 deadended>[0m[0m
[1;32;40mINFO - 2023-05-29 07:23:29,671 - [32mSemaExplorerCDFS[0m - [32mpause stash len :0[0m[0m
[1;32;40mINFO - 2023-05-29 07:23:29,673 - [36mCustomSimProcedure[0m - [36mSyscall found:  pclose[<BV32 unconstrained_ret_popen_6819490_32{UNINITIALIZED}>][0m[0m
[1;32;40mINFO - 2023-05-29 07:23:29,817 - [36mCustomSimProcedure[0m - [36mSyscall found:  strlen[<BV32 0x904a077>][0m[0m
[1;32;40mINFO - 2023-05-29 07:23:29,818 - [36mCustomSimProcedure[0m - [36mSyscall found:  printf[<BV32 0x904a077>][0m[0m
[1;33;40mWARNING - 2023-05-29 07:23:29,988 - [32mangr.storage.memory_mixins.default_filler_mixin[0m - [32mFilling memory at 0xfffffffc with 3 unconstrained bytes referenced from 0xa100008 (fgets+0x0 in extern-address space (0x8))[0m[0m
[1;32;40mINFO - 2023-05-29 07:23:30,019 - [32mSemaExplorerCDFS[0m - [32mA new block of execution have been executed with changes in sim_manager.[0m[0m
[1;32;40mINFO - 2023-05-29 07:23:30,019 - [32mSemaExplorerCDFS[0m - [32mCurrently, simulation manager is :
<SimulationManager with 3 active, 26 deadended (1 errored)>[0m[0m
[1;32;40mINFO - 2023-05-29 07:23:30,019 - [32mSemaExplorerCDFS[0m - [32mpause stash len :0[0m[0m
[1;32;40mINFO - 2023-05-29 07:23:30,020 - [32mSemaExplorerCDFS[0m - [32mfork_stack : 1[0m[0m
[1;32;40mINFO - 2023-05-29 07:23:30,020 - [32mSemaExplorerCDFS[0m - [32mEnd of the trace number 2 with errors[0m[0m
[1;32;40mINFO - 2023-05-29 07:23:30,020 - [32mSemaExplorerCDFS[0m - <SimState @ 0xa100008>[0m
[1;32;40mINFO - 2023-05-29 07:23:30,021 - [32mSemaExplorerCDFS[0m - Tried to do operation on symbolic but partially constrained file descriptor[0m
[1;32;40mINFO - 2023-05-29 07:23:30,061 - [36mCustomSimProcedure[0m - [36mSyscall found:  strlen[<BV32 0x904a07d>][0m[0m
[1;32;40mINFO - 2023-05-29 07:23:30,065 - [36mCustomSimProcedure[0m - [36mSyscall found:  printf[<BV32 0x904a07d>][0m[0m
[1;32;40mINFO - 2023-05-29 07:23:30,148 - [36mCustomSimProcedure[0m - [36mSyscall found:  fgets[<BV32 0x7ffefe98>, <BV32 0x80>, <BV32 unconstrained_ret_popen_6819500_32{UNINITIALIZED}>][0m[0m
[1;32;40mINFO - 2023-05-29 07:23:30,272 - [36mCustomSimProcedure[0m - [36mSyscall found:  strlen[<BV32 0x904a070>][0m[0m
[1;32;40mINFO - 2023-05-29 07:23:30,273 - [36mCustomSimProcedure[0m - [36mSyscall found:  memcpy[<BV32 0x7ffefe80>, <BV32 0x904a070>, <BV32 0x6>][0m[0m
[1;32;40mINFO - 2023-05-29 07:23:30,274 - [36mCustomSimProcedure[0m - [36mSyscall found:  strncpy[<BV32 0x7ffefe80>, <BV32 0x904a070>, <BV32 0x6>][0m[0m
[1;32;40mINFO - 2023-05-29 07:23:30,279 - [36mCustomSimProcedure[0m - [36mSyscall found:  __libc_start_main[151294224, 1, 2147418032, 151295872, 151295984][0m[0m
[1;32;40mINFO - 2023-05-29 07:23:30,312 - [32mSemaExplorerCDFS[0m - [32mA new block of execution have been executed with changes in sim_manager.[0m[0m
[1;32;40mINFO - 2023-05-29 07:23:30,312 - [32mSemaExplorerCDFS[0m - [32mCurrently, simulation manager is :
<SimulationManager with 2 active, 27 deadended (1 errored)>[0m[0m
[1;32;40mINFO - 2023-05-29 07:23:30,313 - [32mSemaExplorerCDFS[0m - [32mpause stash len :0[0m[0m
[1;32;40mINFO - 2023-05-29 07:23:30,316 - [36mCustomSimProcedure[0m - [36mSyscall found:  __libc_start_main[151294224, 1, 2147418032, 151295872, 151295984][0m[0m
[1;32;40mINFO - 2023-05-29 07:23:30,322 - [36mCustomSimProcedure[0m - [36mSyscall found:  strlen[<BV32 0x904a070>][0m[0m
[1;32;40mINFO - 2023-05-29 07:23:30,326 - [36mCustomSimProcedure[0m - [36mSyscall found:  strlen[<BV32 0x7ffefe80>][0m[0m
[1;32;40mINFO - 2023-05-29 07:23:30,329 - [36mCustomSimProcedure[0m - [36mSyscall found:  strncmp[<BV32 0x904a070>, <BV32 0x7ffefe80>, <BV32 0x6>][0m[0m
[1;32;40mINFO - 2023-05-29 07:23:30,329 - [36mCustomSimProcedure[0m - [36mSyscall found:  strcmp[<BV32 0x904a070>, <BV32 0x7ffefe80>][0m[0m
[1;32;40mINFO - 2023-05-29 07:23:30,344 - [32mSemaExplorerCDFS[0m - [32mA new block of execution have been executed with changes in sim_manager.[0m[0m
[1;32;40mINFO - 2023-05-29 07:23:30,347 - [32mSemaExplorerCDFS[0m - [32mCurrently, simulation manager is :
<SimulationManager with 1 active, 28 deadended (1 errored)>[0m[0m
[1;32;40mINFO - 2023-05-29 07:23:30,347 - [32mSemaExplorerCDFS[0m - [32mpause stash len :0[0m[0m
[1;32;40mINFO - 2023-05-29 07:23:30,368 - [36mCustomSimProcedure[0m - [36mSyscall found:  pclose[<BV32 unconstrained_ret_popen_6819500_32{UNINITIALIZED}>][0m[0m
[1;32;40mINFO - 2023-05-29 07:23:30,494 - [32mSemaExplorerCDFS[0m - [32mA new block of execution have been executed with changes in sim_manager.[0m[0m
[1;32;40mINFO - 2023-05-29 07:23:30,494 - [32mSemaExplorerCDFS[0m - [32mCurrently, simulation manager is :
<SimulationManager with 2 active, 28 deadended (1 errored)>[0m[0m
[1;32;40mINFO - 2023-05-29 07:23:30,494 - [32mSemaExplorerCDFS[0m - [32mpause stash len :0[0m[0m
[1;32;40mINFO - 2023-05-29 07:23:30,494 - [32mSemaExplorerCDFS[0m - [32mfork_stack : 1[0m[0m
[1;32;40mINFO - 2023-05-29 07:23:30,530 - [36mCustomSimProcedure[0m - [36mSyscall found:  strlen[<BV32 0x904a07d>][0m[0m
[1;32;40mINFO - 2023-05-29 07:23:30,534 - [36mCustomSimProcedure[0m - [36mSyscall found:  printf[<BV32 0x904a07d>][0m[0m
[1;32;40mINFO - 2023-05-29 07:23:30,595 - [36mCustomSimProcedure[0m - [36mSyscall found:  __libc_start_main[151294224, 1, 2147418032, 151295872, 151295984][0m[0m
[1;32;40mINFO - 2023-05-29 07:23:30,613 - [32mSemaExplorerCDFS[0m - [32mA new block of execution have been executed with changes in sim_manager.[0m[0m
[1;32;40mINFO - 2023-05-29 07:23:30,613 - [32mSemaExplorerCDFS[0m - [32mCurrently, simulation manager is :
<SimulationManager with 1 active, 29 deadended (1 errored)>[0m[0m
[1;32;40mINFO - 2023-05-29 07:23:30,613 - [32mSemaExplorerCDFS[0m - [32mpause stash len :0[0m[0m
[1;32;40mINFO - 2023-05-29 07:23:30,616 - [36mCustomSimProcedure[0m - [36mSyscall found:  __libc_start_main[151294224, 1, 2147418032, 151295872, 151295984][0m[0m
[1;32;40mINFO - 2023-05-29 07:23:30,618 - [32mSemaExplorerCDFS[0m - [32mA new block of execution have been executed with changes in sim_manager.[0m[0m
[1;32;40mINFO - 2023-05-29 07:23:30,618 - [32mSemaExplorerCDFS[0m - [32mCurrently, simulation manager is :
<SimulationManager with 30 deadended (1 errored)>[0m[0m
[1;32;40mINFO - 2023-05-29 07:23:30,618 - [32mSemaExplorerCDFS[0m - [32mpause stash len :0[0m[0m
[1;32;40mINFO - 2023-05-29 07:23:30,618 - [32mSemaExplorerCDFS[0m - [32mlen(simgr.active) <= 0 or deadended >= self.max_end_state)[0m[0m
[1;32;40mINFO - 2023-05-29 07:23:30,645 - [37mGraphBuilder[0m - [37mOutput dir :src/output/runs/132//each_mutation[0m[0m
