[1;33;40mWARNING - 2023-05-29 07:17:26,886 - [34mangr.project[0m - [34mDisabling IRSB translation cache because support for self-modifying code is enabled.[0m[0m
[1;33;40mWARNING - 2023-05-29 07:17:30,845 - [32mangr.storage.memory_mixins.default_filler_mixin[0m - [32mFilling memory at 0xc000800c with 4 unconstrained bytes referenced from 0x908c7c0 (_start+0x0 in mutations2_exec (0x908c7c0))[0m[0m
[1;32;40mINFO - 2023-05-29 07:17:31,639 - [33mwerkzeug[0m - [33m172.17.0.1 - - [29/May/2023 07:17:31] "GET /iteration-scdg HTTP/1.1" 200 -[0m[0m
[1;32;40mINFO - 2023-05-29 07:17:31,656 - [33mwerkzeug[0m - [33m172.17.0.1 - - [29/May/2023 07:17:31] "GET /progress-scdg HTTP/1.1" 200 -[0m[0m
[1;33;40mWARNING - 2023-05-29 07:17:34,561 - [32mangr.storage.memory_mixins.default_filler_mixin[0m - [32mFilling memory at 0xc0010014 with 4 unconstrained bytes referenced from 0x908c7c0 (_start+0x0 in mutations2_exec (0x908c7c0))[0m[0m
[1;33;40mWARNING - 2023-05-29 07:17:37,910 - [32mangr.storage.memory_mixins.default_filler_mixin[0m - [32mFilling memory at 0xc001801c with 4 unconstrained bytes referenced from 0x908c7c0 (_start+0x0 in mutations2_exec (0x908c7c0))[0m[0m
[1;33;40mWARNING - 2023-05-29 07:17:41,352 - [32mangr.storage.memory_mixins.default_filler_mixin[0m - [32mFilling memory at 0xc0020024 with 4 unconstrained bytes referenced from 0x908c7c0 (_start+0x0 in mutations2_exec (0x908c7c0))[0m[0m
[1;33;40mWARNING - 2023-05-29 07:17:44,710 - [32mangr.storage.memory_mixins.default_filler_mixin[0m - [32mFilling memory at 0x30 with 4 unconstrained bytes referenced from 0x908c7c0 (_start+0x0 in mutations2_exec (0x908c7c0))[0m[0m
[1;32;40mINFO - 2023-05-29 07:17:44,917 - [36mCustomSimProcedure[0m - [36mcustom_hook_static[0m[0m
[1;33;40mWARNING - 2023-05-29 07:17:44,918 - [34mangr.project[0m - [34mAddress is already hooked, during hook(0x0, <SimProcedure strcmp>). Not re-hooking.[0m[0m
[1;33;40mWARNING - 2023-05-29 07:17:44,918 - [34mangr.project[0m - [34mAddress is already hooked, during hook(0x0, <SimProcedure free>). Not re-hooking.[0m[0m
[1;33;40mWARNING - 2023-05-29 07:17:44,919 - [34mangr.project[0m - [34mAddress is already hooked, during hook(0x0, <SimProcedure memcpy>). Not re-hooking.[0m[0m
[1;33;40mWARNING - 2023-05-29 07:17:44,919 - [34mangr.project[0m - [34mAddress is already hooked, during hook(0x0, <SimProcedure fgets>). Not re-hooking.[0m[0m
[1;33;40mWARNING - 2023-05-29 07:17:44,919 - [34mangr.project[0m - [34mAddress is already hooked, during hook(0x0, <SimProcedure tolower>). Not re-hooking.[0m[0m
[1;33;40mWARNING - 2023-05-29 07:17:44,919 - [34mangr.project[0m - [34mAddress is already hooked, during hook(0x0, <SimProcedure fclose>). Not re-hooking.[0m[0m
[1;33;40mWARNING - 2023-05-29 07:17:44,919 - [34mangr.project[0m - [34mAddress is already hooked, during hook(0x0, <SimProcedure time>). Not re-hooking.[0m[0m
[1;33;40mWARNING - 2023-05-29 07:17:44,920 - [34mangr.project[0m - [34mAddress is already hooked, during hook(0x0, <SimProcedure rewind>). Not re-hooking.[0m[0m
[1;33;40mWARNING - 2023-05-29 07:17:44,920 - [34mangr.project[0m - [34mAddress is already hooked, during hook(0x0, <SimProcedure htons>). Not re-hooking.[0m[0m
[1;33;40mWARNING - 2023-05-29 07:17:44,920 - [34mangr.project[0m - [34mAddress is already hooked, during hook(0x0, <SimProcedure perror>). Not re-hooking.[0m[0m
[1;33;40mWARNING - 2023-05-29 07:17:44,920 - [34mangr.project[0m - [34mAddress is already hooked, during hook(0x0, <SimProcedure fwrite>). Not re-hooking.[0m[0m
[1;33;40mWARNING - 2023-05-29 07:17:44,921 - [34mangr.project[0m - [34mAddress is already hooked, during hook(0x0, <SimProcedure usleep>). Not re-hooking.[0m[0m
[1;33;40mWARNING - 2023-05-29 07:17:44,921 - [34mangr.project[0m - [34mAddress is already hooked, during hook(0x0, <SimProcedure strcat>). Not re-hooking.[0m[0m
[1;33;40mWARNING - 2023-05-29 07:17:44,921 - [34mangr.project[0m - [34mAddress is already hooked, during hook(0x0, <SimProcedure fread>). Not re-hooking.[0m[0m
[1;33;40mWARNING - 2023-05-29 07:17:44,922 - [34mangr.project[0m - [34mAddress is already hooked, during hook(0x0, <SimProcedure strcpy>). Not re-hooking.[0m[0m
[1;33;40mWARNING - 2023-05-29 07:17:44,922 - [34mangr.project[0m - [34mAddress is already hooked, during hook(0x0, <SimProcedure getenv>). Not re-hooking.[0m[0m
[1;33;40mWARNING - 2023-05-29 07:17:44,922 - [34mangr.project[0m - [34mAddress is already hooked, during hook(0x0, <SimProcedure realloc>). Not re-hooking.[0m[0m
[1;33;40mWARNING - 2023-05-29 07:17:44,922 - [34mangr.project[0m - [34mAddress is already hooked, during hook(0x0, <SimProcedure malloc>). Not re-hooking.[0m[0m
[1;33;40mWARNING - 2023-05-29 07:17:44,923 - [34mangr.project[0m - [34mAddress is already hooked, during hook(0x0, <SimProcedure puts>). Not re-hooking.[0m[0m
[1;33;40mWARNING - 2023-05-29 07:17:44,923 - [34mangr.project[0m - [34mAddress is already hooked, during hook(0x0, <SimProcedure srand>). Not re-hooking.[0m[0m
[1;33;40mWARNING - 2023-05-29 07:17:44,924 - [34mangr.project[0m - [34mAddress is already hooked, during hook(0x0, <SimProcedure strchr>). Not re-hooking.[0m[0m
[1;33;40mWARNING - 2023-05-29 07:17:44,924 - [34mangr.project[0m - [34mAddress is already hooked, during hook(0x0, <SimProcedure strlen>). Not re-hooking.[0m[0m
[1;33;40mWARNING - 2023-05-29 07:17:44,925 - [34mangr.project[0m - [34mAddress is already hooked, during hook(0x0, <SimProcedure __libc_start_main>). Not re-hooking.[0m[0m
[1;33;40mWARNING - 2023-05-29 07:17:44,925 - [34mangr.project[0m - [34mAddress is already hooked, during hook(0x0, <SimProcedure atol>). Not re-hooking.[0m[0m
[1;33;40mWARNING - 2023-05-29 07:17:44,927 - [34mangr.project[0m - [34mAddress is already hooked, during hook(0x0, <SimProcedure bind>). Not re-hooking.[0m[0m
[1;33;40mWARNING - 2023-05-29 07:17:44,928 - [34mangr.project[0m - [34mAddress is already hooked, during hook(0x0, <SimProcedure fopen>). Not re-hooking.[0m[0m
[1;33;40mWARNING - 2023-05-29 07:17:44,928 - [34mangr.project[0m - [34mAddress is already hooked, during hook(0x0, <SimProcedure memset>). Not re-hooking.[0m[0m
[1;33;40mWARNING - 2023-05-29 07:17:44,928 - [34mangr.project[0m - [34mAddress is already hooked, during hook(0x0, <SimProcedure putchar>). Not re-hooking.[0m[0m
[1;33;40mWARNING - 2023-05-29 07:17:44,929 - [34mangr.project[0m - [34mAddress is already hooked, during hook(0x0, <SimProcedure __errno_location>). Not re-hooking.[0m[0m
[1;33;40mWARNING - 2023-05-29 07:17:44,930 - [34mangr.project[0m - [34mAddress is already hooked, during hook(0x0, <SimProcedure strncpy>). Not re-hooking.[0m[0m
[1;33;40mWARNING - 2023-05-29 07:17:44,931 - [34mangr.project[0m - [34mAddress is already hooked, during hook(0x0, <SimProcedure rand>). Not re-hooking.[0m[0m
[1;33;40mWARNING - 2023-05-29 07:17:44,932 - [34mangr.project[0m - [34mAddress is already hooked, during hook(0x0, <SimProcedure access>). Not re-hooking.[0m[0m
[1;33;40mWARNING - 2023-05-29 07:17:44,933 - [34mangr.project[0m - [34mAddress is already hooked, during hook(0x0, <SimProcedure htonl>). Not re-hooking.[0m[0m
[1;33;40mWARNING - 2023-05-29 07:17:44,933 - [34mangr.project[0m - [34mAddress is already hooked, during hook(0x0, <SimProcedure toupper>). Not re-hooking.[0m[0m
[1;33;40mWARNING - 2023-05-29 07:17:44,934 - [34mangr.project[0m - [34mAddress is already hooked, during hook(0x0, <SimProcedure atoi>). Not re-hooking.[0m[0m
[1;33;40mWARNING - 2023-05-29 07:17:44,934 - [34mangr.project[0m - [34mAddress is already hooked, during hook(0x0, <SimProcedure socket>). Not re-hooking.[0m[0m
[1;33;40mWARNING - 2023-05-29 07:17:44,934 - [34mangr.project[0m - [34mAddress is already hooked, during hook(0x0, <SimProcedure close>). Not re-hooking.[0m[0m
[1;33;40mWARNING - 2023-05-29 07:17:44,935 - [34mangr.project[0m - [34mAddress is already hooked, during hook(0x0, <SimProcedure __ctype_b_loc>). Not re-hooking.[0m[0m
[1;33;40mWARNING - 2023-05-29 07:17:44,935 - [34mangr.project[0m - [34mAddress is already hooked, during hook(0x0, <SimProcedure calloc>). Not re-hooking.[0m[0m
[1;33;40mWARNING - 2023-05-29 07:17:44,936 - [34mangr.project[0m - [34mAddress is already hooked, during hook(0x0, <SimProcedure strstr>). Not re-hooking.[0m[0m
[1;33;40mWARNING - 2023-05-29 07:17:44,936 - [34mangr.project[0m - [34mAddress is already hooked, during hook(0x0, <SimProcedure strcmp>). Not re-hooking.[0m[0m
[1;33;40mWARNING - 2023-05-29 07:17:44,937 - [34mangr.project[0m - [34mAddress is already hooked, during hook(0x0, <SimProcedure free>). Not re-hooking.[0m[0m
[1;33;40mWARNING - 2023-05-29 07:17:44,937 - [34mangr.project[0m - [34mAddress is already hooked, during hook(0x0, <SimProcedure memcpy>). Not re-hooking.[0m[0m
[1;33;40mWARNING - 2023-05-29 07:17:44,937 - [34mangr.project[0m - [34mAddress is already hooked, during hook(0x0, <SimProcedure fgets>). Not re-hooking.[0m[0m
[1;33;40mWARNING - 2023-05-29 07:17:44,938 - [34mangr.project[0m - [34mAddress is already hooked, during hook(0x0, <SimProcedure tolower>). Not re-hooking.[0m[0m
[1;33;40mWARNING - 2023-05-29 07:17:44,938 - [34mangr.project[0m - [34mAddress is already hooked, during hook(0x0, <SimProcedure fclose>). Not re-hooking.[0m[0m
[1;33;40mWARNING - 2023-05-29 07:17:44,938 - [34mangr.project[0m - [34mAddress is already hooked, during hook(0x0, <SimProcedure time>). Not re-hooking.[0m[0m
[1;33;40mWARNING - 2023-05-29 07:17:44,938 - [34mangr.project[0m - [34mAddress is already hooked, during hook(0x0, <SimProcedure rewind>). Not re-hooking.[0m[0m
[1;33;40mWARNING - 2023-05-29 07:17:44,938 - [34mangr.project[0m - [34mAddress is already hooked, during hook(0x0, <SimProcedure htons>). Not re-hooking.[0m[0m
[1;33;40mWARNING - 2023-05-29 07:17:44,939 - [34mangr.project[0m - [34mAddress is already hooked, during hook(0x0, <SimProcedure perror>). Not re-hooking.[0m[0m
[1;33;40mWARNING - 2023-05-29 07:17:44,939 - [34mangr.project[0m - [34mAddress is already hooked, during hook(0x0, <SimProcedure fwrite>). Not re-hooking.[0m[0m
[1;33;40mWARNING - 2023-05-29 07:17:44,939 - [34mangr.project[0m - [34mAddress is already hooked, during hook(0x0, <SimProcedure usleep>). Not re-hooking.[0m[0m
[1;33;40mWARNING - 2023-05-29 07:17:44,939 - [34mangr.project[0m - [34mAddress is already hooked, during hook(0x0, <SimProcedure strcat>). Not re-hooking.[0m[0m
[1;33;40mWARNING - 2023-05-29 07:17:44,940 - [34mangr.project[0m - [34mAddress is already hooked, during hook(0x0, <SimProcedure fread>). Not re-hooking.[0m[0m
[1;33;40mWARNING - 2023-05-29 07:17:44,940 - [34mangr.project[0m - [34mAddress is already hooked, during hook(0x0, <SimProcedure strcpy>). Not re-hooking.[0m[0m
[1;33;40mWARNING - 2023-05-29 07:17:44,940 - [34mangr.project[0m - [34mAddress is already hooked, during hook(0x0, <SimProcedure getenv>). Not re-hooking.[0m[0m
[1;33;40mWARNING - 2023-05-29 07:17:44,940 - [34mangr.project[0m - [34mAddress is already hooked, during hook(0x0, <SimProcedure realloc>). Not re-hooking.[0m[0m
[1;33;40mWARNING - 2023-05-29 07:17:44,940 - [34mangr.project[0m - [34mAddress is already hooked, during hook(0x0, <SimProcedure malloc>). Not re-hooking.[0m[0m
[1;33;40mWARNING - 2023-05-29 07:17:44,941 - [34mangr.project[0m - [34mAddress is already hooked, during hook(0x0, <SimProcedure puts>). Not re-hooking.[0m[0m
[1;33;40mWARNING - 2023-05-29 07:17:44,941 - [34mangr.project[0m - [34mAddress is already hooked, during hook(0x0, <SimProcedure srand>). Not re-hooking.[0m[0m
[1;33;40mWARNING - 2023-05-29 07:17:44,941 - [34mangr.project[0m - [34mAddress is already hooked, during hook(0x0, <SimProcedure strchr>). Not re-hooking.[0m[0m
[1;33;40mWARNING - 2023-05-29 07:17:44,942 - [34mangr.project[0m - [34mAddress is already hooked, during hook(0x0, <SimProcedure strlen>). Not re-hooking.[0m[0m
[1;33;40mWARNING - 2023-05-29 07:17:44,942 - [34mangr.project[0m - [34mAddress is already hooked, during hook(0x0, <SimProcedure __libc_start_main>). Not re-hooking.[0m[0m
[1;33;40mWARNING - 2023-05-29 07:17:44,942 - [34mangr.project[0m - [34mAddress is already hooked, during hook(0x0, <SimProcedure atol>). Not re-hooking.[0m[0m
[1;33;40mWARNING - 2023-05-29 07:17:44,942 - [34mangr.project[0m - [34mAddress is already hooked, during hook(0x0, <SimProcedure bind>). Not re-hooking.[0m[0m
[1;33;40mWARNING - 2023-05-29 07:17:44,943 - [34mangr.project[0m - [34mAddress is already hooked, during hook(0x0, <SimProcedure fopen>). Not re-hooking.[0m[0m
[1;33;40mWARNING - 2023-05-29 07:17:44,943 - [34mangr.project[0m - [34mAddress is already hooked, during hook(0x0, <SimProcedure memset>). Not re-hooking.[0m[0m
[1;33;40mWARNING - 2023-05-29 07:17:44,943 - [34mangr.project[0m - [34mAddress is already hooked, during hook(0x0, <SimProcedure putchar>). Not re-hooking.[0m[0m
[1;33;40mWARNING - 2023-05-29 07:17:44,943 - [34mangr.project[0m - [34mAddress is already hooked, during hook(0x0, <SimProcedure __errno_location>). Not re-hooking.[0m[0m
[1;33;40mWARNING - 2023-05-29 07:17:44,944 - [34mangr.project[0m - [34mAddress is already hooked, during hook(0x0, <SimProcedure strncpy>). Not re-hooking.[0m[0m
[1;33;40mWARNING - 2023-05-29 07:17:44,944 - [34mangr.project[0m - [34mAddress is already hooked, during hook(0x0, <SimProcedure rand>). Not re-hooking.[0m[0m
[1;33;40mWARNING - 2023-05-29 07:17:44,944 - [34mangr.project[0m - [34mAddress is already hooked, during hook(0x0, <SimProcedure access>). Not re-hooking.[0m[0m
[1;33;40mWARNING - 2023-05-29 07:17:44,945 - [34mangr.project[0m - [34mAddress is already hooked, during hook(0x0, <SimProcedure htonl>). Not re-hooking.[0m[0m
[1;33;40mWARNING - 2023-05-29 07:17:44,945 - [34mangr.project[0m - [34mAddress is already hooked, during hook(0x0, <SimProcedure toupper>). Not re-hooking.[0m[0m
[1;33;40mWARNING - 2023-05-29 07:17:44,946 - [34mangr.project[0m - [34mAddress is already hooked, during hook(0x0, <SimProcedure atoi>). Not re-hooking.[0m[0m
[1;33;40mWARNING - 2023-05-29 07:17:44,946 - [34mangr.project[0m - [34mAddress is already hooked, during hook(0x0, <SimProcedure socket>). Not re-hooking.[0m[0m
[1;33;40mWARNING - 2023-05-29 07:17:44,947 - [34mangr.project[0m - [34mAddress is already hooked, during hook(0x0, <SimProcedure close>). Not re-hooking.[0m[0m
[1;33;40mWARNING - 2023-05-29 07:17:44,947 - [34mangr.project[0m - [34mAddress is already hooked, during hook(0x0, <SimProcedure __ctype_b_loc>). Not re-hooking.[0m[0m
[1;33;40mWARNING - 2023-05-29 07:17:44,947 - [34mangr.project[0m - [34mAddress is already hooked, during hook(0x0, <SimProcedure calloc>). Not re-hooking.[0m[0m
[1;33;40mWARNING - 2023-05-29 07:17:44,948 - [34mangr.project[0m - [34mAddress is already hooked, during hook(0x9049060, <SimProcedure printf>). Not re-hooking.[0m[0m
[1;33;40mWARNING - 2023-05-29 07:17:44,949 - [34mangr.project[0m - [34mAddress is already hooked, during hook(0x9049250, <SimProcedure fprintf>). Not re-hooking.[0m[0m
[1;33;40mWARNING - 2023-05-29 07:17:44,952 - [34mangr.project[0m - [34mAddress is already hooked, during hook(0xa800000, <SimProcedure strstr>). Not re-hooking.[0m[0m
[1;33;40mWARNING - 2023-05-29 07:17:44,954 - [34mangr.project[0m - [34mAddress is already hooked, during hook(0xa800004, <SimProcedure strcmp>). Not re-hooking.[0m[0m
[1;33;40mWARNING - 2023-05-29 07:17:44,954 - [34mangr.project[0m - [34mAddress is already hooked, during hook(0xa800008, <SimProcedure printf>). Not re-hooking.[0m[0m
[1;33;40mWARNING - 2023-05-29 07:17:44,954 - [34mangr.project[0m - [34mAddress is already hooked, during hook(0xa800014, <SimProcedure free>). Not re-hooking.[0m[0m
[1;33;40mWARNING - 2023-05-29 07:17:44,954 - [34mangr.project[0m - [34mAddress is already hooked, during hook(0xa800018, <SimProcedure memcpy>). Not re-hooking.[0m[0m
[1;33;40mWARNING - 2023-05-29 07:17:44,955 - [34mangr.project[0m - [34mAddress is already hooked, during hook(0xa800020, <SimProcedure fgets>). Not re-hooking.[0m[0m
[1;33;40mWARNING - 2023-05-29 07:17:44,955 - [34mangr.project[0m - [34mAddress is already hooked, during hook(0xa800024, <SimProcedure tolower>). Not re-hooking.[0m[0m
[1;33;40mWARNING - 2023-05-29 07:17:44,956 - [34mangr.project[0m - [34mAddress is already hooked, during hook(0xa800028, <SimProcedure fclose>). Not re-hooking.[0m[0m
[1;33;40mWARNING - 2023-05-29 07:17:44,956 - [34mangr.project[0m - [34mAddress is already hooked, during hook(0xa80002c, <SimProcedure time>). Not re-hooking.[0m[0m
[1;33;40mWARNING - 2023-05-29 07:17:44,956 - [34mangr.project[0m - [34mAddress is already hooked, during hook(0xa800038, <SimProcedure rewind>). Not re-hooking.[0m[0m
[1;33;40mWARNING - 2023-05-29 07:17:44,956 - [34mangr.project[0m - [34mAddress is already hooked, during hook(0xa800040, <SimProcedure htons>). Not re-hooking.[0m[0m
[1;33;40mWARNING - 2023-05-29 07:17:44,956 - [34mangr.project[0m - [34mAddress is already hooked, during hook(0xa800044, <SimProcedure perror>). Not re-hooking.[0m[0m
[1;33;40mWARNING - 2023-05-29 07:17:44,957 - [34mangr.project[0m - [34mAddress is already hooked, during hook(0xa800048, <SimProcedure fwrite>). Not re-hooking.[0m[0m
[1;33;40mWARNING - 2023-05-29 07:17:44,957 - [34mangr.project[0m - [34mAddress is already hooked, during hook(0xa80004c, <SimProcedure usleep>). Not re-hooking.[0m[0m
[1;33;40mWARNING - 2023-05-29 07:17:44,957 - [34mangr.project[0m - [34mAddress is already hooked, during hook(0xa800050, <SimProcedure strcat>). Not re-hooking.[0m[0m
[1;33;40mWARNING - 2023-05-29 07:17:44,957 - [34mangr.project[0m - [34mAddress is already hooked, during hook(0xa800054, <SimProcedure fread>). Not re-hooking.[0m[0m
[1;33;40mWARNING - 2023-05-29 07:17:44,957 - [34mangr.project[0m - [34mAddress is already hooked, during hook(0xa800058, <SimProcedure strcpy>). Not re-hooking.[0m[0m
[1;33;40mWARNING - 2023-05-29 07:17:44,958 - [34mangr.project[0m - [34mAddress is already hooked, during hook(0xa80005c, <SimProcedure getenv>). Not re-hooking.[0m[0m
[1;33;40mWARNING - 2023-05-29 07:17:44,958 - [34mangr.project[0m - [34mAddress is already hooked, during hook(0xa800060, <SimProcedure realloc>). Not re-hooking.[0m[0m
[1;33;40mWARNING - 2023-05-29 07:17:44,958 - [34mangr.project[0m - [34mAddress is already hooked, during hook(0xa800064, <SimProcedure malloc>). Not re-hooking.[0m[0m
[1;33;40mWARNING - 2023-05-29 07:17:44,958 - [34mangr.project[0m - [34mAddress is already hooked, during hook(0xa800068, <SimProcedure puts>). Not re-hooking.[0m[0m
[1;33;40mWARNING - 2023-05-29 07:17:44,958 - [34mangr.project[0m - [34mAddress is already hooked, during hook(0xa800074, <SimProcedure srand>). Not re-hooking.[0m[0m
[1;33;40mWARNING - 2023-05-29 07:17:44,959 - [34mangr.project[0m - [34mAddress is already hooked, during hook(0xa800078, <SimProcedure strchr>). Not re-hooking.[0m[0m
[1;33;40mWARNING - 2023-05-29 07:17:44,959 - [34mangr.project[0m - [34mAddress is already hooked, during hook(0xa80007c, <SimProcedure strlen>). Not re-hooking.[0m[0m
[1;33;40mWARNING - 2023-05-29 07:17:44,959 - [34mangr.project[0m - [34mAddress is already hooked, during hook(0xa800080, <SimProcedure __libc_start_main>). Not re-hooking.[0m[0m
[1;33;40mWARNING - 2023-05-29 07:17:44,959 - [34mangr.project[0m - [34mAddress is already hooked, during hook(0xa800084, <SimProcedure fprintf>). Not re-hooking.[0m[0m
[1;33;40mWARNING - 2023-05-29 07:17:44,959 - [34mangr.project[0m - [34mAddress is already hooked, during hook(0xa800088, <SimProcedure atol>). Not re-hooking.[0m[0m
[1;33;40mWARNING - 2023-05-29 07:17:44,960 - [34mangr.project[0m - [34mAddress is already hooked, during hook(0xa80008c, <SimProcedure bind>). Not re-hooking.[0m[0m
[1;33;40mWARNING - 2023-05-29 07:17:44,960 - [34mangr.project[0m - [34mAddress is already hooked, during hook(0xa800090, <SimProcedure fopen>). Not re-hooking.[0m[0m
[1;33;40mWARNING - 2023-05-29 07:17:44,960 - [34mangr.project[0m - [34mAddress is already hooked, during hook(0xa800094, <SimProcedure memset>). Not re-hooking.[0m[0m
[1;33;40mWARNING - 2023-05-29 07:17:44,960 - [34mangr.project[0m - [34mAddress is already hooked, during hook(0xa800098, <SimProcedure putchar>). Not re-hooking.[0m[0m
[1;33;40mWARNING - 2023-05-29 07:17:44,960 - [34mangr.project[0m - [34mAddress is already hooked, during hook(0xa80009c, <SimProcedure __errno_location>). Not re-hooking.[0m[0m
[1;33;40mWARNING - 2023-05-29 07:17:44,961 - [34mangr.project[0m - [34mAddress is already hooked, during hook(0xa8000a4, <SimProcedure strncpy>). Not re-hooking.[0m[0m
[1;33;40mWARNING - 2023-05-29 07:17:44,961 - [34mangr.project[0m - [34mAddress is already hooked, during hook(0xa8000ac, <SimProcedure rand>). Not re-hooking.[0m[0m
[1;33;40mWARNING - 2023-05-29 07:17:44,961 - [34mangr.project[0m - [34mAddress is already hooked, during hook(0xa8000b0, <SimProcedure access>). Not re-hooking.[0m[0m
[1;33;40mWARNING - 2023-05-29 07:17:44,961 - [34mangr.project[0m - [34mAddress is already hooked, during hook(0xa8000bc, <SimProcedure htonl>). Not re-hooking.[0m[0m
[1;33;40mWARNING - 2023-05-29 07:17:44,961 - [34mangr.project[0m - [34mAddress is already hooked, during hook(0xa8000c0, <SimProcedure toupper>). Not re-hooking.[0m[0m
[1;33;40mWARNING - 2023-05-29 07:17:44,962 - [34mangr.project[0m - [34mAddress is already hooked, during hook(0xa8000c8, <SimProcedure atoi>). Not re-hooking.[0m[0m
[1;33;40mWARNING - 2023-05-29 07:17:44,962 - [34mangr.project[0m - [34mAddress is already hooked, during hook(0xa8000d4, <SimProcedure socket>). Not re-hooking.[0m[0m
[1;33;40mWARNING - 2023-05-29 07:17:44,962 - [34mangr.project[0m - [34mAddress is already hooked, during hook(0xa8000e0, <SimProcedure close>). Not re-hooking.[0m[0m
[1;33;40mWARNING - 2023-05-29 07:17:44,962 - [34mangr.project[0m - [34mAddress is already hooked, during hook(0xa8000e8, <SimProcedure __ctype_b_loc>). Not re-hooking.[0m[0m
[1;33;40mWARNING - 2023-05-29 07:17:44,962 - [34mangr.project[0m - [34mAddress is already hooked, during hook(0xa8000ec, <SimProcedure calloc>). Not re-hooking.[0m[0m
[1;32;40mINFO - 2023-05-29 07:17:44,962 - [36mCustomSimProcedure[0m - [36mcustom_hook_no_symbols[0m[0m
[1;33;40mWARNING - 2023-05-29 07:17:45,158 - [32mangr.storage.memory_mixins.default_filler_mixin[0m - [32mFilling memory at 0xc002032c with 4 unconstrained bytes referenced from 0xa800080 (__libc_start_main+0x0 in extern-address space (0x80))[0m[0m
[1;32;40mINFO - 2023-05-29 07:17:45,258 - [36mCustomSimProcedure[0m - [36mSyscall found:  malloc[<BV32 0x300>][0m[0m
[1;33;40mWARNING - 2023-05-29 07:17:45,315 - [32mangr.storage.memory_mixins.default_filler_mixin[0m - [32mFilling memory at 0xc002033c with 4 unconstrained bytes referenced from 0xa800080 (__libc_start_main+0x0 in extern-address space (0x80))[0m[0m
[1;32;40mINFO - 2023-05-29 07:17:45,422 - [36mCustomSimProcedure[0m - [36mSyscall found:  malloc[<BV32 0x4>][0m[0m
[1;33;40mWARNING - 2023-05-29 07:17:45,507 - [32mangr.storage.memory_mixins.default_filler_mixin[0m - [32mFilling memory at 0xc0020944 with 4 unconstrained bytes referenced from 0xa800080 (__libc_start_main+0x0 in extern-address space (0x80))[0m[0m
[1;32;40mINFO - 2023-05-29 07:17:45,600 - [36mCustomSimProcedure[0m - [36mSyscall found:  malloc[<BV32 0x600>][0m[0m
[1;33;40mWARNING - 2023-05-29 07:17:45,654 - [32mangr.storage.memory_mixins.default_filler_mixin[0m - [32mFilling memory at 0xc0020954 with 4 unconstrained bytes referenced from 0xa800080 (__libc_start_main+0x0 in extern-address space (0x80))[0m[0m
[1;32;40mINFO - 2023-05-29 07:17:45,747 - [36mCustomSimProcedure[0m - [36mSyscall found:  malloc[<BV32 0x4>][0m[0m
[1;33;40mWARNING - 2023-05-29 07:17:45,834 - [32mangr.storage.memory_mixins.default_filler_mixin[0m - [32mFilling memory at 0xc0020f5c with 4 unconstrained bytes referenced from 0xa800080 (__libc_start_main+0x0 in extern-address space (0x80))[0m[0m
[1;32;40mINFO - 2023-05-29 07:17:45,900 - [36mCustomSimProcedure[0m - [36mSyscall found:  malloc[<BV32 0x600>][0m[0m
[1;33;40mWARNING - 2023-05-29 07:17:45,936 - [32mangr.storage.memory_mixins.default_filler_mixin[0m - [32mFilling memory at 0xc0020f6c with 4 unconstrained bytes referenced from 0xa800080 (__libc_start_main+0x0 in extern-address space (0x80))[0m[0m
[1;32;40mINFO - 2023-05-29 07:17:45,997 - [36mCustomSimProcedure[0m - [36mSyscall found:  malloc[<BV32 0x4>][0m[0m
[1;33;40mWARNING - 2023-05-29 07:17:46,056 - [32mangr.storage.memory_mixins.default_filler_mixin[0m - [32mFilling memory at 0xc0020f7c with 4 unconstrained bytes referenced from 0xa800080 (__libc_start_main+0x0 in extern-address space (0x80))[0m[0m
[1;32;40mINFO - 2023-05-29 07:17:46,123 - [36mCustomSimProcedure[0m - [36mSyscall found:  malloc[<BV32 0x4>][0m[0m
[1;32;40mINFO - 2023-05-29 07:17:46,132 - [36mCustomSimProcedure[0m - [36mSyscall found:  __libc_start_main[<BV32 0x9049400>, <BV32 0x1>, <BV32 0x7ffeffb0>, <BV32 0x908c8e0>, <BV32 0x908c950>][0m[0m
[1;33;40mWARNING - 2023-05-29 07:17:46,156 - [32mangr.storage.memory_mixins.default_filler_mixin[0m - [32mFilling register edi with 4 unconstrained bytes referenced from 0x908c8f0 (__libc_csu_init+0x10 in mutations2_exec (0x908c8f0))[0m[0m
[1;32;40mINFO - 2023-05-29 07:17:46,315 - [36mCustomSimProcedure[0m - [36mSyscall found:  __libc_start_main[151294976, 1, 2147418032, 151570656, 151570768][0m[0m
[1;32;40mINFO - 2023-05-29 07:17:46,454 - [36mCustomSimProcedure[0m - [36mSyscall found:  sysconf[<BV32 0x54>][0m[0m
[1;32;40mINFO - 2023-05-29 07:17:46,552 - [32mSemaExplorerCDFS[0m - [32mA new block of execution have been executed with changes in sim_manager.[0m[0m
[1;32;40mINFO - 2023-05-29 07:17:46,552 - [32mSemaExplorerCDFS[0m - [32mCurrently, simulation manager is :
<SimulationManager with 2 active>[0m[0m
[1;32;40mINFO - 2023-05-29 07:17:46,552 - [32mSemaExplorerCDFS[0m - [32mpause stash len :0[0m[0m
[1;32;40mINFO - 2023-05-29 07:17:46,552 - [32mSemaExplorerCDFS[0m - [32mfork_stack : 1[0m[0m
[1;32;40mINFO - 2023-05-29 07:17:46,657 - [36mCustomSimProcedure[0m - [36mSyscall found:  popen[<BV32 0x908d009>, <BV32 0x908d06f>][0m[0m
[1;32;40mINFO - 2023-05-29 07:17:46,705 - [36mCustomSimProcedure[0m - [36mSyscall found:  popen[<BV32 0x908d009>, <BV32 0x908d06f>][0m[0m
[1;32;40mINFO - 2023-05-29 07:17:46,806 - [32mSemaExplorerCDFS[0m - [32mA new block of execution have been executed with changes in sim_manager.[0m[0m
[1;32;40mINFO - 2023-05-29 07:17:46,806 - [32mSemaExplorerCDFS[0m - [32mCurrently, simulation manager is :
<SimulationManager with 4 active>[0m[0m
[1;32;40mINFO - 2023-05-29 07:17:46,806 - [32mSemaExplorerCDFS[0m - [32mpause stash len :0[0m[0m
[1;32;40mINFO - 2023-05-29 07:17:46,806 - [32mSemaExplorerCDFS[0m - [32mfork_stack : 2[0m[0m
[1;32;40mINFO - 2023-05-29 07:17:46,873 - [36mCustomSimProcedure[0m - [36mSyscall found:  strlen[<BV32 0x908d078>][0m[0m
[1;32;40mINFO - 2023-05-29 07:17:46,874 - [36mCustomSimProcedure[0m - [36mSyscall found:  printf[<BV32 0x908d078>][0m[0m
[1;32;40mINFO - 2023-05-29 07:17:46,885 - [36mCustomSimProcedure[0m - [36mSyscall found:  strlen[<BV32 0x908d078>][0m[0m
[1;32;40mINFO - 2023-05-29 07:17:46,888 - [36mCustomSimProcedure[0m - [36mSyscall found:  printf[<BV32 0x908d078>][0m[0m
[1;33;40mWARNING - 2023-05-29 07:17:47,102 - [32mangr.storage.memory_mixins.default_filler_mixin[0m - [32mFilling memory at 0x5 with 4 unconstrained bytes referenced from 0xa800020 (fgets+0x0 in extern-address space (0x20))[0m[0m
[1;33;40mWARNING - 2023-05-29 07:17:47,148 - [33mangr.state_plugins.posix[0m - [33mTried to look up a symbolic fd - constrained to 3 and opened b'/tmp/angr_implicit_0'[0m[0m
[1;32;40mINFO - 2023-05-29 07:17:47,202 - [36mCustomSimProcedure[0m - [36mSyscall found:  fgets[<BV32 0x7ffefe58>, <BV32 0x80>, <BV32 unconstrained_ret_popen_4852225_32{UNINITIALIZED}>][0m[0m
[1;33;40mWARNING - 2023-05-29 07:17:47,379 - [32mangr.storage.memory_mixins.default_filler_mixin[0m - [32mFilling memory at 0x3 with 2 unconstrained bytes referenced from 0xa800020 (fgets+0x0 in extern-address space (0x20))[0m[0m
[1;33;40mWARNING - 2023-05-29 07:17:47,456 - [33mangr.state_plugins.posix[0m - [33mTried to look up a symbolic fd - constrained to 3 and opened b'/tmp/angr_implicit_0'[0m[0m
[1;32;40mINFO - 2023-05-29 07:17:47,559 - [36mCustomSimProcedure[0m - [36mSyscall found:  fgets[<BV32 0x7ffefe58>, <BV32 0x80>, <BV32 unconstrained_ret_popen_4852226_32{UNINITIALIZED}>][0m[0m
[1;33;40mWARNING - 2023-05-29 07:17:47,727 - [32mangr.storage.memory_mixins.default_filler_mixin[0m - [32mFilling memory at 0x38 with 4 unconstrained bytes referenced from 0xa800020 (fgets+0x0 in extern-address space (0x20))[0m[0m
[1;33;40mWARNING - 2023-05-29 07:17:47,770 - [33mangr.state_plugins.posix[0m - [33mTried to look up a symbolic fd - constrained to 3 and opened b'/tmp/angr_implicit_0'[0m[0m
[1;32;40mINFO - 2023-05-29 07:17:47,859 - [36mCustomSimProcedure[0m - [36mSyscall found:  fgets[<BV32 0x7ffefe58>, <BV32 0x80>, <BV32 unconstrained_ret_popen_4852225_32{UNINITIALIZED}>][0m[0m
[1;33;40mWARNING - 2023-05-29 07:17:48,063 - [33mangr.state_plugins.posix[0m - [33mTried to look up a symbolic fd - constrained to 3 and opened b'/tmp/angr_implicit_0'[0m[0m
[1;32;40mINFO - 2023-05-29 07:17:48,182 - [36mCustomSimProcedure[0m - [36mSyscall found:  fgets[<BV32 0x7ffefe58>, <BV32 0x80>, <BV32 unconstrained_ret_popen_4852226_32{UNINITIALIZED}>][0m[0m
[1;32;40mINFO - 2023-05-29 07:17:48,286 - [36mCustomSimProcedure[0m - [36mSyscall found:  strlen[<BV32 0x908d029>][0m[0m
[1;32;40mINFO - 2023-05-29 07:17:48,288 - [36mCustomSimProcedure[0m - [36mSyscall found:  memcpy[<BV32 0x7ffefe20>, <BV32 0x908d029>, <BV32 0x22>][0m[0m
[1;32;40mINFO - 2023-05-29 07:17:48,288 - [36mCustomSimProcedure[0m - [36mSyscall found:  strncpy[<BV32 0x7ffefe20>, <BV32 0x908d029>, <BV32 0x22>][0m[0m
[1;32;40mINFO - 2023-05-29 07:17:48,336 - [36mCustomSimProcedure[0m - [36mSyscall found:  strlen[<BV32 0x908d029>][0m[0m
[1;32;40mINFO - 2023-05-29 07:17:48,338 - [36mCustomSimProcedure[0m - [36mSyscall found:  memcpy[<BV32 0x7ffefe20>, <BV32 0x908d029>, <BV32 0x22>][0m[0m
[1;32;40mINFO - 2023-05-29 07:17:48,338 - [36mCustomSimProcedure[0m - [36mSyscall found:  strncpy[<BV32 0x7ffefe20>, <BV32 0x908d029>, <BV32 0x22>][0m[0m
[1;32;40mINFO - 2023-05-29 07:17:48,425 - [36mCustomSimProcedure[0m - [36mSyscall found:  strlen[<BV32 0x908d029>][0m[0m
[1;32;40mINFO - 2023-05-29 07:17:48,427 - [36mCustomSimProcedure[0m - [36mSyscall found:  memcpy[<BV32 0x7ffefe20>, <BV32 0x908d029>, <BV32 0x22>][0m[0m
[1;32;40mINFO - 2023-05-29 07:17:48,427 - [36mCustomSimProcedure[0m - [36mSyscall found:  strncpy[<BV32 0x7ffefe20>, <BV32 0x908d029>, <BV32 0x22>][0m[0m
[1;32;40mINFO - 2023-05-29 07:17:48,444 - [36mCustomSimProcedure[0m - [36mSyscall found:  strlen[<BV32 0x908d029>][0m[0m
[1;32;40mINFO - 2023-05-29 07:17:48,446 - [36mCustomSimProcedure[0m - [36mSyscall found:  memcpy[<BV32 0x7ffefe20>, <BV32 0x908d029>, <BV32 0x22>][0m[0m
[1;32;40mINFO - 2023-05-29 07:17:48,446 - [36mCustomSimProcedure[0m - [36mSyscall found:  strncpy[<BV32 0x7ffefe20>, <BV32 0x908d029>, <BV32 0x22>][0m[0m
[1;32;40mINFO - 2023-05-29 07:17:48,458 - [36mCustomSimProcedure[0m - [36mSyscall found:  strlen[<BV32 0x908d029>][0m[0m
[1;32;40mINFO - 2023-05-29 07:17:48,468 - [36mCustomSimProcedure[0m - [36mSyscall found:  strlen[<BV32 0x7ffefe20>][0m[0m
[1;32;40mINFO - 2023-05-29 07:17:48,475 - [36mCustomSimProcedure[0m - [36mSyscall found:  strncmp[<BV32 0x908d029>, <BV32 0x7ffefe20>, <BV32 0x21>][0m[0m
[1;32;40mINFO - 2023-05-29 07:17:48,475 - [36mCustomSimProcedure[0m - [36mSyscall found:  strcmp[<BV32 0x908d029>, <BV32 0x7ffefe20>][0m[0m
[1;32;40mINFO - 2023-05-29 07:17:48,490 - [36mCustomSimProcedure[0m - [36mSyscall found:  strlen[<BV32 0x908d029>][0m[0m
[1;32;40mINFO - 2023-05-29 07:17:48,501 - [36mCustomSimProcedure[0m - [36mSyscall found:  strlen[<BV32 0x7ffefe20>][0m[0m
[1;32;40mINFO - 2023-05-29 07:17:48,510 - [36mCustomSimProcedure[0m - [36mSyscall found:  strncmp[<BV32 0x908d029>, <BV32 0x7ffefe20>, <BV32 0x21>][0m[0m
[1;32;40mINFO - 2023-05-29 07:17:48,511 - [36mCustomSimProcedure[0m - [36mSyscall found:  strcmp[<BV32 0x908d029>, <BV32 0x7ffefe20>][0m[0m
[1;32;40mINFO - 2023-05-29 07:17:48,589 - [36mCustomSimProcedure[0m - [36mSyscall found:  strlen[<BV32 0x908d029>][0m[0m
[1;32;40mINFO - 2023-05-29 07:17:48,599 - [36mCustomSimProcedure[0m - [36mSyscall found:  strlen[<BV32 0x7ffefe20>][0m[0m
[1;32;40mINFO - 2023-05-29 07:17:48,608 - [36mCustomSimProcedure[0m - [36mSyscall found:  strncmp[<BV32 0x908d029>, <BV32 0x7ffefe20>, <BV32 0x21>][0m[0m
[1;32;40mINFO - 2023-05-29 07:17:48,608 - [36mCustomSimProcedure[0m - [36mSyscall found:  strcmp[<BV32 0x908d029>, <BV32 0x7ffefe20>][0m[0m
[1;32;40mINFO - 2023-05-29 07:17:48,625 - [36mCustomSimProcedure[0m - [36mSyscall found:  strlen[<BV32 0x908d029>][0m[0m
[1;32;40mINFO - 2023-05-29 07:17:48,635 - [36mCustomSimProcedure[0m - [36mSyscall found:  strlen[<BV32 0x7ffefe20>][0m[0m
[1;32;40mINFO - 2023-05-29 07:17:48,642 - [36mCustomSimProcedure[0m - [36mSyscall found:  strncmp[<BV32 0x908d029>, <BV32 0x7ffefe20>, <BV32 0x21>][0m[0m
[1;32;40mINFO - 2023-05-29 07:17:48,643 - [36mCustomSimProcedure[0m - [36mSyscall found:  strcmp[<BV32 0x908d029>, <BV32 0x7ffefe20>][0m[0m
[1;32;40mINFO - 2023-05-29 07:17:48,677 - [36mCustomSimProcedure[0m - [36mSyscall found:  pclose[<BV32 unconstrained_ret_popen_4852226_32{UNINITIALIZED}>][0m[0m
[1;32;40mINFO - 2023-05-29 07:17:48,818 - [36mCustomSimProcedure[0m - [36mSyscall found:  pclose[<BV32 unconstrained_ret_popen_4852225_32{UNINITIALIZED}>][0m[0m
[1;32;40mINFO - 2023-05-29 07:17:49,115 - [32mSemaExplorerCDFS[0m - [32mA new block of execution have been executed with changes in sim_manager.[0m[0m
[1;32;40mINFO - 2023-05-29 07:17:49,115 - [32mSemaExplorerCDFS[0m - [32mCurrently, simulation manager is :
<SimulationManager with 6 active>[0m[0m
[1;32;40mINFO - 2023-05-29 07:17:49,116 - [32mSemaExplorerCDFS[0m - [32mpause stash len :0[0m[0m
[1;32;40mINFO - 2023-05-29 07:17:49,116 - [32mSemaExplorerCDFS[0m - [32mfork_stack : 2[0m[0m
[1;32;40mINFO - 2023-05-29 07:17:49,132 - [36mCustomSimProcedure[0m - [36mSyscall found:  pclose[<BV32 unconstrained_ret_popen_4852225_32{UNINITIALIZED}>][0m[0m
[1;32;40mINFO - 2023-05-29 07:17:49,324 - [36mCustomSimProcedure[0m - [36mSyscall found:  strlen[<BV32 0x908d07e>][0m[0m
[1;32;40mINFO - 2023-05-29 07:17:49,328 - [36mCustomSimProcedure[0m - [36mSyscall found:  printf[<BV32 0x908d07e>][0m[0m
[1;32;40mINFO - 2023-05-29 07:17:49,378 - [36mCustomSimProcedure[0m - [36mSyscall found:  strlen[<BV32 0x908d07e>][0m[0m
[1;32;40mINFO - 2023-05-29 07:17:49,382 - [36mCustomSimProcedure[0m - [36mSyscall found:  printf[<BV32 0x908d07e>][0m[0m
[1;32;40mINFO - 2023-05-29 07:17:49,384 - [32mSemaExplorerCDFS[0m - [32mA new block of execution have been executed with changes in sim_manager.[0m[0m
[1;32;40mINFO - 2023-05-29 07:17:49,385 - [32mSemaExplorerCDFS[0m - [32mCurrently, simulation manager is :
<SimulationManager with 6 active>[0m[0m
[1;32;40mINFO - 2023-05-29 07:17:49,385 - [32mSemaExplorerCDFS[0m - [32mpause stash len :1[0m[0m
[1;32;40mINFO - 2023-05-29 07:17:49,385 - [32mSemaExplorerCDFS[0m - [32mfork_stack : 1[0m[0m
[1;32;40mINFO - 2023-05-29 07:17:49,444 - [36mCustomSimProcedure[0m - [36mSyscall found:  strlen[<BV32 0x908d07e>][0m[0m
[1;32;40mINFO - 2023-05-29 07:17:49,447 - [36mCustomSimProcedure[0m - [36mSyscall found:  printf[<BV32 0x908d07e>][0m[0m
[1;32;40mINFO - 2023-05-29 07:17:49,525 - [36mCustomSimProcedure[0m - [36mSyscall found:  popen[<BV32 0x908d04b>, <BV32 0x908d06f>][0m[0m
[1;32;40mINFO - 2023-05-29 07:17:49,601 - [32mSemaExplorerCDFS[0m - [32mA new block of execution have been executed with changes in sim_manager.[0m[0m
[1;32;40mINFO - 2023-05-29 07:17:49,601 - [32mSemaExplorerCDFS[0m - [32mCurrently, simulation manager is :
<SimulationManager with 6 active>[0m[0m
[1;32;40mINFO - 2023-05-29 07:17:49,601 - [32mSemaExplorerCDFS[0m - [32mpause stash len :2[0m[0m
[1;32;40mINFO - 2023-05-29 07:17:49,601 - [32mSemaExplorerCDFS[0m - [32mfork_stack : 1[0m[0m
[1;32;40mINFO - 2023-05-29 07:17:49,604 - [36mCustomSimProcedure[0m - [36mSyscall found:  popen[<BV32 0x908d04b>, <BV32 0x908d06f>][0m[0m
[1;32;40mINFO - 2023-05-29 07:17:49,653 - [36mCustomSimProcedure[0m - [36mSyscall found:  popen[<BV32 0x908d04b>, <BV32 0x908d06f>][0m[0m
[1;32;40mINFO - 2023-05-29 07:17:49,682 - [36mCustomSimProcedure[0m - [36mSyscall found:  popen[<BV32 0x908d04b>, <BV32 0x908d06f>][0m[0m
[1;32;40mINFO - 2023-05-29 07:17:49,776 - [36mCustomSimProcedure[0m - [36mSyscall found:  strlen[<BV32 0x908d078>][0m[0m
[1;32;40mINFO - 2023-05-29 07:17:49,776 - [36mCustomSimProcedure[0m - [36mSyscall found:  printf[<BV32 0x908d078>][0m[0m
[1;32;40mINFO - 2023-05-29 07:17:49,778 - [32mSemaExplorerCDFS[0m - [32mA new block of execution have been executed with changes in sim_manager.[0m[0m
[1;32;40mINFO - 2023-05-29 07:17:49,778 - [32mSemaExplorerCDFS[0m - [32mCurrently, simulation manager is :
<SimulationManager with 8 active>[0m[0m
[1;32;40mINFO - 2023-05-29 07:17:49,779 - [32mSemaExplorerCDFS[0m - [32mpause stash len :3[0m[0m
[1;32;40mINFO - 2023-05-29 07:17:49,779 - [32mSemaExplorerCDFS[0m - [32mfork_stack : 3[0m[0m
[1;32;40mINFO - 2023-05-29 07:17:49,798 - [36mCustomSimProcedure[0m - [36mSyscall found:  popen[<BV32 0x908d04b>, <BV32 0x908d06f>][0m[0m
[1;32;40mINFO - 2023-05-29 07:17:49,845 - [36mCustomSimProcedure[0m - [36mSyscall found:  strlen[<BV32 0x908d078>][0m[0m
[1;32;40mINFO - 2023-05-29 07:17:49,846 - [36mCustomSimProcedure[0m - [36mSyscall found:  printf[<BV32 0x908d078>][0m[0m
[1;32;40mINFO - 2023-05-29 07:17:49,887 - [36mCustomSimProcedure[0m - [36mSyscall found:  strlen[<BV32 0x908d078>][0m[0m
[1;32;40mINFO - 2023-05-29 07:17:49,888 - [36mCustomSimProcedure[0m - [36mSyscall found:  printf[<BV32 0x908d078>][0m[0m
[1;32;40mINFO - 2023-05-29 07:17:49,896 - [32mSemaExplorerCDFS[0m - [32mA new block of execution have been executed with changes in sim_manager.[0m[0m
[1;32;40mINFO - 2023-05-29 07:17:49,896 - [32mSemaExplorerCDFS[0m - [32mCurrently, simulation manager is :
<SimulationManager with 6 active>[0m[0m
[1;32;40mINFO - 2023-05-29 07:17:49,896 - [32mSemaExplorerCDFS[0m - [32mpause stash len :6[0m[0m
[1;32;40mINFO - 2023-05-29 07:17:49,896 - [32mSemaExplorerCDFS[0m - [32mfork_stack : 1[0m[0m
[1;33;40mWARNING - 2023-05-29 07:17:50,113 - [33mangr.state_plugins.posix[0m - [33mTried to look up a symbolic fd - constrained to 4 and opened b'/tmp/angr_implicit_1'[0m[0m
[1;32;40mINFO - 2023-05-29 07:17:50,168 - [36mCustomSimProcedure[0m - [36mSyscall found:  fgets[<BV32 0x7ffefe58>, <BV32 0x80>, <BV32 unconstrained_ret_popen_4852242_32{UNINITIALIZED}>][0m[0m
[1;32;40mINFO - 2023-05-29 07:17:50,240 - [36mCustomSimProcedure[0m - [36mSyscall found:  strlen[<BV32 0x908d078>][0m[0m
[1;32;40mINFO - 2023-05-29 07:17:50,241 - [36mCustomSimProcedure[0m - [36mSyscall found:  printf[<BV32 0x908d078>][0m[0m
[1;32;40mINFO - 2023-05-29 07:17:50,336 - [36mCustomSimProcedure[0m - [36mSyscall found:  fgets[<BV32 0x7ffefe58>, <BV32 0x80>, <BV32 unconstrained_ret_popen_4852242_32{UNINITIALIZED}>][0m[0m
[1;33;40mWARNING - 2023-05-29 07:17:50,554 - [33mangr.state_plugins.posix[0m - [33mTried to look up a symbolic fd - constrained to 4 and opened b'/tmp/angr_implicit_1'[0m[0m
[1;32;40mINFO - 2023-05-29 07:17:50,616 - [36mCustomSimProcedure[0m - [36mSyscall found:  fgets[<BV32 0x7ffefe58>, <BV32 0x80>, <BV32 unconstrained_ret_popen_4852245_32{UNINITIALIZED}>][0m[0m
[1;33;40mWARNING - 2023-05-29 07:17:50,697 - [33mangr.state_plugins.posix[0m - [33mTried to look up a symbolic fd - constrained to 4 and opened b'/tmp/angr_implicit_1'[0m[0m
[1;32;40mINFO - 2023-05-29 07:17:50,749 - [36mCustomSimProcedure[0m - [36mSyscall found:  fgets[<BV32 0x7ffefe58>, <BV32 0x80>, <BV32 unconstrained_ret_popen_4852243_32{UNINITIALIZED}>][0m[0m
[1;32;40mINFO - 2023-05-29 07:17:50,850 - [36mCustomSimProcedure[0m - [36mSyscall found:  strlen[<BV32 0x908d071>][0m[0m
[1;32;40mINFO - 2023-05-29 07:17:50,851 - [36mCustomSimProcedure[0m - [36mSyscall found:  memcpy[<BV32 0x7ffefe40>, <BV32 0x908d071>, <BV32 0x6>][0m[0m
[1;32;40mINFO - 2023-05-29 07:17:50,851 - [36mCustomSimProcedure[0m - [36mSyscall found:  strncpy[<BV32 0x7ffefe40>, <BV32 0x908d071>, <BV32 0x6>][0m[0m
[1;32;40mINFO - 2023-05-29 07:17:50,924 - [36mCustomSimProcedure[0m - [36mSyscall found:  fgets[<BV32 0x7ffefe58>, <BV32 0x80>, <BV32 unconstrained_ret_popen_4852245_32{UNINITIALIZED}>][0m[0m
[1;32;40mINFO - 2023-05-29 07:17:51,016 - [36mCustomSimProcedure[0m - [36mSyscall found:  strlen[<BV32 0x908d071>][0m[0m
[1;32;40mINFO - 2023-05-29 07:17:51,017 - [36mCustomSimProcedure[0m - [36mSyscall found:  memcpy[<BV32 0x7ffefe40>, <BV32 0x908d071>, <BV32 0x6>][0m[0m
[1;32;40mINFO - 2023-05-29 07:17:51,017 - [36mCustomSimProcedure[0m - [36mSyscall found:  strncpy[<BV32 0x7ffefe40>, <BV32 0x908d071>, <BV32 0x6>][0m[0m
[1;32;40mINFO - 2023-05-29 07:17:51,045 - [36mCustomSimProcedure[0m - [36mSyscall found:  strlen[<BV32 0x908d071>][0m[0m
[1;32;40mINFO - 2023-05-29 07:17:51,046 - [36mCustomSimProcedure[0m - [36mSyscall found:  memcpy[<BV32 0x7ffefe40>, <BV32 0x908d071>, <BV32 0x6>][0m[0m
[1;32;40mINFO - 2023-05-29 07:17:51,047 - [36mCustomSimProcedure[0m - [36mSyscall found:  strncpy[<BV32 0x7ffefe40>, <BV32 0x908d071>, <BV32 0x6>][0m[0m
[1;32;40mINFO - 2023-05-29 07:17:51,053 - [36mCustomSimProcedure[0m - [36mSyscall found:  strlen[<BV32 0x908d071>][0m[0m
[1;32;40mINFO - 2023-05-29 07:17:51,054 - [36mCustomSimProcedure[0m - [36mSyscall found:  memcpy[<BV32 0x7ffefe40>, <BV32 0x908d071>, <BV32 0x6>][0m[0m
[1;32;40mINFO - 2023-05-29 07:17:51,054 - [36mCustomSimProcedure[0m - [36mSyscall found:  strncpy[<BV32 0x7ffefe40>, <BV32 0x908d071>, <BV32 0x6>][0m[0m
[1;32;40mINFO - 2023-05-29 07:17:51,075 - [36mCustomSimProcedure[0m - [36mSyscall found:  strlen[<BV32 0x908d071>][0m[0m
[1;32;40mINFO - 2023-05-29 07:17:51,079 - [36mCustomSimProcedure[0m - [36mSyscall found:  strlen[<BV32 0x7ffefe40>][0m[0m
[1;32;40mINFO - 2023-05-29 07:17:51,082 - [36mCustomSimProcedure[0m - [36mSyscall found:  strncmp[<BV32 0x908d071>, <BV32 0x7ffefe40>, <BV32 0x6>][0m[0m
[1;32;40mINFO - 2023-05-29 07:17:51,082 - [36mCustomSimProcedure[0m - [36mSyscall found:  strcmp[<BV32 0x908d071>, <BV32 0x7ffefe40>][0m[0m
[1;32;40mINFO - 2023-05-29 07:17:51,133 - [36mCustomSimProcedure[0m - [36mSyscall found:  strlen[<BV32 0x908d071>][0m[0m
[1;32;40mINFO - 2023-05-29 07:17:51,134 - [36mCustomSimProcedure[0m - [36mSyscall found:  memcpy[<BV32 0x7ffefe40>, <BV32 0x908d071>, <BV32 0x6>][0m[0m
[1;32;40mINFO - 2023-05-29 07:17:51,134 - [36mCustomSimProcedure[0m - [36mSyscall found:  strncpy[<BV32 0x7ffefe40>, <BV32 0x908d071>, <BV32 0x6>][0m[0m
[1;32;40mINFO - 2023-05-29 07:17:51,152 - [36mCustomSimProcedure[0m - [36mSyscall found:  strlen[<BV32 0x908d071>][0m[0m
[1;32;40mINFO - 2023-05-29 07:17:51,157 - [36mCustomSimProcedure[0m - [36mSyscall found:  strlen[<BV32 0x7ffefe40>][0m[0m
[1;32;40mINFO - 2023-05-29 07:17:51,162 - [36mCustomSimProcedure[0m - [36mSyscall found:  strncmp[<BV32 0x908d071>, <BV32 0x7ffefe40>, <BV32 0x6>][0m[0m
[1;32;40mINFO - 2023-05-29 07:17:51,162 - [36mCustomSimProcedure[0m - [36mSyscall found:  strcmp[<BV32 0x908d071>, <BV32 0x7ffefe40>][0m[0m
[1;32;40mINFO - 2023-05-29 07:17:51,198 - [36mCustomSimProcedure[0m - [36mSyscall found:  strlen[<BV32 0x908d071>][0m[0m
[1;32;40mINFO - 2023-05-29 07:17:51,201 - [36mCustomSimProcedure[0m - [36mSyscall found:  strlen[<BV32 0x7ffefe40>][0m[0m
[1;32;40mINFO - 2023-05-29 07:17:51,204 - [36mCustomSimProcedure[0m - [36mSyscall found:  strncmp[<BV32 0x908d071>, <BV32 0x7ffefe40>, <BV32 0x6>][0m[0m
[1;32;40mINFO - 2023-05-29 07:17:51,205 - [36mCustomSimProcedure[0m - [36mSyscall found:  strcmp[<BV32 0x908d071>, <BV32 0x7ffefe40>][0m[0m
[1;32;40mINFO - 2023-05-29 07:17:51,215 - [36mCustomSimProcedure[0m - [36mSyscall found:  strlen[<BV32 0x908d071>][0m[0m
[1;32;40mINFO - 2023-05-29 07:17:51,219 - [36mCustomSimProcedure[0m - [36mSyscall found:  strlen[<BV32 0x7ffefe40>][0m[0m
[1;32;40mINFO - 2023-05-29 07:17:51,222 - [36mCustomSimProcedure[0m - [36mSyscall found:  strncmp[<BV32 0x908d071>, <BV32 0x7ffefe40>, <BV32 0x6>][0m[0m
[1;32;40mINFO - 2023-05-29 07:17:51,223 - [36mCustomSimProcedure[0m - [36mSyscall found:  strcmp[<BV32 0x908d071>, <BV32 0x7ffefe40>][0m[0m
[1;32;40mINFO - 2023-05-29 07:17:51,267 - [36mCustomSimProcedure[0m - [36mSyscall found:  pclose[<BV32 unconstrained_ret_popen_4852242_32{UNINITIALIZED}>][0m[0m
[1;32;40mINFO - 2023-05-29 07:17:51,403 - [36mCustomSimProcedure[0m - [36mSyscall found:  strlen[<BV32 0x908d071>][0m[0m
[1;32;40mINFO - 2023-05-29 07:17:51,406 - [36mCustomSimProcedure[0m - [36mSyscall found:  strlen[<BV32 0x7ffefe40>][0m[0m
[1;32;40mINFO - 2023-05-29 07:17:51,408 - [36mCustomSimProcedure[0m - [36mSyscall found:  strncmp[<BV32 0x908d071>, <BV32 0x7ffefe40>, <BV32 0x6>][0m[0m
[1;32;40mINFO - 2023-05-29 07:17:51,409 - [36mCustomSimProcedure[0m - [36mSyscall found:  strcmp[<BV32 0x908d071>, <BV32 0x7ffefe40>][0m[0m
[1;32;40mINFO - 2023-05-29 07:17:51,516 - [32mSemaExplorerCDFS[0m - [32mA new block of execution have been executed with changes in sim_manager.[0m[0m
[1;32;40mINFO - 2023-05-29 07:17:51,516 - [32mSemaExplorerCDFS[0m - [32mCurrently, simulation manager is :
<SimulationManager with 6 active>[0m[0m
[1;32;40mINFO - 2023-05-29 07:17:51,516 - [32mSemaExplorerCDFS[0m - [32mpause stash len :7[0m[0m
[1;32;40mINFO - 2023-05-29 07:17:51,516 - [32mSemaExplorerCDFS[0m - [32mfork_stack : 1[0m[0m
[1;32;40mINFO - 2023-05-29 07:17:51,519 - [36mCustomSimProcedure[0m - [36mSyscall found:  pclose[<BV32 unconstrained_ret_popen_4852242_32{UNINITIALIZED}>][0m[0m
[1;32;40mINFO - 2023-05-29 07:17:51,673 - [36mCustomSimProcedure[0m - [36mSyscall found:  pclose[<BV32 unconstrained_ret_popen_4852245_32{UNINITIALIZED}>][0m[0m
[1;32;40mINFO - 2023-05-29 07:17:51,890 - [36mCustomSimProcedure[0m - [36mSyscall found:  strlen[<BV32 0x908d07e>][0m[0m
[1;32;40mINFO - 2023-05-29 07:17:51,894 - [36mCustomSimProcedure[0m - [36mSyscall found:  printf[<BV32 0x908d07e>][0m[0m
[1;32;40mINFO - 2023-05-29 07:17:51,982 - [32mSemaExplorerCDFS[0m - [32mA new block of execution have been executed with changes in sim_manager.[0m[0m
[1;32;40mINFO - 2023-05-29 07:17:51,982 - [32mSemaExplorerCDFS[0m - [32mCurrently, simulation manager is :
<SimulationManager with 7 active>[0m[0m
[1;32;40mINFO - 2023-05-29 07:17:51,982 - [32mSemaExplorerCDFS[0m - [32mpause stash len :8[0m[0m
[1;32;40mINFO - 2023-05-29 07:17:51,982 - [32mSemaExplorerCDFS[0m - [32mfork_stack : 2[0m[0m
[1;32;40mINFO - 2023-05-29 07:17:52,009 - [36mCustomSimProcedure[0m - [36mSyscall found:  pclose[<BV32 unconstrained_ret_popen_4852245_32{UNINITIALIZED}>][0m[0m
[1;32;40mINFO - 2023-05-29 07:17:52,224 - [36mCustomSimProcedure[0m - [36mSyscall found:  strlen[<BV32 0x908d07e>][0m[0m
[1;32;40mINFO - 2023-05-29 07:17:52,229 - [36mCustomSimProcedure[0m - [36mSyscall found:  printf[<BV32 0x908d07e>][0m[0m
[1;32;40mINFO - 2023-05-29 07:17:52,311 - [32mSemaExplorerCDFS[0m - [32mA new block of execution have been executed with changes in sim_manager.[0m[0m
[1;32;40mINFO - 2023-05-29 07:17:52,311 - [32mSemaExplorerCDFS[0m - [32mCurrently, simulation manager is :
<SimulationManager with 6 active>[0m[0m
[1;32;40mINFO - 2023-05-29 07:17:52,311 - [32mSemaExplorerCDFS[0m - [32mpause stash len :10[0m[0m
[1;32;40mINFO - 2023-05-29 07:17:52,312 - [32mSemaExplorerCDFS[0m - [32mfork_stack : 1[0m[0m
[1;32;40mINFO - 2023-05-29 07:17:52,453 - [36mCustomSimProcedure[0m - [36mSyscall found:  __libc_start_main[151294976, 1, 2147418032, 151570656, 151570768][0m[0m
[1;32;40mINFO - 2023-05-29 07:17:52,512 - [32mSemaExplorerCDFS[0m - [32mA new block of execution have been executed with changes in sim_manager.[0m[0m
[1;32;40mINFO - 2023-05-29 07:17:52,512 - [32mSemaExplorerCDFS[0m - [32mCurrently, simulation manager is :
<SimulationManager with 4 active, 1 deadended>[0m[0m
[1;32;40mINFO - 2023-05-29 07:17:52,512 - [32mSemaExplorerCDFS[0m - [32mpause stash len :11[0m[0m
[1;32;40mINFO - 2023-05-29 07:17:52,517 - [36mCustomSimProcedure[0m - [36mSyscall found:  __libc_start_main[151294976, 1, 2147418032, 151570656, 151570768][0m[0m
[1;32;40mINFO - 2023-05-29 07:17:52,542 - [36mCustomSimProcedure[0m - [36mSyscall found:  __libc_start_main[151294976, 1, 2147418032, 151570656, 151570768][0m[0m
[1;32;40mINFO - 2023-05-29 07:17:52,618 - [36mCustomSimProcedure[0m - [36mSyscall found:  strlen[<BV32 0x908d07e>][0m[0m
[1;32;40mINFO - 2023-05-29 07:17:52,623 - [36mCustomSimProcedure[0m - [36mSyscall found:  printf[<BV32 0x908d07e>][0m[0m
[1;32;40mINFO - 2023-05-29 07:17:52,628 - [32mSemaExplorerCDFS[0m - [32mA new block of execution have been executed with changes in sim_manager.[0m[0m
[1;32;40mINFO - 2023-05-29 07:17:52,628 - [32mSemaExplorerCDFS[0m - [32mCurrently, simulation manager is :
<SimulationManager with 3 active, 3 deadended>[0m[0m
[1;32;40mINFO - 2023-05-29 07:17:52,629 - [32mSemaExplorerCDFS[0m - [32mpause stash len :10[0m[0m
[1;32;40mINFO - 2023-05-29 07:17:52,635 - [36mCustomSimProcedure[0m - [36mSyscall found:  __libc_start_main[151294976, 1, 2147418032, 151570656, 151570768][0m[0m
[1;32;40mINFO - 2023-05-29 07:17:52,640 - [36mCustomSimProcedure[0m - [36mSyscall found:  __libc_start_main[151294976, 1, 2147418032, 151570656, 151570768][0m[0m
[1;32;40mINFO - 2023-05-29 07:17:52,732 - [36mCustomSimProcedure[0m - [36mSyscall found:  strlen[<BV32 0x908d07e>][0m[0m
[1;32;40mINFO - 2023-05-29 07:17:52,739 - [36mCustomSimProcedure[0m - [36mSyscall found:  printf[<BV32 0x908d07e>][0m[0m
[1;32;40mINFO - 2023-05-29 07:17:52,742 - [32mSemaExplorerCDFS[0m - [32mA new block of execution have been executed with changes in sim_manager.[0m[0m
[1;32;40mINFO - 2023-05-29 07:17:52,743 - [32mSemaExplorerCDFS[0m - [32mCurrently, simulation manager is :
<SimulationManager with 3 active, 5 deadended>[0m[0m
[1;32;40mINFO - 2023-05-29 07:17:52,743 - [32mSemaExplorerCDFS[0m - [32mpause stash len :8[0m[0m
[1;32;40mINFO - 2023-05-29 07:17:52,791 - [36mCustomSimProcedure[0m - [36mSyscall found:  pclose[<BV32 unconstrained_ret_popen_4852243_32{UNINITIALIZED}>][0m[0m
[1;33;40mWARNING - 2023-05-29 07:17:53,053 - [32mangr.storage.memory_mixins.default_filler_mixin[0m - [32mFilling memory at 0x40038 with 4 unconstrained bytes referenced from 0xa800020 (fgets+0x0 in extern-address space (0x20))[0m[0m
[1;33;40mWARNING - 2023-05-29 07:17:53,096 - [33mangr.state_plugins.posix[0m - [33mTried to look up a symbolic fd - constrained to 4 and opened b'/tmp/angr_implicit_1'[0m[0m
[1;32;40mINFO - 2023-05-29 07:17:53,149 - [36mCustomSimProcedure[0m - [36mSyscall found:  fgets[<BV32 0x7ffefe58>, <BV32 0x80>, <BV32 unconstrained_ret_popen_4852243_32{UNINITIALIZED}>][0m[0m
[1;32;40mINFO - 2023-05-29 07:17:53,230 - [32mSemaExplorerCDFS[0m - [32mA new block of execution have been executed with changes in sim_manager.[0m[0m
[1;32;40mINFO - 2023-05-29 07:17:53,231 - [32mSemaExplorerCDFS[0m - [32mCurrently, simulation manager is :
<SimulationManager with 6 active, 5 deadended>[0m[0m
[1;32;40mINFO - 2023-05-29 07:17:53,231 - [32mSemaExplorerCDFS[0m - [32mpause stash len :6[0m[0m
[1;32;40mINFO - 2023-05-29 07:17:53,231 - [32mSemaExplorerCDFS[0m - [32mfork_stack : 1[0m[0m
[1;32;40mINFO - 2023-05-29 07:17:53,299 - [36mCustomSimProcedure[0m - [36mSyscall found:  strlen[<BV32 0x908d07e>][0m[0m
[1;32;40mINFO - 2023-05-29 07:17:53,304 - [36mCustomSimProcedure[0m - [36mSyscall found:  printf[<BV32 0x908d07e>][0m[0m
[1;32;40mINFO - 2023-05-29 07:17:53,309 - [36mCustomSimProcedure[0m - [36mSyscall found:  __libc_start_main[151294976, 1, 2147418032, 151570656, 151570768][0m[0m
[1;32;40mINFO - 2023-05-29 07:17:53,313 - [36mCustomSimProcedure[0m - [36mSyscall found:  __libc_start_main[151294976, 1, 2147418032, 151570656, 151570768][0m[0m
[1;32;40mINFO - 2023-05-29 07:17:53,361 - [32mSemaExplorerCDFS[0m - [32mA new block of execution have been executed with changes in sim_manager.[0m[0m
[1;32;40mINFO - 2023-05-29 07:17:53,361 - [32mSemaExplorerCDFS[0m - [32mCurrently, simulation manager is :
<SimulationManager with 3 active, 7 deadended>[0m[0m
[1;32;40mINFO - 2023-05-29 07:17:53,361 - [32mSemaExplorerCDFS[0m - [32mpause stash len :7[0m[0m
[1;32;40mINFO - 2023-05-29 07:17:53,364 - [36mCustomSimProcedure[0m - [36mSyscall found:  __libc_start_main[151294976, 1, 2147418032, 151570656, 151570768][0m[0m
[1;32;40mINFO - 2023-05-29 07:17:53,431 - [36mCustomSimProcedure[0m - [36mSyscall found:  strlen[<BV32 0x908d078>][0m[0m
[1;32;40mINFO - 2023-05-29 07:17:53,434 - [36mCustomSimProcedure[0m - [36mSyscall found:  printf[<BV32 0x908d078>][0m[0m
[1;32;40mINFO - 2023-05-29 07:17:53,435 - [32mSemaExplorerCDFS[0m - [32mA new block of execution have been executed with changes in sim_manager.[0m[0m
[1;32;40mINFO - 2023-05-29 07:17:53,436 - [32mSemaExplorerCDFS[0m - [32mCurrently, simulation manager is :
<SimulationManager with 4 active, 8 deadended>[0m[0m
[1;32;40mINFO - 2023-05-29 07:17:53,436 - [32mSemaExplorerCDFS[0m - [32mpause stash len :5[0m[0m
[1;32;40mINFO - 2023-05-29 07:17:53,439 - [36mCustomSimProcedure[0m - [36mSyscall found:  __libc_start_main[151294976, 1, 2147418032, 151570656, 151570768][0m[0m
[1;32;40mINFO - 2023-05-29 07:17:53,454 - [36mCustomSimProcedure[0m - [36mSyscall found:  strlen[<BV32 0x908d071>][0m[0m
[1;32;40mINFO - 2023-05-29 07:17:53,456 - [36mCustomSimProcedure[0m - [36mSyscall found:  memcpy[<BV32 0x7ffefe40>, <BV32 0x908d071>, <BV32 0x6>][0m[0m
[1;32;40mINFO - 2023-05-29 07:17:53,456 - [36mCustomSimProcedure[0m - [36mSyscall found:  strncpy[<BV32 0x7ffefe40>, <BV32 0x908d071>, <BV32 0x6>][0m[0m
[1;32;40mINFO - 2023-05-29 07:17:53,498 - [32mSemaExplorerCDFS[0m - [32mA new block of execution have been executed with changes in sim_manager.[0m[0m
[1;32;40mINFO - 2023-05-29 07:17:53,498 - [32mSemaExplorerCDFS[0m - [32mCurrently, simulation manager is :
<SimulationManager with 4 active, 9 deadended>[0m[0m
[1;32;40mINFO - 2023-05-29 07:17:53,498 - [32mSemaExplorerCDFS[0m - [32mpause stash len :4[0m[0m
[1;32;40mINFO - 2023-05-29 07:17:53,501 - [36mCustomSimProcedure[0m - [36mSyscall found:  __libc_start_main[151294976, 1, 2147418032, 151570656, 151570768][0m[0m
[1;33;40mWARNING - 2023-05-29 07:17:53,547 - [33mangr.state_plugins.posix[0m - [33mTried to look up a symbolic fd - constrained to 4 and opened b'/tmp/angr_implicit_1'[0m[0m
[1;32;40mINFO - 2023-05-29 07:17:53,600 - [36mCustomSimProcedure[0m - [36mSyscall found:  fgets[<BV32 0x7ffefe58>, <BV32 0x80>, <BV32 unconstrained_ret_popen_4852244_32{UNINITIALIZED}>][0m[0m
[1;32;40mINFO - 2023-05-29 07:17:53,816 - [32mSemaExplorerCDFS[0m - [32mEnd of the trace number 1 with errors[0m[0m
[1;32;40mINFO - 2023-05-29 07:17:53,816 - [32mSemaExplorerCDFS[0m - <SimState @ 0xa800020>[0m
[1;32;40mINFO - 2023-05-29 07:17:53,817 - [32mSemaExplorerCDFS[0m - Tried to do operation on symbolic but partially constrained file descriptor[0m
[1;32;40mINFO - 2023-05-29 07:17:53,825 - [36mCustomSimProcedure[0m - [36mSyscall found:  strlen[<BV32 0x908d071>][0m[0m
[1;32;40mINFO - 2023-05-29 07:17:53,829 - [36mCustomSimProcedure[0m - [36mSyscall found:  strlen[<BV32 0x7ffefe40>][0m[0m
[1;32;40mINFO - 2023-05-29 07:17:53,833 - [36mCustomSimProcedure[0m - [36mSyscall found:  strncmp[<BV32 0x908d071>, <BV32 0x7ffefe40>, <BV32 0x6>][0m[0m
[1;32;40mINFO - 2023-05-29 07:17:53,834 - [36mCustomSimProcedure[0m - [36mSyscall found:  strcmp[<BV32 0x908d071>, <BV32 0x7ffefe40>][0m[0m
[1;32;40mINFO - 2023-05-29 07:17:53,862 - [32mSemaExplorerCDFS[0m - [32mA new block of execution have been executed with changes in sim_manager.[0m[0m
[1;32;40mINFO - 2023-05-29 07:17:53,862 - [32mSemaExplorerCDFS[0m - [32mCurrently, simulation manager is :
<SimulationManager with 4 active, 10 deadended (1 errored)>[0m[0m
[1;32;40mINFO - 2023-05-29 07:17:53,862 - [32mSemaExplorerCDFS[0m - [32mpause stash len :2[0m[0m
[1;33;40mWARNING - 2023-05-29 07:17:53,925 - [33mangr.state_plugins.posix[0m - [33mTried to look up a symbolic fd - constrained to 4 and opened b'/tmp/angr_implicit_1'[0m[0m
[1;32;40mINFO - 2023-05-29 07:17:53,977 - [36mCustomSimProcedure[0m - [36mSyscall found:  fgets[<BV32 0x7ffefe58>, <BV32 0x80>, <BV32 unconstrained_ret_popen_4852241_32{UNINITIALIZED}>][0m[0m
[1;32;40mINFO - 2023-05-29 07:17:54,178 - [36mCustomSimProcedure[0m - [36mSyscall found:  fgets[<BV32 0x7ffefe58>, <BV32 0x80>, <BV32 unconstrained_ret_popen_4852241_32{UNINITIALIZED}>][0m[0m
[1;32;40mINFO - 2023-05-29 07:17:54,195 - [36mCustomSimProcedure[0m - [36mSyscall found:  strlen[<BV32 0x908d071>][0m[0m
[1;32;40mINFO - 2023-05-29 07:17:54,199 - [36mCustomSimProcedure[0m - [36mSyscall found:  memcpy[<BV32 0x7ffefe40>, <BV32 0x908d071>, <BV32 0x6>][0m[0m
[1;32;40mINFO - 2023-05-29 07:17:54,199 - [36mCustomSimProcedure[0m - [36mSyscall found:  strncpy[<BV32 0x7ffefe40>, <BV32 0x908d071>, <BV32 0x6>][0m[0m
[1;32;40mINFO - 2023-05-29 07:17:54,236 - [36mCustomSimProcedure[0m - [36mSyscall found:  popen[<BV32 0x908d04b>, <BV32 0x908d06f>][0m[0m
[1;32;40mINFO - 2023-05-29 07:17:54,264 - [36mCustomSimProcedure[0m - [36mSyscall found:  pclose[<BV32 unconstrained_ret_popen_4852243_32{UNINITIALIZED}>][0m[0m
[1;32;40mINFO - 2023-05-29 07:17:54,427 - [32mSemaExplorerCDFS[0m - [32mA new block of execution have been executed with changes in sim_manager.[0m[0m
[1;32;40mINFO - 2023-05-29 07:17:54,427 - [32mSemaExplorerCDFS[0m - [32mCurrently, simulation manager is :
<SimulationManager with 6 active, 10 deadended (1 errored)>[0m[0m
[1;32;40mINFO - 2023-05-29 07:17:54,427 - [32mSemaExplorerCDFS[0m - [32mpause stash len :1[0m[0m
[1;32;40mINFO - 2023-05-29 07:17:54,427 - [32mSemaExplorerCDFS[0m - [32mfork_stack : 1[0m[0m
[1;32;40mINFO - 2023-05-29 07:17:54,455 - [36mCustomSimProcedure[0m - [36mSyscall found:  strlen[<BV32 0x908d071>][0m[0m
[1;32;40mINFO - 2023-05-29 07:17:54,456 - [36mCustomSimProcedure[0m - [36mSyscall found:  memcpy[<BV32 0x7ffefe40>, <BV32 0x908d071>, <BV32 0x6>][0m[0m
[1;32;40mINFO - 2023-05-29 07:17:54,456 - [36mCustomSimProcedure[0m - [36mSyscall found:  strncpy[<BV32 0x7ffefe40>, <BV32 0x908d071>, <BV32 0x6>][0m[0m
[1;32;40mINFO - 2023-05-29 07:17:54,465 - [32mSemaExplorerCDFS[0m - [32mA new block of execution have been executed with changes in sim_manager.[0m[0m
[1;32;40mINFO - 2023-05-29 07:17:54,465 - [32mSemaExplorerCDFS[0m - [32mCurrently, simulation manager is :
<SimulationManager with 6 active, 10 deadended (1 errored)>[0m[0m
[1;32;40mINFO - 2023-05-29 07:17:54,466 - [32mSemaExplorerCDFS[0m - [32mpause stash len :2[0m[0m
[1;32;40mINFO - 2023-05-29 07:17:54,466 - [32mSemaExplorerCDFS[0m - [32mfork_stack : 1[0m[0m
[1;32;40mINFO - 2023-05-29 07:17:54,484 - [36mCustomSimProcedure[0m - [36mSyscall found:  strlen[<BV32 0x908d071>][0m[0m
[1;32;40mINFO - 2023-05-29 07:17:54,486 - [36mCustomSimProcedure[0m - [36mSyscall found:  strlen[<BV32 0x7ffefe40>][0m[0m
[1;32;40mINFO - 2023-05-29 07:17:54,488 - [36mCustomSimProcedure[0m - [36mSyscall found:  strncmp[<BV32 0x908d071>, <BV32 0x7ffefe40>, <BV32 0x6>][0m[0m
[1;32;40mINFO - 2023-05-29 07:17:54,489 - [36mCustomSimProcedure[0m - [36mSyscall found:  strcmp[<BV32 0x908d071>, <BV32 0x7ffefe40>][0m[0m
[1;32;40mINFO - 2023-05-29 07:17:54,507 - [36mCustomSimProcedure[0m - [36mSyscall found:  strlen[<BV32 0x908d071>][0m[0m
[1;32;40mINFO - 2023-05-29 07:17:54,508 - [36mCustomSimProcedure[0m - [36mSyscall found:  memcpy[<BV32 0x7ffefe40>, <BV32 0x908d071>, <BV32 0x6>][0m[0m
[1;32;40mINFO - 2023-05-29 07:17:54,508 - [36mCustomSimProcedure[0m - [36mSyscall found:  strncpy[<BV32 0x7ffefe40>, <BV32 0x908d071>, <BV32 0x6>][0m[0m
[1;32;40mINFO - 2023-05-29 07:17:54,536 - [36mCustomSimProcedure[0m - [36mSyscall found:  strlen[<BV32 0x908d07e>][0m[0m
[1;32;40mINFO - 2023-05-29 07:17:54,540 - [36mCustomSimProcedure[0m - [36mSyscall found:  printf[<BV32 0x908d07e>][0m[0m
[1;32;40mINFO - 2023-05-29 07:17:54,589 - [36mCustomSimProcedure[0m - [36mSyscall found:  strlen[<BV32 0x908d071>][0m[0m
[1;32;40mINFO - 2023-05-29 07:17:54,592 - [36mCustomSimProcedure[0m - [36mSyscall found:  strlen[<BV32 0x7ffefe40>][0m[0m
[1;32;40mINFO - 2023-05-29 07:17:54,594 - [36mCustomSimProcedure[0m - [36mSyscall found:  strncmp[<BV32 0x908d071>, <BV32 0x7ffefe40>, <BV32 0x6>][0m[0m
[1;32;40mINFO - 2023-05-29 07:17:54,595 - [36mCustomSimProcedure[0m - [36mSyscall found:  strcmp[<BV32 0x908d071>, <BV32 0x7ffefe40>][0m[0m
[1;32;40mINFO - 2023-05-29 07:17:54,635 - [36mCustomSimProcedure[0m - [36mSyscall found:  strlen[<BV32 0x908d071>][0m[0m
[1;32;40mINFO - 2023-05-29 07:17:54,640 - [36mCustomSimProcedure[0m - [36mSyscall found:  strlen[<BV32 0x7ffefe40>][0m[0m
[1;32;40mINFO - 2023-05-29 07:17:54,646 - [36mCustomSimProcedure[0m - [36mSyscall found:  strncmp[<BV32 0x908d071>, <BV32 0x7ffefe40>, <BV32 0x6>][0m[0m
[1;32;40mINFO - 2023-05-29 07:17:54,647 - [36mCustomSimProcedure[0m - [36mSyscall found:  strcmp[<BV32 0x908d071>, <BV32 0x7ffefe40>][0m[0m
[1;32;40mINFO - 2023-05-29 07:17:54,684 - [36mCustomSimProcedure[0m - [36mSyscall found:  pclose[<BV32 unconstrained_ret_popen_4852244_32{UNINITIALIZED}>][0m[0m
[1;32;40mINFO - 2023-05-29 07:17:54,892 - [32mSemaExplorerCDFS[0m - [32mA new block of execution have been executed with changes in sim_manager.[0m[0m
[1;32;40mINFO - 2023-05-29 07:17:54,892 - [32mSemaExplorerCDFS[0m - [32mCurrently, simulation manager is :
<SimulationManager with 6 active, 10 deadended (1 errored)>[0m[0m
[1;32;40mINFO - 2023-05-29 07:17:54,892 - [32mSemaExplorerCDFS[0m - [32mpause stash len :3[0m[0m
[1;32;40mINFO - 2023-05-29 07:17:54,893 - [32mSemaExplorerCDFS[0m - [32mfork_stack : 1[0m[0m
[1;32;40mINFO - 2023-05-29 07:17:54,895 - [36mCustomSimProcedure[0m - [36mSyscall found:  __libc_start_main[151294976, 1, 2147418032, 151570656, 151570768][0m[0m
[1;32;40mINFO - 2023-05-29 07:17:54,919 - [36mCustomSimProcedure[0m - [36mSyscall found:  pclose[<BV32 unconstrained_ret_popen_4852241_32{UNINITIALIZED}>][0m[0m
[1;32;40mINFO - 2023-05-29 07:17:55,057 - [36mCustomSimProcedure[0m - [36mSyscall found:  strlen[<BV32 0x908d07e>][0m[0m
[1;32;40mINFO - 2023-05-29 07:17:55,061 - [36mCustomSimProcedure[0m - [36mSyscall found:  printf[<BV32 0x908d07e>][0m[0m
[1;32;40mINFO - 2023-05-29 07:17:55,082 - [32mSemaExplorerCDFS[0m - [32mA new block of execution have been executed with changes in sim_manager.[0m[0m
[1;32;40mINFO - 2023-05-29 07:17:55,082 - [32mSemaExplorerCDFS[0m - [32mCurrently, simulation manager is :
<SimulationManager with 5 active, 11 deadended (1 errored)>[0m[0m
[1;32;40mINFO - 2023-05-29 07:17:55,082 - [32mSemaExplorerCDFS[0m - [32mpause stash len :4[0m[0m
[1;32;40mINFO - 2023-05-29 07:17:55,083 - [32mSemaExplorerCDFS[0m - [32mfork_stack : 1[0m[0m
[1;32;40mINFO - 2023-05-29 07:17:55,085 - [36mCustomSimProcedure[0m - [36mSyscall found:  __libc_start_main[151294976, 1, 2147418032, 151570656, 151570768][0m[0m
[1;32;40mINFO - 2023-05-29 07:17:55,145 - [36mCustomSimProcedure[0m - [36mSyscall found:  strlen[<BV32 0x908d07e>][0m[0m
[1;32;40mINFO - 2023-05-29 07:17:55,149 - [36mCustomSimProcedure[0m - [36mSyscall found:  printf[<BV32 0x908d07e>][0m[0m
[1;32;40mINFO - 2023-05-29 07:17:55,151 - [32mSemaExplorerCDFS[0m - [32mA new block of execution have been executed with changes in sim_manager.[0m[0m
[1;32;40mINFO - 2023-05-29 07:17:55,151 - [32mSemaExplorerCDFS[0m - [32mCurrently, simulation manager is :
<SimulationManager with 4 active, 12 deadended (1 errored)>[0m[0m
[1;32;40mINFO - 2023-05-29 07:17:55,151 - [32mSemaExplorerCDFS[0m - [32mpause stash len :4[0m[0m
[1;32;40mINFO - 2023-05-29 07:17:55,206 - [36mCustomSimProcedure[0m - [36mSyscall found:  pclose[<BV32 unconstrained_ret_popen_4852241_32{UNINITIALIZED}>][0m[0m
[1;32;40mINFO - 2023-05-29 07:17:55,230 - [36mCustomSimProcedure[0m - [36mSyscall found:  __libc_start_main[151294976, 1, 2147418032, 151570656, 151570768][0m[0m
[1;32;40mINFO - 2023-05-29 07:17:55,268 - [32mSemaExplorerCDFS[0m - [32mA new block of execution have been executed with changes in sim_manager.[0m[0m
[1;32;40mINFO - 2023-05-29 07:17:55,268 - [32mSemaExplorerCDFS[0m - [32mCurrently, simulation manager is :
<SimulationManager with 6 active, 12 deadended (1 errored)>[0m[0m
[1;32;40mINFO - 2023-05-29 07:17:55,268 - [32mSemaExplorerCDFS[0m - [32mpause stash len :3[0m[0m
[1;32;40mINFO - 2023-05-29 07:17:55,268 - [32mSemaExplorerCDFS[0m - [32mfork_stack : 1[0m[0m
[1;32;40mINFO - 2023-05-29 07:17:55,293 - [32mSemaExplorerCDFS[0m - [32mA new block of execution have been executed with changes in sim_manager.[0m[0m
[1;32;40mINFO - 2023-05-29 07:17:55,293 - [32mSemaExplorerCDFS[0m - [32mCurrently, simulation manager is :
<SimulationManager with 4 active, 13 deadended (1 errored)>[0m[0m
[1;32;40mINFO - 2023-05-29 07:17:55,293 - [32mSemaExplorerCDFS[0m - [32mpause stash len :4[0m[0m
[1;32;40mINFO - 2023-05-29 07:17:55,296 - [36mCustomSimProcedure[0m - [36mSyscall found:  __libc_start_main[151294976, 1, 2147418032, 151570656, 151570768][0m[0m
[1;32;40mINFO - 2023-05-29 07:17:55,298 - [36mCustomSimProcedure[0m - [36mSyscall found:  __libc_start_main[151294976, 1, 2147418032, 151570656, 151570768][0m[0m
[1;32;40mINFO - 2023-05-29 07:17:55,349 - [36mCustomSimProcedure[0m - [36mSyscall found:  strlen[<BV32 0x908d07e>][0m[0m
[1;32;40mINFO - 2023-05-29 07:17:55,354 - [36mCustomSimProcedure[0m - [36mSyscall found:  printf[<BV32 0x908d07e>][0m[0m
[1;32;40mINFO - 2023-05-29 07:17:55,357 - [32mSemaExplorerCDFS[0m - [32mA new block of execution have been executed with changes in sim_manager.[0m[0m
[1;32;40mINFO - 2023-05-29 07:17:55,357 - [32mSemaExplorerCDFS[0m - [32mCurrently, simulation manager is :
<SimulationManager with 3 active, 15 deadended (1 errored)>[0m[0m
[1;32;40mINFO - 2023-05-29 07:17:55,357 - [32mSemaExplorerCDFS[0m - [32mpause stash len :3[0m[0m
[1;32;40mINFO - 2023-05-29 07:17:55,360 - [36mCustomSimProcedure[0m - [36mSyscall found:  __libc_start_main[151294976, 1, 2147418032, 151570656, 151570768][0m[0m
[1;32;40mINFO - 2023-05-29 07:17:55,379 - [36mCustomSimProcedure[0m - [36mSyscall found:  strlen[<BV32 0x908d078>][0m[0m
[1;32;40mINFO - 2023-05-29 07:17:55,380 - [36mCustomSimProcedure[0m - [36mSyscall found:  printf[<BV32 0x908d078>][0m[0m
[1;32;40mINFO - 2023-05-29 07:17:55,427 - [32mSemaExplorerCDFS[0m - [32mA new block of execution have been executed with changes in sim_manager.[0m[0m
[1;32;40mINFO - 2023-05-29 07:17:55,428 - [32mSemaExplorerCDFS[0m - [32mCurrently, simulation manager is :
<SimulationManager with 4 active, 16 deadended (1 errored)>[0m[0m
[1;32;40mINFO - 2023-05-29 07:17:55,428 - [32mSemaExplorerCDFS[0m - [32mpause stash len :1[0m[0m
[1;33;40mWARNING - 2023-05-29 07:17:55,595 - [32mangr.storage.memory_mixins.default_filler_mixin[0m - [32mFilling memory at 0x40038 with 4 unconstrained bytes referenced from 0xa800020 (fgets+0x0 in extern-address space (0x20))[0m[0m
[1;33;40mWARNING - 2023-05-29 07:17:55,656 - [33mangr.state_plugins.posix[0m - [33mTried to look up a symbolic fd - constrained to 4 and opened b'/tmp/angr_implicit_1'[0m[0m
[1;32;40mINFO - 2023-05-29 07:17:55,715 - [36mCustomSimProcedure[0m - [36mSyscall found:  fgets[<BV32 0x7ffefe58>, <BV32 0x80>, <BV32 unconstrained_ret_popen_4852265_32{UNINITIALIZED}>][0m[0m
[1;32;40mINFO - 2023-05-29 07:17:55,757 - [36mCustomSimProcedure[0m - [36mSyscall found:  pclose[<BV32 unconstrained_ret_popen_4852226_32{UNINITIALIZED}>][0m[0m
[1;32;40mINFO - 2023-05-29 07:17:55,881 - [36mCustomSimProcedure[0m - [36mSyscall found:  __libc_start_main[151294976, 1, 2147418032, 151570656, 151570768][0m[0m
[1;33;40mWARNING - 2023-05-29 07:17:55,931 - [33mangr.state_plugins.posix[0m - [33mTried to look up a symbolic fd - constrained to 4 and opened b'/tmp/angr_implicit_1'[0m[0m
[1;32;40mINFO - 2023-05-29 07:17:55,984 - [36mCustomSimProcedure[0m - [36mSyscall found:  fgets[<BV32 0x7ffefe58>, <BV32 0x80>, <BV32 unconstrained_ret_popen_4852265_32{UNINITIALIZED}>][0m[0m
[1;32;40mINFO - 2023-05-29 07:17:56,047 - [32mSemaExplorerCDFS[0m - [32mA new block of execution have been executed with changes in sim_manager.[0m[0m
[1;32;40mINFO - 2023-05-29 07:17:56,047 - [32mSemaExplorerCDFS[0m - [32mCurrently, simulation manager is :
<SimulationManager with 6 active, 16 deadended (1 errored)>[0m[0m
[1;32;40mINFO - 2023-05-29 07:17:56,047 - [32mSemaExplorerCDFS[0m - [32mpause stash len :0[0m[0m
[1;32;40mINFO - 2023-05-29 07:17:56,047 - [32mSemaExplorerCDFS[0m - [32mfork_stack : 1[0m[0m
[1;32;40mINFO - 2023-05-29 07:17:56,089 - [32mSemaExplorerCDFS[0m - [32mA new block of execution have been executed with changes in sim_manager.[0m[0m
[1;32;40mINFO - 2023-05-29 07:17:56,089 - [32mSemaExplorerCDFS[0m - [32mCurrently, simulation manager is :
<SimulationManager with 4 active, 17 deadended (1 errored)>[0m[0m
[1;32;40mINFO - 2023-05-29 07:17:56,089 - [32mSemaExplorerCDFS[0m - [32mpause stash len :1[0m[0m
[1;32;40mINFO - 2023-05-29 07:17:56,131 - [36mCustomSimProcedure[0m - [36mSyscall found:  __libc_start_main[151294976, 1, 2147418032, 151570656, 151570768][0m[0m
[1;32;40mINFO - 2023-05-29 07:17:56,139 - [36mCustomSimProcedure[0m - [36mSyscall found:  strlen[<BV32 0x908d071>][0m[0m
[1;32;40mINFO - 2023-05-29 07:17:56,141 - [36mCustomSimProcedure[0m - [36mSyscall found:  memcpy[<BV32 0x7ffefe40>, <BV32 0x908d071>, <BV32 0x6>][0m[0m
[1;32;40mINFO - 2023-05-29 07:17:56,142 - [36mCustomSimProcedure[0m - [36mSyscall found:  strncpy[<BV32 0x7ffefe40>, <BV32 0x908d071>, <BV32 0x6>][0m[0m
[1;32;40mINFO - 2023-05-29 07:17:56,180 - [36mCustomSimProcedure[0m - [36mSyscall found:  strlen[<BV32 0x908d07e>][0m[0m
[1;32;40mINFO - 2023-05-29 07:17:56,184 - [36mCustomSimProcedure[0m - [36mSyscall found:  printf[<BV32 0x908d07e>][0m[0m
[1;32;40mINFO - 2023-05-29 07:17:56,196 - [36mCustomSimProcedure[0m - [36mSyscall found:  strlen[<BV32 0x908d071>][0m[0m
[1;32;40mINFO - 2023-05-29 07:17:56,198 - [36mCustomSimProcedure[0m - [36mSyscall found:  memcpy[<BV32 0x7ffefe40>, <BV32 0x908d071>, <BV32 0x6>][0m[0m
[1;32;40mINFO - 2023-05-29 07:17:56,198 - [36mCustomSimProcedure[0m - [36mSyscall found:  strncpy[<BV32 0x7ffefe40>, <BV32 0x908d071>, <BV32 0x6>][0m[0m
[1;32;40mINFO - 2023-05-29 07:17:56,221 - [32mSemaExplorerCDFS[0m - [32mA new block of execution have been executed with changes in sim_manager.[0m[0m
[1;32;40mINFO - 2023-05-29 07:17:56,221 - [32mSemaExplorerCDFS[0m - [32mCurrently, simulation manager is :
<SimulationManager with 4 active, 18 deadended (1 errored)>[0m[0m
[1;32;40mINFO - 2023-05-29 07:17:56,221 - [32mSemaExplorerCDFS[0m - [32mpause stash len :0[0m[0m
[1;32;40mINFO - 2023-05-29 07:17:56,238 - [36mCustomSimProcedure[0m - [36mSyscall found:  popen[<BV32 0x908d04b>, <BV32 0x908d06f>][0m[0m
[1;32;40mINFO - 2023-05-29 07:17:56,275 - [36mCustomSimProcedure[0m - [36mSyscall found:  strlen[<BV32 0x908d071>][0m[0m
[1;32;40mINFO - 2023-05-29 07:17:56,277 - [36mCustomSimProcedure[0m - [36mSyscall found:  strlen[<BV32 0x7ffefe40>][0m[0m
[1;32;40mINFO - 2023-05-29 07:17:56,280 - [36mCustomSimProcedure[0m - [36mSyscall found:  strncmp[<BV32 0x908d071>, <BV32 0x7ffefe40>, <BV32 0x6>][0m[0m
[1;32;40mINFO - 2023-05-29 07:17:56,281 - [36mCustomSimProcedure[0m - [36mSyscall found:  strcmp[<BV32 0x908d071>, <BV32 0x7ffefe40>][0m[0m
[1;32;40mINFO - 2023-05-29 07:17:56,320 - [32mSemaExplorerCDFS[0m - [32mA new block of execution have been executed with changes in sim_manager.[0m[0m
[1;32;40mINFO - 2023-05-29 07:17:56,321 - [32mSemaExplorerCDFS[0m - [32mCurrently, simulation manager is :
<SimulationManager with 5 active, 18 deadended (1 errored)>[0m[0m
[1;32;40mINFO - 2023-05-29 07:17:56,321 - [32mSemaExplorerCDFS[0m - [32mpause stash len :0[0m[0m
[1;32;40mINFO - 2023-05-29 07:17:56,321 - [32mSemaExplorerCDFS[0m - [32mfork_stack : 1[0m[0m
[1;32;40mINFO - 2023-05-29 07:17:56,326 - [36mCustomSimProcedure[0m - [36mSyscall found:  strlen[<BV32 0x908d071>][0m[0m
[1;32;40mINFO - 2023-05-29 07:17:56,330 - [36mCustomSimProcedure[0m - [36mSyscall found:  strlen[<BV32 0x7ffefe40>][0m[0m
[1;32;40mINFO - 2023-05-29 07:17:56,333 - [36mCustomSimProcedure[0m - [36mSyscall found:  strncmp[<BV32 0x908d071>, <BV32 0x7ffefe40>, <BV32 0x6>][0m[0m
[1;32;40mINFO - 2023-05-29 07:17:56,333 - [36mCustomSimProcedure[0m - [36mSyscall found:  strcmp[<BV32 0x908d071>, <BV32 0x7ffefe40>][0m[0m
[1;32;40mINFO - 2023-05-29 07:17:56,386 - [36mCustomSimProcedure[0m - [36mSyscall found:  strlen[<BV32 0x908d078>][0m[0m
[1;32;40mINFO - 2023-05-29 07:17:56,388 - [36mCustomSimProcedure[0m - [36mSyscall found:  printf[<BV32 0x908d078>][0m[0m
[1;32;40mINFO - 2023-05-29 07:17:56,394 - [36mCustomSimProcedure[0m - [36mSyscall found:  popen[<BV32 0x908d04b>, <BV32 0x908d06f>][0m[0m
[1;32;40mINFO - 2023-05-29 07:17:56,635 - [36mCustomSimProcedure[0m - [36mSyscall found:  fgets[<BV32 0x7ffefe58>, <BV32 0x80>, <BV32 unconstrained_ret_popen_4852277_32{UNINITIALIZED}>][0m[0m
[1;32;40mINFO - 2023-05-29 07:17:56,660 - [32mSemaExplorerCDFS[0m - [32mA new block of execution have been executed with changes in sim_manager.[0m[0m
[1;32;40mINFO - 2023-05-29 07:17:56,660 - [32mSemaExplorerCDFS[0m - [32mCurrently, simulation manager is :
<SimulationManager with 6 active, 18 deadended (1 errored)>[0m[0m
[1;32;40mINFO - 2023-05-29 07:17:56,660 - [32mSemaExplorerCDFS[0m - [32mpause stash len :0[0m[0m
[1;32;40mINFO - 2023-05-29 07:17:56,661 - [32mSemaExplorerCDFS[0m - [32mfork_stack : 1[0m[0m
[1;32;40mINFO - 2023-05-29 07:17:56,667 - [36mCustomSimProcedure[0m - [36mSyscall found:  pclose[<BV32 unconstrained_ret_popen_4852265_32{UNINITIALIZED}>][0m[0m
[1;32;40mINFO - 2023-05-29 07:17:56,854 - [36mCustomSimProcedure[0m - [36mSyscall found:  pclose[<BV32 unconstrained_ret_popen_4852265_32{UNINITIALIZED}>][0m[0m
[1;32;40mINFO - 2023-05-29 07:17:57,927 - [36mCustomSimProcedure[0m - [36mSyscall found:  fgets[<BV32 0x7ffefe58>, <BV32 0x80>, <BV32 unconstrained_ret_popen_4852277_32{UNINITIALIZED}>][0m[0m
[1;32;40mINFO - 2023-05-29 07:17:58,016 - [36mCustomSimProcedure[0m - [36mSyscall found:  strlen[<BV32 0x908d078>][0m[0m
[1;32;40mINFO - 2023-05-29 07:17:58,017 - [36mCustomSimProcedure[0m - [36mSyscall found:  printf[<BV32 0x908d078>][0m[0m
[1;32;40mINFO - 2023-05-29 07:17:58,020 - [32mSemaExplorerCDFS[0m - [32mA new block of execution have been executed with changes in sim_manager.[0m[0m
[1;32;40mINFO - 2023-05-29 07:17:58,020 - [32mSemaExplorerCDFS[0m - [32mCurrently, simulation manager is :
<SimulationManager with 6 active, 18 deadended (1 errored)>[0m[0m
[1;32;40mINFO - 2023-05-29 07:17:58,021 - [32mSemaExplorerCDFS[0m - [32mpause stash len :1[0m[0m
[1;32;40mINFO - 2023-05-29 07:17:58,021 - [32mSemaExplorerCDFS[0m - [32mfork_stack : 1[0m[0m
[1;32;40mINFO - 2023-05-29 07:17:58,082 - [32mSemaExplorerCDFS[0m - [32mA new block of execution have been executed with changes in sim_manager.[0m[0m
[1;32;40mINFO - 2023-05-29 07:17:58,083 - [32mSemaExplorerCDFS[0m - [32mCurrently, simulation manager is :
<SimulationManager with 6 active, 18 deadended (1 errored)>[0m[0m
[1;32;40mINFO - 2023-05-29 07:17:58,083 - [32mSemaExplorerCDFS[0m - [32mpause stash len :2[0m[0m
[1;32;40mINFO - 2023-05-29 07:17:58,083 - [32mSemaExplorerCDFS[0m - [32mfork_stack : 1[0m[0m
[1;32;40mINFO - 2023-05-29 07:17:58,135 - [36mCustomSimProcedure[0m - [36mSyscall found:  strlen[<BV32 0x908d07e>][0m[0m
[1;32;40mINFO - 2023-05-29 07:17:58,140 - [36mCustomSimProcedure[0m - [36mSyscall found:  printf[<BV32 0x908d07e>][0m[0m
[1;32;40mINFO - 2023-05-29 07:17:58,207 - [36mCustomSimProcedure[0m - [36mSyscall found:  strlen[<BV32 0x908d07e>][0m[0m
[1;32;40mINFO - 2023-05-29 07:17:58,212 - [36mCustomSimProcedure[0m - [36mSyscall found:  printf[<BV32 0x908d07e>][0m[0m
[1;32;40mINFO - 2023-05-29 07:17:58,301 - [36mCustomSimProcedure[0m - [36mSyscall found:  strlen[<BV32 0x908d071>][0m[0m
[1;32;40mINFO - 2023-05-29 07:17:58,303 - [36mCustomSimProcedure[0m - [36mSyscall found:  memcpy[<BV32 0x7ffefe40>, <BV32 0x908d071>, <BV32 0x6>][0m[0m
[1;32;40mINFO - 2023-05-29 07:17:58,304 - [36mCustomSimProcedure[0m - [36mSyscall found:  strncpy[<BV32 0x7ffefe40>, <BV32 0x908d071>, <BV32 0x6>][0m[0m
[1;32;40mINFO - 2023-05-29 07:17:58,453 - [36mCustomSimProcedure[0m - [36mSyscall found:  __libc_start_main[151294976, 1, 2147418032, 151570656, 151570768][0m[0m
[1;32;40mINFO - 2023-05-29 07:17:58,474 - [36mCustomSimProcedure[0m - [36mSyscall found:  strlen[<BV32 0x908d071>][0m[0m
[1;32;40mINFO - 2023-05-29 07:17:58,478 - [36mCustomSimProcedure[0m - [36mSyscall found:  strlen[<BV32 0x7ffefe40>][0m[0m
[1;32;40mINFO - 2023-05-29 07:17:58,481 - [36mCustomSimProcedure[0m - [36mSyscall found:  strncmp[<BV32 0x908d071>, <BV32 0x7ffefe40>, <BV32 0x6>][0m[0m
[1;32;40mINFO - 2023-05-29 07:17:58,482 - [36mCustomSimProcedure[0m - [36mSyscall found:  strcmp[<BV32 0x908d071>, <BV32 0x7ffefe40>][0m[0m
[1;32;40mINFO - 2023-05-29 07:17:58,494 - [36mCustomSimProcedure[0m - [36mSyscall found:  __libc_start_main[151294976, 1, 2147418032, 151570656, 151570768][0m[0m
[1;32;40mINFO - 2023-05-29 07:17:58,539 - [32mSemaExplorerCDFS[0m - [32mA new block of execution have been executed with changes in sim_manager.[0m[0m
[1;32;40mINFO - 2023-05-29 07:17:58,539 - [32mSemaExplorerCDFS[0m - [32mCurrently, simulation manager is :
<SimulationManager with 4 active, 19 deadended (1 errored)>[0m[0m
[1;32;40mINFO - 2023-05-29 07:17:58,539 - [32mSemaExplorerCDFS[0m - [32mpause stash len :3[0m[0m
[1;32;40mINFO - 2023-05-29 07:17:58,553 - [36mCustomSimProcedure[0m - [36mSyscall found:  __libc_start_main[151294976, 1, 2147418032, 151570656, 151570768][0m[0m
[1;32;40mINFO - 2023-05-29 07:17:58,574 - [36mCustomSimProcedure[0m - [36mSyscall found:  strlen[<BV32 0x908d071>][0m[0m
[1;32;40mINFO - 2023-05-29 07:17:58,576 - [36mCustomSimProcedure[0m - [36mSyscall found:  memcpy[<BV32 0x7ffefe40>, <BV32 0x908d071>, <BV32 0x6>][0m[0m
[1;32;40mINFO - 2023-05-29 07:17:58,576 - [36mCustomSimProcedure[0m - [36mSyscall found:  strncpy[<BV32 0x7ffefe40>, <BV32 0x908d071>, <BV32 0x6>][0m[0m
[1;32;40mINFO - 2023-05-29 07:17:58,578 - [32mSemaExplorerCDFS[0m - [32mA new block of execution have been executed with changes in sim_manager.[0m[0m
[1;32;40mINFO - 2023-05-29 07:17:58,578 - [32mSemaExplorerCDFS[0m - [32mCurrently, simulation manager is :
<SimulationManager with 4 active, 20 deadended (1 errored)>[0m[0m
[1;32;40mINFO - 2023-05-29 07:17:58,578 - [32mSemaExplorerCDFS[0m - [32mpause stash len :2[0m[0m
[1;32;40mINFO - 2023-05-29 07:17:58,580 - [36mCustomSimProcedure[0m - [36mSyscall found:  __libc_start_main[151294976, 1, 2147418032, 151570656, 151570768][0m[0m
[1;32;40mINFO - 2023-05-29 07:17:58,612 - [32mSemaExplorerCDFS[0m - [32mA new block of execution have been executed with changes in sim_manager.[0m[0m
[1;32;40mINFO - 2023-05-29 07:17:58,612 - [32mSemaExplorerCDFS[0m - [32mCurrently, simulation manager is :
<SimulationManager with 4 active, 21 deadended (1 errored)>[0m[0m
[1;32;40mINFO - 2023-05-29 07:17:58,612 - [32mSemaExplorerCDFS[0m - [32mpause stash len :1[0m[0m
[1;32;40mINFO - 2023-05-29 07:17:58,616 - [36mCustomSimProcedure[0m - [36mSyscall found:  pclose[<BV32 unconstrained_ret_popen_4852277_32{UNINITIALIZED}>][0m[0m
[1;32;40mINFO - 2023-05-29 07:17:58,776 - [32mSemaExplorerCDFS[0m - [32mA new block of execution have been executed with changes in sim_manager.[0m[0m
[1;32;40mINFO - 2023-05-29 07:17:58,776 - [32mSemaExplorerCDFS[0m - [32mCurrently, simulation manager is :
<SimulationManager with 4 active, 22 deadended (1 errored)>[0m[0m
[1;32;40mINFO - 2023-05-29 07:17:58,776 - [32mSemaExplorerCDFS[0m - [32mpause stash len :0[0m[0m
[1;32;40mINFO - 2023-05-29 07:17:58,809 - [36mCustomSimProcedure[0m - [36mSyscall found:  strlen[<BV32 0x908d071>][0m[0m
[1;32;40mINFO - 2023-05-29 07:17:58,812 - [36mCustomSimProcedure[0m - [36mSyscall found:  strlen[<BV32 0x7ffefe40>][0m[0m
[1;32;40mINFO - 2023-05-29 07:17:58,815 - [36mCustomSimProcedure[0m - [36mSyscall found:  strncmp[<BV32 0x908d071>, <BV32 0x7ffefe40>, <BV32 0x6>][0m[0m
[1;32;40mINFO - 2023-05-29 07:17:58,816 - [36mCustomSimProcedure[0m - [36mSyscall found:  strcmp[<BV32 0x908d071>, <BV32 0x7ffefe40>][0m[0m
[1;32;40mINFO - 2023-05-29 07:17:58,907 - [36mCustomSimProcedure[0m - [36mSyscall found:  fgets[<BV32 0x7ffefe58>, <BV32 0x80>, <BV32 unconstrained_ret_popen_4852280_32{UNINITIALIZED}>][0m[0m
[1;32;40mINFO - 2023-05-29 07:17:58,952 - [32mSemaExplorerCDFS[0m - [32mA new block of execution have been executed with changes in sim_manager.[0m[0m
[1;32;40mINFO - 2023-05-29 07:17:58,952 - [32mSemaExplorerCDFS[0m - [32mCurrently, simulation manager is :
<SimulationManager with 5 active, 22 deadended (1 errored)>[0m[0m
[1;32;40mINFO - 2023-05-29 07:17:58,952 - [32mSemaExplorerCDFS[0m - [32mpause stash len :0[0m[0m
[1;32;40mINFO - 2023-05-29 07:17:58,953 - [32mSemaExplorerCDFS[0m - [32mfork_stack : 1[0m[0m
[1;32;40mINFO - 2023-05-29 07:17:59,146 - [36mCustomSimProcedure[0m - [36mSyscall found:  fgets[<BV32 0x7ffefe58>, <BV32 0x80>, <BV32 unconstrained_ret_popen_4852280_32{UNINITIALIZED}>][0m[0m
[1;32;40mINFO - 2023-05-29 07:17:59,173 - [36mCustomSimProcedure[0m - [36mSyscall found:  strlen[<BV32 0x908d07e>][0m[0m
[1;32;40mINFO - 2023-05-29 07:17:59,177 - [36mCustomSimProcedure[0m - [36mSyscall found:  printf[<BV32 0x908d07e>][0m[0m
[1;32;40mINFO - 2023-05-29 07:17:59,279 - [36mCustomSimProcedure[0m - [36mSyscall found:  pclose[<BV32 unconstrained_ret_popen_4852277_32{UNINITIALIZED}>][0m[0m
[1;32;40mINFO - 2023-05-29 07:17:59,311 - [36mCustomSimProcedure[0m - [36mSyscall found:  strlen[<BV32 0x908d071>][0m[0m
[1;32;40mINFO - 2023-05-29 07:17:59,313 - [36mCustomSimProcedure[0m - [36mSyscall found:  memcpy[<BV32 0x7ffefe40>, <BV32 0x908d071>, <BV32 0x6>][0m[0m
[1;32;40mINFO - 2023-05-29 07:17:59,313 - [36mCustomSimProcedure[0m - [36mSyscall found:  strncpy[<BV32 0x7ffefe40>, <BV32 0x908d071>, <BV32 0x6>][0m[0m
[1;32;40mINFO - 2023-05-29 07:17:59,416 - [36mCustomSimProcedure[0m - [36mSyscall found:  strlen[<BV32 0x908d071>][0m[0m
[1;32;40mINFO - 2023-05-29 07:17:59,418 - [36mCustomSimProcedure[0m - [36mSyscall found:  memcpy[<BV32 0x7ffefe40>, <BV32 0x908d071>, <BV32 0x6>][0m[0m
[1;32;40mINFO - 2023-05-29 07:17:59,419 - [36mCustomSimProcedure[0m - [36mSyscall found:  strncpy[<BV32 0x7ffefe40>, <BV32 0x908d071>, <BV32 0x6>][0m[0m
[1;32;40mINFO - 2023-05-29 07:17:59,424 - [32mSemaExplorerCDFS[0m - [32mA new block of execution have been executed with changes in sim_manager.[0m[0m
[1;32;40mINFO - 2023-05-29 07:17:59,425 - [32mSemaExplorerCDFS[0m - [32mCurrently, simulation manager is :
<SimulationManager with 6 active, 22 deadended (1 errored)>[0m[0m
[1;32;40mINFO - 2023-05-29 07:17:59,425 - [32mSemaExplorerCDFS[0m - [32mpause stash len :0[0m[0m
[1;32;40mINFO - 2023-05-29 07:17:59,425 - [32mSemaExplorerCDFS[0m - [32mfork_stack : 1[0m[0m
[1;32;40mINFO - 2023-05-29 07:17:59,496 - [36mCustomSimProcedure[0m - [36mSyscall found:  __libc_start_main[151294976, 1, 2147418032, 151570656, 151570768][0m[0m
[1;32;40mINFO - 2023-05-29 07:17:59,551 - [36mCustomSimProcedure[0m - [36mSyscall found:  strlen[<BV32 0x908d07e>][0m[0m
[1;32;40mINFO - 2023-05-29 07:17:59,557 - [36mCustomSimProcedure[0m - [36mSyscall found:  printf[<BV32 0x908d07e>][0m[0m
[1;32;40mINFO - 2023-05-29 07:17:59,573 - [36mCustomSimProcedure[0m - [36mSyscall found:  strlen[<BV32 0x908d071>][0m[0m
[1;32;40mINFO - 2023-05-29 07:17:59,580 - [36mCustomSimProcedure[0m - [36mSyscall found:  strlen[<BV32 0x7ffefe40>][0m[0m
[1;32;40mINFO - 2023-05-29 07:17:59,586 - [36mCustomSimProcedure[0m - [36mSyscall found:  strncmp[<BV32 0x908d071>, <BV32 0x7ffefe40>, <BV32 0x6>][0m[0m
[1;32;40mINFO - 2023-05-29 07:17:59,587 - [36mCustomSimProcedure[0m - [36mSyscall found:  strcmp[<BV32 0x908d071>, <BV32 0x7ffefe40>][0m[0m
[1;32;40mINFO - 2023-05-29 07:17:59,660 - [32mSemaExplorerCDFS[0m - [32mA new block of execution have been executed with changes in sim_manager.[0m[0m
[1;32;40mINFO - 2023-05-29 07:17:59,660 - [32mSemaExplorerCDFS[0m - [32mCurrently, simulation manager is :
<SimulationManager with 4 active, 23 deadended (1 errored)>[0m[0m
[1;32;40mINFO - 2023-05-29 07:17:59,661 - [32mSemaExplorerCDFS[0m - [32mpause stash len :1[0m[0m
[1;32;40mINFO - 2023-05-29 07:17:59,668 - [36mCustomSimProcedure[0m - [36mSyscall found:  __libc_start_main[151294976, 1, 2147418032, 151570656, 151570768][0m[0m
[1;32;40mINFO - 2023-05-29 07:17:59,756 - [32mSemaExplorerCDFS[0m - [32mA new block of execution have been executed with changes in sim_manager.[0m[0m
[1;32;40mINFO - 2023-05-29 07:17:59,757 - [32mSemaExplorerCDFS[0m - [32mCurrently, simulation manager is :
<SimulationManager with 4 active, 24 deadended (1 errored)>[0m[0m
[1;32;40mINFO - 2023-05-29 07:17:59,757 - [32mSemaExplorerCDFS[0m - [32mpause stash len :0[0m[0m
[1;32;40mINFO - 2023-05-29 07:17:59,779 - [36mCustomSimProcedure[0m - [36mSyscall found:  pclose[<BV32 unconstrained_ret_popen_4852280_32{UNINITIALIZED}>][0m[0m
[1;32;40mINFO - 2023-05-29 07:17:59,898 - [36mCustomSimProcedure[0m - [36mSyscall found:  strlen[<BV32 0x908d071>][0m[0m
[1;32;40mINFO - 2023-05-29 07:17:59,901 - [36mCustomSimProcedure[0m - [36mSyscall found:  strlen[<BV32 0x7ffefe40>][0m[0m
[1;32;40mINFO - 2023-05-29 07:17:59,904 - [36mCustomSimProcedure[0m - [36mSyscall found:  strncmp[<BV32 0x908d071>, <BV32 0x7ffefe40>, <BV32 0x6>][0m[0m
[1;32;40mINFO - 2023-05-29 07:17:59,905 - [36mCustomSimProcedure[0m - [36mSyscall found:  strcmp[<BV32 0x908d071>, <BV32 0x7ffefe40>][0m[0m
[1;32;40mINFO - 2023-05-29 07:17:59,913 - [36mCustomSimProcedure[0m - [36mSyscall found:  __libc_start_main[151294976, 1, 2147418032, 151570656, 151570768][0m[0m
[1;32;40mINFO - 2023-05-29 07:17:59,952 - [32mSemaExplorerCDFS[0m - [32mA new block of execution have been executed with changes in sim_manager.[0m[0m
[1;32;40mINFO - 2023-05-29 07:17:59,952 - [32mSemaExplorerCDFS[0m - [32mCurrently, simulation manager is :
<SimulationManager with 5 active, 24 deadended (1 errored)>[0m[0m
[1;32;40mINFO - 2023-05-29 07:17:59,952 - [32mSemaExplorerCDFS[0m - [32mpause stash len :0[0m[0m
[1;32;40mINFO - 2023-05-29 07:17:59,952 - [32mSemaExplorerCDFS[0m - [32mfork_stack : 1[0m[0m
[1;32;40mINFO - 2023-05-29 07:17:59,985 - [32mSemaExplorerCDFS[0m - [32mA new block of execution have been executed with changes in sim_manager.[0m[0m
[1;32;40mINFO - 2023-05-29 07:17:59,985 - [32mSemaExplorerCDFS[0m - [32mCurrently, simulation manager is :
<SimulationManager with 4 active, 25 deadended (1 errored)>[0m[0m
[1;32;40mINFO - 2023-05-29 07:17:59,985 - [32mSemaExplorerCDFS[0m - [32mpause stash len :0[0m[0m
[1;32;40mINFO - 2023-05-29 07:17:59,988 - [36mCustomSimProcedure[0m - [36mSyscall found:  __libc_start_main[151294976, 1, 2147418032, 151570656, 151570768][0m[0m
[1;32;40mINFO - 2023-05-29 07:18:00,012 - [36mCustomSimProcedure[0m - [36mSyscall found:  strlen[<BV32 0x908d07e>][0m[0m
[1;32;40mINFO - 2023-05-29 07:18:00,017 - [36mCustomSimProcedure[0m - [36mSyscall found:  printf[<BV32 0x908d07e>][0m[0m
[1;32;40mINFO - 2023-05-29 07:18:00,048 - [36mCustomSimProcedure[0m - [36mSyscall found:  pclose[<BV32 unconstrained_ret_popen_4852280_32{UNINITIALIZED}>][0m[0m
[1;32;40mINFO - 2023-05-29 07:18:00,071 - [32mSemaExplorerCDFS[0m - [32mA new block of execution have been executed with changes in sim_manager.[0m[0m
[1;32;40mINFO - 2023-05-29 07:18:00,072 - [32mSemaExplorerCDFS[0m - [32mCurrently, simulation manager is :
<SimulationManager with 3 active, 26 deadended (1 errored)>[0m[0m
[1;32;40mINFO - 2023-05-29 07:18:00,072 - [32mSemaExplorerCDFS[0m - [32mpause stash len :0[0m[0m
[1;32;40mINFO - 2023-05-29 07:18:00,107 - [32mSemaExplorerCDFS[0m - [32mA new block of execution have been executed with changes in sim_manager.[0m[0m
[1;32;40mINFO - 2023-05-29 07:18:00,107 - [32mSemaExplorerCDFS[0m - [32mCurrently, simulation manager is :
<SimulationManager with 4 active, 26 deadended (1 errored)>[0m[0m
[1;32;40mINFO - 2023-05-29 07:18:00,107 - [32mSemaExplorerCDFS[0m - [32mpause stash len :0[0m[0m
[1;32;40mINFO - 2023-05-29 07:18:00,107 - [32mSemaExplorerCDFS[0m - [32mfork_stack : 1[0m[0m
[1;32;40mINFO - 2023-05-29 07:18:00,171 - [36mCustomSimProcedure[0m - [36mSyscall found:  strlen[<BV32 0x908d07e>][0m[0m
[1;32;40mINFO - 2023-05-29 07:18:00,175 - [36mCustomSimProcedure[0m - [36mSyscall found:  printf[<BV32 0x908d07e>][0m[0m
[1;32;40mINFO - 2023-05-29 07:18:00,182 - [36mCustomSimProcedure[0m - [36mSyscall found:  __libc_start_main[151294976, 1, 2147418032, 151570656, 151570768][0m[0m
[1;32;40mINFO - 2023-05-29 07:18:00,227 - [32mSemaExplorerCDFS[0m - [32mA new block of execution have been executed with changes in sim_manager.[0m[0m
[1;32;40mINFO - 2023-05-29 07:18:00,227 - [32mSemaExplorerCDFS[0m - [32mCurrently, simulation manager is :
<SimulationManager with 3 active, 27 deadended (1 errored)>[0m[0m
[1;32;40mINFO - 2023-05-29 07:18:00,227 - [32mSemaExplorerCDFS[0m - [32mpause stash len :0[0m[0m
[1;32;40mINFO - 2023-05-29 07:18:00,230 - [36mCustomSimProcedure[0m - [36mSyscall found:  __libc_start_main[151294976, 1, 2147418032, 151570656, 151570768][0m[0m
[1;32;40mINFO - 2023-05-29 07:18:00,262 - [32mSemaExplorerCDFS[0m - [32mA new block of execution have been executed with changes in sim_manager.[0m[0m
[1;32;40mINFO - 2023-05-29 07:18:00,262 - [32mSemaExplorerCDFS[0m - [32mCurrently, simulation manager is :
<SimulationManager with 2 active, 28 deadended (1 errored)>[0m[0m
[1;32;40mINFO - 2023-05-29 07:18:00,262 - [32mSemaExplorerCDFS[0m - [32mpause stash len :0[0m[0m
[1;32;40mINFO - 2023-05-29 07:18:00,265 - [36mCustomSimProcedure[0m - [36mSyscall found:  __libc_start_main[151294976, 1, 2147418032, 151570656, 151570768][0m[0m
[1;32;40mINFO - 2023-05-29 07:18:00,284 - [32mSemaExplorerCDFS[0m - [32mA new block of execution have been executed with changes in sim_manager.[0m[0m
[1;32;40mINFO - 2023-05-29 07:18:00,284 - [32mSemaExplorerCDFS[0m - [32mCurrently, simulation manager is :
<SimulationManager with 1 active, 29 deadended (1 errored)>[0m[0m
[1;32;40mINFO - 2023-05-29 07:18:00,284 - [32mSemaExplorerCDFS[0m - [32mpause stash len :0[0m[0m
[1;32;40mINFO - 2023-05-29 07:18:00,288 - [36mCustomSimProcedure[0m - [36mSyscall found:  __libc_start_main[151294976, 1, 2147418032, 151570656, 151570768][0m[0m
[1;32;40mINFO - 2023-05-29 07:18:00,291 - [32mSemaExplorerCDFS[0m - [32mA new block of execution have been executed with changes in sim_manager.[0m[0m
[1;32;40mINFO - 2023-05-29 07:18:00,291 - [32mSemaExplorerCDFS[0m - [32mCurrently, simulation manager is :
<SimulationManager with 30 deadended (1 errored)>[0m[0m
[1;32;40mINFO - 2023-05-29 07:18:00,291 - [32mSemaExplorerCDFS[0m - [32mpause stash len :0[0m[0m
[1;32;40mINFO - 2023-05-29 07:18:00,291 - [32mSemaExplorerCDFS[0m - [32mlen(simgr.active) <= 0 or deadended >= self.max_end_state)[0m[0m
[1;32;40mINFO - 2023-05-29 07:18:00,319 - [37mGraphBuilder[0m - [37mOutput dir :src/output/runs/132//extreme_mutations[0m[0m
