[1;33;40mWARNING - 2023-05-29 07:18:27,106 - [34mangr.project[0m - [34mDisabling IRSB translation cache because support for self-modifying code is enabled.[0m[0m
[1;33;40mWARNING - 2023-05-29 07:18:29,837 - [32mangr.storage.memory_mixins.default_filler_mixin[0m - [32mFilling memory at 0xc000800c with 4 unconstrained bytes referenced from 0x907b5f0 (_start+0x0 in mutations4_exec (0x907b5f0))[0m[0m
[1;32;40mINFO - 2023-05-29 07:18:31,641 - [33mwerkzeug[0m - [33m172.17.0.1 - - [29/May/2023 07:18:31] "GET /iteration-scdg HTTP/1.1" 200 -[0m[0m
[1;32;40mINFO - 2023-05-29 07:18:31,652 - [33mwerkzeug[0m - [33m172.17.0.1 - - [29/May/2023 07:18:31] "GET /progress-scdg HTTP/1.1" 200 -[0m[0m
[1;33;40mWARNING - 2023-05-29 07:18:33,144 - [32mangr.storage.memory_mixins.default_filler_mixin[0m - [32mFilling memory at 0xc0010014 with 4 unconstrained bytes referenced from 0x907b5f0 (_start+0x0 in mutations4_exec (0x907b5f0))[0m[0m
[1;33;40mWARNING - 2023-05-29 07:18:37,645 - [32mangr.storage.memory_mixins.default_filler_mixin[0m - [32mFilling memory at 0xc001801c with 4 unconstrained bytes referenced from 0x907b5f0 (_start+0x0 in mutations4_exec (0x907b5f0))[0m[0m
[1;33;40mWARNING - 2023-05-29 07:18:41,189 - [32mangr.storage.memory_mixins.default_filler_mixin[0m - [32mFilling memory at 0xc0020024 with 4 unconstrained bytes referenced from 0x907b5f0 (_start+0x0 in mutations4_exec (0x907b5f0))[0m[0m
[1;33;40mWARNING - 2023-05-29 07:18:45,038 - [32mangr.storage.memory_mixins.default_filler_mixin[0m - [32mFilling memory at 0x30 with 4 unconstrained bytes referenced from 0x907b5f0 (_start+0x0 in mutations4_exec (0x907b5f0))[0m[0m
[1;32;40mINFO - 2023-05-29 07:18:45,200 - [36mCustomSimProcedure[0m - [36mcustom_hook_static[0m[0m
[1;33;40mWARNING - 2023-05-29 07:18:45,200 - [34mangr.project[0m - [34mAddress is already hooked, during hook(0x0, <SimProcedure strcmp>). Not re-hooking.[0m[0m
[1;33;40mWARNING - 2023-05-29 07:18:45,201 - [34mangr.project[0m - [34mAddress is already hooked, during hook(0x0, <SimProcedure free>). Not re-hooking.[0m[0m
[1;33;40mWARNING - 2023-05-29 07:18:45,201 - [34mangr.project[0m - [34mAddress is already hooked, during hook(0x0, <SimProcedure memcpy>). Not re-hooking.[0m[0m
[1;33;40mWARNING - 2023-05-29 07:18:45,201 - [34mangr.project[0m - [34mAddress is already hooked, during hook(0x0, <SimProcedure fgets>). Not re-hooking.[0m[0m
[1;33;40mWARNING - 2023-05-29 07:18:45,201 - [34mangr.project[0m - [34mAddress is already hooked, during hook(0x0, <SimProcedure tolower>). Not re-hooking.[0m[0m
[1;33;40mWARNING - 2023-05-29 07:18:45,201 - [34mangr.project[0m - [34mAddress is already hooked, during hook(0x0, <SimProcedure fclose>). Not re-hooking.[0m[0m
[1;33;40mWARNING - 2023-05-29 07:18:45,202 - [34mangr.project[0m - [34mAddress is already hooked, during hook(0x0, <SimProcedure time>). Not re-hooking.[0m[0m
[1;33;40mWARNING - 2023-05-29 07:18:45,202 - [34mangr.project[0m - [34mAddress is already hooked, during hook(0x0, <SimProcedure rewind>). Not re-hooking.[0m[0m
[1;33;40mWARNING - 2023-05-29 07:18:45,202 - [34mangr.project[0m - [34mAddress is already hooked, during hook(0x0, <SimProcedure htons>). Not re-hooking.[0m[0m
[1;33;40mWARNING - 2023-05-29 07:18:45,202 - [34mangr.project[0m - [34mAddress is already hooked, during hook(0x0, <SimProcedure perror>). Not re-hooking.[0m[0m
[1;33;40mWARNING - 2023-05-29 07:18:45,202 - [34mangr.project[0m - [34mAddress is already hooked, during hook(0x0, <SimProcedure fwrite>). Not re-hooking.[0m[0m
[1;33;40mWARNING - 2023-05-29 07:18:45,203 - [34mangr.project[0m - [34mAddress is already hooked, during hook(0x0, <SimProcedure usleep>). Not re-hooking.[0m[0m
[1;33;40mWARNING - 2023-05-29 07:18:45,203 - [34mangr.project[0m - [34mAddress is already hooked, during hook(0x0, <SimProcedure strcat>). Not re-hooking.[0m[0m
[1;33;40mWARNING - 2023-05-29 07:18:45,203 - [34mangr.project[0m - [34mAddress is already hooked, during hook(0x0, <SimProcedure fread>). Not re-hooking.[0m[0m
[1;33;40mWARNING - 2023-05-29 07:18:45,203 - [34mangr.project[0m - [34mAddress is already hooked, during hook(0x0, <SimProcedure strcpy>). Not re-hooking.[0m[0m
[1;33;40mWARNING - 2023-05-29 07:18:45,203 - [34mangr.project[0m - [34mAddress is already hooked, during hook(0x0, <SimProcedure getenv>). Not re-hooking.[0m[0m
[1;33;40mWARNING - 2023-05-29 07:18:45,203 - [34mangr.project[0m - [34mAddress is already hooked, during hook(0x0, <SimProcedure realloc>). Not re-hooking.[0m[0m
[1;33;40mWARNING - 2023-05-29 07:18:45,204 - [34mangr.project[0m - [34mAddress is already hooked, during hook(0x0, <SimProcedure malloc>). Not re-hooking.[0m[0m
[1;33;40mWARNING - 2023-05-29 07:18:45,204 - [34mangr.project[0m - [34mAddress is already hooked, during hook(0x0, <SimProcedure puts>). Not re-hooking.[0m[0m
[1;33;40mWARNING - 2023-05-29 07:18:45,204 - [34mangr.project[0m - [34mAddress is already hooked, during hook(0x0, <SimProcedure srand>). Not re-hooking.[0m[0m
[1;33;40mWARNING - 2023-05-29 07:18:45,204 - [34mangr.project[0m - [34mAddress is already hooked, during hook(0x0, <SimProcedure strchr>). Not re-hooking.[0m[0m
[1;33;40mWARNING - 2023-05-29 07:18:45,204 - [34mangr.project[0m - [34mAddress is already hooked, during hook(0x0, <SimProcedure strlen>). Not re-hooking.[0m[0m
[1;33;40mWARNING - 2023-05-29 07:18:45,205 - [34mangr.project[0m - [34mAddress is already hooked, during hook(0x0, <SimProcedure __libc_start_main>). Not re-hooking.[0m[0m
[1;33;40mWARNING - 2023-05-29 07:18:45,205 - [34mangr.project[0m - [34mAddress is already hooked, during hook(0x0, <SimProcedure atol>). Not re-hooking.[0m[0m
[1;33;40mWARNING - 2023-05-29 07:18:45,205 - [34mangr.project[0m - [34mAddress is already hooked, during hook(0x0, <SimProcedure bind>). Not re-hooking.[0m[0m
[1;33;40mWARNING - 2023-05-29 07:18:45,206 - [34mangr.project[0m - [34mAddress is already hooked, during hook(0x0, <SimProcedure fopen>). Not re-hooking.[0m[0m
[1;33;40mWARNING - 2023-05-29 07:18:45,206 - [34mangr.project[0m - [34mAddress is already hooked, during hook(0x0, <SimProcedure memset>). Not re-hooking.[0m[0m
[1;33;40mWARNING - 2023-05-29 07:18:45,207 - [34mangr.project[0m - [34mAddress is already hooked, during hook(0x0, <SimProcedure putchar>). Not re-hooking.[0m[0m
[1;33;40mWARNING - 2023-05-29 07:18:45,207 - [34mangr.project[0m - [34mAddress is already hooked, during hook(0x0, <SimProcedure __errno_location>). Not re-hooking.[0m[0m
[1;33;40mWARNING - 2023-05-29 07:18:45,207 - [34mangr.project[0m - [34mAddress is already hooked, during hook(0x0, <SimProcedure strncpy>). Not re-hooking.[0m[0m
[1;33;40mWARNING - 2023-05-29 07:18:45,208 - [34mangr.project[0m - [34mAddress is already hooked, during hook(0x0, <SimProcedure rand>). Not re-hooking.[0m[0m
[1;33;40mWARNING - 2023-05-29 07:18:45,208 - [34mangr.project[0m - [34mAddress is already hooked, during hook(0x0, <SimProcedure access>). Not re-hooking.[0m[0m
[1;33;40mWARNING - 2023-05-29 07:18:45,208 - [34mangr.project[0m - [34mAddress is already hooked, during hook(0x0, <SimProcedure htonl>). Not re-hooking.[0m[0m
[1;33;40mWARNING - 2023-05-29 07:18:45,208 - [34mangr.project[0m - [34mAddress is already hooked, during hook(0x0, <SimProcedure toupper>). Not re-hooking.[0m[0m
[1;33;40mWARNING - 2023-05-29 07:18:45,209 - [34mangr.project[0m - [34mAddress is already hooked, during hook(0x0, <SimProcedure atoi>). Not re-hooking.[0m[0m
[1;33;40mWARNING - 2023-05-29 07:18:45,209 - [34mangr.project[0m - [34mAddress is already hooked, during hook(0x0, <SimProcedure socket>). Not re-hooking.[0m[0m
[1;33;40mWARNING - 2023-05-29 07:18:45,209 - [34mangr.project[0m - [34mAddress is already hooked, during hook(0x0, <SimProcedure close>). Not re-hooking.[0m[0m
[1;33;40mWARNING - 2023-05-29 07:18:45,209 - [34mangr.project[0m - [34mAddress is already hooked, during hook(0x0, <SimProcedure __ctype_b_loc>). Not re-hooking.[0m[0m
[1;33;40mWARNING - 2023-05-29 07:18:45,209 - [34mangr.project[0m - [34mAddress is already hooked, during hook(0x0, <SimProcedure calloc>). Not re-hooking.[0m[0m
[1;33;40mWARNING - 2023-05-29 07:18:45,210 - [34mangr.project[0m - [34mAddress is already hooked, during hook(0x0, <SimProcedure strstr>). Not re-hooking.[0m[0m
[1;33;40mWARNING - 2023-05-29 07:18:45,210 - [34mangr.project[0m - [34mAddress is already hooked, during hook(0x0, <SimProcedure strcmp>). Not re-hooking.[0m[0m
[1;33;40mWARNING - 2023-05-29 07:18:45,210 - [34mangr.project[0m - [34mAddress is already hooked, during hook(0x0, <SimProcedure free>). Not re-hooking.[0m[0m
[1;33;40mWARNING - 2023-05-29 07:18:45,210 - [34mangr.project[0m - [34mAddress is already hooked, during hook(0x0, <SimProcedure memcpy>). Not re-hooking.[0m[0m
[1;33;40mWARNING - 2023-05-29 07:18:45,211 - [34mangr.project[0m - [34mAddress is already hooked, during hook(0x0, <SimProcedure fgets>). Not re-hooking.[0m[0m
[1;33;40mWARNING - 2023-05-29 07:18:45,211 - [34mangr.project[0m - [34mAddress is already hooked, during hook(0x0, <SimProcedure tolower>). Not re-hooking.[0m[0m
[1;33;40mWARNING - 2023-05-29 07:18:45,211 - [34mangr.project[0m - [34mAddress is already hooked, during hook(0x0, <SimProcedure fclose>). Not re-hooking.[0m[0m
[1;33;40mWARNING - 2023-05-29 07:18:45,211 - [34mangr.project[0m - [34mAddress is already hooked, during hook(0x0, <SimProcedure time>). Not re-hooking.[0m[0m
[1;33;40mWARNING - 2023-05-29 07:18:45,211 - [34mangr.project[0m - [34mAddress is already hooked, during hook(0x0, <SimProcedure rewind>). Not re-hooking.[0m[0m
[1;33;40mWARNING - 2023-05-29 07:18:45,212 - [34mangr.project[0m - [34mAddress is already hooked, during hook(0x0, <SimProcedure htons>). Not re-hooking.[0m[0m
[1;33;40mWARNING - 2023-05-29 07:18:45,212 - [34mangr.project[0m - [34mAddress is already hooked, during hook(0x0, <SimProcedure perror>). Not re-hooking.[0m[0m
[1;33;40mWARNING - 2023-05-29 07:18:45,214 - [34mangr.project[0m - [34mAddress is already hooked, during hook(0x0, <SimProcedure fwrite>). Not re-hooking.[0m[0m
[1;33;40mWARNING - 2023-05-29 07:18:45,215 - [34mangr.project[0m - [34mAddress is already hooked, during hook(0x0, <SimProcedure usleep>). Not re-hooking.[0m[0m
[1;33;40mWARNING - 2023-05-29 07:18:45,215 - [34mangr.project[0m - [34mAddress is already hooked, during hook(0x0, <SimProcedure strcat>). Not re-hooking.[0m[0m
[1;33;40mWARNING - 2023-05-29 07:18:45,216 - [34mangr.project[0m - [34mAddress is already hooked, during hook(0x0, <SimProcedure fread>). Not re-hooking.[0m[0m
[1;33;40mWARNING - 2023-05-29 07:18:45,217 - [34mangr.project[0m - [34mAddress is already hooked, during hook(0x0, <SimProcedure strcpy>). Not re-hooking.[0m[0m
[1;33;40mWARNING - 2023-05-29 07:18:45,217 - [34mangr.project[0m - [34mAddress is already hooked, during hook(0x0, <SimProcedure getenv>). Not re-hooking.[0m[0m
[1;33;40mWARNING - 2023-05-29 07:18:45,217 - [34mangr.project[0m - [34mAddress is already hooked, during hook(0x0, <SimProcedure realloc>). Not re-hooking.[0m[0m
[1;33;40mWARNING - 2023-05-29 07:18:45,218 - [34mangr.project[0m - [34mAddress is already hooked, during hook(0x0, <SimProcedure malloc>). Not re-hooking.[0m[0m
[1;33;40mWARNING - 2023-05-29 07:18:45,218 - [34mangr.project[0m - [34mAddress is already hooked, during hook(0x0, <SimProcedure puts>). Not re-hooking.[0m[0m
[1;33;40mWARNING - 2023-05-29 07:18:45,218 - [34mangr.project[0m - [34mAddress is already hooked, during hook(0x0, <SimProcedure srand>). Not re-hooking.[0m[0m
[1;33;40mWARNING - 2023-05-29 07:18:45,218 - [34mangr.project[0m - [34mAddress is already hooked, during hook(0x0, <SimProcedure strchr>). Not re-hooking.[0m[0m
[1;33;40mWARNING - 2023-05-29 07:18:45,220 - [34mangr.project[0m - [34mAddress is already hooked, during hook(0x0, <SimProcedure strlen>). Not re-hooking.[0m[0m
[1;33;40mWARNING - 2023-05-29 07:18:45,220 - [34mangr.project[0m - [34mAddress is already hooked, during hook(0x0, <SimProcedure __libc_start_main>). Not re-hooking.[0m[0m
[1;33;40mWARNING - 2023-05-29 07:18:45,221 - [34mangr.project[0m - [34mAddress is already hooked, during hook(0x0, <SimProcedure atol>). Not re-hooking.[0m[0m
[1;33;40mWARNING - 2023-05-29 07:18:45,221 - [34mangr.project[0m - [34mAddress is already hooked, during hook(0x0, <SimProcedure bind>). Not re-hooking.[0m[0m
[1;33;40mWARNING - 2023-05-29 07:18:45,222 - [34mangr.project[0m - [34mAddress is already hooked, during hook(0x0, <SimProcedure fopen>). Not re-hooking.[0m[0m
[1;33;40mWARNING - 2023-05-29 07:18:45,222 - [34mangr.project[0m - [34mAddress is already hooked, during hook(0x0, <SimProcedure memset>). Not re-hooking.[0m[0m
[1;33;40mWARNING - 2023-05-29 07:18:45,222 - [34mangr.project[0m - [34mAddress is already hooked, during hook(0x0, <SimProcedure putchar>). Not re-hooking.[0m[0m
[1;33;40mWARNING - 2023-05-29 07:18:45,222 - [34mangr.project[0m - [34mAddress is already hooked, during hook(0x0, <SimProcedure __errno_location>). Not re-hooking.[0m[0m
[1;33;40mWARNING - 2023-05-29 07:18:45,222 - [34mangr.project[0m - [34mAddress is already hooked, during hook(0x0, <SimProcedure strncpy>). Not re-hooking.[0m[0m
[1;33;40mWARNING - 2023-05-29 07:18:45,223 - [34mangr.project[0m - [34mAddress is already hooked, during hook(0x0, <SimProcedure rand>). Not re-hooking.[0m[0m
[1;33;40mWARNING - 2023-05-29 07:18:45,223 - [34mangr.project[0m - [34mAddress is already hooked, during hook(0x0, <SimProcedure access>). Not re-hooking.[0m[0m
[1;33;40mWARNING - 2023-05-29 07:18:45,223 - [34mangr.project[0m - [34mAddress is already hooked, during hook(0x0, <SimProcedure htonl>). Not re-hooking.[0m[0m
[1;33;40mWARNING - 2023-05-29 07:18:45,223 - [34mangr.project[0m - [34mAddress is already hooked, during hook(0x0, <SimProcedure toupper>). Not re-hooking.[0m[0m
[1;33;40mWARNING - 2023-05-29 07:18:45,223 - [34mangr.project[0m - [34mAddress is already hooked, during hook(0x0, <SimProcedure atoi>). Not re-hooking.[0m[0m
[1;33;40mWARNING - 2023-05-29 07:18:45,224 - [34mangr.project[0m - [34mAddress is already hooked, during hook(0x0, <SimProcedure socket>). Not re-hooking.[0m[0m
[1;33;40mWARNING - 2023-05-29 07:18:45,224 - [34mangr.project[0m - [34mAddress is already hooked, during hook(0x0, <SimProcedure close>). Not re-hooking.[0m[0m
[1;33;40mWARNING - 2023-05-29 07:18:45,224 - [34mangr.project[0m - [34mAddress is already hooked, during hook(0x0, <SimProcedure __ctype_b_loc>). Not re-hooking.[0m[0m
[1;33;40mWARNING - 2023-05-29 07:18:45,225 - [34mangr.project[0m - [34mAddress is already hooked, during hook(0x0, <SimProcedure calloc>). Not re-hooking.[0m[0m
[1;33;40mWARNING - 2023-05-29 07:18:45,227 - [34mangr.project[0m - [34mAddress is already hooked, during hook(0x9049060, <SimProcedure printf>). Not re-hooking.[0m[0m
[1;33;40mWARNING - 2023-05-29 07:18:45,228 - [34mangr.project[0m - [34mAddress is already hooked, during hook(0x9049240, <SimProcedure fprintf>). Not re-hooking.[0m[0m
[1;33;40mWARNING - 2023-05-29 07:18:45,233 - [34mangr.project[0m - [34mAddress is already hooked, during hook(0xa700000, <SimProcedure strstr>). Not re-hooking.[0m[0m
[1;33;40mWARNING - 2023-05-29 07:18:45,234 - [34mangr.project[0m - [34mAddress is already hooked, during hook(0xa700004, <SimProcedure strcmp>). Not re-hooking.[0m[0m
[1;33;40mWARNING - 2023-05-29 07:18:45,234 - [34mangr.project[0m - [34mAddress is already hooked, during hook(0xa700008, <SimProcedure printf>). Not re-hooking.[0m[0m
[1;33;40mWARNING - 2023-05-29 07:18:45,235 - [34mangr.project[0m - [34mAddress is already hooked, during hook(0xa700010, <SimProcedure free>). Not re-hooking.[0m[0m
[1;33;40mWARNING - 2023-05-29 07:18:45,236 - [34mangr.project[0m - [34mAddress is already hooked, during hook(0xa700014, <SimProcedure memcpy>). Not re-hooking.[0m[0m
[1;33;40mWARNING - 2023-05-29 07:18:45,237 - [34mangr.project[0m - [34mAddress is already hooked, during hook(0xa70001c, <SimProcedure fgets>). Not re-hooking.[0m[0m
[1;33;40mWARNING - 2023-05-29 07:18:45,237 - [34mangr.project[0m - [34mAddress is already hooked, during hook(0xa700020, <SimProcedure tolower>). Not re-hooking.[0m[0m
[1;33;40mWARNING - 2023-05-29 07:18:45,238 - [34mangr.project[0m - [34mAddress is already hooked, during hook(0xa700024, <SimProcedure fclose>). Not re-hooking.[0m[0m
[1;33;40mWARNING - 2023-05-29 07:18:45,238 - [34mangr.project[0m - [34mAddress is already hooked, during hook(0xa700028, <SimProcedure time>). Not re-hooking.[0m[0m
[1;33;40mWARNING - 2023-05-29 07:18:45,238 - [34mangr.project[0m - [34mAddress is already hooked, during hook(0xa700034, <SimProcedure rewind>). Not re-hooking.[0m[0m
[1;33;40mWARNING - 2023-05-29 07:18:45,239 - [34mangr.project[0m - [34mAddress is already hooked, during hook(0xa70003c, <SimProcedure htons>). Not re-hooking.[0m[0m
[1;33;40mWARNING - 2023-05-29 07:18:45,239 - [34mangr.project[0m - [34mAddress is already hooked, during hook(0xa700040, <SimProcedure perror>). Not re-hooking.[0m[0m
[1;33;40mWARNING - 2023-05-29 07:18:45,239 - [34mangr.project[0m - [34mAddress is already hooked, during hook(0xa700044, <SimProcedure fwrite>). Not re-hooking.[0m[0m
[1;33;40mWARNING - 2023-05-29 07:18:45,239 - [34mangr.project[0m - [34mAddress is already hooked, during hook(0xa700048, <SimProcedure usleep>). Not re-hooking.[0m[0m
[1;33;40mWARNING - 2023-05-29 07:18:45,240 - [34mangr.project[0m - [34mAddress is already hooked, during hook(0xa70004c, <SimProcedure strcat>). Not re-hooking.[0m[0m
[1;33;40mWARNING - 2023-05-29 07:18:45,240 - [34mangr.project[0m - [34mAddress is already hooked, during hook(0xa700050, <SimProcedure fread>). Not re-hooking.[0m[0m
[1;33;40mWARNING - 2023-05-29 07:18:45,240 - [34mangr.project[0m - [34mAddress is already hooked, during hook(0xa700054, <SimProcedure strcpy>). Not re-hooking.[0m[0m
[1;33;40mWARNING - 2023-05-29 07:18:45,240 - [34mangr.project[0m - [34mAddress is already hooked, during hook(0xa700058, <SimProcedure getenv>). Not re-hooking.[0m[0m
[1;33;40mWARNING - 2023-05-29 07:18:45,241 - [34mangr.project[0m - [34mAddress is already hooked, during hook(0xa70005c, <SimProcedure realloc>). Not re-hooking.[0m[0m
[1;33;40mWARNING - 2023-05-29 07:18:45,241 - [34mangr.project[0m - [34mAddress is already hooked, during hook(0xa700060, <SimProcedure malloc>). Not re-hooking.[0m[0m
[1;33;40mWARNING - 2023-05-29 07:18:45,241 - [34mangr.project[0m - [34mAddress is already hooked, during hook(0xa700064, <SimProcedure puts>). Not re-hooking.[0m[0m
[1;33;40mWARNING - 2023-05-29 07:18:45,241 - [34mangr.project[0m - [34mAddress is already hooked, during hook(0xa700070, <SimProcedure srand>). Not re-hooking.[0m[0m
[1;33;40mWARNING - 2023-05-29 07:18:45,241 - [34mangr.project[0m - [34mAddress is already hooked, during hook(0xa700074, <SimProcedure strchr>). Not re-hooking.[0m[0m
[1;33;40mWARNING - 2023-05-29 07:18:45,242 - [34mangr.project[0m - [34mAddress is already hooked, during hook(0xa700078, <SimProcedure strlen>). Not re-hooking.[0m[0m
[1;33;40mWARNING - 2023-05-29 07:18:45,242 - [34mangr.project[0m - [34mAddress is already hooked, during hook(0xa70007c, <SimProcedure __libc_start_main>). Not re-hooking.[0m[0m
[1;33;40mWARNING - 2023-05-29 07:18:45,242 - [34mangr.project[0m - [34mAddress is already hooked, during hook(0xa700080, <SimProcedure fprintf>). Not re-hooking.[0m[0m
[1;33;40mWARNING - 2023-05-29 07:18:45,243 - [34mangr.project[0m - [34mAddress is already hooked, during hook(0xa700084, <SimProcedure atol>). Not re-hooking.[0m[0m
[1;33;40mWARNING - 2023-05-29 07:18:45,243 - [34mangr.project[0m - [34mAddress is already hooked, during hook(0xa700088, <SimProcedure bind>). Not re-hooking.[0m[0m
[1;33;40mWARNING - 2023-05-29 07:18:45,243 - [34mangr.project[0m - [34mAddress is already hooked, during hook(0xa70008c, <SimProcedure fopen>). Not re-hooking.[0m[0m
[1;33;40mWARNING - 2023-05-29 07:18:45,244 - [34mangr.project[0m - [34mAddress is already hooked, during hook(0xa700090, <SimProcedure memset>). Not re-hooking.[0m[0m
[1;33;40mWARNING - 2023-05-29 07:18:45,244 - [34mangr.project[0m - [34mAddress is already hooked, during hook(0xa700094, <SimProcedure putchar>). Not re-hooking.[0m[0m
[1;33;40mWARNING - 2023-05-29 07:18:45,244 - [34mangr.project[0m - [34mAddress is already hooked, during hook(0xa700098, <SimProcedure __errno_location>). Not re-hooking.[0m[0m
[1;33;40mWARNING - 2023-05-29 07:18:45,245 - [34mangr.project[0m - [34mAddress is already hooked, during hook(0xa7000a0, <SimProcedure strncpy>). Not re-hooking.[0m[0m
[1;33;40mWARNING - 2023-05-29 07:18:45,245 - [34mangr.project[0m - [34mAddress is already hooked, during hook(0xa7000a8, <SimProcedure rand>). Not re-hooking.[0m[0m
[1;33;40mWARNING - 2023-05-29 07:18:45,246 - [34mangr.project[0m - [34mAddress is already hooked, during hook(0xa7000ac, <SimProcedure access>). Not re-hooking.[0m[0m
[1;33;40mWARNING - 2023-05-29 07:18:45,246 - [34mangr.project[0m - [34mAddress is already hooked, during hook(0xa7000b8, <SimProcedure htonl>). Not re-hooking.[0m[0m
[1;33;40mWARNING - 2023-05-29 07:18:45,246 - [34mangr.project[0m - [34mAddress is already hooked, during hook(0xa7000bc, <SimProcedure toupper>). Not re-hooking.[0m[0m
[1;33;40mWARNING - 2023-05-29 07:18:45,247 - [34mangr.project[0m - [34mAddress is already hooked, during hook(0xa7000c4, <SimProcedure atoi>). Not re-hooking.[0m[0m
[1;33;40mWARNING - 2023-05-29 07:18:45,247 - [34mangr.project[0m - [34mAddress is already hooked, during hook(0xa7000d0, <SimProcedure socket>). Not re-hooking.[0m[0m
[1;33;40mWARNING - 2023-05-29 07:18:45,247 - [34mangr.project[0m - [34mAddress is already hooked, during hook(0xa7000dc, <SimProcedure close>). Not re-hooking.[0m[0m
[1;33;40mWARNING - 2023-05-29 07:18:45,248 - [34mangr.project[0m - [34mAddress is already hooked, during hook(0xa7000e4, <SimProcedure __ctype_b_loc>). Not re-hooking.[0m[0m
[1;33;40mWARNING - 2023-05-29 07:18:45,248 - [34mangr.project[0m - [34mAddress is already hooked, during hook(0xa7000e8, <SimProcedure calloc>). Not re-hooking.[0m[0m
[1;32;40mINFO - 2023-05-29 07:18:45,248 - [36mCustomSimProcedure[0m - [36mcustom_hook_no_symbols[0m[0m
[1;33;40mWARNING - 2023-05-29 07:18:45,394 - [32mangr.storage.memory_mixins.default_filler_mixin[0m - [32mFilling memory at 0xc002032c with 4 unconstrained bytes referenced from 0xa70007c (__libc_start_main+0x0 in extern-address space (0x7c))[0m[0m
[1;32;40mINFO - 2023-05-29 07:18:45,456 - [36mCustomSimProcedure[0m - [36mSyscall found:  malloc[<BV32 0x300>][0m[0m
[1;33;40mWARNING - 2023-05-29 07:18:45,494 - [32mangr.storage.memory_mixins.default_filler_mixin[0m - [32mFilling memory at 0xc002033c with 4 unconstrained bytes referenced from 0xa70007c (__libc_start_main+0x0 in extern-address space (0x7c))[0m[0m
[1;32;40mINFO - 2023-05-29 07:18:45,553 - [36mCustomSimProcedure[0m - [36mSyscall found:  malloc[<BV32 0x4>][0m[0m
[1;33;40mWARNING - 2023-05-29 07:18:45,613 - [32mangr.storage.memory_mixins.default_filler_mixin[0m - [32mFilling memory at 0xc0020944 with 4 unconstrained bytes referenced from 0xa70007c (__libc_start_main+0x0 in extern-address space (0x7c))[0m[0m
[1;32;40mINFO - 2023-05-29 07:18:45,675 - [36mCustomSimProcedure[0m - [36mSyscall found:  malloc[<BV32 0x600>][0m[0m
[1;33;40mWARNING - 2023-05-29 07:18:45,713 - [32mangr.storage.memory_mixins.default_filler_mixin[0m - [32mFilling memory at 0xc0020954 with 4 unconstrained bytes referenced from 0xa70007c (__libc_start_main+0x0 in extern-address space (0x7c))[0m[0m
[1;32;40mINFO - 2023-05-29 07:18:45,771 - [36mCustomSimProcedure[0m - [36mSyscall found:  malloc[<BV32 0x4>][0m[0m
[1;33;40mWARNING - 2023-05-29 07:18:45,827 - [32mangr.storage.memory_mixins.default_filler_mixin[0m - [32mFilling memory at 0xc0020f5c with 4 unconstrained bytes referenced from 0xa70007c (__libc_start_main+0x0 in extern-address space (0x7c))[0m[0m
[1;32;40mINFO - 2023-05-29 07:18:45,883 - [36mCustomSimProcedure[0m - [36mSyscall found:  malloc[<BV32 0x600>][0m[0m
[1;33;40mWARNING - 2023-05-29 07:18:45,918 - [32mangr.storage.memory_mixins.default_filler_mixin[0m - [32mFilling memory at 0xc0020f6c with 4 unconstrained bytes referenced from 0xa70007c (__libc_start_main+0x0 in extern-address space (0x7c))[0m[0m
[1;32;40mINFO - 2023-05-29 07:18:45,974 - [36mCustomSimProcedure[0m - [36mSyscall found:  malloc[<BV32 0x4>][0m[0m
[1;33;40mWARNING - 2023-05-29 07:18:46,031 - [32mangr.storage.memory_mixins.default_filler_mixin[0m - [32mFilling memory at 0xc0020f7c with 4 unconstrained bytes referenced from 0xa70007c (__libc_start_main+0x0 in extern-address space (0x7c))[0m[0m
[1;32;40mINFO - 2023-05-29 07:18:46,089 - [36mCustomSimProcedure[0m - [36mSyscall found:  malloc[<BV32 0x4>][0m[0m
[1;32;40mINFO - 2023-05-29 07:18:46,097 - [36mCustomSimProcedure[0m - [36mSyscall found:  __libc_start_main[<BV32 0x90493f0>, <BV32 0x1>, <BV32 0x7ffeffb0>, <BV32 0x907b710>, <BV32 0x907b780>][0m[0m
[1;33;40mWARNING - 2023-05-29 07:18:46,114 - [32mangr.storage.memory_mixins.default_filler_mixin[0m - [32mFilling register edi with 4 unconstrained bytes referenced from 0x907b720 (__libc_csu_init+0x10 in mutations4_exec (0x907b720))[0m[0m
[1;32;40mINFO - 2023-05-29 07:18:46,221 - [36mCustomSimProcedure[0m - [36mSyscall found:  __libc_start_main[151294960, 1, 2147418032, 151500560, 151500672][0m[0m
[1;32;40mINFO - 2023-05-29 07:18:46,274 - [36mCustomSimProcedure[0m - [36mSyscall found:  sysconf[<BV32 0x54>][0m[0m
[1;32;40mINFO - 2023-05-29 07:18:46,320 - [32mSemaExplorerCDFS[0m - [32mA new block of execution have been executed with changes in sim_manager.[0m[0m
[1;32;40mINFO - 2023-05-29 07:18:46,320 - [32mSemaExplorerCDFS[0m - [32mCurrently, simulation manager is :
<SimulationManager with 2 active>[0m[0m
[1;32;40mINFO - 2023-05-29 07:18:46,320 - [32mSemaExplorerCDFS[0m - [32mpause stash len :0[0m[0m
[1;32;40mINFO - 2023-05-29 07:18:46,320 - [32mSemaExplorerCDFS[0m - [32mfork_stack : 1[0m[0m
[1;32;40mINFO - 2023-05-29 07:18:46,383 - [36mCustomSimProcedure[0m - [36mSyscall found:  popen[<BV32 0x907c009>, <BV32 0x907c06f>][0m[0m
[1;32;40mINFO - 2023-05-29 07:18:46,411 - [36mCustomSimProcedure[0m - [36mSyscall found:  popen[<BV32 0x907c009>, <BV32 0x907c06f>][0m[0m
[1;32;40mINFO - 2023-05-29 07:18:46,473 - [32mSemaExplorerCDFS[0m - [32mA new block of execution have been executed with changes in sim_manager.[0m[0m
[1;32;40mINFO - 2023-05-29 07:18:46,473 - [32mSemaExplorerCDFS[0m - [32mCurrently, simulation manager is :
<SimulationManager with 4 active>[0m[0m
[1;32;40mINFO - 2023-05-29 07:18:46,474 - [32mSemaExplorerCDFS[0m - [32mpause stash len :0[0m[0m
[1;32;40mINFO - 2023-05-29 07:18:46,474 - [32mSemaExplorerCDFS[0m - [32mfork_stack : 2[0m[0m
[1;32;40mINFO - 2023-05-29 07:18:46,510 - [36mCustomSimProcedure[0m - [36mSyscall found:  strlen[<BV32 0x907c078>][0m[0m
[1;32;40mINFO - 2023-05-29 07:18:46,511 - [36mCustomSimProcedure[0m - [36mSyscall found:  printf[<BV32 0x907c078>][0m[0m
[1;32;40mINFO - 2023-05-29 07:18:46,518 - [36mCustomSimProcedure[0m - [36mSyscall found:  strlen[<BV32 0x907c078>][0m[0m
[1;32;40mINFO - 2023-05-29 07:18:46,519 - [36mCustomSimProcedure[0m - [36mSyscall found:  printf[<BV32 0x907c078>][0m[0m
[1;33;40mWARNING - 2023-05-29 07:18:46,666 - [32mangr.storage.memory_mixins.default_filler_mixin[0m - [32mFilling memory at 0xffffffd8 with 4 unconstrained bytes referenced from 0xa70001c (fgets+0x0 in extern-address space (0x1c))[0m[0m
[1;33;40mWARNING - 2023-05-29 07:18:46,725 - [33mangr.state_plugins.posix[0m - [33mTried to look up a symbolic fd - constrained to 3 and opened b'/tmp/angr_implicit_0'[0m[0m
[1;32;40mINFO - 2023-05-29 07:18:46,787 - [36mCustomSimProcedure[0m - [36mSyscall found:  fgets[<BV32 0x7ffefe78>, <BV32 0x80>, <BV32 unconstrained_ret_popen_5114502_32{UNINITIALIZED}>][0m[0m
[1;33;40mWARNING - 2023-05-29 07:18:46,995 - [32mangr.storage.memory_mixins.default_filler_mixin[0m - [32mFilling memory at 0xfffffeb8 with 4 unconstrained bytes referenced from 0xa70001c (fgets+0x0 in extern-address space (0x1c))[0m[0m
[1;33;40mWARNING - 2023-05-29 07:18:47,055 - [33mangr.state_plugins.posix[0m - [33mTried to look up a symbolic fd - constrained to 3 and opened b'/tmp/angr_implicit_0'[0m[0m
[1;32;40mINFO - 2023-05-29 07:18:47,117 - [36mCustomSimProcedure[0m - [36mSyscall found:  fgets[<BV32 0x7ffefe78>, <BV32 0x80>, <BV32 unconstrained_ret_popen_5114503_32{UNINITIALIZED}>][0m[0m
[1;33;40mWARNING - 2023-05-29 07:18:47,225 - [32mangr.storage.memory_mixins.default_filler_mixin[0m - [32mFilling memory at 0x38 with 4 unconstrained bytes referenced from 0xa70001c (fgets+0x0 in extern-address space (0x1c))[0m[0m
[1;33;40mWARNING - 2023-05-29 07:18:47,252 - [33mangr.state_plugins.posix[0m - [33mTried to look up a symbolic fd - constrained to 3 and opened b'/tmp/angr_implicit_0'[0m[0m
[1;32;40mINFO - 2023-05-29 07:18:47,308 - [36mCustomSimProcedure[0m - [36mSyscall found:  fgets[<BV32 0x7ffefe78>, <BV32 0x80>, <BV32 unconstrained_ret_popen_5114502_32{UNINITIALIZED}>][0m[0m
[1;33;40mWARNING - 2023-05-29 07:18:47,406 - [33mangr.state_plugins.posix[0m - [33mTried to look up a symbolic fd - constrained to 3 and opened b'/tmp/angr_implicit_0'[0m[0m
[1;32;40mINFO - 2023-05-29 07:18:47,459 - [36mCustomSimProcedure[0m - [36mSyscall found:  fgets[<BV32 0x7ffefe78>, <BV32 0x80>, <BV32 unconstrained_ret_popen_5114503_32{UNINITIALIZED}>][0m[0m
[1;32;40mINFO - 2023-05-29 07:18:47,532 - [36mCustomSimProcedure[0m - [36mSyscall found:  strlen[<BV32 0x907c029>][0m[0m
[1;32;40mINFO - 2023-05-29 07:18:47,533 - [36mCustomSimProcedure[0m - [36mSyscall found:  memcpy[<BV32 0x7ffefe40>, <BV32 0x907c029>, <BV32 0x22>][0m[0m
[1;32;40mINFO - 2023-05-29 07:18:47,533 - [36mCustomSimProcedure[0m - [36mSyscall found:  strncpy[<BV32 0x7ffefe40>, <BV32 0x907c029>, <BV32 0x22>][0m[0m
[1;32;40mINFO - 2023-05-29 07:18:47,566 - [36mCustomSimProcedure[0m - [36mSyscall found:  strlen[<BV32 0x907c029>][0m[0m
[1;32;40mINFO - 2023-05-29 07:18:47,568 - [36mCustomSimProcedure[0m - [36mSyscall found:  memcpy[<BV32 0x7ffefe40>, <BV32 0x907c029>, <BV32 0x22>][0m[0m
[1;32;40mINFO - 2023-05-29 07:18:47,568 - [36mCustomSimProcedure[0m - [36mSyscall found:  strncpy[<BV32 0x7ffefe40>, <BV32 0x907c029>, <BV32 0x22>][0m[0m
[1;32;40mINFO - 2023-05-29 07:18:47,626 - [36mCustomSimProcedure[0m - [36mSyscall found:  strlen[<BV32 0x907c029>][0m[0m
[1;32;40mINFO - 2023-05-29 07:18:47,627 - [36mCustomSimProcedure[0m - [36mSyscall found:  memcpy[<BV32 0x7ffefe40>, <BV32 0x907c029>, <BV32 0x22>][0m[0m
[1;32;40mINFO - 2023-05-29 07:18:47,627 - [36mCustomSimProcedure[0m - [36mSyscall found:  strncpy[<BV32 0x7ffefe40>, <BV32 0x907c029>, <BV32 0x22>][0m[0m
[1;32;40mINFO - 2023-05-29 07:18:47,644 - [36mCustomSimProcedure[0m - [36mSyscall found:  strlen[<BV32 0x907c029>][0m[0m
[1;32;40mINFO - 2023-05-29 07:18:47,646 - [36mCustomSimProcedure[0m - [36mSyscall found:  memcpy[<BV32 0x7ffefe40>, <BV32 0x907c029>, <BV32 0x22>][0m[0m
[1;32;40mINFO - 2023-05-29 07:18:47,647 - [36mCustomSimProcedure[0m - [36mSyscall found:  strncpy[<BV32 0x7ffefe40>, <BV32 0x907c029>, <BV32 0x22>][0m[0m
[1;32;40mINFO - 2023-05-29 07:18:47,663 - [36mCustomSimProcedure[0m - [36mSyscall found:  strlen[<BV32 0x907c029>][0m[0m
[1;32;40mINFO - 2023-05-29 07:18:47,675 - [36mCustomSimProcedure[0m - [36mSyscall found:  strlen[<BV32 0x7ffefe40>][0m[0m
[1;32;40mINFO - 2023-05-29 07:18:47,686 - [36mCustomSimProcedure[0m - [36mSyscall found:  strncmp[<BV32 0x907c029>, <BV32 0x7ffefe40>, <BV32 0x21>][0m[0m
[1;32;40mINFO - 2023-05-29 07:18:47,687 - [36mCustomSimProcedure[0m - [36mSyscall found:  strcmp[<BV32 0x907c029>, <BV32 0x7ffefe40>][0m[0m
[1;32;40mINFO - 2023-05-29 07:18:47,709 - [36mCustomSimProcedure[0m - [36mSyscall found:  strlen[<BV32 0x907c029>][0m[0m
[1;32;40mINFO - 2023-05-29 07:18:47,722 - [36mCustomSimProcedure[0m - [36mSyscall found:  strlen[<BV32 0x7ffefe40>][0m[0m
[1;32;40mINFO - 2023-05-29 07:18:47,731 - [36mCustomSimProcedure[0m - [36mSyscall found:  strncmp[<BV32 0x907c029>, <BV32 0x7ffefe40>, <BV32 0x21>][0m[0m
[1;32;40mINFO - 2023-05-29 07:18:47,731 - [36mCustomSimProcedure[0m - [36mSyscall found:  strcmp[<BV32 0x907c029>, <BV32 0x7ffefe40>][0m[0m
[1;32;40mINFO - 2023-05-29 07:18:47,812 - [36mCustomSimProcedure[0m - [36mSyscall found:  strlen[<BV32 0x907c029>][0m[0m
[1;32;40mINFO - 2023-05-29 07:18:47,824 - [36mCustomSimProcedure[0m - [36mSyscall found:  strlen[<BV32 0x7ffefe40>][0m[0m
[1;32;40mINFO - 2023-05-29 07:18:47,832 - [36mCustomSimProcedure[0m - [36mSyscall found:  strncmp[<BV32 0x907c029>, <BV32 0x7ffefe40>, <BV32 0x21>][0m[0m
[1;32;40mINFO - 2023-05-29 07:18:47,832 - [36mCustomSimProcedure[0m - [36mSyscall found:  strcmp[<BV32 0x907c029>, <BV32 0x7ffefe40>][0m[0m
[1;32;40mINFO - 2023-05-29 07:18:47,847 - [36mCustomSimProcedure[0m - [36mSyscall found:  strlen[<BV32 0x907c029>][0m[0m
[1;32;40mINFO - 2023-05-29 07:18:47,858 - [36mCustomSimProcedure[0m - [36mSyscall found:  strlen[<BV32 0x7ffefe40>][0m[0m
[1;32;40mINFO - 2023-05-29 07:18:47,866 - [36mCustomSimProcedure[0m - [36mSyscall found:  strncmp[<BV32 0x907c029>, <BV32 0x7ffefe40>, <BV32 0x21>][0m[0m
[1;32;40mINFO - 2023-05-29 07:18:47,866 - [36mCustomSimProcedure[0m - [36mSyscall found:  strcmp[<BV32 0x907c029>, <BV32 0x7ffefe40>][0m[0m
[1;32;40mINFO - 2023-05-29 07:18:47,892 - [36mCustomSimProcedure[0m - [36mSyscall found:  pclose[<BV32 unconstrained_ret_popen_5114503_32{UNINITIALIZED}>][0m[0m
[1;32;40mINFO - 2023-05-29 07:18:48,022 - [36mCustomSimProcedure[0m - [36mSyscall found:  pclose[<BV32 unconstrained_ret_popen_5114502_32{UNINITIALIZED}>][0m[0m
[1;32;40mINFO - 2023-05-29 07:18:48,197 - [32mSemaExplorerCDFS[0m - [32mA new block of execution have been executed with changes in sim_manager.[0m[0m
[1;32;40mINFO - 2023-05-29 07:18:48,197 - [32mSemaExplorerCDFS[0m - [32mCurrently, simulation manager is :
<SimulationManager with 6 active>[0m[0m
[1;32;40mINFO - 2023-05-29 07:18:48,198 - [32mSemaExplorerCDFS[0m - [32mpause stash len :0[0m[0m
[1;32;40mINFO - 2023-05-29 07:18:48,198 - [32mSemaExplorerCDFS[0m - [32mfork_stack : 2[0m[0m
[1;32;40mINFO - 2023-05-29 07:18:48,206 - [36mCustomSimProcedure[0m - [36mSyscall found:  pclose[<BV32 unconstrained_ret_popen_5114502_32{UNINITIALIZED}>][0m[0m
[1;32;40mINFO - 2023-05-29 07:18:48,359 - [36mCustomSimProcedure[0m - [36mSyscall found:  strlen[<BV32 0x907c07e>][0m[0m
[1;32;40mINFO - 2023-05-29 07:18:48,363 - [36mCustomSimProcedure[0m - [36mSyscall found:  printf[<BV32 0x907c07e>][0m[0m
[1;32;40mINFO - 2023-05-29 07:18:48,414 - [36mCustomSimProcedure[0m - [36mSyscall found:  strlen[<BV32 0x907c07e>][0m[0m
[1;32;40mINFO - 2023-05-29 07:18:48,418 - [36mCustomSimProcedure[0m - [36mSyscall found:  printf[<BV32 0x907c07e>][0m[0m
[1;32;40mINFO - 2023-05-29 07:18:48,421 - [32mSemaExplorerCDFS[0m - [32mA new block of execution have been executed with changes in sim_manager.[0m[0m
[1;32;40mINFO - 2023-05-29 07:18:48,421 - [32mSemaExplorerCDFS[0m - [32mCurrently, simulation manager is :
<SimulationManager with 6 active>[0m[0m
[1;32;40mINFO - 2023-05-29 07:18:48,422 - [32mSemaExplorerCDFS[0m - [32mpause stash len :1[0m[0m
[1;32;40mINFO - 2023-05-29 07:18:48,422 - [32mSemaExplorerCDFS[0m - [32mfork_stack : 1[0m[0m
[1;32;40mINFO - 2023-05-29 07:18:48,499 - [36mCustomSimProcedure[0m - [36mSyscall found:  strlen[<BV32 0x907c07e>][0m[0m
[1;32;40mINFO - 2023-05-29 07:18:48,503 - [36mCustomSimProcedure[0m - [36mSyscall found:  printf[<BV32 0x907c07e>][0m[0m
[1;32;40mINFO - 2023-05-29 07:18:48,569 - [36mCustomSimProcedure[0m - [36mSyscall found:  popen[<BV32 0x907c04b>, <BV32 0x907c06f>][0m[0m
[1;32;40mINFO - 2023-05-29 07:18:48,623 - [32mSemaExplorerCDFS[0m - [32mA new block of execution have been executed with changes in sim_manager.[0m[0m
[1;32;40mINFO - 2023-05-29 07:18:48,623 - [32mSemaExplorerCDFS[0m - [32mCurrently, simulation manager is :
<SimulationManager with 6 active>[0m[0m
[1;32;40mINFO - 2023-05-29 07:18:48,623 - [32mSemaExplorerCDFS[0m - [32mpause stash len :2[0m[0m
[1;32;40mINFO - 2023-05-29 07:18:48,624 - [32mSemaExplorerCDFS[0m - [32mfork_stack : 1[0m[0m
[1;32;40mINFO - 2023-05-29 07:18:48,626 - [36mCustomSimProcedure[0m - [36mSyscall found:  popen[<BV32 0x907c04b>, <BV32 0x907c06f>][0m[0m
[1;32;40mINFO - 2023-05-29 07:18:48,668 - [36mCustomSimProcedure[0m - [36mSyscall found:  popen[<BV32 0x907c04b>, <BV32 0x907c06f>][0m[0m
[1;32;40mINFO - 2023-05-29 07:18:48,695 - [36mCustomSimProcedure[0m - [36mSyscall found:  popen[<BV32 0x907c04b>, <BV32 0x907c06f>][0m[0m
[1;32;40mINFO - 2023-05-29 07:18:48,784 - [36mCustomSimProcedure[0m - [36mSyscall found:  strlen[<BV32 0x907c078>][0m[0m
[1;32;40mINFO - 2023-05-29 07:18:48,785 - [36mCustomSimProcedure[0m - [36mSyscall found:  printf[<BV32 0x907c078>][0m[0m
[1;32;40mINFO - 2023-05-29 07:18:48,787 - [32mSemaExplorerCDFS[0m - [32mA new block of execution have been executed with changes in sim_manager.[0m[0m
[1;32;40mINFO - 2023-05-29 07:18:48,787 - [32mSemaExplorerCDFS[0m - [32mCurrently, simulation manager is :
<SimulationManager with 8 active>[0m[0m
[1;32;40mINFO - 2023-05-29 07:18:48,787 - [32mSemaExplorerCDFS[0m - [32mpause stash len :3[0m[0m
[1;32;40mINFO - 2023-05-29 07:18:48,787 - [32mSemaExplorerCDFS[0m - [32mfork_stack : 3[0m[0m
[1;32;40mINFO - 2023-05-29 07:18:48,806 - [36mCustomSimProcedure[0m - [36mSyscall found:  popen[<BV32 0x907c04b>, <BV32 0x907c06f>][0m[0m
[1;32;40mINFO - 2023-05-29 07:18:48,850 - [36mCustomSimProcedure[0m - [36mSyscall found:  strlen[<BV32 0x907c078>][0m[0m
[1;32;40mINFO - 2023-05-29 07:18:48,851 - [36mCustomSimProcedure[0m - [36mSyscall found:  printf[<BV32 0x907c078>][0m[0m
[1;32;40mINFO - 2023-05-29 07:18:48,877 - [36mCustomSimProcedure[0m - [36mSyscall found:  strlen[<BV32 0x907c078>][0m[0m
[1;32;40mINFO - 2023-05-29 07:18:48,878 - [36mCustomSimProcedure[0m - [36mSyscall found:  printf[<BV32 0x907c078>][0m[0m
[1;32;40mINFO - 2023-05-29 07:18:48,882 - [32mSemaExplorerCDFS[0m - [32mA new block of execution have been executed with changes in sim_manager.[0m[0m
[1;32;40mINFO - 2023-05-29 07:18:48,882 - [32mSemaExplorerCDFS[0m - [32mCurrently, simulation manager is :
<SimulationManager with 6 active>[0m[0m
[1;32;40mINFO - 2023-05-29 07:18:48,883 - [32mSemaExplorerCDFS[0m - [32mpause stash len :6[0m[0m
[1;32;40mINFO - 2023-05-29 07:18:48,883 - [32mSemaExplorerCDFS[0m - [32mfork_stack : 1[0m[0m
[1;33;40mWARNING - 2023-05-29 07:18:49,016 - [32mangr.storage.memory_mixins.default_filler_mixin[0m - [32mFilling memory at 0xffffffe0 with 4 unconstrained bytes referenced from 0xa70001c (fgets+0x0 in extern-address space (0x1c))[0m[0m
[1;33;40mWARNING - 2023-05-29 07:18:49,058 - [33mangr.state_plugins.posix[0m - [33mTried to look up a symbolic fd - constrained to 4 and opened b'/tmp/angr_implicit_1'[0m[0m
[1;32;40mINFO - 2023-05-29 07:18:49,111 - [36mCustomSimProcedure[0m - [36mSyscall found:  fgets[<BV32 0x7ffefe78>, <BV32 0x80>, <BV32 unconstrained_ret_popen_5114519_32{UNINITIALIZED}>][0m[0m
[1;32;40mINFO - 2023-05-29 07:18:49,185 - [36mCustomSimProcedure[0m - [36mSyscall found:  strlen[<BV32 0x907c078>][0m[0m
[1;32;40mINFO - 2023-05-29 07:18:49,186 - [36mCustomSimProcedure[0m - [36mSyscall found:  printf[<BV32 0x907c078>][0m[0m
[1;32;40mINFO - 2023-05-29 07:18:49,278 - [36mCustomSimProcedure[0m - [36mSyscall found:  fgets[<BV32 0x7ffefe78>, <BV32 0x80>, <BV32 unconstrained_ret_popen_5114519_32{UNINITIALIZED}>][0m[0m
[1;32;40mINFO - 2023-05-29 07:18:49,496 - [36mCustomSimProcedure[0m - [36mSyscall found:  fgets[<BV32 0x7ffefe78>, <BV32 0x80>, <BV32 unconstrained_ret_popen_5114522_32{UNINITIALIZED}>][0m[0m
[1;33;40mWARNING - 2023-05-29 07:18:49,541 - [33mangr.state_plugins.posix[0m - [33mTried to look up a symbolic fd - constrained to 4 and opened b'/tmp/angr_implicit_1'[0m[0m
[1;32;40mINFO - 2023-05-29 07:18:49,592 - [36mCustomSimProcedure[0m - [36mSyscall found:  fgets[<BV32 0x7ffefe78>, <BV32 0x80>, <BV32 unconstrained_ret_popen_5114520_32{UNINITIALIZED}>][0m[0m
[1;32;40mINFO - 2023-05-29 07:18:49,679 - [36mCustomSimProcedure[0m - [36mSyscall found:  strlen[<BV32 0x907c071>][0m[0m
[1;32;40mINFO - 2023-05-29 07:18:49,680 - [36mCustomSimProcedure[0m - [36mSyscall found:  memcpy[<BV32 0x7ffefe60>, <BV32 0x907c071>, <BV32 0x6>][0m[0m
[1;32;40mINFO - 2023-05-29 07:18:49,681 - [36mCustomSimProcedure[0m - [36mSyscall found:  strncpy[<BV32 0x7ffefe60>, <BV32 0x907c071>, <BV32 0x6>][0m[0m
[1;32;40mINFO - 2023-05-29 07:18:49,753 - [36mCustomSimProcedure[0m - [36mSyscall found:  fgets[<BV32 0x7ffefe78>, <BV32 0x80>, <BV32 unconstrained_ret_popen_5114522_32{UNINITIALIZED}>][0m[0m
[1;32;40mINFO - 2023-05-29 07:18:49,845 - [36mCustomSimProcedure[0m - [36mSyscall found:  strlen[<BV32 0x907c071>][0m[0m
[1;32;40mINFO - 2023-05-29 07:18:49,846 - [36mCustomSimProcedure[0m - [36mSyscall found:  memcpy[<BV32 0x7ffefe60>, <BV32 0x907c071>, <BV32 0x6>][0m[0m
[1;32;40mINFO - 2023-05-29 07:18:49,846 - [36mCustomSimProcedure[0m - [36mSyscall found:  strncpy[<BV32 0x7ffefe60>, <BV32 0x907c071>, <BV32 0x6>][0m[0m
[1;32;40mINFO - 2023-05-29 07:18:49,872 - [36mCustomSimProcedure[0m - [36mSyscall found:  strlen[<BV32 0x907c071>][0m[0m
[1;32;40mINFO - 2023-05-29 07:18:49,874 - [36mCustomSimProcedure[0m - [36mSyscall found:  memcpy[<BV32 0x7ffefe60>, <BV32 0x907c071>, <BV32 0x6>][0m[0m
[1;32;40mINFO - 2023-05-29 07:18:49,874 - [36mCustomSimProcedure[0m - [36mSyscall found:  strncpy[<BV32 0x7ffefe60>, <BV32 0x907c071>, <BV32 0x6>][0m[0m
[1;32;40mINFO - 2023-05-29 07:18:49,880 - [36mCustomSimProcedure[0m - [36mSyscall found:  strlen[<BV32 0x907c071>][0m[0m
[1;32;40mINFO - 2023-05-29 07:18:49,882 - [36mCustomSimProcedure[0m - [36mSyscall found:  memcpy[<BV32 0x7ffefe60>, <BV32 0x907c071>, <BV32 0x6>][0m[0m
[1;32;40mINFO - 2023-05-29 07:18:49,882 - [36mCustomSimProcedure[0m - [36mSyscall found:  strncpy[<BV32 0x7ffefe60>, <BV32 0x907c071>, <BV32 0x6>][0m[0m
[1;32;40mINFO - 2023-05-29 07:18:49,900 - [36mCustomSimProcedure[0m - [36mSyscall found:  strlen[<BV32 0x907c071>][0m[0m
[1;32;40mINFO - 2023-05-29 07:18:49,903 - [36mCustomSimProcedure[0m - [36mSyscall found:  strlen[<BV32 0x7ffefe60>][0m[0m
[1;32;40mINFO - 2023-05-29 07:18:49,906 - [36mCustomSimProcedure[0m - [36mSyscall found:  strncmp[<BV32 0x907c071>, <BV32 0x7ffefe60>, <BV32 0x6>][0m[0m
[1;32;40mINFO - 2023-05-29 07:18:49,907 - [36mCustomSimProcedure[0m - [36mSyscall found:  strcmp[<BV32 0x907c071>, <BV32 0x7ffefe60>][0m[0m
[1;32;40mINFO - 2023-05-29 07:18:49,952 - [36mCustomSimProcedure[0m - [36mSyscall found:  strlen[<BV32 0x907c071>][0m[0m
[1;32;40mINFO - 2023-05-29 07:18:49,953 - [36mCustomSimProcedure[0m - [36mSyscall found:  memcpy[<BV32 0x7ffefe60>, <BV32 0x907c071>, <BV32 0x6>][0m[0m
[1;32;40mINFO - 2023-05-29 07:18:49,953 - [36mCustomSimProcedure[0m - [36mSyscall found:  strncpy[<BV32 0x7ffefe60>, <BV32 0x907c071>, <BV32 0x6>][0m[0m
[1;32;40mINFO - 2023-05-29 07:18:49,968 - [36mCustomSimProcedure[0m - [36mSyscall found:  strlen[<BV32 0x907c071>][0m[0m
[1;32;40mINFO - 2023-05-29 07:18:49,971 - [36mCustomSimProcedure[0m - [36mSyscall found:  strlen[<BV32 0x7ffefe60>][0m[0m
[1;32;40mINFO - 2023-05-29 07:18:49,974 - [36mCustomSimProcedure[0m - [36mSyscall found:  strncmp[<BV32 0x907c071>, <BV32 0x7ffefe60>, <BV32 0x6>][0m[0m
[1;32;40mINFO - 2023-05-29 07:18:49,975 - [36mCustomSimProcedure[0m - [36mSyscall found:  strcmp[<BV32 0x907c071>, <BV32 0x7ffefe60>][0m[0m
[1;32;40mINFO - 2023-05-29 07:18:50,007 - [36mCustomSimProcedure[0m - [36mSyscall found:  strlen[<BV32 0x907c071>][0m[0m
[1;32;40mINFO - 2023-05-29 07:18:50,010 - [36mCustomSimProcedure[0m - [36mSyscall found:  strlen[<BV32 0x7ffefe60>][0m[0m
[1;32;40mINFO - 2023-05-29 07:18:50,012 - [36mCustomSimProcedure[0m - [36mSyscall found:  strncmp[<BV32 0x907c071>, <BV32 0x7ffefe60>, <BV32 0x6>][0m[0m
[1;32;40mINFO - 2023-05-29 07:18:50,012 - [36mCustomSimProcedure[0m - [36mSyscall found:  strcmp[<BV32 0x907c071>, <BV32 0x7ffefe60>][0m[0m
[1;32;40mINFO - 2023-05-29 07:18:50,020 - [36mCustomSimProcedure[0m - [36mSyscall found:  strlen[<BV32 0x907c071>][0m[0m
[1;32;40mINFO - 2023-05-29 07:18:50,024 - [36mCustomSimProcedure[0m - [36mSyscall found:  strlen[<BV32 0x7ffefe60>][0m[0m
[1;32;40mINFO - 2023-05-29 07:18:50,027 - [36mCustomSimProcedure[0m - [36mSyscall found:  strncmp[<BV32 0x907c071>, <BV32 0x7ffefe60>, <BV32 0x6>][0m[0m
[1;32;40mINFO - 2023-05-29 07:18:50,028 - [36mCustomSimProcedure[0m - [36mSyscall found:  strcmp[<BV32 0x907c071>, <BV32 0x7ffefe60>][0m[0m
[1;32;40mINFO - 2023-05-29 07:18:50,071 - [36mCustomSimProcedure[0m - [36mSyscall found:  pclose[<BV32 unconstrained_ret_popen_5114519_32{UNINITIALIZED}>][0m[0m
[1;32;40mINFO - 2023-05-29 07:18:50,196 - [36mCustomSimProcedure[0m - [36mSyscall found:  strlen[<BV32 0x907c071>][0m[0m
[1;32;40mINFO - 2023-05-29 07:18:50,199 - [36mCustomSimProcedure[0m - [36mSyscall found:  strlen[<BV32 0x7ffefe60>][0m[0m
[1;32;40mINFO - 2023-05-29 07:18:50,202 - [36mCustomSimProcedure[0m - [36mSyscall found:  strncmp[<BV32 0x907c071>, <BV32 0x7ffefe60>, <BV32 0x6>][0m[0m
[1;32;40mINFO - 2023-05-29 07:18:50,203 - [36mCustomSimProcedure[0m - [36mSyscall found:  strcmp[<BV32 0x907c071>, <BV32 0x7ffefe60>][0m[0m
[1;32;40mINFO - 2023-05-29 07:18:50,259 - [32mSemaExplorerCDFS[0m - [32mA new block of execution have been executed with changes in sim_manager.[0m[0m
[1;32;40mINFO - 2023-05-29 07:18:50,259 - [32mSemaExplorerCDFS[0m - [32mCurrently, simulation manager is :
<SimulationManager with 6 active>[0m[0m
[1;32;40mINFO - 2023-05-29 07:18:50,259 - [32mSemaExplorerCDFS[0m - [32mpause stash len :7[0m[0m
[1;32;40mINFO - 2023-05-29 07:18:50,259 - [32mSemaExplorerCDFS[0m - [32mfork_stack : 1[0m[0m
[1;32;40mINFO - 2023-05-29 07:18:50,262 - [36mCustomSimProcedure[0m - [36mSyscall found:  pclose[<BV32 unconstrained_ret_popen_5114519_32{UNINITIALIZED}>][0m[0m
[1;32;40mINFO - 2023-05-29 07:18:50,406 - [36mCustomSimProcedure[0m - [36mSyscall found:  pclose[<BV32 unconstrained_ret_popen_5114522_32{UNINITIALIZED}>][0m[0m
[1;32;40mINFO - 2023-05-29 07:18:50,461 - [36mCustomSimProcedure[0m - [36mSyscall found:  strlen[<BV32 0x907c07e>][0m[0m
[1;32;40mINFO - 2023-05-29 07:18:50,465 - [36mCustomSimProcedure[0m - [36mSyscall found:  printf[<BV32 0x907c07e>][0m[0m
[1;32;40mINFO - 2023-05-29 07:18:50,498 - [32mSemaExplorerCDFS[0m - [32mA new block of execution have been executed with changes in sim_manager.[0m[0m
[1;32;40mINFO - 2023-05-29 07:18:50,498 - [32mSemaExplorerCDFS[0m - [32mCurrently, simulation manager is :
<SimulationManager with 7 active>[0m[0m
[1;32;40mINFO - 2023-05-29 07:18:50,499 - [32mSemaExplorerCDFS[0m - [32mpause stash len :8[0m[0m
[1;32;40mINFO - 2023-05-29 07:18:50,499 - [32mSemaExplorerCDFS[0m - [32mfork_stack : 2[0m[0m
[1;32;40mINFO - 2023-05-29 07:18:50,522 - [36mCustomSimProcedure[0m - [36mSyscall found:  pclose[<BV32 unconstrained_ret_popen_5114522_32{UNINITIALIZED}>][0m[0m
[1;32;40mINFO - 2023-05-29 07:18:50,648 - [36mCustomSimProcedure[0m - [36mSyscall found:  strlen[<BV32 0x907c07e>][0m[0m
[1;32;40mINFO - 2023-05-29 07:18:50,652 - [36mCustomSimProcedure[0m - [36mSyscall found:  printf[<BV32 0x907c07e>][0m[0m
[1;32;40mINFO - 2023-05-29 07:18:50,691 - [32mSemaExplorerCDFS[0m - [32mA new block of execution have been executed with changes in sim_manager.[0m[0m
[1;32;40mINFO - 2023-05-29 07:18:50,691 - [32mSemaExplorerCDFS[0m - [32mCurrently, simulation manager is :
<SimulationManager with 6 active>[0m[0m
[1;32;40mINFO - 2023-05-29 07:18:50,691 - [32mSemaExplorerCDFS[0m - [32mpause stash len :10[0m[0m
[1;32;40mINFO - 2023-05-29 07:18:50,692 - [32mSemaExplorerCDFS[0m - [32mfork_stack : 1[0m[0m
[1;32;40mINFO - 2023-05-29 07:18:50,776 - [36mCustomSimProcedure[0m - [36mSyscall found:  __libc_start_main[151294960, 1, 2147418032, 151500560, 151500672][0m[0m
[1;32;40mINFO - 2023-05-29 07:18:50,809 - [32mSemaExplorerCDFS[0m - [32mA new block of execution have been executed with changes in sim_manager.[0m[0m
[1;32;40mINFO - 2023-05-29 07:18:50,809 - [32mSemaExplorerCDFS[0m - [32mCurrently, simulation manager is :
<SimulationManager with 4 active, 1 deadended>[0m[0m
[1;32;40mINFO - 2023-05-29 07:18:50,809 - [32mSemaExplorerCDFS[0m - [32mpause stash len :11[0m[0m
[1;32;40mINFO - 2023-05-29 07:18:50,812 - [36mCustomSimProcedure[0m - [36mSyscall found:  __libc_start_main[151294960, 1, 2147418032, 151500560, 151500672][0m[0m
[1;32;40mINFO - 2023-05-29 07:18:50,824 - [36mCustomSimProcedure[0m - [36mSyscall found:  __libc_start_main[151294960, 1, 2147418032, 151500560, 151500672][0m[0m
[1;32;40mINFO - 2023-05-29 07:18:50,873 - [36mCustomSimProcedure[0m - [36mSyscall found:  strlen[<BV32 0x907c07e>][0m[0m
[1;32;40mINFO - 2023-05-29 07:18:50,877 - [36mCustomSimProcedure[0m - [36mSyscall found:  printf[<BV32 0x907c07e>][0m[0m
[1;32;40mINFO - 2023-05-29 07:18:50,880 - [32mSemaExplorerCDFS[0m - [32mA new block of execution have been executed with changes in sim_manager.[0m[0m
[1;32;40mINFO - 2023-05-29 07:18:50,881 - [32mSemaExplorerCDFS[0m - [32mCurrently, simulation manager is :
<SimulationManager with 3 active, 3 deadended>[0m[0m
[1;32;40mINFO - 2023-05-29 07:18:50,881 - [32mSemaExplorerCDFS[0m - [32mpause stash len :10[0m[0m
[1;32;40mINFO - 2023-05-29 07:18:50,885 - [36mCustomSimProcedure[0m - [36mSyscall found:  __libc_start_main[151294960, 1, 2147418032, 151500560, 151500672][0m[0m
[1;32;40mINFO - 2023-05-29 07:18:50,888 - [36mCustomSimProcedure[0m - [36mSyscall found:  __libc_start_main[151294960, 1, 2147418032, 151500560, 151500672][0m[0m
[1;32;40mINFO - 2023-05-29 07:18:50,942 - [36mCustomSimProcedure[0m - [36mSyscall found:  strlen[<BV32 0x907c07e>][0m[0m
[1;32;40mINFO - 2023-05-29 07:18:50,946 - [36mCustomSimProcedure[0m - [36mSyscall found:  printf[<BV32 0x907c07e>][0m[0m
[1;32;40mINFO - 2023-05-29 07:18:50,949 - [32mSemaExplorerCDFS[0m - [32mA new block of execution have been executed with changes in sim_manager.[0m[0m
[1;32;40mINFO - 2023-05-29 07:18:50,949 - [32mSemaExplorerCDFS[0m - [32mCurrently, simulation manager is :
<SimulationManager with 3 active, 5 deadended>[0m[0m
[1;32;40mINFO - 2023-05-29 07:18:50,949 - [32mSemaExplorerCDFS[0m - [32mpause stash len :8[0m[0m
[1;32;40mINFO - 2023-05-29 07:18:50,978 - [36mCustomSimProcedure[0m - [36mSyscall found:  pclose[<BV32 unconstrained_ret_popen_5114520_32{UNINITIALIZED}>][0m[0m
[1;33;40mWARNING - 2023-05-29 07:18:51,220 - [32mangr.storage.memory_mixins.default_filler_mixin[0m - [32mFilling memory at 0xfffff048 with 4 unconstrained bytes referenced from 0xa70001c (fgets+0x0 in extern-address space (0x1c))[0m[0m
[1;33;40mWARNING - 2023-05-29 07:18:51,264 - [33mangr.state_plugins.posix[0m - [33mTried to look up a symbolic fd - constrained to 4 and opened b'/tmp/angr_implicit_1'[0m[0m
[1;32;40mINFO - 2023-05-29 07:18:51,317 - [36mCustomSimProcedure[0m - [36mSyscall found:  fgets[<BV32 0x7ffefe78>, <BV32 0x80>, <BV32 unconstrained_ret_popen_5114520_32{UNINITIALIZED}>][0m[0m
[1;32;40mINFO - 2023-05-29 07:18:51,397 - [32mSemaExplorerCDFS[0m - [32mA new block of execution have been executed with changes in sim_manager.[0m[0m
[1;32;40mINFO - 2023-05-29 07:18:51,398 - [32mSemaExplorerCDFS[0m - [32mCurrently, simulation manager is :
<SimulationManager with 6 active, 5 deadended>[0m[0m
[1;32;40mINFO - 2023-05-29 07:18:51,398 - [32mSemaExplorerCDFS[0m - [32mpause stash len :6[0m[0m
[1;32;40mINFO - 2023-05-29 07:18:51,398 - [32mSemaExplorerCDFS[0m - [32mfork_stack : 1[0m[0m
[1;32;40mINFO - 2023-05-29 07:18:51,467 - [36mCustomSimProcedure[0m - [36mSyscall found:  strlen[<BV32 0x907c07e>][0m[0m
[1;32;40mINFO - 2023-05-29 07:18:51,471 - [36mCustomSimProcedure[0m - [36mSyscall found:  printf[<BV32 0x907c07e>][0m[0m
[1;32;40mINFO - 2023-05-29 07:18:51,475 - [36mCustomSimProcedure[0m - [36mSyscall found:  __libc_start_main[151294960, 1, 2147418032, 151500560, 151500672][0m[0m
[1;32;40mINFO - 2023-05-29 07:18:51,477 - [36mCustomSimProcedure[0m - [36mSyscall found:  __libc_start_main[151294960, 1, 2147418032, 151500560, 151500672][0m[0m
[1;32;40mINFO - 2023-05-29 07:18:51,524 - [32mSemaExplorerCDFS[0m - [32mA new block of execution have been executed with changes in sim_manager.[0m[0m
[1;32;40mINFO - 2023-05-29 07:18:51,524 - [32mSemaExplorerCDFS[0m - [32mCurrently, simulation manager is :
<SimulationManager with 3 active, 7 deadended>[0m[0m
[1;32;40mINFO - 2023-05-29 07:18:51,524 - [32mSemaExplorerCDFS[0m - [32mpause stash len :7[0m[0m
[1;32;40mINFO - 2023-05-29 07:18:51,527 - [36mCustomSimProcedure[0m - [36mSyscall found:  __libc_start_main[151294960, 1, 2147418032, 151500560, 151500672][0m[0m
[1;32;40mINFO - 2023-05-29 07:18:51,582 - [36mCustomSimProcedure[0m - [36mSyscall found:  strlen[<BV32 0x907c078>][0m[0m
[1;32;40mINFO - 2023-05-29 07:18:51,583 - [36mCustomSimProcedure[0m - [36mSyscall found:  printf[<BV32 0x907c078>][0m[0m
[1;32;40mINFO - 2023-05-29 07:18:51,585 - [32mSemaExplorerCDFS[0m - [32mA new block of execution have been executed with changes in sim_manager.[0m[0m
[1;32;40mINFO - 2023-05-29 07:18:51,585 - [32mSemaExplorerCDFS[0m - [32mCurrently, simulation manager is :
<SimulationManager with 4 active, 8 deadended>[0m[0m
[1;32;40mINFO - 2023-05-29 07:18:51,585 - [32mSemaExplorerCDFS[0m - [32mpause stash len :5[0m[0m
[1;32;40mINFO - 2023-05-29 07:18:51,589 - [36mCustomSimProcedure[0m - [36mSyscall found:  __libc_start_main[151294960, 1, 2147418032, 151500560, 151500672][0m[0m
[1;32;40mINFO - 2023-05-29 07:18:51,604 - [36mCustomSimProcedure[0m - [36mSyscall found:  strlen[<BV32 0x907c071>][0m[0m
[1;32;40mINFO - 2023-05-29 07:18:51,605 - [36mCustomSimProcedure[0m - [36mSyscall found:  memcpy[<BV32 0x7ffefe60>, <BV32 0x907c071>, <BV32 0x6>][0m[0m
[1;32;40mINFO - 2023-05-29 07:18:51,606 - [36mCustomSimProcedure[0m - [36mSyscall found:  strncpy[<BV32 0x7ffefe60>, <BV32 0x907c071>, <BV32 0x6>][0m[0m
[1;32;40mINFO - 2023-05-29 07:18:51,652 - [32mSemaExplorerCDFS[0m - [32mA new block of execution have been executed with changes in sim_manager.[0m[0m
[1;32;40mINFO - 2023-05-29 07:18:51,652 - [32mSemaExplorerCDFS[0m - [32mCurrently, simulation manager is :
<SimulationManager with 4 active, 9 deadended>[0m[0m
[1;32;40mINFO - 2023-05-29 07:18:51,652 - [32mSemaExplorerCDFS[0m - [32mpause stash len :4[0m[0m
[1;32;40mINFO - 2023-05-29 07:18:51,655 - [36mCustomSimProcedure[0m - [36mSyscall found:  __libc_start_main[151294960, 1, 2147418032, 151500560, 151500672][0m[0m
[1;33;40mWARNING - 2023-05-29 07:18:51,705 - [33mangr.state_plugins.posix[0m - [33mTried to look up a symbolic fd - constrained to 4 and opened b'/tmp/angr_implicit_1'[0m[0m
[1;32;40mINFO - 2023-05-29 07:18:51,758 - [36mCustomSimProcedure[0m - [36mSyscall found:  fgets[<BV32 0x7ffefe78>, <BV32 0x80>, <BV32 unconstrained_ret_popen_5114521_32{UNINITIALIZED}>][0m[0m
[1;33;40mWARNING - 2023-05-29 07:18:51,917 - [32mangr.storage.memory_mixins.default_filler_mixin[0m - [32mFilling memory at 0xfffffff8 with 4 unconstrained bytes referenced from 0xa70001c (fgets+0x0 in extern-address space (0x1c))[0m[0m
[1;33;40mWARNING - 2023-05-29 07:18:51,961 - [33mangr.state_plugins.posix[0m - [33mTried to look up a symbolic fd - constrained to 4 and opened b'/tmp/angr_implicit_1'[0m[0m
[1;32;40mINFO - 2023-05-29 07:18:52,024 - [36mCustomSimProcedure[0m - [36mSyscall found:  fgets[<BV32 0x7ffefe78>, <BV32 0x80>, <BV32 unconstrained_ret_popen_5114521_32{UNINITIALIZED}>][0m[0m
[1;32;40mINFO - 2023-05-29 07:18:52,082 - [36mCustomSimProcedure[0m - [36mSyscall found:  strlen[<BV32 0x907c071>][0m[0m
[1;32;40mINFO - 2023-05-29 07:18:52,085 - [36mCustomSimProcedure[0m - [36mSyscall found:  strlen[<BV32 0x7ffefe60>][0m[0m
[1;32;40mINFO - 2023-05-29 07:18:52,089 - [36mCustomSimProcedure[0m - [36mSyscall found:  strncmp[<BV32 0x907c071>, <BV32 0x7ffefe60>, <BV32 0x6>][0m[0m
[1;32;40mINFO - 2023-05-29 07:18:52,090 - [36mCustomSimProcedure[0m - [36mSyscall found:  strcmp[<BV32 0x907c071>, <BV32 0x7ffefe60>][0m[0m
[1;32;40mINFO - 2023-05-29 07:18:52,113 - [32mSemaExplorerCDFS[0m - [32mA new block of execution have been executed with changes in sim_manager.[0m[0m
[1;32;40mINFO - 2023-05-29 07:18:52,113 - [32mSemaExplorerCDFS[0m - [32mCurrently, simulation manager is :
<SimulationManager with 4 active, 10 deadended>[0m[0m
[1;32;40mINFO - 2023-05-29 07:18:52,113 - [32mSemaExplorerCDFS[0m - [32mpause stash len :3[0m[0m
[1;33;40mWARNING - 2023-05-29 07:18:52,200 - [33mangr.state_plugins.posix[0m - [33mTried to look up a symbolic fd - constrained to 4 and opened b'/tmp/angr_implicit_1'[0m[0m
[1;32;40mINFO - 2023-05-29 07:18:52,255 - [36mCustomSimProcedure[0m - [36mSyscall found:  fgets[<BV32 0x7ffefe78>, <BV32 0x80>, <BV32 unconstrained_ret_popen_5114518_32{UNINITIALIZED}>][0m[0m
[1;32;40mINFO - 2023-05-29 07:18:52,331 - [36mCustomSimProcedure[0m - [36mSyscall found:  strlen[<BV32 0x907c071>][0m[0m
[1;32;40mINFO - 2023-05-29 07:18:52,332 - [36mCustomSimProcedure[0m - [36mSyscall found:  memcpy[<BV32 0x7ffefe60>, <BV32 0x907c071>, <BV32 0x6>][0m[0m
[1;32;40mINFO - 2023-05-29 07:18:52,333 - [36mCustomSimProcedure[0m - [36mSyscall found:  strncpy[<BV32 0x7ffefe60>, <BV32 0x907c071>, <BV32 0x6>][0m[0m
[1;32;40mINFO - 2023-05-29 07:18:52,338 - [36mCustomSimProcedure[0m - [36mSyscall found:  strlen[<BV32 0x907c071>][0m[0m
[1;32;40mINFO - 2023-05-29 07:18:52,340 - [36mCustomSimProcedure[0m - [36mSyscall found:  memcpy[<BV32 0x7ffefe60>, <BV32 0x907c071>, <BV32 0x6>][0m[0m
[1;32;40mINFO - 2023-05-29 07:18:52,340 - [36mCustomSimProcedure[0m - [36mSyscall found:  strncpy[<BV32 0x7ffefe60>, <BV32 0x907c071>, <BV32 0x6>][0m[0m
[1;33;40mWARNING - 2023-05-29 07:18:52,482 - [32mangr.storage.memory_mixins.default_filler_mixin[0m - [32mFilling memory at 0x40038 with 4 unconstrained bytes referenced from 0xa70001c (fgets+0x0 in extern-address space (0x1c))[0m[0m
[1;33;40mWARNING - 2023-05-29 07:18:52,525 - [33mangr.state_plugins.posix[0m - [33mTried to look up a symbolic fd - constrained to 4 and opened b'/tmp/angr_implicit_1'[0m[0m
[1;32;40mINFO - 2023-05-29 07:18:52,581 - [36mCustomSimProcedure[0m - [36mSyscall found:  fgets[<BV32 0x7ffefe78>, <BV32 0x80>, <BV32 unconstrained_ret_popen_5114518_32{UNINITIALIZED}>][0m[0m
[1;32;40mINFO - 2023-05-29 07:18:52,623 - [36mCustomSimProcedure[0m - [36mSyscall found:  pclose[<BV32 unconstrained_ret_popen_5114520_32{UNINITIALIZED}>][0m[0m
[1;32;40mINFO - 2023-05-29 07:18:52,793 - [36mCustomSimProcedure[0m - [36mSyscall found:  strlen[<BV32 0x907c071>][0m[0m
[1;32;40mINFO - 2023-05-29 07:18:52,794 - [36mCustomSimProcedure[0m - [36mSyscall found:  memcpy[<BV32 0x7ffefe60>, <BV32 0x907c071>, <BV32 0x6>][0m[0m
[1;32;40mINFO - 2023-05-29 07:18:52,794 - [36mCustomSimProcedure[0m - [36mSyscall found:  strncpy[<BV32 0x7ffefe60>, <BV32 0x907c071>, <BV32 0x6>][0m[0m
[1;32;40mINFO - 2023-05-29 07:18:52,813 - [32mSemaExplorerCDFS[0m - [32mA new block of execution have been executed with changes in sim_manager.[0m[0m
[1;32;40mINFO - 2023-05-29 07:18:52,814 - [32mSemaExplorerCDFS[0m - [32mCurrently, simulation manager is :
<SimulationManager with 6 active, 10 deadended>[0m[0m
[1;32;40mINFO - 2023-05-29 07:18:52,814 - [32mSemaExplorerCDFS[0m - [32mpause stash len :2[0m[0m
[1;32;40mINFO - 2023-05-29 07:18:52,814 - [32mSemaExplorerCDFS[0m - [32mfork_stack : 1[0m[0m
[1;32;40mINFO - 2023-05-29 07:18:52,833 - [36mCustomSimProcedure[0m - [36mSyscall found:  strlen[<BV32 0x907c071>][0m[0m
[1;32;40mINFO - 2023-05-29 07:18:52,836 - [36mCustomSimProcedure[0m - [36mSyscall found:  strlen[<BV32 0x7ffefe60>][0m[0m
[1;32;40mINFO - 2023-05-29 07:18:52,839 - [36mCustomSimProcedure[0m - [36mSyscall found:  strncmp[<BV32 0x907c071>, <BV32 0x7ffefe60>, <BV32 0x6>][0m[0m
[1;32;40mINFO - 2023-05-29 07:18:52,839 - [36mCustomSimProcedure[0m - [36mSyscall found:  strcmp[<BV32 0x907c071>, <BV32 0x7ffefe60>][0m[0m
[1;32;40mINFO - 2023-05-29 07:18:52,846 - [36mCustomSimProcedure[0m - [36mSyscall found:  strlen[<BV32 0x907c071>][0m[0m
[1;32;40mINFO - 2023-05-29 07:18:52,849 - [36mCustomSimProcedure[0m - [36mSyscall found:  strlen[<BV32 0x7ffefe60>][0m[0m
[1;32;40mINFO - 2023-05-29 07:18:52,851 - [36mCustomSimProcedure[0m - [36mSyscall found:  strncmp[<BV32 0x907c071>, <BV32 0x7ffefe60>, <BV32 0x6>][0m[0m
[1;32;40mINFO - 2023-05-29 07:18:52,851 - [36mCustomSimProcedure[0m - [36mSyscall found:  strcmp[<BV32 0x907c071>, <BV32 0x7ffefe60>][0m[0m
[1;32;40mINFO - 2023-05-29 07:18:52,889 - [36mCustomSimProcedure[0m - [36mSyscall found:  strlen[<BV32 0x907c07e>][0m[0m
[1;32;40mINFO - 2023-05-29 07:18:52,893 - [36mCustomSimProcedure[0m - [36mSyscall found:  printf[<BV32 0x907c07e>][0m[0m
[1;32;40mINFO - 2023-05-29 07:18:52,949 - [36mCustomSimProcedure[0m - [36mSyscall found:  strlen[<BV32 0x907c071>][0m[0m
[1;32;40mINFO - 2023-05-29 07:18:52,952 - [36mCustomSimProcedure[0m - [36mSyscall found:  strlen[<BV32 0x7ffefe60>][0m[0m
[1;32;40mINFO - 2023-05-29 07:18:52,954 - [36mCustomSimProcedure[0m - [36mSyscall found:  strncmp[<BV32 0x907c071>, <BV32 0x7ffefe60>, <BV32 0x6>][0m[0m
[1;32;40mINFO - 2023-05-29 07:18:52,955 - [36mCustomSimProcedure[0m - [36mSyscall found:  strcmp[<BV32 0x907c071>, <BV32 0x7ffefe60>][0m[0m
[1;32;40mINFO - 2023-05-29 07:18:53,000 - [36mCustomSimProcedure[0m - [36mSyscall found:  pclose[<BV32 unconstrained_ret_popen_5114521_32{UNINITIALIZED}>][0m[0m
[1;32;40mINFO - 2023-05-29 07:18:53,122 - [36mCustomSimProcedure[0m - [36mSyscall found:  pclose[<BV32 unconstrained_ret_popen_5114521_32{UNINITIALIZED}>][0m[0m
[1;32;40mINFO - 2023-05-29 07:18:53,296 - [32mSemaExplorerCDFS[0m - [32mA new block of execution have been executed with changes in sim_manager.[0m[0m
[1;32;40mINFO - 2023-05-29 07:18:53,296 - [32mSemaExplorerCDFS[0m - [32mCurrently, simulation manager is :
<SimulationManager with 7 active, 10 deadended>[0m[0m
[1;32;40mINFO - 2023-05-29 07:18:53,296 - [32mSemaExplorerCDFS[0m - [32mpause stash len :3[0m[0m
[1;32;40mINFO - 2023-05-29 07:18:53,296 - [32mSemaExplorerCDFS[0m - [32mfork_stack : 2[0m[0m
[1;32;40mINFO - 2023-05-29 07:18:53,299 - [36mCustomSimProcedure[0m - [36mSyscall found:  __libc_start_main[151294960, 1, 2147418032, 151500560, 151500672][0m[0m
[1;32;40mINFO - 2023-05-29 07:18:53,353 - [36mCustomSimProcedure[0m - [36mSyscall found:  strlen[<BV32 0x907c07e>][0m[0m
[1;32;40mINFO - 2023-05-29 07:18:53,357 - [36mCustomSimProcedure[0m - [36mSyscall found:  printf[<BV32 0x907c07e>][0m[0m
[1;32;40mINFO - 2023-05-29 07:18:53,368 - [32mSemaExplorerCDFS[0m - [32mA new block of execution have been executed with changes in sim_manager.[0m[0m
[1;32;40mINFO - 2023-05-29 07:18:53,368 - [32mSemaExplorerCDFS[0m - [32mCurrently, simulation manager is :
<SimulationManager with 4 active, 11 deadended>[0m[0m
[1;32;40mINFO - 2023-05-29 07:18:53,368 - [32mSemaExplorerCDFS[0m - [32mpause stash len :5[0m[0m
[1;32;40mINFO - 2023-05-29 07:18:53,372 - [36mCustomSimProcedure[0m - [36mSyscall found:  __libc_start_main[151294960, 1, 2147418032, 151500560, 151500672][0m[0m
[1;32;40mINFO - 2023-05-29 07:18:53,434 - [36mCustomSimProcedure[0m - [36mSyscall found:  strlen[<BV32 0x907c07e>][0m[0m
[1;32;40mINFO - 2023-05-29 07:18:53,437 - [36mCustomSimProcedure[0m - [36mSyscall found:  printf[<BV32 0x907c07e>][0m[0m
[1;32;40mINFO - 2023-05-29 07:18:53,439 - [32mSemaExplorerCDFS[0m - [32mA new block of execution have been executed with changes in sim_manager.[0m[0m
[1;32;40mINFO - 2023-05-29 07:18:53,440 - [32mSemaExplorerCDFS[0m - [32mCurrently, simulation manager is :
<SimulationManager with 4 active, 12 deadended>[0m[0m
[1;32;40mINFO - 2023-05-29 07:18:53,440 - [32mSemaExplorerCDFS[0m - [32mpause stash len :4[0m[0m
[1;32;40mINFO - 2023-05-29 07:18:53,472 - [36mCustomSimProcedure[0m - [36mSyscall found:  pclose[<BV32 unconstrained_ret_popen_5114518_32{UNINITIALIZED}>][0m[0m
[1;32;40mINFO - 2023-05-29 07:18:53,628 - [32mSemaExplorerCDFS[0m - [32mA new block of execution have been executed with changes in sim_manager.[0m[0m
[1;32;40mINFO - 2023-05-29 07:18:53,629 - [32mSemaExplorerCDFS[0m - [32mCurrently, simulation manager is :
<SimulationManager with 6 active, 12 deadended>[0m[0m
[1;32;40mINFO - 2023-05-29 07:18:53,629 - [32mSemaExplorerCDFS[0m - [32mpause stash len :3[0m[0m
[1;32;40mINFO - 2023-05-29 07:18:53,629 - [32mSemaExplorerCDFS[0m - [32mfork_stack : 1[0m[0m
[1;32;40mINFO - 2023-05-29 07:18:53,631 - [36mCustomSimProcedure[0m - [36mSyscall found:  __libc_start_main[151294960, 1, 2147418032, 151500560, 151500672][0m[0m
[1;32;40mINFO - 2023-05-29 07:18:53,643 - [36mCustomSimProcedure[0m - [36mSyscall found:  __libc_start_main[151294960, 1, 2147418032, 151500560, 151500672][0m[0m
[1;32;40mINFO - 2023-05-29 07:18:53,681 - [32mSemaExplorerCDFS[0m - [32mA new block of execution have been executed with changes in sim_manager.[0m[0m
[1;32;40mINFO - 2023-05-29 07:18:53,682 - [32mSemaExplorerCDFS[0m - [32mCurrently, simulation manager is :
<SimulationManager with 3 active, 14 deadended>[0m[0m
[1;32;40mINFO - 2023-05-29 07:18:53,682 - [32mSemaExplorerCDFS[0m - [32mpause stash len :4[0m[0m
[1;32;40mINFO - 2023-05-29 07:18:53,684 - [36mCustomSimProcedure[0m - [36mSyscall found:  __libc_start_main[151294960, 1, 2147418032, 151500560, 151500672][0m[0m
[1;32;40mINFO - 2023-05-29 07:18:53,738 - [36mCustomSimProcedure[0m - [36mSyscall found:  strlen[<BV32 0x907c07e>][0m[0m
[1;32;40mINFO - 2023-05-29 07:18:53,742 - [36mCustomSimProcedure[0m - [36mSyscall found:  printf[<BV32 0x907c07e>][0m[0m
[1;32;40mINFO - 2023-05-29 07:18:53,750 - [36mCustomSimProcedure[0m - [36mSyscall found:  strlen[<BV32 0x907c071>][0m[0m
[1;32;40mINFO - 2023-05-29 07:18:53,753 - [36mCustomSimProcedure[0m - [36mSyscall found:  memcpy[<BV32 0x7ffefe60>, <BV32 0x907c071>, <BV32 0x6>][0m[0m
[1;32;40mINFO - 2023-05-29 07:18:53,753 - [36mCustomSimProcedure[0m - [36mSyscall found:  strncpy[<BV32 0x7ffefe60>, <BV32 0x907c071>, <BV32 0x6>][0m[0m
[1;32;40mINFO - 2023-05-29 07:18:53,756 - [32mSemaExplorerCDFS[0m - [32mA new block of execution have been executed with changes in sim_manager.[0m[0m
[1;32;40mINFO - 2023-05-29 07:18:53,756 - [32mSemaExplorerCDFS[0m - [32mCurrently, simulation manager is :
<SimulationManager with 4 active, 15 deadended>[0m[0m
[1;32;40mINFO - 2023-05-29 07:18:53,757 - [32mSemaExplorerCDFS[0m - [32mpause stash len :2[0m[0m
[1;32;40mINFO - 2023-05-29 07:18:53,760 - [36mCustomSimProcedure[0m - [36mSyscall found:  __libc_start_main[151294960, 1, 2147418032, 151500560, 151500672][0m[0m
[1;32;40mINFO - 2023-05-29 07:18:53,822 - [32mSemaExplorerCDFS[0m - [32mA new block of execution have been executed with changes in sim_manager.[0m[0m
[1;32;40mINFO - 2023-05-29 07:18:53,822 - [32mSemaExplorerCDFS[0m - [32mCurrently, simulation manager is :
<SimulationManager with 4 active, 16 deadended>[0m[0m
[1;32;40mINFO - 2023-05-29 07:18:53,822 - [32mSemaExplorerCDFS[0m - [32mpause stash len :1[0m[0m
[1;32;40mINFO - 2023-05-29 07:18:53,827 - [36mCustomSimProcedure[0m - [36mSyscall found:  __libc_start_main[151294960, 1, 2147418032, 151500560, 151500672][0m[0m
[1;32;40mINFO - 2023-05-29 07:18:53,841 - [36mCustomSimProcedure[0m - [36mSyscall found:  strlen[<BV32 0x907c071>][0m[0m
[1;32;40mINFO - 2023-05-29 07:18:53,844 - [36mCustomSimProcedure[0m - [36mSyscall found:  strlen[<BV32 0x7ffefe60>][0m[0m
[1;32;40mINFO - 2023-05-29 07:18:53,847 - [36mCustomSimProcedure[0m - [36mSyscall found:  strncmp[<BV32 0x907c071>, <BV32 0x7ffefe60>, <BV32 0x6>][0m[0m
[1;32;40mINFO - 2023-05-29 07:18:53,847 - [36mCustomSimProcedure[0m - [36mSyscall found:  strcmp[<BV32 0x907c071>, <BV32 0x7ffefe60>][0m[0m
[1;32;40mINFO - 2023-05-29 07:18:53,851 - [36mCustomSimProcedure[0m - [36mSyscall found:  popen[<BV32 0x907c04b>, <BV32 0x907c06f>][0m[0m
[1;32;40mINFO - 2023-05-29 07:18:53,880 - [36mCustomSimProcedure[0m - [36mSyscall found:  pclose[<BV32 unconstrained_ret_popen_5114503_32{UNINITIALIZED}>][0m[0m
[1;32;40mINFO - 2023-05-29 07:18:54,049 - [32mSemaExplorerCDFS[0m - [32mA new block of execution have been executed with changes in sim_manager.[0m[0m
[1;32;40mINFO - 2023-05-29 07:18:54,049 - [32mSemaExplorerCDFS[0m - [32mCurrently, simulation manager is :
<SimulationManager with 6 active, 17 deadended>[0m[0m
[1;32;40mINFO - 2023-05-29 07:18:54,049 - [32mSemaExplorerCDFS[0m - [32mpause stash len :0[0m[0m
[1;32;40mINFO - 2023-05-29 07:18:54,049 - [32mSemaExplorerCDFS[0m - [32mfork_stack : 2[0m[0m
[1;32;40mINFO - 2023-05-29 07:18:54,097 - [36mCustomSimProcedure[0m - [36mSyscall found:  strlen[<BV32 0x907c078>][0m[0m
[1;32;40mINFO - 2023-05-29 07:18:54,098 - [36mCustomSimProcedure[0m - [36mSyscall found:  printf[<BV32 0x907c078>][0m[0m
[1;32;40mINFO - 2023-05-29 07:18:54,112 - [36mCustomSimProcedure[0m - [36mSyscall found:  __libc_start_main[151294960, 1, 2147418032, 151500560, 151500672][0m[0m
[1;32;40mINFO - 2023-05-29 07:18:54,115 - [36mCustomSimProcedure[0m - [36mSyscall found:  pclose[<BV32 unconstrained_ret_popen_5114518_32{UNINITIALIZED}>][0m[0m
[1;33;40mWARNING - 2023-05-29 07:18:54,364 - [32mangr.storage.memory_mixins.default_filler_mixin[0m - [32mFilling memory at 0x3 with 2 unconstrained bytes referenced from 0xa70001c (fgets+0x0 in extern-address space (0x1c))[0m[0m
[1;32;40mINFO - 2023-05-29 07:18:54,404 - [32mSemaExplorerCDFS[0m - [32mEnd of the trace number 4 with errors[0m[0m
[1;32;40mINFO - 2023-05-29 07:18:54,405 - [32mSemaExplorerCDFS[0m - <SimState @ 0xa70001c>[0m
[1;32;40mINFO - 2023-05-29 07:18:54,406 - [32mSemaExplorerCDFS[0m - Tried to do operation on symbolic but partially constrained file descriptor[0m
[1;32;40mINFO - 2023-05-29 07:18:54,439 - [32mSemaExplorerCDFS[0m - [32mA new block of execution have been executed with changes in sim_manager.[0m[0m
[1;32;40mINFO - 2023-05-29 07:18:54,439 - [32mSemaExplorerCDFS[0m - [32mCurrently, simulation manager is :
<SimulationManager with 5 active, 18 deadended (1 errored)>[0m[0m
[1;32;40mINFO - 2023-05-29 07:18:54,439 - [32mSemaExplorerCDFS[0m - [32mpause stash len :0[0m[0m
[1;32;40mINFO - 2023-05-29 07:18:54,439 - [32mSemaExplorerCDFS[0m - [32mfork_stack : 1[0m[0m
[1;33;40mWARNING - 2023-05-29 07:18:54,499 - [33mangr.state_plugins.posix[0m - [33mTried to look up a symbolic fd - constrained to 4 and opened b'/tmp/angr_implicit_1'[0m[0m
[1;32;40mINFO - 2023-05-29 07:18:54,582 - [36mCustomSimProcedure[0m - [36mSyscall found:  fgets[<BV32 0x7ffefe78>, <BV32 0x80>, <BV32 unconstrained_ret_popen_5114554_32{UNINITIALIZED}>][0m[0m
[1;32;40mINFO - 2023-05-29 07:18:54,642 - [36mCustomSimProcedure[0m - [36mSyscall found:  popen[<BV32 0x907c04b>, <BV32 0x907c06f>][0m[0m
[1;32;40mINFO - 2023-05-29 07:18:54,696 - [36mCustomSimProcedure[0m - [36mSyscall found:  strlen[<BV32 0x907c07e>][0m[0m
[1;32;40mINFO - 2023-05-29 07:18:54,702 - [36mCustomSimProcedure[0m - [36mSyscall found:  printf[<BV32 0x907c07e>][0m[0m
[1;32;40mINFO - 2023-05-29 07:18:54,739 - [36mCustomSimProcedure[0m - [36mSyscall found:  strlen[<BV32 0x907c07e>][0m[0m
[1;32;40mINFO - 2023-05-29 07:18:54,745 - [36mCustomSimProcedure[0m - [36mSyscall found:  printf[<BV32 0x907c07e>][0m[0m
[1;32;40mINFO - 2023-05-29 07:18:54,797 - [32mSemaExplorerCDFS[0m - [32mA new block of execution have been executed with changes in sim_manager.[0m[0m
[1;32;40mINFO - 2023-05-29 07:18:54,797 - [32mSemaExplorerCDFS[0m - [32mCurrently, simulation manager is :
<SimulationManager with 6 active, 18 deadended (1 errored)>[0m[0m
[1;32;40mINFO - 2023-05-29 07:18:54,798 - [32mSemaExplorerCDFS[0m - [32mpause stash len :0[0m[0m
[1;32;40mINFO - 2023-05-29 07:18:54,798 - [32mSemaExplorerCDFS[0m - [32mfork_stack : 1[0m[0m
[1;32;40mINFO - 2023-05-29 07:18:54,893 - [36mCustomSimProcedure[0m - [36mSyscall found:  strlen[<BV32 0x907c078>][0m[0m
[1;32;40mINFO - 2023-05-29 07:18:54,894 - [36mCustomSimProcedure[0m - [36mSyscall found:  printf[<BV32 0x907c078>][0m[0m
[1;32;40mINFO - 2023-05-29 07:18:54,930 - [36mCustomSimProcedure[0m - [36mSyscall found:  strlen[<BV32 0x907c071>][0m[0m
[1;32;40mINFO - 2023-05-29 07:18:54,932 - [36mCustomSimProcedure[0m - [36mSyscall found:  memcpy[<BV32 0x7ffefe60>, <BV32 0x907c071>, <BV32 0x6>][0m[0m
[1;32;40mINFO - 2023-05-29 07:18:54,932 - [36mCustomSimProcedure[0m - [36mSyscall found:  strncpy[<BV32 0x7ffefe60>, <BV32 0x907c071>, <BV32 0x6>][0m[0m
[1;33;40mWARNING - 2023-05-29 07:18:55,130 - [32mangr.storage.memory_mixins.default_filler_mixin[0m - [32mFilling memory at 0xfffffffc with 3 unconstrained bytes referenced from 0xa70001c (fgets+0x0 in extern-address space (0x1c))[0m[0m
[1;32;40mINFO - 2023-05-29 07:18:55,169 - [32mSemaExplorerCDFS[0m - [32mEnd of the trace number 21 with errors[0m[0m
[1;32;40mINFO - 2023-05-29 07:18:55,170 - [32mSemaExplorerCDFS[0m - <SimState @ 0xa70001c>[0m
[1;32;40mINFO - 2023-05-29 07:18:55,171 - [32mSemaExplorerCDFS[0m - Tried to do operation on symbolic but partially constrained file descriptor[0m
[1;32;40mINFO - 2023-05-29 07:18:55,221 - [36mCustomSimProcedure[0m - [36mSyscall found:  __libc_start_main[151294960, 1, 2147418032, 151500560, 151500672][0m[0m
[1;32;40mINFO - 2023-05-29 07:18:55,375 - [36mCustomSimProcedure[0m - [36mSyscall found:  fgets[<BV32 0x7ffefe78>, <BV32 0x80>, <BV32 unconstrained_ret_popen_5114559_32{UNINITIALIZED}>][0m[0m
[1;32;40mINFO - 2023-05-29 07:18:55,472 - [36mCustomSimProcedure[0m - [36mSyscall found:  strlen[<BV32 0x907c071>][0m[0m
[1;32;40mINFO - 2023-05-29 07:18:55,476 - [36mCustomSimProcedure[0m - [36mSyscall found:  strlen[<BV32 0x7ffefe60>][0m[0m
[1;32;40mINFO - 2023-05-29 07:18:55,480 - [36mCustomSimProcedure[0m - [36mSyscall found:  strncmp[<BV32 0x907c071>, <BV32 0x7ffefe60>, <BV32 0x6>][0m[0m
[1;32;40mINFO - 2023-05-29 07:18:55,481 - [36mCustomSimProcedure[0m - [36mSyscall found:  strcmp[<BV32 0x907c071>, <BV32 0x7ffefe60>][0m[0m
[1;32;40mINFO - 2023-05-29 07:18:55,497 - [32mSemaExplorerCDFS[0m - [32mA new block of execution have been executed with changes in sim_manager.[0m[0m
[1;32;40mINFO - 2023-05-29 07:18:55,497 - [32mSemaExplorerCDFS[0m - [32mCurrently, simulation manager is :
<SimulationManager with 4 active, 19 deadended (2 errored)>[0m[0m
[1;32;40mINFO - 2023-05-29 07:18:55,497 - [32mSemaExplorerCDFS[0m - [32mpause stash len :0[0m[0m
[1;32;40mINFO - 2023-05-29 07:18:55,501 - [36mCustomSimProcedure[0m - [36mSyscall found:  __libc_start_main[151294960, 1, 2147418032, 151500560, 151500672][0m[0m
[1;32;40mINFO - 2023-05-29 07:18:55,530 - [36mCustomSimProcedure[0m - [36mSyscall found:  popen[<BV32 0x907c04b>, <BV32 0x907c06f>][0m[0m
[1;32;40mINFO - 2023-05-29 07:18:55,588 - [32mSemaExplorerCDFS[0m - [32mA new block of execution have been executed with changes in sim_manager.[0m[0m
[1;32;40mINFO - 2023-05-29 07:18:55,588 - [32mSemaExplorerCDFS[0m - [32mCurrently, simulation manager is :
<SimulationManager with 4 active, 20 deadended (2 errored)>[0m[0m
[1;32;40mINFO - 2023-05-29 07:18:55,588 - [32mSemaExplorerCDFS[0m - [32mpause stash len :0[0m[0m
[1;32;40mINFO - 2023-05-29 07:18:55,588 - [32mSemaExplorerCDFS[0m - [32mfork_stack : 1[0m[0m
[1;32;40mINFO - 2023-05-29 07:18:55,596 - [36mCustomSimProcedure[0m - [36mSyscall found:  strlen[<BV32 0x907c071>][0m[0m
[1;32;40mINFO - 2023-05-29 07:18:55,599 - [36mCustomSimProcedure[0m - [36mSyscall found:  memcpy[<BV32 0x7ffefe60>, <BV32 0x907c071>, <BV32 0x6>][0m[0m
[1;32;40mINFO - 2023-05-29 07:18:55,599 - [36mCustomSimProcedure[0m - [36mSyscall found:  strncpy[<BV32 0x7ffefe60>, <BV32 0x907c071>, <BV32 0x6>][0m[0m
[1;32;40mINFO - 2023-05-29 07:18:55,623 - [36mCustomSimProcedure[0m - [36mSyscall found:  pclose[<BV32 unconstrained_ret_popen_5114554_32{UNINITIALIZED}>][0m[0m
[1;32;40mINFO - 2023-05-29 07:18:55,753 - [36mCustomSimProcedure[0m - [36mSyscall found:  strlen[<BV32 0x907c078>][0m[0m
[1;32;40mINFO - 2023-05-29 07:18:55,754 - [36mCustomSimProcedure[0m - [36mSyscall found:  printf[<BV32 0x907c078>][0m[0m
[1;33;40mWARNING - 2023-05-29 07:18:55,904 - [32mangr.storage.memory_mixins.default_filler_mixin[0m - [32mFilling memory at 0xfffffe18 with 4 unconstrained bytes referenced from 0xa70001c (fgets+0x0 in extern-address space (0x1c))[0m[0m
[1;33;40mWARNING - 2023-05-29 07:18:55,945 - [33mangr.state_plugins.posix[0m - [33mTried to look up a symbolic fd - constrained to 4 and opened b'/tmp/angr_implicit_1'[0m[0m
[1;32;40mINFO - 2023-05-29 07:18:55,996 - [36mCustomSimProcedure[0m - [36mSyscall found:  fgets[<BV32 0x7ffefe78>, <BV32 0x80>, <BV32 unconstrained_ret_popen_5114563_32{UNINITIALIZED}>][0m[0m
[1;32;40mINFO - 2023-05-29 07:18:56,036 - [32mSemaExplorerCDFS[0m - [32mA new block of execution have been executed with changes in sim_manager.[0m[0m
[1;32;40mINFO - 2023-05-29 07:18:56,036 - [32mSemaExplorerCDFS[0m - [32mCurrently, simulation manager is :
<SimulationManager with 5 active, 20 deadended (2 errored)>[0m[0m
[1;32;40mINFO - 2023-05-29 07:18:56,036 - [32mSemaExplorerCDFS[0m - [32mpause stash len :0[0m[0m
[1;32;40mINFO - 2023-05-29 07:18:56,036 - [32mSemaExplorerCDFS[0m - [32mfork_stack : 1[0m[0m
[1;32;40mINFO - 2023-05-29 07:18:56,054 - [36mCustomSimProcedure[0m - [36mSyscall found:  strlen[<BV32 0x907c071>][0m[0m
[1;32;40mINFO - 2023-05-29 07:18:56,057 - [36mCustomSimProcedure[0m - [36mSyscall found:  strlen[<BV32 0x7ffefe60>][0m[0m
[1;32;40mINFO - 2023-05-29 07:18:56,059 - [36mCustomSimProcedure[0m - [36mSyscall found:  strncmp[<BV32 0x907c071>, <BV32 0x7ffefe60>, <BV32 0x6>][0m[0m
[1;32;40mINFO - 2023-05-29 07:18:56,059 - [36mCustomSimProcedure[0m - [36mSyscall found:  strcmp[<BV32 0x907c071>, <BV32 0x7ffefe60>][0m[0m
[1;32;40mINFO - 2023-05-29 07:18:56,094 - [36mCustomSimProcedure[0m - [36mSyscall found:  strlen[<BV32 0x907c07e>][0m[0m
[1;32;40mINFO - 2023-05-29 07:18:56,098 - [36mCustomSimProcedure[0m - [36mSyscall found:  printf[<BV32 0x907c07e>][0m[0m
[1;32;40mINFO - 2023-05-29 07:18:56,176 - [36mCustomSimProcedure[0m - [36mSyscall found:  fgets[<BV32 0x7ffefe78>, <BV32 0x80>, <BV32 unconstrained_ret_popen_5114563_32{UNINITIALIZED}>][0m[0m
[1;32;40mINFO - 2023-05-29 07:18:56,282 - [36mCustomSimProcedure[0m - [36mSyscall found:  strlen[<BV32 0x907c071>][0m[0m
[1;32;40mINFO - 2023-05-29 07:18:56,285 - [36mCustomSimProcedure[0m - [36mSyscall found:  memcpy[<BV32 0x7ffefe60>, <BV32 0x907c071>, <BV32 0x6>][0m[0m
[1;32;40mINFO - 2023-05-29 07:18:56,285 - [36mCustomSimProcedure[0m - [36mSyscall found:  strncpy[<BV32 0x7ffefe60>, <BV32 0x907c071>, <BV32 0x6>][0m[0m
[1;32;40mINFO - 2023-05-29 07:18:56,305 - [36mCustomSimProcedure[0m - [36mSyscall found:  pclose[<BV32 unconstrained_ret_popen_5114559_32{UNINITIALIZED}>][0m[0m
[1;32;40mINFO - 2023-05-29 07:18:56,469 - [36mCustomSimProcedure[0m - [36mSyscall found:  strlen[<BV32 0x907c071>][0m[0m
[1;32;40mINFO - 2023-05-29 07:18:56,471 - [36mCustomSimProcedure[0m - [36mSyscall found:  memcpy[<BV32 0x7ffefe60>, <BV32 0x907c071>, <BV32 0x6>][0m[0m
[1;32;40mINFO - 2023-05-29 07:18:56,471 - [36mCustomSimProcedure[0m - [36mSyscall found:  strncpy[<BV32 0x7ffefe60>, <BV32 0x907c071>, <BV32 0x6>][0m[0m
[1;32;40mINFO - 2023-05-29 07:18:56,476 - [32mSemaExplorerCDFS[0m - [32mA new block of execution have been executed with changes in sim_manager.[0m[0m
[1;32;40mINFO - 2023-05-29 07:18:56,476 - [32mSemaExplorerCDFS[0m - [32mCurrently, simulation manager is :
<SimulationManager with 6 active, 20 deadended (2 errored)>[0m[0m
[1;32;40mINFO - 2023-05-29 07:18:56,476 - [32mSemaExplorerCDFS[0m - [32mpause stash len :0[0m[0m
[1;32;40mINFO - 2023-05-29 07:18:56,476 - [32mSemaExplorerCDFS[0m - [32mfork_stack : 1[0m[0m
[1;32;40mINFO - 2023-05-29 07:18:56,479 - [36mCustomSimProcedure[0m - [36mSyscall found:  __libc_start_main[151294960, 1, 2147418032, 151500560, 151500672][0m[0m
[1;32;40mINFO - 2023-05-29 07:18:56,538 - [36mCustomSimProcedure[0m - [36mSyscall found:  strlen[<BV32 0x907c07e>][0m[0m
[1;32;40mINFO - 2023-05-29 07:18:56,542 - [36mCustomSimProcedure[0m - [36mSyscall found:  printf[<BV32 0x907c07e>][0m[0m
[1;32;40mINFO - 2023-05-29 07:18:56,547 - [32mSemaExplorerCDFS[0m - [32mA new block of execution have been executed with changes in sim_manager.[0m[0m
[1;32;40mINFO - 2023-05-29 07:18:56,547 - [32mSemaExplorerCDFS[0m - [32mCurrently, simulation manager is :
<SimulationManager with 4 active, 21 deadended (2 errored)>[0m[0m
[1;32;40mINFO - 2023-05-29 07:18:56,547 - [32mSemaExplorerCDFS[0m - [32mpause stash len :1[0m[0m
[1;32;40mINFO - 2023-05-29 07:18:56,551 - [36mCustomSimProcedure[0m - [36mSyscall found:  __libc_start_main[151294960, 1, 2147418032, 151500560, 151500672][0m[0m
[1;32;40mINFO - 2023-05-29 07:18:56,572 - [36mCustomSimProcedure[0m - [36mSyscall found:  strlen[<BV32 0x907c071>][0m[0m
[1;32;40mINFO - 2023-05-29 07:18:56,574 - [36mCustomSimProcedure[0m - [36mSyscall found:  strlen[<BV32 0x7ffefe60>][0m[0m
[1;32;40mINFO - 2023-05-29 07:18:56,577 - [36mCustomSimProcedure[0m - [36mSyscall found:  strncmp[<BV32 0x907c071>, <BV32 0x7ffefe60>, <BV32 0x6>][0m[0m
[1;32;40mINFO - 2023-05-29 07:18:56,578 - [36mCustomSimProcedure[0m - [36mSyscall found:  strcmp[<BV32 0x907c071>, <BV32 0x7ffefe60>][0m[0m
[1;32;40mINFO - 2023-05-29 07:18:56,588 - [36mCustomSimProcedure[0m - [36mSyscall found:  strlen[<BV32 0x907c071>][0m[0m
[1;32;40mINFO - 2023-05-29 07:18:56,593 - [36mCustomSimProcedure[0m - [36mSyscall found:  strlen[<BV32 0x7ffefe60>][0m[0m
[1;32;40mINFO - 2023-05-29 07:18:56,598 - [36mCustomSimProcedure[0m - [36mSyscall found:  strncmp[<BV32 0x907c071>, <BV32 0x7ffefe60>, <BV32 0x6>][0m[0m
[1;32;40mINFO - 2023-05-29 07:18:56,599 - [36mCustomSimProcedure[0m - [36mSyscall found:  strcmp[<BV32 0x907c071>, <BV32 0x7ffefe60>][0m[0m
[1;32;40mINFO - 2023-05-29 07:18:56,645 - [32mSemaExplorerCDFS[0m - [32mA new block of execution have been executed with changes in sim_manager.[0m[0m
[1;32;40mINFO - 2023-05-29 07:18:56,645 - [32mSemaExplorerCDFS[0m - [32mCurrently, simulation manager is :
<SimulationManager with 4 active, 22 deadended (2 errored)>[0m[0m
[1;32;40mINFO - 2023-05-29 07:18:56,646 - [32mSemaExplorerCDFS[0m - [32mpause stash len :0[0m[0m
[1;32;40mINFO - 2023-05-29 07:18:56,695 - [36mCustomSimProcedure[0m - [36mSyscall found:  __libc_start_main[151294960, 1, 2147418032, 151500560, 151500672][0m[0m
[1;32;40mINFO - 2023-05-29 07:18:56,706 - [36mCustomSimProcedure[0m - [36mSyscall found:  pclose[<BV32 unconstrained_ret_popen_5114563_32{UNINITIALIZED}>][0m[0m
[1;32;40mINFO - 2023-05-29 07:18:56,797 - [36mCustomSimProcedure[0m - [36mSyscall found:  pclose[<BV32 unconstrained_ret_popen_5114563_32{UNINITIALIZED}>][0m[0m
[1;32;40mINFO - 2023-05-29 07:18:56,949 - [32mSemaExplorerCDFS[0m - [32mA new block of execution have been executed with changes in sim_manager.[0m[0m
[1;32;40mINFO - 2023-05-29 07:18:56,950 - [32mSemaExplorerCDFS[0m - [32mCurrently, simulation manager is :
<SimulationManager with 5 active, 23 deadended (2 errored)>[0m[0m
[1;32;40mINFO - 2023-05-29 07:18:56,950 - [32mSemaExplorerCDFS[0m - [32mpause stash len :0[0m[0m
[1;32;40mINFO - 2023-05-29 07:18:56,950 - [32mSemaExplorerCDFS[0m - [32mfork_stack : 2[0m[0m
[1;32;40mINFO - 2023-05-29 07:18:56,952 - [36mCustomSimProcedure[0m - [36mSyscall found:  __libc_start_main[151294960, 1, 2147418032, 151500560, 151500672][0m[0m
[1;32;40mINFO - 2023-05-29 07:18:57,000 - [36mCustomSimProcedure[0m - [36mSyscall found:  strlen[<BV32 0x907c07e>][0m[0m
[1;32;40mINFO - 2023-05-29 07:18:57,004 - [36mCustomSimProcedure[0m - [36mSyscall found:  printf[<BV32 0x907c07e>][0m[0m
[1;32;40mINFO - 2023-05-29 07:18:57,030 - [36mCustomSimProcedure[0m - [36mSyscall found:  strlen[<BV32 0x907c07e>][0m[0m
[1;32;40mINFO - 2023-05-29 07:18:57,035 - [36mCustomSimProcedure[0m - [36mSyscall found:  printf[<BV32 0x907c07e>][0m[0m
[1;32;40mINFO - 2023-05-29 07:18:57,039 - [32mSemaExplorerCDFS[0m - [32mA new block of execution have been executed with changes in sim_manager.[0m[0m
[1;32;40mINFO - 2023-05-29 07:18:57,039 - [32mSemaExplorerCDFS[0m - [32mCurrently, simulation manager is :
<SimulationManager with 4 active, 24 deadended (2 errored)>[0m[0m
[1;32;40mINFO - 2023-05-29 07:18:57,039 - [32mSemaExplorerCDFS[0m - [32mpause stash len :0[0m[0m
[1;32;40mINFO - 2023-05-29 07:18:57,136 - [36mCustomSimProcedure[0m - [36mSyscall found:  __libc_start_main[151294960, 1, 2147418032, 151500560, 151500672][0m[0m
[1;32;40mINFO - 2023-05-29 07:18:57,149 - [36mCustomSimProcedure[0m - [36mSyscall found:  __libc_start_main[151294960, 1, 2147418032, 151500560, 151500672][0m[0m
[1;32;40mINFO - 2023-05-29 07:18:57,180 - [32mSemaExplorerCDFS[0m - [32mA new block of execution have been executed with changes in sim_manager.[0m[0m
[1;32;40mINFO - 2023-05-29 07:18:57,181 - [32mSemaExplorerCDFS[0m - [32mCurrently, simulation manager is :
<SimulationManager with 2 active, 26 deadended (2 errored)>[0m[0m
[1;32;40mINFO - 2023-05-29 07:18:57,181 - [32mSemaExplorerCDFS[0m - [32mpause stash len :0[0m[0m
[1;32;40mINFO - 2023-05-29 07:18:57,183 - [36mCustomSimProcedure[0m - [36mSyscall found:  __libc_start_main[151294960, 1, 2147418032, 151500560, 151500672][0m[0m
[1;32;40mINFO - 2023-05-29 07:18:57,185 - [36mCustomSimProcedure[0m - [36mSyscall found:  __libc_start_main[151294960, 1, 2147418032, 151500560, 151500672][0m[0m
[1;32;40mINFO - 2023-05-29 07:18:57,191 - [32mSemaExplorerCDFS[0m - [32mA new block of execution have been executed with changes in sim_manager.[0m[0m
[1;32;40mINFO - 2023-05-29 07:18:57,191 - [32mSemaExplorerCDFS[0m - [32mCurrently, simulation manager is :
<SimulationManager with 28 deadended (2 errored)>[0m[0m
[1;32;40mINFO - 2023-05-29 07:18:57,191 - [32mSemaExplorerCDFS[0m - [32mpause stash len :0[0m[0m
[1;32;40mINFO - 2023-05-29 07:18:57,192 - [32mSemaExplorerCDFS[0m - [32mlen(simgr.active) <= 0 or deadended >= self.max_end_state)[0m[0m
[1;32;40mINFO - 2023-05-29 07:18:57,212 - [37mGraphBuilder[0m - [37mOutput dir :src/output/runs/132//extreme_mutations[0m[0m
