[1;33;40mWARNING - 2023-05-29 07:01:14,892 - [34mangr.project[0m - [34mDisabling IRSB translation cache because support for self-modifying code is enabled.[0m[0m
[1;33;40mWARNING - 2023-05-29 07:01:15,074 - [32mangr.storage.memory_mixins.default_filler_mixin[0m - [32mFilling memory at 0xc000800c with 4 unconstrained bytes referenced from 0x904b700 (_start+0x0 in mutations11_exec (0x904b700))[0m[0m
[1;33;40mWARNING - 2023-05-29 07:01:18,478 - [32mangr.storage.memory_mixins.default_filler_mixin[0m - [32mFilling memory at 0xc0010014 with 4 unconstrained bytes referenced from 0x904b700 (_start+0x0 in mutations11_exec (0x904b700))[0m[0m
[1;33;40mWARNING - 2023-05-29 07:01:21,350 - [32mangr.storage.memory_mixins.default_filler_mixin[0m - [32mFilling memory at 0xc001801c with 4 unconstrained bytes referenced from 0x904b700 (_start+0x0 in mutations11_exec (0x904b700))[0m[0m
[1;33;40mWARNING - 2023-05-29 07:01:24,495 - [32mangr.storage.memory_mixins.default_filler_mixin[0m - [32mFilling memory at 0xc0020024 with 4 unconstrained bytes referenced from 0x904b700 (_start+0x0 in mutations11_exec (0x904b700))[0m[0m
[1;33;40mWARNING - 2023-05-29 07:01:27,481 - [32mangr.storage.memory_mixins.default_filler_mixin[0m - [32mFilling memory at 0x30 with 4 unconstrained bytes referenced from 0x904b700 (_start+0x0 in mutations11_exec (0x904b700))[0m[0m
[1;32;40mINFO - 2023-05-29 07:01:27,585 - [36mCustomSimProcedure[0m - [36mcustom_hook_static[0m[0m
[1;33;40mWARNING - 2023-05-29 07:01:27,585 - [34mangr.project[0m - [34mAddress is already hooked, during hook(0x0, <SimProcedure free>). Not re-hooking.[0m[0m
[1;33;40mWARNING - 2023-05-29 07:01:27,586 - [34mangr.project[0m - [34mAddress is already hooked, during hook(0x0, <SimProcedure fgets>). Not re-hooking.[0m[0m
[1;33;40mWARNING - 2023-05-29 07:01:27,586 - [34mangr.project[0m - [34mAddress is already hooked, during hook(0x0, <SimProcedure fclose>). Not re-hooking.[0m[0m
[1;33;40mWARNING - 2023-05-29 07:01:27,586 - [34mangr.project[0m - [34mAddress is already hooked, during hook(0x0, <SimProcedure time>). Not re-hooking.[0m[0m
[1;33;40mWARNING - 2023-05-29 07:01:27,586 - [34mangr.project[0m - [34mAddress is already hooked, during hook(0x0, <SimProcedure fwrite>). Not re-hooking.[0m[0m
[1;33;40mWARNING - 2023-05-29 07:01:27,587 - [34mangr.project[0m - [34mAddress is already hooked, during hook(0x0, <SimProcedure strcat>). Not re-hooking.[0m[0m
[1;33;40mWARNING - 2023-05-29 07:01:27,587 - [34mangr.project[0m - [34mAddress is already hooked, during hook(0x0, <SimProcedure getenv>). Not re-hooking.[0m[0m
[1;33;40mWARNING - 2023-05-29 07:01:27,587 - [34mangr.project[0m - [34mAddress is already hooked, during hook(0x0, <SimProcedure malloc>). Not re-hooking.[0m[0m
[1;33;40mWARNING - 2023-05-29 07:01:27,587 - [34mangr.project[0m - [34mAddress is already hooked, during hook(0x0, <SimProcedure puts>). Not re-hooking.[0m[0m
[1;33;40mWARNING - 2023-05-29 07:01:27,587 - [34mangr.project[0m - [34mAddress is already hooked, during hook(0x0, <SimProcedure srand>). Not re-hooking.[0m[0m
[1;33;40mWARNING - 2023-05-29 07:01:27,587 - [34mangr.project[0m - [34mAddress is already hooked, during hook(0x0, <SimProcedure strlen>). Not re-hooking.[0m[0m
[1;33;40mWARNING - 2023-05-29 07:01:27,588 - [34mangr.project[0m - [34mAddress is already hooked, during hook(0x0, <SimProcedure __libc_start_main>). Not re-hooking.[0m[0m
[1;33;40mWARNING - 2023-05-29 07:01:27,588 - [34mangr.project[0m - [34mAddress is already hooked, during hook(0x0, <SimProcedure fopen>). Not re-hooking.[0m[0m
[1;33;40mWARNING - 2023-05-29 07:01:27,588 - [34mangr.project[0m - [34mAddress is already hooked, during hook(0x0, <SimProcedure putchar>). Not re-hooking.[0m[0m
[1;33;40mWARNING - 2023-05-29 07:01:27,588 - [34mangr.project[0m - [34mAddress is already hooked, during hook(0x0, <SimProcedure __errno_location>). Not re-hooking.[0m[0m
[1;33;40mWARNING - 2023-05-29 07:01:27,588 - [34mangr.project[0m - [34mAddress is already hooked, during hook(0x0, <SimProcedure strncpy>). Not re-hooking.[0m[0m
[1;33;40mWARNING - 2023-05-29 07:01:27,588 - [34mangr.project[0m - [34mAddress is already hooked, during hook(0x0, <SimProcedure rand>). Not re-hooking.[0m[0m
[1;33;40mWARNING - 2023-05-29 07:01:27,588 - [34mangr.project[0m - [34mAddress is already hooked, during hook(0x0, <SimProcedure socket>). Not re-hooking.[0m[0m
[1;33;40mWARNING - 2023-05-29 07:01:27,589 - [34mangr.project[0m - [34mAddress is already hooked, during hook(0x0, <SimProcedure close>). Not re-hooking.[0m[0m
[1;33;40mWARNING - 2023-05-29 07:01:27,589 - [34mangr.project[0m - [34mAddress is already hooked, during hook(0x0, <SimProcedure __ctype_b_loc>). Not re-hooking.[0m[0m
[1;33;40mWARNING - 2023-05-29 07:01:27,589 - [34mangr.project[0m - [34mAddress is already hooked, during hook(0x0, <SimProcedure calloc>). Not re-hooking.[0m[0m
[1;33;40mWARNING - 2023-05-29 07:01:27,589 - [34mangr.project[0m - [34mAddress is already hooked, during hook(0x0, <SimProcedure strcmp>). Not re-hooking.[0m[0m
[1;33;40mWARNING - 2023-05-29 07:01:27,589 - [34mangr.project[0m - [34mAddress is already hooked, during hook(0x0, <SimProcedure free>). Not re-hooking.[0m[0m
[1;33;40mWARNING - 2023-05-29 07:01:27,590 - [34mangr.project[0m - [34mAddress is already hooked, during hook(0x0, <SimProcedure fgets>). Not re-hooking.[0m[0m
[1;33;40mWARNING - 2023-05-29 07:01:27,590 - [34mangr.project[0m - [34mAddress is already hooked, during hook(0x0, <SimProcedure fclose>). Not re-hooking.[0m[0m
[1;33;40mWARNING - 2023-05-29 07:01:27,590 - [34mangr.project[0m - [34mAddress is already hooked, during hook(0x0, <SimProcedure time>). Not re-hooking.[0m[0m
[1;33;40mWARNING - 2023-05-29 07:01:27,590 - [34mangr.project[0m - [34mAddress is already hooked, during hook(0x0, <SimProcedure fwrite>). Not re-hooking.[0m[0m
[1;33;40mWARNING - 2023-05-29 07:01:27,591 - [34mangr.project[0m - [34mAddress is already hooked, during hook(0x0, <SimProcedure strcat>). Not re-hooking.[0m[0m
[1;33;40mWARNING - 2023-05-29 07:01:27,591 - [34mangr.project[0m - [34mAddress is already hooked, during hook(0x0, <SimProcedure getenv>). Not re-hooking.[0m[0m
[1;33;40mWARNING - 2023-05-29 07:01:27,591 - [34mangr.project[0m - [34mAddress is already hooked, during hook(0x0, <SimProcedure malloc>). Not re-hooking.[0m[0m
[1;33;40mWARNING - 2023-05-29 07:01:27,591 - [34mangr.project[0m - [34mAddress is already hooked, during hook(0x0, <SimProcedure puts>). Not re-hooking.[0m[0m
[1;33;40mWARNING - 2023-05-29 07:01:27,591 - [34mangr.project[0m - [34mAddress is already hooked, during hook(0x0, <SimProcedure srand>). Not re-hooking.[0m[0m
[1;33;40mWARNING - 2023-05-29 07:01:27,592 - [34mangr.project[0m - [34mAddress is already hooked, during hook(0x0, <SimProcedure strlen>). Not re-hooking.[0m[0m
[1;33;40mWARNING - 2023-05-29 07:01:27,592 - [34mangr.project[0m - [34mAddress is already hooked, during hook(0x0, <SimProcedure __libc_start_main>). Not re-hooking.[0m[0m
[1;33;40mWARNING - 2023-05-29 07:01:27,592 - [34mangr.project[0m - [34mAddress is already hooked, during hook(0x0, <SimProcedure fopen>). Not re-hooking.[0m[0m
[1;33;40mWARNING - 2023-05-29 07:01:27,592 - [34mangr.project[0m - [34mAddress is already hooked, during hook(0x0, <SimProcedure putchar>). Not re-hooking.[0m[0m
[1;33;40mWARNING - 2023-05-29 07:01:27,592 - [34mangr.project[0m - [34mAddress is already hooked, during hook(0x0, <SimProcedure __errno_location>). Not re-hooking.[0m[0m
[1;33;40mWARNING - 2023-05-29 07:01:27,593 - [34mangr.project[0m - [34mAddress is already hooked, during hook(0x0, <SimProcedure strncpy>). Not re-hooking.[0m[0m
[1;33;40mWARNING - 2023-05-29 07:01:27,593 - [34mangr.project[0m - [34mAddress is already hooked, during hook(0x0, <SimProcedure rand>). Not re-hooking.[0m[0m
[1;33;40mWARNING - 2023-05-29 07:01:27,593 - [34mangr.project[0m - [34mAddress is already hooked, during hook(0x0, <SimProcedure socket>). Not re-hooking.[0m[0m
[1;33;40mWARNING - 2023-05-29 07:01:27,593 - [34mangr.project[0m - [34mAddress is already hooked, during hook(0x0, <SimProcedure close>). Not re-hooking.[0m[0m
[1;33;40mWARNING - 2023-05-29 07:01:27,594 - [34mangr.project[0m - [34mAddress is already hooked, during hook(0x0, <SimProcedure __ctype_b_loc>). Not re-hooking.[0m[0m
[1;33;40mWARNING - 2023-05-29 07:01:27,594 - [34mangr.project[0m - [34mAddress is already hooked, during hook(0x0, <SimProcedure calloc>). Not re-hooking.[0m[0m
[1;33;40mWARNING - 2023-05-29 07:01:27,595 - [34mangr.project[0m - [34mAddress is already hooked, during hook(0x9049050, <SimProcedure printf>). Not re-hooking.[0m[0m
[1;33;40mWARNING - 2023-05-29 07:01:27,595 - [34mangr.project[0m - [34mAddress is already hooked, during hook(0xa100000, <SimProcedure strcmp>). Not re-hooking.[0m[0m
[1;33;40mWARNING - 2023-05-29 07:01:27,595 - [34mangr.project[0m - [34mAddress is already hooked, during hook(0xa100004, <SimProcedure printf>). Not re-hooking.[0m[0m
[1;33;40mWARNING - 2023-05-29 07:01:27,596 - [34mangr.project[0m - [34mAddress is already hooked, during hook(0xa100008, <SimProcedure free>). Not re-hooking.[0m[0m
[1;33;40mWARNING - 2023-05-29 07:01:27,596 - [34mangr.project[0m - [34mAddress is already hooked, during hook(0xa10000c, <SimProcedure fgets>). Not re-hooking.[0m[0m
[1;33;40mWARNING - 2023-05-29 07:01:27,596 - [34mangr.project[0m - [34mAddress is already hooked, during hook(0xa100010, <SimProcedure fclose>). Not re-hooking.[0m[0m
[1;33;40mWARNING - 2023-05-29 07:01:27,596 - [34mangr.project[0m - [34mAddress is already hooked, during hook(0xa100014, <SimProcedure time>). Not re-hooking.[0m[0m
[1;33;40mWARNING - 2023-05-29 07:01:27,596 - [34mangr.project[0m - [34mAddress is already hooked, during hook(0xa100020, <SimProcedure fwrite>). Not re-hooking.[0m[0m
[1;33;40mWARNING - 2023-05-29 07:01:27,597 - [34mangr.project[0m - [34mAddress is already hooked, during hook(0xa100024, <SimProcedure strcat>). Not re-hooking.[0m[0m
[1;33;40mWARNING - 2023-05-29 07:01:27,597 - [34mangr.project[0m - [34mAddress is already hooked, during hook(0xa100028, <SimProcedure getenv>). Not re-hooking.[0m[0m
[1;33;40mWARNING - 2023-05-29 07:01:27,597 - [34mangr.project[0m - [34mAddress is already hooked, during hook(0xa10002c, <SimProcedure malloc>). Not re-hooking.[0m[0m
[1;33;40mWARNING - 2023-05-29 07:01:27,597 - [34mangr.project[0m - [34mAddress is already hooked, during hook(0xa100030, <SimProcedure puts>). Not re-hooking.[0m[0m
[1;33;40mWARNING - 2023-05-29 07:01:27,598 - [34mangr.project[0m - [34mAddress is already hooked, during hook(0xa100038, <SimProcedure srand>). Not re-hooking.[0m[0m
[1;33;40mWARNING - 2023-05-29 07:01:27,598 - [34mangr.project[0m - [34mAddress is already hooked, during hook(0xa10003c, <SimProcedure strlen>). Not re-hooking.[0m[0m
[1;33;40mWARNING - 2023-05-29 07:01:27,598 - [34mangr.project[0m - [34mAddress is already hooked, during hook(0xa100040, <SimProcedure __libc_start_main>). Not re-hooking.[0m[0m
[1;33;40mWARNING - 2023-05-29 07:01:27,598 - [34mangr.project[0m - [34mAddress is already hooked, during hook(0xa100044, <SimProcedure fopen>). Not re-hooking.[0m[0m
[1;33;40mWARNING - 2023-05-29 07:01:27,599 - [34mangr.project[0m - [34mAddress is already hooked, during hook(0xa100048, <SimProcedure putchar>). Not re-hooking.[0m[0m
[1;33;40mWARNING - 2023-05-29 07:01:27,599 - [34mangr.project[0m - [34mAddress is already hooked, during hook(0xa10004c, <SimProcedure __errno_location>). Not re-hooking.[0m[0m
[1;33;40mWARNING - 2023-05-29 07:01:27,599 - [34mangr.project[0m - [34mAddress is already hooked, during hook(0xa100050, <SimProcedure strncpy>). Not re-hooking.[0m[0m
[1;33;40mWARNING - 2023-05-29 07:01:27,599 - [34mangr.project[0m - [34mAddress is already hooked, during hook(0xa100054, <SimProcedure rand>). Not re-hooking.[0m[0m
[1;33;40mWARNING - 2023-05-29 07:01:27,599 - [34mangr.project[0m - [34mAddress is already hooked, during hook(0xa100058, <SimProcedure socket>). Not re-hooking.[0m[0m
[1;33;40mWARNING - 2023-05-29 07:01:27,600 - [34mangr.project[0m - [34mAddress is already hooked, during hook(0xa100060, <SimProcedure close>). Not re-hooking.[0m[0m
[1;33;40mWARNING - 2023-05-29 07:01:27,600 - [34mangr.project[0m - [34mAddress is already hooked, during hook(0xa100064, <SimProcedure __ctype_b_loc>). Not re-hooking.[0m[0m
[1;33;40mWARNING - 2023-05-29 07:01:27,600 - [34mangr.project[0m - [34mAddress is already hooked, during hook(0xa100068, <SimProcedure calloc>). Not re-hooking.[0m[0m
[1;32;40mINFO - 2023-05-29 07:01:27,600 - [36mCustomSimProcedure[0m - [36mcustom_hook_no_symbols[0m[0m
[1;33;40mWARNING - 2023-05-29 07:01:27,729 - [32mangr.storage.memory_mixins.default_filler_mixin[0m - [32mFilling memory at 0xc002032c with 4 unconstrained bytes referenced from 0xa100040 (__libc_start_main+0x0 in extern-address space (0x40))[0m[0m
[1;32;40mINFO - 2023-05-29 07:01:27,778 - [36mCustomSimProcedure[0m - [36mSyscall found:  malloc[<BV32 0x300>][0m[0m
[1;33;40mWARNING - 2023-05-29 07:01:27,809 - [32mangr.storage.memory_mixins.default_filler_mixin[0m - [32mFilling memory at 0xc002033c with 4 unconstrained bytes referenced from 0xa100040 (__libc_start_main+0x0 in extern-address space (0x40))[0m[0m
[1;32;40mINFO - 2023-05-29 07:01:27,859 - [36mCustomSimProcedure[0m - [36mSyscall found:  malloc[<BV32 0x4>][0m[0m
[1;33;40mWARNING - 2023-05-29 07:01:27,909 - [32mangr.storage.memory_mixins.default_filler_mixin[0m - [32mFilling memory at 0xc0020944 with 4 unconstrained bytes referenced from 0xa100040 (__libc_start_main+0x0 in extern-address space (0x40))[0m[0m
[1;32;40mINFO - 2023-05-29 07:01:27,958 - [36mCustomSimProcedure[0m - [36mSyscall found:  malloc[<BV32 0x600>][0m[0m
[1;33;40mWARNING - 2023-05-29 07:01:27,989 - [32mangr.storage.memory_mixins.default_filler_mixin[0m - [32mFilling memory at 0xc0020954 with 4 unconstrained bytes referenced from 0xa100040 (__libc_start_main+0x0 in extern-address space (0x40))[0m[0m
[1;32;40mINFO - 2023-05-29 07:01:28,041 - [36mCustomSimProcedure[0m - [36mSyscall found:  malloc[<BV32 0x4>][0m[0m
[1;33;40mWARNING - 2023-05-29 07:01:28,091 - [32mangr.storage.memory_mixins.default_filler_mixin[0m - [32mFilling memory at 0xc0020f5c with 4 unconstrained bytes referenced from 0xa100040 (__libc_start_main+0x0 in extern-address space (0x40))[0m[0m
[1;32;40mINFO - 2023-05-29 07:01:28,142 - [36mCustomSimProcedure[0m - [36mSyscall found:  malloc[<BV32 0x600>][0m[0m
[1;33;40mWARNING - 2023-05-29 07:01:28,174 - [32mangr.storage.memory_mixins.default_filler_mixin[0m - [32mFilling memory at 0xc0020f6c with 4 unconstrained bytes referenced from 0xa100040 (__libc_start_main+0x0 in extern-address space (0x40))[0m[0m
[1;32;40mINFO - 2023-05-29 07:01:28,226 - [36mCustomSimProcedure[0m - [36mSyscall found:  malloc[<BV32 0x4>][0m[0m
[1;33;40mWARNING - 2023-05-29 07:01:28,276 - [32mangr.storage.memory_mixins.default_filler_mixin[0m - [32mFilling memory at 0xc0020f7c with 4 unconstrained bytes referenced from 0xa100040 (__libc_start_main+0x0 in extern-address space (0x40))[0m[0m
[1;32;40mINFO - 2023-05-29 07:01:28,328 - [36mCustomSimProcedure[0m - [36mSyscall found:  malloc[<BV32 0x4>][0m[0m
[1;32;40mINFO - 2023-05-29 07:01:28,336 - [36mCustomSimProcedure[0m - [36mSyscall found:  __libc_start_main[<BV32 0x90491f0>, <BV32 0x1>, <BV32 0x7ffeffb0>, <BV32 0x904b820>, <BV32 0x904b890>][0m[0m
[1;33;40mWARNING - 2023-05-29 07:01:28,353 - [32mangr.storage.memory_mixins.default_filler_mixin[0m - [32mFilling register edi with 4 unconstrained bytes referenced from 0x904b830 (__libc_csu_init+0x10 in mutations11_exec (0x904b830))[0m[0m
[1;32;40mINFO - 2023-05-29 07:01:28,453 - [36mCustomSimProcedure[0m - [36mSyscall found:  __libc_start_main[151294448, 1, 2147418032, 151304224, 151304336][0m[0m
[1;32;40mINFO - 2023-05-29 07:01:28,492 - [36mCustomSimProcedure[0m - [36mSyscall found:  time[<BV32 0x0>][0m[0m
[1;32;40mINFO - 2023-05-29 07:01:28,492 - [36mCustomSimProcedure[0m - [36mSyscall found:  time[<BV32 0x0>][0m[0m
[1;32;40mINFO - 2023-05-29 07:01:28,506 - [36mCustomSimProcedure[0m - [36mSyscall found:  srand[<BV32 0x64744dc8>][0m[0m
[1;32;40mINFO - 2023-05-29 07:01:28,519 - [36mCustomSimProcedure[0m - [36mSyscall found:  rand[][0m[0m
[1;32;40mINFO - 2023-05-29 07:01:28,532 - [36mCustomSimProcedure[0m - [36mSyscall found:  rand[][0m[0m
[1;32;40mINFO - 2023-05-29 07:01:28,554 - [36mCustomSimProcedure[0m - [36mSyscall found:  rand[][0m[0m
[1;32;40mINFO - 2023-05-29 07:01:28,567 - [36mCustomSimProcedure[0m - [36mSyscall found:  rand[][0m[0m
[1;32;40mINFO - 2023-05-29 07:01:28,584 - [36mCustomSimProcedure[0m - [36mSyscall found:  rand[][0m[0m
[1;32;40mINFO - 2023-05-29 07:01:28,601 - [36mCustomSimProcedure[0m - [36mSyscall found:  rand[][0m[0m
[1;32;40mINFO - 2023-05-29 07:01:28,618 - [36mCustomSimProcedure[0m - [36mSyscall found:  rand[][0m[0m
[1;32;40mINFO - 2023-05-29 07:01:28,645 - [36mCustomSimProcedure[0m - [36mSyscall found:  strlen[<BV32 0x7ffeff35>][0m[0m
[1;33;40mWARNING - 2023-05-29 07:01:28,647 - [32mangr.storage.memory_mixins.default_filler_mixin[0m - [32mFilling memory at 0x1900000000 with 2 unconstrained bytes referenced from 0xa100028 (getenv+0x0 in extern-address space (0x28))[0m[0m
[1;33;40mWARNING - 2023-05-29 07:01:28,648 - [32mangr.storage.memory_mixins.default_filler_mixin[0m - [32mFilling memory at 0x1900000002 with 1 unconstrained bytes referenced from 0xa100028 (getenv+0x0 in extern-address space (0x28))[0m[0m
[1;33;40mWARNING - 2023-05-29 07:01:28,649 - [32mangr.storage.memory_mixins.default_filler_mixin[0m - [32mFilling memory at 0x1900000003 with 1 unconstrained bytes referenced from 0xa100028 (getenv+0x0 in extern-address space (0x28))[0m[0m
[1;33;40mWARNING - 2023-05-29 07:01:28,650 - [32mangr.storage.memory_mixins.default_filler_mixin[0m - [32mFilling memory at 0x1900000004 with 1 unconstrained bytes referenced from 0xa100028 (getenv+0x0 in extern-address space (0x28))[0m[0m
[1;33;40mWARNING - 2023-05-29 07:01:28,652 - [32mangr.storage.memory_mixins.default_filler_mixin[0m - [32mFilling memory at 0x1900000005 with 1 unconstrained bytes referenced from 0xa100028 (getenv+0x0 in extern-address space (0x28))[0m[0m
[1;33;40mWARNING - 2023-05-29 07:01:28,653 - [32mangr.storage.memory_mixins.default_filler_mixin[0m - [32mFilling memory at 0x1900000006 with 1 unconstrained bytes referenced from 0xa100028 (getenv+0x0 in extern-address space (0x28))[0m[0m
[1;33;40mWARNING - 2023-05-29 07:01:28,655 - [32mangr.storage.memory_mixins.default_filler_mixin[0m - [32mFilling memory at 0x1900000007 with 1 unconstrained bytes referenced from 0xa100028 (getenv+0x0 in extern-address space (0x28))[0m[0m
[1;33;40mWARNING - 2023-05-29 07:01:28,657 - [32mangr.storage.memory_mixins.default_filler_mixin[0m - [32mFilling memory at 0x1900000008 with 1 unconstrained bytes referenced from 0xa100028 (getenv+0x0 in extern-address space (0x28))[0m[0m
[1;33;40mWARNING - 2023-05-29 07:01:28,658 - [32mangr.storage.memory_mixins.default_filler_mixin[0m - [32mFilling memory at 0x1900000009 with 1 unconstrained bytes referenced from 0xa100028 (getenv+0x0 in extern-address space (0x28))[0m[0m
[1;33;40mWARNING - 2023-05-29 07:01:28,660 - [32mangr.storage.memory_mixins.default_filler_mixin[0m - [32mFilling memory at 0x190000000a with 1 unconstrained bytes referenced from 0xa100028 (getenv+0x0 in extern-address space (0x28))[0m[0m
[1;33;40mWARNING - 2023-05-29 07:01:28,660 - [32mangr.storage.memory_mixins.default_filler_mixin[0m - [32mFilling memory at 0x190000000b with 1 unconstrained bytes referenced from 0xa100028 (getenv+0x0 in extern-address space (0x28))[0m[0m
[1;33;40mWARNING - 2023-05-29 07:01:28,662 - [32mangr.storage.memory_mixins.default_filler_mixin[0m - [32mFilling memory at 0x190000000c with 1 unconstrained bytes referenced from 0xa100028 (getenv+0x0 in extern-address space (0x28))[0m[0m
[1;33;40mWARNING - 2023-05-29 07:01:28,663 - [32mangr.storage.memory_mixins.default_filler_mixin[0m - [32mFilling memory at 0x190000000d with 1 unconstrained bytes referenced from 0xa100028 (getenv+0x0 in extern-address space (0x28))[0m[0m
[1;33;40mWARNING - 2023-05-29 07:01:28,664 - [32mangr.storage.memory_mixins.default_filler_mixin[0m - [32mFilling memory at 0x190000000e with 1 unconstrained bytes referenced from 0xa100028 (getenv+0x0 in extern-address space (0x28))[0m[0m
[1;33;40mWARNING - 2023-05-29 07:01:28,666 - [32mangr.storage.memory_mixins.default_filler_mixin[0m - [32mFilling memory at 0x190000000f with 1 unconstrained bytes referenced from 0xa100028 (getenv+0x0 in extern-address space (0x28))[0m[0m
[1;33;40mWARNING - 2023-05-29 07:01:28,667 - [32mangr.storage.memory_mixins.default_filler_mixin[0m - [32mFilling memory at 0x1900000010 with 1 unconstrained bytes referenced from 0xa100028 (getenv+0x0 in extern-address space (0x28))[0m[0m
[1;33;40mWARNING - 2023-05-29 07:01:28,668 - [32mangr.storage.memory_mixins.default_filler_mixin[0m - [32mFilling memory at 0x1900000011 with 1 unconstrained bytes referenced from 0xa100028 (getenv+0x0 in extern-address space (0x28))[0m[0m
[1;33;40mWARNING - 2023-05-29 07:01:28,671 - [32mangr.storage.memory_mixins.default_filler_mixin[0m - [32mFilling memory at 0x1900000012 with 1 unconstrained bytes referenced from 0xa100028 (getenv+0x0 in extern-address space (0x28))[0m[0m
[1;33;40mWARNING - 2023-05-29 07:01:28,672 - [32mangr.storage.memory_mixins.default_filler_mixin[0m - [32mFilling memory at 0x1900000013 with 1 unconstrained bytes referenced from 0xa100028 (getenv+0x0 in extern-address space (0x28))[0m[0m
[1;33;40mWARNING - 2023-05-29 07:01:28,674 - [32mangr.storage.memory_mixins.default_filler_mixin[0m - [32mFilling memory at 0x1900000014 with 1 unconstrained bytes referenced from 0xa100028 (getenv+0x0 in extern-address space (0x28))[0m[0m
[1;33;40mWARNING - 2023-05-29 07:01:28,675 - [32mangr.storage.memory_mixins.default_filler_mixin[0m - [32mFilling memory at 0x1900000015 with 1 unconstrained bytes referenced from 0xa100028 (getenv+0x0 in extern-address space (0x28))[0m[0m
[1;33;40mWARNING - 2023-05-29 07:01:28,676 - [32mangr.storage.memory_mixins.default_filler_mixin[0m - [32mFilling memory at 0x1900000016 with 1 unconstrained bytes referenced from 0xa100028 (getenv+0x0 in extern-address space (0x28))[0m[0m
[1;33;40mWARNING - 2023-05-29 07:01:28,677 - [32mangr.storage.memory_mixins.default_filler_mixin[0m - [32mFilling memory at 0x1900000017 with 1 unconstrained bytes referenced from 0xa100028 (getenv+0x0 in extern-address space (0x28))[0m[0m
[1;33;40mWARNING - 2023-05-29 07:01:28,678 - [32mangr.storage.memory_mixins.default_filler_mixin[0m - [32mFilling memory at 0x1900000018 with 1 unconstrained bytes referenced from 0xa100028 (getenv+0x0 in extern-address space (0x28))[0m[0m
[1;33;40mWARNING - 2023-05-29 07:01:28,680 - [32mangr.storage.memory_mixins.default_filler_mixin[0m - [32mFilling memory at 0x1900000019 with 1 unconstrained bytes referenced from 0xa100028 (getenv+0x0 in extern-address space (0x28))[0m[0m
[1;33;40mWARNING - 2023-05-29 07:01:28,681 - [32mangr.storage.memory_mixins.default_filler_mixin[0m - [32mFilling memory at 0x190000001a with 1 unconstrained bytes referenced from 0xa100028 (getenv+0x0 in extern-address space (0x28))[0m[0m
[1;33;40mWARNING - 2023-05-29 07:01:28,683 - [32mangr.storage.memory_mixins.default_filler_mixin[0m - [32mFilling memory at 0x190000001b with 1 unconstrained bytes referenced from 0xa100028 (getenv+0x0 in extern-address space (0x28))[0m[0m
[1;33;40mWARNING - 2023-05-29 07:01:28,685 - [32mangr.storage.memory_mixins.default_filler_mixin[0m - [32mFilling memory at 0x190000001c with 1 unconstrained bytes referenced from 0xa100028 (getenv+0x0 in extern-address space (0x28))[0m[0m
[1;33;40mWARNING - 2023-05-29 07:01:28,687 - [32mangr.storage.memory_mixins.default_filler_mixin[0m - [32mFilling memory at 0x190000001d with 1 unconstrained bytes referenced from 0xa100028 (getenv+0x0 in extern-address space (0x28))[0m[0m
[1;33;40mWARNING - 2023-05-29 07:01:28,688 - [32mangr.storage.memory_mixins.default_filler_mixin[0m - [32mFilling memory at 0x190000001e with 1 unconstrained bytes referenced from 0xa100028 (getenv+0x0 in extern-address space (0x28))[0m[0m
[1;33;40mWARNING - 2023-05-29 07:01:28,690 - [32mangr.storage.memory_mixins.default_filler_mixin[0m - [32mFilling memory at 0x190000001f with 1 unconstrained bytes referenced from 0xa100028 (getenv+0x0 in extern-address space (0x28))[0m[0m
[1;33;40mWARNING - 2023-05-29 07:01:28,692 - [32mangr.storage.memory_mixins.default_filler_mixin[0m - [32mFilling memory at 0x1900000020 with 1 unconstrained bytes referenced from 0xa100028 (getenv+0x0 in extern-address space (0x28))[0m[0m
[1;33;40mWARNING - 2023-05-29 07:01:28,694 - [32mangr.storage.memory_mixins.default_filler_mixin[0m - [32mFilling memory at 0x1900000021 with 1 unconstrained bytes referenced from 0xa100028 (getenv+0x0 in extern-address space (0x28))[0m[0m
[1;33;40mWARNING - 2023-05-29 07:01:28,695 - [32mangr.storage.memory_mixins.default_filler_mixin[0m - [32mFilling memory at 0x1900000022 with 1 unconstrained bytes referenced from 0xa100028 (getenv+0x0 in extern-address space (0x28))[0m[0m
[1;33;40mWARNING - 2023-05-29 07:01:28,697 - [32mangr.storage.memory_mixins.default_filler_mixin[0m - [32mFilling memory at 0x1900000023 with 1 unconstrained bytes referenced from 0xa100028 (getenv+0x0 in extern-address space (0x28))[0m[0m
[1;33;40mWARNING - 2023-05-29 07:01:28,699 - [32mangr.storage.memory_mixins.default_filler_mixin[0m - [32mFilling memory at 0x1900000024 with 1 unconstrained bytes referenced from 0xa100028 (getenv+0x0 in extern-address space (0x28))[0m[0m
[1;33;40mWARNING - 2023-05-29 07:01:28,700 - [32mangr.storage.memory_mixins.default_filler_mixin[0m - [32mFilling memory at 0x1900000025 with 1 unconstrained bytes referenced from 0xa100028 (getenv+0x0 in extern-address space (0x28))[0m[0m
[1;33;40mWARNING - 2023-05-29 07:01:28,701 - [32mangr.storage.memory_mixins.default_filler_mixin[0m - [32mFilling memory at 0x1900000026 with 1 unconstrained bytes referenced from 0xa100028 (getenv+0x0 in extern-address space (0x28))[0m[0m
[1;33;40mWARNING - 2023-05-29 07:01:28,703 - [32mangr.storage.memory_mixins.default_filler_mixin[0m - [32mFilling memory at 0x1900000027 with 1 unconstrained bytes referenced from 0xa100028 (getenv+0x0 in extern-address space (0x28))[0m[0m
[1;33;40mWARNING - 2023-05-29 07:01:28,705 - [32mangr.storage.memory_mixins.default_filler_mixin[0m - [32mFilling memory at 0x1900000028 with 1 unconstrained bytes referenced from 0xa100028 (getenv+0x0 in extern-address space (0x28))[0m[0m
[1;33;40mWARNING - 2023-05-29 07:01:28,707 - [32mangr.storage.memory_mixins.default_filler_mixin[0m - [32mFilling memory at 0x1900000029 with 1 unconstrained bytes referenced from 0xa100028 (getenv+0x0 in extern-address space (0x28))[0m[0m
[1;33;40mWARNING - 2023-05-29 07:01:28,708 - [32mangr.storage.memory_mixins.default_filler_mixin[0m - [32mFilling memory at 0x190000002a with 1 unconstrained bytes referenced from 0xa100028 (getenv+0x0 in extern-address space (0x28))[0m[0m
[1;33;40mWARNING - 2023-05-29 07:01:28,710 - [32mangr.storage.memory_mixins.default_filler_mixin[0m - [32mFilling memory at 0x190000002b with 1 unconstrained bytes referenced from 0xa100028 (getenv+0x0 in extern-address space (0x28))[0m[0m
[1;33;40mWARNING - 2023-05-29 07:01:28,712 - [32mangr.storage.memory_mixins.default_filler_mixin[0m - [32mFilling memory at 0x190000002c with 1 unconstrained bytes referenced from 0xa100028 (getenv+0x0 in extern-address space (0x28))[0m[0m
[1;33;40mWARNING - 2023-05-29 07:01:28,713 - [32mangr.storage.memory_mixins.default_filler_mixin[0m - [32mFilling memory at 0x190000002d with 1 unconstrained bytes referenced from 0xa100028 (getenv+0x0 in extern-address space (0x28))[0m[0m
[1;33;40mWARNING - 2023-05-29 07:01:28,715 - [32mangr.storage.memory_mixins.default_filler_mixin[0m - [32mFilling memory at 0x190000002e with 1 unconstrained bytes referenced from 0xa100028 (getenv+0x0 in extern-address space (0x28))[0m[0m
[1;33;40mWARNING - 2023-05-29 07:01:28,715 - [32mangr.storage.memory_mixins.default_filler_mixin[0m - [32mFilling memory at 0x190000002f with 1 unconstrained bytes referenced from 0xa100028 (getenv+0x0 in extern-address space (0x28))[0m[0m
[1;33;40mWARNING - 2023-05-29 07:01:28,716 - [32mangr.storage.memory_mixins.default_filler_mixin[0m - [32mFilling memory at 0x1900000030 with 1 unconstrained bytes referenced from 0xa100028 (getenv+0x0 in extern-address space (0x28))[0m[0m
[1;33;40mWARNING - 2023-05-29 07:01:28,717 - [32mangr.storage.memory_mixins.default_filler_mixin[0m - [32mFilling memory at 0x1900000031 with 1 unconstrained bytes referenced from 0xa100028 (getenv+0x0 in extern-address space (0x28))[0m[0m
[1;33;40mWARNING - 2023-05-29 07:01:28,718 - [32mangr.storage.memory_mixins.default_filler_mixin[0m - [32mFilling memory at 0x1900000032 with 1 unconstrained bytes referenced from 0xa100028 (getenv+0x0 in extern-address space (0x28))[0m[0m
[1;33;40mWARNING - 2023-05-29 07:01:28,719 - [32mangr.storage.memory_mixins.default_filler_mixin[0m - [32mFilling memory at 0x1900000033 with 1 unconstrained bytes referenced from 0xa100028 (getenv+0x0 in extern-address space (0x28))[0m[0m
[1;33;40mWARNING - 2023-05-29 07:01:28,720 - [32mangr.storage.memory_mixins.default_filler_mixin[0m - [32mFilling memory at 0x1900000034 with 1 unconstrained bytes referenced from 0xa100028 (getenv+0x0 in extern-address space (0x28))[0m[0m
[1;33;40mWARNING - 2023-05-29 07:01:28,721 - [32mangr.storage.memory_mixins.default_filler_mixin[0m - [32mFilling memory at 0x1900000035 with 1 unconstrained bytes referenced from 0xa100028 (getenv+0x0 in extern-address space (0x28))[0m[0m
[1;33;40mWARNING - 2023-05-29 07:01:28,721 - [32mangr.storage.memory_mixins.default_filler_mixin[0m - [32mFilling memory at 0x1900000036 with 1 unconstrained bytes referenced from 0xa100028 (getenv+0x0 in extern-address space (0x28))[0m[0m
[1;33;40mWARNING - 2023-05-29 07:01:28,722 - [32mangr.storage.memory_mixins.default_filler_mixin[0m - [32mFilling memory at 0x1900000037 with 1 unconstrained bytes referenced from 0xa100028 (getenv+0x0 in extern-address space (0x28))[0m[0m
[1;33;40mWARNING - 2023-05-29 07:01:28,723 - [32mangr.storage.memory_mixins.default_filler_mixin[0m - [32mFilling memory at 0x1900000038 with 1 unconstrained bytes referenced from 0xa100028 (getenv+0x0 in extern-address space (0x28))[0m[0m
[1;33;40mWARNING - 2023-05-29 07:01:28,724 - [32mangr.storage.memory_mixins.default_filler_mixin[0m - [32mFilling memory at 0x1900000039 with 1 unconstrained bytes referenced from 0xa100028 (getenv+0x0 in extern-address space (0x28))[0m[0m
[1;33;40mWARNING - 2023-05-29 07:01:28,725 - [32mangr.storage.memory_mixins.default_filler_mixin[0m - [32mFilling memory at 0x190000003a with 1 unconstrained bytes referenced from 0xa100028 (getenv+0x0 in extern-address space (0x28))[0m[0m
[1;33;40mWARNING - 2023-05-29 07:01:28,726 - [32mangr.storage.memory_mixins.default_filler_mixin[0m - [32mFilling memory at 0x190000003b with 1 unconstrained bytes referenced from 0xa100028 (getenv+0x0 in extern-address space (0x28))[0m[0m
[1;33;40mWARNING - 2023-05-29 07:01:28,728 - [32mangr.storage.memory_mixins.default_filler_mixin[0m - [32mFilling memory at 0x190000003c with 1 unconstrained bytes referenced from 0xa100028 (getenv+0x0 in extern-address space (0x28))[0m[0m
[1;33;40mWARNING - 2023-05-29 07:01:28,730 - [32mangr.storage.memory_mixins.default_filler_mixin[0m - [32mFilling memory at 0x190000003d with 1 unconstrained bytes referenced from 0xa100028 (getenv+0x0 in extern-address space (0x28))[0m[0m
[1;32;40mINFO - 2023-05-29 07:01:28,732 - [32mSemaExplorerCDFS[0m - [32mEnd of the trace number 0 with errors[0m[0m
[1;32;40mINFO - 2023-05-29 07:01:28,733 - [32mSemaExplorerCDFS[0m - <SimState @ 0xa100028>[0m
[1;32;40mINFO - 2023-05-29 07:01:28,734 - [32mSemaExplorerCDFS[0m - args' length must all be equal[0m
[1;32;40mINFO - 2023-05-29 07:01:28,735 - [32mSemaExplorerCDFS[0m - [32mlen(simgr.active) <= 0 or deadended >= self.max_end_state)[0m[0m
[1;32;40mINFO - 2023-05-29 07:01:28,751 - [37mGraphBuilder[0m - [37mOutput dir :src/output/runs/132//random_mutations[0m[0m
