[1;33;40mWARNING - 2023-05-29 07:10:16,277 - [34mangr.project[0m - [34mDisabling IRSB translation cache because support for self-modifying code is enabled.[0m[0m
[1;33;40mWARNING - 2023-05-29 07:10:16,388 - [32mangr.storage.memory_mixins.default_filler_mixin[0m - [32mFilling memory at 0xc000800c with 4 unconstrained bytes referenced from 0x904a2d0 (_start+0x0 in mutations8_exec (0x904a2d0))[0m[0m
[1;33;40mWARNING - 2023-05-29 07:10:19,202 - [32mangr.storage.memory_mixins.default_filler_mixin[0m - [32mFilling memory at 0xc0010014 with 4 unconstrained bytes referenced from 0x904a2d0 (_start+0x0 in mutations8_exec (0x904a2d0))[0m[0m
[1;33;40mWARNING - 2023-05-29 07:10:27,389 - [32mangr.storage.memory_mixins.default_filler_mixin[0m - [32mFilling memory at 0xc001801c with 4 unconstrained bytes referenced from 0x904a2d0 (_start+0x0 in mutations8_exec (0x904a2d0))[0m[0m
[1;33;40mWARNING - 2023-05-29 07:10:30,465 - [32mangr.storage.memory_mixins.default_filler_mixin[0m - [32mFilling memory at 0xc0020024 with 4 unconstrained bytes referenced from 0x904a2d0 (_start+0x0 in mutations8_exec (0x904a2d0))[0m[0m
[1;32;40mINFO - 2023-05-29 07:10:31,025 - [33mwerkzeug[0m - [33m172.17.0.1 - - [29/May/2023 07:10:31] "GET /iteration-scdg HTTP/1.1" 200 -[0m[0m
[1;32;40mINFO - 2023-05-29 07:10:31,058 - [33mwerkzeug[0m - [33m172.17.0.1 - - [29/May/2023 07:10:31] "GET /progress-scdg HTTP/1.1" 200 -[0m[0m
[1;33;40mWARNING - 2023-05-29 07:10:33,580 - [32mangr.storage.memory_mixins.default_filler_mixin[0m - [32mFilling memory at 0x30 with 4 unconstrained bytes referenced from 0x904a2d0 (_start+0x0 in mutations8_exec (0x904a2d0))[0m[0m
[1;32;40mINFO - 2023-05-29 07:10:33,687 - [36mCustomSimProcedure[0m - [36mcustom_hook_static[0m[0m
[1;33;40mWARNING - 2023-05-29 07:10:33,687 - [34mangr.project[0m - [34mAddress is already hooked, during hook(0x0, <SimProcedure fclose>). Not re-hooking.[0m[0m
[1;33;40mWARNING - 2023-05-29 07:10:33,688 - [34mangr.project[0m - [34mAddress is already hooked, during hook(0x0, <SimProcedure fwrite>). Not re-hooking.[0m[0m
[1;33;40mWARNING - 2023-05-29 07:10:33,688 - [34mangr.project[0m - [34mAddress is already hooked, during hook(0x0, <SimProcedure getenv>). Not re-hooking.[0m[0m
[1;33;40mWARNING - 2023-05-29 07:10:33,688 - [34mangr.project[0m - [34mAddress is already hooked, during hook(0x0, <SimProcedure puts>). Not re-hooking.[0m[0m
[1;33;40mWARNING - 2023-05-29 07:10:33,688 - [34mangr.project[0m - [34mAddress is already hooked, during hook(0x0, <SimProcedure strlen>). Not re-hooking.[0m[0m
[1;33;40mWARNING - 2023-05-29 07:10:33,688 - [34mangr.project[0m - [34mAddress is already hooked, during hook(0x0, <SimProcedure __libc_start_main>). Not re-hooking.[0m[0m
[1;33;40mWARNING - 2023-05-29 07:10:33,689 - [34mangr.project[0m - [34mAddress is already hooked, during hook(0x0, <SimProcedure fopen>). Not re-hooking.[0m[0m
[1;33;40mWARNING - 2023-05-29 07:10:33,689 - [34mangr.project[0m - [34mAddress is already hooked, during hook(0x0, <SimProcedure socket>). Not re-hooking.[0m[0m
[1;33;40mWARNING - 2023-05-29 07:10:33,689 - [34mangr.project[0m - [34mAddress is already hooked, during hook(0x0, <SimProcedure close>). Not re-hooking.[0m[0m
[1;33;40mWARNING - 2023-05-29 07:10:33,689 - [34mangr.project[0m - [34mAddress is already hooked, during hook(0x0, <SimProcedure __ctype_b_loc>). Not re-hooking.[0m[0m
[1;33;40mWARNING - 2023-05-29 07:10:33,689 - [34mangr.project[0m - [34mAddress is already hooked, during hook(0x0, <SimProcedure strcmp>). Not re-hooking.[0m[0m
[1;33;40mWARNING - 2023-05-29 07:10:33,689 - [34mangr.project[0m - [34mAddress is already hooked, during hook(0x0, <SimProcedure fclose>). Not re-hooking.[0m[0m
[1;33;40mWARNING - 2023-05-29 07:10:33,690 - [34mangr.project[0m - [34mAddress is already hooked, during hook(0x0, <SimProcedure fwrite>). Not re-hooking.[0m[0m
[1;33;40mWARNING - 2023-05-29 07:10:33,690 - [34mangr.project[0m - [34mAddress is already hooked, during hook(0x0, <SimProcedure getenv>). Not re-hooking.[0m[0m
[1;33;40mWARNING - 2023-05-29 07:10:33,690 - [34mangr.project[0m - [34mAddress is already hooked, during hook(0x0, <SimProcedure puts>). Not re-hooking.[0m[0m
[1;33;40mWARNING - 2023-05-29 07:10:33,690 - [34mangr.project[0m - [34mAddress is already hooked, during hook(0x0, <SimProcedure strlen>). Not re-hooking.[0m[0m
[1;33;40mWARNING - 2023-05-29 07:10:33,690 - [34mangr.project[0m - [34mAddress is already hooked, during hook(0x0, <SimProcedure __libc_start_main>). Not re-hooking.[0m[0m
[1;33;40mWARNING - 2023-05-29 07:10:33,690 - [34mangr.project[0m - [34mAddress is already hooked, during hook(0x0, <SimProcedure fopen>). Not re-hooking.[0m[0m
[1;33;40mWARNING - 2023-05-29 07:10:33,691 - [34mangr.project[0m - [34mAddress is already hooked, during hook(0x0, <SimProcedure socket>). Not re-hooking.[0m[0m
[1;33;40mWARNING - 2023-05-29 07:10:33,691 - [34mangr.project[0m - [34mAddress is already hooked, during hook(0x0, <SimProcedure close>). Not re-hooking.[0m[0m
[1;33;40mWARNING - 2023-05-29 07:10:33,691 - [34mangr.project[0m - [34mAddress is already hooked, during hook(0x0, <SimProcedure __ctype_b_loc>). Not re-hooking.[0m[0m
[1;33;40mWARNING - 2023-05-29 07:10:33,691 - [34mangr.project[0m - [34mAddress is already hooked, during hook(0x9049050, <SimProcedure printf>). Not re-hooking.[0m[0m
[1;33;40mWARNING - 2023-05-29 07:10:33,692 - [34mangr.project[0m - [34mAddress is already hooked, during hook(0xa100000, <SimProcedure strcmp>). Not re-hooking.[0m[0m
[1;33;40mWARNING - 2023-05-29 07:10:33,692 - [34mangr.project[0m - [34mAddress is already hooked, during hook(0xa100004, <SimProcedure printf>). Not re-hooking.[0m[0m
[1;33;40mWARNING - 2023-05-29 07:10:33,692 - [34mangr.project[0m - [34mAddress is already hooked, during hook(0xa100008, <SimProcedure fclose>). Not re-hooking.[0m[0m
[1;33;40mWARNING - 2023-05-29 07:10:33,693 - [34mangr.project[0m - [34mAddress is already hooked, during hook(0xa10000c, <SimProcedure fwrite>). Not re-hooking.[0m[0m
[1;33;40mWARNING - 2023-05-29 07:10:33,693 - [34mangr.project[0m - [34mAddress is already hooked, during hook(0xa100010, <SimProcedure getenv>). Not re-hooking.[0m[0m
[1;33;40mWARNING - 2023-05-29 07:10:33,693 - [34mangr.project[0m - [34mAddress is already hooked, during hook(0xa100014, <SimProcedure puts>). Not re-hooking.[0m[0m
[1;33;40mWARNING - 2023-05-29 07:10:33,693 - [34mangr.project[0m - [34mAddress is already hooked, during hook(0xa100018, <SimProcedure strlen>). Not re-hooking.[0m[0m
[1;33;40mWARNING - 2023-05-29 07:10:33,693 - [34mangr.project[0m - [34mAddress is already hooked, during hook(0xa10001c, <SimProcedure __libc_start_main>). Not re-hooking.[0m[0m
[1;33;40mWARNING - 2023-05-29 07:10:33,693 - [34mangr.project[0m - [34mAddress is already hooked, during hook(0xa100020, <SimProcedure fopen>). Not re-hooking.[0m[0m
[1;33;40mWARNING - 2023-05-29 07:10:33,694 - [34mangr.project[0m - [34mAddress is already hooked, during hook(0xa100024, <SimProcedure socket>). Not re-hooking.[0m[0m
[1;33;40mWARNING - 2023-05-29 07:10:33,694 - [34mangr.project[0m - [34mAddress is already hooked, during hook(0xa10002c, <SimProcedure close>). Not re-hooking.[0m[0m
[1;33;40mWARNING - 2023-05-29 07:10:33,694 - [34mangr.project[0m - [34mAddress is already hooked, during hook(0xa100030, <SimProcedure __ctype_b_loc>). Not re-hooking.[0m[0m
[1;32;40mINFO - 2023-05-29 07:10:33,694 - [36mCustomSimProcedure[0m - [36mcustom_hook_no_symbols[0m[0m
[1;33;40mWARNING - 2023-05-29 07:10:33,803 - [32mangr.storage.memory_mixins.default_filler_mixin[0m - [32mFilling memory at 0xc002032c with 4 unconstrained bytes referenced from 0xa10001c (__libc_start_main+0x0 in extern-address space (0x1c))[0m[0m
[1;32;40mINFO - 2023-05-29 07:10:33,856 - [36mCustomSimProcedure[0m - [36mSyscall found:  malloc[<BV32 0x300>][0m[0m
[1;33;40mWARNING - 2023-05-29 07:10:33,888 - [32mangr.storage.memory_mixins.default_filler_mixin[0m - [32mFilling memory at 0xc002033c with 4 unconstrained bytes referenced from 0xa10001c (__libc_start_main+0x0 in extern-address space (0x1c))[0m[0m
[1;32;40mINFO - 2023-05-29 07:10:33,940 - [36mCustomSimProcedure[0m - [36mSyscall found:  malloc[<BV32 0x4>][0m[0m
[1;33;40mWARNING - 2023-05-29 07:10:33,992 - [32mangr.storage.memory_mixins.default_filler_mixin[0m - [32mFilling memory at 0xc0020944 with 4 unconstrained bytes referenced from 0xa10001c (__libc_start_main+0x0 in extern-address space (0x1c))[0m[0m
[1;32;40mINFO - 2023-05-29 07:10:34,044 - [36mCustomSimProcedure[0m - [36mSyscall found:  malloc[<BV32 0x600>][0m[0m
[1;33;40mWARNING - 2023-05-29 07:10:34,076 - [32mangr.storage.memory_mixins.default_filler_mixin[0m - [32mFilling memory at 0xc0020954 with 4 unconstrained bytes referenced from 0xa10001c (__libc_start_main+0x0 in extern-address space (0x1c))[0m[0m
[1;32;40mINFO - 2023-05-29 07:10:34,131 - [36mCustomSimProcedure[0m - [36mSyscall found:  malloc[<BV32 0x4>][0m[0m
[1;33;40mWARNING - 2023-05-29 07:10:34,185 - [32mangr.storage.memory_mixins.default_filler_mixin[0m - [32mFilling memory at 0xc0020f5c with 4 unconstrained bytes referenced from 0xa10001c (__libc_start_main+0x0 in extern-address space (0x1c))[0m[0m
[1;32;40mINFO - 2023-05-29 07:10:34,241 - [36mCustomSimProcedure[0m - [36mSyscall found:  malloc[<BV32 0x600>][0m[0m
[1;33;40mWARNING - 2023-05-29 07:10:34,276 - [32mangr.storage.memory_mixins.default_filler_mixin[0m - [32mFilling memory at 0xc0020f6c with 4 unconstrained bytes referenced from 0xa10001c (__libc_start_main+0x0 in extern-address space (0x1c))[0m[0m
[1;32;40mINFO - 2023-05-29 07:10:34,329 - [36mCustomSimProcedure[0m - [36mSyscall found:  malloc[<BV32 0x4>][0m[0m
[1;33;40mWARNING - 2023-05-29 07:10:34,381 - [32mangr.storage.memory_mixins.default_filler_mixin[0m - [32mFilling memory at 0xc0020f7c with 4 unconstrained bytes referenced from 0xa10001c (__libc_start_main+0x0 in extern-address space (0x1c))[0m[0m
[1;32;40mINFO - 2023-05-29 07:10:34,437 - [36mCustomSimProcedure[0m - [36mSyscall found:  malloc[<BV32 0x4>][0m[0m
[1;32;40mINFO - 2023-05-29 07:10:34,446 - [36mCustomSimProcedure[0m - [36mSyscall found:  __libc_start_main[<BV32 0x9049210>, <BV32 0x1>, <BV32 0x7ffeffb0>, <BV32 0x904a3f0>, <BV32 0x904a460>][0m[0m
[1;33;40mWARNING - 2023-05-29 07:10:34,464 - [32mangr.storage.memory_mixins.default_filler_mixin[0m - [32mFilling register edi with 4 unconstrained bytes referenced from 0x904a400 (__libc_csu_init+0x10 in mutations8_exec (0x904a400))[0m[0m
[1;32;40mINFO - 2023-05-29 07:10:34,567 - [36mCustomSimProcedure[0m - [36mSyscall found:  __libc_start_main[151294480, 1, 2147418032, 151299056, 151299168][0m[0m
[1;32;40mINFO - 2023-05-29 07:10:34,624 - [36mCustomSimProcedure[0m - [36mSyscall found:  strlen[<BV32 0x7ffeff49>][0m[0m
[1;33;40mWARNING - 2023-05-29 07:10:34,625 - [32mangr.storage.memory_mixins.default_filler_mixin[0m - [32mFilling memory at 0x1900000000 with 2 unconstrained bytes referenced from 0xa100010 (getenv+0x0 in extern-address space (0x10))[0m[0m
[1;33;40mWARNING - 2023-05-29 07:10:34,626 - [32mangr.storage.memory_mixins.default_filler_mixin[0m - [32mFilling memory at 0x1900000002 with 1 unconstrained bytes referenced from 0xa100010 (getenv+0x0 in extern-address space (0x10))[0m[0m
[1;33;40mWARNING - 2023-05-29 07:10:34,627 - [32mangr.storage.memory_mixins.default_filler_mixin[0m - [32mFilling memory at 0x1900000003 with 1 unconstrained bytes referenced from 0xa100010 (getenv+0x0 in extern-address space (0x10))[0m[0m
[1;33;40mWARNING - 2023-05-29 07:10:34,628 - [32mangr.storage.memory_mixins.default_filler_mixin[0m - [32mFilling memory at 0x1900000004 with 1 unconstrained bytes referenced from 0xa100010 (getenv+0x0 in extern-address space (0x10))[0m[0m
[1;33;40mWARNING - 2023-05-29 07:10:34,629 - [32mangr.storage.memory_mixins.default_filler_mixin[0m - [32mFilling memory at 0x1900000005 with 1 unconstrained bytes referenced from 0xa100010 (getenv+0x0 in extern-address space (0x10))[0m[0m
[1;33;40mWARNING - 2023-05-29 07:10:34,630 - [32mangr.storage.memory_mixins.default_filler_mixin[0m - [32mFilling memory at 0x1900000006 with 1 unconstrained bytes referenced from 0xa100010 (getenv+0x0 in extern-address space (0x10))[0m[0m
[1;33;40mWARNING - 2023-05-29 07:10:34,632 - [32mangr.storage.memory_mixins.default_filler_mixin[0m - [32mFilling memory at 0x1900000007 with 1 unconstrained bytes referenced from 0xa100010 (getenv+0x0 in extern-address space (0x10))[0m[0m
[1;33;40mWARNING - 2023-05-29 07:10:34,632 - [32mangr.storage.memory_mixins.default_filler_mixin[0m - [32mFilling memory at 0x1900000008 with 1 unconstrained bytes referenced from 0xa100010 (getenv+0x0 in extern-address space (0x10))[0m[0m
[1;33;40mWARNING - 2023-05-29 07:10:34,633 - [32mangr.storage.memory_mixins.default_filler_mixin[0m - [32mFilling memory at 0x1900000009 with 1 unconstrained bytes referenced from 0xa100010 (getenv+0x0 in extern-address space (0x10))[0m[0m
[1;33;40mWARNING - 2023-05-29 07:10:34,635 - [32mangr.storage.memory_mixins.default_filler_mixin[0m - [32mFilling memory at 0x190000000a with 1 unconstrained bytes referenced from 0xa100010 (getenv+0x0 in extern-address space (0x10))[0m[0m
[1;33;40mWARNING - 2023-05-29 07:10:34,636 - [32mangr.storage.memory_mixins.default_filler_mixin[0m - [32mFilling memory at 0x190000000b with 1 unconstrained bytes referenced from 0xa100010 (getenv+0x0 in extern-address space (0x10))[0m[0m
[1;33;40mWARNING - 2023-05-29 07:10:34,638 - [32mangr.storage.memory_mixins.default_filler_mixin[0m - [32mFilling memory at 0x190000000c with 1 unconstrained bytes referenced from 0xa100010 (getenv+0x0 in extern-address space (0x10))[0m[0m
[1;33;40mWARNING - 2023-05-29 07:10:34,640 - [32mangr.storage.memory_mixins.default_filler_mixin[0m - [32mFilling memory at 0x190000000d with 1 unconstrained bytes referenced from 0xa100010 (getenv+0x0 in extern-address space (0x10))[0m[0m
[1;33;40mWARNING - 2023-05-29 07:10:34,641 - [32mangr.storage.memory_mixins.default_filler_mixin[0m - [32mFilling memory at 0x190000000e with 1 unconstrained bytes referenced from 0xa100010 (getenv+0x0 in extern-address space (0x10))[0m[0m
[1;33;40mWARNING - 2023-05-29 07:10:34,642 - [32mangr.storage.memory_mixins.default_filler_mixin[0m - [32mFilling memory at 0x190000000f with 1 unconstrained bytes referenced from 0xa100010 (getenv+0x0 in extern-address space (0x10))[0m[0m
[1;33;40mWARNING - 2023-05-29 07:10:34,643 - [32mangr.storage.memory_mixins.default_filler_mixin[0m - [32mFilling memory at 0x1900000010 with 1 unconstrained bytes referenced from 0xa100010 (getenv+0x0 in extern-address space (0x10))[0m[0m
[1;33;40mWARNING - 2023-05-29 07:10:34,644 - [32mangr.storage.memory_mixins.default_filler_mixin[0m - [32mFilling memory at 0x1900000011 with 1 unconstrained bytes referenced from 0xa100010 (getenv+0x0 in extern-address space (0x10))[0m[0m
[1;33;40mWARNING - 2023-05-29 07:10:34,645 - [32mangr.storage.memory_mixins.default_filler_mixin[0m - [32mFilling memory at 0x1900000012 with 1 unconstrained bytes referenced from 0xa100010 (getenv+0x0 in extern-address space (0x10))[0m[0m
[1;33;40mWARNING - 2023-05-29 07:10:34,646 - [32mangr.storage.memory_mixins.default_filler_mixin[0m - [32mFilling memory at 0x1900000013 with 1 unconstrained bytes referenced from 0xa100010 (getenv+0x0 in extern-address space (0x10))[0m[0m
[1;33;40mWARNING - 2023-05-29 07:10:34,647 - [32mangr.storage.memory_mixins.default_filler_mixin[0m - [32mFilling memory at 0x1900000014 with 1 unconstrained bytes referenced from 0xa100010 (getenv+0x0 in extern-address space (0x10))[0m[0m
[1;33;40mWARNING - 2023-05-29 07:10:34,649 - [32mangr.storage.memory_mixins.default_filler_mixin[0m - [32mFilling memory at 0x1900000015 with 1 unconstrained bytes referenced from 0xa100010 (getenv+0x0 in extern-address space (0x10))[0m[0m
[1;33;40mWARNING - 2023-05-29 07:10:34,651 - [32mangr.storage.memory_mixins.default_filler_mixin[0m - [32mFilling memory at 0x1900000016 with 1 unconstrained bytes referenced from 0xa100010 (getenv+0x0 in extern-address space (0x10))[0m[0m
[1;33;40mWARNING - 2023-05-29 07:10:34,654 - [32mangr.storage.memory_mixins.default_filler_mixin[0m - [32mFilling memory at 0x1900000017 with 1 unconstrained bytes referenced from 0xa100010 (getenv+0x0 in extern-address space (0x10))[0m[0m
[1;33;40mWARNING - 2023-05-29 07:10:34,657 - [32mangr.storage.memory_mixins.default_filler_mixin[0m - [32mFilling memory at 0x1900000018 with 1 unconstrained bytes referenced from 0xa100010 (getenv+0x0 in extern-address space (0x10))[0m[0m
[1;33;40mWARNING - 2023-05-29 07:10:34,658 - [32mangr.storage.memory_mixins.default_filler_mixin[0m - [32mFilling memory at 0x1900000019 with 1 unconstrained bytes referenced from 0xa100010 (getenv+0x0 in extern-address space (0x10))[0m[0m
[1;33;40mWARNING - 2023-05-29 07:10:34,660 - [32mangr.storage.memory_mixins.default_filler_mixin[0m - [32mFilling memory at 0x190000001a with 1 unconstrained bytes referenced from 0xa100010 (getenv+0x0 in extern-address space (0x10))[0m[0m
[1;33;40mWARNING - 2023-05-29 07:10:34,662 - [32mangr.storage.memory_mixins.default_filler_mixin[0m - [32mFilling memory at 0x190000001b with 1 unconstrained bytes referenced from 0xa100010 (getenv+0x0 in extern-address space (0x10))[0m[0m
[1;33;40mWARNING - 2023-05-29 07:10:34,664 - [32mangr.storage.memory_mixins.default_filler_mixin[0m - [32mFilling memory at 0x190000001c with 1 unconstrained bytes referenced from 0xa100010 (getenv+0x0 in extern-address space (0x10))[0m[0m
[1;33;40mWARNING - 2023-05-29 07:10:34,665 - [32mangr.storage.memory_mixins.default_filler_mixin[0m - [32mFilling memory at 0x190000001d with 1 unconstrained bytes referenced from 0xa100010 (getenv+0x0 in extern-address space (0x10))[0m[0m
[1;33;40mWARNING - 2023-05-29 07:10:34,666 - [32mangr.storage.memory_mixins.default_filler_mixin[0m - [32mFilling memory at 0x190000001e with 1 unconstrained bytes referenced from 0xa100010 (getenv+0x0 in extern-address space (0x10))[0m[0m
[1;33;40mWARNING - 2023-05-29 07:10:34,668 - [32mangr.storage.memory_mixins.default_filler_mixin[0m - [32mFilling memory at 0x190000001f with 1 unconstrained bytes referenced from 0xa100010 (getenv+0x0 in extern-address space (0x10))[0m[0m
[1;33;40mWARNING - 2023-05-29 07:10:34,671 - [32mangr.storage.memory_mixins.default_filler_mixin[0m - [32mFilling memory at 0x1900000020 with 1 unconstrained bytes referenced from 0xa100010 (getenv+0x0 in extern-address space (0x10))[0m[0m
[1;33;40mWARNING - 2023-05-29 07:10:34,674 - [32mangr.storage.memory_mixins.default_filler_mixin[0m - [32mFilling memory at 0x1900000021 with 1 unconstrained bytes referenced from 0xa100010 (getenv+0x0 in extern-address space (0x10))[0m[0m
[1;33;40mWARNING - 2023-05-29 07:10:34,676 - [32mangr.storage.memory_mixins.default_filler_mixin[0m - [32mFilling memory at 0x1900000022 with 1 unconstrained bytes referenced from 0xa100010 (getenv+0x0 in extern-address space (0x10))[0m[0m
[1;33;40mWARNING - 2023-05-29 07:10:34,678 - [32mangr.storage.memory_mixins.default_filler_mixin[0m - [32mFilling memory at 0x1900000023 with 1 unconstrained bytes referenced from 0xa100010 (getenv+0x0 in extern-address space (0x10))[0m[0m
[1;33;40mWARNING - 2023-05-29 07:10:34,681 - [32mangr.storage.memory_mixins.default_filler_mixin[0m - [32mFilling memory at 0x1900000024 with 1 unconstrained bytes referenced from 0xa100010 (getenv+0x0 in extern-address space (0x10))[0m[0m
[1;33;40mWARNING - 2023-05-29 07:10:34,683 - [32mangr.storage.memory_mixins.default_filler_mixin[0m - [32mFilling memory at 0x1900000025 with 1 unconstrained bytes referenced from 0xa100010 (getenv+0x0 in extern-address space (0x10))[0m[0m
[1;33;40mWARNING - 2023-05-29 07:10:34,686 - [32mangr.storage.memory_mixins.default_filler_mixin[0m - [32mFilling memory at 0x1900000026 with 1 unconstrained bytes referenced from 0xa100010 (getenv+0x0 in extern-address space (0x10))[0m[0m
[1;33;40mWARNING - 2023-05-29 07:10:34,688 - [32mangr.storage.memory_mixins.default_filler_mixin[0m - [32mFilling memory at 0x1900000027 with 1 unconstrained bytes referenced from 0xa100010 (getenv+0x0 in extern-address space (0x10))[0m[0m
[1;33;40mWARNING - 2023-05-29 07:10:34,689 - [32mangr.storage.memory_mixins.default_filler_mixin[0m - [32mFilling memory at 0x1900000028 with 1 unconstrained bytes referenced from 0xa100010 (getenv+0x0 in extern-address space (0x10))[0m[0m
[1;33;40mWARNING - 2023-05-29 07:10:34,690 - [32mangr.storage.memory_mixins.default_filler_mixin[0m - [32mFilling memory at 0x1900000029 with 1 unconstrained bytes referenced from 0xa100010 (getenv+0x0 in extern-address space (0x10))[0m[0m
[1;33;40mWARNING - 2023-05-29 07:10:34,692 - [32mangr.storage.memory_mixins.default_filler_mixin[0m - [32mFilling memory at 0x190000002a with 1 unconstrained bytes referenced from 0xa100010 (getenv+0x0 in extern-address space (0x10))[0m[0m
[1;33;40mWARNING - 2023-05-29 07:10:34,695 - [32mangr.storage.memory_mixins.default_filler_mixin[0m - [32mFilling memory at 0x190000002b with 1 unconstrained bytes referenced from 0xa100010 (getenv+0x0 in extern-address space (0x10))[0m[0m
[1;33;40mWARNING - 2023-05-29 07:10:34,697 - [32mangr.storage.memory_mixins.default_filler_mixin[0m - [32mFilling memory at 0x190000002c with 1 unconstrained bytes referenced from 0xa100010 (getenv+0x0 in extern-address space (0x10))[0m[0m
[1;33;40mWARNING - 2023-05-29 07:10:34,698 - [32mangr.storage.memory_mixins.default_filler_mixin[0m - [32mFilling memory at 0x190000002d with 1 unconstrained bytes referenced from 0xa100010 (getenv+0x0 in extern-address space (0x10))[0m[0m
[1;33;40mWARNING - 2023-05-29 07:10:34,700 - [32mangr.storage.memory_mixins.default_filler_mixin[0m - [32mFilling memory at 0x190000002e with 1 unconstrained bytes referenced from 0xa100010 (getenv+0x0 in extern-address space (0x10))[0m[0m
[1;33;40mWARNING - 2023-05-29 07:10:34,702 - [32mangr.storage.memory_mixins.default_filler_mixin[0m - [32mFilling memory at 0x190000002f with 1 unconstrained bytes referenced from 0xa100010 (getenv+0x0 in extern-address space (0x10))[0m[0m
[1;33;40mWARNING - 2023-05-29 07:10:34,704 - [32mangr.storage.memory_mixins.default_filler_mixin[0m - [32mFilling memory at 0x1900000030 with 1 unconstrained bytes referenced from 0xa100010 (getenv+0x0 in extern-address space (0x10))[0m[0m
[1;33;40mWARNING - 2023-05-29 07:10:34,707 - [32mangr.storage.memory_mixins.default_filler_mixin[0m - [32mFilling memory at 0x1900000031 with 1 unconstrained bytes referenced from 0xa100010 (getenv+0x0 in extern-address space (0x10))[0m[0m
[1;33;40mWARNING - 2023-05-29 07:10:34,709 - [32mangr.storage.memory_mixins.default_filler_mixin[0m - [32mFilling memory at 0x1900000032 with 1 unconstrained bytes referenced from 0xa100010 (getenv+0x0 in extern-address space (0x10))[0m[0m
[1;33;40mWARNING - 2023-05-29 07:10:34,710 - [32mangr.storage.memory_mixins.default_filler_mixin[0m - [32mFilling memory at 0x1900000033 with 1 unconstrained bytes referenced from 0xa100010 (getenv+0x0 in extern-address space (0x10))[0m[0m
[1;33;40mWARNING - 2023-05-29 07:10:34,711 - [32mangr.storage.memory_mixins.default_filler_mixin[0m - [32mFilling memory at 0x1900000034 with 1 unconstrained bytes referenced from 0xa100010 (getenv+0x0 in extern-address space (0x10))[0m[0m
[1;33;40mWARNING - 2023-05-29 07:10:34,713 - [32mangr.storage.memory_mixins.default_filler_mixin[0m - [32mFilling memory at 0x1900000035 with 1 unconstrained bytes referenced from 0xa100010 (getenv+0x0 in extern-address space (0x10))[0m[0m
[1;33;40mWARNING - 2023-05-29 07:10:34,716 - [32mangr.storage.memory_mixins.default_filler_mixin[0m - [32mFilling memory at 0x1900000036 with 1 unconstrained bytes referenced from 0xa100010 (getenv+0x0 in extern-address space (0x10))[0m[0m
[1;33;40mWARNING - 2023-05-29 07:10:34,718 - [32mangr.storage.memory_mixins.default_filler_mixin[0m - [32mFilling memory at 0x1900000037 with 1 unconstrained bytes referenced from 0xa100010 (getenv+0x0 in extern-address space (0x10))[0m[0m
[1;33;40mWARNING - 2023-05-29 07:10:34,720 - [32mangr.storage.memory_mixins.default_filler_mixin[0m - [32mFilling memory at 0x1900000038 with 1 unconstrained bytes referenced from 0xa100010 (getenv+0x0 in extern-address space (0x10))[0m[0m
[1;33;40mWARNING - 2023-05-29 07:10:34,722 - [32mangr.storage.memory_mixins.default_filler_mixin[0m - [32mFilling memory at 0x1900000039 with 1 unconstrained bytes referenced from 0xa100010 (getenv+0x0 in extern-address space (0x10))[0m[0m
[1;33;40mWARNING - 2023-05-29 07:10:34,723 - [32mangr.storage.memory_mixins.default_filler_mixin[0m - [32mFilling memory at 0x190000003a with 1 unconstrained bytes referenced from 0xa100010 (getenv+0x0 in extern-address space (0x10))[0m[0m
[1;33;40mWARNING - 2023-05-29 07:10:34,724 - [32mangr.storage.memory_mixins.default_filler_mixin[0m - [32mFilling memory at 0x190000003b with 1 unconstrained bytes referenced from 0xa100010 (getenv+0x0 in extern-address space (0x10))[0m[0m
[1;33;40mWARNING - 2023-05-29 07:10:34,725 - [32mangr.storage.memory_mixins.default_filler_mixin[0m - [32mFilling memory at 0x190000003c with 1 unconstrained bytes referenced from 0xa100010 (getenv+0x0 in extern-address space (0x10))[0m[0m
[1;33;40mWARNING - 2023-05-29 07:10:34,727 - [32mangr.storage.memory_mixins.default_filler_mixin[0m - [32mFilling memory at 0x190000003d with 1 unconstrained bytes referenced from 0xa100010 (getenv+0x0 in extern-address space (0x10))[0m[0m
[1;32;40mINFO - 2023-05-29 07:10:34,730 - [32mSemaExplorerCDFS[0m - [32mEnd of the trace number 0 with errors[0m[0m
[1;32;40mINFO - 2023-05-29 07:10:34,731 - [32mSemaExplorerCDFS[0m - <SimState @ 0xa100010>[0m
[1;32;40mINFO - 2023-05-29 07:10:34,732 - [32mSemaExplorerCDFS[0m - args' length must all be equal[0m
[1;32;40mINFO - 2023-05-29 07:10:34,732 - [32mSemaExplorerCDFS[0m - [32mlen(simgr.active) <= 0 or deadended >= self.max_end_state)[0m[0m
[1;32;40mINFO - 2023-05-29 07:10:34,751 - [37mGraphBuilder[0m - [37mOutput dir :src/output/runs/132//random_mutations[0m[0m
