[1;33;40mWARNING - 2023-05-29 07:12:02,802 - [34mangr.project[0m - [34mDisabling IRSB translation cache because support for self-modifying code is enabled.[0m[0m
[1;33;40mWARNING - 2023-05-29 07:12:02,910 - [32mangr.storage.memory_mixins.default_filler_mixin[0m - [32mFilling memory at 0xc000800c with 4 unconstrained bytes referenced from 0x9049dd0 (_start+0x0 in mutations14_exec (0x9049dd0))[0m[0m
[1;33;40mWARNING - 2023-05-29 07:12:06,807 - [32mangr.storage.memory_mixins.default_filler_mixin[0m - [32mFilling memory at 0xc0010014 with 4 unconstrained bytes referenced from 0x9049dd0 (_start+0x0 in mutations14_exec (0x9049dd0))[0m[0m
[1;33;40mWARNING - 2023-05-29 07:12:10,110 - [32mangr.storage.memory_mixins.default_filler_mixin[0m - [32mFilling memory at 0xc001801c with 4 unconstrained bytes referenced from 0x9049dd0 (_start+0x0 in mutations14_exec (0x9049dd0))[0m[0m
[1;33;40mWARNING - 2023-05-29 07:12:13,261 - [32mangr.storage.memory_mixins.default_filler_mixin[0m - [32mFilling memory at 0xc0020024 with 4 unconstrained bytes referenced from 0x9049dd0 (_start+0x0 in mutations14_exec (0x9049dd0))[0m[0m
[1;33;40mWARNING - 2023-05-29 07:12:16,417 - [32mangr.storage.memory_mixins.default_filler_mixin[0m - [32mFilling memory at 0x30 with 4 unconstrained bytes referenced from 0x9049dd0 (_start+0x0 in mutations14_exec (0x9049dd0))[0m[0m
[1;32;40mINFO - 2023-05-29 07:12:16,526 - [36mCustomSimProcedure[0m - [36mcustom_hook_static[0m[0m
[1;33;40mWARNING - 2023-05-29 07:12:16,526 - [34mangr.project[0m - [34mAddress is already hooked, during hook(0x0, <SimProcedure fgets>). Not re-hooking.[0m[0m
[1;33;40mWARNING - 2023-05-29 07:12:16,526 - [34mangr.project[0m - [34mAddress is already hooked, during hook(0x0, <SimProcedure fclose>). Not re-hooking.[0m[0m
[1;33;40mWARNING - 2023-05-29 07:12:16,526 - [34mangr.project[0m - [34mAddress is already hooked, during hook(0x0, <SimProcedure time>). Not re-hooking.[0m[0m
[1;33;40mWARNING - 2023-05-29 07:12:16,527 - [34mangr.project[0m - [34mAddress is already hooked, during hook(0x0, <SimProcedure fwrite>). Not re-hooking.[0m[0m
[1;33;40mWARNING - 2023-05-29 07:12:16,527 - [34mangr.project[0m - [34mAddress is already hooked, during hook(0x0, <SimProcedure getenv>). Not re-hooking.[0m[0m
[1;33;40mWARNING - 2023-05-29 07:12:16,527 - [34mangr.project[0m - [34mAddress is already hooked, during hook(0x0, <SimProcedure puts>). Not re-hooking.[0m[0m
[1;33;40mWARNING - 2023-05-29 07:12:16,527 - [34mangr.project[0m - [34mAddress is already hooked, during hook(0x0, <SimProcedure srand>). Not re-hooking.[0m[0m
[1;33;40mWARNING - 2023-05-29 07:12:16,527 - [34mangr.project[0m - [34mAddress is already hooked, during hook(0x0, <SimProcedure __libc_start_main>). Not re-hooking.[0m[0m
[1;33;40mWARNING - 2023-05-29 07:12:16,528 - [34mangr.project[0m - [34mAddress is already hooked, during hook(0x0, <SimProcedure fopen>). Not re-hooking.[0m[0m
[1;33;40mWARNING - 2023-05-29 07:12:16,528 - [34mangr.project[0m - [34mAddress is already hooked, during hook(0x0, <SimProcedure strncpy>). Not re-hooking.[0m[0m
[1;33;40mWARNING - 2023-05-29 07:12:16,528 - [34mangr.project[0m - [34mAddress is already hooked, during hook(0x0, <SimProcedure rand>). Not re-hooking.[0m[0m
[1;33;40mWARNING - 2023-05-29 07:12:16,528 - [34mangr.project[0m - [34mAddress is already hooked, during hook(0x0, <SimProcedure socket>). Not re-hooking.[0m[0m
[1;33;40mWARNING - 2023-05-29 07:12:16,528 - [34mangr.project[0m - [34mAddress is already hooked, during hook(0x0, <SimProcedure close>). Not re-hooking.[0m[0m
[1;33;40mWARNING - 2023-05-29 07:12:16,528 - [34mangr.project[0m - [34mAddress is already hooked, during hook(0x0, <SimProcedure strcmp>). Not re-hooking.[0m[0m
[1;33;40mWARNING - 2023-05-29 07:12:16,529 - [34mangr.project[0m - [34mAddress is already hooked, during hook(0x0, <SimProcedure fgets>). Not re-hooking.[0m[0m
[1;33;40mWARNING - 2023-05-29 07:12:16,529 - [34mangr.project[0m - [34mAddress is already hooked, during hook(0x0, <SimProcedure fclose>). Not re-hooking.[0m[0m
[1;33;40mWARNING - 2023-05-29 07:12:16,529 - [34mangr.project[0m - [34mAddress is already hooked, during hook(0x0, <SimProcedure time>). Not re-hooking.[0m[0m
[1;33;40mWARNING - 2023-05-29 07:12:16,529 - [34mangr.project[0m - [34mAddress is already hooked, during hook(0x0, <SimProcedure fwrite>). Not re-hooking.[0m[0m
[1;33;40mWARNING - 2023-05-29 07:12:16,529 - [34mangr.project[0m - [34mAddress is already hooked, during hook(0x0, <SimProcedure getenv>). Not re-hooking.[0m[0m
[1;33;40mWARNING - 2023-05-29 07:12:16,529 - [34mangr.project[0m - [34mAddress is already hooked, during hook(0x0, <SimProcedure puts>). Not re-hooking.[0m[0m
[1;33;40mWARNING - 2023-05-29 07:12:16,529 - [34mangr.project[0m - [34mAddress is already hooked, during hook(0x0, <SimProcedure srand>). Not re-hooking.[0m[0m
[1;33;40mWARNING - 2023-05-29 07:12:16,530 - [34mangr.project[0m - [34mAddress is already hooked, during hook(0x0, <SimProcedure __libc_start_main>). Not re-hooking.[0m[0m
[1;33;40mWARNING - 2023-05-29 07:12:16,530 - [34mangr.project[0m - [34mAddress is already hooked, during hook(0x0, <SimProcedure fopen>). Not re-hooking.[0m[0m
[1;33;40mWARNING - 2023-05-29 07:12:16,530 - [34mangr.project[0m - [34mAddress is already hooked, during hook(0x0, <SimProcedure strncpy>). Not re-hooking.[0m[0m
[1;33;40mWARNING - 2023-05-29 07:12:16,530 - [34mangr.project[0m - [34mAddress is already hooked, during hook(0x0, <SimProcedure rand>). Not re-hooking.[0m[0m
[1;33;40mWARNING - 2023-05-29 07:12:16,530 - [34mangr.project[0m - [34mAddress is already hooked, during hook(0x0, <SimProcedure socket>). Not re-hooking.[0m[0m
[1;33;40mWARNING - 2023-05-29 07:12:16,531 - [34mangr.project[0m - [34mAddress is already hooked, during hook(0x0, <SimProcedure close>). Not re-hooking.[0m[0m
[1;33;40mWARNING - 2023-05-29 07:12:16,531 - [34mangr.project[0m - [34mAddress is already hooked, during hook(0x9049050, <SimProcedure printf>). Not re-hooking.[0m[0m
[1;33;40mWARNING - 2023-05-29 07:12:16,531 - [34mangr.project[0m - [34mAddress is already hooked, during hook(0xa100000, <SimProcedure strcmp>). Not re-hooking.[0m[0m
[1;33;40mWARNING - 2023-05-29 07:12:16,532 - [34mangr.project[0m - [34mAddress is already hooked, during hook(0xa100004, <SimProcedure printf>). Not re-hooking.[0m[0m
[1;33;40mWARNING - 2023-05-29 07:12:16,532 - [34mangr.project[0m - [34mAddress is already hooked, during hook(0xa100008, <SimProcedure fgets>). Not re-hooking.[0m[0m
[1;33;40mWARNING - 2023-05-29 07:12:16,532 - [34mangr.project[0m - [34mAddress is already hooked, during hook(0xa10000c, <SimProcedure fclose>). Not re-hooking.[0m[0m
[1;33;40mWARNING - 2023-05-29 07:12:16,532 - [34mangr.project[0m - [34mAddress is already hooked, during hook(0xa100010, <SimProcedure time>). Not re-hooking.[0m[0m
[1;33;40mWARNING - 2023-05-29 07:12:16,532 - [34mangr.project[0m - [34mAddress is already hooked, during hook(0xa10001c, <SimProcedure fwrite>). Not re-hooking.[0m[0m
[1;33;40mWARNING - 2023-05-29 07:12:16,533 - [34mangr.project[0m - [34mAddress is already hooked, during hook(0xa100020, <SimProcedure getenv>). Not re-hooking.[0m[0m
[1;33;40mWARNING - 2023-05-29 07:12:16,533 - [34mangr.project[0m - [34mAddress is already hooked, during hook(0xa100024, <SimProcedure puts>). Not re-hooking.[0m[0m
[1;33;40mWARNING - 2023-05-29 07:12:16,533 - [34mangr.project[0m - [34mAddress is already hooked, during hook(0xa10002c, <SimProcedure srand>). Not re-hooking.[0m[0m
[1;33;40mWARNING - 2023-05-29 07:12:16,533 - [34mangr.project[0m - [34mAddress is already hooked, during hook(0xa100030, <SimProcedure __libc_start_main>). Not re-hooking.[0m[0m
[1;33;40mWARNING - 2023-05-29 07:12:16,533 - [34mangr.project[0m - [34mAddress is already hooked, during hook(0xa100034, <SimProcedure fopen>). Not re-hooking.[0m[0m
[1;33;40mWARNING - 2023-05-29 07:12:16,534 - [34mangr.project[0m - [34mAddress is already hooked, during hook(0xa100038, <SimProcedure strncpy>). Not re-hooking.[0m[0m
[1;33;40mWARNING - 2023-05-29 07:12:16,534 - [34mangr.project[0m - [34mAddress is already hooked, during hook(0xa10003c, <SimProcedure rand>). Not re-hooking.[0m[0m
[1;33;40mWARNING - 2023-05-29 07:12:16,534 - [34mangr.project[0m - [34mAddress is already hooked, during hook(0xa100040, <SimProcedure socket>). Not re-hooking.[0m[0m
[1;33;40mWARNING - 2023-05-29 07:12:16,534 - [34mangr.project[0m - [34mAddress is already hooked, during hook(0xa100048, <SimProcedure close>). Not re-hooking.[0m[0m
[1;32;40mINFO - 2023-05-29 07:12:16,534 - [36mCustomSimProcedure[0m - [36mcustom_hook_no_symbols[0m[0m
[1;33;40mWARNING - 2023-05-29 07:12:16,638 - [32mangr.storage.memory_mixins.default_filler_mixin[0m - [32mFilling memory at 0xc002032c with 4 unconstrained bytes referenced from 0xa100030 (__libc_start_main+0x0 in extern-address space (0x30))[0m[0m
[1;32;40mINFO - 2023-05-29 07:12:16,693 - [36mCustomSimProcedure[0m - [36mSyscall found:  malloc[<BV32 0x300>][0m[0m
[1;33;40mWARNING - 2023-05-29 07:12:16,728 - [32mangr.storage.memory_mixins.default_filler_mixin[0m - [32mFilling memory at 0xc002033c with 4 unconstrained bytes referenced from 0xa100030 (__libc_start_main+0x0 in extern-address space (0x30))[0m[0m
[1;32;40mINFO - 2023-05-29 07:12:16,782 - [36mCustomSimProcedure[0m - [36mSyscall found:  malloc[<BV32 0x4>][0m[0m
[1;33;40mWARNING - 2023-05-29 07:12:16,854 - [32mangr.storage.memory_mixins.default_filler_mixin[0m - [32mFilling memory at 0xc0020944 with 4 unconstrained bytes referenced from 0xa100030 (__libc_start_main+0x0 in extern-address space (0x30))[0m[0m
[1;32;40mINFO - 2023-05-29 07:12:16,905 - [36mCustomSimProcedure[0m - [36mSyscall found:  malloc[<BV32 0x600>][0m[0m
[1;33;40mWARNING - 2023-05-29 07:12:16,940 - [32mangr.storage.memory_mixins.default_filler_mixin[0m - [32mFilling memory at 0xc0020954 with 4 unconstrained bytes referenced from 0xa100030 (__libc_start_main+0x0 in extern-address space (0x30))[0m[0m
[1;32;40mINFO - 2023-05-29 07:12:16,998 - [36mCustomSimProcedure[0m - [36mSyscall found:  malloc[<BV32 0x4>][0m[0m
[1;33;40mWARNING - 2023-05-29 07:12:17,048 - [32mangr.storage.memory_mixins.default_filler_mixin[0m - [32mFilling memory at 0xc0020f5c with 4 unconstrained bytes referenced from 0xa100030 (__libc_start_main+0x0 in extern-address space (0x30))[0m[0m
[1;32;40mINFO - 2023-05-29 07:12:17,101 - [36mCustomSimProcedure[0m - [36mSyscall found:  malloc[<BV32 0x600>][0m[0m
[1;33;40mWARNING - 2023-05-29 07:12:17,136 - [32mangr.storage.memory_mixins.default_filler_mixin[0m - [32mFilling memory at 0xc0020f6c with 4 unconstrained bytes referenced from 0xa100030 (__libc_start_main+0x0 in extern-address space (0x30))[0m[0m
[1;32;40mINFO - 2023-05-29 07:12:17,190 - [36mCustomSimProcedure[0m - [36mSyscall found:  malloc[<BV32 0x4>][0m[0m
[1;33;40mWARNING - 2023-05-29 07:12:17,247 - [32mangr.storage.memory_mixins.default_filler_mixin[0m - [32mFilling memory at 0xc0020f7c with 4 unconstrained bytes referenced from 0xa100030 (__libc_start_main+0x0 in extern-address space (0x30))[0m[0m
[1;32;40mINFO - 2023-05-29 07:12:17,300 - [36mCustomSimProcedure[0m - [36mSyscall found:  malloc[<BV32 0x4>][0m[0m
[1;32;40mINFO - 2023-05-29 07:12:17,310 - [36mCustomSimProcedure[0m - [36mSyscall found:  __libc_start_main[<BV32 0x9049170>, <BV32 0x1>, <BV32 0x7ffeffb0>, <BV32 0x9049ef0>, <BV32 0x9049f60>][0m[0m
[1;33;40mWARNING - 2023-05-29 07:12:17,336 - [32mangr.storage.memory_mixins.default_filler_mixin[0m - [32mFilling register edi with 4 unconstrained bytes referenced from 0x9049f00 (__libc_csu_init+0x10 in mutations14_exec (0x9049f00))[0m[0m
[1;32;40mINFO - 2023-05-29 07:12:17,437 - [36mCustomSimProcedure[0m - [36mSyscall found:  __libc_start_main[151294320, 1, 2147418032, 151297776, 151297888][0m[0m
[1;32;40mINFO - 2023-05-29 07:12:17,481 - [36mCustomSimProcedure[0m - [36mSyscall found:  ptrace[][0m[0m
[1;32;40mINFO - 2023-05-29 07:12:17,531 - [32mSemaExplorerCDFS[0m - [32mA new block of execution have been executed with changes in sim_manager.[0m[0m
[1;32;40mINFO - 2023-05-29 07:12:17,531 - [32mSemaExplorerCDFS[0m - [32mCurrently, simulation manager is :
<SimulationManager with 2 active>[0m[0m
[1;32;40mINFO - 2023-05-29 07:12:17,532 - [32mSemaExplorerCDFS[0m - [32mpause stash len :0[0m[0m
[1;32;40mINFO - 2023-05-29 07:12:17,532 - [32mSemaExplorerCDFS[0m - [32mfork_stack : 1[0m[0m
[1;32;40mINFO - 2023-05-29 07:12:17,556 - [36mCustomSimProcedure[0m - [36mSyscall found:  __libc_start_main[151294320, 1, 2147418032, 151297776, 151297888][0m[0m
[1;32;40mINFO - 2023-05-29 07:12:17,558 - [36mCustomSimProcedure[0m - [36mSyscall found:  time[<BV32 0x0>][0m[0m
[1;32;40mINFO - 2023-05-29 07:12:17,559 - [36mCustomSimProcedure[0m - [36mSyscall found:  time[<BV32 0x0>][0m[0m
[1;32;40mINFO - 2023-05-29 07:12:17,568 - [32mSemaExplorerCDFS[0m - [32mA new block of execution have been executed with changes in sim_manager.[0m[0m
[1;32;40mINFO - 2023-05-29 07:12:17,568 - [32mSemaExplorerCDFS[0m - [32mCurrently, simulation manager is :
<SimulationManager with 1 active, 1 deadended>[0m[0m
[1;32;40mINFO - 2023-05-29 07:12:17,568 - [32mSemaExplorerCDFS[0m - [32mpause stash len :0[0m[0m
[1;32;40mINFO - 2023-05-29 07:12:17,575 - [36mCustomSimProcedure[0m - [36mSyscall found:  srand[<BV32 0x64745051>][0m[0m
[1;32;40mINFO - 2023-05-29 07:12:17,587 - [36mCustomSimProcedure[0m - [36mSyscall found:  rand[][0m[0m
[1;32;40mINFO - 2023-05-29 07:12:17,604 - [36mCustomSimProcedure[0m - [36mSyscall found:  rand[][0m[0m
[1;32;40mINFO - 2023-05-29 07:12:17,619 - [36mCustomSimProcedure[0m - [36mSyscall found:  rand[][0m[0m
[1;32;40mINFO - 2023-05-29 07:12:17,635 - [36mCustomSimProcedure[0m - [36mSyscall found:  rand[][0m[0m
[1;32;40mINFO - 2023-05-29 07:12:17,657 - [36mCustomSimProcedure[0m - [36mSyscall found:  rand[][0m[0m
[1;32;40mINFO - 2023-05-29 07:12:17,677 - [36mCustomSimProcedure[0m - [36mSyscall found:  rand[][0m[0m
[1;32;40mINFO - 2023-05-29 07:12:17,695 - [36mCustomSimProcedure[0m - [36mSyscall found:  rand[][0m[0m
[1;32;40mINFO - 2023-05-29 07:12:17,711 - [36mCustomSimProcedure[0m - [36mSyscall found:  rand[][0m[0m
[1;32;40mINFO - 2023-05-29 07:12:17,727 - [36mCustomSimProcedure[0m - [36mSyscall found:  rand[][0m[0m
[1;32;40mINFO - 2023-05-29 07:12:17,758 - [36mCustomSimProcedure[0m - [36mSyscall found:  sysconf[<BV32 0x54>][0m[0m
[1;32;40mINFO - 2023-05-29 07:12:17,802 - [32mSemaExplorerCDFS[0m - [32mA new block of execution have been executed with changes in sim_manager.[0m[0m
[1;32;40mINFO - 2023-05-29 07:12:17,802 - [32mSemaExplorerCDFS[0m - [32mCurrently, simulation manager is :
<SimulationManager with 2 active, 1 deadended>[0m[0m
[1;32;40mINFO - 2023-05-29 07:12:17,803 - [32mSemaExplorerCDFS[0m - [32mpause stash len :0[0m[0m
[1;32;40mINFO - 2023-05-29 07:12:17,803 - [32mSemaExplorerCDFS[0m - [32mfork_stack : 1[0m[0m
[1;32;40mINFO - 2023-05-29 07:12:17,863 - [36mCustomSimProcedure[0m - [36mSyscall found:  popen[<BV32 0x904a140>, <BV32 0x904a1a6>][0m[0m
[1;32;40mINFO - 2023-05-29 07:12:17,890 - [36mCustomSimProcedure[0m - [36mSyscall found:  popen[<BV32 0x904a140>, <BV32 0x904a1a6>][0m[0m
[1;32;40mINFO - 2023-05-29 07:12:17,946 - [32mSemaExplorerCDFS[0m - [32mA new block of execution have been executed with changes in sim_manager.[0m[0m
[1;32;40mINFO - 2023-05-29 07:12:17,947 - [32mSemaExplorerCDFS[0m - [32mCurrently, simulation manager is :
<SimulationManager with 4 active, 1 deadended>[0m[0m
[1;32;40mINFO - 2023-05-29 07:12:17,947 - [32mSemaExplorerCDFS[0m - [32mpause stash len :0[0m[0m
[1;32;40mINFO - 2023-05-29 07:12:17,947 - [32mSemaExplorerCDFS[0m - [32mfork_stack : 2[0m[0m
[1;32;40mINFO - 2023-05-29 07:12:17,981 - [36mCustomSimProcedure[0m - [36mSyscall found:  strlen[<BV32 0x904a1af>][0m[0m
[1;32;40mINFO - 2023-05-29 07:12:17,982 - [36mCustomSimProcedure[0m - [36mSyscall found:  printf[<BV32 0x904a1af>][0m[0m
[1;32;40mINFO - 2023-05-29 07:12:17,987 - [36mCustomSimProcedure[0m - [36mSyscall found:  strlen[<BV32 0x904a1af>][0m[0m
[1;32;40mINFO - 2023-05-29 07:12:17,988 - [36mCustomSimProcedure[0m - [36mSyscall found:  printf[<BV32 0x904a1af>][0m[0m
[1;33;40mWARNING - 2023-05-29 07:12:18,119 - [32mangr.storage.memory_mixins.default_filler_mixin[0m - [32mFilling memory at 0xb with 4 unconstrained bytes referenced from 0xa100008 (fgets+0x0 in extern-address space (0x8))[0m[0m
[1;33;40mWARNING - 2023-05-29 07:12:18,160 - [33mangr.state_plugins.posix[0m - [33mTried to look up a symbolic fd - constrained to 3 and opened b'/tmp/angr_implicit_0'[0m[0m
[1;32;40mINFO - 2023-05-29 07:12:18,210 - [36mCustomSimProcedure[0m - [36mSyscall found:  fgets[<BV32 0x7ffefe48>, <BV32 0x80>, <BV32 unconstrained_ret_popen_3934222_32{UNINITIALIZED}>][0m[0m
[1;33;40mWARNING - 2023-05-29 07:12:18,368 - [32mangr.storage.memory_mixins.default_filler_mixin[0m - [32mFilling memory at 0xffff0018 with 4 unconstrained bytes referenced from 0xa100008 (fgets+0x0 in extern-address space (0x8))[0m[0m
[1;33;40mWARNING - 2023-05-29 07:12:18,412 - [33mangr.state_plugins.posix[0m - [33mTried to look up a symbolic fd - constrained to 3 and opened b'/tmp/angr_implicit_0'[0m[0m
[1;32;40mINFO - 2023-05-29 07:12:18,461 - [36mCustomSimProcedure[0m - [36mSyscall found:  fgets[<BV32 0x7ffefe48>, <BV32 0x80>, <BV32 unconstrained_ret_popen_3934223_32{UNINITIALIZED}>][0m[0m
[1;33;40mWARNING - 2023-05-29 07:12:18,559 - [32mangr.storage.memory_mixins.default_filler_mixin[0m - [32mFilling memory at 0x38 with 4 unconstrained bytes referenced from 0xa100008 (fgets+0x0 in extern-address space (0x8))[0m[0m
[1;33;40mWARNING - 2023-05-29 07:12:18,588 - [33mangr.state_plugins.posix[0m - [33mTried to look up a symbolic fd - constrained to 3 and opened b'/tmp/angr_implicit_0'[0m[0m
[1;32;40mINFO - 2023-05-29 07:12:18,640 - [36mCustomSimProcedure[0m - [36mSyscall found:  fgets[<BV32 0x7ffefe48>, <BV32 0x80>, <BV32 unconstrained_ret_popen_3934222_32{UNINITIALIZED}>][0m[0m
[1;33;40mWARNING - 2023-05-29 07:12:18,729 - [33mangr.state_plugins.posix[0m - [33mTried to look up a symbolic fd - constrained to 3 and opened b'/tmp/angr_implicit_0'[0m[0m
[1;32;40mINFO - 2023-05-29 07:12:18,780 - [36mCustomSimProcedure[0m - [36mSyscall found:  fgets[<BV32 0x7ffefe48>, <BV32 0x80>, <BV32 unconstrained_ret_popen_3934223_32{UNINITIALIZED}>][0m[0m
[1;32;40mINFO - 2023-05-29 07:12:18,845 - [36mCustomSimProcedure[0m - [36mSyscall found:  strlen[<BV32 0x904a160>][0m[0m
[1;32;40mINFO - 2023-05-29 07:12:18,847 - [36mCustomSimProcedure[0m - [36mSyscall found:  memcpy[<BV32 0x7ffefe10>, <BV32 0x904a160>, <BV32 0x22>][0m[0m
[1;32;40mINFO - 2023-05-29 07:12:18,847 - [36mCustomSimProcedure[0m - [36mSyscall found:  strncpy[<BV32 0x7ffefe10>, <BV32 0x904a160>, <BV32 0x22>][0m[0m
[1;32;40mINFO - 2023-05-29 07:12:18,876 - [36mCustomSimProcedure[0m - [36mSyscall found:  strlen[<BV32 0x904a160>][0m[0m
[1;32;40mINFO - 2023-05-29 07:12:18,878 - [36mCustomSimProcedure[0m - [36mSyscall found:  memcpy[<BV32 0x7ffefe10>, <BV32 0x904a160>, <BV32 0x22>][0m[0m
[1;32;40mINFO - 2023-05-29 07:12:18,878 - [36mCustomSimProcedure[0m - [36mSyscall found:  strncpy[<BV32 0x7ffefe10>, <BV32 0x904a160>, <BV32 0x22>][0m[0m
[1;32;40mINFO - 2023-05-29 07:12:18,933 - [36mCustomSimProcedure[0m - [36mSyscall found:  strlen[<BV32 0x904a160>][0m[0m
[1;32;40mINFO - 2023-05-29 07:12:18,934 - [36mCustomSimProcedure[0m - [36mSyscall found:  memcpy[<BV32 0x7ffefe10>, <BV32 0x904a160>, <BV32 0x22>][0m[0m
[1;32;40mINFO - 2023-05-29 07:12:18,934 - [36mCustomSimProcedure[0m - [36mSyscall found:  strncpy[<BV32 0x7ffefe10>, <BV32 0x904a160>, <BV32 0x22>][0m[0m
[1;32;40mINFO - 2023-05-29 07:12:18,950 - [36mCustomSimProcedure[0m - [36mSyscall found:  strlen[<BV32 0x904a160>][0m[0m
[1;32;40mINFO - 2023-05-29 07:12:18,952 - [36mCustomSimProcedure[0m - [36mSyscall found:  memcpy[<BV32 0x7ffefe10>, <BV32 0x904a160>, <BV32 0x22>][0m[0m
[1;32;40mINFO - 2023-05-29 07:12:18,952 - [36mCustomSimProcedure[0m - [36mSyscall found:  strncpy[<BV32 0x7ffefe10>, <BV32 0x904a160>, <BV32 0x22>][0m[0m
[1;32;40mINFO - 2023-05-29 07:12:18,966 - [36mCustomSimProcedure[0m - [36mSyscall found:  strlen[<BV32 0x904a160>][0m[0m
[1;32;40mINFO - 2023-05-29 07:12:18,976 - [36mCustomSimProcedure[0m - [36mSyscall found:  strlen[<BV32 0x7ffefe10>][0m[0m
[1;32;40mINFO - 2023-05-29 07:12:18,987 - [36mCustomSimProcedure[0m - [36mSyscall found:  strncmp[<BV32 0x904a160>, <BV32 0x7ffefe10>, <BV32 0x21>][0m[0m
[1;32;40mINFO - 2023-05-29 07:12:18,988 - [36mCustomSimProcedure[0m - [36mSyscall found:  strcmp[<BV32 0x904a160>, <BV32 0x7ffefe10>][0m[0m
[1;32;40mINFO - 2023-05-29 07:12:19,011 - [36mCustomSimProcedure[0m - [36mSyscall found:  strlen[<BV32 0x904a160>][0m[0m
[1;32;40mINFO - 2023-05-29 07:12:19,027 - [36mCustomSimProcedure[0m - [36mSyscall found:  strlen[<BV32 0x7ffefe10>][0m[0m
[1;32;40mINFO - 2023-05-29 07:12:19,036 - [36mCustomSimProcedure[0m - [36mSyscall found:  strncmp[<BV32 0x904a160>, <BV32 0x7ffefe10>, <BV32 0x21>][0m[0m
[1;32;40mINFO - 2023-05-29 07:12:19,036 - [36mCustomSimProcedure[0m - [36mSyscall found:  strcmp[<BV32 0x904a160>, <BV32 0x7ffefe10>][0m[0m
[1;32;40mINFO - 2023-05-29 07:12:19,107 - [36mCustomSimProcedure[0m - [36mSyscall found:  strlen[<BV32 0x904a160>][0m[0m
[1;32;40mINFO - 2023-05-29 07:12:19,117 - [36mCustomSimProcedure[0m - [36mSyscall found:  strlen[<BV32 0x7ffefe10>][0m[0m
[1;32;40mINFO - 2023-05-29 07:12:19,124 - [36mCustomSimProcedure[0m - [36mSyscall found:  strncmp[<BV32 0x904a160>, <BV32 0x7ffefe10>, <BV32 0x21>][0m[0m
[1;32;40mINFO - 2023-05-29 07:12:19,125 - [36mCustomSimProcedure[0m - [36mSyscall found:  strcmp[<BV32 0x904a160>, <BV32 0x7ffefe10>][0m[0m
[1;32;40mINFO - 2023-05-29 07:12:19,140 - [36mCustomSimProcedure[0m - [36mSyscall found:  strlen[<BV32 0x904a160>][0m[0m
[1;32;40mINFO - 2023-05-29 07:12:19,151 - [36mCustomSimProcedure[0m - [36mSyscall found:  strlen[<BV32 0x7ffefe10>][0m[0m
[1;32;40mINFO - 2023-05-29 07:12:19,160 - [36mCustomSimProcedure[0m - [36mSyscall found:  strncmp[<BV32 0x904a160>, <BV32 0x7ffefe10>, <BV32 0x21>][0m[0m
[1;32;40mINFO - 2023-05-29 07:12:19,161 - [36mCustomSimProcedure[0m - [36mSyscall found:  strcmp[<BV32 0x904a160>, <BV32 0x7ffefe10>][0m[0m
[1;32;40mINFO - 2023-05-29 07:12:19,195 - [36mCustomSimProcedure[0m - [36mSyscall found:  pclose[<BV32 unconstrained_ret_popen_3934223_32{UNINITIALIZED}>][0m[0m
[1;32;40mINFO - 2023-05-29 07:12:19,307 - [36mCustomSimProcedure[0m - [36mSyscall found:  pclose[<BV32 unconstrained_ret_popen_3934222_32{UNINITIALIZED}>][0m[0m
[1;32;40mINFO - 2023-05-29 07:12:19,470 - [32mSemaExplorerCDFS[0m - [32mA new block of execution have been executed with changes in sim_manager.[0m[0m
[1;32;40mINFO - 2023-05-29 07:12:19,470 - [32mSemaExplorerCDFS[0m - [32mCurrently, simulation manager is :
<SimulationManager with 6 active, 1 deadended>[0m[0m
[1;32;40mINFO - 2023-05-29 07:12:19,471 - [32mSemaExplorerCDFS[0m - [32mpause stash len :0[0m[0m
[1;32;40mINFO - 2023-05-29 07:12:19,471 - [32mSemaExplorerCDFS[0m - [32mfork_stack : 2[0m[0m
[1;32;40mINFO - 2023-05-29 07:12:19,479 - [36mCustomSimProcedure[0m - [36mSyscall found:  pclose[<BV32 unconstrained_ret_popen_3934222_32{UNINITIALIZED}>][0m[0m
[1;32;40mINFO - 2023-05-29 07:12:19,625 - [36mCustomSimProcedure[0m - [36mSyscall found:  strlen[<BV32 0x904a1b5>][0m[0m
[1;32;40mINFO - 2023-05-29 07:12:19,628 - [36mCustomSimProcedure[0m - [36mSyscall found:  printf[<BV32 0x904a1b5>][0m[0m
[1;32;40mINFO - 2023-05-29 07:12:19,676 - [36mCustomSimProcedure[0m - [36mSyscall found:  strlen[<BV32 0x904a1b5>][0m[0m
[1;32;40mINFO - 2023-05-29 07:12:19,680 - [36mCustomSimProcedure[0m - [36mSyscall found:  printf[<BV32 0x904a1b5>][0m[0m
[1;32;40mINFO - 2023-05-29 07:12:19,682 - [32mSemaExplorerCDFS[0m - [32mA new block of execution have been executed with changes in sim_manager.[0m[0m
[1;32;40mINFO - 2023-05-29 07:12:19,682 - [32mSemaExplorerCDFS[0m - [32mCurrently, simulation manager is :
<SimulationManager with 6 active, 1 deadended>[0m[0m
[1;32;40mINFO - 2023-05-29 07:12:19,683 - [32mSemaExplorerCDFS[0m - [32mpause stash len :1[0m[0m
[1;32;40mINFO - 2023-05-29 07:12:19,683 - [32mSemaExplorerCDFS[0m - [32mfork_stack : 1[0m[0m
[1;32;40mINFO - 2023-05-29 07:12:19,743 - [36mCustomSimProcedure[0m - [36mSyscall found:  strlen[<BV32 0x904a1b5>][0m[0m
[1;32;40mINFO - 2023-05-29 07:12:19,747 - [36mCustomSimProcedure[0m - [36mSyscall found:  printf[<BV32 0x904a1b5>][0m[0m
[1;32;40mINFO - 2023-05-29 07:12:19,808 - [36mCustomSimProcedure[0m - [36mSyscall found:  popen[<BV32 0x904a182>, <BV32 0x904a1a6>][0m[0m
[1;32;40mINFO - 2023-05-29 07:12:19,863 - [32mSemaExplorerCDFS[0m - [32mA new block of execution have been executed with changes in sim_manager.[0m[0m
[1;32;40mINFO - 2023-05-29 07:12:19,864 - [32mSemaExplorerCDFS[0m - [32mCurrently, simulation manager is :
<SimulationManager with 6 active, 1 deadended>[0m[0m
[1;32;40mINFO - 2023-05-29 07:12:19,864 - [32mSemaExplorerCDFS[0m - [32mpause stash len :2[0m[0m
[1;32;40mINFO - 2023-05-29 07:12:19,864 - [32mSemaExplorerCDFS[0m - [32mfork_stack : 1[0m[0m
[1;32;40mINFO - 2023-05-29 07:12:19,866 - [36mCustomSimProcedure[0m - [36mSyscall found:  popen[<BV32 0x904a182>, <BV32 0x904a1a6>][0m[0m
[1;32;40mINFO - 2023-05-29 07:12:19,903 - [36mCustomSimProcedure[0m - [36mSyscall found:  popen[<BV32 0x904a182>, <BV32 0x904a1a6>][0m[0m
[1;32;40mINFO - 2023-05-29 07:12:19,928 - [36mCustomSimProcedure[0m - [36mSyscall found:  popen[<BV32 0x904a182>, <BV32 0x904a1a6>][0m[0m
[1;32;40mINFO - 2023-05-29 07:12:20,013 - [36mCustomSimProcedure[0m - [36mSyscall found:  strlen[<BV32 0x904a1af>][0m[0m
[1;32;40mINFO - 2023-05-29 07:12:20,014 - [36mCustomSimProcedure[0m - [36mSyscall found:  printf[<BV32 0x904a1af>][0m[0m
[1;32;40mINFO - 2023-05-29 07:12:20,015 - [32mSemaExplorerCDFS[0m - [32mA new block of execution have been executed with changes in sim_manager.[0m[0m
[1;32;40mINFO - 2023-05-29 07:12:20,015 - [32mSemaExplorerCDFS[0m - [32mCurrently, simulation manager is :
<SimulationManager with 8 active, 1 deadended>[0m[0m
[1;32;40mINFO - 2023-05-29 07:12:20,015 - [32mSemaExplorerCDFS[0m - [32mpause stash len :3[0m[0m
[1;32;40mINFO - 2023-05-29 07:12:20,015 - [32mSemaExplorerCDFS[0m - [32mfork_stack : 3[0m[0m
[1;32;40mINFO - 2023-05-29 07:12:20,033 - [36mCustomSimProcedure[0m - [36mSyscall found:  popen[<BV32 0x904a182>, <BV32 0x904a1a6>][0m[0m
[1;32;40mINFO - 2023-05-29 07:12:20,075 - [36mCustomSimProcedure[0m - [36mSyscall found:  strlen[<BV32 0x904a1af>][0m[0m
[1;32;40mINFO - 2023-05-29 07:12:20,076 - [36mCustomSimProcedure[0m - [36mSyscall found:  printf[<BV32 0x904a1af>][0m[0m
[1;32;40mINFO - 2023-05-29 07:12:20,102 - [36mCustomSimProcedure[0m - [36mSyscall found:  strlen[<BV32 0x904a1af>][0m[0m
[1;32;40mINFO - 2023-05-29 07:12:20,103 - [36mCustomSimProcedure[0m - [36mSyscall found:  printf[<BV32 0x904a1af>][0m[0m
[1;32;40mINFO - 2023-05-29 07:12:20,109 - [32mSemaExplorerCDFS[0m - [32mA new block of execution have been executed with changes in sim_manager.[0m[0m
[1;32;40mINFO - 2023-05-29 07:12:20,109 - [32mSemaExplorerCDFS[0m - [32mCurrently, simulation manager is :
<SimulationManager with 6 active, 1 deadended>[0m[0m
[1;32;40mINFO - 2023-05-29 07:12:20,109 - [32mSemaExplorerCDFS[0m - [32mpause stash len :6[0m[0m
[1;32;40mINFO - 2023-05-29 07:12:20,109 - [32mSemaExplorerCDFS[0m - [32mfork_stack : 1[0m[0m
[1;33;40mWARNING - 2023-05-29 07:12:20,242 - [32mangr.storage.memory_mixins.default_filler_mixin[0m - [32mFilling memory at 0x5 with 4 unconstrained bytes referenced from 0xa100008 (fgets+0x0 in extern-address space (0x8))[0m[0m
[1;33;40mWARNING - 2023-05-29 07:12:20,286 - [33mangr.state_plugins.posix[0m - [33mTried to look up a symbolic fd - constrained to 4 and opened b'/tmp/angr_implicit_1'[0m[0m
[1;32;40mINFO - 2023-05-29 07:12:20,336 - [36mCustomSimProcedure[0m - [36mSyscall found:  fgets[<BV32 0x7ffefe48>, <BV32 0x80>, <BV32 unconstrained_ret_popen_3934239_32{UNINITIALIZED}>][0m[0m
[1;32;40mINFO - 2023-05-29 07:12:20,403 - [36mCustomSimProcedure[0m - [36mSyscall found:  strlen[<BV32 0x904a1af>][0m[0m
[1;32;40mINFO - 2023-05-29 07:12:20,404 - [36mCustomSimProcedure[0m - [36mSyscall found:  printf[<BV32 0x904a1af>][0m[0m
[1;32;40mINFO - 2023-05-29 07:12:20,494 - [36mCustomSimProcedure[0m - [36mSyscall found:  fgets[<BV32 0x7ffefe48>, <BV32 0x80>, <BV32 unconstrained_ret_popen_3934239_32{UNINITIALIZED}>][0m[0m
[1;33;40mWARNING - 2023-05-29 07:12:20,674 - [32mangr.storage.memory_mixins.default_filler_mixin[0m - [32mFilling memory at 0xfffffffe with 1 unconstrained bytes referenced from 0xa100008 (fgets+0x0 in extern-address space (0x8))[0m[0m
[1;33;40mWARNING - 2023-05-29 07:12:20,749 - [33mangr.state_plugins.posix[0m - [33mTried to look up a symbolic fd - constrained to 4 and opened b'/tmp/angr_implicit_1'[0m[0m
[1;32;40mINFO - 2023-05-29 07:12:20,801 - [36mCustomSimProcedure[0m - [36mSyscall found:  fgets[<BV32 0x7ffefe48>, <BV32 0x80>, <BV32 unconstrained_ret_popen_3934240_32{UNINITIALIZED}>][0m[0m
[1;32;40mINFO - 2023-05-29 07:12:20,837 - [32mSemaExplorerCDFS[0m - [32mEnd of the trace number 4 with errors[0m[0m
[1;32;40mINFO - 2023-05-29 07:12:20,837 - [32mSemaExplorerCDFS[0m - <SimState @ 0xa100008>[0m
[1;32;40mINFO - 2023-05-29 07:12:20,838 - [32mSemaExplorerCDFS[0m - Tried to do operation on symbolic but partially constrained file descriptor[0m
[1;33;40mWARNING - 2023-05-29 07:12:20,967 - [32mangr.storage.memory_mixins.default_filler_mixin[0m - [32mFilling memory at 0xfffffff8 with 4 unconstrained bytes referenced from 0xa100008 (fgets+0x0 in extern-address space (0x8))[0m[0m
[1;33;40mWARNING - 2023-05-29 07:12:21,008 - [33mangr.state_plugins.posix[0m - [33mTried to look up a symbolic fd - constrained to 4 and opened b'/tmp/angr_implicit_1'[0m[0m
[1;32;40mINFO - 2023-05-29 07:12:21,058 - [36mCustomSimProcedure[0m - [36mSyscall found:  fgets[<BV32 0x7ffefe48>, <BV32 0x80>, <BV32 unconstrained_ret_popen_3934240_32{UNINITIALIZED}>][0m[0m
[1;32;40mINFO - 2023-05-29 07:12:21,117 - [36mCustomSimProcedure[0m - [36mSyscall found:  strlen[<BV32 0x904a1a8>][0m[0m
[1;32;40mINFO - 2023-05-29 07:12:21,118 - [36mCustomSimProcedure[0m - [36mSyscall found:  memcpy[<BV32 0x7ffefe30>, <BV32 0x904a1a8>, <BV32 0x6>][0m[0m
[1;32;40mINFO - 2023-05-29 07:12:21,118 - [36mCustomSimProcedure[0m - [36mSyscall found:  strncpy[<BV32 0x7ffefe30>, <BV32 0x904a1a8>, <BV32 0x6>][0m[0m
[1;32;40mINFO - 2023-05-29 07:12:21,185 - [36mCustomSimProcedure[0m - [36mSyscall found:  fgets[<BV32 0x7ffefe48>, <BV32 0x80>, <BV32 unconstrained_ret_popen_3934242_32{UNINITIALIZED}>][0m[0m
[1;32;40mINFO - 2023-05-29 07:12:21,281 - [36mCustomSimProcedure[0m - [36mSyscall found:  strlen[<BV32 0x904a1a8>][0m[0m
[1;32;40mINFO - 2023-05-29 07:12:21,283 - [36mCustomSimProcedure[0m - [36mSyscall found:  memcpy[<BV32 0x7ffefe30>, <BV32 0x904a1a8>, <BV32 0x6>][0m[0m
[1;32;40mINFO - 2023-05-29 07:12:21,283 - [36mCustomSimProcedure[0m - [36mSyscall found:  strncpy[<BV32 0x7ffefe30>, <BV32 0x904a1a8>, <BV32 0x6>][0m[0m
[1;32;40mINFO - 2023-05-29 07:12:21,313 - [36mCustomSimProcedure[0m - [36mSyscall found:  strlen[<BV32 0x904a1a8>][0m[0m
[1;32;40mINFO - 2023-05-29 07:12:21,315 - [36mCustomSimProcedure[0m - [36mSyscall found:  memcpy[<BV32 0x7ffefe30>, <BV32 0x904a1a8>, <BV32 0x6>][0m[0m
[1;32;40mINFO - 2023-05-29 07:12:21,315 - [36mCustomSimProcedure[0m - [36mSyscall found:  strncpy[<BV32 0x7ffefe30>, <BV32 0x904a1a8>, <BV32 0x6>][0m[0m
[1;32;40mINFO - 2023-05-29 07:12:21,346 - [36mCustomSimProcedure[0m - [36mSyscall found:  strlen[<BV32 0x904a1a8>][0m[0m
[1;32;40mINFO - 2023-05-29 07:12:21,349 - [36mCustomSimProcedure[0m - [36mSyscall found:  strlen[<BV32 0x7ffefe30>][0m[0m
[1;32;40mINFO - 2023-05-29 07:12:21,351 - [36mCustomSimProcedure[0m - [36mSyscall found:  strncmp[<BV32 0x904a1a8>, <BV32 0x7ffefe30>, <BV32 0x6>][0m[0m
[1;32;40mINFO - 2023-05-29 07:12:21,352 - [36mCustomSimProcedure[0m - [36mSyscall found:  strcmp[<BV32 0x904a1a8>, <BV32 0x7ffefe30>][0m[0m
[1;32;40mINFO - 2023-05-29 07:12:21,377 - [36mCustomSimProcedure[0m - [36mSyscall found:  strlen[<BV32 0x904a1a8>][0m[0m
[1;32;40mINFO - 2023-05-29 07:12:21,379 - [36mCustomSimProcedure[0m - [36mSyscall found:  memcpy[<BV32 0x7ffefe30>, <BV32 0x904a1a8>, <BV32 0x6>][0m[0m
[1;32;40mINFO - 2023-05-29 07:12:21,379 - [36mCustomSimProcedure[0m - [36mSyscall found:  strncpy[<BV32 0x7ffefe30>, <BV32 0x904a1a8>, <BV32 0x6>][0m[0m
[1;32;40mINFO - 2023-05-29 07:12:21,401 - [36mCustomSimProcedure[0m - [36mSyscall found:  strlen[<BV32 0x904a1a8>][0m[0m
[1;32;40mINFO - 2023-05-29 07:12:21,403 - [36mCustomSimProcedure[0m - [36mSyscall found:  memcpy[<BV32 0x7ffefe30>, <BV32 0x904a1a8>, <BV32 0x6>][0m[0m
[1;32;40mINFO - 2023-05-29 07:12:21,403 - [36mCustomSimProcedure[0m - [36mSyscall found:  strncpy[<BV32 0x7ffefe30>, <BV32 0x904a1a8>, <BV32 0x6>][0m[0m
[1;32;40mINFO - 2023-05-29 07:12:21,427 - [36mCustomSimProcedure[0m - [36mSyscall found:  strlen[<BV32 0x904a1a8>][0m[0m
[1;32;40mINFO - 2023-05-29 07:12:21,430 - [36mCustomSimProcedure[0m - [36mSyscall found:  strlen[<BV32 0x7ffefe30>][0m[0m
[1;32;40mINFO - 2023-05-29 07:12:21,433 - [36mCustomSimProcedure[0m - [36mSyscall found:  strncmp[<BV32 0x904a1a8>, <BV32 0x7ffefe30>, <BV32 0x6>][0m[0m
[1;32;40mINFO - 2023-05-29 07:12:21,435 - [36mCustomSimProcedure[0m - [36mSyscall found:  strcmp[<BV32 0x904a1a8>, <BV32 0x7ffefe30>][0m[0m
[1;32;40mINFO - 2023-05-29 07:12:21,470 - [36mCustomSimProcedure[0m - [36mSyscall found:  strlen[<BV32 0x904a1a8>][0m[0m
[1;32;40mINFO - 2023-05-29 07:12:21,473 - [36mCustomSimProcedure[0m - [36mSyscall found:  strlen[<BV32 0x7ffefe30>][0m[0m
[1;32;40mINFO - 2023-05-29 07:12:21,476 - [36mCustomSimProcedure[0m - [36mSyscall found:  strncmp[<BV32 0x904a1a8>, <BV32 0x7ffefe30>, <BV32 0x6>][0m[0m
[1;32;40mINFO - 2023-05-29 07:12:21,477 - [36mCustomSimProcedure[0m - [36mSyscall found:  strcmp[<BV32 0x904a1a8>, <BV32 0x7ffefe30>][0m[0m
[1;32;40mINFO - 2023-05-29 07:12:21,516 - [36mCustomSimProcedure[0m - [36mSyscall found:  strlen[<BV32 0x904a1a8>][0m[0m
[1;32;40mINFO - 2023-05-29 07:12:21,519 - [36mCustomSimProcedure[0m - [36mSyscall found:  strlen[<BV32 0x7ffefe30>][0m[0m
[1;32;40mINFO - 2023-05-29 07:12:21,523 - [36mCustomSimProcedure[0m - [36mSyscall found:  strncmp[<BV32 0x904a1a8>, <BV32 0x7ffefe30>, <BV32 0x6>][0m[0m
[1;32;40mINFO - 2023-05-29 07:12:21,524 - [36mCustomSimProcedure[0m - [36mSyscall found:  strcmp[<BV32 0x904a1a8>, <BV32 0x7ffefe30>][0m[0m
[1;32;40mINFO - 2023-05-29 07:12:21,548 - [36mCustomSimProcedure[0m - [36mSyscall found:  pclose[<BV32 unconstrained_ret_popen_3934239_32{UNINITIALIZED}>][0m[0m
[1;32;40mINFO - 2023-05-29 07:12:21,683 - [36mCustomSimProcedure[0m - [36mSyscall found:  strlen[<BV32 0x904a1a8>][0m[0m
[1;32;40mINFO - 2023-05-29 07:12:21,686 - [36mCustomSimProcedure[0m - [36mSyscall found:  strlen[<BV32 0x7ffefe30>][0m[0m
[1;32;40mINFO - 2023-05-29 07:12:21,688 - [36mCustomSimProcedure[0m - [36mSyscall found:  strncmp[<BV32 0x904a1a8>, <BV32 0x7ffefe30>, <BV32 0x6>][0m[0m
[1;32;40mINFO - 2023-05-29 07:12:21,689 - [36mCustomSimProcedure[0m - [36mSyscall found:  strcmp[<BV32 0x904a1a8>, <BV32 0x7ffefe30>][0m[0m
[1;32;40mINFO - 2023-05-29 07:12:21,761 - [32mSemaExplorerCDFS[0m - [32mA new block of execution have been executed with changes in sim_manager.[0m[0m
[1;32;40mINFO - 2023-05-29 07:12:21,761 - [32mSemaExplorerCDFS[0m - [32mCurrently, simulation manager is :
<SimulationManager with 6 active, 1 deadended (1 errored)>[0m[0m
[1;32;40mINFO - 2023-05-29 07:12:21,761 - [32mSemaExplorerCDFS[0m - [32mpause stash len :6[0m[0m
[1;32;40mINFO - 2023-05-29 07:12:21,761 - [32mSemaExplorerCDFS[0m - [32mfork_stack : 1[0m[0m
[1;32;40mINFO - 2023-05-29 07:12:21,763 - [36mCustomSimProcedure[0m - [36mSyscall found:  pclose[<BV32 unconstrained_ret_popen_3934239_32{UNINITIALIZED}>][0m[0m
[1;32;40mINFO - 2023-05-29 07:12:21,892 - [36mCustomSimProcedure[0m - [36mSyscall found:  pclose[<BV32 unconstrained_ret_popen_3934240_32{UNINITIALIZED}>][0m[0m
[1;32;40mINFO - 2023-05-29 07:12:22,029 - [36mCustomSimProcedure[0m - [36mSyscall found:  strlen[<BV32 0x904a1b5>][0m[0m
[1;32;40mINFO - 2023-05-29 07:12:22,033 - [36mCustomSimProcedure[0m - [36mSyscall found:  printf[<BV32 0x904a1b5>][0m[0m
[1;32;40mINFO - 2023-05-29 07:12:22,065 - [32mSemaExplorerCDFS[0m - [32mA new block of execution have been executed with changes in sim_manager.[0m[0m
[1;32;40mINFO - 2023-05-29 07:12:22,065 - [32mSemaExplorerCDFS[0m - [32mCurrently, simulation manager is :
<SimulationManager with 7 active, 1 deadended (1 errored)>[0m[0m
[1;32;40mINFO - 2023-05-29 07:12:22,065 - [32mSemaExplorerCDFS[0m - [32mpause stash len :7[0m[0m
[1;32;40mINFO - 2023-05-29 07:12:22,065 - [32mSemaExplorerCDFS[0m - [32mfork_stack : 2[0m[0m
[1;32;40mINFO - 2023-05-29 07:12:22,088 - [36mCustomSimProcedure[0m - [36mSyscall found:  pclose[<BV32 unconstrained_ret_popen_3934242_32{UNINITIALIZED}>][0m[0m
[1;32;40mINFO - 2023-05-29 07:12:22,199 - [36mCustomSimProcedure[0m - [36mSyscall found:  strlen[<BV32 0x904a1b5>][0m[0m
[1;32;40mINFO - 2023-05-29 07:12:22,203 - [36mCustomSimProcedure[0m - [36mSyscall found:  printf[<BV32 0x904a1b5>][0m[0m
[1;32;40mINFO - 2023-05-29 07:12:22,235 - [32mSemaExplorerCDFS[0m - [32mA new block of execution have been executed with changes in sim_manager.[0m[0m
[1;32;40mINFO - 2023-05-29 07:12:22,235 - [32mSemaExplorerCDFS[0m - [32mCurrently, simulation manager is :
<SimulationManager with 6 active, 1 deadended (1 errored)>[0m[0m
[1;32;40mINFO - 2023-05-29 07:12:22,235 - [32mSemaExplorerCDFS[0m - [32mpause stash len :9[0m[0m
[1;32;40mINFO - 2023-05-29 07:12:22,235 - [32mSemaExplorerCDFS[0m - [32mfork_stack : 1[0m[0m
[1;32;40mINFO - 2023-05-29 07:12:22,315 - [36mCustomSimProcedure[0m - [36mSyscall found:  __libc_start_main[151294320, 1, 2147418032, 151297776, 151297888][0m[0m
[1;32;40mINFO - 2023-05-29 07:12:22,345 - [32mSemaExplorerCDFS[0m - [32mA new block of execution have been executed with changes in sim_manager.[0m[0m
[1;32;40mINFO - 2023-05-29 07:12:22,345 - [32mSemaExplorerCDFS[0m - [32mCurrently, simulation manager is :
<SimulationManager with 4 active, 2 deadended (1 errored)>[0m[0m
[1;32;40mINFO - 2023-05-29 07:12:22,345 - [32mSemaExplorerCDFS[0m - [32mpause stash len :10[0m[0m
[1;32;40mINFO - 2023-05-29 07:12:22,348 - [36mCustomSimProcedure[0m - [36mSyscall found:  __libc_start_main[151294320, 1, 2147418032, 151297776, 151297888][0m[0m
[1;32;40mINFO - 2023-05-29 07:12:22,358 - [36mCustomSimProcedure[0m - [36mSyscall found:  __libc_start_main[151294320, 1, 2147418032, 151297776, 151297888][0m[0m
[1;32;40mINFO - 2023-05-29 07:12:22,403 - [36mCustomSimProcedure[0m - [36mSyscall found:  strlen[<BV32 0x904a1b5>][0m[0m
[1;32;40mINFO - 2023-05-29 07:12:22,406 - [36mCustomSimProcedure[0m - [36mSyscall found:  printf[<BV32 0x904a1b5>][0m[0m
[1;32;40mINFO - 2023-05-29 07:12:22,409 - [32mSemaExplorerCDFS[0m - [32mA new block of execution have been executed with changes in sim_manager.[0m[0m
[1;32;40mINFO - 2023-05-29 07:12:22,409 - [32mSemaExplorerCDFS[0m - [32mCurrently, simulation manager is :
<SimulationManager with 3 active, 4 deadended (1 errored)>[0m[0m
[1;32;40mINFO - 2023-05-29 07:12:22,409 - [32mSemaExplorerCDFS[0m - [32mpause stash len :9[0m[0m
[1;32;40mINFO - 2023-05-29 07:12:22,413 - [36mCustomSimProcedure[0m - [36mSyscall found:  __libc_start_main[151294320, 1, 2147418032, 151297776, 151297888][0m[0m
[1;32;40mINFO - 2023-05-29 07:12:22,416 - [36mCustomSimProcedure[0m - [36mSyscall found:  __libc_start_main[151294320, 1, 2147418032, 151297776, 151297888][0m[0m
[1;32;40mINFO - 2023-05-29 07:12:22,464 - [36mCustomSimProcedure[0m - [36mSyscall found:  strlen[<BV32 0x904a1b5>][0m[0m
[1;32;40mINFO - 2023-05-29 07:12:22,468 - [36mCustomSimProcedure[0m - [36mSyscall found:  printf[<BV32 0x904a1b5>][0m[0m
[1;32;40mINFO - 2023-05-29 07:12:22,470 - [32mSemaExplorerCDFS[0m - [32mA new block of execution have been executed with changes in sim_manager.[0m[0m
[1;32;40mINFO - 2023-05-29 07:12:22,470 - [32mSemaExplorerCDFS[0m - [32mCurrently, simulation manager is :
<SimulationManager with 3 active, 6 deadended (1 errored)>[0m[0m
[1;32;40mINFO - 2023-05-29 07:12:22,470 - [32mSemaExplorerCDFS[0m - [32mpause stash len :7[0m[0m
[1;32;40mINFO - 2023-05-29 07:12:22,519 - [36mCustomSimProcedure[0m - [36mSyscall found:  pclose[<BV32 unconstrained_ret_popen_3934240_32{UNINITIALIZED}>][0m[0m
[1;32;40mINFO - 2023-05-29 07:12:22,630 - [36mCustomSimProcedure[0m - [36mSyscall found:  strlen[<BV32 0x904a1af>][0m[0m
[1;32;40mINFO - 2023-05-29 07:12:22,631 - [36mCustomSimProcedure[0m - [36mSyscall found:  printf[<BV32 0x904a1af>][0m[0m
[1;32;40mINFO - 2023-05-29 07:12:22,677 - [32mSemaExplorerCDFS[0m - [32mA new block of execution have been executed with changes in sim_manager.[0m[0m
[1;32;40mINFO - 2023-05-29 07:12:22,677 - [32mSemaExplorerCDFS[0m - [32mCurrently, simulation manager is :
<SimulationManager with 6 active, 6 deadended (1 errored)>[0m[0m
[1;32;40mINFO - 2023-05-29 07:12:22,677 - [32mSemaExplorerCDFS[0m - [32mpause stash len :5[0m[0m
[1;32;40mINFO - 2023-05-29 07:12:22,678 - [32mSemaExplorerCDFS[0m - [32mfork_stack : 1[0m[0m
[1;32;40mINFO - 2023-05-29 07:12:22,707 - [36mCustomSimProcedure[0m - [36mSyscall found:  __libc_start_main[151294320, 1, 2147418032, 151297776, 151297888][0m[0m
[1;32;40mINFO - 2023-05-29 07:12:22,709 - [36mCustomSimProcedure[0m - [36mSyscall found:  __libc_start_main[151294320, 1, 2147418032, 151297776, 151297888][0m[0m
[1;32;40mINFO - 2023-05-29 07:12:22,740 - [36mCustomSimProcedure[0m - [36mSyscall found:  strlen[<BV32 0x904a1b5>][0m[0m
[1;32;40mINFO - 2023-05-29 07:12:22,744 - [36mCustomSimProcedure[0m - [36mSyscall found:  printf[<BV32 0x904a1b5>][0m[0m
[1;32;40mINFO - 2023-05-29 07:12:22,770 - [32mSemaExplorerCDFS[0m - [32mA new block of execution have been executed with changes in sim_manager.[0m[0m
[1;32;40mINFO - 2023-05-29 07:12:22,771 - [32mSemaExplorerCDFS[0m - [32mCurrently, simulation manager is :
<SimulationManager with 3 active, 8 deadended (1 errored)>[0m[0m
[1;32;40mINFO - 2023-05-29 07:12:22,771 - [32mSemaExplorerCDFS[0m - [32mpause stash len :6[0m[0m
[1;32;40mINFO - 2023-05-29 07:12:22,773 - [36mCustomSimProcedure[0m - [36mSyscall found:  __libc_start_main[151294320, 1, 2147418032, 151297776, 151297888][0m[0m
[1;33;40mWARNING - 2023-05-29 07:12:22,845 - [33mangr.state_plugins.posix[0m - [33mTried to look up a symbolic fd - constrained to 4 and opened b'/tmp/angr_implicit_1'[0m[0m
[1;32;40mINFO - 2023-05-29 07:12:22,894 - [36mCustomSimProcedure[0m - [36mSyscall found:  fgets[<BV32 0x7ffefe48>, <BV32 0x80>, <BV32 unconstrained_ret_popen_3934241_32{UNINITIALIZED}>][0m[0m
[1;32;40mINFO - 2023-05-29 07:12:22,938 - [32mSemaExplorerCDFS[0m - [32mA new block of execution have been executed with changes in sim_manager.[0m[0m
[1;32;40mINFO - 2023-05-29 07:12:22,939 - [32mSemaExplorerCDFS[0m - [32mCurrently, simulation manager is :
<SimulationManager with 4 active, 9 deadended (1 errored)>[0m[0m
[1;32;40mINFO - 2023-05-29 07:12:22,939 - [32mSemaExplorerCDFS[0m - [32mpause stash len :4[0m[0m
[1;33;40mWARNING - 2023-05-29 07:12:23,067 - [32mangr.storage.memory_mixins.default_filler_mixin[0m - [32mFilling memory at 0x3 with 1 unconstrained bytes referenced from 0xa100008 (fgets+0x0 in extern-address space (0x8))[0m[0m
[1;33;40mWARNING - 2023-05-29 07:12:23,095 - [33mangr.state_plugins.posix[0m - [33mTried to look up a symbolic fd - constrained to 4 and opened b'/tmp/angr_implicit_1'[0m[0m
[1;32;40mINFO - 2023-05-29 07:12:23,146 - [36mCustomSimProcedure[0m - [36mSyscall found:  fgets[<BV32 0x7ffefe48>, <BV32 0x80>, <BV32 unconstrained_ret_popen_3934241_32{UNINITIALIZED}>][0m[0m
[1;32;40mINFO - 2023-05-29 07:12:23,195 - [36mCustomSimProcedure[0m - [36mSyscall found:  __libc_start_main[151294320, 1, 2147418032, 151297776, 151297888][0m[0m
[1;33;40mWARNING - 2023-05-29 07:12:23,286 - [33mangr.state_plugins.posix[0m - [33mTried to look up a symbolic fd - constrained to 4 and opened b'/tmp/angr_implicit_1'[0m[0m
[1;32;40mINFO - 2023-05-29 07:12:23,335 - [36mCustomSimProcedure[0m - [36mSyscall found:  fgets[<BV32 0x7ffefe48>, <BV32 0x80>, <BV32 unconstrained_ret_popen_3934238_32{UNINITIALIZED}>][0m[0m
[1;32;40mINFO - 2023-05-29 07:12:23,373 - [32mSemaExplorerCDFS[0m - [32mA new block of execution have been executed with changes in sim_manager.[0m[0m
[1;32;40mINFO - 2023-05-29 07:12:23,374 - [32mSemaExplorerCDFS[0m - [32mCurrently, simulation manager is :
<SimulationManager with 4 active, 10 deadended (1 errored)>[0m[0m
[1;32;40mINFO - 2023-05-29 07:12:23,374 - [32mSemaExplorerCDFS[0m - [32mpause stash len :3[0m[0m
[1;32;40mINFO - 2023-05-29 07:12:23,376 - [36mCustomSimProcedure[0m - [36mSyscall found:  __libc_start_main[151294320, 1, 2147418032, 151297776, 151297888][0m[0m
[1;32;40mINFO - 2023-05-29 07:12:23,381 - [36mCustomSimProcedure[0m - [36mSyscall found:  strlen[<BV32 0x904a1a8>][0m[0m
[1;32;40mINFO - 2023-05-29 07:12:23,383 - [36mCustomSimProcedure[0m - [36mSyscall found:  memcpy[<BV32 0x7ffefe30>, <BV32 0x904a1a8>, <BV32 0x6>][0m[0m
[1;32;40mINFO - 2023-05-29 07:12:23,383 - [36mCustomSimProcedure[0m - [36mSyscall found:  strncpy[<BV32 0x7ffefe30>, <BV32 0x904a1a8>, <BV32 0x6>][0m[0m
[1;32;40mINFO - 2023-05-29 07:12:23,421 - [36mCustomSimProcedure[0m - [36mSyscall found:  strlen[<BV32 0x904a1a8>][0m[0m
[1;32;40mINFO - 2023-05-29 07:12:23,422 - [36mCustomSimProcedure[0m - [36mSyscall found:  memcpy[<BV32 0x7ffefe30>, <BV32 0x904a1a8>, <BV32 0x6>][0m[0m
[1;32;40mINFO - 2023-05-29 07:12:23,422 - [36mCustomSimProcedure[0m - [36mSyscall found:  strncpy[<BV32 0x7ffefe30>, <BV32 0x904a1a8>, <BV32 0x6>][0m[0m
[1;32;40mINFO - 2023-05-29 07:12:23,443 - [32mSemaExplorerCDFS[0m - [32mA new block of execution have been executed with changes in sim_manager.[0m[0m
[1;32;40mINFO - 2023-05-29 07:12:23,444 - [32mSemaExplorerCDFS[0m - [32mCurrently, simulation manager is :
<SimulationManager with 4 active, 11 deadended (1 errored)>[0m[0m
[1;32;40mINFO - 2023-05-29 07:12:23,444 - [32mSemaExplorerCDFS[0m - [32mpause stash len :2[0m[0m
[1;33;40mWARNING - 2023-05-29 07:12:23,594 - [33mangr.state_plugins.posix[0m - [33mTried to look up a symbolic fd - constrained to 4 and opened b'/tmp/angr_implicit_1'[0m[0m
[1;32;40mINFO - 2023-05-29 07:12:23,644 - [36mCustomSimProcedure[0m - [36mSyscall found:  fgets[<BV32 0x7ffefe48>, <BV32 0x80>, <BV32 unconstrained_ret_popen_3934238_32{UNINITIALIZED}>][0m[0m
[1;32;40mINFO - 2023-05-29 07:12:23,698 - [36mCustomSimProcedure[0m - [36mSyscall found:  strlen[<BV32 0x904a1a8>][0m[0m
[1;32;40mINFO - 2023-05-29 07:12:23,700 - [36mCustomSimProcedure[0m - [36mSyscall found:  strlen[<BV32 0x7ffefe30>][0m[0m
[1;32;40mINFO - 2023-05-29 07:12:23,703 - [36mCustomSimProcedure[0m - [36mSyscall found:  strncmp[<BV32 0x904a1a8>, <BV32 0x7ffefe30>, <BV32 0x6>][0m[0m
[1;32;40mINFO - 2023-05-29 07:12:23,703 - [36mCustomSimProcedure[0m - [36mSyscall found:  strcmp[<BV32 0x904a1a8>, <BV32 0x7ffefe30>][0m[0m
[1;32;40mINFO - 2023-05-29 07:12:23,712 - [36mCustomSimProcedure[0m - [36mSyscall found:  strlen[<BV32 0x904a1a8>][0m[0m
[1;32;40mINFO - 2023-05-29 07:12:23,713 - [36mCustomSimProcedure[0m - [36mSyscall found:  memcpy[<BV32 0x7ffefe30>, <BV32 0x904a1a8>, <BV32 0x6>][0m[0m
[1;32;40mINFO - 2023-05-29 07:12:23,713 - [36mCustomSimProcedure[0m - [36mSyscall found:  strncpy[<BV32 0x7ffefe30>, <BV32 0x904a1a8>, <BV32 0x6>][0m[0m
[1;32;40mINFO - 2023-05-29 07:12:23,736 - [36mCustomSimProcedure[0m - [36mSyscall found:  strlen[<BV32 0x904a1a8>][0m[0m
[1;32;40mINFO - 2023-05-29 07:12:23,739 - [36mCustomSimProcedure[0m - [36mSyscall found:  strlen[<BV32 0x7ffefe30>][0m[0m
[1;32;40mINFO - 2023-05-29 07:12:23,742 - [36mCustomSimProcedure[0m - [36mSyscall found:  strncmp[<BV32 0x904a1a8>, <BV32 0x7ffefe30>, <BV32 0x6>][0m[0m
[1;32;40mINFO - 2023-05-29 07:12:23,743 - [36mCustomSimProcedure[0m - [36mSyscall found:  strcmp[<BV32 0x904a1a8>, <BV32 0x7ffefe30>][0m[0m
[1;32;40mINFO - 2023-05-29 07:12:23,774 - [36mCustomSimProcedure[0m - [36mSyscall found:  popen[<BV32 0x904a182>, <BV32 0x904a1a6>][0m[0m
[1;32;40mINFO - 2023-05-29 07:12:23,833 - [32mSemaExplorerCDFS[0m - [32mA new block of execution have been executed with changes in sim_manager.[0m[0m
[1;32;40mINFO - 2023-05-29 07:12:23,833 - [32mSemaExplorerCDFS[0m - [32mCurrently, simulation manager is :
<SimulationManager with 6 active, 11 deadended (1 errored)>[0m[0m
[1;32;40mINFO - 2023-05-29 07:12:23,833 - [32mSemaExplorerCDFS[0m - [32mpause stash len :1[0m[0m
[1;32;40mINFO - 2023-05-29 07:12:23,834 - [32mSemaExplorerCDFS[0m - [32mfork_stack : 1[0m[0m
[1;32;40mINFO - 2023-05-29 07:12:23,850 - [36mCustomSimProcedure[0m - [36mSyscall found:  strlen[<BV32 0x904a1a8>][0m[0m
[1;32;40mINFO - 2023-05-29 07:12:23,852 - [36mCustomSimProcedure[0m - [36mSyscall found:  strlen[<BV32 0x7ffefe30>][0m[0m
[1;32;40mINFO - 2023-05-29 07:12:23,855 - [36mCustomSimProcedure[0m - [36mSyscall found:  strncmp[<BV32 0x904a1a8>, <BV32 0x7ffefe30>, <BV32 0x6>][0m[0m
[1;32;40mINFO - 2023-05-29 07:12:23,855 - [36mCustomSimProcedure[0m - [36mSyscall found:  strcmp[<BV32 0x904a1a8>, <BV32 0x7ffefe30>][0m[0m
[1;32;40mINFO - 2023-05-29 07:12:23,863 - [36mCustomSimProcedure[0m - [36mSyscall found:  strlen[<BV32 0x904a1a8>][0m[0m
[1;32;40mINFO - 2023-05-29 07:12:23,864 - [36mCustomSimProcedure[0m - [36mSyscall found:  memcpy[<BV32 0x7ffefe30>, <BV32 0x904a1a8>, <BV32 0x6>][0m[0m
[1;32;40mINFO - 2023-05-29 07:12:23,864 - [36mCustomSimProcedure[0m - [36mSyscall found:  strncpy[<BV32 0x7ffefe30>, <BV32 0x904a1a8>, <BV32 0x6>][0m[0m
[1;32;40mINFO - 2023-05-29 07:12:23,874 - [36mCustomSimProcedure[0m - [36mSyscall found:  pclose[<BV32 unconstrained_ret_popen_3934241_32{UNINITIALIZED}>][0m[0m
[1;32;40mINFO - 2023-05-29 07:12:24,003 - [36mCustomSimProcedure[0m - [36mSyscall found:  strlen[<BV32 0x904a1af>][0m[0m
[1;32;40mINFO - 2023-05-29 07:12:24,004 - [36mCustomSimProcedure[0m - [36mSyscall found:  printf[<BV32 0x904a1af>][0m[0m
[1;32;40mINFO - 2023-05-29 07:12:24,025 - [36mCustomSimProcedure[0m - [36mSyscall found:  pclose[<BV32 unconstrained_ret_popen_3934241_32{UNINITIALIZED}>][0m[0m
[1;32;40mINFO - 2023-05-29 07:12:24,154 - [32mSemaExplorerCDFS[0m - [32mA new block of execution have been executed with changes in sim_manager.[0m[0m
[1;32;40mINFO - 2023-05-29 07:12:24,154 - [32mSemaExplorerCDFS[0m - [32mCurrently, simulation manager is :
<SimulationManager with 6 active, 11 deadended (1 errored)>[0m[0m
[1;32;40mINFO - 2023-05-29 07:12:24,155 - [32mSemaExplorerCDFS[0m - [32mpause stash len :2[0m[0m
[1;32;40mINFO - 2023-05-29 07:12:24,155 - [32mSemaExplorerCDFS[0m - [32mfork_stack : 1[0m[0m
[1;32;40mINFO - 2023-05-29 07:12:24,227 - [36mCustomSimProcedure[0m - [36mSyscall found:  strlen[<BV32 0x904a1a8>][0m[0m
[1;32;40mINFO - 2023-05-29 07:12:24,230 - [36mCustomSimProcedure[0m - [36mSyscall found:  strlen[<BV32 0x7ffefe30>][0m[0m
[1;32;40mINFO - 2023-05-29 07:12:24,232 - [36mCustomSimProcedure[0m - [36mSyscall found:  strncmp[<BV32 0x904a1a8>, <BV32 0x7ffefe30>, <BV32 0x6>][0m[0m
[1;32;40mINFO - 2023-05-29 07:12:24,233 - [36mCustomSimProcedure[0m - [36mSyscall found:  strcmp[<BV32 0x904a1a8>, <BV32 0x7ffefe30>][0m[0m
[1;32;40mINFO - 2023-05-29 07:12:24,235 - [32mSemaExplorerCDFS[0m - [32mA new block of execution have been executed with changes in sim_manager.[0m[0m
[1;32;40mINFO - 2023-05-29 07:12:24,235 - [32mSemaExplorerCDFS[0m - [32mCurrently, simulation manager is :
<SimulationManager with 6 active, 11 deadended (1 errored)>[0m[0m
[1;32;40mINFO - 2023-05-29 07:12:24,235 - [32mSemaExplorerCDFS[0m - [32mpause stash len :3[0m[0m
[1;32;40mINFO - 2023-05-29 07:12:24,235 - [32mSemaExplorerCDFS[0m - [32mfork_stack : 1[0m[0m
[1;32;40mINFO - 2023-05-29 07:12:24,257 - [36mCustomSimProcedure[0m - [36mSyscall found:  strlen[<BV32 0x904a1b5>][0m[0m
[1;32;40mINFO - 2023-05-29 07:12:24,260 - [36mCustomSimProcedure[0m - [36mSyscall found:  printf[<BV32 0x904a1b5>][0m[0m
[1;32;40mINFO - 2023-05-29 07:12:24,277 - [36mCustomSimProcedure[0m - [36mSyscall found:  pclose[<BV32 unconstrained_ret_popen_3934238_32{UNINITIALIZED}>][0m[0m
[1;32;40mINFO - 2023-05-29 07:12:24,421 - [36mCustomSimProcedure[0m - [36mSyscall found:  strlen[<BV32 0x904a1b5>][0m[0m
[1;32;40mINFO - 2023-05-29 07:12:24,425 - [36mCustomSimProcedure[0m - [36mSyscall found:  printf[<BV32 0x904a1b5>][0m[0m
[1;32;40mINFO - 2023-05-29 07:12:24,447 - [32mSemaExplorerCDFS[0m - [32mA new block of execution have been executed with changes in sim_manager.[0m[0m
[1;32;40mINFO - 2023-05-29 07:12:24,447 - [32mSemaExplorerCDFS[0m - [32mCurrently, simulation manager is :
<SimulationManager with 6 active, 11 deadended (1 errored)>[0m[0m
[1;32;40mINFO - 2023-05-29 07:12:24,447 - [32mSemaExplorerCDFS[0m - [32mpause stash len :4[0m[0m
[1;32;40mINFO - 2023-05-29 07:12:24,448 - [32mSemaExplorerCDFS[0m - [32mfork_stack : 1[0m[0m
[1;32;40mINFO - 2023-05-29 07:12:24,534 - [36mCustomSimProcedure[0m - [36mSyscall found:  __libc_start_main[151294320, 1, 2147418032, 151297776, 151297888][0m[0m
[1;32;40mINFO - 2023-05-29 07:12:24,566 - [36mCustomSimProcedure[0m - [36mSyscall found:  __libc_start_main[151294320, 1, 2147418032, 151297776, 151297888][0m[0m
[1;32;40mINFO - 2023-05-29 07:12:24,582 - [32mSemaExplorerCDFS[0m - [32mA new block of execution have been executed with changes in sim_manager.[0m[0m
[1;32;40mINFO - 2023-05-29 07:12:24,582 - [32mSemaExplorerCDFS[0m - [32mCurrently, simulation manager is :
<SimulationManager with 4 active, 12 deadended (1 errored)>[0m[0m
[1;32;40mINFO - 2023-05-29 07:12:24,583 - [32mSemaExplorerCDFS[0m - [32mpause stash len :5[0m[0m
[1;32;40mINFO - 2023-05-29 07:12:24,586 - [36mCustomSimProcedure[0m - [36mSyscall found:  __libc_start_main[151294320, 1, 2147418032, 151297776, 151297888][0m[0m
[1;32;40mINFO - 2023-05-29 07:12:24,613 - [32mSemaExplorerCDFS[0m - [32mA new block of execution have been executed with changes in sim_manager.[0m[0m
[1;32;40mINFO - 2023-05-29 07:12:24,613 - [32mSemaExplorerCDFS[0m - [32mCurrently, simulation manager is :
<SimulationManager with 4 active, 13 deadended (1 errored)>[0m[0m
[1;32;40mINFO - 2023-05-29 07:12:24,614 - [32mSemaExplorerCDFS[0m - [32mpause stash len :4[0m[0m
[1;32;40mINFO - 2023-05-29 07:12:24,619 - [36mCustomSimProcedure[0m - [36mSyscall found:  __libc_start_main[151294320, 1, 2147418032, 151297776, 151297888][0m[0m
[1;32;40mINFO - 2023-05-29 07:12:24,622 - [36mCustomSimProcedure[0m - [36mSyscall found:  __libc_start_main[151294320, 1, 2147418032, 151297776, 151297888][0m[0m
[1;32;40mINFO - 2023-05-29 07:12:24,642 - [36mCustomSimProcedure[0m - [36mSyscall found:  strlen[<BV32 0x904a1b5>][0m[0m
[1;32;40mINFO - 2023-05-29 07:12:24,647 - [36mCustomSimProcedure[0m - [36mSyscall found:  printf[<BV32 0x904a1b5>][0m[0m
[1;32;40mINFO - 2023-05-29 07:12:24,660 - [32mSemaExplorerCDFS[0m - [32mA new block of execution have been executed with changes in sim_manager.[0m[0m
[1;32;40mINFO - 2023-05-29 07:12:24,660 - [32mSemaExplorerCDFS[0m - [32mCurrently, simulation manager is :
<SimulationManager with 4 active, 14 deadended (1 errored)>[0m[0m
[1;32;40mINFO - 2023-05-29 07:12:24,665 - [32mSemaExplorerCDFS[0m - [32mpause stash len :3[0m[0m
[1;32;40mINFO - 2023-05-29 07:12:24,692 - [32mSemaExplorerCDFS[0m - [32mA new block of execution have been executed with changes in sim_manager.[0m[0m
[1;32;40mINFO - 2023-05-29 07:12:24,692 - [32mSemaExplorerCDFS[0m - [32mCurrently, simulation manager is :
<SimulationManager with 3 active, 16 deadended (1 errored)>[0m[0m
[1;32;40mINFO - 2023-05-29 07:12:24,692 - [32mSemaExplorerCDFS[0m - [32mpause stash len :2[0m[0m
[1;33;40mWARNING - 2023-05-29 07:12:24,742 - [33mangr.state_plugins.posix[0m - [33mTried to look up a symbolic fd - constrained to 4 and opened b'/tmp/angr_implicit_1'[0m[0m
[1;32;40mINFO - 2023-05-29 07:12:24,792 - [36mCustomSimProcedure[0m - [36mSyscall found:  fgets[<BV32 0x7ffefe48>, <BV32 0x80>, <BV32 unconstrained_ret_popen_3934267_32{UNINITIALIZED}>][0m[0m
[1;32;40mINFO - 2023-05-29 07:12:24,840 - [36mCustomSimProcedure[0m - [36mSyscall found:  pclose[<BV32 unconstrained_ret_popen_3934223_32{UNINITIALIZED}>][0m[0m
[1;32;40mINFO - 2023-05-29 07:12:24,955 - [36mCustomSimProcedure[0m - [36mSyscall found:  pclose[<BV32 unconstrained_ret_popen_3934238_32{UNINITIALIZED}>][0m[0m
[1;32;40mINFO - 2023-05-29 07:12:25,090 - [32mSemaExplorerCDFS[0m - [32mA new block of execution have been executed with changes in sim_manager.[0m[0m
[1;32;40mINFO - 2023-05-29 07:12:25,091 - [32mSemaExplorerCDFS[0m - [32mCurrently, simulation manager is :
<SimulationManager with 6 active, 16 deadended (1 errored)>[0m[0m
[1;32;40mINFO - 2023-05-29 07:12:25,091 - [32mSemaExplorerCDFS[0m - [32mpause stash len :0[0m[0m
[1;32;40mINFO - 2023-05-29 07:12:25,091 - [32mSemaExplorerCDFS[0m - [32mfork_stack : 1[0m[0m
[1;33;40mWARNING - 2023-05-29 07:12:25,276 - [32mangr.storage.memory_mixins.default_filler_mixin[0m - [32mFilling memory at 0xfffffffc with 2 unconstrained bytes referenced from 0xa100008 (fgets+0x0 in extern-address space (0x8))[0m[0m
[1;32;40mINFO - 2023-05-29 07:12:25,308 - [32mSemaExplorerCDFS[0m - [32mA new block of execution have been executed with changes in sim_manager.[0m[0m
[1;32;40mINFO - 2023-05-29 07:12:25,309 - [32mSemaExplorerCDFS[0m - [32mCurrently, simulation manager is :
<SimulationManager with 5 active, 16 deadended (2 errored)>[0m[0m
[1;32;40mINFO - 2023-05-29 07:12:25,309 - [32mSemaExplorerCDFS[0m - [32mpause stash len :1[0m[0m
[1;32;40mINFO - 2023-05-29 07:12:25,309 - [32mSemaExplorerCDFS[0m - [32mfork_stack : 1[0m[0m
[1;32;40mINFO - 2023-05-29 07:12:25,309 - [32mSemaExplorerCDFS[0m - [32mEnd of the trace number 5 with errors[0m[0m
[1;32;40mINFO - 2023-05-29 07:12:25,310 - [32mSemaExplorerCDFS[0m - <SimState @ 0xa100008>[0m
[1;32;40mINFO - 2023-05-29 07:12:25,311 - [32mSemaExplorerCDFS[0m - Tried to do operation on symbolic but partially constrained file descriptor[0m
[1;32;40mINFO - 2023-05-29 07:12:25,366 - [36mCustomSimProcedure[0m - [36mSyscall found:  strlen[<BV32 0x904a1b5>][0m[0m
[1;32;40mINFO - 2023-05-29 07:12:25,370 - [36mCustomSimProcedure[0m - [36mSyscall found:  printf[<BV32 0x904a1b5>][0m[0m
[1;32;40mINFO - 2023-05-29 07:12:25,376 - [36mCustomSimProcedure[0m - [36mSyscall found:  strlen[<BV32 0x904a1a8>][0m[0m
[1;32;40mINFO - 2023-05-29 07:12:25,378 - [36mCustomSimProcedure[0m - [36mSyscall found:  memcpy[<BV32 0x7ffefe30>, <BV32 0x904a1a8>, <BV32 0x6>][0m[0m
[1;32;40mINFO - 2023-05-29 07:12:25,379 - [36mCustomSimProcedure[0m - [36mSyscall found:  strncpy[<BV32 0x7ffefe30>, <BV32 0x904a1a8>, <BV32 0x6>][0m[0m
[1;32;40mINFO - 2023-05-29 07:12:25,398 - [36mCustomSimProcedure[0m - [36mSyscall found:  __libc_start_main[151294320, 1, 2147418032, 151297776, 151297888][0m[0m
[1;32;40mINFO - 2023-05-29 07:12:25,443 - [36mCustomSimProcedure[0m - [36mSyscall found:  popen[<BV32 0x904a182>, <BV32 0x904a1a6>][0m[0m
[1;32;40mINFO - 2023-05-29 07:12:25,465 - [32mSemaExplorerCDFS[0m - [32mA new block of execution have been executed with changes in sim_manager.[0m[0m
[1;32;40mINFO - 2023-05-29 07:12:25,465 - [32mSemaExplorerCDFS[0m - [32mCurrently, simulation manager is :
<SimulationManager with 4 active, 17 deadended (2 errored)>[0m[0m
[1;32;40mINFO - 2023-05-29 07:12:25,466 - [32mSemaExplorerCDFS[0m - [32mpause stash len :1[0m[0m
[1;32;40mINFO - 2023-05-29 07:12:25,484 - [36mCustomSimProcedure[0m - [36mSyscall found:  strlen[<BV32 0x904a1a8>][0m[0m
[1;32;40mINFO - 2023-05-29 07:12:25,487 - [36mCustomSimProcedure[0m - [36mSyscall found:  strlen[<BV32 0x7ffefe30>][0m[0m
[1;32;40mINFO - 2023-05-29 07:12:25,490 - [36mCustomSimProcedure[0m - [36mSyscall found:  strncmp[<BV32 0x904a1a8>, <BV32 0x7ffefe30>, <BV32 0x6>][0m[0m
[1;32;40mINFO - 2023-05-29 07:12:25,490 - [36mCustomSimProcedure[0m - [36mSyscall found:  strcmp[<BV32 0x904a1a8>, <BV32 0x7ffefe30>][0m[0m
[1;32;40mINFO - 2023-05-29 07:12:25,521 - [32mSemaExplorerCDFS[0m - [32mA new block of execution have been executed with changes in sim_manager.[0m[0m
[1;32;40mINFO - 2023-05-29 07:12:25,521 - [32mSemaExplorerCDFS[0m - [32mCurrently, simulation manager is :
<SimulationManager with 6 active, 17 deadended (2 errored)>[0m[0m
[1;32;40mINFO - 2023-05-29 07:12:25,522 - [32mSemaExplorerCDFS[0m - [32mpause stash len :0[0m[0m
[1;32;40mINFO - 2023-05-29 07:12:25,522 - [32mSemaExplorerCDFS[0m - [32mfork_stack : 1[0m[0m
[1;32;40mINFO - 2023-05-29 07:12:25,560 - [36mCustomSimProcedure[0m - [36mSyscall found:  __libc_start_main[151294320, 1, 2147418032, 151297776, 151297888][0m[0m
[1;32;40mINFO - 2023-05-29 07:12:25,581 - [36mCustomSimProcedure[0m - [36mSyscall found:  strlen[<BV32 0x904a1af>][0m[0m
[1;32;40mINFO - 2023-05-29 07:12:25,582 - [36mCustomSimProcedure[0m - [36mSyscall found:  printf[<BV32 0x904a1af>][0m[0m
[1;33;40mWARNING - 2023-05-29 07:12:25,750 - [33mangr.state_plugins.posix[0m - [33mTried to look up a symbolic fd - constrained to 4 and opened b'/tmp/angr_implicit_1'[0m[0m
[1;32;40mINFO - 2023-05-29 07:12:25,800 - [36mCustomSimProcedure[0m - [36mSyscall found:  fgets[<BV32 0x7ffefe48>, <BV32 0x80>, <BV32 unconstrained_ret_popen_3934277_32{UNINITIALIZED}>][0m[0m
[1;32;40mINFO - 2023-05-29 07:12:25,839 - [32mSemaExplorerCDFS[0m - [32mA new block of execution have been executed with changes in sim_manager.[0m[0m
[1;32;40mINFO - 2023-05-29 07:12:25,840 - [32mSemaExplorerCDFS[0m - [32mCurrently, simulation manager is :
<SimulationManager with 4 active, 18 deadended (2 errored)>[0m[0m
[1;32;40mINFO - 2023-05-29 07:12:25,840 - [32mSemaExplorerCDFS[0m - [32mpause stash len :1[0m[0m
[1;32;40mINFO - 2023-05-29 07:12:25,842 - [36mCustomSimProcedure[0m - [36mSyscall found:  __libc_start_main[151294320, 1, 2147418032, 151297776, 151297888][0m[0m
[1;32;40mINFO - 2023-05-29 07:12:25,844 - [36mCustomSimProcedure[0m - [36mSyscall found:  pclose[<BV32 unconstrained_ret_popen_3934267_32{UNINITIALIZED}>][0m[0m
[1;32;40mINFO - 2023-05-29 07:12:25,977 - [36mCustomSimProcedure[0m - [36mSyscall found:  strlen[<BV32 0x904a1b5>][0m[0m
[1;32;40mINFO - 2023-05-29 07:12:25,981 - [36mCustomSimProcedure[0m - [36mSyscall found:  printf[<BV32 0x904a1b5>][0m[0m
[1;32;40mINFO - 2023-05-29 07:12:26,092 - [36mCustomSimProcedure[0m - [36mSyscall found:  fgets[<BV32 0x7ffefe48>, <BV32 0x80>, <BV32 unconstrained_ret_popen_3934277_32{UNINITIALIZED}>][0m[0m
[1;32;40mINFO - 2023-05-29 07:12:26,152 - [32mSemaExplorerCDFS[0m - [32mA new block of execution have been executed with changes in sim_manager.[0m[0m
[1;32;40mINFO - 2023-05-29 07:12:26,152 - [32mSemaExplorerCDFS[0m - [32mCurrently, simulation manager is :
<SimulationManager with 5 active, 19 deadended (2 errored)>[0m[0m
[1;32;40mINFO - 2023-05-29 07:12:26,153 - [32mSemaExplorerCDFS[0m - [32mpause stash len :0[0m[0m
[1;32;40mINFO - 2023-05-29 07:12:26,153 - [32mSemaExplorerCDFS[0m - [32mfork_stack : 1[0m[0m
[1;32;40mINFO - 2023-05-29 07:12:26,199 - [36mCustomSimProcedure[0m - [36mSyscall found:  strlen[<BV32 0x904a1b5>][0m[0m
[1;32;40mINFO - 2023-05-29 07:12:26,203 - [36mCustomSimProcedure[0m - [36mSyscall found:  printf[<BV32 0x904a1b5>][0m[0m
[1;32;40mINFO - 2023-05-29 07:12:26,227 - [36mCustomSimProcedure[0m - [36mSyscall found:  strlen[<BV32 0x904a1a8>][0m[0m
[1;32;40mINFO - 2023-05-29 07:12:26,229 - [36mCustomSimProcedure[0m - [36mSyscall found:  memcpy[<BV32 0x7ffefe30>, <BV32 0x904a1a8>, <BV32 0x6>][0m[0m
[1;32;40mINFO - 2023-05-29 07:12:26,229 - [36mCustomSimProcedure[0m - [36mSyscall found:  strncpy[<BV32 0x7ffefe30>, <BV32 0x904a1a8>, <BV32 0x6>][0m[0m
[1;32;40mINFO - 2023-05-29 07:12:26,284 - [36mCustomSimProcedure[0m - [36mSyscall found:  strlen[<BV32 0x904a1a8>][0m[0m
[1;32;40mINFO - 2023-05-29 07:12:26,285 - [36mCustomSimProcedure[0m - [36mSyscall found:  memcpy[<BV32 0x7ffefe30>, <BV32 0x904a1a8>, <BV32 0x6>][0m[0m
[1;32;40mINFO - 2023-05-29 07:12:26,285 - [36mCustomSimProcedure[0m - [36mSyscall found:  strncpy[<BV32 0x7ffefe30>, <BV32 0x904a1a8>, <BV32 0x6>][0m[0m
[1;32;40mINFO - 2023-05-29 07:12:26,292 - [36mCustomSimProcedure[0m - [36mSyscall found:  popen[<BV32 0x904a182>, <BV32 0x904a1a6>][0m[0m
[1;32;40mINFO - 2023-05-29 07:12:26,345 - [36mCustomSimProcedure[0m - [36mSyscall found:  strlen[<BV32 0x904a1a8>][0m[0m
[1;32;40mINFO - 2023-05-29 07:12:26,347 - [36mCustomSimProcedure[0m - [36mSyscall found:  strlen[<BV32 0x7ffefe30>][0m[0m
[1;32;40mINFO - 2023-05-29 07:12:26,350 - [36mCustomSimProcedure[0m - [36mSyscall found:  strncmp[<BV32 0x904a1a8>, <BV32 0x7ffefe30>, <BV32 0x6>][0m[0m
[1;32;40mINFO - 2023-05-29 07:12:26,351 - [36mCustomSimProcedure[0m - [36mSyscall found:  strcmp[<BV32 0x904a1a8>, <BV32 0x7ffefe30>][0m[0m
[1;32;40mINFO - 2023-05-29 07:12:26,379 - [32mSemaExplorerCDFS[0m - [32mA new block of execution have been executed with changes in sim_manager.[0m[0m
[1;32;40mINFO - 2023-05-29 07:12:26,379 - [32mSemaExplorerCDFS[0m - [32mCurrently, simulation manager is :
<SimulationManager with 6 active, 19 deadended (2 errored)>[0m[0m
[1;32;40mINFO - 2023-05-29 07:12:26,379 - [32mSemaExplorerCDFS[0m - [32mpause stash len :0[0m[0m
[1;32;40mINFO - 2023-05-29 07:12:26,379 - [32mSemaExplorerCDFS[0m - [32mfork_stack : 1[0m[0m
[1;32;40mINFO - 2023-05-29 07:12:26,412 - [36mCustomSimProcedure[0m - [36mSyscall found:  __libc_start_main[151294320, 1, 2147418032, 151297776, 151297888][0m[0m
[1;32;40mINFO - 2023-05-29 07:12:26,426 - [36mCustomSimProcedure[0m - [36mSyscall found:  strlen[<BV32 0x904a1a8>][0m[0m
[1;32;40mINFO - 2023-05-29 07:12:26,429 - [36mCustomSimProcedure[0m - [36mSyscall found:  strlen[<BV32 0x7ffefe30>][0m[0m
[1;32;40mINFO - 2023-05-29 07:12:26,432 - [36mCustomSimProcedure[0m - [36mSyscall found:  strncmp[<BV32 0x904a1a8>, <BV32 0x7ffefe30>, <BV32 0x6>][0m[0m
[1;32;40mINFO - 2023-05-29 07:12:26,432 - [36mCustomSimProcedure[0m - [36mSyscall found:  strcmp[<BV32 0x904a1a8>, <BV32 0x7ffefe30>][0m[0m
[1;32;40mINFO - 2023-05-29 07:12:26,451 - [36mCustomSimProcedure[0m - [36mSyscall found:  strlen[<BV32 0x904a1af>][0m[0m
[1;32;40mINFO - 2023-05-29 07:12:26,452 - [36mCustomSimProcedure[0m - [36mSyscall found:  printf[<BV32 0x904a1af>][0m[0m
[1;32;40mINFO - 2023-05-29 07:12:26,486 - [32mSemaExplorerCDFS[0m - [32mA new block of execution have been executed with changes in sim_manager.[0m[0m
[1;32;40mINFO - 2023-05-29 07:12:26,487 - [32mSemaExplorerCDFS[0m - [32mCurrently, simulation manager is :
<SimulationManager with 4 active, 20 deadended (2 errored)>[0m[0m
[1;32;40mINFO - 2023-05-29 07:12:26,487 - [32mSemaExplorerCDFS[0m - [32mpause stash len :1[0m[0m
[1;32;40mINFO - 2023-05-29 07:12:26,489 - [36mCustomSimProcedure[0m - [36mSyscall found:  __libc_start_main[151294320, 1, 2147418032, 151297776, 151297888][0m[0m
[1;32;40mINFO - 2023-05-29 07:12:26,502 - [36mCustomSimProcedure[0m - [36mSyscall found:  pclose[<BV32 unconstrained_ret_popen_3934277_32{UNINITIALIZED}>][0m[0m
[1;32;40mINFO - 2023-05-29 07:12:26,708 - [36mCustomSimProcedure[0m - [36mSyscall found:  fgets[<BV32 0x7ffefe48>, <BV32 0x80>, <BV32 unconstrained_ret_popen_3934282_32{UNINITIALIZED}>][0m[0m
[1;32;40mINFO - 2023-05-29 07:12:26,745 - [32mSemaExplorerCDFS[0m - [32mA new block of execution have been executed with changes in sim_manager.[0m[0m
[1;32;40mINFO - 2023-05-29 07:12:26,745 - [32mSemaExplorerCDFS[0m - [32mCurrently, simulation manager is :
<SimulationManager with 5 active, 21 deadended (2 errored)>[0m[0m
[1;32;40mINFO - 2023-05-29 07:12:26,745 - [32mSemaExplorerCDFS[0m - [32mpause stash len :0[0m[0m
[1;32;40mINFO - 2023-05-29 07:12:26,745 - [32mSemaExplorerCDFS[0m - [32mfork_stack : 1[0m[0m
[1;32;40mINFO - 2023-05-29 07:12:26,747 - [36mCustomSimProcedure[0m - [36mSyscall found:  pclose[<BV32 unconstrained_ret_popen_3934277_32{UNINITIALIZED}>][0m[0m
[1;33;40mWARNING - 2023-05-29 07:12:26,983 - [32mangr.storage.memory_mixins.default_filler_mixin[0m - [32mFilling memory at 0x40038 with 4 unconstrained bytes referenced from 0xa100008 (fgets+0x0 in extern-address space (0x8))[0m[0m
[1;33;40mWARNING - 2023-05-29 07:12:27,027 - [33mangr.state_plugins.posix[0m - [33mTried to look up a symbolic fd - constrained to 4 and opened b'/tmp/angr_implicit_1'[0m[0m
[1;32;40mINFO - 2023-05-29 07:12:27,078 - [36mCustomSimProcedure[0m - [36mSyscall found:  fgets[<BV32 0x7ffefe48>, <BV32 0x80>, <BV32 unconstrained_ret_popen_3934282_32{UNINITIALIZED}>][0m[0m
[1;32;40mINFO - 2023-05-29 07:12:27,149 - [36mCustomSimProcedure[0m - [36mSyscall found:  strlen[<BV32 0x904a1b5>][0m[0m
[1;32;40mINFO - 2023-05-29 07:12:27,153 - [36mCustomSimProcedure[0m - [36mSyscall found:  printf[<BV32 0x904a1b5>][0m[0m
[1;32;40mINFO - 2023-05-29 07:12:27,181 - [32mSemaExplorerCDFS[0m - [32mA new block of execution have been executed with changes in sim_manager.[0m[0m
[1;32;40mINFO - 2023-05-29 07:12:27,181 - [32mSemaExplorerCDFS[0m - [32mCurrently, simulation manager is :
<SimulationManager with 6 active, 21 deadended (2 errored)>[0m[0m
[1;32;40mINFO - 2023-05-29 07:12:27,182 - [32mSemaExplorerCDFS[0m - [32mpause stash len :0[0m[0m
[1;32;40mINFO - 2023-05-29 07:12:27,182 - [32mSemaExplorerCDFS[0m - [32mfork_stack : 1[0m[0m
[1;32;40mINFO - 2023-05-29 07:12:27,233 - [36mCustomSimProcedure[0m - [36mSyscall found:  strlen[<BV32 0x904a1b5>][0m[0m
[1;32;40mINFO - 2023-05-29 07:12:27,237 - [36mCustomSimProcedure[0m - [36mSyscall found:  printf[<BV32 0x904a1b5>][0m[0m
[1;32;40mINFO - 2023-05-29 07:12:27,260 - [36mCustomSimProcedure[0m - [36mSyscall found:  strlen[<BV32 0x904a1a8>][0m[0m
[1;32;40mINFO - 2023-05-29 07:12:27,261 - [36mCustomSimProcedure[0m - [36mSyscall found:  memcpy[<BV32 0x7ffefe30>, <BV32 0x904a1a8>, <BV32 0x6>][0m[0m
[1;32;40mINFO - 2023-05-29 07:12:27,261 - [36mCustomSimProcedure[0m - [36mSyscall found:  strncpy[<BV32 0x7ffefe30>, <BV32 0x904a1a8>, <BV32 0x6>][0m[0m
[1;32;40mINFO - 2023-05-29 07:12:27,337 - [36mCustomSimProcedure[0m - [36mSyscall found:  __libc_start_main[151294320, 1, 2147418032, 151297776, 151297888][0m[0m
[1;32;40mINFO - 2023-05-29 07:12:27,348 - [36mCustomSimProcedure[0m - [36mSyscall found:  strlen[<BV32 0x904a1a8>][0m[0m
[1;32;40mINFO - 2023-05-29 07:12:27,352 - [36mCustomSimProcedure[0m - [36mSyscall found:  strlen[<BV32 0x7ffefe30>][0m[0m
[1;32;40mINFO - 2023-05-29 07:12:27,354 - [36mCustomSimProcedure[0m - [36mSyscall found:  strncmp[<BV32 0x904a1a8>, <BV32 0x7ffefe30>, <BV32 0x6>][0m[0m
[1;32;40mINFO - 2023-05-29 07:12:27,354 - [36mCustomSimProcedure[0m - [36mSyscall found:  strcmp[<BV32 0x904a1a8>, <BV32 0x7ffefe30>][0m[0m
[1;32;40mINFO - 2023-05-29 07:12:27,384 - [32mSemaExplorerCDFS[0m - [32mA new block of execution have been executed with changes in sim_manager.[0m[0m
[1;32;40mINFO - 2023-05-29 07:12:27,384 - [32mSemaExplorerCDFS[0m - [32mCurrently, simulation manager is :
<SimulationManager with 4 active, 22 deadended (2 errored)>[0m[0m
[1;32;40mINFO - 2023-05-29 07:12:27,384 - [32mSemaExplorerCDFS[0m - [32mpause stash len :1[0m[0m
[1;32;40mINFO - 2023-05-29 07:12:27,389 - [36mCustomSimProcedure[0m - [36mSyscall found:  __libc_start_main[151294320, 1, 2147418032, 151297776, 151297888][0m[0m
[1;32;40mINFO - 2023-05-29 07:12:27,404 - [36mCustomSimProcedure[0m - [36mSyscall found:  __libc_start_main[151294320, 1, 2147418032, 151297776, 151297888][0m[0m
[1;32;40mINFO - 2023-05-29 07:12:27,453 - [32mSemaExplorerCDFS[0m - [32mA new block of execution have been executed with changes in sim_manager.[0m[0m
[1;32;40mINFO - 2023-05-29 07:12:27,453 - [32mSemaExplorerCDFS[0m - [32mCurrently, simulation manager is :
<SimulationManager with 3 active, 24 deadended (2 errored)>[0m[0m
[1;32;40mINFO - 2023-05-29 07:12:27,453 - [32mSemaExplorerCDFS[0m - [32mpause stash len :0[0m[0m
[1;32;40mINFO - 2023-05-29 07:12:27,455 - [36mCustomSimProcedure[0m - [36mSyscall found:  __libc_start_main[151294320, 1, 2147418032, 151297776, 151297888][0m[0m
[1;32;40mINFO - 2023-05-29 07:12:27,458 - [36mCustomSimProcedure[0m - [36mSyscall found:  pclose[<BV32 unconstrained_ret_popen_3934282_32{UNINITIALIZED}>][0m[0m
[1;32;40mINFO - 2023-05-29 07:12:27,556 - [36mCustomSimProcedure[0m - [36mSyscall found:  strlen[<BV32 0x904a1a8>][0m[0m
[1;32;40mINFO - 2023-05-29 07:12:27,557 - [36mCustomSimProcedure[0m - [36mSyscall found:  memcpy[<BV32 0x7ffefe30>, <BV32 0x904a1a8>, <BV32 0x6>][0m[0m
[1;32;40mINFO - 2023-05-29 07:12:27,557 - [36mCustomSimProcedure[0m - [36mSyscall found:  strncpy[<BV32 0x7ffefe30>, <BV32 0x904a1a8>, <BV32 0x6>][0m[0m
[1;32;40mINFO - 2023-05-29 07:12:27,589 - [32mSemaExplorerCDFS[0m - [32mA new block of execution have been executed with changes in sim_manager.[0m[0m
[1;32;40mINFO - 2023-05-29 07:12:27,590 - [32mSemaExplorerCDFS[0m - [32mCurrently, simulation manager is :
<SimulationManager with 3 active, 25 deadended (2 errored)>[0m[0m
[1;32;40mINFO - 2023-05-29 07:12:27,590 - [32mSemaExplorerCDFS[0m - [32mpause stash len :0[0m[0m
[1;32;40mINFO - 2023-05-29 07:12:27,590 - [32mSemaExplorerCDFS[0m - [32mfork_stack : 1[0m[0m
[1;32;40mINFO - 2023-05-29 07:12:27,624 - [36mCustomSimProcedure[0m - [36mSyscall found:  strlen[<BV32 0x904a1b5>][0m[0m
[1;32;40mINFO - 2023-05-29 07:12:27,627 - [36mCustomSimProcedure[0m - [36mSyscall found:  printf[<BV32 0x904a1b5>][0m[0m
[1;32;40mINFO - 2023-05-29 07:12:27,633 - [36mCustomSimProcedure[0m - [36mSyscall found:  strlen[<BV32 0x904a1a8>][0m[0m
[1;32;40mINFO - 2023-05-29 07:12:27,636 - [36mCustomSimProcedure[0m - [36mSyscall found:  strlen[<BV32 0x7ffefe30>][0m[0m
[1;32;40mINFO - 2023-05-29 07:12:27,639 - [36mCustomSimProcedure[0m - [36mSyscall found:  strncmp[<BV32 0x904a1a8>, <BV32 0x7ffefe30>, <BV32 0x6>][0m[0m
[1;32;40mINFO - 2023-05-29 07:12:27,639 - [36mCustomSimProcedure[0m - [36mSyscall found:  strcmp[<BV32 0x904a1a8>, <BV32 0x7ffefe30>][0m[0m
[1;32;40mINFO - 2023-05-29 07:12:27,707 - [36mCustomSimProcedure[0m - [36mSyscall found:  pclose[<BV32 unconstrained_ret_popen_3934282_32{UNINITIALIZED}>][0m[0m
[1;32;40mINFO - 2023-05-29 07:12:27,825 - [36mCustomSimProcedure[0m - [36mSyscall found:  __libc_start_main[151294320, 1, 2147418032, 151297776, 151297888][0m[0m
[1;32;40mINFO - 2023-05-29 07:12:27,853 - [32mSemaExplorerCDFS[0m - [32mA new block of execution have been executed with changes in sim_manager.[0m[0m
[1;32;40mINFO - 2023-05-29 07:12:27,854 - [32mSemaExplorerCDFS[0m - [32mCurrently, simulation manager is :
<SimulationManager with 4 active, 25 deadended (2 errored)>[0m[0m
[1;32;40mINFO - 2023-05-29 07:12:27,854 - [32mSemaExplorerCDFS[0m - [32mpause stash len :0[0m[0m
[1;32;40mINFO - 2023-05-29 07:12:27,854 - [32mSemaExplorerCDFS[0m - [32mfork_stack : 1[0m[0m
[1;32;40mINFO - 2023-05-29 07:12:27,873 - [32mSemaExplorerCDFS[0m - [32mA new block of execution have been executed with changes in sim_manager.[0m[0m
[1;32;40mINFO - 2023-05-29 07:12:27,874 - [32mSemaExplorerCDFS[0m - [32mCurrently, simulation manager is :
<SimulationManager with 3 active, 26 deadended (2 errored)>[0m[0m
[1;32;40mINFO - 2023-05-29 07:12:27,874 - [32mSemaExplorerCDFS[0m - [32mpause stash len :0[0m[0m
[1;32;40mINFO - 2023-05-29 07:12:27,877 - [36mCustomSimProcedure[0m - [36mSyscall found:  __libc_start_main[151294320, 1, 2147418032, 151297776, 151297888][0m[0m
[1;32;40mINFO - 2023-05-29 07:12:27,898 - [36mCustomSimProcedure[0m - [36mSyscall found:  strlen[<BV32 0x904a1b5>][0m[0m
[1;32;40mINFO - 2023-05-29 07:12:27,903 - [36mCustomSimProcedure[0m - [36mSyscall found:  printf[<BV32 0x904a1b5>][0m[0m
[1;32;40mINFO - 2023-05-29 07:12:27,922 - [32mSemaExplorerCDFS[0m - [32mA new block of execution have been executed with changes in sim_manager.[0m[0m
[1;32;40mINFO - 2023-05-29 07:12:27,922 - [32mSemaExplorerCDFS[0m - [32mCurrently, simulation manager is :
<SimulationManager with 2 active, 27 deadended (2 errored)>[0m[0m
[1;32;40mINFO - 2023-05-29 07:12:27,922 - [32mSemaExplorerCDFS[0m - [32mpause stash len :0[0m[0m
[1;32;40mINFO - 2023-05-29 07:12:27,966 - [36mCustomSimProcedure[0m - [36mSyscall found:  __libc_start_main[151294320, 1, 2147418032, 151297776, 151297888][0m[0m
[1;32;40mINFO - 2023-05-29 07:12:27,982 - [32mSemaExplorerCDFS[0m - [32mA new block of execution have been executed with changes in sim_manager.[0m[0m
[1;32;40mINFO - 2023-05-29 07:12:27,982 - [32mSemaExplorerCDFS[0m - [32mCurrently, simulation manager is :
<SimulationManager with 1 active, 28 deadended (2 errored)>[0m[0m
[1;32;40mINFO - 2023-05-29 07:12:27,983 - [32mSemaExplorerCDFS[0m - [32mpause stash len :0[0m[0m
[1;32;40mINFO - 2023-05-29 07:12:27,985 - [36mCustomSimProcedure[0m - [36mSyscall found:  __libc_start_main[151294320, 1, 2147418032, 151297776, 151297888][0m[0m
[1;32;40mINFO - 2023-05-29 07:12:27,988 - [32mSemaExplorerCDFS[0m - [32mA new block of execution have been executed with changes in sim_manager.[0m[0m
[1;32;40mINFO - 2023-05-29 07:12:27,988 - [32mSemaExplorerCDFS[0m - [32mCurrently, simulation manager is :
<SimulationManager with 29 deadended (2 errored)>[0m[0m
[1;32;40mINFO - 2023-05-29 07:12:27,988 - [32mSemaExplorerCDFS[0m - [32mpause stash len :0[0m[0m
[1;32;40mINFO - 2023-05-29 07:12:27,989 - [32mSemaExplorerCDFS[0m - [32mlen(simgr.active) <= 0 or deadended >= self.max_end_state)[0m[0m
[1;32;40mINFO - 2023-05-29 07:12:28,013 - [37mGraphBuilder[0m - [37mOutput dir :src/output/runs/132//random_mutations[0m[0m
