[1;33;40mWARNING - 2023-05-29 07:11:13,407 - [34mangr.project[0m - [34mDisabling IRSB translation cache because support for self-modifying code is enabled.[0m[0m
[1;33;40mWARNING - 2023-05-29 07:11:13,832 - [32mangr.storage.memory_mixins.default_filler_mixin[0m - [32mFilling memory at 0xc000800c with 4 unconstrained bytes referenced from 0x904dd20 (_start+0x0 in mutations17_exec (0x904dd20))[0m[0m
[1;33;40mWARNING - 2023-05-29 07:11:16,868 - [32mangr.storage.memory_mixins.default_filler_mixin[0m - [32mFilling memory at 0xc0010014 with 4 unconstrained bytes referenced from 0x904dd20 (_start+0x0 in mutations17_exec (0x904dd20))[0m[0m
[1;33;40mWARNING - 2023-05-29 07:11:21,235 - [32mangr.storage.memory_mixins.default_filler_mixin[0m - [32mFilling memory at 0xc001801c with 4 unconstrained bytes referenced from 0x904dd20 (_start+0x0 in mutations17_exec (0x904dd20))[0m[0m
[1;33;40mWARNING - 2023-05-29 07:11:24,498 - [32mangr.storage.memory_mixins.default_filler_mixin[0m - [32mFilling memory at 0xc0020024 with 4 unconstrained bytes referenced from 0x904dd20 (_start+0x0 in mutations17_exec (0x904dd20))[0m[0m
[1;33;40mWARNING - 2023-05-29 07:11:27,612 - [32mangr.storage.memory_mixins.default_filler_mixin[0m - [32mFilling memory at 0x30 with 4 unconstrained bytes referenced from 0x904dd20 (_start+0x0 in mutations17_exec (0x904dd20))[0m[0m
[1;32;40mINFO - 2023-05-29 07:11:27,721 - [36mCustomSimProcedure[0m - [36mcustom_hook_static[0m[0m
[1;33;40mWARNING - 2023-05-29 07:11:27,722 - [34mangr.project[0m - [34mAddress is already hooked, during hook(0x0, <SimProcedure strcmp>). Not re-hooking.[0m[0m
[1;33;40mWARNING - 2023-05-29 07:11:27,722 - [34mangr.project[0m - [34mAddress is already hooked, during hook(0x0, <SimProcedure fgets>). Not re-hooking.[0m[0m
[1;33;40mWARNING - 2023-05-29 07:11:27,722 - [34mangr.project[0m - [34mAddress is already hooked, during hook(0x0, <SimProcedure tolower>). Not re-hooking.[0m[0m
[1;33;40mWARNING - 2023-05-29 07:11:27,722 - [34mangr.project[0m - [34mAddress is already hooked, during hook(0x0, <SimProcedure fclose>). Not re-hooking.[0m[0m
[1;33;40mWARNING - 2023-05-29 07:11:27,723 - [34mangr.project[0m - [34mAddress is already hooked, during hook(0x0, <SimProcedure time>). Not re-hooking.[0m[0m
[1;33;40mWARNING - 2023-05-29 07:11:27,723 - [34mangr.project[0m - [34mAddress is already hooked, during hook(0x0, <SimProcedure fwrite>). Not re-hooking.[0m[0m
[1;33;40mWARNING - 2023-05-29 07:11:27,723 - [34mangr.project[0m - [34mAddress is already hooked, during hook(0x0, <SimProcedure usleep>). Not re-hooking.[0m[0m
[1;33;40mWARNING - 2023-05-29 07:11:27,723 - [34mangr.project[0m - [34mAddress is already hooked, during hook(0x0, <SimProcedure getenv>). Not re-hooking.[0m[0m
[1;33;40mWARNING - 2023-05-29 07:11:27,724 - [34mangr.project[0m - [34mAddress is already hooked, during hook(0x0, <SimProcedure malloc>). Not re-hooking.[0m[0m
[1;33;40mWARNING - 2023-05-29 07:11:27,724 - [34mangr.project[0m - [34mAddress is already hooked, during hook(0x0, <SimProcedure puts>). Not re-hooking.[0m[0m
[1;33;40mWARNING - 2023-05-29 07:11:27,724 - [34mangr.project[0m - [34mAddress is already hooked, during hook(0x0, <SimProcedure srand>). Not re-hooking.[0m[0m
[1;33;40mWARNING - 2023-05-29 07:11:27,724 - [34mangr.project[0m - [34mAddress is already hooked, during hook(0x0, <SimProcedure strchr>). Not re-hooking.[0m[0m
[1;33;40mWARNING - 2023-05-29 07:11:27,724 - [34mangr.project[0m - [34mAddress is already hooked, during hook(0x0, <SimProcedure strlen>). Not re-hooking.[0m[0m
[1;33;40mWARNING - 2023-05-29 07:11:27,724 - [34mangr.project[0m - [34mAddress is already hooked, during hook(0x0, <SimProcedure __libc_start_main>). Not re-hooking.[0m[0m
[1;33;40mWARNING - 2023-05-29 07:11:27,725 - [34mangr.project[0m - [34mAddress is already hooked, during hook(0x0, <SimProcedure atol>). Not re-hooking.[0m[0m
[1;33;40mWARNING - 2023-05-29 07:11:27,725 - [34mangr.project[0m - [34mAddress is already hooked, during hook(0x0, <SimProcedure fopen>). Not re-hooking.[0m[0m
[1;33;40mWARNING - 2023-05-29 07:11:27,725 - [34mangr.project[0m - [34mAddress is already hooked, during hook(0x0, <SimProcedure strncpy>). Not re-hooking.[0m[0m
[1;33;40mWARNING - 2023-05-29 07:11:27,725 - [34mangr.project[0m - [34mAddress is already hooked, during hook(0x0, <SimProcedure rand>). Not re-hooking.[0m[0m
[1;33;40mWARNING - 2023-05-29 07:11:27,725 - [34mangr.project[0m - [34mAddress is already hooked, during hook(0x0, <SimProcedure toupper>). Not re-hooking.[0m[0m
[1;33;40mWARNING - 2023-05-29 07:11:27,725 - [34mangr.project[0m - [34mAddress is already hooked, during hook(0x0, <SimProcedure atoi>). Not re-hooking.[0m[0m
[1;33;40mWARNING - 2023-05-29 07:11:27,726 - [34mangr.project[0m - [34mAddress is already hooked, during hook(0x0, <SimProcedure socket>). Not re-hooking.[0m[0m
[1;33;40mWARNING - 2023-05-29 07:11:27,726 - [34mangr.project[0m - [34mAddress is already hooked, during hook(0x0, <SimProcedure close>). Not re-hooking.[0m[0m
[1;33;40mWARNING - 2023-05-29 07:11:27,726 - [34mangr.project[0m - [34mAddress is already hooked, during hook(0x0, <SimProcedure strstr>). Not re-hooking.[0m[0m
[1;33;40mWARNING - 2023-05-29 07:11:27,726 - [34mangr.project[0m - [34mAddress is already hooked, during hook(0x0, <SimProcedure strcmp>). Not re-hooking.[0m[0m
[1;33;40mWARNING - 2023-05-29 07:11:27,726 - [34mangr.project[0m - [34mAddress is already hooked, during hook(0x0, <SimProcedure fgets>). Not re-hooking.[0m[0m
[1;33;40mWARNING - 2023-05-29 07:11:27,726 - [34mangr.project[0m - [34mAddress is already hooked, during hook(0x0, <SimProcedure tolower>). Not re-hooking.[0m[0m
[1;33;40mWARNING - 2023-05-29 07:11:27,727 - [34mangr.project[0m - [34mAddress is already hooked, during hook(0x0, <SimProcedure fclose>). Not re-hooking.[0m[0m
[1;33;40mWARNING - 2023-05-29 07:11:27,727 - [34mangr.project[0m - [34mAddress is already hooked, during hook(0x0, <SimProcedure time>). Not re-hooking.[0m[0m
[1;33;40mWARNING - 2023-05-29 07:11:27,727 - [34mangr.project[0m - [34mAddress is already hooked, during hook(0x0, <SimProcedure fwrite>). Not re-hooking.[0m[0m
[1;33;40mWARNING - 2023-05-29 07:11:27,727 - [34mangr.project[0m - [34mAddress is already hooked, during hook(0x0, <SimProcedure usleep>). Not re-hooking.[0m[0m
[1;33;40mWARNING - 2023-05-29 07:11:27,727 - [34mangr.project[0m - [34mAddress is already hooked, during hook(0x0, <SimProcedure getenv>). Not re-hooking.[0m[0m
[1;33;40mWARNING - 2023-05-29 07:11:27,728 - [34mangr.project[0m - [34mAddress is already hooked, during hook(0x0, <SimProcedure malloc>). Not re-hooking.[0m[0m
[1;33;40mWARNING - 2023-05-29 07:11:27,728 - [34mangr.project[0m - [34mAddress is already hooked, during hook(0x0, <SimProcedure puts>). Not re-hooking.[0m[0m
[1;33;40mWARNING - 2023-05-29 07:11:27,728 - [34mangr.project[0m - [34mAddress is already hooked, during hook(0x0, <SimProcedure srand>). Not re-hooking.[0m[0m
[1;33;40mWARNING - 2023-05-29 07:11:27,728 - [34mangr.project[0m - [34mAddress is already hooked, during hook(0x0, <SimProcedure strchr>). Not re-hooking.[0m[0m
[1;33;40mWARNING - 2023-05-29 07:11:27,728 - [34mangr.project[0m - [34mAddress is already hooked, during hook(0x0, <SimProcedure strlen>). Not re-hooking.[0m[0m
[1;33;40mWARNING - 2023-05-29 07:11:27,728 - [34mangr.project[0m - [34mAddress is already hooked, during hook(0x0, <SimProcedure __libc_start_main>). Not re-hooking.[0m[0m
[1;33;40mWARNING - 2023-05-29 07:11:27,729 - [34mangr.project[0m - [34mAddress is already hooked, during hook(0x0, <SimProcedure atol>). Not re-hooking.[0m[0m
[1;33;40mWARNING - 2023-05-29 07:11:27,730 - [34mangr.project[0m - [34mAddress is already hooked, during hook(0x0, <SimProcedure fopen>). Not re-hooking.[0m[0m
[1;33;40mWARNING - 2023-05-29 07:11:27,730 - [34mangr.project[0m - [34mAddress is already hooked, during hook(0x0, <SimProcedure strncpy>). Not re-hooking.[0m[0m
[1;33;40mWARNING - 2023-05-29 07:11:27,730 - [34mangr.project[0m - [34mAddress is already hooked, during hook(0x0, <SimProcedure rand>). Not re-hooking.[0m[0m
[1;33;40mWARNING - 2023-05-29 07:11:27,730 - [34mangr.project[0m - [34mAddress is already hooked, during hook(0x0, <SimProcedure toupper>). Not re-hooking.[0m[0m
[1;33;40mWARNING - 2023-05-29 07:11:27,731 - [34mangr.project[0m - [34mAddress is already hooked, during hook(0x0, <SimProcedure atoi>). Not re-hooking.[0m[0m
[1;33;40mWARNING - 2023-05-29 07:11:27,731 - [34mangr.project[0m - [34mAddress is already hooked, during hook(0x0, <SimProcedure socket>). Not re-hooking.[0m[0m
[1;33;40mWARNING - 2023-05-29 07:11:27,731 - [34mangr.project[0m - [34mAddress is already hooked, during hook(0x0, <SimProcedure close>). Not re-hooking.[0m[0m
[1;33;40mWARNING - 2023-05-29 07:11:27,732 - [34mangr.project[0m - [34mAddress is already hooked, during hook(0x9049060, <SimProcedure printf>). Not re-hooking.[0m[0m
[1;33;40mWARNING - 2023-05-29 07:11:27,732 - [34mangr.project[0m - [34mAddress is already hooked, during hook(0x9049180, <SimProcedure fprintf>). Not re-hooking.[0m[0m
[1;33;40mWARNING - 2023-05-29 07:11:27,733 - [34mangr.project[0m - [34mAddress is already hooked, during hook(0xa100000, <SimProcedure strstr>). Not re-hooking.[0m[0m
[1;33;40mWARNING - 2023-05-29 07:11:27,733 - [34mangr.project[0m - [34mAddress is already hooked, during hook(0xa100004, <SimProcedure strcmp>). Not re-hooking.[0m[0m
[1;33;40mWARNING - 2023-05-29 07:11:27,733 - [34mangr.project[0m - [34mAddress is already hooked, during hook(0xa100008, <SimProcedure printf>). Not re-hooking.[0m[0m
[1;33;40mWARNING - 2023-05-29 07:11:27,733 - [34mangr.project[0m - [34mAddress is already hooked, during hook(0xa10000c, <SimProcedure fgets>). Not re-hooking.[0m[0m
[1;33;40mWARNING - 2023-05-29 07:11:27,733 - [34mangr.project[0m - [34mAddress is already hooked, during hook(0xa100010, <SimProcedure tolower>). Not re-hooking.[0m[0m
[1;33;40mWARNING - 2023-05-29 07:11:27,733 - [34mangr.project[0m - [34mAddress is already hooked, during hook(0xa100014, <SimProcedure fclose>). Not re-hooking.[0m[0m
[1;33;40mWARNING - 2023-05-29 07:11:27,734 - [34mangr.project[0m - [34mAddress is already hooked, during hook(0xa100018, <SimProcedure time>). Not re-hooking.[0m[0m
[1;33;40mWARNING - 2023-05-29 07:11:27,734 - [34mangr.project[0m - [34mAddress is already hooked, during hook(0xa100028, <SimProcedure fwrite>). Not re-hooking.[0m[0m
[1;33;40mWARNING - 2023-05-29 07:11:27,734 - [34mangr.project[0m - [34mAddress is already hooked, during hook(0xa10002c, <SimProcedure usleep>). Not re-hooking.[0m[0m
[1;33;40mWARNING - 2023-05-29 07:11:27,734 - [34mangr.project[0m - [34mAddress is already hooked, during hook(0xa100030, <SimProcedure getenv>). Not re-hooking.[0m[0m
[1;33;40mWARNING - 2023-05-29 07:11:27,734 - [34mangr.project[0m - [34mAddress is already hooked, during hook(0xa100034, <SimProcedure malloc>). Not re-hooking.[0m[0m
[1;33;40mWARNING - 2023-05-29 07:11:27,735 - [34mangr.project[0m - [34mAddress is already hooked, during hook(0xa100038, <SimProcedure puts>). Not re-hooking.[0m[0m
[1;33;40mWARNING - 2023-05-29 07:11:27,735 - [34mangr.project[0m - [34mAddress is already hooked, during hook(0xa100040, <SimProcedure srand>). Not re-hooking.[0m[0m
[1;33;40mWARNING - 2023-05-29 07:11:27,735 - [34mangr.project[0m - [34mAddress is already hooked, during hook(0xa100044, <SimProcedure strchr>). Not re-hooking.[0m[0m
[1;33;40mWARNING - 2023-05-29 07:11:27,735 - [34mangr.project[0m - [34mAddress is already hooked, during hook(0xa100048, <SimProcedure strlen>). Not re-hooking.[0m[0m
[1;33;40mWARNING - 2023-05-29 07:11:27,735 - [34mangr.project[0m - [34mAddress is already hooked, during hook(0xa10004c, <SimProcedure __libc_start_main>). Not re-hooking.[0m[0m
[1;33;40mWARNING - 2023-05-29 07:11:27,735 - [34mangr.project[0m - [34mAddress is already hooked, during hook(0xa100050, <SimProcedure fprintf>). Not re-hooking.[0m[0m
[1;33;40mWARNING - 2023-05-29 07:11:27,736 - [34mangr.project[0m - [34mAddress is already hooked, during hook(0xa100054, <SimProcedure atol>). Not re-hooking.[0m[0m
[1;33;40mWARNING - 2023-05-29 07:11:27,736 - [34mangr.project[0m - [34mAddress is already hooked, during hook(0xa100058, <SimProcedure fopen>). Not re-hooking.[0m[0m
[1;33;40mWARNING - 2023-05-29 07:11:27,736 - [34mangr.project[0m - [34mAddress is already hooked, during hook(0xa10005c, <SimProcedure strncpy>). Not re-hooking.[0m[0m
[1;33;40mWARNING - 2023-05-29 07:11:27,736 - [34mangr.project[0m - [34mAddress is already hooked, during hook(0xa100060, <SimProcedure rand>). Not re-hooking.[0m[0m
[1;33;40mWARNING - 2023-05-29 07:11:27,736 - [34mangr.project[0m - [34mAddress is already hooked, during hook(0xa100068, <SimProcedure toupper>). Not re-hooking.[0m[0m
[1;33;40mWARNING - 2023-05-29 07:11:27,737 - [34mangr.project[0m - [34mAddress is already hooked, during hook(0xa10006c, <SimProcedure atoi>). Not re-hooking.[0m[0m
[1;33;40mWARNING - 2023-05-29 07:11:27,737 - [34mangr.project[0m - [34mAddress is already hooked, during hook(0xa100070, <SimProcedure socket>). Not re-hooking.[0m[0m
[1;33;40mWARNING - 2023-05-29 07:11:27,737 - [34mangr.project[0m - [34mAddress is already hooked, during hook(0xa10007c, <SimProcedure close>). Not re-hooking.[0m[0m
[1;32;40mINFO - 2023-05-29 07:11:27,737 - [36mCustomSimProcedure[0m - [36mcustom_hook_no_symbols[0m[0m
[1;33;40mWARNING - 2023-05-29 07:11:27,855 - [32mangr.storage.memory_mixins.default_filler_mixin[0m - [32mFilling memory at 0xc002032c with 4 unconstrained bytes referenced from 0xa10004c (__libc_start_main+0x0 in extern-address space (0x4c))[0m[0m
[1;32;40mINFO - 2023-05-29 07:11:27,911 - [36mCustomSimProcedure[0m - [36mSyscall found:  malloc[<BV32 0x300>][0m[0m
[1;33;40mWARNING - 2023-05-29 07:11:27,945 - [32mangr.storage.memory_mixins.default_filler_mixin[0m - [32mFilling memory at 0xc002033c with 4 unconstrained bytes referenced from 0xa10004c (__libc_start_main+0x0 in extern-address space (0x4c))[0m[0m
[1;32;40mINFO - 2023-05-29 07:11:27,998 - [36mCustomSimProcedure[0m - [36mSyscall found:  malloc[<BV32 0x4>][0m[0m
[1;33;40mWARNING - 2023-05-29 07:11:28,052 - [32mangr.storage.memory_mixins.default_filler_mixin[0m - [32mFilling memory at 0xc0020944 with 4 unconstrained bytes referenced from 0xa10004c (__libc_start_main+0x0 in extern-address space (0x4c))[0m[0m
[1;32;40mINFO - 2023-05-29 07:11:28,105 - [36mCustomSimProcedure[0m - [36mSyscall found:  malloc[<BV32 0x600>][0m[0m
[1;33;40mWARNING - 2023-05-29 07:11:28,138 - [32mangr.storage.memory_mixins.default_filler_mixin[0m - [32mFilling memory at 0xc0020954 with 4 unconstrained bytes referenced from 0xa10004c (__libc_start_main+0x0 in extern-address space (0x4c))[0m[0m
[1;32;40mINFO - 2023-05-29 07:11:28,192 - [36mCustomSimProcedure[0m - [36mSyscall found:  malloc[<BV32 0x4>][0m[0m
[1;33;40mWARNING - 2023-05-29 07:11:28,245 - [32mangr.storage.memory_mixins.default_filler_mixin[0m - [32mFilling memory at 0xc0020f5c with 4 unconstrained bytes referenced from 0xa10004c (__libc_start_main+0x0 in extern-address space (0x4c))[0m[0m
[1;32;40mINFO - 2023-05-29 07:11:28,298 - [36mCustomSimProcedure[0m - [36mSyscall found:  malloc[<BV32 0x600>][0m[0m
[1;33;40mWARNING - 2023-05-29 07:11:28,331 - [32mangr.storage.memory_mixins.default_filler_mixin[0m - [32mFilling memory at 0xc0020f6c with 4 unconstrained bytes referenced from 0xa10004c (__libc_start_main+0x0 in extern-address space (0x4c))[0m[0m
[1;32;40mINFO - 2023-05-29 07:11:28,384 - [36mCustomSimProcedure[0m - [36mSyscall found:  malloc[<BV32 0x4>][0m[0m
[1;33;40mWARNING - 2023-05-29 07:11:28,436 - [32mangr.storage.memory_mixins.default_filler_mixin[0m - [32mFilling memory at 0xc0020f7c with 4 unconstrained bytes referenced from 0xa10004c (__libc_start_main+0x0 in extern-address space (0x4c))[0m[0m
[1;32;40mINFO - 2023-05-29 07:11:28,489 - [36mCustomSimProcedure[0m - [36mSyscall found:  malloc[<BV32 0x4>][0m[0m
[1;32;40mINFO - 2023-05-29 07:11:28,497 - [36mCustomSimProcedure[0m - [36mSyscall found:  __libc_start_main[<BV32 0x9049240>, <BV32 0x1>, <BV32 0x7ffeffb0>, <BV32 0x904de40>, <BV32 0x904deb0>][0m[0m
[1;33;40mWARNING - 2023-05-29 07:11:28,518 - [32mangr.storage.memory_mixins.default_filler_mixin[0m - [32mFilling register edi with 4 unconstrained bytes referenced from 0x904de50 (__libc_csu_init+0x10 in mutations17_exec (0x904de50))[0m[0m
[1;32;40mINFO - 2023-05-29 07:11:28,620 - [36mCustomSimProcedure[0m - [36mSyscall found:  __libc_start_main[151294528, 1, 2147418032, 151313984, 151314096][0m[0m
[1;32;40mINFO - 2023-05-29 07:11:28,668 - [36mCustomSimProcedure[0m - [36mSyscall found:  sysconf[<BV32 0x54>][0m[0m
[1;32;40mINFO - 2023-05-29 07:11:28,706 - [32mSemaExplorerCDFS[0m - [32mA new block of execution have been executed with changes in sim_manager.[0m[0m
[1;32;40mINFO - 2023-05-29 07:11:28,706 - [32mSemaExplorerCDFS[0m - [32mCurrently, simulation manager is :
<SimulationManager with 2 active>[0m[0m
[1;32;40mINFO - 2023-05-29 07:11:28,706 - [32mSemaExplorerCDFS[0m - [32mpause stash len :0[0m[0m
[1;32;40mINFO - 2023-05-29 07:11:28,707 - [32mSemaExplorerCDFS[0m - [32mfork_stack : 1[0m[0m
[1;32;40mINFO - 2023-05-29 07:11:28,765 - [36mCustomSimProcedure[0m - [36mSyscall found:  popen[<BV32 0x904e008>, <BV32 0x904e06e>][0m[0m
[1;32;40mINFO - 2023-05-29 07:11:28,790 - [36mCustomSimProcedure[0m - [36mSyscall found:  popen[<BV32 0x904e008>, <BV32 0x904e06e>][0m[0m
[1;32;40mINFO - 2023-05-29 07:11:28,847 - [32mSemaExplorerCDFS[0m - [32mA new block of execution have been executed with changes in sim_manager.[0m[0m
[1;32;40mINFO - 2023-05-29 07:11:28,847 - [32mSemaExplorerCDFS[0m - [32mCurrently, simulation manager is :
<SimulationManager with 4 active>[0m[0m
[1;32;40mINFO - 2023-05-29 07:11:28,847 - [32mSemaExplorerCDFS[0m - [32mpause stash len :0[0m[0m
[1;32;40mINFO - 2023-05-29 07:11:28,847 - [32mSemaExplorerCDFS[0m - [32mfork_stack : 2[0m[0m
[1;32;40mINFO - 2023-05-29 07:11:28,882 - [36mCustomSimProcedure[0m - [36mSyscall found:  strlen[<BV32 0x904e077>][0m[0m
[1;32;40mINFO - 2023-05-29 07:11:28,883 - [36mCustomSimProcedure[0m - [36mSyscall found:  printf[<BV32 0x904e077>][0m[0m
[1;32;40mINFO - 2023-05-29 07:11:28,887 - [36mCustomSimProcedure[0m - [36mSyscall found:  strlen[<BV32 0x904e077>][0m[0m
[1;32;40mINFO - 2023-05-29 07:11:28,889 - [36mCustomSimProcedure[0m - [36mSyscall found:  printf[<BV32 0x904e077>][0m[0m
[1;33;40mWARNING - 2023-05-29 07:11:29,024 - [32mangr.storage.memory_mixins.default_filler_mixin[0m - [32mFilling memory at 0x3 with 1 unconstrained bytes referenced from 0xa10000c (fgets+0x0 in extern-address space (0xc))[0m[0m
[1;33;40mWARNING - 2023-05-29 07:11:29,186 - [32mangr.storage.memory_mixins.default_filler_mixin[0m - [32mFilling memory at 0x1b with 4 unconstrained bytes referenced from 0xa10000c (fgets+0x0 in extern-address space (0xc))[0m[0m
[1;33;40mWARNING - 2023-05-29 07:11:29,228 - [33mangr.state_plugins.posix[0m - [33mTried to look up a symbolic fd - constrained to 3 and opened b'/tmp/angr_implicit_0'[0m[0m
[1;32;40mINFO - 2023-05-29 07:11:29,278 - [36mCustomSimProcedure[0m - [36mSyscall found:  fgets[<BV32 0x7ffefe58>, <BV32 0x80>, <BV32 unconstrained_ret_popen_3671920_32{UNINITIALIZED}>][0m[0m
[1;32;40mINFO - 2023-05-29 07:11:29,317 - [32mSemaExplorerCDFS[0m - [32mEnd of the trace number 1 with errors[0m[0m
[1;32;40mINFO - 2023-05-29 07:11:29,317 - [32mSemaExplorerCDFS[0m - <SimState @ 0xa10000c>[0m
[1;32;40mINFO - 2023-05-29 07:11:29,318 - [32mSemaExplorerCDFS[0m - Tried to do operation on symbolic but partially constrained file descriptor[0m
[1;33;40mWARNING - 2023-05-29 07:11:29,362 - [32mangr.storage.memory_mixins.default_filler_mixin[0m - [32mFilling memory at 0x38 with 4 unconstrained bytes referenced from 0xa10000c (fgets+0x0 in extern-address space (0xc))[0m[0m
[1;33;40mWARNING - 2023-05-29 07:11:29,387 - [33mangr.state_plugins.posix[0m - [33mTried to look up a symbolic fd - constrained to 3 and opened b'/tmp/angr_implicit_0'[0m[0m
[1;32;40mINFO - 2023-05-29 07:11:29,439 - [36mCustomSimProcedure[0m - [36mSyscall found:  fgets[<BV32 0x7ffefe58>, <BV32 0x80>, <BV32 unconstrained_ret_popen_3671919_32{UNINITIALIZED}>][0m[0m
[1;33;40mWARNING - 2023-05-29 07:11:29,533 - [33mangr.state_plugins.posix[0m - [33mTried to look up a symbolic fd - constrained to 3 and opened b'/tmp/angr_implicit_0'[0m[0m
[1;32;40mINFO - 2023-05-29 07:11:29,583 - [36mCustomSimProcedure[0m - [36mSyscall found:  fgets[<BV32 0x7ffefe58>, <BV32 0x80>, <BV32 unconstrained_ret_popen_3671920_32{UNINITIALIZED}>][0m[0m
[1;32;40mINFO - 2023-05-29 07:11:29,662 - [36mCustomSimProcedure[0m - [36mSyscall found:  strlen[<BV32 0x904e028>][0m[0m
[1;32;40mINFO - 2023-05-29 07:11:29,663 - [36mCustomSimProcedure[0m - [36mSyscall found:  memcpy[<BV32 0x7ffefe20>, <BV32 0x904e028>, <BV32 0x22>][0m[0m
[1;32;40mINFO - 2023-05-29 07:11:29,664 - [36mCustomSimProcedure[0m - [36mSyscall found:  strncpy[<BV32 0x7ffefe20>, <BV32 0x904e028>, <BV32 0x22>][0m[0m
[1;32;40mINFO - 2023-05-29 07:11:29,706 - [36mCustomSimProcedure[0m - [36mSyscall found:  strlen[<BV32 0x904e028>][0m[0m
[1;32;40mINFO - 2023-05-29 07:11:29,707 - [36mCustomSimProcedure[0m - [36mSyscall found:  memcpy[<BV32 0x7ffefe20>, <BV32 0x904e028>, <BV32 0x22>][0m[0m
[1;32;40mINFO - 2023-05-29 07:11:29,708 - [36mCustomSimProcedure[0m - [36mSyscall found:  strncpy[<BV32 0x7ffefe20>, <BV32 0x904e028>, <BV32 0x22>][0m[0m
[1;32;40mINFO - 2023-05-29 07:11:29,723 - [36mCustomSimProcedure[0m - [36mSyscall found:  strlen[<BV32 0x904e028>][0m[0m
[1;32;40mINFO - 2023-05-29 07:11:29,725 - [36mCustomSimProcedure[0m - [36mSyscall found:  memcpy[<BV32 0x7ffefe20>, <BV32 0x904e028>, <BV32 0x22>][0m[0m
[1;32;40mINFO - 2023-05-29 07:11:29,725 - [36mCustomSimProcedure[0m - [36mSyscall found:  strncpy[<BV32 0x7ffefe20>, <BV32 0x904e028>, <BV32 0x22>][0m[0m
[1;32;40mINFO - 2023-05-29 07:11:29,748 - [36mCustomSimProcedure[0m - [36mSyscall found:  strlen[<BV32 0x904e028>][0m[0m
[1;32;40mINFO - 2023-05-29 07:11:29,758 - [36mCustomSimProcedure[0m - [36mSyscall found:  strlen[<BV32 0x7ffefe20>][0m[0m
[1;32;40mINFO - 2023-05-29 07:11:29,764 - [36mCustomSimProcedure[0m - [36mSyscall found:  strncmp[<BV32 0x904e028>, <BV32 0x7ffefe20>, <BV32 0x21>][0m[0m
[1;32;40mINFO - 2023-05-29 07:11:29,765 - [36mCustomSimProcedure[0m - [36mSyscall found:  strcmp[<BV32 0x904e028>, <BV32 0x7ffefe20>][0m[0m
[1;32;40mINFO - 2023-05-29 07:11:29,801 - [36mCustomSimProcedure[0m - [36mSyscall found:  strlen[<BV32 0x904e028>][0m[0m
[1;32;40mINFO - 2023-05-29 07:11:29,811 - [36mCustomSimProcedure[0m - [36mSyscall found:  strlen[<BV32 0x7ffefe20>][0m[0m
[1;32;40mINFO - 2023-05-29 07:11:29,818 - [36mCustomSimProcedure[0m - [36mSyscall found:  strncmp[<BV32 0x904e028>, <BV32 0x7ffefe20>, <BV32 0x21>][0m[0m
[1;32;40mINFO - 2023-05-29 07:11:29,818 - [36mCustomSimProcedure[0m - [36mSyscall found:  strcmp[<BV32 0x904e028>, <BV32 0x7ffefe20>][0m[0m
[1;32;40mINFO - 2023-05-29 07:11:29,841 - [36mCustomSimProcedure[0m - [36mSyscall found:  strlen[<BV32 0x904e028>][0m[0m
[1;32;40mINFO - 2023-05-29 07:11:29,851 - [36mCustomSimProcedure[0m - [36mSyscall found:  strlen[<BV32 0x7ffefe20>][0m[0m
[1;32;40mINFO - 2023-05-29 07:11:29,858 - [36mCustomSimProcedure[0m - [36mSyscall found:  strncmp[<BV32 0x904e028>, <BV32 0x7ffefe20>, <BV32 0x21>][0m[0m
[1;32;40mINFO - 2023-05-29 07:11:29,859 - [36mCustomSimProcedure[0m - [36mSyscall found:  strcmp[<BV32 0x904e028>, <BV32 0x7ffefe20>][0m[0m
[1;32;40mINFO - 2023-05-29 07:11:29,891 - [36mCustomSimProcedure[0m - [36mSyscall found:  pclose[<BV32 unconstrained_ret_popen_3671920_32{UNINITIALIZED}>][0m[0m
[1;32;40mINFO - 2023-05-29 07:11:30,034 - [32mSemaExplorerCDFS[0m - [32mA new block of execution have been executed with changes in sim_manager.[0m[0m
[1;32;40mINFO - 2023-05-29 07:11:30,034 - [32mSemaExplorerCDFS[0m - [32mCurrently, simulation manager is :
<SimulationManager with 4 active (1 errored)>[0m[0m
[1;32;40mINFO - 2023-05-29 07:11:30,034 - [32mSemaExplorerCDFS[0m - [32mpause stash len :0[0m[0m
[1;32;40mINFO - 2023-05-29 07:11:30,034 - [32mSemaExplorerCDFS[0m - [32mfork_stack : 1[0m[0m
[1;32;40mINFO - 2023-05-29 07:11:30,036 - [36mCustomSimProcedure[0m - [36mSyscall found:  pclose[<BV32 unconstrained_ret_popen_3671919_32{UNINITIALIZED}>][0m[0m
[1;32;40mINFO - 2023-05-29 07:11:30,161 - [36mCustomSimProcedure[0m - [36mSyscall found:  pclose[<BV32 unconstrained_ret_popen_3671920_32{UNINITIALIZED}>][0m[0m
[1;32;40mINFO - 2023-05-29 07:11:30,303 - [36mCustomSimProcedure[0m - [36mSyscall found:  strlen[<BV32 0x904e07d>][0m[0m
[1;32;40mINFO - 2023-05-29 07:11:30,306 - [36mCustomSimProcedure[0m - [36mSyscall found:  printf[<BV32 0x904e07d>][0m[0m
[1;32;40mINFO - 2023-05-29 07:11:30,334 - [32mSemaExplorerCDFS[0m - [32mA new block of execution have been executed with changes in sim_manager.[0m[0m
[1;32;40mINFO - 2023-05-29 07:11:30,334 - [32mSemaExplorerCDFS[0m - [32mCurrently, simulation manager is :
<SimulationManager with 6 active (1 errored)>[0m[0m
[1;32;40mINFO - 2023-05-29 07:11:30,334 - [32mSemaExplorerCDFS[0m - [32mpause stash len :0[0m[0m
[1;32;40mINFO - 2023-05-29 07:11:30,334 - [32mSemaExplorerCDFS[0m - [32mfork_stack : 2[0m[0m
[1;32;40mINFO - 2023-05-29 07:11:30,388 - [36mCustomSimProcedure[0m - [36mSyscall found:  strlen[<BV32 0x904e07d>][0m[0m
[1;32;40mINFO - 2023-05-29 07:11:30,392 - [36mCustomSimProcedure[0m - [36mSyscall found:  printf[<BV32 0x904e07d>][0m[0m
[1;32;40mINFO - 2023-05-29 07:11:30,431 - [36mCustomSimProcedure[0m - [36mSyscall found:  popen[<BV32 0x904e04a>, <BV32 0x904e06e>][0m[0m
[1;32;40mINFO - 2023-05-29 07:11:30,505 - [32mSemaExplorerCDFS[0m - [32mA new block of execution have been executed with changes in sim_manager.[0m[0m
[1;32;40mINFO - 2023-05-29 07:11:30,505 - [32mSemaExplorerCDFS[0m - [32mCurrently, simulation manager is :
<SimulationManager with 6 active (1 errored)>[0m[0m
[1;32;40mINFO - 2023-05-29 07:11:30,505 - [32mSemaExplorerCDFS[0m - [32mpause stash len :1[0m[0m
[1;32;40mINFO - 2023-05-29 07:11:30,506 - [32mSemaExplorerCDFS[0m - [32mfork_stack : 1[0m[0m
[1;32;40mINFO - 2023-05-29 07:11:30,508 - [36mCustomSimProcedure[0m - [36mSyscall found:  popen[<BV32 0x904e04a>, <BV32 0x904e06e>][0m[0m
[1;32;40mINFO - 2023-05-29 07:11:30,558 - [36mCustomSimProcedure[0m - [36mSyscall found:  popen[<BV32 0x904e04a>, <BV32 0x904e06e>][0m[0m
[1;32;40mINFO - 2023-05-29 07:11:30,604 - [36mCustomSimProcedure[0m - [36mSyscall found:  strlen[<BV32 0x904e077>][0m[0m
[1;32;40mINFO - 2023-05-29 07:11:30,605 - [36mCustomSimProcedure[0m - [36mSyscall found:  printf[<BV32 0x904e077>][0m[0m
[1;32;40mINFO - 2023-05-29 07:11:30,627 - [32mSemaExplorerCDFS[0m - [32mA new block of execution have been executed with changes in sim_manager.[0m[0m
[1;32;40mINFO - 2023-05-29 07:11:30,627 - [32mSemaExplorerCDFS[0m - [32mCurrently, simulation manager is :
<SimulationManager with 7 active (1 errored)>[0m[0m
[1;32;40mINFO - 2023-05-29 07:11:30,627 - [32mSemaExplorerCDFS[0m - [32mpause stash len :2[0m[0m
[1;32;40mINFO - 2023-05-29 07:11:30,627 - [32mSemaExplorerCDFS[0m - [32mfork_stack : 2[0m[0m
[1;32;40mINFO - 2023-05-29 07:11:30,644 - [36mCustomSimProcedure[0m - [36mSyscall found:  popen[<BV32 0x904e04a>, <BV32 0x904e06e>][0m[0m
[1;33;40mWARNING - 2023-05-29 07:11:30,813 - [33mangr.state_plugins.posix[0m - [33mTried to look up a symbolic fd - constrained to 4 and opened b'/tmp/angr_implicit_1'[0m[0m
[1;32;40mINFO - 2023-05-29 07:11:30,863 - [36mCustomSimProcedure[0m - [36mSyscall found:  fgets[<BV32 0x7ffefe58>, <BV32 0x80>, <BV32 unconstrained_ret_popen_3671933_32{UNINITIALIZED}>][0m[0m
[1;32;40mINFO - 2023-05-29 07:11:30,905 - [36mCustomSimProcedure[0m - [36mSyscall found:  strlen[<BV32 0x904e077>][0m[0m
[1;32;40mINFO - 2023-05-29 07:11:30,905 - [36mCustomSimProcedure[0m - [36mSyscall found:  printf[<BV32 0x904e077>][0m[0m
[1;32;40mINFO - 2023-05-29 07:11:30,936 - [32mSemaExplorerCDFS[0m - [32mA new block of execution have been executed with changes in sim_manager.[0m[0m
[1;32;40mINFO - 2023-05-29 07:11:30,937 - [32mSemaExplorerCDFS[0m - [32mCurrently, simulation manager is :
<SimulationManager with 6 active (1 errored)>[0m[0m
[1;32;40mINFO - 2023-05-29 07:11:30,937 - [32mSemaExplorerCDFS[0m - [32mpause stash len :4[0m[0m
[1;32;40mINFO - 2023-05-29 07:11:30,937 - [32mSemaExplorerCDFS[0m - [32mfork_stack : 1[0m[0m
[1;32;40mINFO - 2023-05-29 07:11:31,010 - [33mwerkzeug[0m - [33m172.17.0.1 - - [29/May/2023 07:11:31] "GET /iteration-scdg HTTP/1.1" 200 -[0m[0m
[1;32;40mINFO - 2023-05-29 07:11:31,011 - [33mwerkzeug[0m - [33m172.17.0.1 - - [29/May/2023 07:11:31] "GET /progress-scdg HTTP/1.1" 200 -[0m[0m
[1;33;40mWARNING - 2023-05-29 07:11:31,091 - [33mangr.state_plugins.posix[0m - [33mTried to look up a symbolic fd - constrained to 4 and opened b'/tmp/angr_implicit_1'[0m[0m
[1;32;40mINFO - 2023-05-29 07:11:31,141 - [36mCustomSimProcedure[0m - [36mSyscall found:  fgets[<BV32 0x7ffefe58>, <BV32 0x80>, <BV32 unconstrained_ret_popen_3671934_32{UNINITIALIZED}>][0m[0m
[1;33;40mWARNING - 2023-05-29 07:11:31,230 - [33mangr.state_plugins.posix[0m - [33mTried to look up a symbolic fd - constrained to 4 and opened b'/tmp/angr_implicit_1'[0m[0m
[1;32;40mINFO - 2023-05-29 07:11:31,279 - [36mCustomSimProcedure[0m - [36mSyscall found:  fgets[<BV32 0x7ffefe58>, <BV32 0x80>, <BV32 unconstrained_ret_popen_3671933_32{UNINITIALIZED}>][0m[0m
[1;32;40mINFO - 2023-05-29 07:11:31,330 - [36mCustomSimProcedure[0m - [36mSyscall found:  strlen[<BV32 0x904e077>][0m[0m
[1;32;40mINFO - 2023-05-29 07:11:31,330 - [36mCustomSimProcedure[0m - [36mSyscall found:  printf[<BV32 0x904e077>][0m[0m
[1;32;40mINFO - 2023-05-29 07:11:31,422 - [36mCustomSimProcedure[0m - [36mSyscall found:  fgets[<BV32 0x7ffefe58>, <BV32 0x80>, <BV32 unconstrained_ret_popen_3671934_32{UNINITIALIZED}>][0m[0m
[1;33;40mWARNING - 2023-05-29 07:11:31,598 - [32mangr.storage.memory_mixins.default_filler_mixin[0m - [32mFilling memory at 0x4 with 3 unconstrained bytes referenced from 0xa10000c (fgets+0x0 in extern-address space (0xc))[0m[0m
[1;33;40mWARNING - 2023-05-29 07:11:31,638 - [33mangr.state_plugins.posix[0m - [33mTried to look up a symbolic fd - constrained to 4 and opened b'/tmp/angr_implicit_1'[0m[0m
[1;32;40mINFO - 2023-05-29 07:11:31,688 - [36mCustomSimProcedure[0m - [36mSyscall found:  fgets[<BV32 0x7ffefe58>, <BV32 0x80>, <BV32 unconstrained_ret_popen_3671936_32{UNINITIALIZED}>][0m[0m
[1;32;40mINFO - 2023-05-29 07:11:31,779 - [36mCustomSimProcedure[0m - [36mSyscall found:  strlen[<BV32 0x904e070>][0m[0m
[1;32;40mINFO - 2023-05-29 07:11:31,780 - [36mCustomSimProcedure[0m - [36mSyscall found:  memcpy[<BV32 0x7ffefe40>, <BV32 0x904e070>, <BV32 0x6>][0m[0m
[1;32;40mINFO - 2023-05-29 07:11:31,780 - [36mCustomSimProcedure[0m - [36mSyscall found:  strncpy[<BV32 0x7ffefe40>, <BV32 0x904e070>, <BV32 0x6>][0m[0m
[1;32;40mINFO - 2023-05-29 07:11:31,849 - [36mCustomSimProcedure[0m - [36mSyscall found:  fgets[<BV32 0x7ffefe58>, <BV32 0x80>, <BV32 unconstrained_ret_popen_3671936_32{UNINITIALIZED}>][0m[0m
[1;32;40mINFO - 2023-05-29 07:11:31,900 - [36mCustomSimProcedure[0m - [36mSyscall found:  strlen[<BV32 0x904e070>][0m[0m
[1;32;40mINFO - 2023-05-29 07:11:31,901 - [36mCustomSimProcedure[0m - [36mSyscall found:  memcpy[<BV32 0x7ffefe40>, <BV32 0x904e070>, <BV32 0x6>][0m[0m
[1;32;40mINFO - 2023-05-29 07:11:31,901 - [36mCustomSimProcedure[0m - [36mSyscall found:  strncpy[<BV32 0x7ffefe40>, <BV32 0x904e070>, <BV32 0x6>][0m[0m
[1;32;40mINFO - 2023-05-29 07:11:31,937 - [36mCustomSimProcedure[0m - [36mSyscall found:  strlen[<BV32 0x904e070>][0m[0m
[1;32;40mINFO - 2023-05-29 07:11:31,938 - [36mCustomSimProcedure[0m - [36mSyscall found:  memcpy[<BV32 0x7ffefe40>, <BV32 0x904e070>, <BV32 0x6>][0m[0m
[1;32;40mINFO - 2023-05-29 07:11:31,938 - [36mCustomSimProcedure[0m - [36mSyscall found:  strncpy[<BV32 0x7ffefe40>, <BV32 0x904e070>, <BV32 0x6>][0m[0m
[1;32;40mINFO - 2023-05-29 07:11:31,963 - [36mCustomSimProcedure[0m - [36mSyscall found:  strlen[<BV32 0x904e070>][0m[0m
[1;32;40mINFO - 2023-05-29 07:11:31,964 - [36mCustomSimProcedure[0m - [36mSyscall found:  memcpy[<BV32 0x7ffefe40>, <BV32 0x904e070>, <BV32 0x6>][0m[0m
[1;32;40mINFO - 2023-05-29 07:11:31,964 - [36mCustomSimProcedure[0m - [36mSyscall found:  strncpy[<BV32 0x7ffefe40>, <BV32 0x904e070>, <BV32 0x6>][0m[0m
[1;32;40mINFO - 2023-05-29 07:11:31,983 - [36mCustomSimProcedure[0m - [36mSyscall found:  strlen[<BV32 0x904e070>][0m[0m
[1;32;40mINFO - 2023-05-29 07:11:31,986 - [36mCustomSimProcedure[0m - [36mSyscall found:  strlen[<BV32 0x7ffefe40>][0m[0m
[1;32;40mINFO - 2023-05-29 07:11:31,988 - [36mCustomSimProcedure[0m - [36mSyscall found:  strncmp[<BV32 0x904e070>, <BV32 0x7ffefe40>, <BV32 0x6>][0m[0m
[1;32;40mINFO - 2023-05-29 07:11:31,989 - [36mCustomSimProcedure[0m - [36mSyscall found:  strcmp[<BV32 0x904e070>, <BV32 0x7ffefe40>][0m[0m
[1;32;40mINFO - 2023-05-29 07:11:32,007 - [36mCustomSimProcedure[0m - [36mSyscall found:  strlen[<BV32 0x904e070>][0m[0m
[1;32;40mINFO - 2023-05-29 07:11:32,010 - [36mCustomSimProcedure[0m - [36mSyscall found:  strlen[<BV32 0x7ffefe40>][0m[0m
[1;32;40mINFO - 2023-05-29 07:11:32,014 - [36mCustomSimProcedure[0m - [36mSyscall found:  strncmp[<BV32 0x904e070>, <BV32 0x7ffefe40>, <BV32 0x6>][0m[0m
[1;32;40mINFO - 2023-05-29 07:11:32,014 - [36mCustomSimProcedure[0m - [36mSyscall found:  strcmp[<BV32 0x904e070>, <BV32 0x7ffefe40>][0m[0m
[1;32;40mINFO - 2023-05-29 07:11:32,033 - [36mCustomSimProcedure[0m - [36mSyscall found:  strlen[<BV32 0x904e070>][0m[0m
[1;32;40mINFO - 2023-05-29 07:11:32,034 - [36mCustomSimProcedure[0m - [36mSyscall found:  memcpy[<BV32 0x7ffefe40>, <BV32 0x904e070>, <BV32 0x6>][0m[0m
[1;32;40mINFO - 2023-05-29 07:11:32,035 - [36mCustomSimProcedure[0m - [36mSyscall found:  strncpy[<BV32 0x7ffefe40>, <BV32 0x904e070>, <BV32 0x6>][0m[0m
[1;32;40mINFO - 2023-05-29 07:11:32,053 - [36mCustomSimProcedure[0m - [36mSyscall found:  strlen[<BV32 0x904e070>][0m[0m
[1;32;40mINFO - 2023-05-29 07:11:32,056 - [36mCustomSimProcedure[0m - [36mSyscall found:  strlen[<BV32 0x7ffefe40>][0m[0m
[1;32;40mINFO - 2023-05-29 07:11:32,058 - [36mCustomSimProcedure[0m - [36mSyscall found:  strncmp[<BV32 0x904e070>, <BV32 0x7ffefe40>, <BV32 0x6>][0m[0m
[1;32;40mINFO - 2023-05-29 07:11:32,059 - [36mCustomSimProcedure[0m - [36mSyscall found:  strcmp[<BV32 0x904e070>, <BV32 0x7ffefe40>][0m[0m
[1;32;40mINFO - 2023-05-29 07:11:32,090 - [36mCustomSimProcedure[0m - [36mSyscall found:  strlen[<BV32 0x904e070>][0m[0m
[1;32;40mINFO - 2023-05-29 07:11:32,093 - [36mCustomSimProcedure[0m - [36mSyscall found:  strlen[<BV32 0x7ffefe40>][0m[0m
[1;32;40mINFO - 2023-05-29 07:11:32,095 - [36mCustomSimProcedure[0m - [36mSyscall found:  strncmp[<BV32 0x904e070>, <BV32 0x7ffefe40>, <BV32 0x6>][0m[0m
[1;32;40mINFO - 2023-05-29 07:11:32,095 - [36mCustomSimProcedure[0m - [36mSyscall found:  strcmp[<BV32 0x904e070>, <BV32 0x7ffefe40>][0m[0m
[1;32;40mINFO - 2023-05-29 07:11:32,137 - [36mCustomSimProcedure[0m - [36mSyscall found:  pclose[<BV32 unconstrained_ret_popen_3671934_32{UNINITIALIZED}>][0m[0m
[1;32;40mINFO - 2023-05-29 07:11:32,254 - [36mCustomSimProcedure[0m - [36mSyscall found:  strlen[<BV32 0x904e070>][0m[0m
[1;32;40mINFO - 2023-05-29 07:11:32,256 - [36mCustomSimProcedure[0m - [36mSyscall found:  strlen[<BV32 0x7ffefe40>][0m[0m
[1;32;40mINFO - 2023-05-29 07:11:32,258 - [36mCustomSimProcedure[0m - [36mSyscall found:  strncmp[<BV32 0x904e070>, <BV32 0x7ffefe40>, <BV32 0x6>][0m[0m
[1;32;40mINFO - 2023-05-29 07:11:32,258 - [36mCustomSimProcedure[0m - [36mSyscall found:  strcmp[<BV32 0x904e070>, <BV32 0x7ffefe40>][0m[0m
[1;32;40mINFO - 2023-05-29 07:11:32,273 - [36mCustomSimProcedure[0m - [36mSyscall found:  pclose[<BV32 unconstrained_ret_popen_3671933_32{UNINITIALIZED}>][0m[0m
[1;32;40mINFO - 2023-05-29 07:11:32,468 - [32mSemaExplorerCDFS[0m - [32mA new block of execution have been executed with changes in sim_manager.[0m[0m
[1;32;40mINFO - 2023-05-29 07:11:32,469 - [32mSemaExplorerCDFS[0m - [32mCurrently, simulation manager is :
<SimulationManager with 7 active (1 errored)>[0m[0m
[1;32;40mINFO - 2023-05-29 07:11:32,469 - [32mSemaExplorerCDFS[0m - [32mpause stash len :5[0m[0m
[1;32;40mINFO - 2023-05-29 07:11:32,469 - [32mSemaExplorerCDFS[0m - [32mfork_stack : 2[0m[0m
[1;32;40mINFO - 2023-05-29 07:11:32,471 - [36mCustomSimProcedure[0m - [36mSyscall found:  pclose[<BV32 unconstrained_ret_popen_3671934_32{UNINITIALIZED}>][0m[0m
[1;32;40mINFO - 2023-05-29 07:11:32,600 - [36mCustomSimProcedure[0m - [36mSyscall found:  pclose[<BV32 unconstrained_ret_popen_3671936_32{UNINITIALIZED}>][0m[0m
[1;32;40mINFO - 2023-05-29 07:11:32,742 - [36mCustomSimProcedure[0m - [36mSyscall found:  strlen[<BV32 0x904e07d>][0m[0m
[1;32;40mINFO - 2023-05-29 07:11:32,745 - [36mCustomSimProcedure[0m - [36mSyscall found:  printf[<BV32 0x904e07d>][0m[0m
[1;32;40mINFO - 2023-05-29 07:11:32,816 - [32mSemaExplorerCDFS[0m - [32mA new block of execution have been executed with changes in sim_manager.[0m[0m
[1;32;40mINFO - 2023-05-29 07:11:32,816 - [32mSemaExplorerCDFS[0m - [32mCurrently, simulation manager is :
<SimulationManager with 7 active (1 errored)>[0m[0m
[1;32;40mINFO - 2023-05-29 07:11:32,816 - [32mSemaExplorerCDFS[0m - [32mpause stash len :7[0m[0m
[1;32;40mINFO - 2023-05-29 07:11:32,816 - [32mSemaExplorerCDFS[0m - [32mfork_stack : 2[0m[0m
[1;32;40mINFO - 2023-05-29 07:11:32,839 - [36mCustomSimProcedure[0m - [36mSyscall found:  pclose[<BV32 unconstrained_ret_popen_3671936_32{UNINITIALIZED}>][0m[0m
[1;32;40mINFO - 2023-05-29 07:11:32,951 - [36mCustomSimProcedure[0m - [36mSyscall found:  strlen[<BV32 0x904e07d>][0m[0m
[1;32;40mINFO - 2023-05-29 07:11:32,954 - [36mCustomSimProcedure[0m - [36mSyscall found:  printf[<BV32 0x904e07d>][0m[0m
[1;32;40mINFO - 2023-05-29 07:11:32,986 - [32mSemaExplorerCDFS[0m - [32mA new block of execution have been executed with changes in sim_manager.[0m[0m
[1;32;40mINFO - 2023-05-29 07:11:32,986 - [32mSemaExplorerCDFS[0m - [32mCurrently, simulation manager is :
<SimulationManager with 6 active (1 errored)>[0m[0m
[1;32;40mINFO - 2023-05-29 07:11:32,986 - [32mSemaExplorerCDFS[0m - [32mpause stash len :9[0m[0m
[1;32;40mINFO - 2023-05-29 07:11:32,987 - [32mSemaExplorerCDFS[0m - [32mfork_stack : 1[0m[0m
[1;32;40mINFO - 2023-05-29 07:11:33,072 - [36mCustomSimProcedure[0m - [36mSyscall found:  __libc_start_main[151294528, 1, 2147418032, 151313984, 151314096][0m[0m
[1;32;40mINFO - 2023-05-29 07:11:33,102 - [32mSemaExplorerCDFS[0m - [32mA new block of execution have been executed with changes in sim_manager.[0m[0m
[1;32;40mINFO - 2023-05-29 07:11:33,102 - [32mSemaExplorerCDFS[0m - [32mCurrently, simulation manager is :
<SimulationManager with 4 active, 1 deadended (1 errored)>[0m[0m
[1;32;40mINFO - 2023-05-29 07:11:33,102 - [32mSemaExplorerCDFS[0m - [32mpause stash len :10[0m[0m
[1;32;40mINFO - 2023-05-29 07:11:33,105 - [36mCustomSimProcedure[0m - [36mSyscall found:  __libc_start_main[151294528, 1, 2147418032, 151313984, 151314096][0m[0m
[1;32;40mINFO - 2023-05-29 07:11:33,115 - [36mCustomSimProcedure[0m - [36mSyscall found:  __libc_start_main[151294528, 1, 2147418032, 151313984, 151314096][0m[0m
[1;32;40mINFO - 2023-05-29 07:11:33,156 - [36mCustomSimProcedure[0m - [36mSyscall found:  strlen[<BV32 0x904e07d>][0m[0m
[1;32;40mINFO - 2023-05-29 07:11:33,160 - [36mCustomSimProcedure[0m - [36mSyscall found:  printf[<BV32 0x904e07d>][0m[0m
[1;32;40mINFO - 2023-05-29 07:11:33,161 - [32mSemaExplorerCDFS[0m - [32mA new block of execution have been executed with changes in sim_manager.[0m[0m
[1;32;40mINFO - 2023-05-29 07:11:33,161 - [32mSemaExplorerCDFS[0m - [32mCurrently, simulation manager is :
<SimulationManager with 3 active, 3 deadended (1 errored)>[0m[0m
[1;32;40mINFO - 2023-05-29 07:11:33,161 - [32mSemaExplorerCDFS[0m - [32mpause stash len :9[0m[0m
[1;32;40mINFO - 2023-05-29 07:11:33,165 - [36mCustomSimProcedure[0m - [36mSyscall found:  __libc_start_main[151294528, 1, 2147418032, 151313984, 151314096][0m[0m
[1;32;40mINFO - 2023-05-29 07:11:33,167 - [36mCustomSimProcedure[0m - [36mSyscall found:  __libc_start_main[151294528, 1, 2147418032, 151313984, 151314096][0m[0m
[1;32;40mINFO - 2023-05-29 07:11:33,215 - [36mCustomSimProcedure[0m - [36mSyscall found:  strlen[<BV32 0x904e07d>][0m[0m
[1;32;40mINFO - 2023-05-29 07:11:33,219 - [36mCustomSimProcedure[0m - [36mSyscall found:  printf[<BV32 0x904e07d>][0m[0m
[1;32;40mINFO - 2023-05-29 07:11:33,221 - [32mSemaExplorerCDFS[0m - [32mA new block of execution have been executed with changes in sim_manager.[0m[0m
[1;32;40mINFO - 2023-05-29 07:11:33,221 - [32mSemaExplorerCDFS[0m - [32mCurrently, simulation manager is :
<SimulationManager with 3 active, 5 deadended (1 errored)>[0m[0m
[1;32;40mINFO - 2023-05-29 07:11:33,221 - [32mSemaExplorerCDFS[0m - [32mpause stash len :7[0m[0m
[1;32;40mINFO - 2023-05-29 07:11:33,287 - [36mCustomSimProcedure[0m - [36mSyscall found:  strlen[<BV32 0x904e07d>][0m[0m
[1;32;40mINFO - 2023-05-29 07:11:33,291 - [36mCustomSimProcedure[0m - [36mSyscall found:  printf[<BV32 0x904e07d>][0m[0m
[1;32;40mINFO - 2023-05-29 07:11:33,354 - [36mCustomSimProcedure[0m - [36mSyscall found:  __libc_start_main[151294528, 1, 2147418032, 151313984, 151314096][0m[0m
[1;32;40mINFO - 2023-05-29 07:11:33,356 - [36mCustomSimProcedure[0m - [36mSyscall found:  __libc_start_main[151294528, 1, 2147418032, 151313984, 151314096][0m[0m
[1;32;40mINFO - 2023-05-29 07:11:33,399 - [32mSemaExplorerCDFS[0m - [32mA new block of execution have been executed with changes in sim_manager.[0m[0m
[1;32;40mINFO - 2023-05-29 07:11:33,399 - [32mSemaExplorerCDFS[0m - [32mCurrently, simulation manager is :
<SimulationManager with 3 active, 7 deadended (1 errored)>[0m[0m
[1;32;40mINFO - 2023-05-29 07:11:33,399 - [32mSemaExplorerCDFS[0m - [32mpause stash len :5[0m[0m
[1;32;40mINFO - 2023-05-29 07:11:33,402 - [36mCustomSimProcedure[0m - [36mSyscall found:  __libc_start_main[151294528, 1, 2147418032, 151313984, 151314096][0m[0m
[1;32;40mINFO - 2023-05-29 07:11:33,404 - [36mCustomSimProcedure[0m - [36mSyscall found:  __libc_start_main[151294528, 1, 2147418032, 151313984, 151314096][0m[0m
[1;32;40mINFO - 2023-05-29 07:11:33,450 - [36mCustomSimProcedure[0m - [36mSyscall found:  strlen[<BV32 0x904e077>][0m[0m
[1;32;40mINFO - 2023-05-29 07:11:33,451 - [36mCustomSimProcedure[0m - [36mSyscall found:  printf[<BV32 0x904e077>][0m[0m
[1;32;40mINFO - 2023-05-29 07:11:33,452 - [32mSemaExplorerCDFS[0m - [32mA new block of execution have been executed with changes in sim_manager.[0m[0m
[1;32;40mINFO - 2023-05-29 07:11:33,453 - [32mSemaExplorerCDFS[0m - [32mCurrently, simulation manager is :
<SimulationManager with 3 active, 9 deadended (1 errored)>[0m[0m
[1;32;40mINFO - 2023-05-29 07:11:33,453 - [32mSemaExplorerCDFS[0m - [32mpause stash len :3[0m[0m
[1;32;40mINFO - 2023-05-29 07:11:33,455 - [36mCustomSimProcedure[0m - [36mSyscall found:  __libc_start_main[151294528, 1, 2147418032, 151313984, 151314096][0m[0m
[1;32;40mINFO - 2023-05-29 07:11:33,460 - [36mCustomSimProcedure[0m - [36mSyscall found:  strlen[<BV32 0x904e070>][0m[0m
[1;32;40mINFO - 2023-05-29 07:11:33,462 - [36mCustomSimProcedure[0m - [36mSyscall found:  memcpy[<BV32 0x7ffefe40>, <BV32 0x904e070>, <BV32 0x6>][0m[0m
[1;32;40mINFO - 2023-05-29 07:11:33,463 - [36mCustomSimProcedure[0m - [36mSyscall found:  strncpy[<BV32 0x7ffefe40>, <BV32 0x904e070>, <BV32 0x6>][0m[0m
[1;32;40mINFO - 2023-05-29 07:11:33,485 - [36mCustomSimProcedure[0m - [36mSyscall found:  popen[<BV32 0x904e04a>, <BV32 0x904e06e>][0m[0m
[1;32;40mINFO - 2023-05-29 07:11:33,543 - [32mSemaExplorerCDFS[0m - [32mA new block of execution have been executed with changes in sim_manager.[0m[0m
[1;32;40mINFO - 2023-05-29 07:11:33,544 - [32mSemaExplorerCDFS[0m - [32mCurrently, simulation manager is :
<SimulationManager with 5 active, 10 deadended (1 errored)>[0m[0m
[1;32;40mINFO - 2023-05-29 07:11:33,544 - [32mSemaExplorerCDFS[0m - [32mpause stash len :1[0m[0m
[1;32;40mINFO - 2023-05-29 07:11:33,544 - [32mSemaExplorerCDFS[0m - [32mfork_stack : 1[0m[0m
[1;32;40mINFO - 2023-05-29 07:11:33,629 - [36mCustomSimProcedure[0m - [36mSyscall found:  fgets[<BV32 0x7ffefe58>, <BV32 0x80>, <BV32 unconstrained_ret_popen_3671935_32{UNINITIALIZED}>][0m[0m
[1;33;40mWARNING - 2023-05-29 07:11:33,777 - [32mangr.storage.memory_mixins.default_filler_mixin[0m - [32mFilling memory at 0xfffffff8 with 4 unconstrained bytes referenced from 0xa10000c (fgets+0x0 in extern-address space (0xc))[0m[0m
[1;33;40mWARNING - 2023-05-29 07:11:33,819 - [33mangr.state_plugins.posix[0m - [33mTried to look up a symbolic fd - constrained to 4 and opened b'/tmp/angr_implicit_1'[0m[0m
[1;32;40mINFO - 2023-05-29 07:11:33,869 - [36mCustomSimProcedure[0m - [36mSyscall found:  fgets[<BV32 0x7ffefe58>, <BV32 0x80>, <BV32 unconstrained_ret_popen_3671935_32{UNINITIALIZED}>][0m[0m
[1;32;40mINFO - 2023-05-29 07:11:33,926 - [36mCustomSimProcedure[0m - [36mSyscall found:  strlen[<BV32 0x904e070>][0m[0m
[1;32;40mINFO - 2023-05-29 07:11:33,929 - [36mCustomSimProcedure[0m - [36mSyscall found:  strlen[<BV32 0x7ffefe40>][0m[0m
[1;32;40mINFO - 2023-05-29 07:11:33,931 - [36mCustomSimProcedure[0m - [36mSyscall found:  strncmp[<BV32 0x904e070>, <BV32 0x7ffefe40>, <BV32 0x6>][0m[0m
[1;32;40mINFO - 2023-05-29 07:11:33,931 - [36mCustomSimProcedure[0m - [36mSyscall found:  strcmp[<BV32 0x904e070>, <BV32 0x7ffefe40>][0m[0m
[1;32;40mINFO - 2023-05-29 07:11:33,951 - [36mCustomSimProcedure[0m - [36mSyscall found:  strlen[<BV32 0x904e077>][0m[0m
[1;32;40mINFO - 2023-05-29 07:11:33,952 - [36mCustomSimProcedure[0m - [36mSyscall found:  printf[<BV32 0x904e077>][0m[0m
[1;33;40mWARNING - 2023-05-29 07:11:34,122 - [32mangr.storage.memory_mixins.default_filler_mixin[0m - [32mFilling memory at 0x3c with 1 unconstrained bytes referenced from 0xa10000c (fgets+0x0 in extern-address space (0xc))[0m[0m
[1;33;40mWARNING - 2023-05-29 07:11:34,164 - [33mangr.state_plugins.posix[0m - [33mTried to look up a symbolic fd - constrained to 4 and opened b'/tmp/angr_implicit_1'[0m[0m
[1;32;40mINFO - 2023-05-29 07:11:34,214 - [36mCustomSimProcedure[0m - [36mSyscall found:  fgets[<BV32 0x7ffefe58>, <BV32 0x80>, <BV32 unconstrained_ret_popen_3671953_32{UNINITIALIZED}>][0m[0m
[1;32;40mINFO - 2023-05-29 07:11:34,280 - [36mCustomSimProcedure[0m - [36mSyscall found:  strlen[<BV32 0x904e070>][0m[0m
[1;32;40mINFO - 2023-05-29 07:11:34,282 - [36mCustomSimProcedure[0m - [36mSyscall found:  memcpy[<BV32 0x7ffefe40>, <BV32 0x904e070>, <BV32 0x6>][0m[0m
[1;32;40mINFO - 2023-05-29 07:11:34,282 - [36mCustomSimProcedure[0m - [36mSyscall found:  strncpy[<BV32 0x7ffefe40>, <BV32 0x904e070>, <BV32 0x6>][0m[0m
[1;32;40mINFO - 2023-05-29 07:11:34,288 - [36mCustomSimProcedure[0m - [36mSyscall found:  strlen[<BV32 0x904e070>][0m[0m
[1;32;40mINFO - 2023-05-29 07:11:34,290 - [36mCustomSimProcedure[0m - [36mSyscall found:  memcpy[<BV32 0x7ffefe40>, <BV32 0x904e070>, <BV32 0x6>][0m[0m
[1;32;40mINFO - 2023-05-29 07:11:34,290 - [36mCustomSimProcedure[0m - [36mSyscall found:  strncpy[<BV32 0x7ffefe40>, <BV32 0x904e070>, <BV32 0x6>][0m[0m
[1;33;40mWARNING - 2023-05-29 07:11:34,335 - [33mangr.state_plugins.posix[0m - [33mTried to look up a symbolic fd - constrained to 4 and opened b'/tmp/angr_implicit_1'[0m[0m
[1;32;40mINFO - 2023-05-29 07:11:34,385 - [36mCustomSimProcedure[0m - [36mSyscall found:  fgets[<BV32 0x7ffefe58>, <BV32 0x80>, <BV32 unconstrained_ret_popen_3671953_32{UNINITIALIZED}>][0m[0m
[1;32;40mINFO - 2023-05-29 07:11:34,440 - [36mCustomSimProcedure[0m - [36mSyscall found:  pclose[<BV32 unconstrained_ret_popen_3671933_32{UNINITIALIZED}>][0m[0m
[1;32;40mINFO - 2023-05-29 07:11:34,656 - [36mCustomSimProcedure[0m - [36mSyscall found:  strlen[<BV32 0x904e070>][0m[0m
[1;32;40mINFO - 2023-05-29 07:11:34,657 - [36mCustomSimProcedure[0m - [36mSyscall found:  memcpy[<BV32 0x7ffefe40>, <BV32 0x904e070>, <BV32 0x6>][0m[0m
[1;32;40mINFO - 2023-05-29 07:11:34,657 - [36mCustomSimProcedure[0m - [36mSyscall found:  strncpy[<BV32 0x7ffefe40>, <BV32 0x904e070>, <BV32 0x6>][0m[0m
[1;32;40mINFO - 2023-05-29 07:11:34,658 - [32mSemaExplorerCDFS[0m - [32mA new block of execution have been executed with changes in sim_manager.[0m[0m
[1;32;40mINFO - 2023-05-29 07:11:34,659 - [32mSemaExplorerCDFS[0m - [32mCurrently, simulation manager is :
<SimulationManager with 6 active, 10 deadended (1 errored)>[0m[0m
[1;32;40mINFO - 2023-05-29 07:11:34,659 - [32mSemaExplorerCDFS[0m - [32mpause stash len :1[0m[0m
[1;32;40mINFO - 2023-05-29 07:11:34,659 - [32mSemaExplorerCDFS[0m - [32mfork_stack : 1[0m[0m
[1;32;40mINFO - 2023-05-29 07:11:34,675 - [36mCustomSimProcedure[0m - [36mSyscall found:  strlen[<BV32 0x904e070>][0m[0m
[1;32;40mINFO - 2023-05-29 07:11:34,677 - [36mCustomSimProcedure[0m - [36mSyscall found:  strlen[<BV32 0x7ffefe40>][0m[0m
[1;32;40mINFO - 2023-05-29 07:11:34,679 - [36mCustomSimProcedure[0m - [36mSyscall found:  strncmp[<BV32 0x904e070>, <BV32 0x7ffefe40>, <BV32 0x6>][0m[0m
[1;32;40mINFO - 2023-05-29 07:11:34,680 - [36mCustomSimProcedure[0m - [36mSyscall found:  strcmp[<BV32 0x904e070>, <BV32 0x7ffefe40>][0m[0m
[1;32;40mINFO - 2023-05-29 07:11:34,686 - [36mCustomSimProcedure[0m - [36mSyscall found:  strlen[<BV32 0x904e070>][0m[0m
[1;32;40mINFO - 2023-05-29 07:11:34,689 - [36mCustomSimProcedure[0m - [36mSyscall found:  strlen[<BV32 0x7ffefe40>][0m[0m
[1;32;40mINFO - 2023-05-29 07:11:34,691 - [36mCustomSimProcedure[0m - [36mSyscall found:  strncmp[<BV32 0x904e070>, <BV32 0x7ffefe40>, <BV32 0x6>][0m[0m
[1;32;40mINFO - 2023-05-29 07:11:34,691 - [36mCustomSimProcedure[0m - [36mSyscall found:  strcmp[<BV32 0x904e070>, <BV32 0x7ffefe40>][0m[0m
[1;32;40mINFO - 2023-05-29 07:11:34,718 - [36mCustomSimProcedure[0m - [36mSyscall found:  strlen[<BV32 0x904e07d>][0m[0m
[1;32;40mINFO - 2023-05-29 07:11:34,721 - [36mCustomSimProcedure[0m - [36mSyscall found:  printf[<BV32 0x904e07d>][0m[0m
[1;32;40mINFO - 2023-05-29 07:11:34,750 - [36mCustomSimProcedure[0m - [36mSyscall found:  strlen[<BV32 0x904e070>][0m[0m
[1;32;40mINFO - 2023-05-29 07:11:34,755 - [36mCustomSimProcedure[0m - [36mSyscall found:  memcpy[<BV32 0x7ffefe40>, <BV32 0x904e070>, <BV32 0x6>][0m[0m
[1;32;40mINFO - 2023-05-29 07:11:34,756 - [36mCustomSimProcedure[0m - [36mSyscall found:  strncpy[<BV32 0x7ffefe40>, <BV32 0x904e070>, <BV32 0x6>][0m[0m
[1;32;40mINFO - 2023-05-29 07:11:34,828 - [36mCustomSimProcedure[0m - [36mSyscall found:  pclose[<BV32 unconstrained_ret_popen_3671935_32{UNINITIALIZED}>][0m[0m
[1;32;40mINFO - 2023-05-29 07:11:34,939 - [36mCustomSimProcedure[0m - [36mSyscall found:  pclose[<BV32 unconstrained_ret_popen_3671935_32{UNINITIALIZED}>][0m[0m
[1;32;40mINFO - 2023-05-29 07:11:35,055 - [36mCustomSimProcedure[0m - [36mSyscall found:  strlen[<BV32 0x904e070>][0m[0m
[1;32;40mINFO - 2023-05-29 07:11:35,057 - [36mCustomSimProcedure[0m - [36mSyscall found:  strlen[<BV32 0x7ffefe40>][0m[0m
[1;32;40mINFO - 2023-05-29 07:11:35,059 - [36mCustomSimProcedure[0m - [36mSyscall found:  strncmp[<BV32 0x904e070>, <BV32 0x7ffefe40>, <BV32 0x6>][0m[0m
[1;32;40mINFO - 2023-05-29 07:11:35,059 - [36mCustomSimProcedure[0m - [36mSyscall found:  strcmp[<BV32 0x904e070>, <BV32 0x7ffefe40>][0m[0m
[1;32;40mINFO - 2023-05-29 07:11:35,115 - [32mSemaExplorerCDFS[0m - [32mA new block of execution have been executed with changes in sim_manager.[0m[0m
[1;32;40mINFO - 2023-05-29 07:11:35,116 - [32mSemaExplorerCDFS[0m - [32mCurrently, simulation manager is :
<SimulationManager with 7 active, 10 deadended (1 errored)>[0m[0m
[1;32;40mINFO - 2023-05-29 07:11:35,116 - [32mSemaExplorerCDFS[0m - [32mpause stash len :2[0m[0m
[1;32;40mINFO - 2023-05-29 07:11:35,116 - [32mSemaExplorerCDFS[0m - [32mfork_stack : 2[0m[0m
[1;32;40mINFO - 2023-05-29 07:11:35,118 - [36mCustomSimProcedure[0m - [36mSyscall found:  __libc_start_main[151294528, 1, 2147418032, 151313984, 151314096][0m[0m
[1;32;40mINFO - 2023-05-29 07:11:35,171 - [36mCustomSimProcedure[0m - [36mSyscall found:  strlen[<BV32 0x904e07d>][0m[0m
[1;32;40mINFO - 2023-05-29 07:11:35,175 - [36mCustomSimProcedure[0m - [36mSyscall found:  printf[<BV32 0x904e07d>][0m[0m
[1;32;40mINFO - 2023-05-29 07:11:35,183 - [32mSemaExplorerCDFS[0m - [32mA new block of execution have been executed with changes in sim_manager.[0m[0m
[1;32;40mINFO - 2023-05-29 07:11:35,184 - [32mSemaExplorerCDFS[0m - [32mCurrently, simulation manager is :
<SimulationManager with 4 active, 11 deadended (1 errored)>[0m[0m
[1;32;40mINFO - 2023-05-29 07:11:35,184 - [32mSemaExplorerCDFS[0m - [32mpause stash len :4[0m[0m
[1;32;40mINFO - 2023-05-29 07:11:35,187 - [36mCustomSimProcedure[0m - [36mSyscall found:  __libc_start_main[151294528, 1, 2147418032, 151313984, 151314096][0m[0m
[1;32;40mINFO - 2023-05-29 07:11:35,246 - [36mCustomSimProcedure[0m - [36mSyscall found:  strlen[<BV32 0x904e07d>][0m[0m
[1;32;40mINFO - 2023-05-29 07:11:35,250 - [36mCustomSimProcedure[0m - [36mSyscall found:  printf[<BV32 0x904e07d>][0m[0m
[1;32;40mINFO - 2023-05-29 07:11:35,252 - [32mSemaExplorerCDFS[0m - [32mA new block of execution have been executed with changes in sim_manager.[0m[0m
[1;32;40mINFO - 2023-05-29 07:11:35,252 - [32mSemaExplorerCDFS[0m - [32mCurrently, simulation manager is :
<SimulationManager with 4 active, 12 deadended (1 errored)>[0m[0m
[1;32;40mINFO - 2023-05-29 07:11:35,252 - [32mSemaExplorerCDFS[0m - [32mpause stash len :3[0m[0m
[1;32;40mINFO - 2023-05-29 07:11:35,316 - [36mCustomSimProcedure[0m - [36mSyscall found:  __libc_start_main[151294528, 1, 2147418032, 151313984, 151314096][0m[0m
[1;32;40mINFO - 2023-05-29 07:11:35,326 - [36mCustomSimProcedure[0m - [36mSyscall found:  __libc_start_main[151294528, 1, 2147418032, 151313984, 151314096][0m[0m
[1;32;40mINFO - 2023-05-29 07:11:35,336 - [36mCustomSimProcedure[0m - [36mSyscall found:  pclose[<BV32 unconstrained_ret_popen_3671953_32{UNINITIALIZED}>][0m[0m
[1;32;40mINFO - 2023-05-29 07:11:35,478 - [32mSemaExplorerCDFS[0m - [32mA new block of execution have been executed with changes in sim_manager.[0m[0m
[1;32;40mINFO - 2023-05-29 07:11:35,478 - [32mSemaExplorerCDFS[0m - [32mCurrently, simulation manager is :
<SimulationManager with 4 active, 14 deadended (1 errored)>[0m[0m
[1;32;40mINFO - 2023-05-29 07:11:35,478 - [32mSemaExplorerCDFS[0m - [32mpause stash len :2[0m[0m
[1;32;40mINFO - 2023-05-29 07:11:35,479 - [32mSemaExplorerCDFS[0m - [32mfork_stack : 1[0m[0m
[1;32;40mINFO - 2023-05-29 07:11:35,481 - [36mCustomSimProcedure[0m - [36mSyscall found:  __libc_start_main[151294528, 1, 2147418032, 151313984, 151314096][0m[0m
[1;32;40mINFO - 2023-05-29 07:11:35,538 - [36mCustomSimProcedure[0m - [36mSyscall found:  strlen[<BV32 0x904e07d>][0m[0m
[1;32;40mINFO - 2023-05-29 07:11:35,542 - [36mCustomSimProcedure[0m - [36mSyscall found:  printf[<BV32 0x904e07d>][0m[0m
[1;32;40mINFO - 2023-05-29 07:11:35,546 - [32mSemaExplorerCDFS[0m - [32mA new block of execution have been executed with changes in sim_manager.[0m[0m
[1;32;40mINFO - 2023-05-29 07:11:35,547 - [32mSemaExplorerCDFS[0m - [32mCurrently, simulation manager is :
<SimulationManager with 4 active, 15 deadended (1 errored)>[0m[0m
[1;32;40mINFO - 2023-05-29 07:11:35,547 - [32mSemaExplorerCDFS[0m - [32mpause stash len :1[0m[0m
[1;32;40mINFO - 2023-05-29 07:11:35,551 - [36mCustomSimProcedure[0m - [36mSyscall found:  __libc_start_main[151294528, 1, 2147418032, 151313984, 151314096][0m[0m
[1;32;40mINFO - 2023-05-29 07:11:35,568 - [36mCustomSimProcedure[0m - [36mSyscall found:  strlen[<BV32 0x904e070>][0m[0m
[1;32;40mINFO - 2023-05-29 07:11:35,571 - [36mCustomSimProcedure[0m - [36mSyscall found:  strlen[<BV32 0x7ffefe40>][0m[0m
[1;32;40mINFO - 2023-05-29 07:11:35,573 - [36mCustomSimProcedure[0m - [36mSyscall found:  strncmp[<BV32 0x904e070>, <BV32 0x7ffefe40>, <BV32 0x6>][0m[0m
[1;32;40mINFO - 2023-05-29 07:11:35,573 - [36mCustomSimProcedure[0m - [36mSyscall found:  strcmp[<BV32 0x904e070>, <BV32 0x7ffefe40>][0m[0m
[1;32;40mINFO - 2023-05-29 07:11:35,619 - [36mCustomSimProcedure[0m - [36mSyscall found:  strlen[<BV32 0x904e07d>][0m[0m
[1;32;40mINFO - 2023-05-29 07:11:35,623 - [36mCustomSimProcedure[0m - [36mSyscall found:  printf[<BV32 0x904e07d>][0m[0m
[1;32;40mINFO - 2023-05-29 07:11:35,626 - [32mSemaExplorerCDFS[0m - [32mA new block of execution have been executed with changes in sim_manager.[0m[0m
[1;32;40mINFO - 2023-05-29 07:11:35,627 - [32mSemaExplorerCDFS[0m - [32mCurrently, simulation manager is :
<SimulationManager with 4 active, 16 deadended (1 errored)>[0m[0m
[1;32;40mINFO - 2023-05-29 07:11:35,627 - [32mSemaExplorerCDFS[0m - [32mpause stash len :0[0m[0m
[1;32;40mINFO - 2023-05-29 07:11:35,680 - [36mCustomSimProcedure[0m - [36mSyscall found:  __libc_start_main[151294528, 1, 2147418032, 151313984, 151314096][0m[0m
[1;32;40mINFO - 2023-05-29 07:11:35,690 - [36mCustomSimProcedure[0m - [36mSyscall found:  pclose[<BV32 unconstrained_ret_popen_3671953_32{UNINITIALIZED}>][0m[0m
[1;32;40mINFO - 2023-05-29 07:11:35,874 - [32mSemaExplorerCDFS[0m - [32mA new block of execution have been executed with changes in sim_manager.[0m[0m
[1;32;40mINFO - 2023-05-29 07:11:35,874 - [32mSemaExplorerCDFS[0m - [32mCurrently, simulation manager is :
<SimulationManager with 4 active, 17 deadended (1 errored)>[0m[0m
[1;32;40mINFO - 2023-05-29 07:11:35,874 - [32mSemaExplorerCDFS[0m - [32mpause stash len :0[0m[0m
[1;32;40mINFO - 2023-05-29 07:11:35,874 - [32mSemaExplorerCDFS[0m - [32mfork_stack : 1[0m[0m
[1;32;40mINFO - 2023-05-29 07:11:35,876 - [36mCustomSimProcedure[0m - [36mSyscall found:  __libc_start_main[151294528, 1, 2147418032, 151313984, 151314096][0m[0m
[1;32;40mINFO - 2023-05-29 07:11:35,893 - [36mCustomSimProcedure[0m - [36mSyscall found:  popen[<BV32 0x904e04a>, <BV32 0x904e06e>][0m[0m
[1;32;40mINFO - 2023-05-29 07:11:35,945 - [36mCustomSimProcedure[0m - [36mSyscall found:  strlen[<BV32 0x904e07d>][0m[0m
[1;32;40mINFO - 2023-05-29 07:11:35,949 - [36mCustomSimProcedure[0m - [36mSyscall found:  printf[<BV32 0x904e07d>][0m[0m
[1;32;40mINFO - 2023-05-29 07:11:35,972 - [32mSemaExplorerCDFS[0m - [32mA new block of execution have been executed with changes in sim_manager.[0m[0m
[1;32;40mINFO - 2023-05-29 07:11:35,973 - [32mSemaExplorerCDFS[0m - [32mCurrently, simulation manager is :
<SimulationManager with 4 active, 18 deadended (1 errored)>[0m[0m
[1;32;40mINFO - 2023-05-29 07:11:35,973 - [32mSemaExplorerCDFS[0m - [32mpause stash len :0[0m[0m
[1;32;40mINFO - 2023-05-29 07:11:35,973 - [32mSemaExplorerCDFS[0m - [32mfork_stack : 1[0m[0m
[1;32;40mINFO - 2023-05-29 07:11:36,017 - [36mCustomSimProcedure[0m - [36mSyscall found:  strlen[<BV32 0x904e077>][0m[0m
[1;32;40mINFO - 2023-05-29 07:11:36,018 - [36mCustomSimProcedure[0m - [36mSyscall found:  printf[<BV32 0x904e077>][0m[0m
[1;33;40mWARNING - 2023-05-29 07:11:36,175 - [33mangr.state_plugins.posix[0m - [33mTried to look up a symbolic fd - constrained to 4 and opened b'/tmp/angr_implicit_1'[0m[0m
[1;32;40mINFO - 2023-05-29 07:11:36,224 - [36mCustomSimProcedure[0m - [36mSyscall found:  fgets[<BV32 0x7ffefe58>, <BV32 0x80>, <BV32 unconstrained_ret_popen_3671970_32{UNINITIALIZED}>][0m[0m
[1;32;40mINFO - 2023-05-29 07:11:36,281 - [36mCustomSimProcedure[0m - [36mSyscall found:  __libc_start_main[151294528, 1, 2147418032, 151313984, 151314096][0m[0m
[1;32;40mINFO - 2023-05-29 07:11:36,353 - [36mCustomSimProcedure[0m - [36mSyscall found:  fgets[<BV32 0x7ffefe58>, <BV32 0x80>, <BV32 unconstrained_ret_popen_3671970_32{UNINITIALIZED}>][0m[0m
[1;32;40mINFO - 2023-05-29 07:11:36,414 - [32mSemaExplorerCDFS[0m - [32mA new block of execution have been executed with changes in sim_manager.[0m[0m
[1;32;40mINFO - 2023-05-29 07:11:36,414 - [32mSemaExplorerCDFS[0m - [32mCurrently, simulation manager is :
<SimulationManager with 3 active, 19 deadended (1 errored)>[0m[0m
[1;32;40mINFO - 2023-05-29 07:11:36,414 - [32mSemaExplorerCDFS[0m - [32mpause stash len :0[0m[0m
[1;32;40mINFO - 2023-05-29 07:11:36,416 - [36mCustomSimProcedure[0m - [36mSyscall found:  __libc_start_main[151294528, 1, 2147418032, 151313984, 151314096][0m[0m
[1;32;40mINFO - 2023-05-29 07:11:36,441 - [36mCustomSimProcedure[0m - [36mSyscall found:  strlen[<BV32 0x904e070>][0m[0m
[1;32;40mINFO - 2023-05-29 07:11:36,442 - [36mCustomSimProcedure[0m - [36mSyscall found:  memcpy[<BV32 0x7ffefe40>, <BV32 0x904e070>, <BV32 0x6>][0m[0m
[1;32;40mINFO - 2023-05-29 07:11:36,443 - [36mCustomSimProcedure[0m - [36mSyscall found:  strncpy[<BV32 0x7ffefe40>, <BV32 0x904e070>, <BV32 0x6>][0m[0m
[1;32;40mINFO - 2023-05-29 07:11:36,458 - [32mSemaExplorerCDFS[0m - [32mA new block of execution have been executed with changes in sim_manager.[0m[0m
[1;32;40mINFO - 2023-05-29 07:11:36,458 - [32mSemaExplorerCDFS[0m - [32mCurrently, simulation manager is :
<SimulationManager with 2 active, 20 deadended (1 errored)>[0m[0m
[1;32;40mINFO - 2023-05-29 07:11:36,458 - [32mSemaExplorerCDFS[0m - [32mpause stash len :0[0m[0m
[1;32;40mINFO - 2023-05-29 07:11:36,464 - [36mCustomSimProcedure[0m - [36mSyscall found:  strlen[<BV32 0x904e070>][0m[0m
[1;32;40mINFO - 2023-05-29 07:11:36,466 - [36mCustomSimProcedure[0m - [36mSyscall found:  memcpy[<BV32 0x7ffefe40>, <BV32 0x904e070>, <BV32 0x6>][0m[0m
[1;32;40mINFO - 2023-05-29 07:11:36,466 - [36mCustomSimProcedure[0m - [36mSyscall found:  strncpy[<BV32 0x7ffefe40>, <BV32 0x904e070>, <BV32 0x6>][0m[0m
[1;32;40mINFO - 2023-05-29 07:11:36,488 - [36mCustomSimProcedure[0m - [36mSyscall found:  strlen[<BV32 0x904e070>][0m[0m
[1;32;40mINFO - 2023-05-29 07:11:36,492 - [36mCustomSimProcedure[0m - [36mSyscall found:  strlen[<BV32 0x7ffefe40>][0m[0m
[1;32;40mINFO - 2023-05-29 07:11:36,495 - [36mCustomSimProcedure[0m - [36mSyscall found:  strncmp[<BV32 0x904e070>, <BV32 0x7ffefe40>, <BV32 0x6>][0m[0m
[1;32;40mINFO - 2023-05-29 07:11:36,496 - [36mCustomSimProcedure[0m - [36mSyscall found:  strcmp[<BV32 0x904e070>, <BV32 0x7ffefe40>][0m[0m
[1;32;40mINFO - 2023-05-29 07:11:36,519 - [36mCustomSimProcedure[0m - [36mSyscall found:  strlen[<BV32 0x904e070>][0m[0m
[1;32;40mINFO - 2023-05-29 07:11:36,523 - [36mCustomSimProcedure[0m - [36mSyscall found:  strlen[<BV32 0x7ffefe40>][0m[0m
[1;32;40mINFO - 2023-05-29 07:11:36,526 - [36mCustomSimProcedure[0m - [36mSyscall found:  strncmp[<BV32 0x904e070>, <BV32 0x7ffefe40>, <BV32 0x6>][0m[0m
[1;32;40mINFO - 2023-05-29 07:11:36,526 - [36mCustomSimProcedure[0m - [36mSyscall found:  strcmp[<BV32 0x904e070>, <BV32 0x7ffefe40>][0m[0m
[1;32;40mINFO - 2023-05-29 07:11:36,563 - [36mCustomSimProcedure[0m - [36mSyscall found:  pclose[<BV32 unconstrained_ret_popen_3671970_32{UNINITIALIZED}>][0m[0m
[1;32;40mINFO - 2023-05-29 07:11:36,728 - [32mSemaExplorerCDFS[0m - [32mA new block of execution have been executed with changes in sim_manager.[0m[0m
[1;32;40mINFO - 2023-05-29 07:11:36,728 - [32mSemaExplorerCDFS[0m - [32mCurrently, simulation manager is :
<SimulationManager with 3 active, 20 deadended (1 errored)>[0m[0m
[1;32;40mINFO - 2023-05-29 07:11:36,728 - [32mSemaExplorerCDFS[0m - [32mpause stash len :0[0m[0m
[1;32;40mINFO - 2023-05-29 07:11:36,728 - [32mSemaExplorerCDFS[0m - [32mfork_stack : 1[0m[0m
[1;32;40mINFO - 2023-05-29 07:11:36,731 - [36mCustomSimProcedure[0m - [36mSyscall found:  pclose[<BV32 unconstrained_ret_popen_3671970_32{UNINITIALIZED}>][0m[0m
[1;32;40mINFO - 2023-05-29 07:11:36,860 - [36mCustomSimProcedure[0m - [36mSyscall found:  strlen[<BV32 0x904e07d>][0m[0m
[1;32;40mINFO - 2023-05-29 07:11:36,864 - [36mCustomSimProcedure[0m - [36mSyscall found:  printf[<BV32 0x904e07d>][0m[0m
[1;32;40mINFO - 2023-05-29 07:11:36,866 - [32mSemaExplorerCDFS[0m - [32mA new block of execution have been executed with changes in sim_manager.[0m[0m
[1;32;40mINFO - 2023-05-29 07:11:36,866 - [32mSemaExplorerCDFS[0m - [32mCurrently, simulation manager is :
<SimulationManager with 4 active, 20 deadended (1 errored)>[0m[0m
[1;32;40mINFO - 2023-05-29 07:11:36,866 - [32mSemaExplorerCDFS[0m - [32mpause stash len :0[0m[0m
[1;32;40mINFO - 2023-05-29 07:11:36,866 - [32mSemaExplorerCDFS[0m - [32mfork_stack : 1[0m[0m
[1;32;40mINFO - 2023-05-29 07:11:36,913 - [36mCustomSimProcedure[0m - [36mSyscall found:  strlen[<BV32 0x904e07d>][0m[0m
[1;32;40mINFO - 2023-05-29 07:11:36,917 - [36mCustomSimProcedure[0m - [36mSyscall found:  printf[<BV32 0x904e07d>][0m[0m
[1;32;40mINFO - 2023-05-29 07:11:36,995 - [36mCustomSimProcedure[0m - [36mSyscall found:  __libc_start_main[151294528, 1, 2147418032, 151313984, 151314096][0m[0m
[1;32;40mINFO - 2023-05-29 07:11:37,023 - [32mSemaExplorerCDFS[0m - [32mA new block of execution have been executed with changes in sim_manager.[0m[0m
[1;32;40mINFO - 2023-05-29 07:11:37,023 - [32mSemaExplorerCDFS[0m - [32mCurrently, simulation manager is :
<SimulationManager with 3 active, 21 deadended (1 errored)>[0m[0m
[1;32;40mINFO - 2023-05-29 07:11:37,023 - [32mSemaExplorerCDFS[0m - [32mpause stash len :0[0m[0m
[1;32;40mINFO - 2023-05-29 07:11:37,025 - [36mCustomSimProcedure[0m - [36mSyscall found:  __libc_start_main[151294528, 1, 2147418032, 151313984, 151314096][0m[0m
[1;32;40mINFO - 2023-05-29 07:11:37,036 - [36mCustomSimProcedure[0m - [36mSyscall found:  __libc_start_main[151294528, 1, 2147418032, 151313984, 151314096][0m[0m
[1;32;40mINFO - 2023-05-29 07:11:37,046 - [32mSemaExplorerCDFS[0m - [32mA new block of execution have been executed with changes in sim_manager.[0m[0m
[1;32;40mINFO - 2023-05-29 07:11:37,046 - [32mSemaExplorerCDFS[0m - [32mCurrently, simulation manager is :
<SimulationManager with 1 active, 23 deadended (1 errored)>[0m[0m
[1;32;40mINFO - 2023-05-29 07:11:37,046 - [32mSemaExplorerCDFS[0m - [32mpause stash len :0[0m[0m
[1;32;40mINFO - 2023-05-29 07:11:37,049 - [36mCustomSimProcedure[0m - [36mSyscall found:  __libc_start_main[151294528, 1, 2147418032, 151313984, 151314096][0m[0m
[1;32;40mINFO - 2023-05-29 07:11:37,055 - [32mSemaExplorerCDFS[0m - [32mA new block of execution have been executed with changes in sim_manager.[0m[0m
[1;32;40mINFO - 2023-05-29 07:11:37,055 - [32mSemaExplorerCDFS[0m - [32mCurrently, simulation manager is :
<SimulationManager with 24 deadended (1 errored)>[0m[0m
[1;32;40mINFO - 2023-05-29 07:11:37,055 - [32mSemaExplorerCDFS[0m - [32mpause stash len :0[0m[0m
[1;32;40mINFO - 2023-05-29 07:11:37,056 - [32mSemaExplorerCDFS[0m - [32mlen(simgr.active) <= 0 or deadended >= self.max_end_state)[0m[0m
[1;32;40mINFO - 2023-05-29 07:11:37,078 - [37mGraphBuilder[0m - [37mOutput dir :src/output/runs/132//random_mutations[0m[0m
