[1;33;40mWARNING - 2023-05-29 07:13:33,524 - [34mangr.project[0m - [34mDisabling IRSB translation cache because support for self-modifying code is enabled.[0m[0m
[1;33;40mWARNING - 2023-05-29 07:13:33,834 - [32mangr.storage.memory_mixins.default_filler_mixin[0m - [32mFilling memory at 0xc000800c with 4 unconstrained bytes referenced from 0x904dff0 (_start+0x0 in mutations1_exec (0x904dff0))[0m[0m
[1;33;40mWARNING - 2023-05-29 07:13:36,599 - [32mangr.storage.memory_mixins.default_filler_mixin[0m - [32mFilling memory at 0xc0010014 with 4 unconstrained bytes referenced from 0x904dff0 (_start+0x0 in mutations1_exec (0x904dff0))[0m[0m
[1;33;40mWARNING - 2023-05-29 07:13:40,305 - [32mangr.storage.memory_mixins.default_filler_mixin[0m - [32mFilling memory at 0xc001801c with 4 unconstrained bytes referenced from 0x904dff0 (_start+0x0 in mutations1_exec (0x904dff0))[0m[0m
[1;33;40mWARNING - 2023-05-29 07:13:43,621 - [32mangr.storage.memory_mixins.default_filler_mixin[0m - [32mFilling memory at 0xc0020024 with 4 unconstrained bytes referenced from 0x904dff0 (_start+0x0 in mutations1_exec (0x904dff0))[0m[0m
[1;33;40mWARNING - 2023-05-29 07:13:46,355 - [32mangr.storage.memory_mixins.default_filler_mixin[0m - [32mFilling memory at 0x30 with 4 unconstrained bytes referenced from 0x904dff0 (_start+0x0 in mutations1_exec (0x904dff0))[0m[0m
[1;32;40mINFO - 2023-05-29 07:13:46,462 - [36mCustomSimProcedure[0m - [36mcustom_hook_static[0m[0m
[1;33;40mWARNING - 2023-05-29 07:13:46,462 - [34mangr.project[0m - [34mAddress is already hooked, during hook(0x0, <SimProcedure fclose>). Not re-hooking.[0m[0m
[1;33;40mWARNING - 2023-05-29 07:13:46,462 - [34mangr.project[0m - [34mAddress is already hooked, during hook(0x0, <SimProcedure fwrite>). Not re-hooking.[0m[0m
[1;33;40mWARNING - 2023-05-29 07:13:46,463 - [34mangr.project[0m - [34mAddress is already hooked, during hook(0x0, <SimProcedure usleep>). Not re-hooking.[0m[0m
[1;33;40mWARNING - 2023-05-29 07:13:46,463 - [34mangr.project[0m - [34mAddress is already hooked, during hook(0x0, <SimProcedure malloc>). Not re-hooking.[0m[0m
[1;33;40mWARNING - 2023-05-29 07:13:46,463 - [34mangr.project[0m - [34mAddress is already hooked, during hook(0x0, <SimProcedure puts>). Not re-hooking.[0m[0m
[1;33;40mWARNING - 2023-05-29 07:13:46,463 - [34mangr.project[0m - [34mAddress is already hooked, during hook(0x0, <SimProcedure strchr>). Not re-hooking.[0m[0m
[1;33;40mWARNING - 2023-05-29 07:13:46,463 - [34mangr.project[0m - [34mAddress is already hooked, during hook(0x0, <SimProcedure strlen>). Not re-hooking.[0m[0m
[1;33;40mWARNING - 2023-05-29 07:13:46,463 - [34mangr.project[0m - [34mAddress is already hooked, during hook(0x0, <SimProcedure __libc_start_main>). Not re-hooking.[0m[0m
[1;33;40mWARNING - 2023-05-29 07:13:46,464 - [34mangr.project[0m - [34mAddress is already hooked, during hook(0x0, <SimProcedure fopen>). Not re-hooking.[0m[0m
[1;33;40mWARNING - 2023-05-29 07:13:46,464 - [34mangr.project[0m - [34mAddress is already hooked, during hook(0x0, <SimProcedure putchar>). Not re-hooking.[0m[0m
[1;33;40mWARNING - 2023-05-29 07:13:46,464 - [34mangr.project[0m - [34mAddress is already hooked, during hook(0x0, <SimProcedure socket>). Not re-hooking.[0m[0m
[1;33;40mWARNING - 2023-05-29 07:13:46,464 - [34mangr.project[0m - [34mAddress is already hooked, during hook(0x0, <SimProcedure close>). Not re-hooking.[0m[0m
[1;33;40mWARNING - 2023-05-29 07:13:46,464 - [34mangr.project[0m - [34mAddress is already hooked, during hook(0x0, <SimProcedure __ctype_b_loc>). Not re-hooking.[0m[0m
[1;33;40mWARNING - 2023-05-29 07:13:46,465 - [34mangr.project[0m - [34mAddress is already hooked, during hook(0x0, <SimProcedure strcmp>). Not re-hooking.[0m[0m
[1;33;40mWARNING - 2023-05-29 07:13:46,465 - [34mangr.project[0m - [34mAddress is already hooked, during hook(0x0, <SimProcedure fclose>). Not re-hooking.[0m[0m
[1;33;40mWARNING - 2023-05-29 07:13:46,465 - [34mangr.project[0m - [34mAddress is already hooked, during hook(0x0, <SimProcedure fwrite>). Not re-hooking.[0m[0m
[1;33;40mWARNING - 2023-05-29 07:13:46,465 - [34mangr.project[0m - [34mAddress is already hooked, during hook(0x0, <SimProcedure usleep>). Not re-hooking.[0m[0m
[1;33;40mWARNING - 2023-05-29 07:13:46,465 - [34mangr.project[0m - [34mAddress is already hooked, during hook(0x0, <SimProcedure malloc>). Not re-hooking.[0m[0m
[1;33;40mWARNING - 2023-05-29 07:13:46,465 - [34mangr.project[0m - [34mAddress is already hooked, during hook(0x0, <SimProcedure puts>). Not re-hooking.[0m[0m
[1;33;40mWARNING - 2023-05-29 07:13:46,466 - [34mangr.project[0m - [34mAddress is already hooked, during hook(0x0, <SimProcedure strchr>). Not re-hooking.[0m[0m
[1;33;40mWARNING - 2023-05-29 07:13:46,466 - [34mangr.project[0m - [34mAddress is already hooked, during hook(0x0, <SimProcedure strlen>). Not re-hooking.[0m[0m
[1;33;40mWARNING - 2023-05-29 07:13:46,466 - [34mangr.project[0m - [34mAddress is already hooked, during hook(0x0, <SimProcedure __libc_start_main>). Not re-hooking.[0m[0m
[1;33;40mWARNING - 2023-05-29 07:13:46,466 - [34mangr.project[0m - [34mAddress is already hooked, during hook(0x0, <SimProcedure fopen>). Not re-hooking.[0m[0m
[1;33;40mWARNING - 2023-05-29 07:13:46,466 - [34mangr.project[0m - [34mAddress is already hooked, during hook(0x0, <SimProcedure putchar>). Not re-hooking.[0m[0m
[1;33;40mWARNING - 2023-05-29 07:13:46,466 - [34mangr.project[0m - [34mAddress is already hooked, during hook(0x0, <SimProcedure socket>). Not re-hooking.[0m[0m
[1;33;40mWARNING - 2023-05-29 07:13:46,467 - [34mangr.project[0m - [34mAddress is already hooked, during hook(0x0, <SimProcedure close>). Not re-hooking.[0m[0m
[1;33;40mWARNING - 2023-05-29 07:13:46,467 - [34mangr.project[0m - [34mAddress is already hooked, during hook(0x0, <SimProcedure __ctype_b_loc>). Not re-hooking.[0m[0m
[1;33;40mWARNING - 2023-05-29 07:13:46,467 - [34mangr.project[0m - [34mAddress is already hooked, during hook(0x9049050, <SimProcedure printf>). Not re-hooking.[0m[0m
[1;33;40mWARNING - 2023-05-29 07:13:46,470 - [34mangr.project[0m - [34mAddress is already hooked, during hook(0xa100000, <SimProcedure strcmp>). Not re-hooking.[0m[0m
[1;33;40mWARNING - 2023-05-29 07:13:46,470 - [34mangr.project[0m - [34mAddress is already hooked, during hook(0xa100004, <SimProcedure printf>). Not re-hooking.[0m[0m
[1;33;40mWARNING - 2023-05-29 07:13:46,470 - [34mangr.project[0m - [34mAddress is already hooked, during hook(0xa100008, <SimProcedure fclose>). Not re-hooking.[0m[0m
[1;33;40mWARNING - 2023-05-29 07:13:46,470 - [34mangr.project[0m - [34mAddress is already hooked, during hook(0xa10000c, <SimProcedure fwrite>). Not re-hooking.[0m[0m
[1;33;40mWARNING - 2023-05-29 07:13:46,471 - [34mangr.project[0m - [34mAddress is already hooked, during hook(0xa100010, <SimProcedure usleep>). Not re-hooking.[0m[0m
[1;33;40mWARNING - 2023-05-29 07:13:46,471 - [34mangr.project[0m - [34mAddress is already hooked, during hook(0xa100014, <SimProcedure malloc>). Not re-hooking.[0m[0m
[1;33;40mWARNING - 2023-05-29 07:13:46,471 - [34mangr.project[0m - [34mAddress is already hooked, during hook(0xa100018, <SimProcedure puts>). Not re-hooking.[0m[0m
[1;33;40mWARNING - 2023-05-29 07:13:46,471 - [34mangr.project[0m - [34mAddress is already hooked, during hook(0xa10001c, <SimProcedure strchr>). Not re-hooking.[0m[0m
[1;33;40mWARNING - 2023-05-29 07:13:46,472 - [34mangr.project[0m - [34mAddress is already hooked, during hook(0xa100020, <SimProcedure strlen>). Not re-hooking.[0m[0m
[1;33;40mWARNING - 2023-05-29 07:13:46,472 - [34mangr.project[0m - [34mAddress is already hooked, during hook(0xa100024, <SimProcedure __libc_start_main>). Not re-hooking.[0m[0m
[1;33;40mWARNING - 2023-05-29 07:13:46,472 - [34mangr.project[0m - [34mAddress is already hooked, during hook(0xa100028, <SimProcedure fopen>). Not re-hooking.[0m[0m
[1;33;40mWARNING - 2023-05-29 07:13:46,472 - [34mangr.project[0m - [34mAddress is already hooked, during hook(0xa10002c, <SimProcedure putchar>). Not re-hooking.[0m[0m
[1;33;40mWARNING - 2023-05-29 07:13:46,472 - [34mangr.project[0m - [34mAddress is already hooked, during hook(0xa100030, <SimProcedure socket>). Not re-hooking.[0m[0m
[1;33;40mWARNING - 2023-05-29 07:13:46,472 - [34mangr.project[0m - [34mAddress is already hooked, during hook(0xa100034, <SimProcedure close>). Not re-hooking.[0m[0m
[1;33;40mWARNING - 2023-05-29 07:13:46,473 - [34mangr.project[0m - [34mAddress is already hooked, during hook(0xa100038, <SimProcedure __ctype_b_loc>). Not re-hooking.[0m[0m
[1;32;40mINFO - 2023-05-29 07:13:46,473 - [36mCustomSimProcedure[0m - [36mcustom_hook_no_symbols[0m[0m
[1;33;40mWARNING - 2023-05-29 07:13:46,603 - [32mangr.storage.memory_mixins.default_filler_mixin[0m - [32mFilling memory at 0xc002032c with 4 unconstrained bytes referenced from 0xa100024 (__libc_start_main+0x0 in extern-address space (0x24))[0m[0m
[1;32;40mINFO - 2023-05-29 07:13:46,654 - [36mCustomSimProcedure[0m - [36mSyscall found:  malloc[<BV32 0x300>][0m[0m
[1;33;40mWARNING - 2023-05-29 07:13:46,687 - [32mangr.storage.memory_mixins.default_filler_mixin[0m - [32mFilling memory at 0xc002033c with 4 unconstrained bytes referenced from 0xa100024 (__libc_start_main+0x0 in extern-address space (0x24))[0m[0m
[1;32;40mINFO - 2023-05-29 07:13:46,738 - [36mCustomSimProcedure[0m - [36mSyscall found:  malloc[<BV32 0x4>][0m[0m
[1;33;40mWARNING - 2023-05-29 07:13:46,789 - [32mangr.storage.memory_mixins.default_filler_mixin[0m - [32mFilling memory at 0xc0020944 with 4 unconstrained bytes referenced from 0xa100024 (__libc_start_main+0x0 in extern-address space (0x24))[0m[0m
[1;32;40mINFO - 2023-05-29 07:13:46,842 - [36mCustomSimProcedure[0m - [36mSyscall found:  malloc[<BV32 0x600>][0m[0m
[1;33;40mWARNING - 2023-05-29 07:13:46,873 - [32mangr.storage.memory_mixins.default_filler_mixin[0m - [32mFilling memory at 0xc0020954 with 4 unconstrained bytes referenced from 0xa100024 (__libc_start_main+0x0 in extern-address space (0x24))[0m[0m
[1;32;40mINFO - 2023-05-29 07:13:46,926 - [36mCustomSimProcedure[0m - [36mSyscall found:  malloc[<BV32 0x4>][0m[0m
[1;33;40mWARNING - 2023-05-29 07:13:46,976 - [32mangr.storage.memory_mixins.default_filler_mixin[0m - [32mFilling memory at 0xc0020f5c with 4 unconstrained bytes referenced from 0xa100024 (__libc_start_main+0x0 in extern-address space (0x24))[0m[0m
[1;32;40mINFO - 2023-05-29 07:13:47,029 - [36mCustomSimProcedure[0m - [36mSyscall found:  malloc[<BV32 0x600>][0m[0m
[1;33;40mWARNING - 2023-05-29 07:13:47,063 - [32mangr.storage.memory_mixins.default_filler_mixin[0m - [32mFilling memory at 0xc0020f6c with 4 unconstrained bytes referenced from 0xa100024 (__libc_start_main+0x0 in extern-address space (0x24))[0m[0m
[1;32;40mINFO - 2023-05-29 07:13:47,128 - [36mCustomSimProcedure[0m - [36mSyscall found:  malloc[<BV32 0x4>][0m[0m
[1;33;40mWARNING - 2023-05-29 07:13:47,191 - [32mangr.storage.memory_mixins.default_filler_mixin[0m - [32mFilling memory at 0xc0020f7c with 4 unconstrained bytes referenced from 0xa100024 (__libc_start_main+0x0 in extern-address space (0x24))[0m[0m
[1;32;40mINFO - 2023-05-29 07:13:47,256 - [36mCustomSimProcedure[0m - [36mSyscall found:  malloc[<BV32 0x4>][0m[0m
[1;32;40mINFO - 2023-05-29 07:13:47,266 - [36mCustomSimProcedure[0m - [36mSyscall found:  __libc_start_main[<BV32 0x9049130>, <BV32 0x1>, <BV32 0x7ffeffb0>, <BV32 0x904e110>, <BV32 0x904e180>][0m[0m
[1;33;40mWARNING - 2023-05-29 07:13:47,285 - [32mangr.storage.memory_mixins.default_filler_mixin[0m - [32mFilling register edi with 4 unconstrained bytes referenced from 0x904e120 (__libc_csu_init+0x10 in mutations1_exec (0x904e120))[0m[0m
[1;32;40mINFO - 2023-05-29 07:13:47,407 - [36mCustomSimProcedure[0m - [36mSyscall found:  __libc_start_main[151294256, 1, 2147418032, 151314704, 151314816][0m[0m
[1;33;40mWARNING - 2023-05-29 07:13:47,494 - [32mangr.storage.memory_mixins.default_filler_mixin[0m - [32mFilling memory at 0x7ffefec7 with 3 unconstrained bytes referenced from 0x9049d1e (sleep865+0x8e in mutations1_exec (0x9049d1e))[0m[0m
[1;32;40mINFO - 2023-05-29 07:13:47,561 - [36mCustomSimProcedure[0m - [36mSyscall found:  strlen[<BV32 0x7ffefef3>][0m[0m
[1;33;40mWARNING - 2023-05-29 07:13:47,610 - [32mangr.storage.memory_mixins.default_filler_mixin[0m - [32mFilling memory at 0xc0020f94 with 4 unconstrained bytes referenced from 0xa100014 (malloc+0x0 in extern-address space (0x14))[0m[0m
[1;32;40mINFO - 2023-05-29 07:13:48,126 - [36mCustomSimProcedure[0m - [36mSyscall found:  malloc[<BV32 0x9>][0m[0m
[1;32;40mINFO - 2023-05-29 07:14:01,152 - [36mCustomSimProcedure[0m - [36mSyscall found:  strlen[<BV32 0xc0020f80>][0m[0m
[1;32;40mINFO - 2023-05-29 07:14:01,153 - [36mCustomSimProcedure[0m - [36mSyscall found:  puts[<BV32 0xc0020f80>][0m[0m
[1;32;40mINFO - 2023-05-29 07:14:01,168 - [36mCustomSimProcedure[0m - [36mSyscall found:  usleep[<BV32 0xb71b0>][0m[0m
[1;32;40mINFO - 2023-05-29 07:14:01,244 - [36mCustomSimProcedure[0m - [36mSyscall found:  strlen[<BV32 0x7ffefec7>][0m[0m
[1;33;40mWARNING - 2023-05-29 07:14:01,306 - [32mangr.storage.memory_mixins.default_filler_mixin[0m - [32mFilling memory at 0xc0020fa4 with 4 unconstrained bytes referenced from 0xa100014 (malloc+0x0 in extern-address space (0x14))[0m[0m
[1;32;40mINFO - 2023-05-29 07:14:01,357 - [36mCustomSimProcedure[0m - [36mSyscall found:  malloc[<BV32 0x6>][0m[0m
[1;32;40mINFO - 2023-05-29 07:14:01,623 - [33mwerkzeug[0m - [33m172.17.0.1 - - [29/May/2023 07:14:01] "GET /progress-scdg HTTP/1.1" 200 -[0m[0m
[1;32;40mINFO - 2023-05-29 07:14:01,630 - [33mwerkzeug[0m - [33m172.17.0.1 - - [29/May/2023 07:14:01] "GET /iteration-scdg HTTP/1.1" 200 -[0m[0m
[1;32;40mINFO - 2023-05-29 07:14:07,471 - [36mCustomSimProcedure[0m - [36mSyscall found:  strlen[<BV32 0xc0020f98>][0m[0m
[1;32;40mINFO - 2023-05-29 07:14:07,472 - [36mCustomSimProcedure[0m - [36mSyscall found:  puts[<BV32 0xc0020f98>][0m[0m
[1;33;40mWARNING - 2023-05-29 07:14:07,693 - [32mangr.storage.memory_mixins.default_filler_mixin[0m - [32mFilling memory at 0x7ffefe9a with 1 unconstrained bytes referenced from 0x904a238 (struct748+0x348 in mutations1_exec (0x904a238))[0m[0m
[1;33;40mWARNING - 2023-05-29 07:14:07,737 - [32mangr.storage.memory_mixins.default_filler_mixin[0m - [32mFilling memory at 0x7ffefdf1 with 1 unconstrained bytes referenced from 0xa100020 (strlen+0x0 in extern-address space (0x20))[0m[0m
[1;32;40mINFO - 2023-05-29 07:14:07,738 - [36mCustomSimProcedure[0m - [36mSyscall found:  strlen[<BV32 0x7ffefde0>][0m[0m
[1;33;40mWARNING - 2023-05-29 07:14:07,792 - [32mangr.storage.memory_mixins.default_filler_mixin[0m - [32mFilling memory at 0xc0020fbc with 4 unconstrained bytes referenced from 0xa100014 (malloc+0x0 in extern-address space (0x14))[0m[0m
[1;32;40mINFO - 2023-05-29 07:14:07,857 - [36mCustomSimProcedure[0m - [36mSyscall found:  malloc[<BV32 0xc>][0m[0m
[1;32;40mINFO - 2023-05-29 07:14:20,772 - [36mCustomSimProcedure[0m - [36mSyscall found:  strlen[<BV32 0xc0020fa8>][0m[0m
[1;32;40mINFO - 2023-05-29 07:14:20,778 - [36mCustomSimProcedure[0m - [36mSyscall found:  strlen[<BV32 0x90d74b0>][0m[0m
[1;32;40mINFO - 2023-05-29 07:14:20,779 - [36mCustomSimProcedure[0m - [36mSyscall found:  printf[<BV32 0xc0020fa8>][0m[0m
[1;33;40mWARNING - 2023-05-29 07:14:20,787 - [32mangr.storage.memory_mixins.default_filler_mixin[0m - [32mFilling register mm7 with 8 unconstrained bytes referenced from 0x904c4fa (helper_stub_trampoline+0x1a in mutations1_exec (0x904c4fa))[0m[0m
[1;33;40mWARNING - 2023-05-29 07:14:20,932 - [32mangr.storage.memory_mixins.default_filler_mixin[0m - [32mFilling memory at 0x7ffefdfe with 1 unconstrained bytes referenced from 0xa100020 (strlen+0x0 in extern-address space (0x20))[0m[0m
[1;32;40mINFO - 2023-05-29 07:14:20,932 - [36mCustomSimProcedure[0m - [36mSyscall found:  strlen[<BV32 0x7ffefdf1>][0m[0m
[1;33;40mWARNING - 2023-05-29 07:14:20,981 - [32mangr.storage.memory_mixins.default_filler_mixin[0m - [32mFilling memory at 0xc0020fd4 with 4 unconstrained bytes referenced from 0xa100014 (malloc+0x0 in extern-address space (0x14))[0m[0m
[1;32;40mINFO - 2023-05-29 07:14:21,036 - [36mCustomSimProcedure[0m - [36mSyscall found:  malloc[<BV32 0x9>][0m[0m
[1;32;40mINFO - 2023-05-29 07:14:22,098 - [32mSemaExplorerCDFS[0m - [32mA state has been discarded because of simple loop[0m[0m
[1;32;40mINFO - 2023-05-29 07:14:30,440 - [36mCustomSimProcedure[0m - [36mSyscall found:  strlen[<BV32 0xc0020fc0>][0m[0m
[1;32;40mINFO - 2023-05-29 07:14:30,443 - [36mCustomSimProcedure[0m - [36mSyscall found:  strlen[<BV32 0x90d74e2>][0m[0m
[1;32;40mINFO - 2023-05-29 07:14:30,443 - [36mCustomSimProcedure[0m - [36mSyscall found:  printf[<BV32 0xc0020fc0>][0m[0m
[1;33;40mWARNING - 2023-05-29 07:14:30,451 - [32mangr.storage.memory_mixins.default_filler_mixin[0m - [32mFilling register mm0 with 8 unconstrained bytes referenced from 0x904c4fa (helper_stub_trampoline+0x1a in mutations1_exec (0x904c4fa))[0m[0m
[1;33;40mWARNING - 2023-05-29 07:14:30,590 - [32mangr.storage.memory_mixins.default_filler_mixin[0m - [32mFilling memory at 0x7ffefe0b with 1 unconstrained bytes referenced from 0xa100020 (strlen+0x0 in extern-address space (0x20))[0m[0m
[1;32;40mINFO - 2023-05-29 07:14:30,590 - [36mCustomSimProcedure[0m - [36mSyscall found:  strlen[<BV32 0x7ffefdfe>][0m[0m
[1;33;40mWARNING - 2023-05-29 07:14:30,635 - [32mangr.storage.memory_mixins.default_filler_mixin[0m - [32mFilling memory at 0xc0020fec with 4 unconstrained bytes referenced from 0xa100014 (malloc+0x0 in extern-address space (0x14))[0m[0m
[1;32;40mINFO - 2023-05-29 07:14:30,685 - [36mCustomSimProcedure[0m - [36mSyscall found:  malloc[<BV32 0x9>][0m[0m
[1;32;40mINFO - 2023-05-29 07:14:31,646 - [33mwerkzeug[0m - [33m172.17.0.1 - - [29/May/2023 07:14:31] "GET /iteration-scdg HTTP/1.1" 200 -[0m[0m
[1;32;40mINFO - 2023-05-29 07:14:31,655 - [33mwerkzeug[0m - [33m172.17.0.1 - - [29/May/2023 07:14:31] "GET /progress-scdg HTTP/1.1" 200 -[0m[0m
[1;32;40mINFO - 2023-05-29 07:14:39,378 - [36mCustomSimProcedure[0m - [36mSyscall found:  strlen[<BV32 0xc0020fd8>][0m[0m
[1;32;40mINFO - 2023-05-29 07:14:39,380 - [36mCustomSimProcedure[0m - [36mSyscall found:  printf[<BV32 0xc0020fd8>][0m[0m
[1;33;40mWARNING - 2023-05-29 07:14:39,388 - [32mangr.storage.memory_mixins.default_filler_mixin[0m - [32mFilling register mm1 with 8 unconstrained bytes referenced from 0x904c4fa (helper_stub_trampoline+0x1a in mutations1_exec (0x904c4fa))[0m[0m
[1;33;40mWARNING - 2023-05-29 07:14:39,538 - [32mangr.storage.memory_mixins.default_filler_mixin[0m - [32mFilling memory at 0x7ffefee9 with 2 unconstrained bytes referenced from 0x904a60a (struct748+0x71a in mutations1_exec (0x904a60a))[0m[0m
[1;32;40mINFO - 2023-05-29 07:14:39,583 - [36mCustomSimProcedure[0m - [36mSyscall found:  strlen[<BV32 0x7ffefe0b>][0m[0m
[1;33;40mWARNING - 2023-05-29 07:14:39,645 - [32mangr.storage.memory_mixins.default_filler_mixin[0m - [32mFilling memory at 0xc0021004 with 4 unconstrained bytes referenced from 0xa100014 (malloc+0x0 in extern-address space (0x14))[0m[0m
[1;32;40mINFO - 2023-05-29 07:14:39,719 - [36mCustomSimProcedure[0m - [36mSyscall found:  malloc[<BV32 0x9>][0m[0m
[1;32;40mINFO - 2023-05-29 07:14:48,045 - [36mCustomSimProcedure[0m - [36mSyscall found:  strlen[<BV32 0xc0020ff0>][0m[0m
[1;32;40mINFO - 2023-05-29 07:14:48,046 - [36mCustomSimProcedure[0m - [36mSyscall found:  printf[<BV32 0xc0020ff0>][0m[0m
[1;33;40mWARNING - 2023-05-29 07:14:48,052 - [32mangr.storage.memory_mixins.default_filler_mixin[0m - [32mFilling register mm2 with 8 unconstrained bytes referenced from 0x904c4fa (helper_stub_trampoline+0x1a in mutations1_exec (0x904c4fa))[0m[0m
[1;33;40mWARNING - 2023-05-29 07:14:48,208 - [32mangr.storage.memory_mixins.default_filler_mixin[0m - [32mFilling memory at 0x7ffefdd9 with 1 unconstrained bytes referenced from 0xa100020 (strlen+0x0 in extern-address space (0x20))[0m[0m
[1;32;40mINFO - 2023-05-29 07:14:48,209 - [36mCustomSimProcedure[0m - [36mSyscall found:  strlen[<BV32 0x7ffefdd0>][0m[0m
[1;33;40mWARNING - 2023-05-29 07:14:48,256 - [32mangr.storage.memory_mixins.default_filler_mixin[0m - [32mFilling memory at 0xc0021014 with 4 unconstrained bytes referenced from 0xa100014 (malloc+0x0 in extern-address space (0x14))[0m[0m
[1;32;40mINFO - 2023-05-29 07:14:48,307 - [36mCustomSimProcedure[0m - [36mSyscall found:  malloc[<BV32 0x6>][0m[0m
[1;32;40mINFO - 2023-05-29 07:14:55,073 - [32mSemaExplorerCDFS[0m - [32mA state has been discarded because of simple loop[0m[0m
[1;32;40mINFO - 2023-05-29 07:14:55,324 - [36mCustomSimProcedure[0m - [36mSyscall found:  strlen[<BV32 0xc0021008>][0m[0m
[1;32;40mINFO - 2023-05-29 07:14:55,328 - [36mCustomSimProcedure[0m - [36mSyscall found:  printf[<BV32 0xc0021008>][0m[0m
[1;33;40mWARNING - 2023-05-29 07:14:55,347 - [32mangr.storage.memory_mixins.default_filler_mixin[0m - [32mFilling register mm3 with 8 unconstrained bytes referenced from 0x904c4fa (helper_stub_trampoline+0x1a in mutations1_exec (0x904c4fa))[0m[0m
[1;32;40mINFO - 2023-05-29 07:14:55,606 - [36mCustomSimProcedure[0m - [36mSyscall found:  strlen[<BV32 0x7ffefd90>][0m[0m
[1;33;40mWARNING - 2023-05-29 07:14:55,712 - [32mangr.storage.memory_mixins.default_filler_mixin[0m - [32mFilling memory at 0xc0021024 with 4 unconstrained bytes referenced from 0xa100014 (malloc+0x0 in extern-address space (0x14))[0m[0m
[1;32;40mINFO - 2023-05-29 07:14:55,814 - [36mCustomSimProcedure[0m - [36mSyscall found:  malloc[<BV32 0x6>][0m[0m
[1;32;40mINFO - 2023-05-29 07:15:01,642 - [33mwerkzeug[0m - [33m172.17.0.1 - - [29/May/2023 07:15:01] "GET /iteration-scdg HTTP/1.1" 200 -[0m[0m
[1;32;40mINFO - 2023-05-29 07:15:01,646 - [33mwerkzeug[0m - [33m172.17.0.1 - - [29/May/2023 07:15:01] "GET /progress-scdg HTTP/1.1" 200 -[0m[0m
[1;32;40mINFO - 2023-05-29 07:15:04,307 - [36mCustomSimProcedure[0m - [36mSyscall found:  strlen[<BV32 0xc0021018>][0m[0m
[1;32;40mINFO - 2023-05-29 07:15:04,308 - [36mCustomSimProcedure[0m - [36mSyscall found:  printf[<BV32 0xc0021018>][0m[0m
[1;33;40mWARNING - 2023-05-29 07:15:04,315 - [32mangr.storage.memory_mixins.default_filler_mixin[0m - [32mFilling register mm4 with 8 unconstrained bytes referenced from 0x904c4fa (helper_stub_trampoline+0x1a in mutations1_exec (0x904c4fa))[0m[0m
[1;32;40mINFO - 2023-05-29 07:15:04,452 - [36mCustomSimProcedure[0m - [36mSyscall found:  strlen[<BV32 0x7ffefd50>][0m[0m
[1;33;40mWARNING - 2023-05-29 07:15:04,493 - [32mangr.storage.memory_mixins.default_filler_mixin[0m - [32mFilling memory at 0xc0021034 with 4 unconstrained bytes referenced from 0xa100014 (malloc+0x0 in extern-address space (0x14))[0m[0m
[1;32;40mINFO - 2023-05-29 07:15:04,544 - [36mCustomSimProcedure[0m - [36mSyscall found:  malloc[<BV32 0x6>][0m[0m
[1;32;40mINFO - 2023-05-29 07:15:10,488 - [36mCustomSimProcedure[0m - [36mSyscall found:  strlen[<BV32 0xc0021028>][0m[0m
[1;32;40mINFO - 2023-05-29 07:15:10,489 - [36mCustomSimProcedure[0m - [36mSyscall found:  printf[<BV32 0xc0021028>][0m[0m
[1;33;40mWARNING - 2023-05-29 07:15:10,497 - [32mangr.storage.memory_mixins.default_filler_mixin[0m - [32mFilling register mm5 with 8 unconstrained bytes referenced from 0x904c4fa (helper_stub_trampoline+0x1a in mutations1_exec (0x904c4fa))[0m[0m
[1;32;40mINFO - 2023-05-29 07:15:10,672 - [36mCustomSimProcedure[0m - [36mSyscall found:  strlen[<BV32 0x7ffefd10>][0m[0m
[1;33;40mWARNING - 2023-05-29 07:15:10,745 - [32mangr.storage.memory_mixins.default_filler_mixin[0m - [32mFilling memory at 0xc0021044 with 4 unconstrained bytes referenced from 0xa100014 (malloc+0x0 in extern-address space (0x14))[0m[0m
[1;32;40mINFO - 2023-05-29 07:15:10,821 - [36mCustomSimProcedure[0m - [36mSyscall found:  malloc[<BV32 0x6>][0m[0m
[1;32;40mINFO - 2023-05-29 07:15:17,818 - [36mCustomSimProcedure[0m - [36mSyscall found:  strlen[<BV32 0xc0021038>][0m[0m
[1;32;40mINFO - 2023-05-29 07:15:17,819 - [36mCustomSimProcedure[0m - [36mSyscall found:  printf[<BV32 0xc0021038>][0m[0m
[1;33;40mWARNING - 2023-05-29 07:15:17,825 - [32mangr.storage.memory_mixins.default_filler_mixin[0m - [32mFilling register mm6 with 8 unconstrained bytes referenced from 0x904c4fa (helper_stub_trampoline+0x1a in mutations1_exec (0x904c4fa))[0m[0m
[1;32;40mINFO - 2023-05-29 07:15:17,967 - [36mCustomSimProcedure[0m - [36mSyscall found:  strlen[<BV32 0x7ffefcd0>][0m[0m
[1;33;40mWARNING - 2023-05-29 07:15:18,015 - [32mangr.storage.memory_mixins.default_filler_mixin[0m - [32mFilling memory at 0xc0021054 with 4 unconstrained bytes referenced from 0xa100014 (malloc+0x0 in extern-address space (0x14))[0m[0m
[1;32;40mINFO - 2023-05-29 07:15:18,069 - [36mCustomSimProcedure[0m - [36mSyscall found:  malloc[<BV32 0x6>][0m[0m
[1;32;40mINFO - 2023-05-29 07:15:24,387 - [36mCustomSimProcedure[0m - [36mSyscall found:  strlen[<BV32 0xc0021048>][0m[0m
[1;32;40mINFO - 2023-05-29 07:15:24,388 - [36mCustomSimProcedure[0m - [36mSyscall found:  printf[<BV32 0xc0021048>][0m[0m
[1;32;40mINFO - 2023-05-29 07:15:24,481 - [36mCustomSimProcedure[0m - [36mSyscall found:  putchar[<BV32 0xa>][0m[0m
[1;32;40mINFO - 2023-05-29 07:15:24,518 - [36mCustomSimProcedure[0m - [36mSyscall found:  strlen[<BV32 0x804a008>][0m[0m
[1;32;40mINFO - 2023-05-29 07:15:24,518 - [36mCustomSimProcedure[0m - [36mSyscall found:  printf[<BV32 0x804a008>][0m[0m
[1;32;40mINFO - 2023-05-29 07:15:24,615 - [36mCustomSimProcedure[0m - [36mSyscall found:  strlen[<BV32 0x804a012>][0m[0m
[1;32;40mINFO - 2023-05-29 07:15:24,615 - [36mCustomSimProcedure[0m - [36mSyscall found:  printf[<BV32 0x804a012>][0m[0m
[1;32;40mINFO - 2023-05-29 07:15:24,713 - [36mCustomSimProcedure[0m - [36mSyscall found:  strlen[<BV32 0x804a01c>][0m[0m
[1;32;40mINFO - 2023-05-29 07:15:24,713 - [36mCustomSimProcedure[0m - [36mSyscall found:  printf[<BV32 0x804a01c>][0m[0m
[1;32;40mINFO - 2023-05-29 07:15:24,815 - [36mCustomSimProcedure[0m - [36mSyscall found:  strlen[<BV32 0x804a026>][0m[0m
[1;32;40mINFO - 2023-05-29 07:15:24,815 - [36mCustomSimProcedure[0m - [36mSyscall found:  printf[<BV32 0x804a026>][0m[0m
[1;32;40mINFO - 2023-05-29 07:15:24,916 - [36mCustomSimProcedure[0m - [36mSyscall found:  strlen[<BV32 0x804a008>][0m[0m
[1;32;40mINFO - 2023-05-29 07:15:24,916 - [36mCustomSimProcedure[0m - [36mSyscall found:  printf[<BV32 0x804a008>][0m[0m
[1;32;40mINFO - 2023-05-29 07:15:25,014 - [36mCustomSimProcedure[0m - [36mSyscall found:  strlen[<BV32 0x804a012>][0m[0m
[1;32;40mINFO - 2023-05-29 07:15:25,014 - [36mCustomSimProcedure[0m - [36mSyscall found:  printf[<BV32 0x804a012>][0m[0m
[1;32;40mINFO - 2023-05-29 07:15:26,603 - [36mCustomSimProcedure[0m - [36mSyscall found:  strlen[<BV32 0x7ffefc80>][0m[0m
[1;33;40mWARNING - 2023-05-29 07:15:26,650 - [32mangr.storage.memory_mixins.default_filler_mixin[0m - [32mFilling memory at 0xc002106c with 4 unconstrained bytes referenced from 0xa100014 (malloc+0x0 in extern-address space (0x14))[0m[0m
[1;32;40mINFO - 2023-05-29 07:15:26,701 - [36mCustomSimProcedure[0m - [36mSyscall found:  malloc[<BV32 0xf>][0m[0m
[1;32;40mINFO - 2023-05-29 07:15:31,622 - [33mwerkzeug[0m - [33m172.17.0.1 - - [29/May/2023 07:15:31] "GET /iteration-scdg HTTP/1.1" 200 -[0m[0m
[1;32;40mINFO - 2023-05-29 07:15:31,625 - [33mwerkzeug[0m - [33m172.17.0.1 - - [29/May/2023 07:15:31] "GET /progress-scdg HTTP/1.1" 200 -[0m[0m
[1;32;40mINFO - 2023-05-29 07:15:31,939 - [32mSemaExplorerCDFS[0m - [32mA state has been discarded because of simple loop[0m[0m
[1;32;40mINFO - 2023-05-29 07:15:39,331 - [36mCustomSimProcedure[0m - [36mSyscall found:  strlen[<BV32 0xc0021058>][0m[0m
[1;32;40mINFO - 2023-05-29 07:15:39,335 - [36mCustomSimProcedure[0m - [36mSyscall found:  printf[<BV32 0xc0021058>][0m[0m
[1;32;40mINFO - 2023-05-29 07:15:39,534 - [36mCustomSimProcedure[0m - [36mSyscall found:  strlen[<BV32 0x7ffefc00>][0m[0m
[1;33;40mWARNING - 2023-05-29 07:15:39,579 - [32mangr.storage.memory_mixins.default_filler_mixin[0m - [32mFilling memory at 0xc0021084 with 4 unconstrained bytes referenced from 0xa100014 (malloc+0x0 in extern-address space (0x14))[0m[0m
[1;32;40mINFO - 2023-05-29 07:15:39,629 - [36mCustomSimProcedure[0m - [36mSyscall found:  malloc[<BV32 0xf>][0m[0m
[1;32;40mINFO - 2023-05-29 07:15:52,153 - [36mCustomSimProcedure[0m - [36mSyscall found:  strlen[<BV32 0xc0021070>][0m[0m
[1;32;40mINFO - 2023-05-29 07:15:52,156 - [36mCustomSimProcedure[0m - [36mSyscall found:  printf[<BV32 0xc0021070>][0m[0m
[1;32;40mINFO - 2023-05-29 07:15:52,339 - [36mCustomSimProcedure[0m - [36mSyscall found:  strlen[<BV32 0x7ffefb80>][0m[0m
[1;33;40mWARNING - 2023-05-29 07:15:52,384 - [32mangr.storage.memory_mixins.default_filler_mixin[0m - [32mFilling memory at 0xc002109c with 4 unconstrained bytes referenced from 0xa100014 (malloc+0x0 in extern-address space (0x14))[0m[0m
[1;32;40mINFO - 2023-05-29 07:15:52,437 - [36mCustomSimProcedure[0m - [36mSyscall found:  malloc[<BV32 0xf>][0m[0m
[1;32;40mINFO - 2023-05-29 07:16:01,624 - [33mwerkzeug[0m - [33m172.17.0.1 - - [29/May/2023 07:16:01] "GET /iteration-scdg HTTP/1.1" 200 -[0m[0m
[1;32;40mINFO - 2023-05-29 07:16:01,626 - [33mwerkzeug[0m - [33m172.17.0.1 - - [29/May/2023 07:16:01] "GET /progress-scdg HTTP/1.1" 200 -[0m[0m
[1;32;40mINFO - 2023-05-29 07:16:04,880 - [32mSemaExplorerCDFS[0m - [32mA state has been discarded because of simple loop[0m[0m
[1;32;40mINFO - 2023-05-29 07:16:05,652 - [36mCustomSimProcedure[0m - [36mSyscall found:  strlen[<BV32 0xc0021088>][0m[0m
[1;32;40mINFO - 2023-05-29 07:16:05,655 - [36mCustomSimProcedure[0m - [36mSyscall found:  printf[<BV32 0xc0021088>][0m[0m
[1;32;40mINFO - 2023-05-29 07:16:05,842 - [36mCustomSimProcedure[0m - [36mSyscall found:  strlen[<BV32 0x7ffefb00>][0m[0m
[1;33;40mWARNING - 2023-05-29 07:16:05,885 - [32mangr.storage.memory_mixins.default_filler_mixin[0m - [32mFilling memory at 0xc00210b4 with 4 unconstrained bytes referenced from 0xa100014 (malloc+0x0 in extern-address space (0x14))[0m[0m
[1;32;40mINFO - 2023-05-29 07:16:05,935 - [36mCustomSimProcedure[0m - [36mSyscall found:  malloc[<BV32 0xf>][0m[0m
[1;32;40mINFO - 2023-05-29 07:16:17,836 - [36mCustomSimProcedure[0m - [36mSyscall found:  strlen[<BV32 0xc00210a0>][0m[0m
[1;32;40mINFO - 2023-05-29 07:16:17,839 - [36mCustomSimProcedure[0m - [36mSyscall found:  printf[<BV32 0xc00210a0>][0m[0m
[1;32;40mINFO - 2023-05-29 07:16:18,028 - [36mCustomSimProcedure[0m - [36mSyscall found:  strlen[<BV32 0x7ffefa80>][0m[0m
[1;33;40mWARNING - 2023-05-29 07:16:18,073 - [32mangr.storage.memory_mixins.default_filler_mixin[0m - [32mFilling memory at 0xc00210cc with 4 unconstrained bytes referenced from 0xa100014 (malloc+0x0 in extern-address space (0x14))[0m[0m
[1;32;40mINFO - 2023-05-29 07:16:18,123 - [36mCustomSimProcedure[0m - [36mSyscall found:  malloc[<BV32 0xf>][0m[0m
[1;32;40mINFO - 2023-05-29 07:16:29,721 - [36mCustomSimProcedure[0m - [36mSyscall found:  strlen[<BV32 0xc00210b8>][0m[0m
[1;32;40mINFO - 2023-05-29 07:16:29,724 - [36mCustomSimProcedure[0m - [36mSyscall found:  printf[<BV32 0xc00210b8>][0m[0m
[1;32;40mINFO - 2023-05-29 07:16:29,912 - [36mCustomSimProcedure[0m - [36mSyscall found:  strlen[<BV32 0x7ffefa00>][0m[0m
[1;33;40mWARNING - 2023-05-29 07:16:29,955 - [32mangr.storage.memory_mixins.default_filler_mixin[0m - [32mFilling memory at 0xc00210e4 with 4 unconstrained bytes referenced from 0xa100014 (malloc+0x0 in extern-address space (0x14))[0m[0m
[1;32;40mINFO - 2023-05-29 07:16:30,004 - [36mCustomSimProcedure[0m - [36mSyscall found:  malloc[<BV32 0xf>][0m[0m
[1;32;40mINFO - 2023-05-29 07:16:31,628 - [33mwerkzeug[0m - [33m172.17.0.1 - - [29/May/2023 07:16:31] "GET /iteration-scdg HTTP/1.1" 200 -[0m[0m
[1;32;40mINFO - 2023-05-29 07:16:31,635 - [33mwerkzeug[0m - [33m172.17.0.1 - - [29/May/2023 07:16:31] "GET /progress-scdg HTTP/1.1" 200 -[0m[0m
[1;32;40mINFO - 2023-05-29 07:16:35,831 - [32mSemaExplorerCDFS[0m - [32mA state has been discarded because of simple loop[0m[0m
[1;32;40mINFO - 2023-05-29 07:16:44,639 - [36mCustomSimProcedure[0m - [36mSyscall found:  strlen[<BV32 0xc00210d0>][0m[0m
[1;32;40mINFO - 2023-05-29 07:16:44,644 - [36mCustomSimProcedure[0m - [36mSyscall found:  printf[<BV32 0xc00210d0>][0m[0m
[1;32;40mINFO - 2023-05-29 07:16:44,831 - [36mCustomSimProcedure[0m - [36mSyscall found:  strlen[<BV32 0x7ffef980>][0m[0m
[1;33;40mWARNING - 2023-05-29 07:16:44,874 - [32mangr.storage.memory_mixins.default_filler_mixin[0m - [32mFilling memory at 0xc00210fc with 4 unconstrained bytes referenced from 0xa100014 (malloc+0x0 in extern-address space (0x14))[0m[0m
[1;32;40mINFO - 2023-05-29 07:16:44,923 - [36mCustomSimProcedure[0m - [36mSyscall found:  malloc[<BV32 0xf>][0m[0m
[1;32;40mINFO - 2023-05-29 07:16:58,181 - [36mCustomSimProcedure[0m - [36mSyscall found:  strlen[<BV32 0xc00210e8>][0m[0m
[1;32;40mINFO - 2023-05-29 07:16:58,186 - [36mCustomSimProcedure[0m - [36mSyscall found:  printf[<BV32 0xc00210e8>][0m[0m
[1;32;40mINFO - 2023-05-29 07:16:58,423 - [36mCustomSimProcedure[0m - [36mSyscall found:  strlen[<BV32 0x7ffef900>][0m[0m
[1;33;40mWARNING - 2023-05-29 07:16:58,484 - [32mangr.storage.memory_mixins.default_filler_mixin[0m - [32mFilling memory at 0xc0021114 with 4 unconstrained bytes referenced from 0xa100014 (malloc+0x0 in extern-address space (0x14))[0m[0m
[1;32;40mINFO - 2023-05-29 07:16:58,552 - [36mCustomSimProcedure[0m - [36mSyscall found:  malloc[<BV32 0xf>][0m[0m
[1;32;40mINFO - 2023-05-29 07:17:01,633 - [33mwerkzeug[0m - [33m172.17.0.1 - - [29/May/2023 07:17:01] "GET /iteration-scdg HTTP/1.1" 200 -[0m[0m
[1;32;40mINFO - 2023-05-29 07:17:01,634 - [33mwerkzeug[0m - [33m172.17.0.1 - - [29/May/2023 07:17:01] "GET /progress-scdg HTTP/1.1" 200 -[0m[0m
[1;32;40mINFO - 2023-05-29 07:17:06,502 - [32mSemaExplorerCDFS[0m - [32mTimeout expired for simulation ![0m[0m
[1;32;40mINFO - 2023-05-29 07:17:06,514 - [37mGraphBuilder[0m - [37mOutput dir :src/output/runs/132//random_mutations[0m[0m
