[1;33;40mWARNING - 2023-05-29 07:12:43,518 - [34mangr.project[0m - [34mDisabling IRSB translation cache because support for self-modifying code is enabled.[0m[0m
[1;33;40mWARNING - 2023-05-29 07:12:43,639 - [32mangr.storage.memory_mixins.default_filler_mixin[0m - [32mFilling memory at 0xc000800c with 4 unconstrained bytes referenced from 0x904a180 (_start+0x0 in mutations16_exec (0x904a180))[0m[0m
[1;33;40mWARNING - 2023-05-29 07:12:47,150 - [32mangr.storage.memory_mixins.default_filler_mixin[0m - [32mFilling memory at 0xc0010014 with 4 unconstrained bytes referenced from 0x904a180 (_start+0x0 in mutations16_exec (0x904a180))[0m[0m
[1;33;40mWARNING - 2023-05-29 07:12:50,159 - [32mangr.storage.memory_mixins.default_filler_mixin[0m - [32mFilling memory at 0xc001801c with 4 unconstrained bytes referenced from 0x904a180 (_start+0x0 in mutations16_exec (0x904a180))[0m[0m
[1;33;40mWARNING - 2023-05-29 07:12:53,218 - [32mangr.storage.memory_mixins.default_filler_mixin[0m - [32mFilling memory at 0xc0020024 with 4 unconstrained bytes referenced from 0x904a180 (_start+0x0 in mutations16_exec (0x904a180))[0m[0m
[1;33;40mWARNING - 2023-05-29 07:12:56,308 - [32mangr.storage.memory_mixins.default_filler_mixin[0m - [32mFilling memory at 0x30 with 4 unconstrained bytes referenced from 0x904a180 (_start+0x0 in mutations16_exec (0x904a180))[0m[0m
[1;32;40mINFO - 2023-05-29 07:12:56,418 - [36mCustomSimProcedure[0m - [36mcustom_hook_static[0m[0m
[1;33;40mWARNING - 2023-05-29 07:12:56,418 - [34mangr.project[0m - [34mAddress is already hooked, during hook(0x0, <SimProcedure strcmp>). Not re-hooking.[0m[0m
[1;33;40mWARNING - 2023-05-29 07:12:56,419 - [34mangr.project[0m - [34mAddress is already hooked, during hook(0x0, <SimProcedure fgets>). Not re-hooking.[0m[0m
[1;33;40mWARNING - 2023-05-29 07:12:56,419 - [34mangr.project[0m - [34mAddress is already hooked, during hook(0x0, <SimProcedure fclose>). Not re-hooking.[0m[0m
[1;33;40mWARNING - 2023-05-29 07:12:56,419 - [34mangr.project[0m - [34mAddress is already hooked, during hook(0x0, <SimProcedure time>). Not re-hooking.[0m[0m
[1;33;40mWARNING - 2023-05-29 07:12:56,419 - [34mangr.project[0m - [34mAddress is already hooked, during hook(0x0, <SimProcedure fwrite>). Not re-hooking.[0m[0m
[1;33;40mWARNING - 2023-05-29 07:12:56,419 - [34mangr.project[0m - [34mAddress is already hooked, during hook(0x0, <SimProcedure usleep>). Not re-hooking.[0m[0m
[1;33;40mWARNING - 2023-05-29 07:12:56,419 - [34mangr.project[0m - [34mAddress is already hooked, during hook(0x0, <SimProcedure getenv>). Not re-hooking.[0m[0m
[1;33;40mWARNING - 2023-05-29 07:12:56,420 - [34mangr.project[0m - [34mAddress is already hooked, during hook(0x0, <SimProcedure malloc>). Not re-hooking.[0m[0m
[1;33;40mWARNING - 2023-05-29 07:12:56,420 - [34mangr.project[0m - [34mAddress is already hooked, during hook(0x0, <SimProcedure srand>). Not re-hooking.[0m[0m
[1;33;40mWARNING - 2023-05-29 07:12:56,420 - [34mangr.project[0m - [34mAddress is already hooked, during hook(0x0, <SimProcedure strlen>). Not re-hooking.[0m[0m
[1;33;40mWARNING - 2023-05-29 07:12:56,420 - [34mangr.project[0m - [34mAddress is already hooked, during hook(0x0, <SimProcedure __libc_start_main>). Not re-hooking.[0m[0m
[1;33;40mWARNING - 2023-05-29 07:12:56,420 - [34mangr.project[0m - [34mAddress is already hooked, during hook(0x0, <SimProcedure fopen>). Not re-hooking.[0m[0m
[1;33;40mWARNING - 2023-05-29 07:12:56,420 - [34mangr.project[0m - [34mAddress is already hooked, during hook(0x0, <SimProcedure strncpy>). Not re-hooking.[0m[0m
[1;33;40mWARNING - 2023-05-29 07:12:56,421 - [34mangr.project[0m - [34mAddress is already hooked, during hook(0x0, <SimProcedure rand>). Not re-hooking.[0m[0m
[1;33;40mWARNING - 2023-05-29 07:12:56,421 - [34mangr.project[0m - [34mAddress is already hooked, during hook(0x0, <SimProcedure access>). Not re-hooking.[0m[0m
[1;33;40mWARNING - 2023-05-29 07:12:56,421 - [34mangr.project[0m - [34mAddress is already hooked, during hook(0x0, <SimProcedure toupper>). Not re-hooking.[0m[0m
[1;33;40mWARNING - 2023-05-29 07:12:56,421 - [34mangr.project[0m - [34mAddress is already hooked, during hook(0x0, <SimProcedure socket>). Not re-hooking.[0m[0m
[1;33;40mWARNING - 2023-05-29 07:12:56,421 - [34mangr.project[0m - [34mAddress is already hooked, during hook(0x0, <SimProcedure close>). Not re-hooking.[0m[0m
[1;33;40mWARNING - 2023-05-29 07:12:56,421 - [34mangr.project[0m - [34mAddress is already hooked, during hook(0x0, <SimProcedure strstr>). Not re-hooking.[0m[0m
[1;33;40mWARNING - 2023-05-29 07:12:56,422 - [34mangr.project[0m - [34mAddress is already hooked, during hook(0x0, <SimProcedure strcmp>). Not re-hooking.[0m[0m
[1;33;40mWARNING - 2023-05-29 07:12:56,422 - [34mangr.project[0m - [34mAddress is already hooked, during hook(0x0, <SimProcedure fgets>). Not re-hooking.[0m[0m
[1;33;40mWARNING - 2023-05-29 07:12:56,422 - [34mangr.project[0m - [34mAddress is already hooked, during hook(0x0, <SimProcedure fclose>). Not re-hooking.[0m[0m
[1;33;40mWARNING - 2023-05-29 07:12:56,422 - [34mangr.project[0m - [34mAddress is already hooked, during hook(0x0, <SimProcedure time>). Not re-hooking.[0m[0m
[1;33;40mWARNING - 2023-05-29 07:12:56,422 - [34mangr.project[0m - [34mAddress is already hooked, during hook(0x0, <SimProcedure fwrite>). Not re-hooking.[0m[0m
[1;33;40mWARNING - 2023-05-29 07:12:56,422 - [34mangr.project[0m - [34mAddress is already hooked, during hook(0x0, <SimProcedure usleep>). Not re-hooking.[0m[0m
[1;33;40mWARNING - 2023-05-29 07:12:56,423 - [34mangr.project[0m - [34mAddress is already hooked, during hook(0x0, <SimProcedure getenv>). Not re-hooking.[0m[0m
[1;33;40mWARNING - 2023-05-29 07:12:56,423 - [34mangr.project[0m - [34mAddress is already hooked, during hook(0x0, <SimProcedure malloc>). Not re-hooking.[0m[0m
[1;33;40mWARNING - 2023-05-29 07:12:56,423 - [34mangr.project[0m - [34mAddress is already hooked, during hook(0x0, <SimProcedure srand>). Not re-hooking.[0m[0m
[1;33;40mWARNING - 2023-05-29 07:12:56,423 - [34mangr.project[0m - [34mAddress is already hooked, during hook(0x0, <SimProcedure strlen>). Not re-hooking.[0m[0m
[1;33;40mWARNING - 2023-05-29 07:12:56,423 - [34mangr.project[0m - [34mAddress is already hooked, during hook(0x0, <SimProcedure __libc_start_main>). Not re-hooking.[0m[0m
[1;33;40mWARNING - 2023-05-29 07:12:56,424 - [34mangr.project[0m - [34mAddress is already hooked, during hook(0x0, <SimProcedure fopen>). Not re-hooking.[0m[0m
[1;33;40mWARNING - 2023-05-29 07:12:56,424 - [34mangr.project[0m - [34mAddress is already hooked, during hook(0x0, <SimProcedure strncpy>). Not re-hooking.[0m[0m
[1;33;40mWARNING - 2023-05-29 07:12:56,424 - [34mangr.project[0m - [34mAddress is already hooked, during hook(0x0, <SimProcedure rand>). Not re-hooking.[0m[0m
[1;33;40mWARNING - 2023-05-29 07:12:56,424 - [34mangr.project[0m - [34mAddress is already hooked, during hook(0x0, <SimProcedure access>). Not re-hooking.[0m[0m
[1;33;40mWARNING - 2023-05-29 07:12:56,424 - [34mangr.project[0m - [34mAddress is already hooked, during hook(0x0, <SimProcedure toupper>). Not re-hooking.[0m[0m
[1;33;40mWARNING - 2023-05-29 07:12:56,425 - [34mangr.project[0m - [34mAddress is already hooked, during hook(0x0, <SimProcedure socket>). Not re-hooking.[0m[0m
[1;33;40mWARNING - 2023-05-29 07:12:56,425 - [34mangr.project[0m - [34mAddress is already hooked, during hook(0x0, <SimProcedure close>). Not re-hooking.[0m[0m
[1;33;40mWARNING - 2023-05-29 07:12:56,426 - [34mangr.project[0m - [34mAddress is already hooked, during hook(0x9049060, <SimProcedure printf>). Not re-hooking.[0m[0m
[1;33;40mWARNING - 2023-05-29 07:12:56,426 - [34mangr.project[0m - [34mAddress is already hooked, during hook(0xa100000, <SimProcedure strstr>). Not re-hooking.[0m[0m
[1;33;40mWARNING - 2023-05-29 07:12:56,426 - [34mangr.project[0m - [34mAddress is already hooked, during hook(0xa100004, <SimProcedure strcmp>). Not re-hooking.[0m[0m
[1;33;40mWARNING - 2023-05-29 07:12:56,427 - [34mangr.project[0m - [34mAddress is already hooked, during hook(0xa100008, <SimProcedure printf>). Not re-hooking.[0m[0m
[1;33;40mWARNING - 2023-05-29 07:12:56,427 - [34mangr.project[0m - [34mAddress is already hooked, during hook(0xa10000c, <SimProcedure fgets>). Not re-hooking.[0m[0m
[1;33;40mWARNING - 2023-05-29 07:12:56,427 - [34mangr.project[0m - [34mAddress is already hooked, during hook(0xa100010, <SimProcedure fclose>). Not re-hooking.[0m[0m
[1;33;40mWARNING - 2023-05-29 07:12:56,427 - [34mangr.project[0m - [34mAddress is already hooked, during hook(0xa100014, <SimProcedure time>). Not re-hooking.[0m[0m
[1;33;40mWARNING - 2023-05-29 07:12:56,427 - [34mangr.project[0m - [34mAddress is already hooked, during hook(0xa100024, <SimProcedure fwrite>). Not re-hooking.[0m[0m
[1;33;40mWARNING - 2023-05-29 07:12:56,428 - [34mangr.project[0m - [34mAddress is already hooked, during hook(0xa100028, <SimProcedure usleep>). Not re-hooking.[0m[0m
[1;33;40mWARNING - 2023-05-29 07:12:56,428 - [34mangr.project[0m - [34mAddress is already hooked, during hook(0xa10002c, <SimProcedure getenv>). Not re-hooking.[0m[0m
[1;33;40mWARNING - 2023-05-29 07:12:56,428 - [34mangr.project[0m - [34mAddress is already hooked, during hook(0xa100030, <SimProcedure malloc>). Not re-hooking.[0m[0m
[1;33;40mWARNING - 2023-05-29 07:12:56,428 - [34mangr.project[0m - [34mAddress is already hooked, during hook(0xa100038, <SimProcedure srand>). Not re-hooking.[0m[0m
[1;33;40mWARNING - 2023-05-29 07:12:56,428 - [34mangr.project[0m - [34mAddress is already hooked, during hook(0xa10003c, <SimProcedure strlen>). Not re-hooking.[0m[0m
[1;33;40mWARNING - 2023-05-29 07:12:56,429 - [34mangr.project[0m - [34mAddress is already hooked, during hook(0xa100040, <SimProcedure __libc_start_main>). Not re-hooking.[0m[0m
[1;33;40mWARNING - 2023-05-29 07:12:56,429 - [34mangr.project[0m - [34mAddress is already hooked, during hook(0xa100044, <SimProcedure fopen>). Not re-hooking.[0m[0m
[1;33;40mWARNING - 2023-05-29 07:12:56,429 - [34mangr.project[0m - [34mAddress is already hooked, during hook(0xa100048, <SimProcedure strncpy>). Not re-hooking.[0m[0m
[1;33;40mWARNING - 2023-05-29 07:12:56,429 - [34mangr.project[0m - [34mAddress is already hooked, during hook(0xa10004c, <SimProcedure rand>). Not re-hooking.[0m[0m
[1;33;40mWARNING - 2023-05-29 07:12:56,429 - [34mangr.project[0m - [34mAddress is already hooked, during hook(0xa100050, <SimProcedure access>). Not re-hooking.[0m[0m
[1;33;40mWARNING - 2023-05-29 07:12:56,430 - [34mangr.project[0m - [34mAddress is already hooked, during hook(0xa100054, <SimProcedure toupper>). Not re-hooking.[0m[0m
[1;33;40mWARNING - 2023-05-29 07:12:56,430 - [34mangr.project[0m - [34mAddress is already hooked, during hook(0xa100058, <SimProcedure socket>). Not re-hooking.[0m[0m
[1;33;40mWARNING - 2023-05-29 07:12:56,431 - [34mangr.project[0m - [34mAddress is already hooked, during hook(0xa100064, <SimProcedure close>). Not re-hooking.[0m[0m
[1;32;40mINFO - 2023-05-29 07:12:56,431 - [36mCustomSimProcedure[0m - [36mcustom_hook_no_symbols[0m[0m
[1;33;40mWARNING - 2023-05-29 07:12:56,555 - [32mangr.storage.memory_mixins.default_filler_mixin[0m - [32mFilling memory at 0xc002032c with 4 unconstrained bytes referenced from 0xa100040 (__libc_start_main+0x0 in extern-address space (0x40))[0m[0m
[1;32;40mINFO - 2023-05-29 07:12:56,606 - [36mCustomSimProcedure[0m - [36mSyscall found:  malloc[<BV32 0x300>][0m[0m
[1;33;40mWARNING - 2023-05-29 07:12:56,638 - [32mangr.storage.memory_mixins.default_filler_mixin[0m - [32mFilling memory at 0xc002033c with 4 unconstrained bytes referenced from 0xa100040 (__libc_start_main+0x0 in extern-address space (0x40))[0m[0m
[1;32;40mINFO - 2023-05-29 07:12:56,689 - [36mCustomSimProcedure[0m - [36mSyscall found:  malloc[<BV32 0x4>][0m[0m
[1;33;40mWARNING - 2023-05-29 07:12:56,741 - [32mangr.storage.memory_mixins.default_filler_mixin[0m - [32mFilling memory at 0xc0020944 with 4 unconstrained bytes referenced from 0xa100040 (__libc_start_main+0x0 in extern-address space (0x40))[0m[0m
[1;32;40mINFO - 2023-05-29 07:12:56,792 - [36mCustomSimProcedure[0m - [36mSyscall found:  malloc[<BV32 0x600>][0m[0m
[1;33;40mWARNING - 2023-05-29 07:12:56,823 - [32mangr.storage.memory_mixins.default_filler_mixin[0m - [32mFilling memory at 0xc0020954 with 4 unconstrained bytes referenced from 0xa100040 (__libc_start_main+0x0 in extern-address space (0x40))[0m[0m
[1;32;40mINFO - 2023-05-29 07:12:56,875 - [36mCustomSimProcedure[0m - [36mSyscall found:  malloc[<BV32 0x4>][0m[0m
[1;33;40mWARNING - 2023-05-29 07:12:56,928 - [32mangr.storage.memory_mixins.default_filler_mixin[0m - [32mFilling memory at 0xc0020f5c with 4 unconstrained bytes referenced from 0xa100040 (__libc_start_main+0x0 in extern-address space (0x40))[0m[0m
[1;32;40mINFO - 2023-05-29 07:12:56,979 - [36mCustomSimProcedure[0m - [36mSyscall found:  malloc[<BV32 0x600>][0m[0m
[1;33;40mWARNING - 2023-05-29 07:12:57,011 - [32mangr.storage.memory_mixins.default_filler_mixin[0m - [32mFilling memory at 0xc0020f6c with 4 unconstrained bytes referenced from 0xa100040 (__libc_start_main+0x0 in extern-address space (0x40))[0m[0m
[1;32;40mINFO - 2023-05-29 07:12:57,064 - [36mCustomSimProcedure[0m - [36mSyscall found:  malloc[<BV32 0x4>][0m[0m
[1;33;40mWARNING - 2023-05-29 07:12:57,116 - [32mangr.storage.memory_mixins.default_filler_mixin[0m - [32mFilling memory at 0xc0020f7c with 4 unconstrained bytes referenced from 0xa100040 (__libc_start_main+0x0 in extern-address space (0x40))[0m[0m
[1;32;40mINFO - 2023-05-29 07:12:57,167 - [36mCustomSimProcedure[0m - [36mSyscall found:  malloc[<BV32 0x4>][0m[0m
[1;32;40mINFO - 2023-05-29 07:12:57,175 - [36mCustomSimProcedure[0m - [36mSyscall found:  __libc_start_main[<BV32 0x90491e0>, <BV32 0x1>, <BV32 0x7ffeffb0>, <BV32 0x904a2a0>, <BV32 0x904a310>][0m[0m
[1;33;40mWARNING - 2023-05-29 07:12:57,191 - [32mangr.storage.memory_mixins.default_filler_mixin[0m - [32mFilling register edi with 4 unconstrained bytes referenced from 0x904a2b0 (__libc_csu_init+0x10 in mutations16_exec (0x904a2b0))[0m[0m
[1;32;40mINFO - 2023-05-29 07:12:57,291 - [36mCustomSimProcedure[0m - [36mSyscall found:  __libc_start_main[151294432, 1, 2147418032, 151298720, 151298832][0m[0m
[1;33;40mWARNING - 2023-05-29 07:12:57,335 - [32mangr.storage.memory_mixins.default_filler_mixin[0m - [32mFilling memory at 0x7ffefefc with 1 unconstrained bytes referenced from 0xa10002c (getenv+0x0 in extern-address space (0x2c))[0m[0m
[1;32;40mINFO - 2023-05-29 07:12:57,336 - [36mCustomSimProcedure[0m - [36mSyscall found:  strlen[<BV32 0x7ffefef1>][0m[0m
[1;33;40mWARNING - 2023-05-29 07:12:57,337 - [32mangr.storage.memory_mixins.default_filler_mixin[0m - [32mFilling memory at 0x1900000000 with 2 unconstrained bytes referenced from 0xa10002c (getenv+0x0 in extern-address space (0x2c))[0m[0m
[1;33;40mWARNING - 2023-05-29 07:12:57,337 - [32mangr.storage.memory_mixins.default_filler_mixin[0m - [32mFilling memory at 0x1900000002 with 1 unconstrained bytes referenced from 0xa10002c (getenv+0x0 in extern-address space (0x2c))[0m[0m
[1;33;40mWARNING - 2023-05-29 07:12:57,338 - [32mangr.storage.memory_mixins.default_filler_mixin[0m - [32mFilling memory at 0x1900000003 with 1 unconstrained bytes referenced from 0xa10002c (getenv+0x0 in extern-address space (0x2c))[0m[0m
[1;33;40mWARNING - 2023-05-29 07:12:57,339 - [32mangr.storage.memory_mixins.default_filler_mixin[0m - [32mFilling memory at 0x1900000004 with 1 unconstrained bytes referenced from 0xa10002c (getenv+0x0 in extern-address space (0x2c))[0m[0m
[1;33;40mWARNING - 2023-05-29 07:12:57,341 - [32mangr.storage.memory_mixins.default_filler_mixin[0m - [32mFilling memory at 0x1900000005 with 1 unconstrained bytes referenced from 0xa10002c (getenv+0x0 in extern-address space (0x2c))[0m[0m
[1;33;40mWARNING - 2023-05-29 07:12:57,342 - [32mangr.storage.memory_mixins.default_filler_mixin[0m - [32mFilling memory at 0x1900000006 with 1 unconstrained bytes referenced from 0xa10002c (getenv+0x0 in extern-address space (0x2c))[0m[0m
[1;33;40mWARNING - 2023-05-29 07:12:57,343 - [32mangr.storage.memory_mixins.default_filler_mixin[0m - [32mFilling memory at 0x1900000007 with 1 unconstrained bytes referenced from 0xa10002c (getenv+0x0 in extern-address space (0x2c))[0m[0m
[1;33;40mWARNING - 2023-05-29 07:12:57,345 - [32mangr.storage.memory_mixins.default_filler_mixin[0m - [32mFilling memory at 0x1900000008 with 1 unconstrained bytes referenced from 0xa10002c (getenv+0x0 in extern-address space (0x2c))[0m[0m
[1;33;40mWARNING - 2023-05-29 07:12:57,346 - [32mangr.storage.memory_mixins.default_filler_mixin[0m - [32mFilling memory at 0x1900000009 with 1 unconstrained bytes referenced from 0xa10002c (getenv+0x0 in extern-address space (0x2c))[0m[0m
[1;33;40mWARNING - 2023-05-29 07:12:57,347 - [32mangr.storage.memory_mixins.default_filler_mixin[0m - [32mFilling memory at 0x190000000a with 1 unconstrained bytes referenced from 0xa10002c (getenv+0x0 in extern-address space (0x2c))[0m[0m
[1;33;40mWARNING - 2023-05-29 07:12:57,348 - [32mangr.storage.memory_mixins.default_filler_mixin[0m - [32mFilling memory at 0x190000000b with 1 unconstrained bytes referenced from 0xa10002c (getenv+0x0 in extern-address space (0x2c))[0m[0m
[1;33;40mWARNING - 2023-05-29 07:12:57,349 - [32mangr.storage.memory_mixins.default_filler_mixin[0m - [32mFilling memory at 0x190000000c with 1 unconstrained bytes referenced from 0xa10002c (getenv+0x0 in extern-address space (0x2c))[0m[0m
[1;33;40mWARNING - 2023-05-29 07:12:57,350 - [32mangr.storage.memory_mixins.default_filler_mixin[0m - [32mFilling memory at 0x190000000d with 1 unconstrained bytes referenced from 0xa10002c (getenv+0x0 in extern-address space (0x2c))[0m[0m
[1;33;40mWARNING - 2023-05-29 07:12:57,352 - [32mangr.storage.memory_mixins.default_filler_mixin[0m - [32mFilling memory at 0x190000000e with 1 unconstrained bytes referenced from 0xa10002c (getenv+0x0 in extern-address space (0x2c))[0m[0m
[1;33;40mWARNING - 2023-05-29 07:12:57,355 - [32mangr.storage.memory_mixins.default_filler_mixin[0m - [32mFilling memory at 0x190000000f with 1 unconstrained bytes referenced from 0xa10002c (getenv+0x0 in extern-address space (0x2c))[0m[0m
[1;33;40mWARNING - 2023-05-29 07:12:57,356 - [32mangr.storage.memory_mixins.default_filler_mixin[0m - [32mFilling memory at 0x1900000010 with 1 unconstrained bytes referenced from 0xa10002c (getenv+0x0 in extern-address space (0x2c))[0m[0m
[1;33;40mWARNING - 2023-05-29 07:12:57,358 - [32mangr.storage.memory_mixins.default_filler_mixin[0m - [32mFilling memory at 0x1900000011 with 1 unconstrained bytes referenced from 0xa10002c (getenv+0x0 in extern-address space (0x2c))[0m[0m
[1;33;40mWARNING - 2023-05-29 07:12:57,359 - [32mangr.storage.memory_mixins.default_filler_mixin[0m - [32mFilling memory at 0x1900000012 with 1 unconstrained bytes referenced from 0xa10002c (getenv+0x0 in extern-address space (0x2c))[0m[0m
[1;33;40mWARNING - 2023-05-29 07:12:57,360 - [32mangr.storage.memory_mixins.default_filler_mixin[0m - [32mFilling memory at 0x1900000013 with 1 unconstrained bytes referenced from 0xa10002c (getenv+0x0 in extern-address space (0x2c))[0m[0m
[1;33;40mWARNING - 2023-05-29 07:12:57,364 - [32mangr.storage.memory_mixins.default_filler_mixin[0m - [32mFilling memory at 0x1900000014 with 1 unconstrained bytes referenced from 0xa10002c (getenv+0x0 in extern-address space (0x2c))[0m[0m
[1;33;40mWARNING - 2023-05-29 07:12:57,370 - [32mangr.storage.memory_mixins.default_filler_mixin[0m - [32mFilling memory at 0x1900000015 with 1 unconstrained bytes referenced from 0xa10002c (getenv+0x0 in extern-address space (0x2c))[0m[0m
[1;33;40mWARNING - 2023-05-29 07:12:57,371 - [32mangr.storage.memory_mixins.default_filler_mixin[0m - [32mFilling memory at 0x1900000016 with 1 unconstrained bytes referenced from 0xa10002c (getenv+0x0 in extern-address space (0x2c))[0m[0m
[1;33;40mWARNING - 2023-05-29 07:12:57,372 - [32mangr.storage.memory_mixins.default_filler_mixin[0m - [32mFilling memory at 0x1900000017 with 1 unconstrained bytes referenced from 0xa10002c (getenv+0x0 in extern-address space (0x2c))[0m[0m
[1;33;40mWARNING - 2023-05-29 07:12:57,373 - [32mangr.storage.memory_mixins.default_filler_mixin[0m - [32mFilling memory at 0x1900000018 with 1 unconstrained bytes referenced from 0xa10002c (getenv+0x0 in extern-address space (0x2c))[0m[0m
[1;33;40mWARNING - 2023-05-29 07:12:57,375 - [32mangr.storage.memory_mixins.default_filler_mixin[0m - [32mFilling memory at 0x1900000019 with 1 unconstrained bytes referenced from 0xa10002c (getenv+0x0 in extern-address space (0x2c))[0m[0m
[1;33;40mWARNING - 2023-05-29 07:12:57,377 - [32mangr.storage.memory_mixins.default_filler_mixin[0m - [32mFilling memory at 0x190000001a with 1 unconstrained bytes referenced from 0xa10002c (getenv+0x0 in extern-address space (0x2c))[0m[0m
[1;33;40mWARNING - 2023-05-29 07:12:57,378 - [32mangr.storage.memory_mixins.default_filler_mixin[0m - [32mFilling memory at 0x190000001b with 1 unconstrained bytes referenced from 0xa10002c (getenv+0x0 in extern-address space (0x2c))[0m[0m
[1;33;40mWARNING - 2023-05-29 07:12:57,380 - [32mangr.storage.memory_mixins.default_filler_mixin[0m - [32mFilling memory at 0x190000001c with 1 unconstrained bytes referenced from 0xa10002c (getenv+0x0 in extern-address space (0x2c))[0m[0m
[1;33;40mWARNING - 2023-05-29 07:12:57,382 - [32mangr.storage.memory_mixins.default_filler_mixin[0m - [32mFilling memory at 0x190000001d with 1 unconstrained bytes referenced from 0xa10002c (getenv+0x0 in extern-address space (0x2c))[0m[0m
[1;33;40mWARNING - 2023-05-29 07:12:57,383 - [32mangr.storage.memory_mixins.default_filler_mixin[0m - [32mFilling memory at 0x190000001e with 1 unconstrained bytes referenced from 0xa10002c (getenv+0x0 in extern-address space (0x2c))[0m[0m
[1;33;40mWARNING - 2023-05-29 07:12:57,384 - [32mangr.storage.memory_mixins.default_filler_mixin[0m - [32mFilling memory at 0x190000001f with 1 unconstrained bytes referenced from 0xa10002c (getenv+0x0 in extern-address space (0x2c))[0m[0m
[1;33;40mWARNING - 2023-05-29 07:12:57,385 - [32mangr.storage.memory_mixins.default_filler_mixin[0m - [32mFilling memory at 0x1900000020 with 1 unconstrained bytes referenced from 0xa10002c (getenv+0x0 in extern-address space (0x2c))[0m[0m
[1;33;40mWARNING - 2023-05-29 07:12:57,387 - [32mangr.storage.memory_mixins.default_filler_mixin[0m - [32mFilling memory at 0x1900000021 with 1 unconstrained bytes referenced from 0xa10002c (getenv+0x0 in extern-address space (0x2c))[0m[0m
[1;33;40mWARNING - 2023-05-29 07:12:57,388 - [32mangr.storage.memory_mixins.default_filler_mixin[0m - [32mFilling memory at 0x1900000022 with 1 unconstrained bytes referenced from 0xa10002c (getenv+0x0 in extern-address space (0x2c))[0m[0m
[1;33;40mWARNING - 2023-05-29 07:12:57,391 - [32mangr.storage.memory_mixins.default_filler_mixin[0m - [32mFilling memory at 0x1900000023 with 1 unconstrained bytes referenced from 0xa10002c (getenv+0x0 in extern-address space (0x2c))[0m[0m
[1;33;40mWARNING - 2023-05-29 07:12:57,392 - [32mangr.storage.memory_mixins.default_filler_mixin[0m - [32mFilling memory at 0x1900000024 with 1 unconstrained bytes referenced from 0xa10002c (getenv+0x0 in extern-address space (0x2c))[0m[0m
[1;33;40mWARNING - 2023-05-29 07:12:57,393 - [32mangr.storage.memory_mixins.default_filler_mixin[0m - [32mFilling memory at 0x1900000025 with 1 unconstrained bytes referenced from 0xa10002c (getenv+0x0 in extern-address space (0x2c))[0m[0m
[1;33;40mWARNING - 2023-05-29 07:12:57,394 - [32mangr.storage.memory_mixins.default_filler_mixin[0m - [32mFilling memory at 0x1900000026 with 1 unconstrained bytes referenced from 0xa10002c (getenv+0x0 in extern-address space (0x2c))[0m[0m
[1;33;40mWARNING - 2023-05-29 07:12:57,395 - [32mangr.storage.memory_mixins.default_filler_mixin[0m - [32mFilling memory at 0x1900000027 with 1 unconstrained bytes referenced from 0xa10002c (getenv+0x0 in extern-address space (0x2c))[0m[0m
[1;33;40mWARNING - 2023-05-29 07:12:57,396 - [32mangr.storage.memory_mixins.default_filler_mixin[0m - [32mFilling memory at 0x1900000028 with 1 unconstrained bytes referenced from 0xa10002c (getenv+0x0 in extern-address space (0x2c))[0m[0m
[1;33;40mWARNING - 2023-05-29 07:12:57,397 - [32mangr.storage.memory_mixins.default_filler_mixin[0m - [32mFilling memory at 0x1900000029 with 1 unconstrained bytes referenced from 0xa10002c (getenv+0x0 in extern-address space (0x2c))[0m[0m
[1;33;40mWARNING - 2023-05-29 07:12:57,399 - [32mangr.storage.memory_mixins.default_filler_mixin[0m - [32mFilling memory at 0x190000002a with 1 unconstrained bytes referenced from 0xa10002c (getenv+0x0 in extern-address space (0x2c))[0m[0m
[1;33;40mWARNING - 2023-05-29 07:12:57,400 - [32mangr.storage.memory_mixins.default_filler_mixin[0m - [32mFilling memory at 0x190000002b with 1 unconstrained bytes referenced from 0xa10002c (getenv+0x0 in extern-address space (0x2c))[0m[0m
[1;33;40mWARNING - 2023-05-29 07:12:57,403 - [32mangr.storage.memory_mixins.default_filler_mixin[0m - [32mFilling memory at 0x190000002c with 1 unconstrained bytes referenced from 0xa10002c (getenv+0x0 in extern-address space (0x2c))[0m[0m
[1;33;40mWARNING - 2023-05-29 07:12:57,404 - [32mangr.storage.memory_mixins.default_filler_mixin[0m - [32mFilling memory at 0x190000002d with 1 unconstrained bytes referenced from 0xa10002c (getenv+0x0 in extern-address space (0x2c))[0m[0m
[1;33;40mWARNING - 2023-05-29 07:12:57,404 - [32mangr.storage.memory_mixins.default_filler_mixin[0m - [32mFilling memory at 0x190000002e with 1 unconstrained bytes referenced from 0xa10002c (getenv+0x0 in extern-address space (0x2c))[0m[0m
[1;33;40mWARNING - 2023-05-29 07:12:57,405 - [32mangr.storage.memory_mixins.default_filler_mixin[0m - [32mFilling memory at 0x190000002f with 1 unconstrained bytes referenced from 0xa10002c (getenv+0x0 in extern-address space (0x2c))[0m[0m
[1;33;40mWARNING - 2023-05-29 07:12:57,406 - [32mangr.storage.memory_mixins.default_filler_mixin[0m - [32mFilling memory at 0x1900000030 with 1 unconstrained bytes referenced from 0xa10002c (getenv+0x0 in extern-address space (0x2c))[0m[0m
[1;33;40mWARNING - 2023-05-29 07:12:57,409 - [32mangr.storage.memory_mixins.default_filler_mixin[0m - [32mFilling memory at 0x1900000031 with 1 unconstrained bytes referenced from 0xa10002c (getenv+0x0 in extern-address space (0x2c))[0m[0m
[1;33;40mWARNING - 2023-05-29 07:12:57,410 - [32mangr.storage.memory_mixins.default_filler_mixin[0m - [32mFilling memory at 0x1900000032 with 1 unconstrained bytes referenced from 0xa10002c (getenv+0x0 in extern-address space (0x2c))[0m[0m
[1;33;40mWARNING - 2023-05-29 07:12:57,411 - [32mangr.storage.memory_mixins.default_filler_mixin[0m - [32mFilling memory at 0x1900000033 with 1 unconstrained bytes referenced from 0xa10002c (getenv+0x0 in extern-address space (0x2c))[0m[0m
[1;33;40mWARNING - 2023-05-29 07:12:57,413 - [32mangr.storage.memory_mixins.default_filler_mixin[0m - [32mFilling memory at 0x1900000034 with 1 unconstrained bytes referenced from 0xa10002c (getenv+0x0 in extern-address space (0x2c))[0m[0m
[1;33;40mWARNING - 2023-05-29 07:12:57,415 - [32mangr.storage.memory_mixins.default_filler_mixin[0m - [32mFilling memory at 0x1900000035 with 1 unconstrained bytes referenced from 0xa10002c (getenv+0x0 in extern-address space (0x2c))[0m[0m
[1;33;40mWARNING - 2023-05-29 07:12:57,416 - [32mangr.storage.memory_mixins.default_filler_mixin[0m - [32mFilling memory at 0x1900000036 with 1 unconstrained bytes referenced from 0xa10002c (getenv+0x0 in extern-address space (0x2c))[0m[0m
[1;33;40mWARNING - 2023-05-29 07:12:57,417 - [32mangr.storage.memory_mixins.default_filler_mixin[0m - [32mFilling memory at 0x1900000037 with 1 unconstrained bytes referenced from 0xa10002c (getenv+0x0 in extern-address space (0x2c))[0m[0m
[1;33;40mWARNING - 2023-05-29 07:12:57,418 - [32mangr.storage.memory_mixins.default_filler_mixin[0m - [32mFilling memory at 0x1900000038 with 1 unconstrained bytes referenced from 0xa10002c (getenv+0x0 in extern-address space (0x2c))[0m[0m
[1;33;40mWARNING - 2023-05-29 07:12:57,419 - [32mangr.storage.memory_mixins.default_filler_mixin[0m - [32mFilling memory at 0x1900000039 with 1 unconstrained bytes referenced from 0xa10002c (getenv+0x0 in extern-address space (0x2c))[0m[0m
[1;33;40mWARNING - 2023-05-29 07:12:57,421 - [32mangr.storage.memory_mixins.default_filler_mixin[0m - [32mFilling memory at 0x190000003a with 1 unconstrained bytes referenced from 0xa10002c (getenv+0x0 in extern-address space (0x2c))[0m[0m
[1;33;40mWARNING - 2023-05-29 07:12:57,423 - [32mangr.storage.memory_mixins.default_filler_mixin[0m - [32mFilling memory at 0x190000003b with 1 unconstrained bytes referenced from 0xa10002c (getenv+0x0 in extern-address space (0x2c))[0m[0m
[1;33;40mWARNING - 2023-05-29 07:12:57,424 - [32mangr.storage.memory_mixins.default_filler_mixin[0m - [32mFilling memory at 0x190000003c with 1 unconstrained bytes referenced from 0xa10002c (getenv+0x0 in extern-address space (0x2c))[0m[0m
[1;33;40mWARNING - 2023-05-29 07:12:57,425 - [32mangr.storage.memory_mixins.default_filler_mixin[0m - [32mFilling memory at 0x190000003d with 1 unconstrained bytes referenced from 0xa10002c (getenv+0x0 in extern-address space (0x2c))[0m[0m
[1;32;40mINFO - 2023-05-29 07:12:57,427 - [32mSemaExplorerCDFS[0m - [32mEnd of the trace number 0 with errors[0m[0m
[1;32;40mINFO - 2023-05-29 07:12:57,427 - [32mSemaExplorerCDFS[0m - <SimState @ 0xa10002c>[0m
[1;32;40mINFO - 2023-05-29 07:12:57,428 - [32mSemaExplorerCDFS[0m - args' length must all be equal[0m
[1;32;40mINFO - 2023-05-29 07:12:57,428 - [32mSemaExplorerCDFS[0m - [32mlen(simgr.active) <= 0 or deadended >= self.max_end_state)[0m[0m
[1;32;40mINFO - 2023-05-29 07:12:57,444 - [37mGraphBuilder[0m - [37mOutput dir :src/output/runs/132//random_mutations[0m[0m
