[1;33;40mWARNING - 2023-05-29 07:19:23,674 - [34mangr.project[0m - [34mDisabling IRSB translation cache because support for self-modifying code is enabled.[0m[0m
[1;33;40mWARNING - 2023-05-29 07:19:26,968 - [32mangr.storage.memory_mixins.default_filler_mixin[0m - [32mFilling memory at 0xc000800c with 4 unconstrained bytes referenced from 0x908eca0 (_start+0x0 in mutations1_exec (0x908eca0))[0m[0m
[1;33;40mWARNING - 2023-05-29 07:19:31,036 - [32mangr.storage.memory_mixins.default_filler_mixin[0m - [32mFilling memory at 0xc0010014 with 4 unconstrained bytes referenced from 0x908eca0 (_start+0x0 in mutations1_exec (0x908eca0))[0m[0m
[1;32;40mINFO - 2023-05-29 07:19:31,703 - [33mwerkzeug[0m - [33m172.17.0.1 - - [29/May/2023 07:19:31] "GET /iteration-scdg HTTP/1.1" 200 -[0m[0m
[1;32;40mINFO - 2023-05-29 07:19:31,714 - [33mwerkzeug[0m - [33m172.17.0.1 - - [29/May/2023 07:19:31] "GET /progress-scdg HTTP/1.1" 200 -[0m[0m
[1;33;40mWARNING - 2023-05-29 07:19:34,476 - [32mangr.storage.memory_mixins.default_filler_mixin[0m - [32mFilling memory at 0xc001801c with 4 unconstrained bytes referenced from 0x908eca0 (_start+0x0 in mutations1_exec (0x908eca0))[0m[0m
[1;33;40mWARNING - 2023-05-29 07:19:37,728 - [32mangr.storage.memory_mixins.default_filler_mixin[0m - [32mFilling memory at 0xc0020024 with 4 unconstrained bytes referenced from 0x908eca0 (_start+0x0 in mutations1_exec (0x908eca0))[0m[0m
[1;33;40mWARNING - 2023-05-29 07:19:41,027 - [32mangr.storage.memory_mixins.default_filler_mixin[0m - [32mFilling memory at 0x30 with 4 unconstrained bytes referenced from 0x908eca0 (_start+0x0 in mutations1_exec (0x908eca0))[0m[0m
[1;32;40mINFO - 2023-05-29 07:19:41,143 - [36mCustomSimProcedure[0m - [36mcustom_hook_static[0m[0m
[1;33;40mWARNING - 2023-05-29 07:19:41,143 - [34mangr.project[0m - [34mAddress is already hooked, during hook(0x0, <SimProcedure strcmp>). Not re-hooking.[0m[0m
[1;33;40mWARNING - 2023-05-29 07:19:41,144 - [34mangr.project[0m - [34mAddress is already hooked, during hook(0x0, <SimProcedure free>). Not re-hooking.[0m[0m
[1;33;40mWARNING - 2023-05-29 07:19:41,144 - [34mangr.project[0m - [34mAddress is already hooked, during hook(0x0, <SimProcedure memcpy>). Not re-hooking.[0m[0m
[1;33;40mWARNING - 2023-05-29 07:19:41,144 - [34mangr.project[0m - [34mAddress is already hooked, during hook(0x0, <SimProcedure fgets>). Not re-hooking.[0m[0m
[1;33;40mWARNING - 2023-05-29 07:19:41,144 - [34mangr.project[0m - [34mAddress is already hooked, during hook(0x0, <SimProcedure tolower>). Not re-hooking.[0m[0m
[1;33;40mWARNING - 2023-05-29 07:19:41,144 - [34mangr.project[0m - [34mAddress is already hooked, during hook(0x0, <SimProcedure fclose>). Not re-hooking.[0m[0m
[1;33;40mWARNING - 2023-05-29 07:19:41,145 - [34mangr.project[0m - [34mAddress is already hooked, during hook(0x0, <SimProcedure time>). Not re-hooking.[0m[0m
[1;33;40mWARNING - 2023-05-29 07:19:41,145 - [34mangr.project[0m - [34mAddress is already hooked, during hook(0x0, <SimProcedure perror>). Not re-hooking.[0m[0m
[1;33;40mWARNING - 2023-05-29 07:19:41,145 - [34mangr.project[0m - [34mAddress is already hooked, during hook(0x0, <SimProcedure fwrite>). Not re-hooking.[0m[0m
[1;33;40mWARNING - 2023-05-29 07:19:41,145 - [34mangr.project[0m - [34mAddress is already hooked, during hook(0x0, <SimProcedure usleep>). Not re-hooking.[0m[0m
[1;33;40mWARNING - 2023-05-29 07:19:41,145 - [34mangr.project[0m - [34mAddress is already hooked, during hook(0x0, <SimProcedure strcat>). Not re-hooking.[0m[0m
[1;33;40mWARNING - 2023-05-29 07:19:41,146 - [34mangr.project[0m - [34mAddress is already hooked, during hook(0x0, <SimProcedure strcpy>). Not re-hooking.[0m[0m
[1;33;40mWARNING - 2023-05-29 07:19:41,146 - [34mangr.project[0m - [34mAddress is already hooked, during hook(0x0, <SimProcedure getenv>). Not re-hooking.[0m[0m
[1;33;40mWARNING - 2023-05-29 07:19:41,146 - [34mangr.project[0m - [34mAddress is already hooked, during hook(0x0, <SimProcedure realloc>). Not re-hooking.[0m[0m
[1;33;40mWARNING - 2023-05-29 07:19:41,146 - [34mangr.project[0m - [34mAddress is already hooked, during hook(0x0, <SimProcedure malloc>). Not re-hooking.[0m[0m
[1;33;40mWARNING - 2023-05-29 07:19:41,146 - [34mangr.project[0m - [34mAddress is already hooked, during hook(0x0, <SimProcedure puts>). Not re-hooking.[0m[0m
[1;33;40mWARNING - 2023-05-29 07:19:41,147 - [34mangr.project[0m - [34mAddress is already hooked, during hook(0x0, <SimProcedure srand>). Not re-hooking.[0m[0m
[1;33;40mWARNING - 2023-05-29 07:19:41,147 - [34mangr.project[0m - [34mAddress is already hooked, during hook(0x0, <SimProcedure strchr>). Not re-hooking.[0m[0m
[1;33;40mWARNING - 2023-05-29 07:19:41,147 - [34mangr.project[0m - [34mAddress is already hooked, during hook(0x0, <SimProcedure strlen>). Not re-hooking.[0m[0m
[1;33;40mWARNING - 2023-05-29 07:19:41,147 - [34mangr.project[0m - [34mAddress is already hooked, during hook(0x0, <SimProcedure __libc_start_main>). Not re-hooking.[0m[0m
[1;33;40mWARNING - 2023-05-29 07:19:41,148 - [34mangr.project[0m - [34mAddress is already hooked, during hook(0x0, <SimProcedure atol>). Not re-hooking.[0m[0m
[1;33;40mWARNING - 2023-05-29 07:19:41,148 - [34mangr.project[0m - [34mAddress is already hooked, during hook(0x0, <SimProcedure fopen>). Not re-hooking.[0m[0m
[1;33;40mWARNING - 2023-05-29 07:19:41,148 - [34mangr.project[0m - [34mAddress is already hooked, during hook(0x0, <SimProcedure memset>). Not re-hooking.[0m[0m
[1;33;40mWARNING - 2023-05-29 07:19:41,148 - [34mangr.project[0m - [34mAddress is already hooked, during hook(0x0, <SimProcedure putchar>). Not re-hooking.[0m[0m
[1;33;40mWARNING - 2023-05-29 07:19:41,149 - [34mangr.project[0m - [34mAddress is already hooked, during hook(0x0, <SimProcedure __errno_location>). Not re-hooking.[0m[0m
[1;33;40mWARNING - 2023-05-29 07:19:41,149 - [34mangr.project[0m - [34mAddress is already hooked, during hook(0x0, <SimProcedure strncpy>). Not re-hooking.[0m[0m
[1;33;40mWARNING - 2023-05-29 07:19:41,149 - [34mangr.project[0m - [34mAddress is already hooked, during hook(0x0, <SimProcedure rand>). Not re-hooking.[0m[0m
[1;33;40mWARNING - 2023-05-29 07:19:41,149 - [34mangr.project[0m - [34mAddress is already hooked, during hook(0x0, <SimProcedure access>). Not re-hooking.[0m[0m
[1;33;40mWARNING - 2023-05-29 07:19:41,150 - [34mangr.project[0m - [34mAddress is already hooked, during hook(0x0, <SimProcedure htonl>). Not re-hooking.[0m[0m
[1;33;40mWARNING - 2023-05-29 07:19:41,150 - [34mangr.project[0m - [34mAddress is already hooked, during hook(0x0, <SimProcedure toupper>). Not re-hooking.[0m[0m
[1;33;40mWARNING - 2023-05-29 07:19:41,150 - [34mangr.project[0m - [34mAddress is already hooked, during hook(0x0, <SimProcedure atoi>). Not re-hooking.[0m[0m
[1;33;40mWARNING - 2023-05-29 07:19:41,150 - [34mangr.project[0m - [34mAddress is already hooked, during hook(0x0, <SimProcedure socket>). Not re-hooking.[0m[0m
[1;33;40mWARNING - 2023-05-29 07:19:41,151 - [34mangr.project[0m - [34mAddress is already hooked, during hook(0x0, <SimProcedure close>). Not re-hooking.[0m[0m
[1;33;40mWARNING - 2023-05-29 07:19:41,151 - [34mangr.project[0m - [34mAddress is already hooked, during hook(0x0, <SimProcedure __ctype_b_loc>). Not re-hooking.[0m[0m
[1;33;40mWARNING - 2023-05-29 07:19:41,151 - [34mangr.project[0m - [34mAddress is already hooked, during hook(0x0, <SimProcedure calloc>). Not re-hooking.[0m[0m
[1;33;40mWARNING - 2023-05-29 07:19:41,151 - [34mangr.project[0m - [34mAddress is already hooked, during hook(0x0, <SimProcedure strstr>). Not re-hooking.[0m[0m
[1;33;40mWARNING - 2023-05-29 07:19:41,151 - [34mangr.project[0m - [34mAddress is already hooked, during hook(0x0, <SimProcedure strcmp>). Not re-hooking.[0m[0m
[1;33;40mWARNING - 2023-05-29 07:19:41,152 - [34mangr.project[0m - [34mAddress is already hooked, during hook(0x0, <SimProcedure free>). Not re-hooking.[0m[0m
[1;33;40mWARNING - 2023-05-29 07:19:41,152 - [34mangr.project[0m - [34mAddress is already hooked, during hook(0x0, <SimProcedure memcpy>). Not re-hooking.[0m[0m
[1;33;40mWARNING - 2023-05-29 07:19:41,152 - [34mangr.project[0m - [34mAddress is already hooked, during hook(0x0, <SimProcedure fgets>). Not re-hooking.[0m[0m
[1;33;40mWARNING - 2023-05-29 07:19:41,152 - [34mangr.project[0m - [34mAddress is already hooked, during hook(0x0, <SimProcedure tolower>). Not re-hooking.[0m[0m
[1;33;40mWARNING - 2023-05-29 07:19:41,152 - [34mangr.project[0m - [34mAddress is already hooked, during hook(0x0, <SimProcedure fclose>). Not re-hooking.[0m[0m
[1;33;40mWARNING - 2023-05-29 07:19:41,153 - [34mangr.project[0m - [34mAddress is already hooked, during hook(0x0, <SimProcedure time>). Not re-hooking.[0m[0m
[1;33;40mWARNING - 2023-05-29 07:19:41,153 - [34mangr.project[0m - [34mAddress is already hooked, during hook(0x0, <SimProcedure perror>). Not re-hooking.[0m[0m
[1;33;40mWARNING - 2023-05-29 07:19:41,153 - [34mangr.project[0m - [34mAddress is already hooked, during hook(0x0, <SimProcedure fwrite>). Not re-hooking.[0m[0m
[1;33;40mWARNING - 2023-05-29 07:19:41,153 - [34mangr.project[0m - [34mAddress is already hooked, during hook(0x0, <SimProcedure usleep>). Not re-hooking.[0m[0m
[1;33;40mWARNING - 2023-05-29 07:19:41,153 - [34mangr.project[0m - [34mAddress is already hooked, during hook(0x0, <SimProcedure strcat>). Not re-hooking.[0m[0m
[1;33;40mWARNING - 2023-05-29 07:19:41,154 - [34mangr.project[0m - [34mAddress is already hooked, during hook(0x0, <SimProcedure strcpy>). Not re-hooking.[0m[0m
[1;33;40mWARNING - 2023-05-29 07:19:41,154 - [34mangr.project[0m - [34mAddress is already hooked, during hook(0x0, <SimProcedure getenv>). Not re-hooking.[0m[0m
[1;33;40mWARNING - 2023-05-29 07:19:41,154 - [34mangr.project[0m - [34mAddress is already hooked, during hook(0x0, <SimProcedure realloc>). Not re-hooking.[0m[0m
[1;33;40mWARNING - 2023-05-29 07:19:41,154 - [34mangr.project[0m - [34mAddress is already hooked, during hook(0x0, <SimProcedure malloc>). Not re-hooking.[0m[0m
[1;33;40mWARNING - 2023-05-29 07:19:41,155 - [34mangr.project[0m - [34mAddress is already hooked, during hook(0x0, <SimProcedure puts>). Not re-hooking.[0m[0m
[1;33;40mWARNING - 2023-05-29 07:19:41,155 - [34mangr.project[0m - [34mAddress is already hooked, during hook(0x0, <SimProcedure srand>). Not re-hooking.[0m[0m
[1;33;40mWARNING - 2023-05-29 07:19:41,155 - [34mangr.project[0m - [34mAddress is already hooked, during hook(0x0, <SimProcedure strchr>). Not re-hooking.[0m[0m
[1;33;40mWARNING - 2023-05-29 07:19:41,156 - [34mangr.project[0m - [34mAddress is already hooked, during hook(0x0, <SimProcedure strlen>). Not re-hooking.[0m[0m
[1;33;40mWARNING - 2023-05-29 07:19:41,156 - [34mangr.project[0m - [34mAddress is already hooked, during hook(0x0, <SimProcedure __libc_start_main>). Not re-hooking.[0m[0m
[1;33;40mWARNING - 2023-05-29 07:19:41,156 - [34mangr.project[0m - [34mAddress is already hooked, during hook(0x0, <SimProcedure atol>). Not re-hooking.[0m[0m
[1;33;40mWARNING - 2023-05-29 07:19:41,157 - [34mangr.project[0m - [34mAddress is already hooked, during hook(0x0, <SimProcedure fopen>). Not re-hooking.[0m[0m
[1;33;40mWARNING - 2023-05-29 07:19:41,157 - [34mangr.project[0m - [34mAddress is already hooked, during hook(0x0, <SimProcedure memset>). Not re-hooking.[0m[0m
[1;33;40mWARNING - 2023-05-29 07:19:41,157 - [34mangr.project[0m - [34mAddress is already hooked, during hook(0x0, <SimProcedure putchar>). Not re-hooking.[0m[0m
[1;33;40mWARNING - 2023-05-29 07:19:41,157 - [34mangr.project[0m - [34mAddress is already hooked, during hook(0x0, <SimProcedure __errno_location>). Not re-hooking.[0m[0m
[1;33;40mWARNING - 2023-05-29 07:19:41,158 - [34mangr.project[0m - [34mAddress is already hooked, during hook(0x0, <SimProcedure strncpy>). Not re-hooking.[0m[0m
[1;33;40mWARNING - 2023-05-29 07:19:41,158 - [34mangr.project[0m - [34mAddress is already hooked, during hook(0x0, <SimProcedure rand>). Not re-hooking.[0m[0m
[1;33;40mWARNING - 2023-05-29 07:19:41,158 - [34mangr.project[0m - [34mAddress is already hooked, during hook(0x0, <SimProcedure access>). Not re-hooking.[0m[0m
[1;33;40mWARNING - 2023-05-29 07:19:41,158 - [34mangr.project[0m - [34mAddress is already hooked, during hook(0x0, <SimProcedure htonl>). Not re-hooking.[0m[0m
[1;33;40mWARNING - 2023-05-29 07:19:41,159 - [34mangr.project[0m - [34mAddress is already hooked, during hook(0x0, <SimProcedure toupper>). Not re-hooking.[0m[0m
[1;33;40mWARNING - 2023-05-29 07:19:41,159 - [34mangr.project[0m - [34mAddress is already hooked, during hook(0x0, <SimProcedure atoi>). Not re-hooking.[0m[0m
[1;33;40mWARNING - 2023-05-29 07:19:41,159 - [34mangr.project[0m - [34mAddress is already hooked, during hook(0x0, <SimProcedure socket>). Not re-hooking.[0m[0m
[1;33;40mWARNING - 2023-05-29 07:19:41,159 - [34mangr.project[0m - [34mAddress is already hooked, during hook(0x0, <SimProcedure close>). Not re-hooking.[0m[0m
[1;33;40mWARNING - 2023-05-29 07:19:41,160 - [34mangr.project[0m - [34mAddress is already hooked, during hook(0x0, <SimProcedure __ctype_b_loc>). Not re-hooking.[0m[0m
[1;33;40mWARNING - 2023-05-29 07:19:41,160 - [34mangr.project[0m - [34mAddress is already hooked, during hook(0x0, <SimProcedure calloc>). Not re-hooking.[0m[0m
[1;33;40mWARNING - 2023-05-29 07:19:41,161 - [34mangr.project[0m - [34mAddress is already hooked, during hook(0x9049060, <SimProcedure printf>). Not re-hooking.[0m[0m
[1;33;40mWARNING - 2023-05-29 07:19:41,161 - [34mangr.project[0m - [34mAddress is already hooked, during hook(0x9049220, <SimProcedure fprintf>). Not re-hooking.[0m[0m
[1;33;40mWARNING - 2023-05-29 07:19:41,163 - [34mangr.project[0m - [34mAddress is already hooked, during hook(0xa700000, <SimProcedure strstr>). Not re-hooking.[0m[0m
[1;33;40mWARNING - 2023-05-29 07:19:41,164 - [34mangr.project[0m - [34mAddress is already hooked, during hook(0xa700004, <SimProcedure strcmp>). Not re-hooking.[0m[0m
[1;33;40mWARNING - 2023-05-29 07:19:41,164 - [34mangr.project[0m - [34mAddress is already hooked, during hook(0xa700008, <SimProcedure printf>). Not re-hooking.[0m[0m
[1;33;40mWARNING - 2023-05-29 07:19:41,164 - [34mangr.project[0m - [34mAddress is already hooked, during hook(0xa700014, <SimProcedure free>). Not re-hooking.[0m[0m
[1;33;40mWARNING - 2023-05-29 07:19:41,164 - [34mangr.project[0m - [34mAddress is already hooked, during hook(0xa700018, <SimProcedure memcpy>). Not re-hooking.[0m[0m
[1;33;40mWARNING - 2023-05-29 07:19:41,164 - [34mangr.project[0m - [34mAddress is already hooked, during hook(0xa700020, <SimProcedure fgets>). Not re-hooking.[0m[0m
[1;33;40mWARNING - 2023-05-29 07:19:41,165 - [34mangr.project[0m - [34mAddress is already hooked, during hook(0xa700024, <SimProcedure tolower>). Not re-hooking.[0m[0m
[1;33;40mWARNING - 2023-05-29 07:19:41,165 - [34mangr.project[0m - [34mAddress is already hooked, during hook(0xa700028, <SimProcedure fclose>). Not re-hooking.[0m[0m
[1;33;40mWARNING - 2023-05-29 07:19:41,165 - [34mangr.project[0m - [34mAddress is already hooked, during hook(0xa70002c, <SimProcedure time>). Not re-hooking.[0m[0m
[1;33;40mWARNING - 2023-05-29 07:19:41,165 - [34mangr.project[0m - [34mAddress is already hooked, during hook(0xa70003c, <SimProcedure perror>). Not re-hooking.[0m[0m
[1;33;40mWARNING - 2023-05-29 07:19:41,165 - [34mangr.project[0m - [34mAddress is already hooked, during hook(0xa700040, <SimProcedure fwrite>). Not re-hooking.[0m[0m
[1;33;40mWARNING - 2023-05-29 07:19:41,166 - [34mangr.project[0m - [34mAddress is already hooked, during hook(0xa700044, <SimProcedure usleep>). Not re-hooking.[0m[0m
[1;33;40mWARNING - 2023-05-29 07:19:41,166 - [34mangr.project[0m - [34mAddress is already hooked, during hook(0xa700048, <SimProcedure strcat>). Not re-hooking.[0m[0m
[1;33;40mWARNING - 2023-05-29 07:19:41,166 - [34mangr.project[0m - [34mAddress is already hooked, during hook(0xa70004c, <SimProcedure strcpy>). Not re-hooking.[0m[0m
[1;33;40mWARNING - 2023-05-29 07:19:41,166 - [34mangr.project[0m - [34mAddress is already hooked, during hook(0xa700050, <SimProcedure getenv>). Not re-hooking.[0m[0m
[1;33;40mWARNING - 2023-05-29 07:19:41,166 - [34mangr.project[0m - [34mAddress is already hooked, during hook(0xa700054, <SimProcedure realloc>). Not re-hooking.[0m[0m
[1;33;40mWARNING - 2023-05-29 07:19:41,166 - [34mangr.project[0m - [34mAddress is already hooked, during hook(0xa700058, <SimProcedure malloc>). Not re-hooking.[0m[0m
[1;33;40mWARNING - 2023-05-29 07:19:41,167 - [34mangr.project[0m - [34mAddress is already hooked, during hook(0xa70005c, <SimProcedure puts>). Not re-hooking.[0m[0m
[1;33;40mWARNING - 2023-05-29 07:19:41,167 - [34mangr.project[0m - [34mAddress is already hooked, during hook(0xa700068, <SimProcedure srand>). Not re-hooking.[0m[0m
[1;33;40mWARNING - 2023-05-29 07:19:41,167 - [34mangr.project[0m - [34mAddress is already hooked, during hook(0xa70006c, <SimProcedure strchr>). Not re-hooking.[0m[0m
[1;33;40mWARNING - 2023-05-29 07:19:41,167 - [34mangr.project[0m - [34mAddress is already hooked, during hook(0xa700070, <SimProcedure strlen>). Not re-hooking.[0m[0m
[1;33;40mWARNING - 2023-05-29 07:19:41,167 - [34mangr.project[0m - [34mAddress is already hooked, during hook(0xa700074, <SimProcedure __libc_start_main>). Not re-hooking.[0m[0m
[1;33;40mWARNING - 2023-05-29 07:19:41,168 - [34mangr.project[0m - [34mAddress is already hooked, during hook(0xa700078, <SimProcedure fprintf>). Not re-hooking.[0m[0m
[1;33;40mWARNING - 2023-05-29 07:19:41,168 - [34mangr.project[0m - [34mAddress is already hooked, during hook(0xa70007c, <SimProcedure atol>). Not re-hooking.[0m[0m
[1;33;40mWARNING - 2023-05-29 07:19:41,168 - [34mangr.project[0m - [34mAddress is already hooked, during hook(0xa700080, <SimProcedure fopen>). Not re-hooking.[0m[0m
[1;33;40mWARNING - 2023-05-29 07:19:41,168 - [34mangr.project[0m - [34mAddress is already hooked, during hook(0xa700084, <SimProcedure memset>). Not re-hooking.[0m[0m
[1;33;40mWARNING - 2023-05-29 07:19:41,168 - [34mangr.project[0m - [34mAddress is already hooked, during hook(0xa700088, <SimProcedure putchar>). Not re-hooking.[0m[0m
[1;33;40mWARNING - 2023-05-29 07:19:41,168 - [34mangr.project[0m - [34mAddress is already hooked, during hook(0xa70008c, <SimProcedure __errno_location>). Not re-hooking.[0m[0m
[1;33;40mWARNING - 2023-05-29 07:19:41,169 - [34mangr.project[0m - [34mAddress is already hooked, during hook(0xa700094, <SimProcedure strncpy>). Not re-hooking.[0m[0m
[1;33;40mWARNING - 2023-05-29 07:19:41,169 - [34mangr.project[0m - [34mAddress is already hooked, during hook(0xa70009c, <SimProcedure rand>). Not re-hooking.[0m[0m
[1;33;40mWARNING - 2023-05-29 07:19:41,169 - [34mangr.project[0m - [34mAddress is already hooked, during hook(0xa7000a0, <SimProcedure access>). Not re-hooking.[0m[0m
[1;33;40mWARNING - 2023-05-29 07:19:41,169 - [34mangr.project[0m - [34mAddress is already hooked, during hook(0xa7000ac, <SimProcedure htonl>). Not re-hooking.[0m[0m
[1;33;40mWARNING - 2023-05-29 07:19:41,169 - [34mangr.project[0m - [34mAddress is already hooked, during hook(0xa7000b0, <SimProcedure toupper>). Not re-hooking.[0m[0m
[1;33;40mWARNING - 2023-05-29 07:19:41,170 - [34mangr.project[0m - [34mAddress is already hooked, during hook(0xa7000b8, <SimProcedure atoi>). Not re-hooking.[0m[0m
[1;33;40mWARNING - 2023-05-29 07:19:41,170 - [34mangr.project[0m - [34mAddress is already hooked, during hook(0xa7000bc, <SimProcedure socket>). Not re-hooking.[0m[0m
[1;33;40mWARNING - 2023-05-29 07:19:41,170 - [34mangr.project[0m - [34mAddress is already hooked, during hook(0xa7000c8, <SimProcedure close>). Not re-hooking.[0m[0m
[1;33;40mWARNING - 2023-05-29 07:19:41,170 - [34mangr.project[0m - [34mAddress is already hooked, during hook(0xa7000d0, <SimProcedure __ctype_b_loc>). Not re-hooking.[0m[0m
[1;33;40mWARNING - 2023-05-29 07:19:41,171 - [34mangr.project[0m - [34mAddress is already hooked, during hook(0xa7000d4, <SimProcedure calloc>). Not re-hooking.[0m[0m
[1;32;40mINFO - 2023-05-29 07:19:41,171 - [36mCustomSimProcedure[0m - [36mcustom_hook_no_symbols[0m[0m
[1;33;40mWARNING - 2023-05-29 07:19:41,317 - [32mangr.storage.memory_mixins.default_filler_mixin[0m - [32mFilling memory at 0xc002032c with 4 unconstrained bytes referenced from 0xa700074 (__libc_start_main+0x0 in extern-address space (0x74))[0m[0m
[1;32;40mINFO - 2023-05-29 07:19:41,373 - [36mCustomSimProcedure[0m - [36mSyscall found:  malloc[<BV32 0x300>][0m[0m
[1;33;40mWARNING - 2023-05-29 07:19:41,409 - [32mangr.storage.memory_mixins.default_filler_mixin[0m - [32mFilling memory at 0xc002033c with 4 unconstrained bytes referenced from 0xa700074 (__libc_start_main+0x0 in extern-address space (0x74))[0m[0m
[1;32;40mINFO - 2023-05-29 07:19:41,465 - [36mCustomSimProcedure[0m - [36mSyscall found:  malloc[<BV32 0x4>][0m[0m
[1;33;40mWARNING - 2023-05-29 07:19:41,521 - [32mangr.storage.memory_mixins.default_filler_mixin[0m - [32mFilling memory at 0xc0020944 with 4 unconstrained bytes referenced from 0xa700074 (__libc_start_main+0x0 in extern-address space (0x74))[0m[0m
[1;32;40mINFO - 2023-05-29 07:19:41,576 - [36mCustomSimProcedure[0m - [36mSyscall found:  malloc[<BV32 0x600>][0m[0m
[1;33;40mWARNING - 2023-05-29 07:19:41,611 - [32mangr.storage.memory_mixins.default_filler_mixin[0m - [32mFilling memory at 0xc0020954 with 4 unconstrained bytes referenced from 0xa700074 (__libc_start_main+0x0 in extern-address space (0x74))[0m[0m
[1;32;40mINFO - 2023-05-29 07:19:41,666 - [36mCustomSimProcedure[0m - [36mSyscall found:  malloc[<BV32 0x4>][0m[0m
[1;33;40mWARNING - 2023-05-29 07:19:41,722 - [32mangr.storage.memory_mixins.default_filler_mixin[0m - [32mFilling memory at 0xc0020f5c with 4 unconstrained bytes referenced from 0xa700074 (__libc_start_main+0x0 in extern-address space (0x74))[0m[0m
[1;32;40mINFO - 2023-05-29 07:19:41,778 - [36mCustomSimProcedure[0m - [36mSyscall found:  malloc[<BV32 0x600>][0m[0m
[1;33;40mWARNING - 2023-05-29 07:19:41,812 - [32mangr.storage.memory_mixins.default_filler_mixin[0m - [32mFilling memory at 0xc0020f6c with 4 unconstrained bytes referenced from 0xa700074 (__libc_start_main+0x0 in extern-address space (0x74))[0m[0m
[1;32;40mINFO - 2023-05-29 07:19:41,868 - [36mCustomSimProcedure[0m - [36mSyscall found:  malloc[<BV32 0x4>][0m[0m
[1;33;40mWARNING - 2023-05-29 07:19:41,922 - [32mangr.storage.memory_mixins.default_filler_mixin[0m - [32mFilling memory at 0xc0020f7c with 4 unconstrained bytes referenced from 0xa700074 (__libc_start_main+0x0 in extern-address space (0x74))[0m[0m
[1;32;40mINFO - 2023-05-29 07:19:41,978 - [36mCustomSimProcedure[0m - [36mSyscall found:  malloc[<BV32 0x4>][0m[0m
[1;32;40mINFO - 2023-05-29 07:19:41,986 - [36mCustomSimProcedure[0m - [36mSyscall found:  __libc_start_main[<BV32 0x90493a0>, <BV32 0x1>, <BV32 0x7ffeffb0>, <BV32 0x908edc0>, <BV32 0x908ee30>][0m[0m
[1;33;40mWARNING - 2023-05-29 07:19:42,004 - [32mangr.storage.memory_mixins.default_filler_mixin[0m - [32mFilling register edi with 4 unconstrained bytes referenced from 0x908edd0 (__libc_csu_init+0x10 in mutations1_exec (0x908edd0))[0m[0m
[1;32;40mINFO - 2023-05-29 07:19:42,113 - [36mCustomSimProcedure[0m - [36mSyscall found:  __libc_start_main[151294880, 1, 2147418032, 151580096, 151580208][0m[0m
[1;32;40mINFO - 2023-05-29 07:19:42,163 - [36mCustomSimProcedure[0m - [36mSyscall found:  sysconf[<BV32 0x54>][0m[0m
[1;32;40mINFO - 2023-05-29 07:19:42,205 - [32mSemaExplorerCDFS[0m - [32mA new block of execution have been executed with changes in sim_manager.[0m[0m
[1;32;40mINFO - 2023-05-29 07:19:42,205 - [32mSemaExplorerCDFS[0m - [32mCurrently, simulation manager is :
<SimulationManager with 2 active>[0m[0m
[1;32;40mINFO - 2023-05-29 07:19:42,205 - [32mSemaExplorerCDFS[0m - [32mpause stash len :0[0m[0m
[1;32;40mINFO - 2023-05-29 07:19:42,205 - [32mSemaExplorerCDFS[0m - [32mfork_stack : 1[0m[0m
[1;32;40mINFO - 2023-05-29 07:19:42,267 - [36mCustomSimProcedure[0m - [36mSyscall found:  popen[<BV32 0x908f009>, <BV32 0x908f06f>][0m[0m
[1;32;40mINFO - 2023-05-29 07:19:42,295 - [36mCustomSimProcedure[0m - [36mSyscall found:  popen[<BV32 0x908f009>, <BV32 0x908f06f>][0m[0m
[1;32;40mINFO - 2023-05-29 07:19:42,358 - [32mSemaExplorerCDFS[0m - [32mA new block of execution have been executed with changes in sim_manager.[0m[0m
[1;32;40mINFO - 2023-05-29 07:19:42,359 - [32mSemaExplorerCDFS[0m - [32mCurrently, simulation manager is :
<SimulationManager with 4 active>[0m[0m
[1;32;40mINFO - 2023-05-29 07:19:42,359 - [32mSemaExplorerCDFS[0m - [32mpause stash len :0[0m[0m
[1;32;40mINFO - 2023-05-29 07:19:42,359 - [32mSemaExplorerCDFS[0m - [32mfork_stack : 2[0m[0m
[1;32;40mINFO - 2023-05-29 07:19:42,396 - [36mCustomSimProcedure[0m - [36mSyscall found:  strlen[<BV32 0x908f078>][0m[0m
[1;32;40mINFO - 2023-05-29 07:19:42,397 - [36mCustomSimProcedure[0m - [36mSyscall found:  printf[<BV32 0x908f078>][0m[0m
[1;32;40mINFO - 2023-05-29 07:19:42,402 - [36mCustomSimProcedure[0m - [36mSyscall found:  strlen[<BV32 0x908f078>][0m[0m
[1;32;40mINFO - 2023-05-29 07:19:42,403 - [36mCustomSimProcedure[0m - [36mSyscall found:  printf[<BV32 0x908f078>][0m[0m
[1;33;40mWARNING - 2023-05-29 07:19:42,542 - [32mangr.storage.memory_mixins.default_filler_mixin[0m - [32mFilling memory at 0xfffffff8 with 4 unconstrained bytes referenced from 0xa700020 (fgets+0x0 in extern-address space (0x20))[0m[0m
[1;33;40mWARNING - 2023-05-29 07:19:42,605 - [33mangr.state_plugins.posix[0m - [33mTried to look up a symbolic fd - constrained to 3 and opened b'/tmp/angr_implicit_0'[0m[0m
[1;32;40mINFO - 2023-05-29 07:19:42,686 - [36mCustomSimProcedure[0m - [36mSyscall found:  fgets[<BV32 0x7ffefe48>, <BV32 0x80>, <BV32 unconstrained_ret_popen_5376797_32{UNINITIALIZED}>][0m[0m
[1;33;40mWARNING - 2023-05-29 07:19:42,939 - [32mangr.storage.memory_mixins.default_filler_mixin[0m - [32mFilling memory at 0xfffffc58 with 4 unconstrained bytes referenced from 0xa700020 (fgets+0x0 in extern-address space (0x20))[0m[0m
[1;33;40mWARNING - 2023-05-29 07:19:43,002 - [33mangr.state_plugins.posix[0m - [33mTried to look up a symbolic fd - constrained to 3 and opened b'/tmp/angr_implicit_0'[0m[0m
[1;32;40mINFO - 2023-05-29 07:19:43,082 - [36mCustomSimProcedure[0m - [36mSyscall found:  fgets[<BV32 0x7ffefe48>, <BV32 0x80>, <BV32 unconstrained_ret_popen_5376798_32{UNINITIALIZED}>][0m[0m
[1;33;40mWARNING - 2023-05-29 07:19:43,224 - [32mangr.storage.memory_mixins.default_filler_mixin[0m - [32mFilling memory at 0x38 with 4 unconstrained bytes referenced from 0xa700020 (fgets+0x0 in extern-address space (0x20))[0m[0m
[1;33;40mWARNING - 2023-05-29 07:19:43,262 - [33mangr.state_plugins.posix[0m - [33mTried to look up a symbolic fd - constrained to 3 and opened b'/tmp/angr_implicit_0'[0m[0m
[1;32;40mINFO - 2023-05-29 07:19:43,343 - [36mCustomSimProcedure[0m - [36mSyscall found:  fgets[<BV32 0x7ffefe48>, <BV32 0x80>, <BV32 unconstrained_ret_popen_5376797_32{UNINITIALIZED}>][0m[0m
[1;33;40mWARNING - 2023-05-29 07:19:43,486 - [33mangr.state_plugins.posix[0m - [33mTried to look up a symbolic fd - constrained to 3 and opened b'/tmp/angr_implicit_0'[0m[0m
[1;32;40mINFO - 2023-05-29 07:19:43,559 - [36mCustomSimProcedure[0m - [36mSyscall found:  fgets[<BV32 0x7ffefe48>, <BV32 0x80>, <BV32 unconstrained_ret_popen_5376798_32{UNINITIALIZED}>][0m[0m
[1;32;40mINFO - 2023-05-29 07:19:43,627 - [36mCustomSimProcedure[0m - [36mSyscall found:  strlen[<BV32 0x908f029>][0m[0m
[1;32;40mINFO - 2023-05-29 07:19:43,628 - [36mCustomSimProcedure[0m - [36mSyscall found:  memcpy[<BV32 0x7ffefe10>, <BV32 0x908f029>, <BV32 0x22>][0m[0m
[1;32;40mINFO - 2023-05-29 07:19:43,629 - [36mCustomSimProcedure[0m - [36mSyscall found:  strncpy[<BV32 0x7ffefe10>, <BV32 0x908f029>, <BV32 0x22>][0m[0m
[1;32;40mINFO - 2023-05-29 07:19:43,658 - [36mCustomSimProcedure[0m - [36mSyscall found:  strlen[<BV32 0x908f029>][0m[0m
[1;32;40mINFO - 2023-05-29 07:19:43,659 - [36mCustomSimProcedure[0m - [36mSyscall found:  memcpy[<BV32 0x7ffefe10>, <BV32 0x908f029>, <BV32 0x22>][0m[0m
[1;32;40mINFO - 2023-05-29 07:19:43,659 - [36mCustomSimProcedure[0m - [36mSyscall found:  strncpy[<BV32 0x7ffefe10>, <BV32 0x908f029>, <BV32 0x22>][0m[0m
[1;32;40mINFO - 2023-05-29 07:19:43,717 - [36mCustomSimProcedure[0m - [36mSyscall found:  strlen[<BV32 0x908f029>][0m[0m
[1;32;40mINFO - 2023-05-29 07:19:43,718 - [36mCustomSimProcedure[0m - [36mSyscall found:  memcpy[<BV32 0x7ffefe10>, <BV32 0x908f029>, <BV32 0x22>][0m[0m
[1;32;40mINFO - 2023-05-29 07:19:43,718 - [36mCustomSimProcedure[0m - [36mSyscall found:  strncpy[<BV32 0x7ffefe10>, <BV32 0x908f029>, <BV32 0x22>][0m[0m
[1;32;40mINFO - 2023-05-29 07:19:43,734 - [36mCustomSimProcedure[0m - [36mSyscall found:  strlen[<BV32 0x908f029>][0m[0m
[1;32;40mINFO - 2023-05-29 07:19:43,735 - [36mCustomSimProcedure[0m - [36mSyscall found:  memcpy[<BV32 0x7ffefe10>, <BV32 0x908f029>, <BV32 0x22>][0m[0m
[1;32;40mINFO - 2023-05-29 07:19:43,735 - [36mCustomSimProcedure[0m - [36mSyscall found:  strncpy[<BV32 0x7ffefe10>, <BV32 0x908f029>, <BV32 0x22>][0m[0m
[1;32;40mINFO - 2023-05-29 07:19:43,749 - [36mCustomSimProcedure[0m - [36mSyscall found:  strlen[<BV32 0x908f029>][0m[0m
[1;32;40mINFO - 2023-05-29 07:19:43,759 - [36mCustomSimProcedure[0m - [36mSyscall found:  strlen[<BV32 0x7ffefe10>][0m[0m
[1;32;40mINFO - 2023-05-29 07:19:43,766 - [36mCustomSimProcedure[0m - [36mSyscall found:  strncmp[<BV32 0x908f029>, <BV32 0x7ffefe10>, <BV32 0x21>][0m[0m
[1;32;40mINFO - 2023-05-29 07:19:43,767 - [36mCustomSimProcedure[0m - [36mSyscall found:  strcmp[<BV32 0x908f029>, <BV32 0x7ffefe10>][0m[0m
[1;32;40mINFO - 2023-05-29 07:19:43,782 - [36mCustomSimProcedure[0m - [36mSyscall found:  strlen[<BV32 0x908f029>][0m[0m
[1;32;40mINFO - 2023-05-29 07:19:43,796 - [36mCustomSimProcedure[0m - [36mSyscall found:  strlen[<BV32 0x7ffefe10>][0m[0m
[1;32;40mINFO - 2023-05-29 07:19:43,805 - [36mCustomSimProcedure[0m - [36mSyscall found:  strncmp[<BV32 0x908f029>, <BV32 0x7ffefe10>, <BV32 0x21>][0m[0m
[1;32;40mINFO - 2023-05-29 07:19:43,806 - [36mCustomSimProcedure[0m - [36mSyscall found:  strcmp[<BV32 0x908f029>, <BV32 0x7ffefe10>][0m[0m
[1;32;40mINFO - 2023-05-29 07:19:43,883 - [36mCustomSimProcedure[0m - [36mSyscall found:  strlen[<BV32 0x908f029>][0m[0m
[1;32;40mINFO - 2023-05-29 07:19:43,893 - [36mCustomSimProcedure[0m - [36mSyscall found:  strlen[<BV32 0x7ffefe10>][0m[0m
[1;32;40mINFO - 2023-05-29 07:19:43,900 - [36mCustomSimProcedure[0m - [36mSyscall found:  strncmp[<BV32 0x908f029>, <BV32 0x7ffefe10>, <BV32 0x21>][0m[0m
[1;32;40mINFO - 2023-05-29 07:19:43,901 - [36mCustomSimProcedure[0m - [36mSyscall found:  strcmp[<BV32 0x908f029>, <BV32 0x7ffefe10>][0m[0m
[1;32;40mINFO - 2023-05-29 07:19:43,918 - [36mCustomSimProcedure[0m - [36mSyscall found:  strlen[<BV32 0x908f029>][0m[0m
[1;32;40mINFO - 2023-05-29 07:19:43,930 - [36mCustomSimProcedure[0m - [36mSyscall found:  strlen[<BV32 0x7ffefe10>][0m[0m
[1;32;40mINFO - 2023-05-29 07:19:43,937 - [36mCustomSimProcedure[0m - [36mSyscall found:  strncmp[<BV32 0x908f029>, <BV32 0x7ffefe10>, <BV32 0x21>][0m[0m
[1;32;40mINFO - 2023-05-29 07:19:43,938 - [36mCustomSimProcedure[0m - [36mSyscall found:  strcmp[<BV32 0x908f029>, <BV32 0x7ffefe10>][0m[0m
[1;32;40mINFO - 2023-05-29 07:19:43,967 - [36mCustomSimProcedure[0m - [36mSyscall found:  pclose[<BV32 unconstrained_ret_popen_5376798_32{UNINITIALIZED}>][0m[0m
[1;32;40mINFO - 2023-05-29 07:19:44,089 - [36mCustomSimProcedure[0m - [36mSyscall found:  pclose[<BV32 unconstrained_ret_popen_5376797_32{UNINITIALIZED}>][0m[0m
[1;32;40mINFO - 2023-05-29 07:19:44,267 - [32mSemaExplorerCDFS[0m - [32mA new block of execution have been executed with changes in sim_manager.[0m[0m
[1;32;40mINFO - 2023-05-29 07:19:44,267 - [32mSemaExplorerCDFS[0m - [32mCurrently, simulation manager is :
<SimulationManager with 6 active>[0m[0m
[1;32;40mINFO - 2023-05-29 07:19:44,268 - [32mSemaExplorerCDFS[0m - [32mpause stash len :0[0m[0m
[1;32;40mINFO - 2023-05-29 07:19:44,268 - [32mSemaExplorerCDFS[0m - [32mfork_stack : 2[0m[0m
[1;32;40mINFO - 2023-05-29 07:19:44,276 - [36mCustomSimProcedure[0m - [36mSyscall found:  pclose[<BV32 unconstrained_ret_popen_5376797_32{UNINITIALIZED}>][0m[0m
[1;32;40mINFO - 2023-05-29 07:19:44,431 - [36mCustomSimProcedure[0m - [36mSyscall found:  strlen[<BV32 0x908f07e>][0m[0m
[1;32;40mINFO - 2023-05-29 07:19:44,435 - [36mCustomSimProcedure[0m - [36mSyscall found:  printf[<BV32 0x908f07e>][0m[0m
[1;32;40mINFO - 2023-05-29 07:19:44,487 - [36mCustomSimProcedure[0m - [36mSyscall found:  strlen[<BV32 0x908f07e>][0m[0m
[1;32;40mINFO - 2023-05-29 07:19:44,491 - [36mCustomSimProcedure[0m - [36mSyscall found:  printf[<BV32 0x908f07e>][0m[0m
[1;32;40mINFO - 2023-05-29 07:19:44,493 - [32mSemaExplorerCDFS[0m - [32mA new block of execution have been executed with changes in sim_manager.[0m[0m
[1;32;40mINFO - 2023-05-29 07:19:44,493 - [32mSemaExplorerCDFS[0m - [32mCurrently, simulation manager is :
<SimulationManager with 6 active>[0m[0m
[1;32;40mINFO - 2023-05-29 07:19:44,494 - [32mSemaExplorerCDFS[0m - [32mpause stash len :1[0m[0m
[1;32;40mINFO - 2023-05-29 07:19:44,494 - [32mSemaExplorerCDFS[0m - [32mfork_stack : 1[0m[0m
[1;32;40mINFO - 2023-05-29 07:19:44,555 - [36mCustomSimProcedure[0m - [36mSyscall found:  strlen[<BV32 0x908f07e>][0m[0m
[1;32;40mINFO - 2023-05-29 07:19:44,559 - [36mCustomSimProcedure[0m - [36mSyscall found:  printf[<BV32 0x908f07e>][0m[0m
[1;32;40mINFO - 2023-05-29 07:19:44,627 - [36mCustomSimProcedure[0m - [36mSyscall found:  popen[<BV32 0x908f04b>, <BV32 0x908f06f>][0m[0m
[1;32;40mINFO - 2023-05-29 07:19:44,683 - [32mSemaExplorerCDFS[0m - [32mA new block of execution have been executed with changes in sim_manager.[0m[0m
[1;32;40mINFO - 2023-05-29 07:19:44,684 - [32mSemaExplorerCDFS[0m - [32mCurrently, simulation manager is :
<SimulationManager with 6 active>[0m[0m
[1;32;40mINFO - 2023-05-29 07:19:44,684 - [32mSemaExplorerCDFS[0m - [32mpause stash len :2[0m[0m
[1;32;40mINFO - 2023-05-29 07:19:44,684 - [32mSemaExplorerCDFS[0m - [32mfork_stack : 1[0m[0m
[1;32;40mINFO - 2023-05-29 07:19:44,686 - [36mCustomSimProcedure[0m - [36mSyscall found:  popen[<BV32 0x908f04b>, <BV32 0x908f06f>][0m[0m
[1;32;40mINFO - 2023-05-29 07:19:44,726 - [36mCustomSimProcedure[0m - [36mSyscall found:  popen[<BV32 0x908f04b>, <BV32 0x908f06f>][0m[0m
[1;32;40mINFO - 2023-05-29 07:19:44,751 - [36mCustomSimProcedure[0m - [36mSyscall found:  popen[<BV32 0x908f04b>, <BV32 0x908f06f>][0m[0m
[1;32;40mINFO - 2023-05-29 07:19:44,836 - [36mCustomSimProcedure[0m - [36mSyscall found:  strlen[<BV32 0x908f078>][0m[0m
[1;32;40mINFO - 2023-05-29 07:19:44,837 - [36mCustomSimProcedure[0m - [36mSyscall found:  printf[<BV32 0x908f078>][0m[0m
[1;32;40mINFO - 2023-05-29 07:19:44,838 - [32mSemaExplorerCDFS[0m - [32mA new block of execution have been executed with changes in sim_manager.[0m[0m
[1;32;40mINFO - 2023-05-29 07:19:44,838 - [32mSemaExplorerCDFS[0m - [32mCurrently, simulation manager is :
<SimulationManager with 8 active>[0m[0m
[1;32;40mINFO - 2023-05-29 07:19:44,838 - [32mSemaExplorerCDFS[0m - [32mpause stash len :3[0m[0m
[1;32;40mINFO - 2023-05-29 07:19:44,838 - [32mSemaExplorerCDFS[0m - [32mfork_stack : 3[0m[0m
[1;32;40mINFO - 2023-05-29 07:19:44,857 - [36mCustomSimProcedure[0m - [36mSyscall found:  popen[<BV32 0x908f04b>, <BV32 0x908f06f>][0m[0m
[1;32;40mINFO - 2023-05-29 07:19:44,899 - [36mCustomSimProcedure[0m - [36mSyscall found:  strlen[<BV32 0x908f078>][0m[0m
[1;32;40mINFO - 2023-05-29 07:19:44,900 - [36mCustomSimProcedure[0m - [36mSyscall found:  printf[<BV32 0x908f078>][0m[0m
[1;32;40mINFO - 2023-05-29 07:19:44,928 - [36mCustomSimProcedure[0m - [36mSyscall found:  strlen[<BV32 0x908f078>][0m[0m
[1;32;40mINFO - 2023-05-29 07:19:44,929 - [36mCustomSimProcedure[0m - [36mSyscall found:  printf[<BV32 0x908f078>][0m[0m
[1;32;40mINFO - 2023-05-29 07:19:44,935 - [32mSemaExplorerCDFS[0m - [32mA new block of execution have been executed with changes in sim_manager.[0m[0m
[1;32;40mINFO - 2023-05-29 07:19:44,935 - [32mSemaExplorerCDFS[0m - [32mCurrently, simulation manager is :
<SimulationManager with 6 active>[0m[0m
[1;32;40mINFO - 2023-05-29 07:19:44,935 - [32mSemaExplorerCDFS[0m - [32mpause stash len :6[0m[0m
[1;32;40mINFO - 2023-05-29 07:19:44,936 - [32mSemaExplorerCDFS[0m - [32mfork_stack : 1[0m[0m
[1;32;40mINFO - 2023-05-29 07:19:45,100 - [36mCustomSimProcedure[0m - [36mSyscall found:  fgets[<BV32 0x7ffefe48>, <BV32 0x80>, <BV32 unconstrained_ret_popen_5376814_32{UNINITIALIZED}>][0m[0m
[1;32;40mINFO - 2023-05-29 07:19:45,139 - [36mCustomSimProcedure[0m - [36mSyscall found:  strlen[<BV32 0x908f078>][0m[0m
[1;32;40mINFO - 2023-05-29 07:19:45,140 - [36mCustomSimProcedure[0m - [36mSyscall found:  printf[<BV32 0x908f078>][0m[0m
[1;32;40mINFO - 2023-05-29 07:19:45,231 - [36mCustomSimProcedure[0m - [36mSyscall found:  fgets[<BV32 0x7ffefe48>, <BV32 0x80>, <BV32 unconstrained_ret_popen_5376814_32{UNINITIALIZED}>][0m[0m
[1;33;40mWARNING - 2023-05-29 07:19:45,417 - [32mangr.storage.memory_mixins.default_filler_mixin[0m - [32mFilling memory at 0xb with 4 unconstrained bytes referenced from 0xa700020 (fgets+0x0 in extern-address space (0x20))[0m[0m
[1;33;40mWARNING - 2023-05-29 07:19:45,460 - [33mangr.state_plugins.posix[0m - [33mTried to look up a symbolic fd - constrained to 4 and opened b'/tmp/angr_implicit_1'[0m[0m
[1;32;40mINFO - 2023-05-29 07:19:45,513 - [36mCustomSimProcedure[0m - [36mSyscall found:  fgets[<BV32 0x7ffefe48>, <BV32 0x80>, <BV32 unconstrained_ret_popen_5376817_32{UNINITIALIZED}>][0m[0m
[1;33;40mWARNING - 2023-05-29 07:19:45,592 - [33mangr.state_plugins.posix[0m - [33mTried to look up a symbolic fd - constrained to 4 and opened b'/tmp/angr_implicit_1'[0m[0m
[1;32;40mINFO - 2023-05-29 07:19:45,645 - [36mCustomSimProcedure[0m - [36mSyscall found:  fgets[<BV32 0x7ffefe48>, <BV32 0x80>, <BV32 unconstrained_ret_popen_5376815_32{UNINITIALIZED}>][0m[0m
[1;32;40mINFO - 2023-05-29 07:19:45,730 - [36mCustomSimProcedure[0m - [36mSyscall found:  strlen[<BV32 0x908f071>][0m[0m
[1;32;40mINFO - 2023-05-29 07:19:45,731 - [36mCustomSimProcedure[0m - [36mSyscall found:  memcpy[<BV32 0x7ffefe30>, <BV32 0x908f071>, <BV32 0x6>][0m[0m
[1;32;40mINFO - 2023-05-29 07:19:45,731 - [36mCustomSimProcedure[0m - [36mSyscall found:  strncpy[<BV32 0x7ffefe30>, <BV32 0x908f071>, <BV32 0x6>][0m[0m
[1;32;40mINFO - 2023-05-29 07:19:45,802 - [36mCustomSimProcedure[0m - [36mSyscall found:  fgets[<BV32 0x7ffefe48>, <BV32 0x80>, <BV32 unconstrained_ret_popen_5376817_32{UNINITIALIZED}>][0m[0m
[1;32;40mINFO - 2023-05-29 07:19:45,894 - [36mCustomSimProcedure[0m - [36mSyscall found:  strlen[<BV32 0x908f071>][0m[0m
[1;32;40mINFO - 2023-05-29 07:19:45,895 - [36mCustomSimProcedure[0m - [36mSyscall found:  memcpy[<BV32 0x7ffefe30>, <BV32 0x908f071>, <BV32 0x6>][0m[0m
[1;32;40mINFO - 2023-05-29 07:19:45,895 - [36mCustomSimProcedure[0m - [36mSyscall found:  strncpy[<BV32 0x7ffefe30>, <BV32 0x908f071>, <BV32 0x6>][0m[0m
[1;32;40mINFO - 2023-05-29 07:19:45,921 - [36mCustomSimProcedure[0m - [36mSyscall found:  strlen[<BV32 0x908f071>][0m[0m
[1;32;40mINFO - 2023-05-29 07:19:45,922 - [36mCustomSimProcedure[0m - [36mSyscall found:  memcpy[<BV32 0x7ffefe30>, <BV32 0x908f071>, <BV32 0x6>][0m[0m
[1;32;40mINFO - 2023-05-29 07:19:45,922 - [36mCustomSimProcedure[0m - [36mSyscall found:  strncpy[<BV32 0x7ffefe30>, <BV32 0x908f071>, <BV32 0x6>][0m[0m
[1;32;40mINFO - 2023-05-29 07:19:45,928 - [36mCustomSimProcedure[0m - [36mSyscall found:  strlen[<BV32 0x908f071>][0m[0m
[1;32;40mINFO - 2023-05-29 07:19:45,930 - [36mCustomSimProcedure[0m - [36mSyscall found:  memcpy[<BV32 0x7ffefe30>, <BV32 0x908f071>, <BV32 0x6>][0m[0m
[1;32;40mINFO - 2023-05-29 07:19:45,930 - [36mCustomSimProcedure[0m - [36mSyscall found:  strncpy[<BV32 0x7ffefe30>, <BV32 0x908f071>, <BV32 0x6>][0m[0m
[1;32;40mINFO - 2023-05-29 07:19:45,948 - [36mCustomSimProcedure[0m - [36mSyscall found:  strlen[<BV32 0x908f071>][0m[0m
[1;32;40mINFO - 2023-05-29 07:19:45,951 - [36mCustomSimProcedure[0m - [36mSyscall found:  strlen[<BV32 0x7ffefe30>][0m[0m
[1;32;40mINFO - 2023-05-29 07:19:45,954 - [36mCustomSimProcedure[0m - [36mSyscall found:  strncmp[<BV32 0x908f071>, <BV32 0x7ffefe30>, <BV32 0x6>][0m[0m
[1;32;40mINFO - 2023-05-29 07:19:45,954 - [36mCustomSimProcedure[0m - [36mSyscall found:  strcmp[<BV32 0x908f071>, <BV32 0x7ffefe30>][0m[0m
[1;32;40mINFO - 2023-05-29 07:19:45,998 - [36mCustomSimProcedure[0m - [36mSyscall found:  strlen[<BV32 0x908f071>][0m[0m
[1;32;40mINFO - 2023-05-29 07:19:45,999 - [36mCustomSimProcedure[0m - [36mSyscall found:  memcpy[<BV32 0x7ffefe30>, <BV32 0x908f071>, <BV32 0x6>][0m[0m
[1;32;40mINFO - 2023-05-29 07:19:45,999 - [36mCustomSimProcedure[0m - [36mSyscall found:  strncpy[<BV32 0x7ffefe30>, <BV32 0x908f071>, <BV32 0x6>][0m[0m
[1;32;40mINFO - 2023-05-29 07:19:46,013 - [36mCustomSimProcedure[0m - [36mSyscall found:  strlen[<BV32 0x908f071>][0m[0m
[1;32;40mINFO - 2023-05-29 07:19:46,016 - [36mCustomSimProcedure[0m - [36mSyscall found:  strlen[<BV32 0x7ffefe30>][0m[0m
[1;32;40mINFO - 2023-05-29 07:19:46,019 - [36mCustomSimProcedure[0m - [36mSyscall found:  strncmp[<BV32 0x908f071>, <BV32 0x7ffefe30>, <BV32 0x6>][0m[0m
[1;32;40mINFO - 2023-05-29 07:19:46,019 - [36mCustomSimProcedure[0m - [36mSyscall found:  strcmp[<BV32 0x908f071>, <BV32 0x7ffefe30>][0m[0m
[1;32;40mINFO - 2023-05-29 07:19:46,049 - [36mCustomSimProcedure[0m - [36mSyscall found:  strlen[<BV32 0x908f071>][0m[0m
[1;32;40mINFO - 2023-05-29 07:19:46,052 - [36mCustomSimProcedure[0m - [36mSyscall found:  strlen[<BV32 0x7ffefe30>][0m[0m
[1;32;40mINFO - 2023-05-29 07:19:46,054 - [36mCustomSimProcedure[0m - [36mSyscall found:  strncmp[<BV32 0x908f071>, <BV32 0x7ffefe30>, <BV32 0x6>][0m[0m
[1;32;40mINFO - 2023-05-29 07:19:46,054 - [36mCustomSimProcedure[0m - [36mSyscall found:  strcmp[<BV32 0x908f071>, <BV32 0x7ffefe30>][0m[0m
[1;32;40mINFO - 2023-05-29 07:19:46,062 - [36mCustomSimProcedure[0m - [36mSyscall found:  strlen[<BV32 0x908f071>][0m[0m
[1;32;40mINFO - 2023-05-29 07:19:46,065 - [36mCustomSimProcedure[0m - [36mSyscall found:  strlen[<BV32 0x7ffefe30>][0m[0m
[1;32;40mINFO - 2023-05-29 07:19:46,069 - [36mCustomSimProcedure[0m - [36mSyscall found:  strncmp[<BV32 0x908f071>, <BV32 0x7ffefe30>, <BV32 0x6>][0m[0m
[1;32;40mINFO - 2023-05-29 07:19:46,070 - [36mCustomSimProcedure[0m - [36mSyscall found:  strcmp[<BV32 0x908f071>, <BV32 0x7ffefe30>][0m[0m
[1;32;40mINFO - 2023-05-29 07:19:46,115 - [36mCustomSimProcedure[0m - [36mSyscall found:  pclose[<BV32 unconstrained_ret_popen_5376814_32{UNINITIALIZED}>][0m[0m
[1;32;40mINFO - 2023-05-29 07:19:46,145 - [36mCustomSimProcedure[0m - [36mSyscall found:  strlen[<BV32 0x908f071>][0m[0m
[1;32;40mINFO - 2023-05-29 07:19:46,148 - [36mCustomSimProcedure[0m - [36mSyscall found:  strlen[<BV32 0x7ffefe30>][0m[0m
[1;32;40mINFO - 2023-05-29 07:19:46,150 - [36mCustomSimProcedure[0m - [36mSyscall found:  strncmp[<BV32 0x908f071>, <BV32 0x7ffefe30>, <BV32 0x6>][0m[0m
[1;32;40mINFO - 2023-05-29 07:19:46,150 - [36mCustomSimProcedure[0m - [36mSyscall found:  strcmp[<BV32 0x908f071>, <BV32 0x7ffefe30>][0m[0m
[1;32;40mINFO - 2023-05-29 07:19:46,203 - [32mSemaExplorerCDFS[0m - [32mA new block of execution have been executed with changes in sim_manager.[0m[0m
[1;32;40mINFO - 2023-05-29 07:19:46,203 - [32mSemaExplorerCDFS[0m - [32mCurrently, simulation manager is :
<SimulationManager with 6 active>[0m[0m
[1;32;40mINFO - 2023-05-29 07:19:46,203 - [32mSemaExplorerCDFS[0m - [32mpause stash len :7[0m[0m
[1;32;40mINFO - 2023-05-29 07:19:46,203 - [32mSemaExplorerCDFS[0m - [32mfork_stack : 1[0m[0m
[1;32;40mINFO - 2023-05-29 07:19:46,206 - [36mCustomSimProcedure[0m - [36mSyscall found:  pclose[<BV32 unconstrained_ret_popen_5376814_32{UNINITIALIZED}>][0m[0m
[1;32;40mINFO - 2023-05-29 07:19:46,341 - [36mCustomSimProcedure[0m - [36mSyscall found:  pclose[<BV32 unconstrained_ret_popen_5376817_32{UNINITIALIZED}>][0m[0m
[1;32;40mINFO - 2023-05-29 07:19:46,488 - [36mCustomSimProcedure[0m - [36mSyscall found:  strlen[<BV32 0x908f07e>][0m[0m
[1;32;40mINFO - 2023-05-29 07:19:46,491 - [36mCustomSimProcedure[0m - [36mSyscall found:  printf[<BV32 0x908f07e>][0m[0m
[1;32;40mINFO - 2023-05-29 07:19:46,521 - [32mSemaExplorerCDFS[0m - [32mA new block of execution have been executed with changes in sim_manager.[0m[0m
[1;32;40mINFO - 2023-05-29 07:19:46,521 - [32mSemaExplorerCDFS[0m - [32mCurrently, simulation manager is :
<SimulationManager with 7 active>[0m[0m
[1;32;40mINFO - 2023-05-29 07:19:46,522 - [32mSemaExplorerCDFS[0m - [32mpause stash len :8[0m[0m
[1;32;40mINFO - 2023-05-29 07:19:46,522 - [32mSemaExplorerCDFS[0m - [32mfork_stack : 2[0m[0m
[1;32;40mINFO - 2023-05-29 07:19:46,543 - [36mCustomSimProcedure[0m - [36mSyscall found:  pclose[<BV32 unconstrained_ret_popen_5376817_32{UNINITIALIZED}>][0m[0m
[1;32;40mINFO - 2023-05-29 07:19:46,663 - [36mCustomSimProcedure[0m - [36mSyscall found:  strlen[<BV32 0x908f07e>][0m[0m
[1;32;40mINFO - 2023-05-29 07:19:46,667 - [36mCustomSimProcedure[0m - [36mSyscall found:  printf[<BV32 0x908f07e>][0m[0m
[1;32;40mINFO - 2023-05-29 07:19:46,702 - [32mSemaExplorerCDFS[0m - [32mA new block of execution have been executed with changes in sim_manager.[0m[0m
[1;32;40mINFO - 2023-05-29 07:19:46,702 - [32mSemaExplorerCDFS[0m - [32mCurrently, simulation manager is :
<SimulationManager with 6 active>[0m[0m
[1;32;40mINFO - 2023-05-29 07:19:46,702 - [32mSemaExplorerCDFS[0m - [32mpause stash len :10[0m[0m
[1;32;40mINFO - 2023-05-29 07:19:46,702 - [32mSemaExplorerCDFS[0m - [32mfork_stack : 1[0m[0m
[1;32;40mINFO - 2023-05-29 07:19:46,786 - [36mCustomSimProcedure[0m - [36mSyscall found:  __libc_start_main[151294880, 1, 2147418032, 151580096, 151580208][0m[0m
[1;32;40mINFO - 2023-05-29 07:19:46,819 - [32mSemaExplorerCDFS[0m - [32mA new block of execution have been executed with changes in sim_manager.[0m[0m
[1;32;40mINFO - 2023-05-29 07:19:46,819 - [32mSemaExplorerCDFS[0m - [32mCurrently, simulation manager is :
<SimulationManager with 4 active, 1 deadended>[0m[0m
[1;32;40mINFO - 2023-05-29 07:19:46,819 - [32mSemaExplorerCDFS[0m - [32mpause stash len :11[0m[0m
[1;32;40mINFO - 2023-05-29 07:19:46,821 - [36mCustomSimProcedure[0m - [36mSyscall found:  __libc_start_main[151294880, 1, 2147418032, 151580096, 151580208][0m[0m
[1;32;40mINFO - 2023-05-29 07:19:46,833 - [36mCustomSimProcedure[0m - [36mSyscall found:  __libc_start_main[151294880, 1, 2147418032, 151580096, 151580208][0m[0m
[1;32;40mINFO - 2023-05-29 07:19:46,877 - [36mCustomSimProcedure[0m - [36mSyscall found:  strlen[<BV32 0x908f07e>][0m[0m
[1;32;40mINFO - 2023-05-29 07:19:46,881 - [36mCustomSimProcedure[0m - [36mSyscall found:  printf[<BV32 0x908f07e>][0m[0m
[1;32;40mINFO - 2023-05-29 07:19:46,883 - [32mSemaExplorerCDFS[0m - [32mA new block of execution have been executed with changes in sim_manager.[0m[0m
[1;32;40mINFO - 2023-05-29 07:19:46,883 - [32mSemaExplorerCDFS[0m - [32mCurrently, simulation manager is :
<SimulationManager with 3 active, 3 deadended>[0m[0m
[1;32;40mINFO - 2023-05-29 07:19:46,883 - [32mSemaExplorerCDFS[0m - [32mpause stash len :10[0m[0m
[1;32;40mINFO - 2023-05-29 07:19:46,885 - [36mCustomSimProcedure[0m - [36mSyscall found:  __libc_start_main[151294880, 1, 2147418032, 151580096, 151580208][0m[0m
[1;32;40mINFO - 2023-05-29 07:19:46,889 - [36mCustomSimProcedure[0m - [36mSyscall found:  __libc_start_main[151294880, 1, 2147418032, 151580096, 151580208][0m[0m
[1;32;40mINFO - 2023-05-29 07:19:46,940 - [36mCustomSimProcedure[0m - [36mSyscall found:  strlen[<BV32 0x908f07e>][0m[0m
[1;32;40mINFO - 2023-05-29 07:19:46,944 - [36mCustomSimProcedure[0m - [36mSyscall found:  printf[<BV32 0x908f07e>][0m[0m
[1;32;40mINFO - 2023-05-29 07:19:46,946 - [32mSemaExplorerCDFS[0m - [32mA new block of execution have been executed with changes in sim_manager.[0m[0m
[1;32;40mINFO - 2023-05-29 07:19:46,947 - [32mSemaExplorerCDFS[0m - [32mCurrently, simulation manager is :
<SimulationManager with 3 active, 5 deadended>[0m[0m
[1;32;40mINFO - 2023-05-29 07:19:46,947 - [32mSemaExplorerCDFS[0m - [32mpause stash len :8[0m[0m
[1;32;40mINFO - 2023-05-29 07:19:46,972 - [36mCustomSimProcedure[0m - [36mSyscall found:  pclose[<BV32 unconstrained_ret_popen_5376815_32{UNINITIALIZED}>][0m[0m
[1;33;40mWARNING - 2023-05-29 07:19:47,206 - [32mangr.storage.memory_mixins.default_filler_mixin[0m - [32mFilling memory at 0x3 with 1 unconstrained bytes referenced from 0xa700020 (fgets+0x0 in extern-address space (0x20))[0m[0m
[1;33;40mWARNING - 2023-05-29 07:19:47,233 - [33mangr.state_plugins.posix[0m - [33mTried to look up a symbolic fd - constrained to 4 and opened b'/tmp/angr_implicit_1'[0m[0m
[1;32;40mINFO - 2023-05-29 07:19:47,286 - [36mCustomSimProcedure[0m - [36mSyscall found:  fgets[<BV32 0x7ffefe48>, <BV32 0x80>, <BV32 unconstrained_ret_popen_5376815_32{UNINITIALIZED}>][0m[0m
[1;32;40mINFO - 2023-05-29 07:19:47,365 - [32mSemaExplorerCDFS[0m - [32mA new block of execution have been executed with changes in sim_manager.[0m[0m
[1;32;40mINFO - 2023-05-29 07:19:47,365 - [32mSemaExplorerCDFS[0m - [32mCurrently, simulation manager is :
<SimulationManager with 6 active, 5 deadended>[0m[0m
[1;32;40mINFO - 2023-05-29 07:19:47,365 - [32mSemaExplorerCDFS[0m - [32mpause stash len :6[0m[0m
[1;32;40mINFO - 2023-05-29 07:19:47,365 - [32mSemaExplorerCDFS[0m - [32mfork_stack : 1[0m[0m
[1;32;40mINFO - 2023-05-29 07:19:47,433 - [36mCustomSimProcedure[0m - [36mSyscall found:  strlen[<BV32 0x908f07e>][0m[0m
[1;32;40mINFO - 2023-05-29 07:19:47,436 - [36mCustomSimProcedure[0m - [36mSyscall found:  printf[<BV32 0x908f07e>][0m[0m
[1;32;40mINFO - 2023-05-29 07:19:47,441 - [36mCustomSimProcedure[0m - [36mSyscall found:  __libc_start_main[151294880, 1, 2147418032, 151580096, 151580208][0m[0m
[1;32;40mINFO - 2023-05-29 07:19:47,445 - [36mCustomSimProcedure[0m - [36mSyscall found:  __libc_start_main[151294880, 1, 2147418032, 151580096, 151580208][0m[0m
[1;32;40mINFO - 2023-05-29 07:19:47,495 - [32mSemaExplorerCDFS[0m - [32mA new block of execution have been executed with changes in sim_manager.[0m[0m
[1;32;40mINFO - 2023-05-29 07:19:47,495 - [32mSemaExplorerCDFS[0m - [32mCurrently, simulation manager is :
<SimulationManager with 3 active, 7 deadended>[0m[0m
[1;32;40mINFO - 2023-05-29 07:19:47,495 - [32mSemaExplorerCDFS[0m - [32mpause stash len :7[0m[0m
[1;32;40mINFO - 2023-05-29 07:19:47,497 - [36mCustomSimProcedure[0m - [36mSyscall found:  __libc_start_main[151294880, 1, 2147418032, 151580096, 151580208][0m[0m
[1;32;40mINFO - 2023-05-29 07:19:47,555 - [36mCustomSimProcedure[0m - [36mSyscall found:  strlen[<BV32 0x908f078>][0m[0m
[1;32;40mINFO - 2023-05-29 07:19:47,556 - [36mCustomSimProcedure[0m - [36mSyscall found:  printf[<BV32 0x908f078>][0m[0m
[1;32;40mINFO - 2023-05-29 07:19:47,558 - [32mSemaExplorerCDFS[0m - [32mA new block of execution have been executed with changes in sim_manager.[0m[0m
[1;32;40mINFO - 2023-05-29 07:19:47,558 - [32mSemaExplorerCDFS[0m - [32mCurrently, simulation manager is :
<SimulationManager with 4 active, 8 deadended>[0m[0m
[1;32;40mINFO - 2023-05-29 07:19:47,558 - [32mSemaExplorerCDFS[0m - [32mpause stash len :5[0m[0m
[1;32;40mINFO - 2023-05-29 07:19:47,561 - [36mCustomSimProcedure[0m - [36mSyscall found:  __libc_start_main[151294880, 1, 2147418032, 151580096, 151580208][0m[0m
[1;32;40mINFO - 2023-05-29 07:19:47,577 - [36mCustomSimProcedure[0m - [36mSyscall found:  strlen[<BV32 0x908f071>][0m[0m
[1;32;40mINFO - 2023-05-29 07:19:47,579 - [36mCustomSimProcedure[0m - [36mSyscall found:  memcpy[<BV32 0x7ffefe30>, <BV32 0x908f071>, <BV32 0x6>][0m[0m
[1;32;40mINFO - 2023-05-29 07:19:47,579 - [36mCustomSimProcedure[0m - [36mSyscall found:  strncpy[<BV32 0x7ffefe30>, <BV32 0x908f071>, <BV32 0x6>][0m[0m
[1;32;40mINFO - 2023-05-29 07:19:47,625 - [32mSemaExplorerCDFS[0m - [32mA new block of execution have been executed with changes in sim_manager.[0m[0m
[1;32;40mINFO - 2023-05-29 07:19:47,625 - [32mSemaExplorerCDFS[0m - [32mCurrently, simulation manager is :
<SimulationManager with 4 active, 9 deadended>[0m[0m
[1;32;40mINFO - 2023-05-29 07:19:47,625 - [32mSemaExplorerCDFS[0m - [32mpause stash len :4[0m[0m
[1;32;40mINFO - 2023-05-29 07:19:47,628 - [36mCustomSimProcedure[0m - [36mSyscall found:  __libc_start_main[151294880, 1, 2147418032, 151580096, 151580208][0m[0m
[1;33;40mWARNING - 2023-05-29 07:19:47,677 - [33mangr.state_plugins.posix[0m - [33mTried to look up a symbolic fd - constrained to 4 and opened b'/tmp/angr_implicit_1'[0m[0m
[1;32;40mINFO - 2023-05-29 07:19:47,731 - [36mCustomSimProcedure[0m - [36mSyscall found:  fgets[<BV32 0x7ffefe48>, <BV32 0x80>, <BV32 unconstrained_ret_popen_5376816_32{UNINITIALIZED}>][0m[0m
[1;33;40mWARNING - 2023-05-29 07:19:47,884 - [32mangr.storage.memory_mixins.default_filler_mixin[0m - [32mFilling memory at 0xfffffffe with 1 unconstrained bytes referenced from 0xa700020 (fgets+0x0 in extern-address space (0x20))[0m[0m
[1;32;40mINFO - 2023-05-29 07:19:47,920 - [32mSemaExplorerCDFS[0m - [32mEnd of the trace number 1 with errors[0m[0m
[1;32;40mINFO - 2023-05-29 07:19:47,920 - [32mSemaExplorerCDFS[0m - <SimState @ 0xa700020>[0m
[1;32;40mINFO - 2023-05-29 07:19:47,921 - [32mSemaExplorerCDFS[0m - Tried to do operation on symbolic but partially constrained file descriptor[0m
[1;32;40mINFO - 2023-05-29 07:19:47,927 - [36mCustomSimProcedure[0m - [36mSyscall found:  strlen[<BV32 0x908f071>][0m[0m
[1;32;40mINFO - 2023-05-29 07:19:47,930 - [36mCustomSimProcedure[0m - [36mSyscall found:  strlen[<BV32 0x7ffefe30>][0m[0m
[1;32;40mINFO - 2023-05-29 07:19:47,932 - [36mCustomSimProcedure[0m - [36mSyscall found:  strncmp[<BV32 0x908f071>, <BV32 0x7ffefe30>, <BV32 0x6>][0m[0m
[1;32;40mINFO - 2023-05-29 07:19:47,933 - [36mCustomSimProcedure[0m - [36mSyscall found:  strcmp[<BV32 0x908f071>, <BV32 0x7ffefe30>][0m[0m
[1;32;40mINFO - 2023-05-29 07:19:47,954 - [32mSemaExplorerCDFS[0m - [32mA new block of execution have been executed with changes in sim_manager.[0m[0m
[1;32;40mINFO - 2023-05-29 07:19:47,955 - [32mSemaExplorerCDFS[0m - [32mCurrently, simulation manager is :
<SimulationManager with 4 active, 10 deadended (1 errored)>[0m[0m
[1;32;40mINFO - 2023-05-29 07:19:47,955 - [32mSemaExplorerCDFS[0m - [32mpause stash len :2[0m[0m
[1;33;40mWARNING - 2023-05-29 07:19:48,019 - [33mangr.state_plugins.posix[0m - [33mTried to look up a symbolic fd - constrained to 4 and opened b'/tmp/angr_implicit_1'[0m[0m
[1;32;40mINFO - 2023-05-29 07:19:48,071 - [36mCustomSimProcedure[0m - [36mSyscall found:  fgets[<BV32 0x7ffefe48>, <BV32 0x80>, <BV32 unconstrained_ret_popen_5376813_32{UNINITIALIZED}>][0m[0m
[1;32;40mINFO - 2023-05-29 07:19:48,273 - [36mCustomSimProcedure[0m - [36mSyscall found:  fgets[<BV32 0x7ffefe48>, <BV32 0x80>, <BV32 unconstrained_ret_popen_5376813_32{UNINITIALIZED}>][0m[0m
[1;32;40mINFO - 2023-05-29 07:19:48,285 - [36mCustomSimProcedure[0m - [36mSyscall found:  strlen[<BV32 0x908f071>][0m[0m
[1;32;40mINFO - 2023-05-29 07:19:48,287 - [36mCustomSimProcedure[0m - [36mSyscall found:  memcpy[<BV32 0x7ffefe30>, <BV32 0x908f071>, <BV32 0x6>][0m[0m
[1;32;40mINFO - 2023-05-29 07:19:48,287 - [36mCustomSimProcedure[0m - [36mSyscall found:  strncpy[<BV32 0x7ffefe30>, <BV32 0x908f071>, <BV32 0x6>][0m[0m
[1;32;40mINFO - 2023-05-29 07:19:48,316 - [36mCustomSimProcedure[0m - [36mSyscall found:  popen[<BV32 0x908f04b>, <BV32 0x908f06f>][0m[0m
[1;32;40mINFO - 2023-05-29 07:19:48,343 - [36mCustomSimProcedure[0m - [36mSyscall found:  pclose[<BV32 unconstrained_ret_popen_5376815_32{UNINITIALIZED}>][0m[0m
[1;32;40mINFO - 2023-05-29 07:19:48,505 - [32mSemaExplorerCDFS[0m - [32mA new block of execution have been executed with changes in sim_manager.[0m[0m
[1;32;40mINFO - 2023-05-29 07:19:48,505 - [32mSemaExplorerCDFS[0m - [32mCurrently, simulation manager is :
<SimulationManager with 6 active, 10 deadended (1 errored)>[0m[0m
[1;32;40mINFO - 2023-05-29 07:19:48,506 - [32mSemaExplorerCDFS[0m - [32mpause stash len :1[0m[0m
[1;32;40mINFO - 2023-05-29 07:19:48,506 - [32mSemaExplorerCDFS[0m - [32mfork_stack : 1[0m[0m
[1;32;40mINFO - 2023-05-29 07:19:48,572 - [36mCustomSimProcedure[0m - [36mSyscall found:  strlen[<BV32 0x908f071>][0m[0m
[1;32;40mINFO - 2023-05-29 07:19:48,573 - [36mCustomSimProcedure[0m - [36mSyscall found:  memcpy[<BV32 0x7ffefe30>, <BV32 0x908f071>, <BV32 0x6>][0m[0m
[1;32;40mINFO - 2023-05-29 07:19:48,574 - [36mCustomSimProcedure[0m - [36mSyscall found:  strncpy[<BV32 0x7ffefe30>, <BV32 0x908f071>, <BV32 0x6>][0m[0m
[1;32;40mINFO - 2023-05-29 07:19:48,583 - [32mSemaExplorerCDFS[0m - [32mA new block of execution have been executed with changes in sim_manager.[0m[0m
[1;32;40mINFO - 2023-05-29 07:19:48,584 - [32mSemaExplorerCDFS[0m - [32mCurrently, simulation manager is :
<SimulationManager with 6 active, 10 deadended (1 errored)>[0m[0m
[1;32;40mINFO - 2023-05-29 07:19:48,584 - [32mSemaExplorerCDFS[0m - [32mpause stash len :2[0m[0m
[1;32;40mINFO - 2023-05-29 07:19:48,584 - [32mSemaExplorerCDFS[0m - [32mfork_stack : 1[0m[0m
[1;32;40mINFO - 2023-05-29 07:19:48,601 - [36mCustomSimProcedure[0m - [36mSyscall found:  strlen[<BV32 0x908f071>][0m[0m
[1;32;40mINFO - 2023-05-29 07:19:48,605 - [36mCustomSimProcedure[0m - [36mSyscall found:  strlen[<BV32 0x7ffefe30>][0m[0m
[1;32;40mINFO - 2023-05-29 07:19:48,609 - [36mCustomSimProcedure[0m - [36mSyscall found:  strncmp[<BV32 0x908f071>, <BV32 0x7ffefe30>, <BV32 0x6>][0m[0m
[1;32;40mINFO - 2023-05-29 07:19:48,609 - [36mCustomSimProcedure[0m - [36mSyscall found:  strcmp[<BV32 0x908f071>, <BV32 0x7ffefe30>][0m[0m
[1;32;40mINFO - 2023-05-29 07:19:48,632 - [36mCustomSimProcedure[0m - [36mSyscall found:  strlen[<BV32 0x908f071>][0m[0m
[1;32;40mINFO - 2023-05-29 07:19:48,635 - [36mCustomSimProcedure[0m - [36mSyscall found:  memcpy[<BV32 0x7ffefe30>, <BV32 0x908f071>, <BV32 0x6>][0m[0m
[1;32;40mINFO - 2023-05-29 07:19:48,635 - [36mCustomSimProcedure[0m - [36mSyscall found:  strncpy[<BV32 0x7ffefe30>, <BV32 0x908f071>, <BV32 0x6>][0m[0m
[1;32;40mINFO - 2023-05-29 07:19:48,664 - [36mCustomSimProcedure[0m - [36mSyscall found:  strlen[<BV32 0x908f07e>][0m[0m
[1;32;40mINFO - 2023-05-29 07:19:48,667 - [36mCustomSimProcedure[0m - [36mSyscall found:  printf[<BV32 0x908f07e>][0m[0m
[1;32;40mINFO - 2023-05-29 07:19:48,719 - [36mCustomSimProcedure[0m - [36mSyscall found:  strlen[<BV32 0x908f071>][0m[0m
[1;32;40mINFO - 2023-05-29 07:19:48,721 - [36mCustomSimProcedure[0m - [36mSyscall found:  strlen[<BV32 0x7ffefe30>][0m[0m
[1;32;40mINFO - 2023-05-29 07:19:48,724 - [36mCustomSimProcedure[0m - [36mSyscall found:  strncmp[<BV32 0x908f071>, <BV32 0x7ffefe30>, <BV32 0x6>][0m[0m
[1;32;40mINFO - 2023-05-29 07:19:48,725 - [36mCustomSimProcedure[0m - [36mSyscall found:  strcmp[<BV32 0x908f071>, <BV32 0x7ffefe30>][0m[0m
[1;32;40mINFO - 2023-05-29 07:19:48,758 - [36mCustomSimProcedure[0m - [36mSyscall found:  strlen[<BV32 0x908f071>][0m[0m
[1;32;40mINFO - 2023-05-29 07:19:48,761 - [36mCustomSimProcedure[0m - [36mSyscall found:  strlen[<BV32 0x7ffefe30>][0m[0m
[1;32;40mINFO - 2023-05-29 07:19:48,763 - [36mCustomSimProcedure[0m - [36mSyscall found:  strncmp[<BV32 0x908f071>, <BV32 0x7ffefe30>, <BV32 0x6>][0m[0m
[1;32;40mINFO - 2023-05-29 07:19:48,763 - [36mCustomSimProcedure[0m - [36mSyscall found:  strcmp[<BV32 0x908f071>, <BV32 0x7ffefe30>][0m[0m
[1;32;40mINFO - 2023-05-29 07:19:48,784 - [36mCustomSimProcedure[0m - [36mSyscall found:  pclose[<BV32 unconstrained_ret_popen_5376816_32{UNINITIALIZED}>][0m[0m
[1;32;40mINFO - 2023-05-29 07:19:48,968 - [32mSemaExplorerCDFS[0m - [32mA new block of execution have been executed with changes in sim_manager.[0m[0m
[1;32;40mINFO - 2023-05-29 07:19:48,968 - [32mSemaExplorerCDFS[0m - [32mCurrently, simulation manager is :
<SimulationManager with 6 active, 10 deadended (1 errored)>[0m[0m
[1;32;40mINFO - 2023-05-29 07:19:48,968 - [32mSemaExplorerCDFS[0m - [32mpause stash len :3[0m[0m
[1;32;40mINFO - 2023-05-29 07:19:48,969 - [32mSemaExplorerCDFS[0m - [32mfork_stack : 1[0m[0m
[1;32;40mINFO - 2023-05-29 07:19:48,971 - [36mCustomSimProcedure[0m - [36mSyscall found:  __libc_start_main[151294880, 1, 2147418032, 151580096, 151580208][0m[0m
[1;32;40mINFO - 2023-05-29 07:19:48,997 - [36mCustomSimProcedure[0m - [36mSyscall found:  pclose[<BV32 unconstrained_ret_popen_5376813_32{UNINITIALIZED}>][0m[0m
[1;32;40mINFO - 2023-05-29 07:19:49,154 - [36mCustomSimProcedure[0m - [36mSyscall found:  strlen[<BV32 0x908f07e>][0m[0m
[1;32;40mINFO - 2023-05-29 07:19:49,158 - [36mCustomSimProcedure[0m - [36mSyscall found:  printf[<BV32 0x908f07e>][0m[0m
[1;32;40mINFO - 2023-05-29 07:19:49,183 - [32mSemaExplorerCDFS[0m - [32mA new block of execution have been executed with changes in sim_manager.[0m[0m
[1;32;40mINFO - 2023-05-29 07:19:49,184 - [32mSemaExplorerCDFS[0m - [32mCurrently, simulation manager is :
<SimulationManager with 5 active, 11 deadended (1 errored)>[0m[0m
[1;32;40mINFO - 2023-05-29 07:19:49,184 - [32mSemaExplorerCDFS[0m - [32mpause stash len :4[0m[0m
[1;32;40mINFO - 2023-05-29 07:19:49,184 - [32mSemaExplorerCDFS[0m - [32mfork_stack : 1[0m[0m
[1;32;40mINFO - 2023-05-29 07:19:49,189 - [36mCustomSimProcedure[0m - [36mSyscall found:  __libc_start_main[151294880, 1, 2147418032, 151580096, 151580208][0m[0m
[1;32;40mINFO - 2023-05-29 07:19:49,258 - [36mCustomSimProcedure[0m - [36mSyscall found:  strlen[<BV32 0x908f07e>][0m[0m
[1;32;40mINFO - 2023-05-29 07:19:49,262 - [36mCustomSimProcedure[0m - [36mSyscall found:  printf[<BV32 0x908f07e>][0m[0m
[1;32;40mINFO - 2023-05-29 07:19:49,264 - [32mSemaExplorerCDFS[0m - [32mA new block of execution have been executed with changes in sim_manager.[0m[0m
[1;32;40mINFO - 2023-05-29 07:19:49,265 - [32mSemaExplorerCDFS[0m - [32mCurrently, simulation manager is :
<SimulationManager with 4 active, 12 deadended (1 errored)>[0m[0m
[1;32;40mINFO - 2023-05-29 07:19:49,265 - [32mSemaExplorerCDFS[0m - [32mpause stash len :4[0m[0m
[1;32;40mINFO - 2023-05-29 07:19:49,325 - [36mCustomSimProcedure[0m - [36mSyscall found:  pclose[<BV32 unconstrained_ret_popen_5376813_32{UNINITIALIZED}>][0m[0m
[1;32;40mINFO - 2023-05-29 07:19:49,351 - [36mCustomSimProcedure[0m - [36mSyscall found:  __libc_start_main[151294880, 1, 2147418032, 151580096, 151580208][0m[0m
[1;32;40mINFO - 2023-05-29 07:19:49,394 - [32mSemaExplorerCDFS[0m - [32mA new block of execution have been executed with changes in sim_manager.[0m[0m
[1;32;40mINFO - 2023-05-29 07:19:49,394 - [32mSemaExplorerCDFS[0m - [32mCurrently, simulation manager is :
<SimulationManager with 6 active, 12 deadended (1 errored)>[0m[0m
[1;32;40mINFO - 2023-05-29 07:19:49,395 - [32mSemaExplorerCDFS[0m - [32mpause stash len :3[0m[0m
[1;32;40mINFO - 2023-05-29 07:19:49,395 - [32mSemaExplorerCDFS[0m - [32mfork_stack : 1[0m[0m
[1;32;40mINFO - 2023-05-29 07:19:49,422 - [32mSemaExplorerCDFS[0m - [32mA new block of execution have been executed with changes in sim_manager.[0m[0m
[1;32;40mINFO - 2023-05-29 07:19:49,422 - [32mSemaExplorerCDFS[0m - [32mCurrently, simulation manager is :
<SimulationManager with 4 active, 13 deadended (1 errored)>[0m[0m
[1;32;40mINFO - 2023-05-29 07:19:49,422 - [32mSemaExplorerCDFS[0m - [32mpause stash len :4[0m[0m
[1;32;40mINFO - 2023-05-29 07:19:49,425 - [36mCustomSimProcedure[0m - [36mSyscall found:  __libc_start_main[151294880, 1, 2147418032, 151580096, 151580208][0m[0m
[1;32;40mINFO - 2023-05-29 07:19:49,428 - [36mCustomSimProcedure[0m - [36mSyscall found:  __libc_start_main[151294880, 1, 2147418032, 151580096, 151580208][0m[0m
[1;32;40mINFO - 2023-05-29 07:19:49,484 - [36mCustomSimProcedure[0m - [36mSyscall found:  strlen[<BV32 0x908f07e>][0m[0m
[1;32;40mINFO - 2023-05-29 07:19:49,488 - [36mCustomSimProcedure[0m - [36mSyscall found:  printf[<BV32 0x908f07e>][0m[0m
[1;32;40mINFO - 2023-05-29 07:19:49,490 - [32mSemaExplorerCDFS[0m - [32mA new block of execution have been executed with changes in sim_manager.[0m[0m
[1;32;40mINFO - 2023-05-29 07:19:49,490 - [32mSemaExplorerCDFS[0m - [32mCurrently, simulation manager is :
<SimulationManager with 3 active, 15 deadended (1 errored)>[0m[0m
[1;32;40mINFO - 2023-05-29 07:19:49,490 - [32mSemaExplorerCDFS[0m - [32mpause stash len :3[0m[0m
[1;32;40mINFO - 2023-05-29 07:19:49,494 - [36mCustomSimProcedure[0m - [36mSyscall found:  __libc_start_main[151294880, 1, 2147418032, 151580096, 151580208][0m[0m
[1;32;40mINFO - 2023-05-29 07:19:49,514 - [36mCustomSimProcedure[0m - [36mSyscall found:  strlen[<BV32 0x908f078>][0m[0m
[1;32;40mINFO - 2023-05-29 07:19:49,515 - [36mCustomSimProcedure[0m - [36mSyscall found:  printf[<BV32 0x908f078>][0m[0m
[1;32;40mINFO - 2023-05-29 07:19:49,557 - [32mSemaExplorerCDFS[0m - [32mA new block of execution have been executed with changes in sim_manager.[0m[0m
[1;32;40mINFO - 2023-05-29 07:19:49,557 - [32mSemaExplorerCDFS[0m - [32mCurrently, simulation manager is :
<SimulationManager with 4 active, 16 deadended (1 errored)>[0m[0m
[1;32;40mINFO - 2023-05-29 07:19:49,557 - [32mSemaExplorerCDFS[0m - [32mpause stash len :1[0m[0m
[1;33;40mWARNING - 2023-05-29 07:19:49,693 - [32mangr.storage.memory_mixins.default_filler_mixin[0m - [32mFilling memory at 0xffffffe0 with 4 unconstrained bytes referenced from 0xa700020 (fgets+0x0 in extern-address space (0x20))[0m[0m
[1;33;40mWARNING - 2023-05-29 07:19:49,735 - [33mangr.state_plugins.posix[0m - [33mTried to look up a symbolic fd - constrained to 4 and opened b'/tmp/angr_implicit_1'[0m[0m
[1;32;40mINFO - 2023-05-29 07:19:49,788 - [36mCustomSimProcedure[0m - [36mSyscall found:  fgets[<BV32 0x7ffefe48>, <BV32 0x80>, <BV32 unconstrained_ret_popen_5376838_32{UNINITIALIZED}>][0m[0m
[1;32;40mINFO - 2023-05-29 07:19:49,831 - [36mCustomSimProcedure[0m - [36mSyscall found:  pclose[<BV32 unconstrained_ret_popen_5376798_32{UNINITIALIZED}>][0m[0m
[1;32;40mINFO - 2023-05-29 07:19:49,952 - [36mCustomSimProcedure[0m - [36mSyscall found:  __libc_start_main[151294880, 1, 2147418032, 151580096, 151580208][0m[0m
[1;33;40mWARNING - 2023-05-29 07:19:50,001 - [33mangr.state_plugins.posix[0m - [33mTried to look up a symbolic fd - constrained to 4 and opened b'/tmp/angr_implicit_1'[0m[0m
[1;32;40mINFO - 2023-05-29 07:19:50,053 - [36mCustomSimProcedure[0m - [36mSyscall found:  fgets[<BV32 0x7ffefe48>, <BV32 0x80>, <BV32 unconstrained_ret_popen_5376838_32{UNINITIALIZED}>][0m[0m
[1;32;40mINFO - 2023-05-29 07:19:50,118 - [32mSemaExplorerCDFS[0m - [32mA new block of execution have been executed with changes in sim_manager.[0m[0m
[1;32;40mINFO - 2023-05-29 07:19:50,118 - [32mSemaExplorerCDFS[0m - [32mCurrently, simulation manager is :
<SimulationManager with 6 active, 16 deadended (1 errored)>[0m[0m
[1;32;40mINFO - 2023-05-29 07:19:50,118 - [32mSemaExplorerCDFS[0m - [32mpause stash len :0[0m[0m
[1;32;40mINFO - 2023-05-29 07:19:50,118 - [32mSemaExplorerCDFS[0m - [32mfork_stack : 1[0m[0m
[1;32;40mINFO - 2023-05-29 07:19:50,158 - [32mSemaExplorerCDFS[0m - [32mA new block of execution have been executed with changes in sim_manager.[0m[0m
[1;32;40mINFO - 2023-05-29 07:19:50,158 - [32mSemaExplorerCDFS[0m - [32mCurrently, simulation manager is :
<SimulationManager with 4 active, 17 deadended (1 errored)>[0m[0m
[1;32;40mINFO - 2023-05-29 07:19:50,158 - [32mSemaExplorerCDFS[0m - [32mpause stash len :1[0m[0m
[1;32;40mINFO - 2023-05-29 07:19:50,198 - [36mCustomSimProcedure[0m - [36mSyscall found:  __libc_start_main[151294880, 1, 2147418032, 151580096, 151580208][0m[0m
[1;32;40mINFO - 2023-05-29 07:19:50,205 - [36mCustomSimProcedure[0m - [36mSyscall found:  strlen[<BV32 0x908f071>][0m[0m
[1;32;40mINFO - 2023-05-29 07:19:50,206 - [36mCustomSimProcedure[0m - [36mSyscall found:  memcpy[<BV32 0x7ffefe30>, <BV32 0x908f071>, <BV32 0x6>][0m[0m
[1;32;40mINFO - 2023-05-29 07:19:50,206 - [36mCustomSimProcedure[0m - [36mSyscall found:  strncpy[<BV32 0x7ffefe30>, <BV32 0x908f071>, <BV32 0x6>][0m[0m
[1;32;40mINFO - 2023-05-29 07:19:50,238 - [36mCustomSimProcedure[0m - [36mSyscall found:  strlen[<BV32 0x908f07e>][0m[0m
[1;32;40mINFO - 2023-05-29 07:19:50,242 - [36mCustomSimProcedure[0m - [36mSyscall found:  printf[<BV32 0x908f07e>][0m[0m
[1;32;40mINFO - 2023-05-29 07:19:50,252 - [36mCustomSimProcedure[0m - [36mSyscall found:  strlen[<BV32 0x908f071>][0m[0m
[1;32;40mINFO - 2023-05-29 07:19:50,254 - [36mCustomSimProcedure[0m - [36mSyscall found:  memcpy[<BV32 0x7ffefe30>, <BV32 0x908f071>, <BV32 0x6>][0m[0m
[1;32;40mINFO - 2023-05-29 07:19:50,254 - [36mCustomSimProcedure[0m - [36mSyscall found:  strncpy[<BV32 0x7ffefe30>, <BV32 0x908f071>, <BV32 0x6>][0m[0m
[1;32;40mINFO - 2023-05-29 07:19:50,279 - [32mSemaExplorerCDFS[0m - [32mA new block of execution have been executed with changes in sim_manager.[0m[0m
[1;32;40mINFO - 2023-05-29 07:19:50,279 - [32mSemaExplorerCDFS[0m - [32mCurrently, simulation manager is :
<SimulationManager with 4 active, 18 deadended (1 errored)>[0m[0m
[1;32;40mINFO - 2023-05-29 07:19:50,279 - [32mSemaExplorerCDFS[0m - [32mpause stash len :0[0m[0m
[1;32;40mINFO - 2023-05-29 07:19:50,296 - [36mCustomSimProcedure[0m - [36mSyscall found:  popen[<BV32 0x908f04b>, <BV32 0x908f06f>][0m[0m
[1;32;40mINFO - 2023-05-29 07:19:50,336 - [36mCustomSimProcedure[0m - [36mSyscall found:  strlen[<BV32 0x908f071>][0m[0m
[1;32;40mINFO - 2023-05-29 07:19:50,339 - [36mCustomSimProcedure[0m - [36mSyscall found:  strlen[<BV32 0x7ffefe30>][0m[0m
[1;32;40mINFO - 2023-05-29 07:19:50,342 - [36mCustomSimProcedure[0m - [36mSyscall found:  strncmp[<BV32 0x908f071>, <BV32 0x7ffefe30>, <BV32 0x6>][0m[0m
[1;32;40mINFO - 2023-05-29 07:19:50,342 - [36mCustomSimProcedure[0m - [36mSyscall found:  strcmp[<BV32 0x908f071>, <BV32 0x7ffefe30>][0m[0m
[1;32;40mINFO - 2023-05-29 07:19:50,381 - [32mSemaExplorerCDFS[0m - [32mA new block of execution have been executed with changes in sim_manager.[0m[0m
[1;32;40mINFO - 2023-05-29 07:19:50,381 - [32mSemaExplorerCDFS[0m - [32mCurrently, simulation manager is :
<SimulationManager with 5 active, 18 deadended (1 errored)>[0m[0m
[1;32;40mINFO - 2023-05-29 07:19:50,381 - [32mSemaExplorerCDFS[0m - [32mpause stash len :0[0m[0m
[1;32;40mINFO - 2023-05-29 07:19:50,381 - [32mSemaExplorerCDFS[0m - [32mfork_stack : 1[0m[0m
[1;32;40mINFO - 2023-05-29 07:19:50,387 - [36mCustomSimProcedure[0m - [36mSyscall found:  strlen[<BV32 0x908f071>][0m[0m
[1;32;40mINFO - 2023-05-29 07:19:50,390 - [36mCustomSimProcedure[0m - [36mSyscall found:  strlen[<BV32 0x7ffefe30>][0m[0m
[1;32;40mINFO - 2023-05-29 07:19:50,393 - [36mCustomSimProcedure[0m - [36mSyscall found:  strncmp[<BV32 0x908f071>, <BV32 0x7ffefe30>, <BV32 0x6>][0m[0m
[1;32;40mINFO - 2023-05-29 07:19:50,393 - [36mCustomSimProcedure[0m - [36mSyscall found:  strcmp[<BV32 0x908f071>, <BV32 0x7ffefe30>][0m[0m
[1;32;40mINFO - 2023-05-29 07:19:50,443 - [36mCustomSimProcedure[0m - [36mSyscall found:  strlen[<BV32 0x908f078>][0m[0m
[1;32;40mINFO - 2023-05-29 07:19:50,444 - [36mCustomSimProcedure[0m - [36mSyscall found:  printf[<BV32 0x908f078>][0m[0m
[1;32;40mINFO - 2023-05-29 07:19:50,452 - [36mCustomSimProcedure[0m - [36mSyscall found:  popen[<BV32 0x908f04b>, <BV32 0x908f06f>][0m[0m
[1;33;40mWARNING - 2023-05-29 07:19:50,644 - [33mangr.state_plugins.posix[0m - [33mTried to look up a symbolic fd - constrained to 4 and opened b'/tmp/angr_implicit_1'[0m[0m
[1;32;40mINFO - 2023-05-29 07:19:50,700 - [36mCustomSimProcedure[0m - [36mSyscall found:  fgets[<BV32 0x7ffefe48>, <BV32 0x80>, <BV32 unconstrained_ret_popen_5376850_32{UNINITIALIZED}>][0m[0m
[1;32;40mINFO - 2023-05-29 07:19:50,758 - [32mSemaExplorerCDFS[0m - [32mA new block of execution have been executed with changes in sim_manager.[0m[0m
[1;32;40mINFO - 2023-05-29 07:19:50,758 - [32mSemaExplorerCDFS[0m - [32mCurrently, simulation manager is :
<SimulationManager with 6 active, 18 deadended (1 errored)>[0m[0m
[1;32;40mINFO - 2023-05-29 07:19:50,759 - [32mSemaExplorerCDFS[0m - [32mpause stash len :0[0m[0m
[1;32;40mINFO - 2023-05-29 07:19:50,759 - [32mSemaExplorerCDFS[0m - [32mfork_stack : 1[0m[0m
[1;32;40mINFO - 2023-05-29 07:19:50,764 - [36mCustomSimProcedure[0m - [36mSyscall found:  pclose[<BV32 unconstrained_ret_popen_5376838_32{UNINITIALIZED}>][0m[0m
[1;32;40mINFO - 2023-05-29 07:19:50,905 - [36mCustomSimProcedure[0m - [36mSyscall found:  pclose[<BV32 unconstrained_ret_popen_5376838_32{UNINITIALIZED}>][0m[0m
[1;32;40mINFO - 2023-05-29 07:19:51,129 - [36mCustomSimProcedure[0m - [36mSyscall found:  fgets[<BV32 0x7ffefe48>, <BV32 0x80>, <BV32 unconstrained_ret_popen_5376850_32{UNINITIALIZED}>][0m[0m
[1;32;40mINFO - 2023-05-29 07:19:51,191 - [36mCustomSimProcedure[0m - [36mSyscall found:  strlen[<BV32 0x908f078>][0m[0m
[1;32;40mINFO - 2023-05-29 07:19:51,192 - [36mCustomSimProcedure[0m - [36mSyscall found:  printf[<BV32 0x908f078>][0m[0m
[1;32;40mINFO - 2023-05-29 07:19:51,193 - [32mSemaExplorerCDFS[0m - [32mA new block of execution have been executed with changes in sim_manager.[0m[0m
[1;32;40mINFO - 2023-05-29 07:19:51,193 - [32mSemaExplorerCDFS[0m - [32mCurrently, simulation manager is :
<SimulationManager with 6 active, 18 deadended (1 errored)>[0m[0m
[1;32;40mINFO - 2023-05-29 07:19:51,194 - [32mSemaExplorerCDFS[0m - [32mpause stash len :1[0m[0m
[1;32;40mINFO - 2023-05-29 07:19:51,194 - [32mSemaExplorerCDFS[0m - [32mfork_stack : 1[0m[0m
[1;32;40mINFO - 2023-05-29 07:19:51,238 - [32mSemaExplorerCDFS[0m - [32mA new block of execution have been executed with changes in sim_manager.[0m[0m
[1;32;40mINFO - 2023-05-29 07:19:51,238 - [32mSemaExplorerCDFS[0m - [32mCurrently, simulation manager is :
<SimulationManager with 6 active, 18 deadended (1 errored)>[0m[0m
[1;32;40mINFO - 2023-05-29 07:19:51,238 - [32mSemaExplorerCDFS[0m - [32mpause stash len :2[0m[0m
[1;32;40mINFO - 2023-05-29 07:19:51,238 - [32mSemaExplorerCDFS[0m - [32mfork_stack : 1[0m[0m
[1;32;40mINFO - 2023-05-29 07:19:51,284 - [36mCustomSimProcedure[0m - [36mSyscall found:  strlen[<BV32 0x908f07e>][0m[0m
[1;32;40mINFO - 2023-05-29 07:19:51,288 - [36mCustomSimProcedure[0m - [36mSyscall found:  printf[<BV32 0x908f07e>][0m[0m
[1;32;40mINFO - 2023-05-29 07:19:51,331 - [36mCustomSimProcedure[0m - [36mSyscall found:  strlen[<BV32 0x908f07e>][0m[0m
[1;32;40mINFO - 2023-05-29 07:19:51,335 - [36mCustomSimProcedure[0m - [36mSyscall found:  printf[<BV32 0x908f07e>][0m[0m
[1;32;40mINFO - 2023-05-29 07:19:51,385 - [36mCustomSimProcedure[0m - [36mSyscall found:  strlen[<BV32 0x908f071>][0m[0m
[1;32;40mINFO - 2023-05-29 07:19:51,387 - [36mCustomSimProcedure[0m - [36mSyscall found:  memcpy[<BV32 0x7ffefe30>, <BV32 0x908f071>, <BV32 0x6>][0m[0m
[1;32;40mINFO - 2023-05-29 07:19:51,387 - [36mCustomSimProcedure[0m - [36mSyscall found:  strncpy[<BV32 0x7ffefe30>, <BV32 0x908f071>, <BV32 0x6>][0m[0m
[1;32;40mINFO - 2023-05-29 07:19:51,468 - [36mCustomSimProcedure[0m - [36mSyscall found:  __libc_start_main[151294880, 1, 2147418032, 151580096, 151580208][0m[0m
[1;32;40mINFO - 2023-05-29 07:19:51,482 - [36mCustomSimProcedure[0m - [36mSyscall found:  strlen[<BV32 0x908f071>][0m[0m
[1;32;40mINFO - 2023-05-29 07:19:51,485 - [36mCustomSimProcedure[0m - [36mSyscall found:  strlen[<BV32 0x7ffefe30>][0m[0m
[1;32;40mINFO - 2023-05-29 07:19:51,487 - [36mCustomSimProcedure[0m - [36mSyscall found:  strncmp[<BV32 0x908f071>, <BV32 0x7ffefe30>, <BV32 0x6>][0m[0m
[1;32;40mINFO - 2023-05-29 07:19:51,488 - [36mCustomSimProcedure[0m - [36mSyscall found:  strcmp[<BV32 0x908f071>, <BV32 0x7ffefe30>][0m[0m
[1;32;40mINFO - 2023-05-29 07:19:51,494 - [36mCustomSimProcedure[0m - [36mSyscall found:  __libc_start_main[151294880, 1, 2147418032, 151580096, 151580208][0m[0m
[1;32;40mINFO - 2023-05-29 07:19:51,524 - [32mSemaExplorerCDFS[0m - [32mA new block of execution have been executed with changes in sim_manager.[0m[0m
[1;32;40mINFO - 2023-05-29 07:19:51,524 - [32mSemaExplorerCDFS[0m - [32mCurrently, simulation manager is :
<SimulationManager with 4 active, 19 deadended (1 errored)>[0m[0m
[1;32;40mINFO - 2023-05-29 07:19:51,524 - [32mSemaExplorerCDFS[0m - [32mpause stash len :3[0m[0m
[1;32;40mINFO - 2023-05-29 07:19:51,534 - [36mCustomSimProcedure[0m - [36mSyscall found:  __libc_start_main[151294880, 1, 2147418032, 151580096, 151580208][0m[0m
[1;32;40mINFO - 2023-05-29 07:19:51,549 - [36mCustomSimProcedure[0m - [36mSyscall found:  strlen[<BV32 0x908f071>][0m[0m
[1;32;40mINFO - 2023-05-29 07:19:51,553 - [36mCustomSimProcedure[0m - [36mSyscall found:  memcpy[<BV32 0x7ffefe30>, <BV32 0x908f071>, <BV32 0x6>][0m[0m
[1;32;40mINFO - 2023-05-29 07:19:51,553 - [36mCustomSimProcedure[0m - [36mSyscall found:  strncpy[<BV32 0x7ffefe30>, <BV32 0x908f071>, <BV32 0x6>][0m[0m
[1;32;40mINFO - 2023-05-29 07:19:51,556 - [32mSemaExplorerCDFS[0m - [32mA new block of execution have been executed with changes in sim_manager.[0m[0m
[1;32;40mINFO - 2023-05-29 07:19:51,556 - [32mSemaExplorerCDFS[0m - [32mCurrently, simulation manager is :
<SimulationManager with 4 active, 20 deadended (1 errored)>[0m[0m
[1;32;40mINFO - 2023-05-29 07:19:51,556 - [32mSemaExplorerCDFS[0m - [32mpause stash len :2[0m[0m
[1;32;40mINFO - 2023-05-29 07:19:51,561 - [36mCustomSimProcedure[0m - [36mSyscall found:  __libc_start_main[151294880, 1, 2147418032, 151580096, 151580208][0m[0m
[1;32;40mINFO - 2023-05-29 07:19:51,593 - [32mSemaExplorerCDFS[0m - [32mA new block of execution have been executed with changes in sim_manager.[0m[0m
[1;32;40mINFO - 2023-05-29 07:19:51,593 - [32mSemaExplorerCDFS[0m - [32mCurrently, simulation manager is :
<SimulationManager with 4 active, 21 deadended (1 errored)>[0m[0m
[1;32;40mINFO - 2023-05-29 07:19:51,593 - [32mSemaExplorerCDFS[0m - [32mpause stash len :1[0m[0m
[1;32;40mINFO - 2023-05-29 07:19:51,598 - [36mCustomSimProcedure[0m - [36mSyscall found:  pclose[<BV32 unconstrained_ret_popen_5376850_32{UNINITIALIZED}>][0m[0m
[1;32;40mINFO - 2023-05-29 07:19:51,734 - [32mSemaExplorerCDFS[0m - [32mA new block of execution have been executed with changes in sim_manager.[0m[0m
[1;32;40mINFO - 2023-05-29 07:19:51,734 - [32mSemaExplorerCDFS[0m - [32mCurrently, simulation manager is :
<SimulationManager with 4 active, 22 deadended (1 errored)>[0m[0m
[1;32;40mINFO - 2023-05-29 07:19:51,734 - [32mSemaExplorerCDFS[0m - [32mpause stash len :0[0m[0m
[1;32;40mINFO - 2023-05-29 07:19:51,761 - [36mCustomSimProcedure[0m - [36mSyscall found:  strlen[<BV32 0x908f071>][0m[0m
[1;32;40mINFO - 2023-05-29 07:19:51,763 - [36mCustomSimProcedure[0m - [36mSyscall found:  strlen[<BV32 0x7ffefe30>][0m[0m
[1;32;40mINFO - 2023-05-29 07:19:51,766 - [36mCustomSimProcedure[0m - [36mSyscall found:  strncmp[<BV32 0x908f071>, <BV32 0x7ffefe30>, <BV32 0x6>][0m[0m
[1;32;40mINFO - 2023-05-29 07:19:51,766 - [36mCustomSimProcedure[0m - [36mSyscall found:  strcmp[<BV32 0x908f071>, <BV32 0x7ffefe30>][0m[0m
[1;32;40mINFO - 2023-05-29 07:19:51,840 - [36mCustomSimProcedure[0m - [36mSyscall found:  fgets[<BV32 0x7ffefe48>, <BV32 0x80>, <BV32 unconstrained_ret_popen_5376853_32{UNINITIALIZED}>][0m[0m
[1;32;40mINFO - 2023-05-29 07:19:51,875 - [32mSemaExplorerCDFS[0m - [32mA new block of execution have been executed with changes in sim_manager.[0m[0m
[1;32;40mINFO - 2023-05-29 07:19:51,875 - [32mSemaExplorerCDFS[0m - [32mCurrently, simulation manager is :
<SimulationManager with 5 active, 22 deadended (1 errored)>[0m[0m
[1;32;40mINFO - 2023-05-29 07:19:51,875 - [32mSemaExplorerCDFS[0m - [32mpause stash len :0[0m[0m
[1;32;40mINFO - 2023-05-29 07:19:51,875 - [32mSemaExplorerCDFS[0m - [32mfork_stack : 1[0m[0m
[1;33;40mWARNING - 2023-05-29 07:19:52,024 - [32mangr.storage.memory_mixins.default_filler_mixin[0m - [32mFilling memory at 0x4 with 1 unconstrained bytes referenced from 0xa700020 (fgets+0x0 in extern-address space (0x20))[0m[0m
[1;32;40mINFO - 2023-05-29 07:19:52,053 - [32mSemaExplorerCDFS[0m - [32mEnd of the trace number 2 with errors[0m[0m
[1;32;40mINFO - 2023-05-29 07:19:52,053 - [32mSemaExplorerCDFS[0m - <SimState @ 0xa700020>[0m
[1;32;40mINFO - 2023-05-29 07:19:52,054 - [32mSemaExplorerCDFS[0m - Tried to do operation on symbolic but partially constrained file descriptor[0m
[1;32;40mINFO - 2023-05-29 07:19:52,076 - [36mCustomSimProcedure[0m - [36mSyscall found:  strlen[<BV32 0x908f07e>][0m[0m
[1;32;40mINFO - 2023-05-29 07:19:52,080 - [36mCustomSimProcedure[0m - [36mSyscall found:  printf[<BV32 0x908f07e>][0m[0m
[1;32;40mINFO - 2023-05-29 07:19:52,143 - [36mCustomSimProcedure[0m - [36mSyscall found:  pclose[<BV32 unconstrained_ret_popen_5376850_32{UNINITIALIZED}>][0m[0m
[1;32;40mINFO - 2023-05-29 07:19:52,271 - [36mCustomSimProcedure[0m - [36mSyscall found:  strlen[<BV32 0x908f071>][0m[0m
[1;32;40mINFO - 2023-05-29 07:19:52,272 - [36mCustomSimProcedure[0m - [36mSyscall found:  memcpy[<BV32 0x7ffefe30>, <BV32 0x908f071>, <BV32 0x6>][0m[0m
[1;32;40mINFO - 2023-05-29 07:19:52,272 - [36mCustomSimProcedure[0m - [36mSyscall found:  strncpy[<BV32 0x7ffefe30>, <BV32 0x908f071>, <BV32 0x6>][0m[0m
[1;32;40mINFO - 2023-05-29 07:19:52,359 - [32mSemaExplorerCDFS[0m - [32mA new block of execution have been executed with changes in sim_manager.[0m[0m
[1;32;40mINFO - 2023-05-29 07:19:52,359 - [32mSemaExplorerCDFS[0m - [32mCurrently, simulation manager is :
<SimulationManager with 5 active, 22 deadended (2 errored)>[0m[0m
[1;32;40mINFO - 2023-05-29 07:19:52,359 - [32mSemaExplorerCDFS[0m - [32mpause stash len :0[0m[0m
[1;32;40mINFO - 2023-05-29 07:19:52,360 - [32mSemaExplorerCDFS[0m - [32mfork_stack : 1[0m[0m
[1;32;40mINFO - 2023-05-29 07:19:52,388 - [36mCustomSimProcedure[0m - [36mSyscall found:  __libc_start_main[151294880, 1, 2147418032, 151580096, 151580208][0m[0m
[1;32;40mINFO - 2023-05-29 07:19:52,418 - [36mCustomSimProcedure[0m - [36mSyscall found:  strlen[<BV32 0x908f07e>][0m[0m
[1;32;40mINFO - 2023-05-29 07:19:52,422 - [36mCustomSimProcedure[0m - [36mSyscall found:  printf[<BV32 0x908f07e>][0m[0m
[1;32;40mINFO - 2023-05-29 07:19:52,428 - [36mCustomSimProcedure[0m - [36mSyscall found:  strlen[<BV32 0x908f071>][0m[0m
[1;32;40mINFO - 2023-05-29 07:19:52,432 - [36mCustomSimProcedure[0m - [36mSyscall found:  strlen[<BV32 0x7ffefe30>][0m[0m
[1;32;40mINFO - 2023-05-29 07:19:52,434 - [36mCustomSimProcedure[0m - [36mSyscall found:  strncmp[<BV32 0x908f071>, <BV32 0x7ffefe30>, <BV32 0x6>][0m[0m
[1;32;40mINFO - 2023-05-29 07:19:52,434 - [36mCustomSimProcedure[0m - [36mSyscall found:  strcmp[<BV32 0x908f071>, <BV32 0x7ffefe30>][0m[0m
[1;32;40mINFO - 2023-05-29 07:19:52,468 - [32mSemaExplorerCDFS[0m - [32mA new block of execution have been executed with changes in sim_manager.[0m[0m
[1;32;40mINFO - 2023-05-29 07:19:52,469 - [32mSemaExplorerCDFS[0m - [32mCurrently, simulation manager is :
<SimulationManager with 4 active, 23 deadended (2 errored)>[0m[0m
[1;32;40mINFO - 2023-05-29 07:19:52,469 - [32mSemaExplorerCDFS[0m - [32mpause stash len :0[0m[0m
[1;32;40mINFO - 2023-05-29 07:19:52,473 - [36mCustomSimProcedure[0m - [36mSyscall found:  __libc_start_main[151294880, 1, 2147418032, 151580096, 151580208][0m[0m
[1;32;40mINFO - 2023-05-29 07:19:52,518 - [32mSemaExplorerCDFS[0m - [32mA new block of execution have been executed with changes in sim_manager.[0m[0m
[1;32;40mINFO - 2023-05-29 07:19:52,518 - [32mSemaExplorerCDFS[0m - [32mCurrently, simulation manager is :
<SimulationManager with 3 active, 24 deadended (2 errored)>[0m[0m
[1;32;40mINFO - 2023-05-29 07:19:52,518 - [32mSemaExplorerCDFS[0m - [32mpause stash len :0[0m[0m
[1;32;40mINFO - 2023-05-29 07:19:52,535 - [36mCustomSimProcedure[0m - [36mSyscall found:  pclose[<BV32 unconstrained_ret_popen_5376853_32{UNINITIALIZED}>][0m[0m
[1;32;40mINFO - 2023-05-29 07:19:52,638 - [36mCustomSimProcedure[0m - [36mSyscall found:  __libc_start_main[151294880, 1, 2147418032, 151580096, 151580208][0m[0m
[1;32;40mINFO - 2023-05-29 07:19:52,664 - [32mSemaExplorerCDFS[0m - [32mA new block of execution have been executed with changes in sim_manager.[0m[0m
[1;32;40mINFO - 2023-05-29 07:19:52,665 - [32mSemaExplorerCDFS[0m - [32mCurrently, simulation manager is :
<SimulationManager with 4 active, 24 deadended (2 errored)>[0m[0m
[1;32;40mINFO - 2023-05-29 07:19:52,665 - [32mSemaExplorerCDFS[0m - [32mpause stash len :0[0m[0m
[1;32;40mINFO - 2023-05-29 07:19:52,665 - [32mSemaExplorerCDFS[0m - [32mfork_stack : 1[0m[0m
[1;32;40mINFO - 2023-05-29 07:19:52,684 - [32mSemaExplorerCDFS[0m - [32mA new block of execution have been executed with changes in sim_manager.[0m[0m
[1;32;40mINFO - 2023-05-29 07:19:52,684 - [32mSemaExplorerCDFS[0m - [32mCurrently, simulation manager is :
<SimulationManager with 3 active, 25 deadended (2 errored)>[0m[0m
[1;32;40mINFO - 2023-05-29 07:19:52,685 - [32mSemaExplorerCDFS[0m - [32mpause stash len :0[0m[0m
[1;32;40mINFO - 2023-05-29 07:19:52,688 - [36mCustomSimProcedure[0m - [36mSyscall found:  __libc_start_main[151294880, 1, 2147418032, 151580096, 151580208][0m[0m
[1;32;40mINFO - 2023-05-29 07:19:52,713 - [36mCustomSimProcedure[0m - [36mSyscall found:  strlen[<BV32 0x908f07e>][0m[0m
[1;32;40mINFO - 2023-05-29 07:19:52,717 - [36mCustomSimProcedure[0m - [36mSyscall found:  printf[<BV32 0x908f07e>][0m[0m
[1;32;40mINFO - 2023-05-29 07:19:52,743 - [32mSemaExplorerCDFS[0m - [32mA new block of execution have been executed with changes in sim_manager.[0m[0m
[1;32;40mINFO - 2023-05-29 07:19:52,743 - [32mSemaExplorerCDFS[0m - [32mCurrently, simulation manager is :
<SimulationManager with 2 active, 26 deadended (2 errored)>[0m[0m
[1;32;40mINFO - 2023-05-29 07:19:52,744 - [32mSemaExplorerCDFS[0m - [32mpause stash len :0[0m[0m
[1;32;40mINFO - 2023-05-29 07:19:52,791 - [36mCustomSimProcedure[0m - [36mSyscall found:  __libc_start_main[151294880, 1, 2147418032, 151580096, 151580208][0m[0m
[1;32;40mINFO - 2023-05-29 07:19:52,807 - [32mSemaExplorerCDFS[0m - [32mA new block of execution have been executed with changes in sim_manager.[0m[0m
[1;32;40mINFO - 2023-05-29 07:19:52,807 - [32mSemaExplorerCDFS[0m - [32mCurrently, simulation manager is :
<SimulationManager with 1 active, 27 deadended (2 errored)>[0m[0m
[1;32;40mINFO - 2023-05-29 07:19:52,807 - [32mSemaExplorerCDFS[0m - [32mpause stash len :0[0m[0m
[1;32;40mINFO - 2023-05-29 07:19:52,811 - [36mCustomSimProcedure[0m - [36mSyscall found:  __libc_start_main[151294880, 1, 2147418032, 151580096, 151580208][0m[0m
[1;32;40mINFO - 2023-05-29 07:19:52,813 - [32mSemaExplorerCDFS[0m - [32mA new block of execution have been executed with changes in sim_manager.[0m[0m
[1;32;40mINFO - 2023-05-29 07:19:52,813 - [32mSemaExplorerCDFS[0m - [32mCurrently, simulation manager is :
<SimulationManager with 28 deadended (2 errored)>[0m[0m
[1;32;40mINFO - 2023-05-29 07:19:52,813 - [32mSemaExplorerCDFS[0m - [32mpause stash len :0[0m[0m
[1;32;40mINFO - 2023-05-29 07:19:52,813 - [32mSemaExplorerCDFS[0m - [32mlen(simgr.active) <= 0 or deadended >= self.max_end_state)[0m[0m
[1;32;40mINFO - 2023-05-29 07:19:52,837 - [37mGraphBuilder[0m - [37mOutput dir :src/output/runs/132//extreme_mutations[0m[0m
