[1;33;40mWARNING - 2023-05-29 07:18:00,485 - [34mangr.project[0m - [34mDisabling IRSB translation cache because support for self-modifying code is enabled.[0m[0m
[1;32;40mINFO - 2023-05-29 07:18:01,622 - [33mwerkzeug[0m - [33m172.17.0.1 - - [29/May/2023 07:18:01] "GET /iteration-scdg HTTP/1.1" 200 -[0m[0m
[1;32;40mINFO - 2023-05-29 07:18:01,626 - [33mwerkzeug[0m - [33m172.17.0.1 - - [29/May/2023 07:18:01] "GET /progress-scdg HTTP/1.1" 200 -[0m[0m
[1;33;40mWARNING - 2023-05-29 07:18:04,109 - [32mangr.storage.memory_mixins.default_filler_mixin[0m - [32mFilling memory at 0xc000800c with 4 unconstrained bytes referenced from 0x908b160 (_start+0x0 in mutations5_exec (0x908b160))[0m[0m
[1;33;40mWARNING - 2023-05-29 07:18:07,096 - [32mangr.storage.memory_mixins.default_filler_mixin[0m - [32mFilling memory at 0xc0010014 with 4 unconstrained bytes referenced from 0x908b160 (_start+0x0 in mutations5_exec (0x908b160))[0m[0m
[1;33;40mWARNING - 2023-05-29 07:18:11,906 - [32mangr.storage.memory_mixins.default_filler_mixin[0m - [32mFilling memory at 0xc001801c with 4 unconstrained bytes referenced from 0x908b160 (_start+0x0 in mutations5_exec (0x908b160))[0m[0m
[1;33;40mWARNING - 2023-05-29 07:18:15,416 - [32mangr.storage.memory_mixins.default_filler_mixin[0m - [32mFilling memory at 0xc0020024 with 4 unconstrained bytes referenced from 0x908b160 (_start+0x0 in mutations5_exec (0x908b160))[0m[0m
[1;33;40mWARNING - 2023-05-29 07:18:18,718 - [32mangr.storage.memory_mixins.default_filler_mixin[0m - [32mFilling memory at 0x30 with 4 unconstrained bytes referenced from 0x908b160 (_start+0x0 in mutations5_exec (0x908b160))[0m[0m
[1;32;40mINFO - 2023-05-29 07:18:18,827 - [36mCustomSimProcedure[0m - [36mcustom_hook_static[0m[0m
[1;33;40mWARNING - 2023-05-29 07:18:18,827 - [34mangr.project[0m - [34mAddress is already hooked, during hook(0x0, <SimProcedure strcmp>). Not re-hooking.[0m[0m
[1;33;40mWARNING - 2023-05-29 07:18:18,828 - [34mangr.project[0m - [34mAddress is already hooked, during hook(0x0, <SimProcedure free>). Not re-hooking.[0m[0m
[1;33;40mWARNING - 2023-05-29 07:18:18,828 - [34mangr.project[0m - [34mAddress is already hooked, during hook(0x0, <SimProcedure memcpy>). Not re-hooking.[0m[0m
[1;33;40mWARNING - 2023-05-29 07:18:18,828 - [34mangr.project[0m - [34mAddress is already hooked, during hook(0x0, <SimProcedure fgets>). Not re-hooking.[0m[0m
[1;33;40mWARNING - 2023-05-29 07:18:18,828 - [34mangr.project[0m - [34mAddress is already hooked, during hook(0x0, <SimProcedure tolower>). Not re-hooking.[0m[0m
[1;33;40mWARNING - 2023-05-29 07:18:18,828 - [34mangr.project[0m - [34mAddress is already hooked, during hook(0x0, <SimProcedure fclose>). Not re-hooking.[0m[0m
[1;33;40mWARNING - 2023-05-29 07:18:18,828 - [34mangr.project[0m - [34mAddress is already hooked, during hook(0x0, <SimProcedure time>). Not re-hooking.[0m[0m
[1;33;40mWARNING - 2023-05-29 07:18:18,829 - [34mangr.project[0m - [34mAddress is already hooked, during hook(0x0, <SimProcedure rewind>). Not re-hooking.[0m[0m
[1;33;40mWARNING - 2023-05-29 07:18:18,829 - [34mangr.project[0m - [34mAddress is already hooked, during hook(0x0, <SimProcedure htons>). Not re-hooking.[0m[0m
[1;33;40mWARNING - 2023-05-29 07:18:18,829 - [34mangr.project[0m - [34mAddress is already hooked, during hook(0x0, <SimProcedure perror>). Not re-hooking.[0m[0m
[1;33;40mWARNING - 2023-05-29 07:18:18,829 - [34mangr.project[0m - [34mAddress is already hooked, during hook(0x0, <SimProcedure fwrite>). Not re-hooking.[0m[0m
[1;33;40mWARNING - 2023-05-29 07:18:18,829 - [34mangr.project[0m - [34mAddress is already hooked, during hook(0x0, <SimProcedure usleep>). Not re-hooking.[0m[0m
[1;33;40mWARNING - 2023-05-29 07:18:18,830 - [34mangr.project[0m - [34mAddress is already hooked, during hook(0x0, <SimProcedure strcat>). Not re-hooking.[0m[0m
[1;33;40mWARNING - 2023-05-29 07:18:18,830 - [34mangr.project[0m - [34mAddress is already hooked, during hook(0x0, <SimProcedure fread>). Not re-hooking.[0m[0m
[1;33;40mWARNING - 2023-05-29 07:18:18,830 - [34mangr.project[0m - [34mAddress is already hooked, during hook(0x0, <SimProcedure strcpy>). Not re-hooking.[0m[0m
[1;33;40mWARNING - 2023-05-29 07:18:18,830 - [34mangr.project[0m - [34mAddress is already hooked, during hook(0x0, <SimProcedure getenv>). Not re-hooking.[0m[0m
[1;33;40mWARNING - 2023-05-29 07:18:18,830 - [34mangr.project[0m - [34mAddress is already hooked, during hook(0x0, <SimProcedure realloc>). Not re-hooking.[0m[0m
[1;33;40mWARNING - 2023-05-29 07:18:18,831 - [34mangr.project[0m - [34mAddress is already hooked, during hook(0x0, <SimProcedure malloc>). Not re-hooking.[0m[0m
[1;33;40mWARNING - 2023-05-29 07:18:18,831 - [34mangr.project[0m - [34mAddress is already hooked, during hook(0x0, <SimProcedure puts>). Not re-hooking.[0m[0m
[1;33;40mWARNING - 2023-05-29 07:18:18,831 - [34mangr.project[0m - [34mAddress is already hooked, during hook(0x0, <SimProcedure srand>). Not re-hooking.[0m[0m
[1;33;40mWARNING - 2023-05-29 07:18:18,831 - [34mangr.project[0m - [34mAddress is already hooked, during hook(0x0, <SimProcedure strchr>). Not re-hooking.[0m[0m
[1;33;40mWARNING - 2023-05-29 07:18:18,831 - [34mangr.project[0m - [34mAddress is already hooked, during hook(0x0, <SimProcedure strlen>). Not re-hooking.[0m[0m
[1;33;40mWARNING - 2023-05-29 07:18:18,832 - [34mangr.project[0m - [34mAddress is already hooked, during hook(0x0, <SimProcedure __libc_start_main>). Not re-hooking.[0m[0m
[1;33;40mWARNING - 2023-05-29 07:18:18,832 - [34mangr.project[0m - [34mAddress is already hooked, during hook(0x0, <SimProcedure atol>). Not re-hooking.[0m[0m
[1;33;40mWARNING - 2023-05-29 07:18:18,832 - [34mangr.project[0m - [34mAddress is already hooked, during hook(0x0, <SimProcedure bind>). Not re-hooking.[0m[0m
[1;33;40mWARNING - 2023-05-29 07:18:18,832 - [34mangr.project[0m - [34mAddress is already hooked, during hook(0x0, <SimProcedure fopen>). Not re-hooking.[0m[0m
[1;33;40mWARNING - 2023-05-29 07:18:18,833 - [34mangr.project[0m - [34mAddress is already hooked, during hook(0x0, <SimProcedure memset>). Not re-hooking.[0m[0m
[1;33;40mWARNING - 2023-05-29 07:18:18,833 - [34mangr.project[0m - [34mAddress is already hooked, during hook(0x0, <SimProcedure putchar>). Not re-hooking.[0m[0m
[1;33;40mWARNING - 2023-05-29 07:18:18,833 - [34mangr.project[0m - [34mAddress is already hooked, during hook(0x0, <SimProcedure __errno_location>). Not re-hooking.[0m[0m
[1;33;40mWARNING - 2023-05-29 07:18:18,833 - [34mangr.project[0m - [34mAddress is already hooked, during hook(0x0, <SimProcedure strncpy>). Not re-hooking.[0m[0m
[1;33;40mWARNING - 2023-05-29 07:18:18,833 - [34mangr.project[0m - [34mAddress is already hooked, during hook(0x0, <SimProcedure rand>). Not re-hooking.[0m[0m
[1;33;40mWARNING - 2023-05-29 07:18:18,834 - [34mangr.project[0m - [34mAddress is already hooked, during hook(0x0, <SimProcedure access>). Not re-hooking.[0m[0m
[1;33;40mWARNING - 2023-05-29 07:18:18,834 - [34mangr.project[0m - [34mAddress is already hooked, during hook(0x0, <SimProcedure htonl>). Not re-hooking.[0m[0m
[1;33;40mWARNING - 2023-05-29 07:18:18,834 - [34mangr.project[0m - [34mAddress is already hooked, during hook(0x0, <SimProcedure toupper>). Not re-hooking.[0m[0m
[1;33;40mWARNING - 2023-05-29 07:18:18,834 - [34mangr.project[0m - [34mAddress is already hooked, during hook(0x0, <SimProcedure atoi>). Not re-hooking.[0m[0m
[1;33;40mWARNING - 2023-05-29 07:18:18,834 - [34mangr.project[0m - [34mAddress is already hooked, during hook(0x0, <SimProcedure socket>). Not re-hooking.[0m[0m
[1;33;40mWARNING - 2023-05-29 07:18:18,835 - [34mangr.project[0m - [34mAddress is already hooked, during hook(0x0, <SimProcedure close>). Not re-hooking.[0m[0m
[1;33;40mWARNING - 2023-05-29 07:18:18,835 - [34mangr.project[0m - [34mAddress is already hooked, during hook(0x0, <SimProcedure __ctype_b_loc>). Not re-hooking.[0m[0m
[1;33;40mWARNING - 2023-05-29 07:18:18,835 - [34mangr.project[0m - [34mAddress is already hooked, during hook(0x0, <SimProcedure calloc>). Not re-hooking.[0m[0m
[1;33;40mWARNING - 2023-05-29 07:18:18,835 - [34mangr.project[0m - [34mAddress is already hooked, during hook(0x0, <SimProcedure strstr>). Not re-hooking.[0m[0m
[1;33;40mWARNING - 2023-05-29 07:18:18,836 - [34mangr.project[0m - [34mAddress is already hooked, during hook(0x0, <SimProcedure strcmp>). Not re-hooking.[0m[0m
[1;33;40mWARNING - 2023-05-29 07:18:18,836 - [34mangr.project[0m - [34mAddress is already hooked, during hook(0x0, <SimProcedure free>). Not re-hooking.[0m[0m
[1;33;40mWARNING - 2023-05-29 07:18:18,836 - [34mangr.project[0m - [34mAddress is already hooked, during hook(0x0, <SimProcedure memcpy>). Not re-hooking.[0m[0m
[1;33;40mWARNING - 2023-05-29 07:18:18,836 - [34mangr.project[0m - [34mAddress is already hooked, during hook(0x0, <SimProcedure fgets>). Not re-hooking.[0m[0m
[1;33;40mWARNING - 2023-05-29 07:18:18,836 - [34mangr.project[0m - [34mAddress is already hooked, during hook(0x0, <SimProcedure tolower>). Not re-hooking.[0m[0m
[1;33;40mWARNING - 2023-05-29 07:18:18,836 - [34mangr.project[0m - [34mAddress is already hooked, during hook(0x0, <SimProcedure fclose>). Not re-hooking.[0m[0m
[1;33;40mWARNING - 2023-05-29 07:18:18,836 - [34mangr.project[0m - [34mAddress is already hooked, during hook(0x0, <SimProcedure time>). Not re-hooking.[0m[0m
[1;33;40mWARNING - 2023-05-29 07:18:18,837 - [34mangr.project[0m - [34mAddress is already hooked, during hook(0x0, <SimProcedure rewind>). Not re-hooking.[0m[0m
[1;33;40mWARNING - 2023-05-29 07:18:18,837 - [34mangr.project[0m - [34mAddress is already hooked, during hook(0x0, <SimProcedure htons>). Not re-hooking.[0m[0m
[1;33;40mWARNING - 2023-05-29 07:18:18,837 - [34mangr.project[0m - [34mAddress is already hooked, during hook(0x0, <SimProcedure perror>). Not re-hooking.[0m[0m
[1;33;40mWARNING - 2023-05-29 07:18:18,837 - [34mangr.project[0m - [34mAddress is already hooked, during hook(0x0, <SimProcedure fwrite>). Not re-hooking.[0m[0m
[1;33;40mWARNING - 2023-05-29 07:18:18,837 - [34mangr.project[0m - [34mAddress is already hooked, during hook(0x0, <SimProcedure usleep>). Not re-hooking.[0m[0m
[1;33;40mWARNING - 2023-05-29 07:18:18,837 - [34mangr.project[0m - [34mAddress is already hooked, during hook(0x0, <SimProcedure strcat>). Not re-hooking.[0m[0m
[1;33;40mWARNING - 2023-05-29 07:18:18,838 - [34mangr.project[0m - [34mAddress is already hooked, during hook(0x0, <SimProcedure fread>). Not re-hooking.[0m[0m
[1;33;40mWARNING - 2023-05-29 07:18:18,838 - [34mangr.project[0m - [34mAddress is already hooked, during hook(0x0, <SimProcedure strcpy>). Not re-hooking.[0m[0m
[1;33;40mWARNING - 2023-05-29 07:18:18,838 - [34mangr.project[0m - [34mAddress is already hooked, during hook(0x0, <SimProcedure getenv>). Not re-hooking.[0m[0m
[1;33;40mWARNING - 2023-05-29 07:18:18,838 - [34mangr.project[0m - [34mAddress is already hooked, during hook(0x0, <SimProcedure realloc>). Not re-hooking.[0m[0m
[1;33;40mWARNING - 2023-05-29 07:18:18,839 - [34mangr.project[0m - [34mAddress is already hooked, during hook(0x0, <SimProcedure malloc>). Not re-hooking.[0m[0m
[1;33;40mWARNING - 2023-05-29 07:18:18,839 - [34mangr.project[0m - [34mAddress is already hooked, during hook(0x0, <SimProcedure puts>). Not re-hooking.[0m[0m
[1;33;40mWARNING - 2023-05-29 07:18:18,839 - [34mangr.project[0m - [34mAddress is already hooked, during hook(0x0, <SimProcedure srand>). Not re-hooking.[0m[0m
[1;33;40mWARNING - 2023-05-29 07:18:18,839 - [34mangr.project[0m - [34mAddress is already hooked, during hook(0x0, <SimProcedure strchr>). Not re-hooking.[0m[0m
[1;33;40mWARNING - 2023-05-29 07:18:18,840 - [34mangr.project[0m - [34mAddress is already hooked, during hook(0x0, <SimProcedure strlen>). Not re-hooking.[0m[0m
[1;33;40mWARNING - 2023-05-29 07:18:18,840 - [34mangr.project[0m - [34mAddress is already hooked, during hook(0x0, <SimProcedure __libc_start_main>). Not re-hooking.[0m[0m
[1;33;40mWARNING - 2023-05-29 07:18:18,840 - [34mangr.project[0m - [34mAddress is already hooked, during hook(0x0, <SimProcedure atol>). Not re-hooking.[0m[0m
[1;33;40mWARNING - 2023-05-29 07:18:18,840 - [34mangr.project[0m - [34mAddress is already hooked, during hook(0x0, <SimProcedure bind>). Not re-hooking.[0m[0m
[1;33;40mWARNING - 2023-05-29 07:18:18,840 - [34mangr.project[0m - [34mAddress is already hooked, during hook(0x0, <SimProcedure fopen>). Not re-hooking.[0m[0m
[1;33;40mWARNING - 2023-05-29 07:18:18,841 - [34mangr.project[0m - [34mAddress is already hooked, during hook(0x0, <SimProcedure memset>). Not re-hooking.[0m[0m
[1;33;40mWARNING - 2023-05-29 07:18:18,841 - [34mangr.project[0m - [34mAddress is already hooked, during hook(0x0, <SimProcedure putchar>). Not re-hooking.[0m[0m
[1;33;40mWARNING - 2023-05-29 07:18:18,841 - [34mangr.project[0m - [34mAddress is already hooked, during hook(0x0, <SimProcedure __errno_location>). Not re-hooking.[0m[0m
[1;33;40mWARNING - 2023-05-29 07:18:18,841 - [34mangr.project[0m - [34mAddress is already hooked, during hook(0x0, <SimProcedure strncpy>). Not re-hooking.[0m[0m
[1;33;40mWARNING - 2023-05-29 07:18:18,842 - [34mangr.project[0m - [34mAddress is already hooked, during hook(0x0, <SimProcedure rand>). Not re-hooking.[0m[0m
[1;33;40mWARNING - 2023-05-29 07:18:18,842 - [34mangr.project[0m - [34mAddress is already hooked, during hook(0x0, <SimProcedure access>). Not re-hooking.[0m[0m
[1;33;40mWARNING - 2023-05-29 07:18:18,842 - [34mangr.project[0m - [34mAddress is already hooked, during hook(0x0, <SimProcedure htonl>). Not re-hooking.[0m[0m
[1;33;40mWARNING - 2023-05-29 07:18:18,842 - [34mangr.project[0m - [34mAddress is already hooked, during hook(0x0, <SimProcedure toupper>). Not re-hooking.[0m[0m
[1;33;40mWARNING - 2023-05-29 07:18:18,843 - [34mangr.project[0m - [34mAddress is already hooked, during hook(0x0, <SimProcedure atoi>). Not re-hooking.[0m[0m
[1;33;40mWARNING - 2023-05-29 07:18:18,843 - [34mangr.project[0m - [34mAddress is already hooked, during hook(0x0, <SimProcedure socket>). Not re-hooking.[0m[0m
[1;33;40mWARNING - 2023-05-29 07:18:18,843 - [34mangr.project[0m - [34mAddress is already hooked, during hook(0x0, <SimProcedure close>). Not re-hooking.[0m[0m
[1;33;40mWARNING - 2023-05-29 07:18:18,843 - [34mangr.project[0m - [34mAddress is already hooked, during hook(0x0, <SimProcedure __ctype_b_loc>). Not re-hooking.[0m[0m
[1;33;40mWARNING - 2023-05-29 07:18:18,844 - [34mangr.project[0m - [34mAddress is already hooked, during hook(0x0, <SimProcedure calloc>). Not re-hooking.[0m[0m
[1;33;40mWARNING - 2023-05-29 07:18:18,844 - [34mangr.project[0m - [34mAddress is already hooked, during hook(0x9049060, <SimProcedure printf>). Not re-hooking.[0m[0m
[1;33;40mWARNING - 2023-05-29 07:18:18,845 - [34mangr.project[0m - [34mAddress is already hooked, during hook(0x9049240, <SimProcedure fprintf>). Not re-hooking.[0m[0m
[1;33;40mWARNING - 2023-05-29 07:18:18,848 - [34mangr.project[0m - [34mAddress is already hooked, during hook(0xa800000, <SimProcedure strstr>). Not re-hooking.[0m[0m
[1;33;40mWARNING - 2023-05-29 07:18:18,848 - [34mangr.project[0m - [34mAddress is already hooked, during hook(0xa800004, <SimProcedure strcmp>). Not re-hooking.[0m[0m
[1;33;40mWARNING - 2023-05-29 07:18:18,849 - [34mangr.project[0m - [34mAddress is already hooked, during hook(0xa800008, <SimProcedure printf>). Not re-hooking.[0m[0m
[1;33;40mWARNING - 2023-05-29 07:18:18,849 - [34mangr.project[0m - [34mAddress is already hooked, during hook(0xa800010, <SimProcedure free>). Not re-hooking.[0m[0m
[1;33;40mWARNING - 2023-05-29 07:18:18,849 - [34mangr.project[0m - [34mAddress is already hooked, during hook(0xa800014, <SimProcedure memcpy>). Not re-hooking.[0m[0m
[1;33;40mWARNING - 2023-05-29 07:18:18,849 - [34mangr.project[0m - [34mAddress is already hooked, during hook(0xa80001c, <SimProcedure fgets>). Not re-hooking.[0m[0m
[1;33;40mWARNING - 2023-05-29 07:18:18,849 - [34mangr.project[0m - [34mAddress is already hooked, during hook(0xa800020, <SimProcedure tolower>). Not re-hooking.[0m[0m
[1;33;40mWARNING - 2023-05-29 07:18:18,850 - [34mangr.project[0m - [34mAddress is already hooked, during hook(0xa800024, <SimProcedure fclose>). Not re-hooking.[0m[0m
[1;33;40mWARNING - 2023-05-29 07:18:18,850 - [34mangr.project[0m - [34mAddress is already hooked, during hook(0xa800028, <SimProcedure time>). Not re-hooking.[0m[0m
[1;33;40mWARNING - 2023-05-29 07:18:18,850 - [34mangr.project[0m - [34mAddress is already hooked, during hook(0xa800034, <SimProcedure rewind>). Not re-hooking.[0m[0m
[1;33;40mWARNING - 2023-05-29 07:18:18,850 - [34mangr.project[0m - [34mAddress is already hooked, during hook(0xa80003c, <SimProcedure htons>). Not re-hooking.[0m[0m
[1;33;40mWARNING - 2023-05-29 07:18:18,850 - [34mangr.project[0m - [34mAddress is already hooked, during hook(0xa800040, <SimProcedure perror>). Not re-hooking.[0m[0m
[1;33;40mWARNING - 2023-05-29 07:18:18,851 - [34mangr.project[0m - [34mAddress is already hooked, during hook(0xa800044, <SimProcedure fwrite>). Not re-hooking.[0m[0m
[1;33;40mWARNING - 2023-05-29 07:18:18,851 - [34mangr.project[0m - [34mAddress is already hooked, during hook(0xa800048, <SimProcedure usleep>). Not re-hooking.[0m[0m
[1;33;40mWARNING - 2023-05-29 07:18:18,851 - [34mangr.project[0m - [34mAddress is already hooked, during hook(0xa80004c, <SimProcedure strcat>). Not re-hooking.[0m[0m
[1;33;40mWARNING - 2023-05-29 07:18:18,851 - [34mangr.project[0m - [34mAddress is already hooked, during hook(0xa800050, <SimProcedure fread>). Not re-hooking.[0m[0m
[1;33;40mWARNING - 2023-05-29 07:18:18,851 - [34mangr.project[0m - [34mAddress is already hooked, during hook(0xa800054, <SimProcedure strcpy>). Not re-hooking.[0m[0m
[1;33;40mWARNING - 2023-05-29 07:18:18,852 - [34mangr.project[0m - [34mAddress is already hooked, during hook(0xa800058, <SimProcedure getenv>). Not re-hooking.[0m[0m
[1;33;40mWARNING - 2023-05-29 07:18:18,852 - [34mangr.project[0m - [34mAddress is already hooked, during hook(0xa80005c, <SimProcedure realloc>). Not re-hooking.[0m[0m
[1;33;40mWARNING - 2023-05-29 07:18:18,852 - [34mangr.project[0m - [34mAddress is already hooked, during hook(0xa800060, <SimProcedure malloc>). Not re-hooking.[0m[0m
[1;33;40mWARNING - 2023-05-29 07:18:18,852 - [34mangr.project[0m - [34mAddress is already hooked, during hook(0xa800064, <SimProcedure puts>). Not re-hooking.[0m[0m
[1;33;40mWARNING - 2023-05-29 07:18:18,853 - [34mangr.project[0m - [34mAddress is already hooked, during hook(0xa800070, <SimProcedure srand>). Not re-hooking.[0m[0m
[1;33;40mWARNING - 2023-05-29 07:18:18,853 - [34mangr.project[0m - [34mAddress is already hooked, during hook(0xa800074, <SimProcedure strchr>). Not re-hooking.[0m[0m
[1;33;40mWARNING - 2023-05-29 07:18:18,853 - [34mangr.project[0m - [34mAddress is already hooked, during hook(0xa800078, <SimProcedure strlen>). Not re-hooking.[0m[0m
[1;33;40mWARNING - 2023-05-29 07:18:18,854 - [34mangr.project[0m - [34mAddress is already hooked, during hook(0xa80007c, <SimProcedure __libc_start_main>). Not re-hooking.[0m[0m
[1;33;40mWARNING - 2023-05-29 07:18:18,854 - [34mangr.project[0m - [34mAddress is already hooked, during hook(0xa800080, <SimProcedure fprintf>). Not re-hooking.[0m[0m
[1;33;40mWARNING - 2023-05-29 07:18:18,854 - [34mangr.project[0m - [34mAddress is already hooked, during hook(0xa800084, <SimProcedure atol>). Not re-hooking.[0m[0m
[1;33;40mWARNING - 2023-05-29 07:18:18,854 - [34mangr.project[0m - [34mAddress is already hooked, during hook(0xa800088, <SimProcedure bind>). Not re-hooking.[0m[0m
[1;33;40mWARNING - 2023-05-29 07:18:18,854 - [34mangr.project[0m - [34mAddress is already hooked, during hook(0xa80008c, <SimProcedure fopen>). Not re-hooking.[0m[0m
[1;33;40mWARNING - 2023-05-29 07:18:18,855 - [34mangr.project[0m - [34mAddress is already hooked, during hook(0xa800090, <SimProcedure memset>). Not re-hooking.[0m[0m
[1;33;40mWARNING - 2023-05-29 07:18:18,855 - [34mangr.project[0m - [34mAddress is already hooked, during hook(0xa800094, <SimProcedure putchar>). Not re-hooking.[0m[0m
[1;33;40mWARNING - 2023-05-29 07:18:18,855 - [34mangr.project[0m - [34mAddress is already hooked, during hook(0xa800098, <SimProcedure __errno_location>). Not re-hooking.[0m[0m
[1;33;40mWARNING - 2023-05-29 07:18:18,855 - [34mangr.project[0m - [34mAddress is already hooked, during hook(0xa8000a0, <SimProcedure strncpy>). Not re-hooking.[0m[0m
[1;33;40mWARNING - 2023-05-29 07:18:18,856 - [34mangr.project[0m - [34mAddress is already hooked, during hook(0xa8000a4, <SimProcedure rand>). Not re-hooking.[0m[0m
[1;33;40mWARNING - 2023-05-29 07:18:18,856 - [34mangr.project[0m - [34mAddress is already hooked, during hook(0xa8000a8, <SimProcedure access>). Not re-hooking.[0m[0m
[1;33;40mWARNING - 2023-05-29 07:18:18,856 - [34mangr.project[0m - [34mAddress is already hooked, during hook(0xa8000b4, <SimProcedure htonl>). Not re-hooking.[0m[0m
[1;33;40mWARNING - 2023-05-29 07:18:18,856 - [34mangr.project[0m - [34mAddress is already hooked, during hook(0xa8000b8, <SimProcedure toupper>). Not re-hooking.[0m[0m
[1;33;40mWARNING - 2023-05-29 07:18:18,857 - [34mangr.project[0m - [34mAddress is already hooked, during hook(0xa8000c0, <SimProcedure atoi>). Not re-hooking.[0m[0m
[1;33;40mWARNING - 2023-05-29 07:18:18,857 - [34mangr.project[0m - [34mAddress is already hooked, during hook(0xa8000cc, <SimProcedure socket>). Not re-hooking.[0m[0m
[1;33;40mWARNING - 2023-05-29 07:18:18,857 - [34mangr.project[0m - [34mAddress is already hooked, during hook(0xa8000d8, <SimProcedure close>). Not re-hooking.[0m[0m
[1;33;40mWARNING - 2023-05-29 07:18:18,857 - [34mangr.project[0m - [34mAddress is already hooked, during hook(0xa8000e0, <SimProcedure __ctype_b_loc>). Not re-hooking.[0m[0m
[1;33;40mWARNING - 2023-05-29 07:18:18,857 - [34mangr.project[0m - [34mAddress is already hooked, during hook(0xa8000e4, <SimProcedure calloc>). Not re-hooking.[0m[0m
[1;32;40mINFO - 2023-05-29 07:18:18,858 - [36mCustomSimProcedure[0m - [36mcustom_hook_no_symbols[0m[0m
[1;33;40mWARNING - 2023-05-29 07:18:18,985 - [32mangr.storage.memory_mixins.default_filler_mixin[0m - [32mFilling memory at 0xc002032c with 4 unconstrained bytes referenced from 0xa80007c (__libc_start_main+0x0 in extern-address space (0x7c))[0m[0m
[1;32;40mINFO - 2023-05-29 07:18:19,037 - [36mCustomSimProcedure[0m - [36mSyscall found:  malloc[<BV32 0x300>][0m[0m
[1;33;40mWARNING - 2023-05-29 07:18:19,070 - [32mangr.storage.memory_mixins.default_filler_mixin[0m - [32mFilling memory at 0xc002033c with 4 unconstrained bytes referenced from 0xa80007c (__libc_start_main+0x0 in extern-address space (0x7c))[0m[0m
[1;32;40mINFO - 2023-05-29 07:18:19,126 - [36mCustomSimProcedure[0m - [36mSyscall found:  malloc[<BV32 0x4>][0m[0m
[1;33;40mWARNING - 2023-05-29 07:18:19,200 - [32mangr.storage.memory_mixins.default_filler_mixin[0m - [32mFilling memory at 0xc0020944 with 4 unconstrained bytes referenced from 0xa80007c (__libc_start_main+0x0 in extern-address space (0x7c))[0m[0m
[1;32;40mINFO - 2023-05-29 07:18:19,291 - [36mCustomSimProcedure[0m - [36mSyscall found:  malloc[<BV32 0x600>][0m[0m
[1;33;40mWARNING - 2023-05-29 07:18:19,341 - [32mangr.storage.memory_mixins.default_filler_mixin[0m - [32mFilling memory at 0xc0020954 with 4 unconstrained bytes referenced from 0xa80007c (__libc_start_main+0x0 in extern-address space (0x7c))[0m[0m
[1;32;40mINFO - 2023-05-29 07:18:19,399 - [36mCustomSimProcedure[0m - [36mSyscall found:  malloc[<BV32 0x4>][0m[0m
[1;33;40mWARNING - 2023-05-29 07:18:19,458 - [32mangr.storage.memory_mixins.default_filler_mixin[0m - [32mFilling memory at 0xc0020f5c with 4 unconstrained bytes referenced from 0xa80007c (__libc_start_main+0x0 in extern-address space (0x7c))[0m[0m
[1;32;40mINFO - 2023-05-29 07:18:19,512 - [36mCustomSimProcedure[0m - [36mSyscall found:  malloc[<BV32 0x600>][0m[0m
[1;33;40mWARNING - 2023-05-29 07:18:19,546 - [32mangr.storage.memory_mixins.default_filler_mixin[0m - [32mFilling memory at 0xc0020f6c with 4 unconstrained bytes referenced from 0xa80007c (__libc_start_main+0x0 in extern-address space (0x7c))[0m[0m
[1;32;40mINFO - 2023-05-29 07:18:19,598 - [36mCustomSimProcedure[0m - [36mSyscall found:  malloc[<BV32 0x4>][0m[0m
[1;33;40mWARNING - 2023-05-29 07:18:19,650 - [32mangr.storage.memory_mixins.default_filler_mixin[0m - [32mFilling memory at 0xc0020f7c with 4 unconstrained bytes referenced from 0xa80007c (__libc_start_main+0x0 in extern-address space (0x7c))[0m[0m
[1;32;40mINFO - 2023-05-29 07:18:19,702 - [36mCustomSimProcedure[0m - [36mSyscall found:  malloc[<BV32 0x4>][0m[0m
[1;32;40mINFO - 2023-05-29 07:18:19,711 - [36mCustomSimProcedure[0m - [36mSyscall found:  __libc_start_main[<BV32 0x90493e0>, <BV32 0x1>, <BV32 0x7ffeffb0>, <BV32 0x908b280>, <BV32 0x908b2f0>][0m[0m
[1;33;40mWARNING - 2023-05-29 07:18:19,729 - [32mangr.storage.memory_mixins.default_filler_mixin[0m - [32mFilling register edi with 4 unconstrained bytes referenced from 0x908b290 (__libc_csu_init+0x10 in mutations5_exec (0x908b290))[0m[0m
[1;32;40mINFO - 2023-05-29 07:18:19,828 - [36mCustomSimProcedure[0m - [36mSyscall found:  __libc_start_main[151294944, 1, 2147418032, 151564928, 151565040][0m[0m
[1;32;40mINFO - 2023-05-29 07:18:19,879 - [36mCustomSimProcedure[0m - [36mSyscall found:  sysconf[<BV32 0x54>][0m[0m
[1;32;40mINFO - 2023-05-29 07:18:19,919 - [32mSemaExplorerCDFS[0m - [32mA new block of execution have been executed with changes in sim_manager.[0m[0m
[1;32;40mINFO - 2023-05-29 07:18:19,919 - [32mSemaExplorerCDFS[0m - [32mCurrently, simulation manager is :
<SimulationManager with 2 active>[0m[0m
[1;32;40mINFO - 2023-05-29 07:18:19,919 - [32mSemaExplorerCDFS[0m - [32mpause stash len :0[0m[0m
[1;32;40mINFO - 2023-05-29 07:18:19,919 - [32mSemaExplorerCDFS[0m - [32mfork_stack : 1[0m[0m
[1;32;40mINFO - 2023-05-29 07:18:19,981 - [36mCustomSimProcedure[0m - [36mSyscall found:  popen[<BV32 0x908c009>, <BV32 0x908c06f>][0m[0m
[1;32;40mINFO - 2023-05-29 07:18:20,009 - [36mCustomSimProcedure[0m - [36mSyscall found:  popen[<BV32 0x908c009>, <BV32 0x908c06f>][0m[0m
[1;32;40mINFO - 2023-05-29 07:18:20,069 - [32mSemaExplorerCDFS[0m - [32mA new block of execution have been executed with changes in sim_manager.[0m[0m
[1;32;40mINFO - 2023-05-29 07:18:20,069 - [32mSemaExplorerCDFS[0m - [32mCurrently, simulation manager is :
<SimulationManager with 4 active>[0m[0m
[1;32;40mINFO - 2023-05-29 07:18:20,069 - [32mSemaExplorerCDFS[0m - [32mpause stash len :0[0m[0m
[1;32;40mINFO - 2023-05-29 07:18:20,069 - [32mSemaExplorerCDFS[0m - [32mfork_stack : 2[0m[0m
[1;32;40mINFO - 2023-05-29 07:18:20,106 - [36mCustomSimProcedure[0m - [36mSyscall found:  strlen[<BV32 0x908c078>][0m[0m
[1;32;40mINFO - 2023-05-29 07:18:20,107 - [36mCustomSimProcedure[0m - [36mSyscall found:  printf[<BV32 0x908c078>][0m[0m
[1;32;40mINFO - 2023-05-29 07:18:20,112 - [36mCustomSimProcedure[0m - [36mSyscall found:  strlen[<BV32 0x908c078>][0m[0m
[1;32;40mINFO - 2023-05-29 07:18:20,114 - [36mCustomSimProcedure[0m - [36mSyscall found:  printf[<BV32 0x908c078>][0m[0m
[1;33;40mWARNING - 2023-05-29 07:18:20,248 - [32mangr.storage.memory_mixins.default_filler_mixin[0m - [32mFilling memory at 0x3 with 2 unconstrained bytes referenced from 0xa80001c (fgets+0x0 in extern-address space (0x1c))[0m[0m
[1;33;40mWARNING - 2023-05-29 07:18:20,412 - [32mangr.storage.memory_mixins.default_filler_mixin[0m - [32mFilling memory at 0xfffffffc with 3 unconstrained bytes referenced from 0xa80001c (fgets+0x0 in extern-address space (0x1c))[0m[0m
[1;32;40mINFO - 2023-05-29 07:18:20,441 - [32mSemaExplorerCDFS[0m - [32mEnd of the trace number 0 with errors[0m[0m
[1;32;40mINFO - 2023-05-29 07:18:20,441 - [32mSemaExplorerCDFS[0m - <SimState @ 0xa80001c>[0m
[1;32;40mINFO - 2023-05-29 07:18:20,442 - [32mSemaExplorerCDFS[0m - Tried to do operation on symbolic but partially constrained file descriptor[0m
[1;32;40mINFO - 2023-05-29 07:18:20,443 - [32mSemaExplorerCDFS[0m - [32mEnd of the trace number 1 with errors[0m[0m
[1;32;40mINFO - 2023-05-29 07:18:20,443 - [32mSemaExplorerCDFS[0m - <SimState @ 0xa80001c>[0m
[1;32;40mINFO - 2023-05-29 07:18:20,444 - [32mSemaExplorerCDFS[0m - Tried to do operation on symbolic but partially constrained file descriptor[0m
[1;33;40mWARNING - 2023-05-29 07:18:20,471 - [32mangr.storage.memory_mixins.default_filler_mixin[0m - [32mFilling memory at 0x38 with 4 unconstrained bytes referenced from 0xa80001c (fgets+0x0 in extern-address space (0x1c))[0m[0m
[1;33;40mWARNING - 2023-05-29 07:18:20,496 - [33mangr.state_plugins.posix[0m - [33mTried to look up a symbolic fd - constrained to 3 and opened b'/tmp/angr_implicit_0'[0m[0m
[1;32;40mINFO - 2023-05-29 07:18:20,547 - [36mCustomSimProcedure[0m - [36mSyscall found:  fgets[<BV32 0x7ffefe68>, <BV32 0x80>, <BV32 unconstrained_ret_popen_4983377_32{UNINITIALIZED}>][0m[0m
[1;33;40mWARNING - 2023-05-29 07:18:20,624 - [33mangr.state_plugins.posix[0m - [33mTried to look up a symbolic fd - constrained to 3 and opened b'/tmp/angr_implicit_0'[0m[0m
[1;32;40mINFO - 2023-05-29 07:18:20,675 - [36mCustomSimProcedure[0m - [36mSyscall found:  fgets[<BV32 0x7ffefe68>, <BV32 0x80>, <BV32 unconstrained_ret_popen_4983378_32{UNINITIALIZED}>][0m[0m
[1;32;40mINFO - 2023-05-29 07:18:20,778 - [36mCustomSimProcedure[0m - [36mSyscall found:  strlen[<BV32 0x908c029>][0m[0m
[1;32;40mINFO - 2023-05-29 07:18:20,779 - [36mCustomSimProcedure[0m - [36mSyscall found:  memcpy[<BV32 0x7ffefe30>, <BV32 0x908c029>, <BV32 0x22>][0m[0m
[1;32;40mINFO - 2023-05-29 07:18:20,779 - [36mCustomSimProcedure[0m - [36mSyscall found:  strncpy[<BV32 0x7ffefe30>, <BV32 0x908c029>, <BV32 0x22>][0m[0m
[1;32;40mINFO - 2023-05-29 07:18:20,793 - [36mCustomSimProcedure[0m - [36mSyscall found:  strlen[<BV32 0x908c029>][0m[0m
[1;32;40mINFO - 2023-05-29 07:18:20,795 - [36mCustomSimProcedure[0m - [36mSyscall found:  memcpy[<BV32 0x7ffefe30>, <BV32 0x908c029>, <BV32 0x22>][0m[0m
[1;32;40mINFO - 2023-05-29 07:18:20,796 - [36mCustomSimProcedure[0m - [36mSyscall found:  strncpy[<BV32 0x7ffefe30>, <BV32 0x908c029>, <BV32 0x22>][0m[0m
[1;32;40mINFO - 2023-05-29 07:18:20,835 - [36mCustomSimProcedure[0m - [36mSyscall found:  strlen[<BV32 0x908c029>][0m[0m
[1;32;40mINFO - 2023-05-29 07:18:20,845 - [36mCustomSimProcedure[0m - [36mSyscall found:  strlen[<BV32 0x7ffefe30>][0m[0m
[1;32;40mINFO - 2023-05-29 07:18:20,852 - [36mCustomSimProcedure[0m - [36mSyscall found:  strncmp[<BV32 0x908c029>, <BV32 0x7ffefe30>, <BV32 0x21>][0m[0m
[1;32;40mINFO - 2023-05-29 07:18:20,852 - [36mCustomSimProcedure[0m - [36mSyscall found:  strcmp[<BV32 0x908c029>, <BV32 0x7ffefe30>][0m[0m
[1;32;40mINFO - 2023-05-29 07:18:20,866 - [36mCustomSimProcedure[0m - [36mSyscall found:  strlen[<BV32 0x908c029>][0m[0m
[1;32;40mINFO - 2023-05-29 07:18:20,876 - [36mCustomSimProcedure[0m - [36mSyscall found:  strlen[<BV32 0x7ffefe30>][0m[0m
[1;32;40mINFO - 2023-05-29 07:18:20,883 - [36mCustomSimProcedure[0m - [36mSyscall found:  strncmp[<BV32 0x908c029>, <BV32 0x7ffefe30>, <BV32 0x21>][0m[0m
[1;32;40mINFO - 2023-05-29 07:18:20,883 - [36mCustomSimProcedure[0m - [36mSyscall found:  strcmp[<BV32 0x908c029>, <BV32 0x7ffefe30>][0m[0m
[1;32;40mINFO - 2023-05-29 07:18:20,928 - [36mCustomSimProcedure[0m - [36mSyscall found:  pclose[<BV32 unconstrained_ret_popen_4983377_32{UNINITIALIZED}>][0m[0m
[1;32;40mINFO - 2023-05-29 07:18:21,042 - [36mCustomSimProcedure[0m - [36mSyscall found:  pclose[<BV32 unconstrained_ret_popen_4983378_32{UNINITIALIZED}>][0m[0m
[1;32;40mINFO - 2023-05-29 07:18:21,189 - [32mSemaExplorerCDFS[0m - [32mA new block of execution have been executed with changes in sim_manager.[0m[0m
[1;32;40mINFO - 2023-05-29 07:18:21,190 - [32mSemaExplorerCDFS[0m - [32mCurrently, simulation manager is :
<SimulationManager with 4 active (2 errored)>[0m[0m
[1;32;40mINFO - 2023-05-29 07:18:21,190 - [32mSemaExplorerCDFS[0m - [32mpause stash len :0[0m[0m
[1;32;40mINFO - 2023-05-29 07:18:21,190 - [32mSemaExplorerCDFS[0m - [32mfork_stack : 2[0m[0m
[1;32;40mINFO - 2023-05-29 07:18:21,235 - [36mCustomSimProcedure[0m - [36mSyscall found:  strlen[<BV32 0x908c07e>][0m[0m
[1;32;40mINFO - 2023-05-29 07:18:21,239 - [36mCustomSimProcedure[0m - [36mSyscall found:  printf[<BV32 0x908c07e>][0m[0m
[1;32;40mINFO - 2023-05-29 07:18:21,264 - [36mCustomSimProcedure[0m - [36mSyscall found:  strlen[<BV32 0x908c07e>][0m[0m
[1;32;40mINFO - 2023-05-29 07:18:21,268 - [36mCustomSimProcedure[0m - [36mSyscall found:  printf[<BV32 0x908c07e>][0m[0m
[1;32;40mINFO - 2023-05-29 07:18:21,355 - [36mCustomSimProcedure[0m - [36mSyscall found:  popen[<BV32 0x908c04b>, <BV32 0x908c06f>][0m[0m
[1;32;40mINFO - 2023-05-29 07:18:21,383 - [36mCustomSimProcedure[0m - [36mSyscall found:  popen[<BV32 0x908c04b>, <BV32 0x908c06f>][0m[0m
[1;32;40mINFO - 2023-05-29 07:18:21,453 - [32mSemaExplorerCDFS[0m - [32mA new block of execution have been executed with changes in sim_manager.[0m[0m
[1;32;40mINFO - 2023-05-29 07:18:21,453 - [32mSemaExplorerCDFS[0m - [32mCurrently, simulation manager is :
<SimulationManager with 6 active (2 errored)>[0m[0m
[1;32;40mINFO - 2023-05-29 07:18:21,453 - [32mSemaExplorerCDFS[0m - [32mpause stash len :0[0m[0m
[1;32;40mINFO - 2023-05-29 07:18:21,453 - [32mSemaExplorerCDFS[0m - [32mfork_stack : 2[0m[0m
[1;32;40mINFO - 2023-05-29 07:18:21,456 - [36mCustomSimProcedure[0m - [36mSyscall found:  popen[<BV32 0x908c04b>, <BV32 0x908c06f>][0m[0m
[1;32;40mINFO - 2023-05-29 07:18:21,494 - [36mCustomSimProcedure[0m - [36mSyscall found:  popen[<BV32 0x908c04b>, <BV32 0x908c06f>][0m[0m
[1;32;40mINFO - 2023-05-29 07:18:21,578 - [36mCustomSimProcedure[0m - [36mSyscall found:  strlen[<BV32 0x908c078>][0m[0m
[1;32;40mINFO - 2023-05-29 07:18:21,578 - [36mCustomSimProcedure[0m - [36mSyscall found:  printf[<BV32 0x908c078>][0m[0m
[1;32;40mINFO - 2023-05-29 07:18:21,589 - [36mCustomSimProcedure[0m - [36mSyscall found:  strlen[<BV32 0x908c078>][0m[0m
[1;32;40mINFO - 2023-05-29 07:18:21,590 - [36mCustomSimProcedure[0m - [36mSyscall found:  printf[<BV32 0x908c078>][0m[0m
[1;32;40mINFO - 2023-05-29 07:18:21,593 - [32mSemaExplorerCDFS[0m - [32mA new block of execution have been executed with changes in sim_manager.[0m[0m
[1;32;40mINFO - 2023-05-29 07:18:21,593 - [32mSemaExplorerCDFS[0m - [32mCurrently, simulation manager is :
<SimulationManager with 7 active (2 errored)>[0m[0m
[1;32;40mINFO - 2023-05-29 07:18:21,593 - [32mSemaExplorerCDFS[0m - [32mpause stash len :1[0m[0m
[1;32;40mINFO - 2023-05-29 07:18:21,594 - [32mSemaExplorerCDFS[0m - [32mfork_stack : 2[0m[0m
[1;32;40mINFO - 2023-05-29 07:18:21,642 - [36mCustomSimProcedure[0m - [36mSyscall found:  strlen[<BV32 0x908c078>][0m[0m
[1;32;40mINFO - 2023-05-29 07:18:21,643 - [36mCustomSimProcedure[0m - [36mSyscall found:  printf[<BV32 0x908c078>][0m[0m
[1;32;40mINFO - 2023-05-29 07:18:21,654 - [36mCustomSimProcedure[0m - [36mSyscall found:  strlen[<BV32 0x908c078>][0m[0m
[1;32;40mINFO - 2023-05-29 07:18:21,655 - [36mCustomSimProcedure[0m - [36mSyscall found:  printf[<BV32 0x908c078>][0m[0m
[1;33;40mWARNING - 2023-05-29 07:18:21,791 - [32mangr.storage.memory_mixins.default_filler_mixin[0m - [32mFilling memory at 0x5 with 4 unconstrained bytes referenced from 0xa80001c (fgets+0x0 in extern-address space (0x1c))[0m[0m
[1;33;40mWARNING - 2023-05-29 07:18:21,844 - [33mangr.state_plugins.posix[0m - [33mTried to look up a symbolic fd - constrained to 4 and opened b'/tmp/angr_implicit_1'[0m[0m
[1;32;40mINFO - 2023-05-29 07:18:21,894 - [36mCustomSimProcedure[0m - [36mSyscall found:  fgets[<BV32 0x7ffefe68>, <BV32 0x80>, <BV32 unconstrained_ret_popen_4983390_32{UNINITIALIZED}>][0m[0m
[1;33;40mWARNING - 2023-05-29 07:18:22,057 - [32mangr.storage.memory_mixins.default_filler_mixin[0m - [32mFilling memory at 0x1b with 4 unconstrained bytes referenced from 0xa80001c (fgets+0x0 in extern-address space (0x1c))[0m[0m
[1;33;40mWARNING - 2023-05-29 07:18:22,098 - [33mangr.state_plugins.posix[0m - [33mTried to look up a symbolic fd - constrained to 4 and opened b'/tmp/angr_implicit_1'[0m[0m
[1;32;40mINFO - 2023-05-29 07:18:22,150 - [36mCustomSimProcedure[0m - [36mSyscall found:  fgets[<BV32 0x7ffefe68>, <BV32 0x80>, <BV32 unconstrained_ret_popen_4983391_32{UNINITIALIZED}>][0m[0m
[1;32;40mINFO - 2023-05-29 07:18:22,268 - [36mCustomSimProcedure[0m - [36mSyscall found:  fgets[<BV32 0x7ffefe68>, <BV32 0x80>, <BV32 unconstrained_ret_popen_4983388_32{UNINITIALIZED}>][0m[0m
[1;32;40mINFO - 2023-05-29 07:18:22,410 - [36mCustomSimProcedure[0m - [36mSyscall found:  fgets[<BV32 0x7ffefe68>, <BV32 0x80>, <BV32 unconstrained_ret_popen_4983390_32{UNINITIALIZED}>][0m[0m
[1;32;40mINFO - 2023-05-29 07:18:22,531 - [36mCustomSimProcedure[0m - [36mSyscall found:  fgets[<BV32 0x7ffefe68>, <BV32 0x80>, <BV32 unconstrained_ret_popen_4983391_32{UNINITIALIZED}>][0m[0m
[1;32;40mINFO - 2023-05-29 07:18:23,070 - [36mCustomSimProcedure[0m - [36mSyscall found:  strlen[<BV32 0x908c071>][0m[0m
[1;32;40mINFO - 2023-05-29 07:18:23,072 - [36mCustomSimProcedure[0m - [36mSyscall found:  memcpy[<BV32 0x7ffefe50>, <BV32 0x908c071>, <BV32 0x6>][0m[0m
[1;32;40mINFO - 2023-05-29 07:18:23,072 - [36mCustomSimProcedure[0m - [36mSyscall found:  strncpy[<BV32 0x7ffefe50>, <BV32 0x908c071>, <BV32 0x6>][0m[0m
[1;32;40mINFO - 2023-05-29 07:18:23,098 - [36mCustomSimProcedure[0m - [36mSyscall found:  strlen[<BV32 0x908c071>][0m[0m
[1;32;40mINFO - 2023-05-29 07:18:23,099 - [36mCustomSimProcedure[0m - [36mSyscall found:  memcpy[<BV32 0x7ffefe50>, <BV32 0x908c071>, <BV32 0x6>][0m[0m
[1;32;40mINFO - 2023-05-29 07:18:23,100 - [36mCustomSimProcedure[0m - [36mSyscall found:  strncpy[<BV32 0x7ffefe50>, <BV32 0x908c071>, <BV32 0x6>][0m[0m
[1;32;40mINFO - 2023-05-29 07:18:23,106 - [36mCustomSimProcedure[0m - [36mSyscall found:  strlen[<BV32 0x908c071>][0m[0m
[1;32;40mINFO - 2023-05-29 07:18:23,108 - [36mCustomSimProcedure[0m - [36mSyscall found:  memcpy[<BV32 0x7ffefe50>, <BV32 0x908c071>, <BV32 0x6>][0m[0m
[1;32;40mINFO - 2023-05-29 07:18:23,108 - [36mCustomSimProcedure[0m - [36mSyscall found:  strncpy[<BV32 0x7ffefe50>, <BV32 0x908c071>, <BV32 0x6>][0m[0m
[1;32;40mINFO - 2023-05-29 07:18:23,151 - [36mCustomSimProcedure[0m - [36mSyscall found:  strlen[<BV32 0x908c071>][0m[0m
[1;32;40mINFO - 2023-05-29 07:18:23,152 - [36mCustomSimProcedure[0m - [36mSyscall found:  memcpy[<BV32 0x7ffefe50>, <BV32 0x908c071>, <BV32 0x6>][0m[0m
[1;32;40mINFO - 2023-05-29 07:18:23,152 - [36mCustomSimProcedure[0m - [36mSyscall found:  strncpy[<BV32 0x7ffefe50>, <BV32 0x908c071>, <BV32 0x6>][0m[0m
[1;32;40mINFO - 2023-05-29 07:18:23,160 - [36mCustomSimProcedure[0m - [36mSyscall found:  strlen[<BV32 0x908c071>][0m[0m
[1;32;40mINFO - 2023-05-29 07:18:23,163 - [36mCustomSimProcedure[0m - [36mSyscall found:  memcpy[<BV32 0x7ffefe50>, <BV32 0x908c071>, <BV32 0x6>][0m[0m
[1;32;40mINFO - 2023-05-29 07:18:23,164 - [36mCustomSimProcedure[0m - [36mSyscall found:  strncpy[<BV32 0x7ffefe50>, <BV32 0x908c071>, <BV32 0x6>][0m[0m
[1;32;40mINFO - 2023-05-29 07:18:23,192 - [36mCustomSimProcedure[0m - [36mSyscall found:  strlen[<BV32 0x908c071>][0m[0m
[1;32;40mINFO - 2023-05-29 07:18:23,194 - [36mCustomSimProcedure[0m - [36mSyscall found:  strlen[<BV32 0x7ffefe50>][0m[0m
[1;32;40mINFO - 2023-05-29 07:18:23,196 - [36mCustomSimProcedure[0m - [36mSyscall found:  strncmp[<BV32 0x908c071>, <BV32 0x7ffefe50>, <BV32 0x6>][0m[0m
[1;32;40mINFO - 2023-05-29 07:18:23,197 - [36mCustomSimProcedure[0m - [36mSyscall found:  strcmp[<BV32 0x908c071>, <BV32 0x7ffefe50>][0m[0m
[1;32;40mINFO - 2023-05-29 07:18:23,216 - [36mCustomSimProcedure[0m - [36mSyscall found:  strlen[<BV32 0x908c071>][0m[0m
[1;32;40mINFO - 2023-05-29 07:18:23,219 - [36mCustomSimProcedure[0m - [36mSyscall found:  strlen[<BV32 0x7ffefe50>][0m[0m
[1;32;40mINFO - 2023-05-29 07:18:23,222 - [36mCustomSimProcedure[0m - [36mSyscall found:  strncmp[<BV32 0x908c071>, <BV32 0x7ffefe50>, <BV32 0x6>][0m[0m
[1;32;40mINFO - 2023-05-29 07:18:23,222 - [36mCustomSimProcedure[0m - [36mSyscall found:  strcmp[<BV32 0x908c071>, <BV32 0x7ffefe50>][0m[0m
[1;32;40mINFO - 2023-05-29 07:18:23,229 - [36mCustomSimProcedure[0m - [36mSyscall found:  strlen[<BV32 0x908c071>][0m[0m
[1;32;40mINFO - 2023-05-29 07:18:23,233 - [36mCustomSimProcedure[0m - [36mSyscall found:  strlen[<BV32 0x7ffefe50>][0m[0m
[1;32;40mINFO - 2023-05-29 07:18:23,236 - [36mCustomSimProcedure[0m - [36mSyscall found:  strncmp[<BV32 0x908c071>, <BV32 0x7ffefe50>, <BV32 0x6>][0m[0m
[1;32;40mINFO - 2023-05-29 07:18:23,236 - [36mCustomSimProcedure[0m - [36mSyscall found:  strcmp[<BV32 0x908c071>, <BV32 0x7ffefe50>][0m[0m
[1;32;40mINFO - 2023-05-29 07:18:23,276 - [36mCustomSimProcedure[0m - [36mSyscall found:  strlen[<BV32 0x908c071>][0m[0m
[1;32;40mINFO - 2023-05-29 07:18:23,279 - [36mCustomSimProcedure[0m - [36mSyscall found:  strlen[<BV32 0x7ffefe50>][0m[0m
[1;32;40mINFO - 2023-05-29 07:18:23,281 - [36mCustomSimProcedure[0m - [36mSyscall found:  strncmp[<BV32 0x908c071>, <BV32 0x7ffefe50>, <BV32 0x6>][0m[0m
[1;32;40mINFO - 2023-05-29 07:18:23,282 - [36mCustomSimProcedure[0m - [36mSyscall found:  strcmp[<BV32 0x908c071>, <BV32 0x7ffefe50>][0m[0m
[1;32;40mINFO - 2023-05-29 07:18:23,301 - [36mCustomSimProcedure[0m - [36mSyscall found:  strlen[<BV32 0x908c071>][0m[0m
[1;32;40mINFO - 2023-05-29 07:18:23,305 - [36mCustomSimProcedure[0m - [36mSyscall found:  strlen[<BV32 0x7ffefe50>][0m[0m
[1;32;40mINFO - 2023-05-29 07:18:23,310 - [36mCustomSimProcedure[0m - [36mSyscall found:  strncmp[<BV32 0x908c071>, <BV32 0x7ffefe50>, <BV32 0x6>][0m[0m
[1;32;40mINFO - 2023-05-29 07:18:23,310 - [36mCustomSimProcedure[0m - [36mSyscall found:  strcmp[<BV32 0x908c071>, <BV32 0x7ffefe50>][0m[0m
[1;32;40mINFO - 2023-05-29 07:18:23,371 - [36mCustomSimProcedure[0m - [36mSyscall found:  pclose[<BV32 unconstrained_ret_popen_4983390_32{UNINITIALIZED}>][0m[0m
[1;32;40mINFO - 2023-05-29 07:18:23,505 - [36mCustomSimProcedure[0m - [36mSyscall found:  pclose[<BV32 unconstrained_ret_popen_4983391_32{UNINITIALIZED}>][0m[0m
[1;32;40mINFO - 2023-05-29 07:18:23,622 - [36mCustomSimProcedure[0m - [36mSyscall found:  pclose[<BV32 unconstrained_ret_popen_4983388_32{UNINITIALIZED}>][0m[0m
[1;32;40mINFO - 2023-05-29 07:18:23,819 - [32mSemaExplorerCDFS[0m - [32mA new block of execution have been executed with changes in sim_manager.[0m[0m
[1;32;40mINFO - 2023-05-29 07:18:23,819 - [32mSemaExplorerCDFS[0m - [32mCurrently, simulation manager is :
<SimulationManager with 8 active (2 errored)>[0m[0m
[1;32;40mINFO - 2023-05-29 07:18:23,819 - [32mSemaExplorerCDFS[0m - [32mpause stash len :3[0m[0m
[1;32;40mINFO - 2023-05-29 07:18:23,820 - [32mSemaExplorerCDFS[0m - [32mfork_stack : 3[0m[0m
[1;32;40mINFO - 2023-05-29 07:18:23,822 - [36mCustomSimProcedure[0m - [36mSyscall found:  pclose[<BV32 unconstrained_ret_popen_4983390_32{UNINITIALIZED}>][0m[0m
[1;32;40mINFO - 2023-05-29 07:18:23,960 - [36mCustomSimProcedure[0m - [36mSyscall found:  pclose[<BV32 unconstrained_ret_popen_4983391_32{UNINITIALIZED}>][0m[0m
[1;32;40mINFO - 2023-05-29 07:18:24,114 - [36mCustomSimProcedure[0m - [36mSyscall found:  strlen[<BV32 0x908c07e>][0m[0m
[1;32;40mINFO - 2023-05-29 07:18:24,118 - [36mCustomSimProcedure[0m - [36mSyscall found:  printf[<BV32 0x908c07e>][0m[0m
[1;32;40mINFO - 2023-05-29 07:18:24,151 - [32mSemaExplorerCDFS[0m - [32mA new block of execution have been executed with changes in sim_manager.[0m[0m
[1;32;40mINFO - 2023-05-29 07:18:24,151 - [32mSemaExplorerCDFS[0m - [32mCurrently, simulation manager is :
<SimulationManager with 7 active (2 errored)>[0m[0m
[1;32;40mINFO - 2023-05-29 07:18:24,151 - [32mSemaExplorerCDFS[0m - [32mpause stash len :6[0m[0m
[1;32;40mINFO - 2023-05-29 07:18:24,151 - [32mSemaExplorerCDFS[0m - [32mfork_stack : 2[0m[0m
[1;32;40mINFO - 2023-05-29 07:18:24,222 - [36mCustomSimProcedure[0m - [36mSyscall found:  strlen[<BV32 0x908c07e>][0m[0m
[1;32;40mINFO - 2023-05-29 07:18:24,227 - [36mCustomSimProcedure[0m - [36mSyscall found:  printf[<BV32 0x908c07e>][0m[0m
[1;32;40mINFO - 2023-05-29 07:18:24,316 - [36mCustomSimProcedure[0m - [36mSyscall found:  __libc_start_main[151294944, 1, 2147418032, 151564928, 151565040][0m[0m
[1;32;40mINFO - 2023-05-29 07:18:24,325 - [36mCustomSimProcedure[0m - [36mSyscall found:  __libc_start_main[151294944, 1, 2147418032, 151564928, 151565040][0m[0m
[1;32;40mINFO - 2023-05-29 07:18:24,358 - [32mSemaExplorerCDFS[0m - [32mA new block of execution have been executed with changes in sim_manager.[0m[0m
[1;32;40mINFO - 2023-05-29 07:18:24,358 - [32mSemaExplorerCDFS[0m - [32mCurrently, simulation manager is :
<SimulationManager with 3 active, 2 deadended (2 errored)>[0m[0m
[1;32;40mINFO - 2023-05-29 07:18:24,358 - [32mSemaExplorerCDFS[0m - [32mpause stash len :8[0m[0m
[1;32;40mINFO - 2023-05-29 07:18:24,360 - [36mCustomSimProcedure[0m - [36mSyscall found:  __libc_start_main[151294944, 1, 2147418032, 151564928, 151565040][0m[0m
[1;32;40mINFO - 2023-05-29 07:18:24,371 - [36mCustomSimProcedure[0m - [36mSyscall found:  __libc_start_main[151294944, 1, 2147418032, 151564928, 151565040][0m[0m
[1;32;40mINFO - 2023-05-29 07:18:24,414 - [36mCustomSimProcedure[0m - [36mSyscall found:  strlen[<BV32 0x908c07e>][0m[0m
[1;32;40mINFO - 2023-05-29 07:18:24,418 - [36mCustomSimProcedure[0m - [36mSyscall found:  printf[<BV32 0x908c07e>][0m[0m
[1;32;40mINFO - 2023-05-29 07:18:24,420 - [32mSemaExplorerCDFS[0m - [32mA new block of execution have been executed with changes in sim_manager.[0m[0m
[1;32;40mINFO - 2023-05-29 07:18:24,420 - [32mSemaExplorerCDFS[0m - [32mCurrently, simulation manager is :
<SimulationManager with 3 active, 4 deadended (2 errored)>[0m[0m
[1;32;40mINFO - 2023-05-29 07:18:24,420 - [32mSemaExplorerCDFS[0m - [32mpause stash len :6[0m[0m
[1;32;40mINFO - 2023-05-29 07:18:24,423 - [36mCustomSimProcedure[0m - [36mSyscall found:  __libc_start_main[151294944, 1, 2147418032, 151564928, 151565040][0m[0m
[1;32;40mINFO - 2023-05-29 07:18:24,479 - [36mCustomSimProcedure[0m - [36mSyscall found:  strlen[<BV32 0x908c07e>][0m[0m
[1;32;40mINFO - 2023-05-29 07:18:24,483 - [36mCustomSimProcedure[0m - [36mSyscall found:  printf[<BV32 0x908c07e>][0m[0m
[1;32;40mINFO - 2023-05-29 07:18:24,492 - [32mSemaExplorerCDFS[0m - [32mA new block of execution have been executed with changes in sim_manager.[0m[0m
[1;32;40mINFO - 2023-05-29 07:18:24,493 - [32mSemaExplorerCDFS[0m - [32mCurrently, simulation manager is :
<SimulationManager with 4 active, 5 deadended (2 errored)>[0m[0m
[1;32;40mINFO - 2023-05-29 07:18:24,493 - [32mSemaExplorerCDFS[0m - [32mpause stash len :4[0m[0m
[1;32;40mINFO - 2023-05-29 07:18:24,567 - [36mCustomSimProcedure[0m - [36mSyscall found:  strlen[<BV32 0x908c07e>][0m[0m
[1;32;40mINFO - 2023-05-29 07:18:24,571 - [36mCustomSimProcedure[0m - [36mSyscall found:  printf[<BV32 0x908c07e>][0m[0m
[1;32;40mINFO - 2023-05-29 07:18:24,575 - [36mCustomSimProcedure[0m - [36mSyscall found:  __libc_start_main[151294944, 1, 2147418032, 151564928, 151565040][0m[0m
[1;32;40mINFO - 2023-05-29 07:18:24,633 - [32mSemaExplorerCDFS[0m - [32mA new block of execution have been executed with changes in sim_manager.[0m[0m
[1;32;40mINFO - 2023-05-29 07:18:24,633 - [32mSemaExplorerCDFS[0m - [32mCurrently, simulation manager is :
<SimulationManager with 4 active, 6 deadended (2 errored)>[0m[0m
[1;32;40mINFO - 2023-05-29 07:18:24,633 - [32mSemaExplorerCDFS[0m - [32mpause stash len :3[0m[0m
[1;32;40mINFO - 2023-05-29 07:18:24,636 - [36mCustomSimProcedure[0m - [36mSyscall found:  __libc_start_main[151294944, 1, 2147418032, 151564928, 151565040][0m[0m
[1;32;40mINFO - 2023-05-29 07:18:24,646 - [36mCustomSimProcedure[0m - [36mSyscall found:  __libc_start_main[151294944, 1, 2147418032, 151564928, 151565040][0m[0m
[1;33;40mWARNING - 2023-05-29 07:18:24,822 - [33mangr.state_plugins.posix[0m - [33mTried to look up a symbolic fd - constrained to 4 and opened b'/tmp/angr_implicit_1'[0m[0m
[1;32;40mINFO - 2023-05-29 07:18:24,888 - [36mCustomSimProcedure[0m - [36mSyscall found:  fgets[<BV32 0x7ffefe68>, <BV32 0x80>, <BV32 unconstrained_ret_popen_4983388_32{UNINITIALIZED}>][0m[0m
[1;32;40mINFO - 2023-05-29 07:18:24,977 - [32mSemaExplorerCDFS[0m - [32mA new block of execution have been executed with changes in sim_manager.[0m[0m
[1;32;40mINFO - 2023-05-29 07:18:24,977 - [32mSemaExplorerCDFS[0m - [32mCurrently, simulation manager is :
<SimulationManager with 3 active, 8 deadended (2 errored)>[0m[0m
[1;32;40mINFO - 2023-05-29 07:18:24,977 - [32mSemaExplorerCDFS[0m - [32mpause stash len :2[0m[0m
[1;32;40mINFO - 2023-05-29 07:18:24,980 - [36mCustomSimProcedure[0m - [36mSyscall found:  __libc_start_main[151294944, 1, 2147418032, 151564928, 151565040][0m[0m
[1;32;40mINFO - 2023-05-29 07:18:25,076 - [32mSemaExplorerCDFS[0m - [32mA new block of execution have been executed with changes in sim_manager.[0m[0m
[1;32;40mINFO - 2023-05-29 07:18:25,076 - [32mSemaExplorerCDFS[0m - [32mCurrently, simulation manager is :
<SimulationManager with 4 active, 9 deadended (2 errored)>[0m[0m
[1;32;40mINFO - 2023-05-29 07:18:25,077 - [32mSemaExplorerCDFS[0m - [32mpause stash len :0[0m[0m
[1;32;40mINFO - 2023-05-29 07:18:25,080 - [36mCustomSimProcedure[0m - [36mSyscall found:  __libc_start_main[151294944, 1, 2147418032, 151564928, 151565040][0m[0m
[1;32;40mINFO - 2023-05-29 07:18:25,087 - [36mCustomSimProcedure[0m - [36mSyscall found:  strlen[<BV32 0x908c071>][0m[0m
[1;32;40mINFO - 2023-05-29 07:18:25,088 - [36mCustomSimProcedure[0m - [36mSyscall found:  memcpy[<BV32 0x7ffefe50>, <BV32 0x908c071>, <BV32 0x6>][0m[0m
[1;32;40mINFO - 2023-05-29 07:18:25,088 - [36mCustomSimProcedure[0m - [36mSyscall found:  strncpy[<BV32 0x7ffefe50>, <BV32 0x908c071>, <BV32 0x6>][0m[0m
[1;32;40mINFO - 2023-05-29 07:18:25,166 - [36mCustomSimProcedure[0m - [36mSyscall found:  fgets[<BV32 0x7ffefe68>, <BV32 0x80>, <BV32 unconstrained_ret_popen_4983389_32{UNINITIALIZED}>][0m[0m
[1;33;40mWARNING - 2023-05-29 07:18:25,369 - [32mangr.storage.memory_mixins.default_filler_mixin[0m - [32mFilling memory at 0x40038 with 4 unconstrained bytes referenced from 0xa80001c (fgets+0x0 in extern-address space (0x1c))[0m[0m
[1;33;40mWARNING - 2023-05-29 07:18:25,422 - [33mangr.state_plugins.posix[0m - [33mTried to look up a symbolic fd - constrained to 4 and opened b'/tmp/angr_implicit_1'[0m[0m
[1;32;40mINFO - 2023-05-29 07:18:25,500 - [36mCustomSimProcedure[0m - [36mSyscall found:  fgets[<BV32 0x7ffefe68>, <BV32 0x80>, <BV32 unconstrained_ret_popen_4983389_32{UNINITIALIZED}>][0m[0m
[1;32;40mINFO - 2023-05-29 07:18:25,599 - [32mSemaExplorerCDFS[0m - [32mA new block of execution have been executed with changes in sim_manager.[0m[0m
[1;32;40mINFO - 2023-05-29 07:18:25,599 - [32mSemaExplorerCDFS[0m - [32mCurrently, simulation manager is :
<SimulationManager with 3 active, 10 deadended (2 errored)>[0m[0m
[1;32;40mINFO - 2023-05-29 07:18:25,599 - [32mSemaExplorerCDFS[0m - [32mpause stash len :0[0m[0m
[1;32;40mINFO - 2023-05-29 07:18:25,667 - [36mCustomSimProcedure[0m - [36mSyscall found:  strlen[<BV32 0x908c071>][0m[0m
[1;32;40mINFO - 2023-05-29 07:18:25,670 - [36mCustomSimProcedure[0m - [36mSyscall found:  strlen[<BV32 0x7ffefe50>][0m[0m
[1;32;40mINFO - 2023-05-29 07:18:25,674 - [36mCustomSimProcedure[0m - [36mSyscall found:  strncmp[<BV32 0x908c071>, <BV32 0x7ffefe50>, <BV32 0x6>][0m[0m
[1;32;40mINFO - 2023-05-29 07:18:25,675 - [36mCustomSimProcedure[0m - [36mSyscall found:  strcmp[<BV32 0x908c071>, <BV32 0x7ffefe50>][0m[0m
[1;32;40mINFO - 2023-05-29 07:18:25,722 - [36mCustomSimProcedure[0m - [36mSyscall found:  strlen[<BV32 0x908c071>][0m[0m
[1;32;40mINFO - 2023-05-29 07:18:25,726 - [36mCustomSimProcedure[0m - [36mSyscall found:  memcpy[<BV32 0x7ffefe50>, <BV32 0x908c071>, <BV32 0x6>][0m[0m
[1;32;40mINFO - 2023-05-29 07:18:25,728 - [36mCustomSimProcedure[0m - [36mSyscall found:  strncpy[<BV32 0x7ffefe50>, <BV32 0x908c071>, <BV32 0x6>][0m[0m
[1;32;40mINFO - 2023-05-29 07:18:25,748 - [36mCustomSimProcedure[0m - [36mSyscall found:  strlen[<BV32 0x908c071>][0m[0m
[1;32;40mINFO - 2023-05-29 07:18:25,752 - [36mCustomSimProcedure[0m - [36mSyscall found:  memcpy[<BV32 0x7ffefe50>, <BV32 0x908c071>, <BV32 0x6>][0m[0m
[1;32;40mINFO - 2023-05-29 07:18:25,753 - [36mCustomSimProcedure[0m - [36mSyscall found:  strncpy[<BV32 0x7ffefe50>, <BV32 0x908c071>, <BV32 0x6>][0m[0m
[1;32;40mINFO - 2023-05-29 07:18:25,800 - [36mCustomSimProcedure[0m - [36mSyscall found:  pclose[<BV32 unconstrained_ret_popen_4983388_32{UNINITIALIZED}>][0m[0m
[1;32;40mINFO - 2023-05-29 07:18:25,941 - [36mCustomSimProcedure[0m - [36mSyscall found:  strlen[<BV32 0x908c071>][0m[0m
[1;32;40mINFO - 2023-05-29 07:18:25,944 - [36mCustomSimProcedure[0m - [36mSyscall found:  strlen[<BV32 0x7ffefe50>][0m[0m
[1;32;40mINFO - 2023-05-29 07:18:25,947 - [36mCustomSimProcedure[0m - [36mSyscall found:  strncmp[<BV32 0x908c071>, <BV32 0x7ffefe50>, <BV32 0x6>][0m[0m
[1;32;40mINFO - 2023-05-29 07:18:25,948 - [36mCustomSimProcedure[0m - [36mSyscall found:  strcmp[<BV32 0x908c071>, <BV32 0x7ffefe50>][0m[0m
[1;32;40mINFO - 2023-05-29 07:18:25,958 - [36mCustomSimProcedure[0m - [36mSyscall found:  strlen[<BV32 0x908c071>][0m[0m
[1;32;40mINFO - 2023-05-29 07:18:25,964 - [36mCustomSimProcedure[0m - [36mSyscall found:  strlen[<BV32 0x7ffefe50>][0m[0m
[1;32;40mINFO - 2023-05-29 07:18:25,968 - [36mCustomSimProcedure[0m - [36mSyscall found:  strncmp[<BV32 0x908c071>, <BV32 0x7ffefe50>, <BV32 0x6>][0m[0m
[1;32;40mINFO - 2023-05-29 07:18:25,969 - [36mCustomSimProcedure[0m - [36mSyscall found:  strcmp[<BV32 0x908c071>, <BV32 0x7ffefe50>][0m[0m
[1;32;40mINFO - 2023-05-29 07:18:26,105 - [32mSemaExplorerCDFS[0m - [32mA new block of execution have been executed with changes in sim_manager.[0m[0m
[1;32;40mINFO - 2023-05-29 07:18:26,105 - [32mSemaExplorerCDFS[0m - [32mCurrently, simulation manager is :
<SimulationManager with 4 active, 10 deadended (2 errored)>[0m[0m
[1;32;40mINFO - 2023-05-29 07:18:26,105 - [32mSemaExplorerCDFS[0m - [32mpause stash len :0[0m[0m
[1;32;40mINFO - 2023-05-29 07:18:26,106 - [32mSemaExplorerCDFS[0m - [32mfork_stack : 1[0m[0m
[1;32;40mINFO - 2023-05-29 07:18:26,165 - [36mCustomSimProcedure[0m - [36mSyscall found:  strlen[<BV32 0x908c07e>][0m[0m
[1;32;40mINFO - 2023-05-29 07:18:26,169 - [36mCustomSimProcedure[0m - [36mSyscall found:  printf[<BV32 0x908c07e>][0m[0m
[1;32;40mINFO - 2023-05-29 07:18:26,196 - [36mCustomSimProcedure[0m - [36mSyscall found:  pclose[<BV32 unconstrained_ret_popen_4983389_32{UNINITIALIZED}>][0m[0m
[1;32;40mINFO - 2023-05-29 07:18:26,295 - [36mCustomSimProcedure[0m - [36mSyscall found:  pclose[<BV32 unconstrained_ret_popen_4983389_32{UNINITIALIZED}>][0m[0m
[1;32;40mINFO - 2023-05-29 07:18:26,465 - [32mSemaExplorerCDFS[0m - [32mA new block of execution have been executed with changes in sim_manager.[0m[0m
[1;32;40mINFO - 2023-05-29 07:18:26,465 - [32mSemaExplorerCDFS[0m - [32mCurrently, simulation manager is :
<SimulationManager with 6 active, 10 deadended (2 errored)>[0m[0m
[1;32;40mINFO - 2023-05-29 07:18:26,465 - [32mSemaExplorerCDFS[0m - [32mpause stash len :0[0m[0m
[1;32;40mINFO - 2023-05-29 07:18:26,465 - [32mSemaExplorerCDFS[0m - [32mfork_stack : 2[0m[0m
[1;32;40mINFO - 2023-05-29 07:18:26,548 - [36mCustomSimProcedure[0m - [36mSyscall found:  strlen[<BV32 0x908c07e>][0m[0m
[1;32;40mINFO - 2023-05-29 07:18:26,552 - [36mCustomSimProcedure[0m - [36mSyscall found:  printf[<BV32 0x908c07e>][0m[0m
[1;32;40mINFO - 2023-05-29 07:18:26,577 - [36mCustomSimProcedure[0m - [36mSyscall found:  __libc_start_main[151294944, 1, 2147418032, 151564928, 151565040][0m[0m
[1;32;40mINFO - 2023-05-29 07:18:26,666 - [32mSemaExplorerCDFS[0m - [32mA new block of execution have been executed with changes in sim_manager.[0m[0m
[1;32;40mINFO - 2023-05-29 07:18:26,666 - [32mSemaExplorerCDFS[0m - [32mCurrently, simulation manager is :
<SimulationManager with 4 active, 11 deadended (2 errored)>[0m[0m
[1;32;40mINFO - 2023-05-29 07:18:26,666 - [32mSemaExplorerCDFS[0m - [32mpause stash len :1[0m[0m
[1;32;40mINFO - 2023-05-29 07:18:26,670 - [36mCustomSimProcedure[0m - [36mSyscall found:  __libc_start_main[151294944, 1, 2147418032, 151564928, 151565040][0m[0m
[1;32;40mINFO - 2023-05-29 07:18:26,747 - [36mCustomSimProcedure[0m - [36mSyscall found:  strlen[<BV32 0x908c07e>][0m[0m
[1;32;40mINFO - 2023-05-29 07:18:26,752 - [36mCustomSimProcedure[0m - [36mSyscall found:  printf[<BV32 0x908c07e>][0m[0m
[1;32;40mINFO - 2023-05-29 07:18:26,756 - [32mSemaExplorerCDFS[0m - [32mA new block of execution have been executed with changes in sim_manager.[0m[0m
[1;32;40mINFO - 2023-05-29 07:18:26,756 - [32mSemaExplorerCDFS[0m - [32mCurrently, simulation manager is :
<SimulationManager with 4 active, 12 deadended (2 errored)>[0m[0m
[1;32;40mINFO - 2023-05-29 07:18:26,756 - [32mSemaExplorerCDFS[0m - [32mpause stash len :0[0m[0m
[1;32;40mINFO - 2023-05-29 07:18:26,761 - [36mCustomSimProcedure[0m - [36mSyscall found:  __libc_start_main[151294944, 1, 2147418032, 151564928, 151565040][0m[0m
[1;32;40mINFO - 2023-05-29 07:18:26,784 - [36mCustomSimProcedure[0m - [36mSyscall found:  __libc_start_main[151294944, 1, 2147418032, 151564928, 151565040][0m[0m
[1;32;40mINFO - 2023-05-29 07:18:26,821 - [32mSemaExplorerCDFS[0m - [32mA new block of execution have been executed with changes in sim_manager.[0m[0m
[1;32;40mINFO - 2023-05-29 07:18:26,822 - [32mSemaExplorerCDFS[0m - [32mCurrently, simulation manager is :
<SimulationManager with 2 active, 14 deadended (2 errored)>[0m[0m
[1;32;40mINFO - 2023-05-29 07:18:26,822 - [32mSemaExplorerCDFS[0m - [32mpause stash len :0[0m[0m
[1;32;40mINFO - 2023-05-29 07:18:26,826 - [36mCustomSimProcedure[0m - [36mSyscall found:  __libc_start_main[151294944, 1, 2147418032, 151564928, 151565040][0m[0m
[1;32;40mINFO - 2023-05-29 07:18:26,859 - [32mSemaExplorerCDFS[0m - [32mA new block of execution have been executed with changes in sim_manager.[0m[0m
[1;32;40mINFO - 2023-05-29 07:18:26,860 - [32mSemaExplorerCDFS[0m - [32mCurrently, simulation manager is :
<SimulationManager with 1 active, 15 deadended (2 errored)>[0m[0m
[1;32;40mINFO - 2023-05-29 07:18:26,860 - [32mSemaExplorerCDFS[0m - [32mpause stash len :0[0m[0m
[1;32;40mINFO - 2023-05-29 07:18:26,888 - [36mCustomSimProcedure[0m - [36mSyscall found:  __libc_start_main[151294944, 1, 2147418032, 151564928, 151565040][0m[0m
[1;32;40mINFO - 2023-05-29 07:18:26,891 - [32mSemaExplorerCDFS[0m - [32mA new block of execution have been executed with changes in sim_manager.[0m[0m
[1;32;40mINFO - 2023-05-29 07:18:26,894 - [32mSemaExplorerCDFS[0m - [32mCurrently, simulation manager is :
<SimulationManager with 16 deadended (2 errored)>[0m[0m
[1;32;40mINFO - 2023-05-29 07:18:26,898 - [32mSemaExplorerCDFS[0m - [32mpause stash len :0[0m[0m
[1;32;40mINFO - 2023-05-29 07:18:26,898 - [32mSemaExplorerCDFS[0m - [32mlen(simgr.active) <= 0 or deadended >= self.max_end_state)[0m[0m
[1;32;40mINFO - 2023-05-29 07:18:26,921 - [37mGraphBuilder[0m - [37mOutput dir :src/output/runs/132//extreme_mutations[0m[0m
