[1;33;40mWARNING - 2023-05-29 07:21:04,239 - [34mangr.project[0m - [34mDisabling IRSB translation cache because support for self-modifying code is enabled.[0m[0m
[1;33;40mWARNING - 2023-05-29 07:21:04,313 - [32mangr.storage.memory_mixins.default_filler_mixin[0m - [32mFilling memory at 0xc000800c with 4 unconstrained bytes referenced from 0x9049470 (_start+0x0 in mutations8_exec (0x9049470))[0m[0m
[1;33;40mWARNING - 2023-05-29 07:21:08,369 - [32mangr.storage.memory_mixins.default_filler_mixin[0m - [32mFilling memory at 0xc0010014 with 4 unconstrained bytes referenced from 0x9049470 (_start+0x0 in mutations8_exec (0x9049470))[0m[0m
[1;33;40mWARNING - 2023-05-29 07:21:11,685 - [32mangr.storage.memory_mixins.default_filler_mixin[0m - [32mFilling memory at 0xc001801c with 4 unconstrained bytes referenced from 0x9049470 (_start+0x0 in mutations8_exec (0x9049470))[0m[0m
[1;33;40mWARNING - 2023-05-29 07:21:14,791 - [32mangr.storage.memory_mixins.default_filler_mixin[0m - [32mFilling memory at 0xc0020024 with 4 unconstrained bytes referenced from 0x9049470 (_start+0x0 in mutations8_exec (0x9049470))[0m[0m
[1;33;40mWARNING - 2023-05-29 07:21:18,020 - [32mangr.storage.memory_mixins.default_filler_mixin[0m - [32mFilling memory at 0x30 with 4 unconstrained bytes referenced from 0x9049470 (_start+0x0 in mutations8_exec (0x9049470))[0m[0m
[1;32;40mINFO - 2023-05-29 07:21:18,133 - [36mCustomSimProcedure[0m - [36mcustom_hook_static[0m[0m
[1;33;40mWARNING - 2023-05-29 07:21:18,134 - [34mangr.project[0m - [34mAddress is already hooked, during hook(0x0, <SimProcedure fclose>). Not re-hooking.[0m[0m
[1;33;40mWARNING - 2023-05-29 07:21:18,134 - [34mangr.project[0m - [34mAddress is already hooked, during hook(0x0, <SimProcedure fwrite>). Not re-hooking.[0m[0m
[1;33;40mWARNING - 2023-05-29 07:21:18,134 - [34mangr.project[0m - [34mAddress is already hooked, during hook(0x0, <SimProcedure __libc_start_main>). Not re-hooking.[0m[0m
[1;33;40mWARNING - 2023-05-29 07:21:18,134 - [34mangr.project[0m - [34mAddress is already hooked, during hook(0x0, <SimProcedure fopen>). Not re-hooking.[0m[0m
[1;33;40mWARNING - 2023-05-29 07:21:18,134 - [34mangr.project[0m - [34mAddress is already hooked, during hook(0x0, <SimProcedure socket>). Not re-hooking.[0m[0m
[1;33;40mWARNING - 2023-05-29 07:21:18,135 - [34mangr.project[0m - [34mAddress is already hooked, during hook(0x0, <SimProcedure close>). Not re-hooking.[0m[0m
[1;33;40mWARNING - 2023-05-29 07:21:18,135 - [34mangr.project[0m - [34mAddress is already hooked, during hook(0x0, <SimProcedure strcmp>). Not re-hooking.[0m[0m
[1;33;40mWARNING - 2023-05-29 07:21:18,135 - [34mangr.project[0m - [34mAddress is already hooked, during hook(0x0, <SimProcedure fclose>). Not re-hooking.[0m[0m
[1;33;40mWARNING - 2023-05-29 07:21:18,135 - [34mangr.project[0m - [34mAddress is already hooked, during hook(0x0, <SimProcedure fwrite>). Not re-hooking.[0m[0m
[1;33;40mWARNING - 2023-05-29 07:21:18,135 - [34mangr.project[0m - [34mAddress is already hooked, during hook(0x0, <SimProcedure __libc_start_main>). Not re-hooking.[0m[0m
[1;33;40mWARNING - 2023-05-29 07:21:18,136 - [34mangr.project[0m - [34mAddress is already hooked, during hook(0x0, <SimProcedure fopen>). Not re-hooking.[0m[0m
[1;33;40mWARNING - 2023-05-29 07:21:18,136 - [34mangr.project[0m - [34mAddress is already hooked, during hook(0x0, <SimProcedure socket>). Not re-hooking.[0m[0m
[1;33;40mWARNING - 2023-05-29 07:21:18,136 - [34mangr.project[0m - [34mAddress is already hooked, during hook(0x0, <SimProcedure close>). Not re-hooking.[0m[0m
[1;33;40mWARNING - 2023-05-29 07:21:18,136 - [34mangr.project[0m - [34mAddress is already hooked, during hook(0x9049050, <SimProcedure printf>). Not re-hooking.[0m[0m
[1;33;40mWARNING - 2023-05-29 07:21:18,137 - [34mangr.project[0m - [34mAddress is already hooked, during hook(0xa100000, <SimProcedure strcmp>). Not re-hooking.[0m[0m
[1;33;40mWARNING - 2023-05-29 07:21:18,137 - [34mangr.project[0m - [34mAddress is already hooked, during hook(0xa100004, <SimProcedure printf>). Not re-hooking.[0m[0m
[1;33;40mWARNING - 2023-05-29 07:21:18,137 - [34mangr.project[0m - [34mAddress is already hooked, during hook(0xa100008, <SimProcedure fclose>). Not re-hooking.[0m[0m
[1;33;40mWARNING - 2023-05-29 07:21:18,137 - [34mangr.project[0m - [34mAddress is already hooked, during hook(0xa10000c, <SimProcedure fwrite>). Not re-hooking.[0m[0m
[1;33;40mWARNING - 2023-05-29 07:21:18,137 - [34mangr.project[0m - [34mAddress is already hooked, during hook(0xa100010, <SimProcedure __libc_start_main>). Not re-hooking.[0m[0m
[1;33;40mWARNING - 2023-05-29 07:21:18,138 - [34mangr.project[0m - [34mAddress is already hooked, during hook(0xa100014, <SimProcedure fopen>). Not re-hooking.[0m[0m
[1;33;40mWARNING - 2023-05-29 07:21:18,138 - [34mangr.project[0m - [34mAddress is already hooked, during hook(0xa100018, <SimProcedure socket>). Not re-hooking.[0m[0m
[1;33;40mWARNING - 2023-05-29 07:21:18,138 - [34mangr.project[0m - [34mAddress is already hooked, during hook(0xa100020, <SimProcedure close>). Not re-hooking.[0m[0m
[1;32;40mINFO - 2023-05-29 07:21:18,138 - [36mCustomSimProcedure[0m - [36mcustom_hook_no_symbols[0m[0m
[1;33;40mWARNING - 2023-05-29 07:21:18,266 - [32mangr.storage.memory_mixins.default_filler_mixin[0m - [32mFilling memory at 0xc002032c with 4 unconstrained bytes referenced from 0xa100010 (__libc_start_main+0x0 in extern-address space (0x10))[0m[0m
[1;32;40mINFO - 2023-05-29 07:21:18,320 - [36mCustomSimProcedure[0m - [36mSyscall found:  malloc[<BV32 0x300>][0m[0m
[1;33;40mWARNING - 2023-05-29 07:21:18,355 - [32mangr.storage.memory_mixins.default_filler_mixin[0m - [32mFilling memory at 0xc002033c with 4 unconstrained bytes referenced from 0xa100010 (__libc_start_main+0x0 in extern-address space (0x10))[0m[0m
[1;32;40mINFO - 2023-05-29 07:21:18,410 - [36mCustomSimProcedure[0m - [36mSyscall found:  malloc[<BV32 0x4>][0m[0m
[1;33;40mWARNING - 2023-05-29 07:21:18,464 - [32mangr.storage.memory_mixins.default_filler_mixin[0m - [32mFilling memory at 0xc0020944 with 4 unconstrained bytes referenced from 0xa100010 (__libc_start_main+0x0 in extern-address space (0x10))[0m[0m
[1;32;40mINFO - 2023-05-29 07:21:18,518 - [36mCustomSimProcedure[0m - [36mSyscall found:  malloc[<BV32 0x600>][0m[0m
[1;33;40mWARNING - 2023-05-29 07:21:18,552 - [32mangr.storage.memory_mixins.default_filler_mixin[0m - [32mFilling memory at 0xc0020954 with 4 unconstrained bytes referenced from 0xa100010 (__libc_start_main+0x0 in extern-address space (0x10))[0m[0m
[1;32;40mINFO - 2023-05-29 07:21:18,605 - [36mCustomSimProcedure[0m - [36mSyscall found:  malloc[<BV32 0x4>][0m[0m
[1;33;40mWARNING - 2023-05-29 07:21:18,660 - [32mangr.storage.memory_mixins.default_filler_mixin[0m - [32mFilling memory at 0xc0020f5c with 4 unconstrained bytes referenced from 0xa100010 (__libc_start_main+0x0 in extern-address space (0x10))[0m[0m
[1;32;40mINFO - 2023-05-29 07:21:18,715 - [36mCustomSimProcedure[0m - [36mSyscall found:  malloc[<BV32 0x600>][0m[0m
[1;33;40mWARNING - 2023-05-29 07:21:18,749 - [32mangr.storage.memory_mixins.default_filler_mixin[0m - [32mFilling memory at 0xc0020f6c with 4 unconstrained bytes referenced from 0xa100010 (__libc_start_main+0x0 in extern-address space (0x10))[0m[0m
[1;32;40mINFO - 2023-05-29 07:21:18,803 - [36mCustomSimProcedure[0m - [36mSyscall found:  malloc[<BV32 0x4>][0m[0m
[1;33;40mWARNING - 2023-05-29 07:21:18,856 - [32mangr.storage.memory_mixins.default_filler_mixin[0m - [32mFilling memory at 0xc0020f7c with 4 unconstrained bytes referenced from 0xa100010 (__libc_start_main+0x0 in extern-address space (0x10))[0m[0m
[1;32;40mINFO - 2023-05-29 07:21:18,911 - [36mCustomSimProcedure[0m - [36mSyscall found:  malloc[<BV32 0x4>][0m[0m
[1;32;40mINFO - 2023-05-29 07:21:18,920 - [36mCustomSimProcedure[0m - [36mSyscall found:  __libc_start_main[<BV32 0x90491d0>, <BV32 0x1>, <BV32 0x7ffeffb0>, <BV32 0x9049590>, <BV32 0x9049600>][0m[0m
[1;33;40mWARNING - 2023-05-29 07:21:18,938 - [32mangr.storage.memory_mixins.default_filler_mixin[0m - [32mFilling register edi with 4 unconstrained bytes referenced from 0x90495a0 (__libc_csu_init+0x10 in mutations8_exec (0x90495a0))[0m[0m
[1;32;40mINFO - 2023-05-29 07:21:19,043 - [36mCustomSimProcedure[0m - [36mSyscall found:  __libc_start_main[151294416, 1, 2147418032, 151295376, 151295488][0m[0m
[1;32;40mINFO - 2023-05-29 07:21:19,085 - [36mCustomSimProcedure[0m - [36mSyscall found:  ptrace[][0m[0m
[1;32;40mINFO - 2023-05-29 07:21:19,131 - [32mSemaExplorerCDFS[0m - [32mA new block of execution have been executed with changes in sim_manager.[0m[0m
[1;32;40mINFO - 2023-05-29 07:21:19,132 - [32mSemaExplorerCDFS[0m - [32mCurrently, simulation manager is :
<SimulationManager with 2 active>[0m[0m
[1;32;40mINFO - 2023-05-29 07:21:19,132 - [32mSemaExplorerCDFS[0m - [32mpause stash len :0[0m[0m
[1;32;40mINFO - 2023-05-29 07:21:19,132 - [32mSemaExplorerCDFS[0m - [32mfork_stack : 1[0m[0m
[1;33;40mWARNING - 2023-05-29 07:21:19,176 - [32mangr.storage.memory_mixins.default_filler_mixin[0m - [32mFilling memory at 0x3 with 1 unconstrained bytes referenced from 0xa100000 (strcmp+0x0 in extern-address space (0x0))[0m[0m
[1;33;40mWARNING - 2023-05-29 07:21:19,177 - [32mangr.storage.memory_mixins.default_filler_mixin[0m - [32mFilling memory at 0x4 with 1 unconstrained bytes referenced from 0xa100000 (strcmp+0x0 in extern-address space (0x0))[0m[0m
[1;33;40mWARNING - 2023-05-29 07:21:19,177 - [32mangr.storage.memory_mixins.default_filler_mixin[0m - [32mFilling memory at 0x5 with 1 unconstrained bytes referenced from 0xa100000 (strcmp+0x0 in extern-address space (0x0))[0m[0m
[1;33;40mWARNING - 2023-05-29 07:21:19,178 - [32mangr.storage.memory_mixins.default_filler_mixin[0m - [32mFilling memory at 0x6 with 1 unconstrained bytes referenced from 0xa100000 (strcmp+0x0 in extern-address space (0x0))[0m[0m
[1;33;40mWARNING - 2023-05-29 07:21:19,179 - [32mangr.storage.memory_mixins.default_filler_mixin[0m - [32mFilling memory at 0x7 with 1 unconstrained bytes referenced from 0xa100000 (strcmp+0x0 in extern-address space (0x0))[0m[0m
[1;33;40mWARNING - 2023-05-29 07:21:19,179 - [32mangr.storage.memory_mixins.default_filler_mixin[0m - [32mFilling memory at 0x8 with 1 unconstrained bytes referenced from 0xa100000 (strcmp+0x0 in extern-address space (0x0))[0m[0m
[1;33;40mWARNING - 2023-05-29 07:21:19,180 - [32mangr.storage.memory_mixins.default_filler_mixin[0m - [32mFilling memory at 0x9 with 1 unconstrained bytes referenced from 0xa100000 (strcmp+0x0 in extern-address space (0x0))[0m[0m
[1;33;40mWARNING - 2023-05-29 07:21:19,181 - [32mangr.storage.memory_mixins.default_filler_mixin[0m - [32mFilling memory at 0xa with 1 unconstrained bytes referenced from 0xa100000 (strcmp+0x0 in extern-address space (0x0))[0m[0m
[1;33;40mWARNING - 2023-05-29 07:21:19,183 - [32mangr.storage.memory_mixins.default_filler_mixin[0m - [32mFilling memory at 0xb with 1 unconstrained bytes referenced from 0xa100000 (strcmp+0x0 in extern-address space (0x0))[0m[0m
[1;33;40mWARNING - 2023-05-29 07:21:19,184 - [32mangr.storage.memory_mixins.default_filler_mixin[0m - [32mFilling memory at 0xc with 1 unconstrained bytes referenced from 0xa100000 (strcmp+0x0 in extern-address space (0x0))[0m[0m
[1;33;40mWARNING - 2023-05-29 07:21:19,185 - [32mangr.storage.memory_mixins.default_filler_mixin[0m - [32mFilling memory at 0xd with 1 unconstrained bytes referenced from 0xa100000 (strcmp+0x0 in extern-address space (0x0))[0m[0m
[1;33;40mWARNING - 2023-05-29 07:21:19,186 - [32mangr.storage.memory_mixins.default_filler_mixin[0m - [32mFilling memory at 0xe with 1 unconstrained bytes referenced from 0xa100000 (strcmp+0x0 in extern-address space (0x0))[0m[0m
[1;33;40mWARNING - 2023-05-29 07:21:19,187 - [32mangr.storage.memory_mixins.default_filler_mixin[0m - [32mFilling memory at 0xf with 1 unconstrained bytes referenced from 0xa100000 (strcmp+0x0 in extern-address space (0x0))[0m[0m
[1;33;40mWARNING - 2023-05-29 07:21:19,188 - [32mangr.storage.memory_mixins.default_filler_mixin[0m - [32mFilling memory at 0x10 with 1 unconstrained bytes referenced from 0xa100000 (strcmp+0x0 in extern-address space (0x0))[0m[0m
[1;33;40mWARNING - 2023-05-29 07:21:19,188 - [32mangr.storage.memory_mixins.default_filler_mixin[0m - [32mFilling memory at 0x11 with 1 unconstrained bytes referenced from 0xa100000 (strcmp+0x0 in extern-address space (0x0))[0m[0m
[1;33;40mWARNING - 2023-05-29 07:21:19,189 - [32mangr.storage.memory_mixins.default_filler_mixin[0m - [32mFilling memory at 0x12 with 1 unconstrained bytes referenced from 0xa100000 (strcmp+0x0 in extern-address space (0x0))[0m[0m
[1;33;40mWARNING - 2023-05-29 07:21:19,190 - [32mangr.storage.memory_mixins.default_filler_mixin[0m - [32mFilling memory at 0x13 with 1 unconstrained bytes referenced from 0xa100000 (strcmp+0x0 in extern-address space (0x0))[0m[0m
[1;33;40mWARNING - 2023-05-29 07:21:19,191 - [32mangr.storage.memory_mixins.default_filler_mixin[0m - [32mFilling memory at 0x14 with 1 unconstrained bytes referenced from 0xa100000 (strcmp+0x0 in extern-address space (0x0))[0m[0m
[1;33;40mWARNING - 2023-05-29 07:21:19,192 - [32mangr.storage.memory_mixins.default_filler_mixin[0m - [32mFilling memory at 0x15 with 1 unconstrained bytes referenced from 0xa100000 (strcmp+0x0 in extern-address space (0x0))[0m[0m
[1;33;40mWARNING - 2023-05-29 07:21:19,192 - [32mangr.storage.memory_mixins.default_filler_mixin[0m - [32mFilling memory at 0x16 with 1 unconstrained bytes referenced from 0xa100000 (strcmp+0x0 in extern-address space (0x0))[0m[0m
[1;33;40mWARNING - 2023-05-29 07:21:19,193 - [32mangr.storage.memory_mixins.default_filler_mixin[0m - [32mFilling memory at 0x17 with 1 unconstrained bytes referenced from 0xa100000 (strcmp+0x0 in extern-address space (0x0))[0m[0m
[1;33;40mWARNING - 2023-05-29 07:21:19,194 - [32mangr.storage.memory_mixins.default_filler_mixin[0m - [32mFilling memory at 0x18 with 1 unconstrained bytes referenced from 0xa100000 (strcmp+0x0 in extern-address space (0x0))[0m[0m
[1;33;40mWARNING - 2023-05-29 07:21:19,196 - [32mangr.storage.memory_mixins.default_filler_mixin[0m - [32mFilling memory at 0x19 with 1 unconstrained bytes referenced from 0xa100000 (strcmp+0x0 in extern-address space (0x0))[0m[0m
[1;33;40mWARNING - 2023-05-29 07:21:19,197 - [32mangr.storage.memory_mixins.default_filler_mixin[0m - [32mFilling memory at 0x1a with 1 unconstrained bytes referenced from 0xa100000 (strcmp+0x0 in extern-address space (0x0))[0m[0m
[1;33;40mWARNING - 2023-05-29 07:21:19,198 - [32mangr.storage.memory_mixins.default_filler_mixin[0m - [32mFilling memory at 0x1b with 1 unconstrained bytes referenced from 0xa100000 (strcmp+0x0 in extern-address space (0x0))[0m[0m
[1;33;40mWARNING - 2023-05-29 07:21:19,200 - [32mangr.storage.memory_mixins.default_filler_mixin[0m - [32mFilling memory at 0x1c with 1 unconstrained bytes referenced from 0xa100000 (strcmp+0x0 in extern-address space (0x0))[0m[0m
[1;33;40mWARNING - 2023-05-29 07:21:19,201 - [32mangr.storage.memory_mixins.default_filler_mixin[0m - [32mFilling memory at 0x1d with 1 unconstrained bytes referenced from 0xa100000 (strcmp+0x0 in extern-address space (0x0))[0m[0m
[1;33;40mWARNING - 2023-05-29 07:21:19,202 - [32mangr.storage.memory_mixins.default_filler_mixin[0m - [32mFilling memory at 0x1e with 1 unconstrained bytes referenced from 0xa100000 (strcmp+0x0 in extern-address space (0x0))[0m[0m
[1;33;40mWARNING - 2023-05-29 07:21:19,203 - [32mangr.storage.memory_mixins.default_filler_mixin[0m - [32mFilling memory at 0x1f with 1 unconstrained bytes referenced from 0xa100000 (strcmp+0x0 in extern-address space (0x0))[0m[0m
[1;33;40mWARNING - 2023-05-29 07:21:19,204 - [32mangr.storage.memory_mixins.default_filler_mixin[0m - [32mFilling memory at 0x20 with 1 unconstrained bytes referenced from 0xa100000 (strcmp+0x0 in extern-address space (0x0))[0m[0m
[1;33;40mWARNING - 2023-05-29 07:21:19,205 - [32mangr.storage.memory_mixins.default_filler_mixin[0m - [32mFilling memory at 0x21 with 1 unconstrained bytes referenced from 0xa100000 (strcmp+0x0 in extern-address space (0x0))[0m[0m
[1;33;40mWARNING - 2023-05-29 07:21:19,206 - [32mangr.storage.memory_mixins.default_filler_mixin[0m - [32mFilling memory at 0x22 with 1 unconstrained bytes referenced from 0xa100000 (strcmp+0x0 in extern-address space (0x0))[0m[0m
[1;33;40mWARNING - 2023-05-29 07:21:19,206 - [32mangr.storage.memory_mixins.default_filler_mixin[0m - [32mFilling memory at 0x23 with 1 unconstrained bytes referenced from 0xa100000 (strcmp+0x0 in extern-address space (0x0))[0m[0m
[1;33;40mWARNING - 2023-05-29 07:21:19,207 - [32mangr.storage.memory_mixins.default_filler_mixin[0m - [32mFilling memory at 0x24 with 1 unconstrained bytes referenced from 0xa100000 (strcmp+0x0 in extern-address space (0x0))[0m[0m
[1;33;40mWARNING - 2023-05-29 07:21:19,208 - [32mangr.storage.memory_mixins.default_filler_mixin[0m - [32mFilling memory at 0x25 with 1 unconstrained bytes referenced from 0xa100000 (strcmp+0x0 in extern-address space (0x0))[0m[0m
[1;33;40mWARNING - 2023-05-29 07:21:19,209 - [32mangr.storage.memory_mixins.default_filler_mixin[0m - [32mFilling memory at 0x26 with 1 unconstrained bytes referenced from 0xa100000 (strcmp+0x0 in extern-address space (0x0))[0m[0m
[1;33;40mWARNING - 2023-05-29 07:21:19,209 - [32mangr.storage.memory_mixins.default_filler_mixin[0m - [32mFilling memory at 0x27 with 1 unconstrained bytes referenced from 0xa100000 (strcmp+0x0 in extern-address space (0x0))[0m[0m
[1;33;40mWARNING - 2023-05-29 07:21:19,210 - [32mangr.storage.memory_mixins.default_filler_mixin[0m - [32mFilling memory at 0x28 with 1 unconstrained bytes referenced from 0xa100000 (strcmp+0x0 in extern-address space (0x0))[0m[0m
[1;33;40mWARNING - 2023-05-29 07:21:19,212 - [32mangr.storage.memory_mixins.default_filler_mixin[0m - [32mFilling memory at 0x29 with 1 unconstrained bytes referenced from 0xa100000 (strcmp+0x0 in extern-address space (0x0))[0m[0m
[1;33;40mWARNING - 2023-05-29 07:21:19,214 - [32mangr.storage.memory_mixins.default_filler_mixin[0m - [32mFilling memory at 0x2a with 1 unconstrained bytes referenced from 0xa100000 (strcmp+0x0 in extern-address space (0x0))[0m[0m
[1;33;40mWARNING - 2023-05-29 07:21:19,216 - [32mangr.storage.memory_mixins.default_filler_mixin[0m - [32mFilling memory at 0x2b with 1 unconstrained bytes referenced from 0xa100000 (strcmp+0x0 in extern-address space (0x0))[0m[0m
[1;33;40mWARNING - 2023-05-29 07:21:19,218 - [32mangr.storage.memory_mixins.default_filler_mixin[0m - [32mFilling memory at 0x2c with 1 unconstrained bytes referenced from 0xa100000 (strcmp+0x0 in extern-address space (0x0))[0m[0m
[1;33;40mWARNING - 2023-05-29 07:21:19,220 - [32mangr.storage.memory_mixins.default_filler_mixin[0m - [32mFilling memory at 0x2d with 1 unconstrained bytes referenced from 0xa100000 (strcmp+0x0 in extern-address space (0x0))[0m[0m
[1;33;40mWARNING - 2023-05-29 07:21:19,222 - [32mangr.storage.memory_mixins.default_filler_mixin[0m - [32mFilling memory at 0x2e with 1 unconstrained bytes referenced from 0xa100000 (strcmp+0x0 in extern-address space (0x0))[0m[0m
[1;33;40mWARNING - 2023-05-29 07:21:19,223 - [32mangr.storage.memory_mixins.default_filler_mixin[0m - [32mFilling memory at 0x2f with 1 unconstrained bytes referenced from 0xa100000 (strcmp+0x0 in extern-address space (0x0))[0m[0m
[1;33;40mWARNING - 2023-05-29 07:21:19,226 - [32mangr.storage.memory_mixins.default_filler_mixin[0m - [32mFilling memory at 0x34 with 1 unconstrained bytes referenced from 0xa100000 (strcmp+0x0 in extern-address space (0x0))[0m[0m
[1;33;40mWARNING - 2023-05-29 07:21:19,227 - [32mangr.storage.memory_mixins.default_filler_mixin[0m - [32mFilling memory at 0x35 with 1 unconstrained bytes referenced from 0xa100000 (strcmp+0x0 in extern-address space (0x0))[0m[0m
[1;33;40mWARNING - 2023-05-29 07:21:19,228 - [32mangr.storage.memory_mixins.default_filler_mixin[0m - [32mFilling memory at 0x36 with 1 unconstrained bytes referenced from 0xa100000 (strcmp+0x0 in extern-address space (0x0))[0m[0m
[1;33;40mWARNING - 2023-05-29 07:21:19,229 - [32mangr.storage.memory_mixins.default_filler_mixin[0m - [32mFilling memory at 0x37 with 1 unconstrained bytes referenced from 0xa100000 (strcmp+0x0 in extern-address space (0x0))[0m[0m
[1;33;40mWARNING - 2023-05-29 07:21:19,229 - [32mangr.storage.memory_mixins.default_filler_mixin[0m - [32mFilling memory at 0x38 with 1 unconstrained bytes referenced from 0xa100000 (strcmp+0x0 in extern-address space (0x0))[0m[0m
[1;33;40mWARNING - 2023-05-29 07:21:19,230 - [32mangr.storage.memory_mixins.default_filler_mixin[0m - [32mFilling memory at 0x39 with 1 unconstrained bytes referenced from 0xa100000 (strcmp+0x0 in extern-address space (0x0))[0m[0m
[1;33;40mWARNING - 2023-05-29 07:21:19,232 - [32mangr.storage.memory_mixins.default_filler_mixin[0m - [32mFilling memory at 0x3a with 1 unconstrained bytes referenced from 0xa100000 (strcmp+0x0 in extern-address space (0x0))[0m[0m
[1;33;40mWARNING - 2023-05-29 07:21:19,234 - [32mangr.storage.memory_mixins.default_filler_mixin[0m - [32mFilling memory at 0x3b with 1 unconstrained bytes referenced from 0xa100000 (strcmp+0x0 in extern-address space (0x0))[0m[0m
[1;33;40mWARNING - 2023-05-29 07:21:19,236 - [32mangr.storage.memory_mixins.default_filler_mixin[0m - [32mFilling memory at 0x3c with 1 unconstrained bytes referenced from 0xa100000 (strcmp+0x0 in extern-address space (0x0))[0m[0m
[1;33;40mWARNING - 2023-05-29 07:21:19,237 - [32mangr.storage.memory_mixins.default_filler_mixin[0m - [32mFilling memory at 0x3d with 1 unconstrained bytes referenced from 0xa100000 (strcmp+0x0 in extern-address space (0x0))[0m[0m
[1;32;40mINFO - 2023-05-29 07:21:19,260 - [36mCustomSimProcedure[0m - [36mSyscall found:  strlen[<BV32 0x0>][0m[0m
[1;32;40mINFO - 2023-05-29 07:21:19,262 - [36mCustomSimProcedure[0m - [36mSyscall found:  strlen[<BV32 0x804a044>][0m[0m
[1;32;40mINFO - 2023-05-29 07:21:19,265 - [36mCustomSimProcedure[0m - [36mSyscall found:  strncmp[<BV32 0x0>, <BV32 0x804a044>, <BV32 0x3b>][0m[0m
[1;32;40mINFO - 2023-05-29 07:21:19,266 - [36mCustomSimProcedure[0m - [36mSyscall found:  strcmp[<BV32 0x0>, <BV32 0x804a044>][0m[0m
[1;32;40mINFO - 2023-05-29 07:21:19,353 - [36mCustomSimProcedure[0m - [36mSyscall found:  __libc_start_main[151294416, 1, 2147418032, 151295376, 151295488][0m[0m
[1;32;40mINFO - 2023-05-29 07:21:19,387 - [32mSemaExplorerCDFS[0m - [32mA new block of execution have been executed with changes in sim_manager.[0m[0m
[1;32;40mINFO - 2023-05-29 07:21:19,387 - [32mSemaExplorerCDFS[0m - [32mCurrently, simulation manager is :
<SimulationManager with 1 active, 1 deadended>[0m[0m
[1;32;40mINFO - 2023-05-29 07:21:19,387 - [32mSemaExplorerCDFS[0m - [32mpause stash len :0[0m[0m
[1;32;40mINFO - 2023-05-29 07:21:19,422 - [36mCustomSimProcedure[0m - [36mSyscall found:  strlen[<BV32 0x0>][0m[0m
[1;32;40mINFO - 2023-05-29 07:21:19,424 - [36mCustomSimProcedure[0m - [36mSyscall found:  strlen[<BV32 0x804a046>][0m[0m
[1;32;40mINFO - 2023-05-29 07:21:19,426 - [36mCustomSimProcedure[0m - [36mSyscall found:  strncmp[<BV32 0x0>, <BV32 0x804a046>, <BV32 0x3b>][0m[0m
[1;32;40mINFO - 2023-05-29 07:21:19,427 - [36mCustomSimProcedure[0m - [36mSyscall found:  strcmp[<BV32 0x0>, <BV32 0x804a046>][0m[0m
[1;32;40mINFO - 2023-05-29 07:21:19,596 - [36mCustomSimProcedure[0m - [36mSyscall found:  strlen[<BV32 0x0>][0m[0m
[1;32;40mINFO - 2023-05-29 07:21:19,597 - [36mCustomSimProcedure[0m - [36mSyscall found:  strlen[<BV32 0x804a048>][0m[0m
[1;32;40mINFO - 2023-05-29 07:21:19,600 - [36mCustomSimProcedure[0m - [36mSyscall found:  strncmp[<BV32 0x0>, <BV32 0x804a048>, <BV32 0x3b>][0m[0m
[1;32;40mINFO - 2023-05-29 07:21:19,600 - [36mCustomSimProcedure[0m - [36mSyscall found:  strcmp[<BV32 0x0>, <BV32 0x804a048>][0m[0m
[1;32;40mINFO - 2023-05-29 07:21:19,771 - [36mCustomSimProcedure[0m - [36mSyscall found:  __libc_start_main[151294416, 1, 2147418032, 151295376, 151295488][0m[0m
[1;32;40mINFO - 2023-05-29 07:21:19,772 - [32mSemaExplorerCDFS[0m - [32mA new block of execution have been executed with changes in sim_manager.[0m[0m
[1;32;40mINFO - 2023-05-29 07:21:19,772 - [32mSemaExplorerCDFS[0m - [32mCurrently, simulation manager is :
<SimulationManager with 2 deadended>[0m[0m
[1;32;40mINFO - 2023-05-29 07:21:19,773 - [32mSemaExplorerCDFS[0m - [32mpause stash len :0[0m[0m
[1;32;40mINFO - 2023-05-29 07:21:19,773 - [32mSemaExplorerCDFS[0m - [32mlen(simgr.active) <= 0 or deadended >= self.max_end_state)[0m[0m
[1;32;40mINFO - 2023-05-29 07:21:19,789 - [37mGraphBuilder[0m - [37mOutput dir :src/output/runs/132//each_mutation[0m[0m
