[1;33;40mWARNING - 2023-05-29 07:18:57,350 - [34mangr.project[0m - [34mDisabling IRSB translation cache because support for self-modifying code is enabled.[0m[0m
[1;33;40mWARNING - 2023-05-29 07:18:59,833 - [32mangr.storage.memory_mixins.default_filler_mixin[0m - [32mFilling memory at 0xc000800c with 4 unconstrained bytes referenced from 0x907b320 (_start+0x0 in mutations3_exec (0x907b320))[0m[0m
[1;32;40mINFO - 2023-05-29 07:19:01,888 - [33mwerkzeug[0m - [33m172.17.0.1 - - [29/May/2023 07:19:01] "GET /iteration-scdg HTTP/1.1" 200 -[0m[0m
[1;32;40mINFO - 2023-05-29 07:19:01,905 - [33mwerkzeug[0m - [33m172.17.0.1 - - [29/May/2023 07:19:01] "GET /progress-scdg HTTP/1.1" 200 -[0m[0m
[1;33;40mWARNING - 2023-05-29 07:19:03,998 - [32mangr.storage.memory_mixins.default_filler_mixin[0m - [32mFilling memory at 0xc0010014 with 4 unconstrained bytes referenced from 0x907b320 (_start+0x0 in mutations3_exec (0x907b320))[0m[0m
[1;33;40mWARNING - 2023-05-29 07:19:07,204 - [32mangr.storage.memory_mixins.default_filler_mixin[0m - [32mFilling memory at 0xc001801c with 4 unconstrained bytes referenced from 0x907b320 (_start+0x0 in mutations3_exec (0x907b320))[0m[0m
[1;33;40mWARNING - 2023-05-29 07:19:10,500 - [32mangr.storage.memory_mixins.default_filler_mixin[0m - [32mFilling memory at 0xc0020024 with 4 unconstrained bytes referenced from 0x907b320 (_start+0x0 in mutations3_exec (0x907b320))[0m[0m
[1;33;40mWARNING - 2023-05-29 07:19:13,792 - [32mangr.storage.memory_mixins.default_filler_mixin[0m - [32mFilling memory at 0x30 with 4 unconstrained bytes referenced from 0x907b320 (_start+0x0 in mutations3_exec (0x907b320))[0m[0m
[1;32;40mINFO - 2023-05-29 07:19:13,908 - [36mCustomSimProcedure[0m - [36mcustom_hook_static[0m[0m
[1;33;40mWARNING - 2023-05-29 07:19:13,908 - [34mangr.project[0m - [34mAddress is already hooked, during hook(0x0, <SimProcedure strcmp>). Not re-hooking.[0m[0m
[1;33;40mWARNING - 2023-05-29 07:19:13,908 - [34mangr.project[0m - [34mAddress is already hooked, during hook(0x0, <SimProcedure free>). Not re-hooking.[0m[0m
[1;33;40mWARNING - 2023-05-29 07:19:13,909 - [34mangr.project[0m - [34mAddress is already hooked, during hook(0x0, <SimProcedure memcpy>). Not re-hooking.[0m[0m
[1;33;40mWARNING - 2023-05-29 07:19:13,909 - [34mangr.project[0m - [34mAddress is already hooked, during hook(0x0, <SimProcedure fgets>). Not re-hooking.[0m[0m
[1;33;40mWARNING - 2023-05-29 07:19:13,909 - [34mangr.project[0m - [34mAddress is already hooked, during hook(0x0, <SimProcedure tolower>). Not re-hooking.[0m[0m
[1;33;40mWARNING - 2023-05-29 07:19:13,909 - [34mangr.project[0m - [34mAddress is already hooked, during hook(0x0, <SimProcedure fclose>). Not re-hooking.[0m[0m
[1;33;40mWARNING - 2023-05-29 07:19:13,909 - [34mangr.project[0m - [34mAddress is already hooked, during hook(0x0, <SimProcedure time>). Not re-hooking.[0m[0m
[1;33;40mWARNING - 2023-05-29 07:19:13,910 - [34mangr.project[0m - [34mAddress is already hooked, during hook(0x0, <SimProcedure htons>). Not re-hooking.[0m[0m
[1;33;40mWARNING - 2023-05-29 07:19:13,910 - [34mangr.project[0m - [34mAddress is already hooked, during hook(0x0, <SimProcedure perror>). Not re-hooking.[0m[0m
[1;33;40mWARNING - 2023-05-29 07:19:13,910 - [34mangr.project[0m - [34mAddress is already hooked, during hook(0x0, <SimProcedure fwrite>). Not re-hooking.[0m[0m
[1;33;40mWARNING - 2023-05-29 07:19:13,910 - [34mangr.project[0m - [34mAddress is already hooked, during hook(0x0, <SimProcedure usleep>). Not re-hooking.[0m[0m
[1;33;40mWARNING - 2023-05-29 07:19:13,910 - [34mangr.project[0m - [34mAddress is already hooked, during hook(0x0, <SimProcedure strcat>). Not re-hooking.[0m[0m
[1;33;40mWARNING - 2023-05-29 07:19:13,910 - [34mangr.project[0m - [34mAddress is already hooked, during hook(0x0, <SimProcedure strcpy>). Not re-hooking.[0m[0m
[1;33;40mWARNING - 2023-05-29 07:19:13,911 - [34mangr.project[0m - [34mAddress is already hooked, during hook(0x0, <SimProcedure getenv>). Not re-hooking.[0m[0m
[1;33;40mWARNING - 2023-05-29 07:19:13,911 - [34mangr.project[0m - [34mAddress is already hooked, during hook(0x0, <SimProcedure realloc>). Not re-hooking.[0m[0m
[1;33;40mWARNING - 2023-05-29 07:19:13,911 - [34mangr.project[0m - [34mAddress is already hooked, during hook(0x0, <SimProcedure malloc>). Not re-hooking.[0m[0m
[1;33;40mWARNING - 2023-05-29 07:19:13,911 - [34mangr.project[0m - [34mAddress is already hooked, during hook(0x0, <SimProcedure puts>). Not re-hooking.[0m[0m
[1;33;40mWARNING - 2023-05-29 07:19:13,911 - [34mangr.project[0m - [34mAddress is already hooked, during hook(0x0, <SimProcedure srand>). Not re-hooking.[0m[0m
[1;33;40mWARNING - 2023-05-29 07:19:13,911 - [34mangr.project[0m - [34mAddress is already hooked, during hook(0x0, <SimProcedure strchr>). Not re-hooking.[0m[0m
[1;33;40mWARNING - 2023-05-29 07:19:13,912 - [34mangr.project[0m - [34mAddress is already hooked, during hook(0x0, <SimProcedure strlen>). Not re-hooking.[0m[0m
[1;33;40mWARNING - 2023-05-29 07:19:13,912 - [34mangr.project[0m - [34mAddress is already hooked, during hook(0x0, <SimProcedure __libc_start_main>). Not re-hooking.[0m[0m
[1;33;40mWARNING - 2023-05-29 07:19:13,912 - [34mangr.project[0m - [34mAddress is already hooked, during hook(0x0, <SimProcedure atol>). Not re-hooking.[0m[0m
[1;33;40mWARNING - 2023-05-29 07:19:13,912 - [34mangr.project[0m - [34mAddress is already hooked, during hook(0x0, <SimProcedure bind>). Not re-hooking.[0m[0m
[1;33;40mWARNING - 2023-05-29 07:19:13,913 - [34mangr.project[0m - [34mAddress is already hooked, during hook(0x0, <SimProcedure fopen>). Not re-hooking.[0m[0m
[1;33;40mWARNING - 2023-05-29 07:19:13,913 - [34mangr.project[0m - [34mAddress is already hooked, during hook(0x0, <SimProcedure memset>). Not re-hooking.[0m[0m
[1;33;40mWARNING - 2023-05-29 07:19:13,913 - [34mangr.project[0m - [34mAddress is already hooked, during hook(0x0, <SimProcedure putchar>). Not re-hooking.[0m[0m
[1;33;40mWARNING - 2023-05-29 07:19:13,913 - [34mangr.project[0m - [34mAddress is already hooked, during hook(0x0, <SimProcedure __errno_location>). Not re-hooking.[0m[0m
[1;33;40mWARNING - 2023-05-29 07:19:13,914 - [34mangr.project[0m - [34mAddress is already hooked, during hook(0x0, <SimProcedure strncpy>). Not re-hooking.[0m[0m
[1;33;40mWARNING - 2023-05-29 07:19:13,914 - [34mangr.project[0m - [34mAddress is already hooked, during hook(0x0, <SimProcedure rand>). Not re-hooking.[0m[0m
[1;33;40mWARNING - 2023-05-29 07:19:13,914 - [34mangr.project[0m - [34mAddress is already hooked, during hook(0x0, <SimProcedure access>). Not re-hooking.[0m[0m
[1;33;40mWARNING - 2023-05-29 07:19:13,914 - [34mangr.project[0m - [34mAddress is already hooked, during hook(0x0, <SimProcedure htonl>). Not re-hooking.[0m[0m
[1;33;40mWARNING - 2023-05-29 07:19:13,915 - [34mangr.project[0m - [34mAddress is already hooked, during hook(0x0, <SimProcedure toupper>). Not re-hooking.[0m[0m
[1;33;40mWARNING - 2023-05-29 07:19:13,915 - [34mangr.project[0m - [34mAddress is already hooked, during hook(0x0, <SimProcedure atoi>). Not re-hooking.[0m[0m
[1;33;40mWARNING - 2023-05-29 07:19:13,915 - [34mangr.project[0m - [34mAddress is already hooked, during hook(0x0, <SimProcedure socket>). Not re-hooking.[0m[0m
[1;33;40mWARNING - 2023-05-29 07:19:13,915 - [34mangr.project[0m - [34mAddress is already hooked, during hook(0x0, <SimProcedure close>). Not re-hooking.[0m[0m
[1;33;40mWARNING - 2023-05-29 07:19:13,916 - [34mangr.project[0m - [34mAddress is already hooked, during hook(0x0, <SimProcedure __ctype_b_loc>). Not re-hooking.[0m[0m
[1;33;40mWARNING - 2023-05-29 07:19:13,916 - [34mangr.project[0m - [34mAddress is already hooked, during hook(0x0, <SimProcedure calloc>). Not re-hooking.[0m[0m
[1;33;40mWARNING - 2023-05-29 07:19:13,916 - [34mangr.project[0m - [34mAddress is already hooked, during hook(0x0, <SimProcedure strstr>). Not re-hooking.[0m[0m
[1;33;40mWARNING - 2023-05-29 07:19:13,917 - [34mangr.project[0m - [34mAddress is already hooked, during hook(0x0, <SimProcedure strcmp>). Not re-hooking.[0m[0m
[1;33;40mWARNING - 2023-05-29 07:19:13,917 - [34mangr.project[0m - [34mAddress is already hooked, during hook(0x0, <SimProcedure free>). Not re-hooking.[0m[0m
[1;33;40mWARNING - 2023-05-29 07:19:13,917 - [34mangr.project[0m - [34mAddress is already hooked, during hook(0x0, <SimProcedure memcpy>). Not re-hooking.[0m[0m
[1;33;40mWARNING - 2023-05-29 07:19:13,917 - [34mangr.project[0m - [34mAddress is already hooked, during hook(0x0, <SimProcedure fgets>). Not re-hooking.[0m[0m
[1;33;40mWARNING - 2023-05-29 07:19:13,917 - [34mangr.project[0m - [34mAddress is already hooked, during hook(0x0, <SimProcedure tolower>). Not re-hooking.[0m[0m
[1;33;40mWARNING - 2023-05-29 07:19:13,918 - [34mangr.project[0m - [34mAddress is already hooked, during hook(0x0, <SimProcedure fclose>). Not re-hooking.[0m[0m
[1;33;40mWARNING - 2023-05-29 07:19:13,918 - [34mangr.project[0m - [34mAddress is already hooked, during hook(0x0, <SimProcedure time>). Not re-hooking.[0m[0m
[1;33;40mWARNING - 2023-05-29 07:19:13,918 - [34mangr.project[0m - [34mAddress is already hooked, during hook(0x0, <SimProcedure htons>). Not re-hooking.[0m[0m
[1;33;40mWARNING - 2023-05-29 07:19:13,918 - [34mangr.project[0m - [34mAddress is already hooked, during hook(0x0, <SimProcedure perror>). Not re-hooking.[0m[0m
[1;33;40mWARNING - 2023-05-29 07:19:13,918 - [34mangr.project[0m - [34mAddress is already hooked, during hook(0x0, <SimProcedure fwrite>). Not re-hooking.[0m[0m
[1;33;40mWARNING - 2023-05-29 07:19:13,919 - [34mangr.project[0m - [34mAddress is already hooked, during hook(0x0, <SimProcedure usleep>). Not re-hooking.[0m[0m
[1;33;40mWARNING - 2023-05-29 07:19:13,919 - [34mangr.project[0m - [34mAddress is already hooked, during hook(0x0, <SimProcedure strcat>). Not re-hooking.[0m[0m
[1;33;40mWARNING - 2023-05-29 07:19:13,919 - [34mangr.project[0m - [34mAddress is already hooked, during hook(0x0, <SimProcedure strcpy>). Not re-hooking.[0m[0m
[1;33;40mWARNING - 2023-05-29 07:19:13,919 - [34mangr.project[0m - [34mAddress is already hooked, during hook(0x0, <SimProcedure getenv>). Not re-hooking.[0m[0m
[1;33;40mWARNING - 2023-05-29 07:19:13,920 - [34mangr.project[0m - [34mAddress is already hooked, during hook(0x0, <SimProcedure realloc>). Not re-hooking.[0m[0m
[1;33;40mWARNING - 2023-05-29 07:19:13,920 - [34mangr.project[0m - [34mAddress is already hooked, during hook(0x0, <SimProcedure malloc>). Not re-hooking.[0m[0m
[1;33;40mWARNING - 2023-05-29 07:19:13,920 - [34mangr.project[0m - [34mAddress is already hooked, during hook(0x0, <SimProcedure puts>). Not re-hooking.[0m[0m
[1;33;40mWARNING - 2023-05-29 07:19:13,920 - [34mangr.project[0m - [34mAddress is already hooked, during hook(0x0, <SimProcedure srand>). Not re-hooking.[0m[0m
[1;33;40mWARNING - 2023-05-29 07:19:13,920 - [34mangr.project[0m - [34mAddress is already hooked, during hook(0x0, <SimProcedure strchr>). Not re-hooking.[0m[0m
[1;33;40mWARNING - 2023-05-29 07:19:13,921 - [34mangr.project[0m - [34mAddress is already hooked, during hook(0x0, <SimProcedure strlen>). Not re-hooking.[0m[0m
[1;33;40mWARNING - 2023-05-29 07:19:13,921 - [34mangr.project[0m - [34mAddress is already hooked, during hook(0x0, <SimProcedure __libc_start_main>). Not re-hooking.[0m[0m
[1;33;40mWARNING - 2023-05-29 07:19:13,921 - [34mangr.project[0m - [34mAddress is already hooked, during hook(0x0, <SimProcedure atol>). Not re-hooking.[0m[0m
[1;33;40mWARNING - 2023-05-29 07:19:13,922 - [34mangr.project[0m - [34mAddress is already hooked, during hook(0x0, <SimProcedure bind>). Not re-hooking.[0m[0m
[1;33;40mWARNING - 2023-05-29 07:19:13,922 - [34mangr.project[0m - [34mAddress is already hooked, during hook(0x0, <SimProcedure fopen>). Not re-hooking.[0m[0m
[1;33;40mWARNING - 2023-05-29 07:19:13,922 - [34mangr.project[0m - [34mAddress is already hooked, during hook(0x0, <SimProcedure memset>). Not re-hooking.[0m[0m
[1;33;40mWARNING - 2023-05-29 07:19:13,922 - [34mangr.project[0m - [34mAddress is already hooked, during hook(0x0, <SimProcedure putchar>). Not re-hooking.[0m[0m
[1;33;40mWARNING - 2023-05-29 07:19:13,922 - [34mangr.project[0m - [34mAddress is already hooked, during hook(0x0, <SimProcedure __errno_location>). Not re-hooking.[0m[0m
[1;33;40mWARNING - 2023-05-29 07:19:13,923 - [34mangr.project[0m - [34mAddress is already hooked, during hook(0x0, <SimProcedure strncpy>). Not re-hooking.[0m[0m
[1;33;40mWARNING - 2023-05-29 07:19:13,923 - [34mangr.project[0m - [34mAddress is already hooked, during hook(0x0, <SimProcedure rand>). Not re-hooking.[0m[0m
[1;33;40mWARNING - 2023-05-29 07:19:13,923 - [34mangr.project[0m - [34mAddress is already hooked, during hook(0x0, <SimProcedure access>). Not re-hooking.[0m[0m
[1;33;40mWARNING - 2023-05-29 07:19:13,923 - [34mangr.project[0m - [34mAddress is already hooked, during hook(0x0, <SimProcedure htonl>). Not re-hooking.[0m[0m
[1;33;40mWARNING - 2023-05-29 07:19:13,923 - [34mangr.project[0m - [34mAddress is already hooked, during hook(0x0, <SimProcedure toupper>). Not re-hooking.[0m[0m
[1;33;40mWARNING - 2023-05-29 07:19:13,924 - [34mangr.project[0m - [34mAddress is already hooked, during hook(0x0, <SimProcedure atoi>). Not re-hooking.[0m[0m
[1;33;40mWARNING - 2023-05-29 07:19:13,924 - [34mangr.project[0m - [34mAddress is already hooked, during hook(0x0, <SimProcedure socket>). Not re-hooking.[0m[0m
[1;33;40mWARNING - 2023-05-29 07:19:13,924 - [34mangr.project[0m - [34mAddress is already hooked, during hook(0x0, <SimProcedure close>). Not re-hooking.[0m[0m
[1;33;40mWARNING - 2023-05-29 07:19:13,924 - [34mangr.project[0m - [34mAddress is already hooked, during hook(0x0, <SimProcedure __ctype_b_loc>). Not re-hooking.[0m[0m
[1;33;40mWARNING - 2023-05-29 07:19:13,925 - [34mangr.project[0m - [34mAddress is already hooked, during hook(0x0, <SimProcedure calloc>). Not re-hooking.[0m[0m
[1;33;40mWARNING - 2023-05-29 07:19:13,925 - [34mangr.project[0m - [34mAddress is already hooked, during hook(0x9049060, <SimProcedure printf>). Not re-hooking.[0m[0m
[1;33;40mWARNING - 2023-05-29 07:19:13,926 - [34mangr.project[0m - [34mAddress is already hooked, during hook(0x9049220, <SimProcedure fprintf>). Not re-hooking.[0m[0m
[1;33;40mWARNING - 2023-05-29 07:19:13,928 - [34mangr.project[0m - [34mAddress is already hooked, during hook(0xa700000, <SimProcedure strstr>). Not re-hooking.[0m[0m
[1;33;40mWARNING - 2023-05-29 07:19:13,928 - [34mangr.project[0m - [34mAddress is already hooked, during hook(0xa700004, <SimProcedure strcmp>). Not re-hooking.[0m[0m
[1;33;40mWARNING - 2023-05-29 07:19:13,928 - [34mangr.project[0m - [34mAddress is already hooked, during hook(0xa700008, <SimProcedure printf>). Not re-hooking.[0m[0m
[1;33;40mWARNING - 2023-05-29 07:19:13,929 - [34mangr.project[0m - [34mAddress is already hooked, during hook(0xa700014, <SimProcedure free>). Not re-hooking.[0m[0m
[1;33;40mWARNING - 2023-05-29 07:19:13,929 - [34mangr.project[0m - [34mAddress is already hooked, during hook(0xa700018, <SimProcedure memcpy>). Not re-hooking.[0m[0m
[1;33;40mWARNING - 2023-05-29 07:19:13,929 - [34mangr.project[0m - [34mAddress is already hooked, during hook(0xa700020, <SimProcedure fgets>). Not re-hooking.[0m[0m
[1;33;40mWARNING - 2023-05-29 07:19:13,929 - [34mangr.project[0m - [34mAddress is already hooked, during hook(0xa700024, <SimProcedure tolower>). Not re-hooking.[0m[0m
[1;33;40mWARNING - 2023-05-29 07:19:13,930 - [34mangr.project[0m - [34mAddress is already hooked, during hook(0xa700028, <SimProcedure fclose>). Not re-hooking.[0m[0m
[1;33;40mWARNING - 2023-05-29 07:19:13,930 - [34mangr.project[0m - [34mAddress is already hooked, during hook(0xa70002c, <SimProcedure time>). Not re-hooking.[0m[0m
[1;33;40mWARNING - 2023-05-29 07:19:13,930 - [34mangr.project[0m - [34mAddress is already hooked, during hook(0xa70003c, <SimProcedure htons>). Not re-hooking.[0m[0m
[1;33;40mWARNING - 2023-05-29 07:19:13,930 - [34mangr.project[0m - [34mAddress is already hooked, during hook(0xa700040, <SimProcedure perror>). Not re-hooking.[0m[0m
[1;33;40mWARNING - 2023-05-29 07:19:13,930 - [34mangr.project[0m - [34mAddress is already hooked, during hook(0xa700044, <SimProcedure fwrite>). Not re-hooking.[0m[0m
[1;33;40mWARNING - 2023-05-29 07:19:13,931 - [34mangr.project[0m - [34mAddress is already hooked, during hook(0xa700048, <SimProcedure usleep>). Not re-hooking.[0m[0m
[1;33;40mWARNING - 2023-05-29 07:19:13,931 - [34mangr.project[0m - [34mAddress is already hooked, during hook(0xa70004c, <SimProcedure strcat>). Not re-hooking.[0m[0m
[1;33;40mWARNING - 2023-05-29 07:19:13,931 - [34mangr.project[0m - [34mAddress is already hooked, during hook(0xa700050, <SimProcedure strcpy>). Not re-hooking.[0m[0m
[1;33;40mWARNING - 2023-05-29 07:19:13,931 - [34mangr.project[0m - [34mAddress is already hooked, during hook(0xa700054, <SimProcedure getenv>). Not re-hooking.[0m[0m
[1;33;40mWARNING - 2023-05-29 07:19:13,931 - [34mangr.project[0m - [34mAddress is already hooked, during hook(0xa700058, <SimProcedure realloc>). Not re-hooking.[0m[0m
[1;33;40mWARNING - 2023-05-29 07:19:13,932 - [34mangr.project[0m - [34mAddress is already hooked, during hook(0xa70005c, <SimProcedure malloc>). Not re-hooking.[0m[0m
[1;33;40mWARNING - 2023-05-29 07:19:13,932 - [34mangr.project[0m - [34mAddress is already hooked, during hook(0xa700060, <SimProcedure puts>). Not re-hooking.[0m[0m
[1;33;40mWARNING - 2023-05-29 07:19:13,932 - [34mangr.project[0m - [34mAddress is already hooked, during hook(0xa700068, <SimProcedure srand>). Not re-hooking.[0m[0m
[1;33;40mWARNING - 2023-05-29 07:19:13,932 - [34mangr.project[0m - [34mAddress is already hooked, during hook(0xa70006c, <SimProcedure strchr>). Not re-hooking.[0m[0m
[1;33;40mWARNING - 2023-05-29 07:19:13,933 - [34mangr.project[0m - [34mAddress is already hooked, during hook(0xa700070, <SimProcedure strlen>). Not re-hooking.[0m[0m
[1;33;40mWARNING - 2023-05-29 07:19:13,933 - [34mangr.project[0m - [34mAddress is already hooked, during hook(0xa700074, <SimProcedure __libc_start_main>). Not re-hooking.[0m[0m
[1;33;40mWARNING - 2023-05-29 07:19:13,933 - [34mangr.project[0m - [34mAddress is already hooked, during hook(0xa700078, <SimProcedure fprintf>). Not re-hooking.[0m[0m
[1;33;40mWARNING - 2023-05-29 07:19:13,933 - [34mangr.project[0m - [34mAddress is already hooked, during hook(0xa70007c, <SimProcedure atol>). Not re-hooking.[0m[0m
[1;33;40mWARNING - 2023-05-29 07:19:13,933 - [34mangr.project[0m - [34mAddress is already hooked, during hook(0xa700080, <SimProcedure bind>). Not re-hooking.[0m[0m
[1;33;40mWARNING - 2023-05-29 07:19:13,934 - [34mangr.project[0m - [34mAddress is already hooked, during hook(0xa700084, <SimProcedure fopen>). Not re-hooking.[0m[0m
[1;33;40mWARNING - 2023-05-29 07:19:13,934 - [34mangr.project[0m - [34mAddress is already hooked, during hook(0xa700088, <SimProcedure memset>). Not re-hooking.[0m[0m
[1;33;40mWARNING - 2023-05-29 07:19:13,934 - [34mangr.project[0m - [34mAddress is already hooked, during hook(0xa70008c, <SimProcedure putchar>). Not re-hooking.[0m[0m
[1;33;40mWARNING - 2023-05-29 07:19:13,934 - [34mangr.project[0m - [34mAddress is already hooked, during hook(0xa700090, <SimProcedure __errno_location>). Not re-hooking.[0m[0m
[1;33;40mWARNING - 2023-05-29 07:19:13,935 - [34mangr.project[0m - [34mAddress is already hooked, during hook(0xa700098, <SimProcedure strncpy>). Not re-hooking.[0m[0m
[1;33;40mWARNING - 2023-05-29 07:19:13,935 - [34mangr.project[0m - [34mAddress is already hooked, during hook(0xa7000a0, <SimProcedure rand>). Not re-hooking.[0m[0m
[1;33;40mWARNING - 2023-05-29 07:19:13,935 - [34mangr.project[0m - [34mAddress is already hooked, during hook(0xa7000a4, <SimProcedure access>). Not re-hooking.[0m[0m
[1;33;40mWARNING - 2023-05-29 07:19:13,935 - [34mangr.project[0m - [34mAddress is already hooked, during hook(0xa7000b0, <SimProcedure htonl>). Not re-hooking.[0m[0m
[1;33;40mWARNING - 2023-05-29 07:19:13,936 - [34mangr.project[0m - [34mAddress is already hooked, during hook(0xa7000b4, <SimProcedure toupper>). Not re-hooking.[0m[0m
[1;33;40mWARNING - 2023-05-29 07:19:13,936 - [34mangr.project[0m - [34mAddress is already hooked, during hook(0xa7000bc, <SimProcedure atoi>). Not re-hooking.[0m[0m
[1;33;40mWARNING - 2023-05-29 07:19:13,937 - [34mangr.project[0m - [34mAddress is already hooked, during hook(0xa7000c4, <SimProcedure socket>). Not re-hooking.[0m[0m
[1;33;40mWARNING - 2023-05-29 07:19:13,937 - [34mangr.project[0m - [34mAddress is already hooked, during hook(0xa7000d0, <SimProcedure close>). Not re-hooking.[0m[0m
[1;33;40mWARNING - 2023-05-29 07:19:13,937 - [34mangr.project[0m - [34mAddress is already hooked, during hook(0xa7000d8, <SimProcedure __ctype_b_loc>). Not re-hooking.[0m[0m
[1;33;40mWARNING - 2023-05-29 07:19:13,938 - [34mangr.project[0m - [34mAddress is already hooked, during hook(0xa7000dc, <SimProcedure calloc>). Not re-hooking.[0m[0m
[1;32;40mINFO - 2023-05-29 07:19:13,938 - [36mCustomSimProcedure[0m - [36mcustom_hook_no_symbols[0m[0m
[1;33;40mWARNING - 2023-05-29 07:19:14,077 - [32mangr.storage.memory_mixins.default_filler_mixin[0m - [32mFilling memory at 0xc002032c with 4 unconstrained bytes referenced from 0xa700074 (__libc_start_main+0x0 in extern-address space (0x74))[0m[0m
[1;32;40mINFO - 2023-05-29 07:19:14,132 - [36mCustomSimProcedure[0m - [36mSyscall found:  malloc[<BV32 0x300>][0m[0m
[1;33;40mWARNING - 2023-05-29 07:19:14,177 - [32mangr.storage.memory_mixins.default_filler_mixin[0m - [32mFilling memory at 0xc002033c with 4 unconstrained bytes referenced from 0xa700074 (__libc_start_main+0x0 in extern-address space (0x74))[0m[0m
[1;32;40mINFO - 2023-05-29 07:19:14,232 - [36mCustomSimProcedure[0m - [36mSyscall found:  malloc[<BV32 0x4>][0m[0m
[1;33;40mWARNING - 2023-05-29 07:19:14,288 - [32mangr.storage.memory_mixins.default_filler_mixin[0m - [32mFilling memory at 0xc0020944 with 4 unconstrained bytes referenced from 0xa700074 (__libc_start_main+0x0 in extern-address space (0x74))[0m[0m
[1;32;40mINFO - 2023-05-29 07:19:14,344 - [36mCustomSimProcedure[0m - [36mSyscall found:  malloc[<BV32 0x600>][0m[0m
[1;33;40mWARNING - 2023-05-29 07:19:14,379 - [32mangr.storage.memory_mixins.default_filler_mixin[0m - [32mFilling memory at 0xc0020954 with 4 unconstrained bytes referenced from 0xa700074 (__libc_start_main+0x0 in extern-address space (0x74))[0m[0m
[1;32;40mINFO - 2023-05-29 07:19:14,436 - [36mCustomSimProcedure[0m - [36mSyscall found:  malloc[<BV32 0x4>][0m[0m
[1;33;40mWARNING - 2023-05-29 07:19:14,491 - [32mangr.storage.memory_mixins.default_filler_mixin[0m - [32mFilling memory at 0xc0020f5c with 4 unconstrained bytes referenced from 0xa700074 (__libc_start_main+0x0 in extern-address space (0x74))[0m[0m
[1;32;40mINFO - 2023-05-29 07:19:14,548 - [36mCustomSimProcedure[0m - [36mSyscall found:  malloc[<BV32 0x600>][0m[0m
[1;33;40mWARNING - 2023-05-29 07:19:14,582 - [32mangr.storage.memory_mixins.default_filler_mixin[0m - [32mFilling memory at 0xc0020f6c with 4 unconstrained bytes referenced from 0xa700074 (__libc_start_main+0x0 in extern-address space (0x74))[0m[0m
[1;32;40mINFO - 2023-05-29 07:19:14,639 - [36mCustomSimProcedure[0m - [36mSyscall found:  malloc[<BV32 0x4>][0m[0m
[1;33;40mWARNING - 2023-05-29 07:19:14,696 - [32mangr.storage.memory_mixins.default_filler_mixin[0m - [32mFilling memory at 0xc0020f7c with 4 unconstrained bytes referenced from 0xa700074 (__libc_start_main+0x0 in extern-address space (0x74))[0m[0m
[1;32;40mINFO - 2023-05-29 07:19:14,755 - [36mCustomSimProcedure[0m - [36mSyscall found:  malloc[<BV32 0x4>][0m[0m
[1;32;40mINFO - 2023-05-29 07:19:14,764 - [36mCustomSimProcedure[0m - [36mSyscall found:  __libc_start_main[<BV32 0x90493c0>, <BV32 0x1>, <BV32 0x7ffeffb0>, <BV32 0x907b440>, <BV32 0x907b4b0>][0m[0m
[1;33;40mWARNING - 2023-05-29 07:19:14,782 - [32mangr.storage.memory_mixins.default_filler_mixin[0m - [32mFilling register edi with 4 unconstrained bytes referenced from 0x907b450 (__libc_csu_init+0x10 in mutations3_exec (0x907b450))[0m[0m
[1;32;40mINFO - 2023-05-29 07:19:14,889 - [36mCustomSimProcedure[0m - [36mSyscall found:  __libc_start_main[151294912, 1, 2147418032, 151499840, 151499952][0m[0m
[1;32;40mINFO - 2023-05-29 07:19:14,942 - [36mCustomSimProcedure[0m - [36mSyscall found:  sysconf[<BV32 0x54>][0m[0m
[1;32;40mINFO - 2023-05-29 07:19:14,990 - [32mSemaExplorerCDFS[0m - [32mA new block of execution have been executed with changes in sim_manager.[0m[0m
[1;32;40mINFO - 2023-05-29 07:19:14,990 - [32mSemaExplorerCDFS[0m - [32mCurrently, simulation manager is :
<SimulationManager with 2 active>[0m[0m
[1;32;40mINFO - 2023-05-29 07:19:14,990 - [32mSemaExplorerCDFS[0m - [32mpause stash len :0[0m[0m
[1;32;40mINFO - 2023-05-29 07:19:14,990 - [32mSemaExplorerCDFS[0m - [32mfork_stack : 1[0m[0m
[1;32;40mINFO - 2023-05-29 07:19:15,051 - [36mCustomSimProcedure[0m - [36mSyscall found:  popen[<BV32 0x907c009>, <BV32 0x907c06f>][0m[0m
[1;32;40mINFO - 2023-05-29 07:19:15,077 - [36mCustomSimProcedure[0m - [36mSyscall found:  popen[<BV32 0x907c009>, <BV32 0x907c06f>][0m[0m
[1;32;40mINFO - 2023-05-29 07:19:15,138 - [32mSemaExplorerCDFS[0m - [32mA new block of execution have been executed with changes in sim_manager.[0m[0m
[1;32;40mINFO - 2023-05-29 07:19:15,138 - [32mSemaExplorerCDFS[0m - [32mCurrently, simulation manager is :
<SimulationManager with 4 active>[0m[0m
[1;32;40mINFO - 2023-05-29 07:19:15,138 - [32mSemaExplorerCDFS[0m - [32mpause stash len :0[0m[0m
[1;32;40mINFO - 2023-05-29 07:19:15,138 - [32mSemaExplorerCDFS[0m - [32mfork_stack : 2[0m[0m
[1;32;40mINFO - 2023-05-29 07:19:15,175 - [36mCustomSimProcedure[0m - [36mSyscall found:  strlen[<BV32 0x907c078>][0m[0m
[1;32;40mINFO - 2023-05-29 07:19:15,176 - [36mCustomSimProcedure[0m - [36mSyscall found:  printf[<BV32 0x907c078>][0m[0m
[1;32;40mINFO - 2023-05-29 07:19:15,182 - [36mCustomSimProcedure[0m - [36mSyscall found:  strlen[<BV32 0x907c078>][0m[0m
[1;32;40mINFO - 2023-05-29 07:19:15,183 - [36mCustomSimProcedure[0m - [36mSyscall found:  printf[<BV32 0x907c078>][0m[0m
[1;33;40mWARNING - 2023-05-29 07:19:15,318 - [32mangr.storage.memory_mixins.default_filler_mixin[0m - [32mFilling memory at 0xfffffff8 with 4 unconstrained bytes referenced from 0xa700020 (fgets+0x0 in extern-address space (0x20))[0m[0m
[1;33;40mWARNING - 2023-05-29 07:19:15,360 - [33mangr.state_plugins.posix[0m - [33mTried to look up a symbolic fd - constrained to 3 and opened b'/tmp/angr_implicit_0'[0m[0m
[1;32;40mINFO - 2023-05-29 07:19:15,412 - [36mCustomSimProcedure[0m - [36mSyscall found:  fgets[<BV32 0x7ffefe78>, <BV32 0x80>, <BV32 unconstrained_ret_popen_5245658_32{UNINITIALIZED}>][0m[0m
[1;33;40mWARNING - 2023-05-29 07:19:15,577 - [32mangr.storage.memory_mixins.default_filler_mixin[0m - [32mFilling memory at 0xfffffffe with 1 unconstrained bytes referenced from 0xa700020 (fgets+0x0 in extern-address space (0x20))[0m[0m
[1;32;40mINFO - 2023-05-29 07:19:15,617 - [32mSemaExplorerCDFS[0m - [32mEnd of the trace number 0 with errors[0m[0m
[1;32;40mINFO - 2023-05-29 07:19:15,617 - [32mSemaExplorerCDFS[0m - <SimState @ 0xa700020>[0m
[1;32;40mINFO - 2023-05-29 07:19:15,618 - [32mSemaExplorerCDFS[0m - Tried to do operation on symbolic but partially constrained file descriptor[0m
[1;33;40mWARNING - 2023-05-29 07:19:15,652 - [32mangr.storage.memory_mixins.default_filler_mixin[0m - [32mFilling memory at 0x38 with 4 unconstrained bytes referenced from 0xa700020 (fgets+0x0 in extern-address space (0x20))[0m[0m
[1;33;40mWARNING - 2023-05-29 07:19:15,679 - [33mangr.state_plugins.posix[0m - [33mTried to look up a symbolic fd - constrained to 3 and opened b'/tmp/angr_implicit_0'[0m[0m
[1;32;40mINFO - 2023-05-29 07:19:15,734 - [36mCustomSimProcedure[0m - [36mSyscall found:  fgets[<BV32 0x7ffefe78>, <BV32 0x80>, <BV32 unconstrained_ret_popen_5245658_32{UNINITIALIZED}>][0m[0m
[1;33;40mWARNING - 2023-05-29 07:19:15,831 - [33mangr.state_plugins.posix[0m - [33mTried to look up a symbolic fd - constrained to 3 and opened b'/tmp/angr_implicit_0'[0m[0m
[1;32;40mINFO - 2023-05-29 07:19:15,884 - [36mCustomSimProcedure[0m - [36mSyscall found:  fgets[<BV32 0x7ffefe78>, <BV32 0x80>, <BV32 unconstrained_ret_popen_5245659_32{UNINITIALIZED}>][0m[0m
[1;32;40mINFO - 2023-05-29 07:19:15,966 - [36mCustomSimProcedure[0m - [36mSyscall found:  strlen[<BV32 0x907c029>][0m[0m
[1;32;40mINFO - 2023-05-29 07:19:15,967 - [36mCustomSimProcedure[0m - [36mSyscall found:  memcpy[<BV32 0x7ffefe40>, <BV32 0x907c029>, <BV32 0x22>][0m[0m
[1;32;40mINFO - 2023-05-29 07:19:15,968 - [36mCustomSimProcedure[0m - [36mSyscall found:  strncpy[<BV32 0x7ffefe40>, <BV32 0x907c029>, <BV32 0x22>][0m[0m
[1;32;40mINFO - 2023-05-29 07:19:16,016 - [36mCustomSimProcedure[0m - [36mSyscall found:  strlen[<BV32 0x907c029>][0m[0m
[1;32;40mINFO - 2023-05-29 07:19:16,018 - [36mCustomSimProcedure[0m - [36mSyscall found:  memcpy[<BV32 0x7ffefe40>, <BV32 0x907c029>, <BV32 0x22>][0m[0m
[1;32;40mINFO - 2023-05-29 07:19:16,018 - [36mCustomSimProcedure[0m - [36mSyscall found:  strncpy[<BV32 0x7ffefe40>, <BV32 0x907c029>, <BV32 0x22>][0m[0m
[1;32;40mINFO - 2023-05-29 07:19:16,035 - [36mCustomSimProcedure[0m - [36mSyscall found:  strlen[<BV32 0x907c029>][0m[0m
[1;32;40mINFO - 2023-05-29 07:19:16,036 - [36mCustomSimProcedure[0m - [36mSyscall found:  memcpy[<BV32 0x7ffefe40>, <BV32 0x907c029>, <BV32 0x22>][0m[0m
[1;32;40mINFO - 2023-05-29 07:19:16,036 - [36mCustomSimProcedure[0m - [36mSyscall found:  strncpy[<BV32 0x7ffefe40>, <BV32 0x907c029>, <BV32 0x22>][0m[0m
[1;32;40mINFO - 2023-05-29 07:19:16,068 - [36mCustomSimProcedure[0m - [36mSyscall found:  strlen[<BV32 0x907c029>][0m[0m
[1;32;40mINFO - 2023-05-29 07:19:16,078 - [36mCustomSimProcedure[0m - [36mSyscall found:  strlen[<BV32 0x7ffefe40>][0m[0m
[1;32;40mINFO - 2023-05-29 07:19:16,087 - [36mCustomSimProcedure[0m - [36mSyscall found:  strncmp[<BV32 0x907c029>, <BV32 0x7ffefe40>, <BV32 0x21>][0m[0m
[1;32;40mINFO - 2023-05-29 07:19:16,087 - [36mCustomSimProcedure[0m - [36mSyscall found:  strcmp[<BV32 0x907c029>, <BV32 0x7ffefe40>][0m[0m
[1;32;40mINFO - 2023-05-29 07:19:16,128 - [36mCustomSimProcedure[0m - [36mSyscall found:  strlen[<BV32 0x907c029>][0m[0m
[1;32;40mINFO - 2023-05-29 07:19:16,138 - [36mCustomSimProcedure[0m - [36mSyscall found:  strlen[<BV32 0x7ffefe40>][0m[0m
[1;32;40mINFO - 2023-05-29 07:19:16,145 - [36mCustomSimProcedure[0m - [36mSyscall found:  strncmp[<BV32 0x907c029>, <BV32 0x7ffefe40>, <BV32 0x21>][0m[0m
[1;32;40mINFO - 2023-05-29 07:19:16,146 - [36mCustomSimProcedure[0m - [36mSyscall found:  strcmp[<BV32 0x907c029>, <BV32 0x7ffefe40>][0m[0m
[1;32;40mINFO - 2023-05-29 07:19:16,172 - [36mCustomSimProcedure[0m - [36mSyscall found:  strlen[<BV32 0x907c029>][0m[0m
[1;32;40mINFO - 2023-05-29 07:19:16,183 - [36mCustomSimProcedure[0m - [36mSyscall found:  strlen[<BV32 0x7ffefe40>][0m[0m
[1;32;40mINFO - 2023-05-29 07:19:16,191 - [36mCustomSimProcedure[0m - [36mSyscall found:  strncmp[<BV32 0x907c029>, <BV32 0x7ffefe40>, <BV32 0x21>][0m[0m
[1;32;40mINFO - 2023-05-29 07:19:16,192 - [36mCustomSimProcedure[0m - [36mSyscall found:  strcmp[<BV32 0x907c029>, <BV32 0x7ffefe40>][0m[0m
[1;32;40mINFO - 2023-05-29 07:19:16,228 - [36mCustomSimProcedure[0m - [36mSyscall found:  pclose[<BV32 unconstrained_ret_popen_5245658_32{UNINITIALIZED}>][0m[0m
[1;32;40mINFO - 2023-05-29 07:19:16,382 - [32mSemaExplorerCDFS[0m - [32mA new block of execution have been executed with changes in sim_manager.[0m[0m
[1;32;40mINFO - 2023-05-29 07:19:16,382 - [32mSemaExplorerCDFS[0m - [32mCurrently, simulation manager is :
<SimulationManager with 4 active (1 errored)>[0m[0m
[1;32;40mINFO - 2023-05-29 07:19:16,382 - [32mSemaExplorerCDFS[0m - [32mpause stash len :0[0m[0m
[1;32;40mINFO - 2023-05-29 07:19:16,382 - [32mSemaExplorerCDFS[0m - [32mfork_stack : 1[0m[0m
[1;32;40mINFO - 2023-05-29 07:19:16,384 - [36mCustomSimProcedure[0m - [36mSyscall found:  pclose[<BV32 unconstrained_ret_popen_5245658_32{UNINITIALIZED}>][0m[0m
[1;32;40mINFO - 2023-05-29 07:19:16,526 - [36mCustomSimProcedure[0m - [36mSyscall found:  pclose[<BV32 unconstrained_ret_popen_5245659_32{UNINITIALIZED}>][0m[0m
[1;32;40mINFO - 2023-05-29 07:19:16,677 - [36mCustomSimProcedure[0m - [36mSyscall found:  strlen[<BV32 0x907c07e>][0m[0m
[1;32;40mINFO - 2023-05-29 07:19:16,681 - [36mCustomSimProcedure[0m - [36mSyscall found:  printf[<BV32 0x907c07e>][0m[0m
[1;32;40mINFO - 2023-05-29 07:19:16,710 - [32mSemaExplorerCDFS[0m - [32mA new block of execution have been executed with changes in sim_manager.[0m[0m
[1;32;40mINFO - 2023-05-29 07:19:16,710 - [32mSemaExplorerCDFS[0m - [32mCurrently, simulation manager is :
<SimulationManager with 6 active (1 errored)>[0m[0m
[1;32;40mINFO - 2023-05-29 07:19:16,710 - [32mSemaExplorerCDFS[0m - [32mpause stash len :0[0m[0m
[1;32;40mINFO - 2023-05-29 07:19:16,710 - [32mSemaExplorerCDFS[0m - [32mfork_stack : 2[0m[0m
[1;32;40mINFO - 2023-05-29 07:19:16,768 - [36mCustomSimProcedure[0m - [36mSyscall found:  strlen[<BV32 0x907c07e>][0m[0m
[1;32;40mINFO - 2023-05-29 07:19:16,772 - [36mCustomSimProcedure[0m - [36mSyscall found:  printf[<BV32 0x907c07e>][0m[0m
[1;32;40mINFO - 2023-05-29 07:19:16,815 - [36mCustomSimProcedure[0m - [36mSyscall found:  popen[<BV32 0x907c04b>, <BV32 0x907c06f>][0m[0m
[1;32;40mINFO - 2023-05-29 07:19:16,893 - [32mSemaExplorerCDFS[0m - [32mA new block of execution have been executed with changes in sim_manager.[0m[0m
[1;32;40mINFO - 2023-05-29 07:19:16,893 - [32mSemaExplorerCDFS[0m - [32mCurrently, simulation manager is :
<SimulationManager with 6 active (1 errored)>[0m[0m
[1;32;40mINFO - 2023-05-29 07:19:16,893 - [32mSemaExplorerCDFS[0m - [32mpause stash len :1[0m[0m
[1;32;40mINFO - 2023-05-29 07:19:16,893 - [32mSemaExplorerCDFS[0m - [32mfork_stack : 1[0m[0m
[1;32;40mINFO - 2023-05-29 07:19:16,896 - [36mCustomSimProcedure[0m - [36mSyscall found:  popen[<BV32 0x907c04b>, <BV32 0x907c06f>][0m[0m
[1;32;40mINFO - 2023-05-29 07:19:16,949 - [36mCustomSimProcedure[0m - [36mSyscall found:  popen[<BV32 0x907c04b>, <BV32 0x907c06f>][0m[0m
[1;32;40mINFO - 2023-05-29 07:19:16,997 - [36mCustomSimProcedure[0m - [36mSyscall found:  strlen[<BV32 0x907c078>][0m[0m
[1;32;40mINFO - 2023-05-29 07:19:16,997 - [36mCustomSimProcedure[0m - [36mSyscall found:  printf[<BV32 0x907c078>][0m[0m
[1;32;40mINFO - 2023-05-29 07:19:17,021 - [32mSemaExplorerCDFS[0m - [32mA new block of execution have been executed with changes in sim_manager.[0m[0m
[1;32;40mINFO - 2023-05-29 07:19:17,021 - [32mSemaExplorerCDFS[0m - [32mCurrently, simulation manager is :
<SimulationManager with 7 active (1 errored)>[0m[0m
[1;32;40mINFO - 2023-05-29 07:19:17,022 - [32mSemaExplorerCDFS[0m - [32mpause stash len :2[0m[0m
[1;32;40mINFO - 2023-05-29 07:19:17,022 - [32mSemaExplorerCDFS[0m - [32mfork_stack : 2[0m[0m
[1;32;40mINFO - 2023-05-29 07:19:17,041 - [36mCustomSimProcedure[0m - [36mSyscall found:  popen[<BV32 0x907c04b>, <BV32 0x907c06f>][0m[0m
[1;33;40mWARNING - 2023-05-29 07:19:17,193 - [32mangr.storage.memory_mixins.default_filler_mixin[0m - [32mFilling memory at 0x3 with 1 unconstrained bytes referenced from 0xa700020 (fgets+0x0 in extern-address space (0x20))[0m[0m
[1;33;40mWARNING - 2023-05-29 07:19:17,221 - [33mangr.state_plugins.posix[0m - [33mTried to look up a symbolic fd - constrained to 4 and opened b'/tmp/angr_implicit_1'[0m[0m
[1;32;40mINFO - 2023-05-29 07:19:17,274 - [36mCustomSimProcedure[0m - [36mSyscall found:  fgets[<BV32 0x7ffefe78>, <BV32 0x80>, <BV32 unconstrained_ret_popen_5245672_32{UNINITIALIZED}>][0m[0m
[1;32;40mINFO - 2023-05-29 07:19:17,317 - [36mCustomSimProcedure[0m - [36mSyscall found:  strlen[<BV32 0x907c078>][0m[0m
[1;32;40mINFO - 2023-05-29 07:19:17,318 - [36mCustomSimProcedure[0m - [36mSyscall found:  printf[<BV32 0x907c078>][0m[0m
[1;32;40mINFO - 2023-05-29 07:19:17,351 - [32mSemaExplorerCDFS[0m - [32mA new block of execution have been executed with changes in sim_manager.[0m[0m
[1;32;40mINFO - 2023-05-29 07:19:17,351 - [32mSemaExplorerCDFS[0m - [32mCurrently, simulation manager is :
<SimulationManager with 6 active (1 errored)>[0m[0m
[1;32;40mINFO - 2023-05-29 07:19:17,351 - [32mSemaExplorerCDFS[0m - [32mpause stash len :4[0m[0m
[1;32;40mINFO - 2023-05-29 07:19:17,351 - [32mSemaExplorerCDFS[0m - [32mfork_stack : 1[0m[0m
[1;33;40mWARNING - 2023-05-29 07:19:17,485 - [32mangr.storage.memory_mixins.default_filler_mixin[0m - [32mFilling memory at 0xfff80048 with 4 unconstrained bytes referenced from 0xa700020 (fgets+0x0 in extern-address space (0x20))[0m[0m
[1;33;40mWARNING - 2023-05-29 07:19:17,527 - [33mangr.state_plugins.posix[0m - [33mTried to look up a symbolic fd - constrained to 4 and opened b'/tmp/angr_implicit_1'[0m[0m
[1;32;40mINFO - 2023-05-29 07:19:17,579 - [36mCustomSimProcedure[0m - [36mSyscall found:  fgets[<BV32 0x7ffefe78>, <BV32 0x80>, <BV32 unconstrained_ret_popen_5245673_32{UNINITIALIZED}>][0m[0m
[1;33;40mWARNING - 2023-05-29 07:19:17,673 - [33mangr.state_plugins.posix[0m - [33mTried to look up a symbolic fd - constrained to 4 and opened b'/tmp/angr_implicit_1'[0m[0m
[1;32;40mINFO - 2023-05-29 07:19:17,726 - [36mCustomSimProcedure[0m - [36mSyscall found:  fgets[<BV32 0x7ffefe78>, <BV32 0x80>, <BV32 unconstrained_ret_popen_5245672_32{UNINITIALIZED}>][0m[0m
[1;32;40mINFO - 2023-05-29 07:19:17,779 - [36mCustomSimProcedure[0m - [36mSyscall found:  strlen[<BV32 0x907c078>][0m[0m
[1;32;40mINFO - 2023-05-29 07:19:17,780 - [36mCustomSimProcedure[0m - [36mSyscall found:  printf[<BV32 0x907c078>][0m[0m
[1;32;40mINFO - 2023-05-29 07:19:17,876 - [36mCustomSimProcedure[0m - [36mSyscall found:  fgets[<BV32 0x7ffefe78>, <BV32 0x80>, <BV32 unconstrained_ret_popen_5245673_32{UNINITIALIZED}>][0m[0m
[1;33;40mWARNING - 2023-05-29 07:19:18,063 - [32mangr.storage.memory_mixins.default_filler_mixin[0m - [32mFilling memory at 0x1b with 4 unconstrained bytes referenced from 0xa700020 (fgets+0x0 in extern-address space (0x20))[0m[0m
[1;33;40mWARNING - 2023-05-29 07:19:18,105 - [33mangr.state_plugins.posix[0m - [33mTried to look up a symbolic fd - constrained to 4 and opened b'/tmp/angr_implicit_1'[0m[0m
[1;32;40mINFO - 2023-05-29 07:19:18,157 - [36mCustomSimProcedure[0m - [36mSyscall found:  fgets[<BV32 0x7ffefe78>, <BV32 0x80>, <BV32 unconstrained_ret_popen_5245675_32{UNINITIALIZED}>][0m[0m
[1;32;40mINFO - 2023-05-29 07:19:18,254 - [36mCustomSimProcedure[0m - [36mSyscall found:  strlen[<BV32 0x907c071>][0m[0m
[1;32;40mINFO - 2023-05-29 07:19:18,255 - [36mCustomSimProcedure[0m - [36mSyscall found:  memcpy[<BV32 0x7ffefe60>, <BV32 0x907c071>, <BV32 0x6>][0m[0m
[1;32;40mINFO - 2023-05-29 07:19:18,255 - [36mCustomSimProcedure[0m - [36mSyscall found:  strncpy[<BV32 0x7ffefe60>, <BV32 0x907c071>, <BV32 0x6>][0m[0m
[1;32;40mINFO - 2023-05-29 07:19:18,327 - [36mCustomSimProcedure[0m - [36mSyscall found:  fgets[<BV32 0x7ffefe78>, <BV32 0x80>, <BV32 unconstrained_ret_popen_5245675_32{UNINITIALIZED}>][0m[0m
[1;32;40mINFO - 2023-05-29 07:19:18,381 - [36mCustomSimProcedure[0m - [36mSyscall found:  strlen[<BV32 0x907c071>][0m[0m
[1;32;40mINFO - 2023-05-29 07:19:18,382 - [36mCustomSimProcedure[0m - [36mSyscall found:  memcpy[<BV32 0x7ffefe60>, <BV32 0x907c071>, <BV32 0x6>][0m[0m
[1;32;40mINFO - 2023-05-29 07:19:18,382 - [36mCustomSimProcedure[0m - [36mSyscall found:  strncpy[<BV32 0x7ffefe60>, <BV32 0x907c071>, <BV32 0x6>][0m[0m
[1;32;40mINFO - 2023-05-29 07:19:18,422 - [36mCustomSimProcedure[0m - [36mSyscall found:  strlen[<BV32 0x907c071>][0m[0m
[1;32;40mINFO - 2023-05-29 07:19:18,423 - [36mCustomSimProcedure[0m - [36mSyscall found:  memcpy[<BV32 0x7ffefe60>, <BV32 0x907c071>, <BV32 0x6>][0m[0m
[1;32;40mINFO - 2023-05-29 07:19:18,423 - [36mCustomSimProcedure[0m - [36mSyscall found:  strncpy[<BV32 0x7ffefe60>, <BV32 0x907c071>, <BV32 0x6>][0m[0m
[1;32;40mINFO - 2023-05-29 07:19:18,450 - [36mCustomSimProcedure[0m - [36mSyscall found:  strlen[<BV32 0x907c071>][0m[0m
[1;32;40mINFO - 2023-05-29 07:19:18,451 - [36mCustomSimProcedure[0m - [36mSyscall found:  memcpy[<BV32 0x7ffefe60>, <BV32 0x907c071>, <BV32 0x6>][0m[0m
[1;32;40mINFO - 2023-05-29 07:19:18,451 - [36mCustomSimProcedure[0m - [36mSyscall found:  strncpy[<BV32 0x7ffefe60>, <BV32 0x907c071>, <BV32 0x6>][0m[0m
[1;32;40mINFO - 2023-05-29 07:19:18,471 - [36mCustomSimProcedure[0m - [36mSyscall found:  strlen[<BV32 0x907c071>][0m[0m
[1;32;40mINFO - 2023-05-29 07:19:18,474 - [36mCustomSimProcedure[0m - [36mSyscall found:  strlen[<BV32 0x7ffefe60>][0m[0m
[1;32;40mINFO - 2023-05-29 07:19:18,477 - [36mCustomSimProcedure[0m - [36mSyscall found:  strncmp[<BV32 0x907c071>, <BV32 0x7ffefe60>, <BV32 0x6>][0m[0m
[1;32;40mINFO - 2023-05-29 07:19:18,477 - [36mCustomSimProcedure[0m - [36mSyscall found:  strcmp[<BV32 0x907c071>, <BV32 0x7ffefe60>][0m[0m
[1;32;40mINFO - 2023-05-29 07:19:18,497 - [36mCustomSimProcedure[0m - [36mSyscall found:  strlen[<BV32 0x907c071>][0m[0m
[1;32;40mINFO - 2023-05-29 07:19:18,500 - [36mCustomSimProcedure[0m - [36mSyscall found:  strlen[<BV32 0x7ffefe60>][0m[0m
[1;32;40mINFO - 2023-05-29 07:19:18,503 - [36mCustomSimProcedure[0m - [36mSyscall found:  strncmp[<BV32 0x907c071>, <BV32 0x7ffefe60>, <BV32 0x6>][0m[0m
[1;32;40mINFO - 2023-05-29 07:19:18,503 - [36mCustomSimProcedure[0m - [36mSyscall found:  strcmp[<BV32 0x907c071>, <BV32 0x7ffefe60>][0m[0m
[1;32;40mINFO - 2023-05-29 07:19:18,523 - [36mCustomSimProcedure[0m - [36mSyscall found:  strlen[<BV32 0x907c071>][0m[0m
[1;32;40mINFO - 2023-05-29 07:19:18,525 - [36mCustomSimProcedure[0m - [36mSyscall found:  memcpy[<BV32 0x7ffefe60>, <BV32 0x907c071>, <BV32 0x6>][0m[0m
[1;32;40mINFO - 2023-05-29 07:19:18,525 - [36mCustomSimProcedure[0m - [36mSyscall found:  strncpy[<BV32 0x7ffefe60>, <BV32 0x907c071>, <BV32 0x6>][0m[0m
[1;32;40mINFO - 2023-05-29 07:19:18,545 - [36mCustomSimProcedure[0m - [36mSyscall found:  strlen[<BV32 0x907c071>][0m[0m
[1;32;40mINFO - 2023-05-29 07:19:18,548 - [36mCustomSimProcedure[0m - [36mSyscall found:  strlen[<BV32 0x7ffefe60>][0m[0m
[1;32;40mINFO - 2023-05-29 07:19:18,551 - [36mCustomSimProcedure[0m - [36mSyscall found:  strncmp[<BV32 0x907c071>, <BV32 0x7ffefe60>, <BV32 0x6>][0m[0m
[1;32;40mINFO - 2023-05-29 07:19:18,551 - [36mCustomSimProcedure[0m - [36mSyscall found:  strcmp[<BV32 0x907c071>, <BV32 0x7ffefe60>][0m[0m
[1;32;40mINFO - 2023-05-29 07:19:18,581 - [36mCustomSimProcedure[0m - [36mSyscall found:  strlen[<BV32 0x907c071>][0m[0m
[1;32;40mINFO - 2023-05-29 07:19:18,584 - [36mCustomSimProcedure[0m - [36mSyscall found:  strlen[<BV32 0x7ffefe60>][0m[0m
[1;32;40mINFO - 2023-05-29 07:19:18,586 - [36mCustomSimProcedure[0m - [36mSyscall found:  strncmp[<BV32 0x907c071>, <BV32 0x7ffefe60>, <BV32 0x6>][0m[0m
[1;32;40mINFO - 2023-05-29 07:19:18,587 - [36mCustomSimProcedure[0m - [36mSyscall found:  strcmp[<BV32 0x907c071>, <BV32 0x7ffefe60>][0m[0m
[1;32;40mINFO - 2023-05-29 07:19:18,636 - [36mCustomSimProcedure[0m - [36mSyscall found:  pclose[<BV32 unconstrained_ret_popen_5245673_32{UNINITIALIZED}>][0m[0m
[1;32;40mINFO - 2023-05-29 07:19:18,760 - [36mCustomSimProcedure[0m - [36mSyscall found:  strlen[<BV32 0x907c071>][0m[0m
[1;32;40mINFO - 2023-05-29 07:19:18,762 - [36mCustomSimProcedure[0m - [36mSyscall found:  strlen[<BV32 0x7ffefe60>][0m[0m
[1;32;40mINFO - 2023-05-29 07:19:18,765 - [36mCustomSimProcedure[0m - [36mSyscall found:  strncmp[<BV32 0x907c071>, <BV32 0x7ffefe60>, <BV32 0x6>][0m[0m
[1;32;40mINFO - 2023-05-29 07:19:18,765 - [36mCustomSimProcedure[0m - [36mSyscall found:  strcmp[<BV32 0x907c071>, <BV32 0x7ffefe60>][0m[0m
[1;32;40mINFO - 2023-05-29 07:19:18,779 - [36mCustomSimProcedure[0m - [36mSyscall found:  pclose[<BV32 unconstrained_ret_popen_5245672_32{UNINITIALIZED}>][0m[0m
[1;32;40mINFO - 2023-05-29 07:19:18,948 - [32mSemaExplorerCDFS[0m - [32mA new block of execution have been executed with changes in sim_manager.[0m[0m
[1;32;40mINFO - 2023-05-29 07:19:18,948 - [32mSemaExplorerCDFS[0m - [32mCurrently, simulation manager is :
<SimulationManager with 7 active (1 errored)>[0m[0m
[1;32;40mINFO - 2023-05-29 07:19:18,948 - [32mSemaExplorerCDFS[0m - [32mpause stash len :5[0m[0m
[1;32;40mINFO - 2023-05-29 07:19:18,948 - [32mSemaExplorerCDFS[0m - [32mfork_stack : 2[0m[0m
[1;32;40mINFO - 2023-05-29 07:19:18,950 - [36mCustomSimProcedure[0m - [36mSyscall found:  pclose[<BV32 unconstrained_ret_popen_5245673_32{UNINITIALIZED}>][0m[0m
[1;32;40mINFO - 2023-05-29 07:19:19,099 - [36mCustomSimProcedure[0m - [36mSyscall found:  pclose[<BV32 unconstrained_ret_popen_5245675_32{UNINITIALIZED}>][0m[0m
[1;32;40mINFO - 2023-05-29 07:19:19,250 - [36mCustomSimProcedure[0m - [36mSyscall found:  strlen[<BV32 0x907c07e>][0m[0m
[1;32;40mINFO - 2023-05-29 07:19:19,254 - [36mCustomSimProcedure[0m - [36mSyscall found:  printf[<BV32 0x907c07e>][0m[0m
[1;32;40mINFO - 2023-05-29 07:19:19,286 - [32mSemaExplorerCDFS[0m - [32mA new block of execution have been executed with changes in sim_manager.[0m[0m
[1;32;40mINFO - 2023-05-29 07:19:19,286 - [32mSemaExplorerCDFS[0m - [32mCurrently, simulation manager is :
<SimulationManager with 7 active (1 errored)>[0m[0m
[1;32;40mINFO - 2023-05-29 07:19:19,286 - [32mSemaExplorerCDFS[0m - [32mpause stash len :7[0m[0m
[1;32;40mINFO - 2023-05-29 07:19:19,286 - [32mSemaExplorerCDFS[0m - [32mfork_stack : 2[0m[0m
[1;32;40mINFO - 2023-05-29 07:19:19,311 - [36mCustomSimProcedure[0m - [36mSyscall found:  pclose[<BV32 unconstrained_ret_popen_5245675_32{UNINITIALIZED}>][0m[0m
[1;32;40mINFO - 2023-05-29 07:19:19,437 - [36mCustomSimProcedure[0m - [36mSyscall found:  strlen[<BV32 0x907c07e>][0m[0m
[1;32;40mINFO - 2023-05-29 07:19:19,441 - [36mCustomSimProcedure[0m - [36mSyscall found:  printf[<BV32 0x907c07e>][0m[0m
[1;32;40mINFO - 2023-05-29 07:19:19,480 - [32mSemaExplorerCDFS[0m - [32mA new block of execution have been executed with changes in sim_manager.[0m[0m
[1;32;40mINFO - 2023-05-29 07:19:19,480 - [32mSemaExplorerCDFS[0m - [32mCurrently, simulation manager is :
<SimulationManager with 6 active (1 errored)>[0m[0m
[1;32;40mINFO - 2023-05-29 07:19:19,480 - [32mSemaExplorerCDFS[0m - [32mpause stash len :9[0m[0m
[1;32;40mINFO - 2023-05-29 07:19:19,480 - [32mSemaExplorerCDFS[0m - [32mfork_stack : 1[0m[0m
[1;32;40mINFO - 2023-05-29 07:19:19,593 - [36mCustomSimProcedure[0m - [36mSyscall found:  __libc_start_main[151294912, 1, 2147418032, 151499840, 151499952][0m[0m
[1;32;40mINFO - 2023-05-29 07:19:19,640 - [32mSemaExplorerCDFS[0m - [32mA new block of execution have been executed with changes in sim_manager.[0m[0m
[1;32;40mINFO - 2023-05-29 07:19:19,640 - [32mSemaExplorerCDFS[0m - [32mCurrently, simulation manager is :
<SimulationManager with 4 active, 1 deadended (1 errored)>[0m[0m
[1;32;40mINFO - 2023-05-29 07:19:19,641 - [32mSemaExplorerCDFS[0m - [32mpause stash len :10[0m[0m
[1;32;40mINFO - 2023-05-29 07:19:19,644 - [36mCustomSimProcedure[0m - [36mSyscall found:  __libc_start_main[151294912, 1, 2147418032, 151499840, 151499952][0m[0m
[1;32;40mINFO - 2023-05-29 07:19:19,661 - [36mCustomSimProcedure[0m - [36mSyscall found:  __libc_start_main[151294912, 1, 2147418032, 151499840, 151499952][0m[0m
[1;32;40mINFO - 2023-05-29 07:19:19,726 - [36mCustomSimProcedure[0m - [36mSyscall found:  strlen[<BV32 0x907c07e>][0m[0m
[1;32;40mINFO - 2023-05-29 07:19:19,733 - [36mCustomSimProcedure[0m - [36mSyscall found:  printf[<BV32 0x907c07e>][0m[0m
[1;32;40mINFO - 2023-05-29 07:19:19,736 - [32mSemaExplorerCDFS[0m - [32mA new block of execution have been executed with changes in sim_manager.[0m[0m
[1;32;40mINFO - 2023-05-29 07:19:19,736 - [32mSemaExplorerCDFS[0m - [32mCurrently, simulation manager is :
<SimulationManager with 3 active, 3 deadended (1 errored)>[0m[0m
[1;32;40mINFO - 2023-05-29 07:19:19,736 - [32mSemaExplorerCDFS[0m - [32mpause stash len :9[0m[0m
[1;32;40mINFO - 2023-05-29 07:19:19,740 - [36mCustomSimProcedure[0m - [36mSyscall found:  __libc_start_main[151294912, 1, 2147418032, 151499840, 151499952][0m[0m
[1;32;40mINFO - 2023-05-29 07:19:19,744 - [36mCustomSimProcedure[0m - [36mSyscall found:  __libc_start_main[151294912, 1, 2147418032, 151499840, 151499952][0m[0m
[1;32;40mINFO - 2023-05-29 07:19:19,828 - [36mCustomSimProcedure[0m - [36mSyscall found:  strlen[<BV32 0x907c07e>][0m[0m
[1;32;40mINFO - 2023-05-29 07:19:19,834 - [36mCustomSimProcedure[0m - [36mSyscall found:  printf[<BV32 0x907c07e>][0m[0m
[1;32;40mINFO - 2023-05-29 07:19:19,837 - [32mSemaExplorerCDFS[0m - [32mA new block of execution have been executed with changes in sim_manager.[0m[0m
[1;32;40mINFO - 2023-05-29 07:19:19,837 - [32mSemaExplorerCDFS[0m - [32mCurrently, simulation manager is :
<SimulationManager with 3 active, 5 deadended (1 errored)>[0m[0m
[1;32;40mINFO - 2023-05-29 07:19:19,838 - [32mSemaExplorerCDFS[0m - [32mpause stash len :7[0m[0m
[1;32;40mINFO - 2023-05-29 07:19:19,944 - [36mCustomSimProcedure[0m - [36mSyscall found:  strlen[<BV32 0x907c07e>][0m[0m
[1;32;40mINFO - 2023-05-29 07:19:19,950 - [36mCustomSimProcedure[0m - [36mSyscall found:  printf[<BV32 0x907c07e>][0m[0m
[1;32;40mINFO - 2023-05-29 07:19:20,055 - [36mCustomSimProcedure[0m - [36mSyscall found:  __libc_start_main[151294912, 1, 2147418032, 151499840, 151499952][0m[0m
[1;32;40mINFO - 2023-05-29 07:19:20,058 - [36mCustomSimProcedure[0m - [36mSyscall found:  __libc_start_main[151294912, 1, 2147418032, 151499840, 151499952][0m[0m
[1;32;40mINFO - 2023-05-29 07:19:20,126 - [32mSemaExplorerCDFS[0m - [32mA new block of execution have been executed with changes in sim_manager.[0m[0m
[1;32;40mINFO - 2023-05-29 07:19:20,127 - [32mSemaExplorerCDFS[0m - [32mCurrently, simulation manager is :
<SimulationManager with 3 active, 7 deadended (1 errored)>[0m[0m
[1;32;40mINFO - 2023-05-29 07:19:20,127 - [32mSemaExplorerCDFS[0m - [32mpause stash len :5[0m[0m
[1;32;40mINFO - 2023-05-29 07:19:20,130 - [36mCustomSimProcedure[0m - [36mSyscall found:  __libc_start_main[151294912, 1, 2147418032, 151499840, 151499952][0m[0m
[1;32;40mINFO - 2023-05-29 07:19:20,134 - [36mCustomSimProcedure[0m - [36mSyscall found:  __libc_start_main[151294912, 1, 2147418032, 151499840, 151499952][0m[0m
[1;32;40mINFO - 2023-05-29 07:19:20,205 - [36mCustomSimProcedure[0m - [36mSyscall found:  strlen[<BV32 0x907c078>][0m[0m
[1;32;40mINFO - 2023-05-29 07:19:20,206 - [36mCustomSimProcedure[0m - [36mSyscall found:  printf[<BV32 0x907c078>][0m[0m
[1;32;40mINFO - 2023-05-29 07:19:20,208 - [32mSemaExplorerCDFS[0m - [32mA new block of execution have been executed with changes in sim_manager.[0m[0m
[1;32;40mINFO - 2023-05-29 07:19:20,208 - [32mSemaExplorerCDFS[0m - [32mCurrently, simulation manager is :
<SimulationManager with 3 active, 9 deadended (1 errored)>[0m[0m
[1;32;40mINFO - 2023-05-29 07:19:20,209 - [32mSemaExplorerCDFS[0m - [32mpause stash len :3[0m[0m
[1;32;40mINFO - 2023-05-29 07:19:20,213 - [36mCustomSimProcedure[0m - [36mSyscall found:  __libc_start_main[151294912, 1, 2147418032, 151499840, 151499952][0m[0m
[1;32;40mINFO - 2023-05-29 07:19:20,221 - [36mCustomSimProcedure[0m - [36mSyscall found:  strlen[<BV32 0x907c071>][0m[0m
[1;32;40mINFO - 2023-05-29 07:19:20,223 - [36mCustomSimProcedure[0m - [36mSyscall found:  memcpy[<BV32 0x7ffefe60>, <BV32 0x907c071>, <BV32 0x6>][0m[0m
[1;32;40mINFO - 2023-05-29 07:19:20,224 - [36mCustomSimProcedure[0m - [36mSyscall found:  strncpy[<BV32 0x7ffefe60>, <BV32 0x907c071>, <BV32 0x6>][0m[0m
[1;32;40mINFO - 2023-05-29 07:19:20,259 - [36mCustomSimProcedure[0m - [36mSyscall found:  popen[<BV32 0x907c04b>, <BV32 0x907c06f>][0m[0m
[1;32;40mINFO - 2023-05-29 07:19:20,345 - [32mSemaExplorerCDFS[0m - [32mA new block of execution have been executed with changes in sim_manager.[0m[0m
[1;32;40mINFO - 2023-05-29 07:19:20,345 - [32mSemaExplorerCDFS[0m - [32mCurrently, simulation manager is :
<SimulationManager with 5 active, 10 deadended (1 errored)>[0m[0m
[1;32;40mINFO - 2023-05-29 07:19:20,345 - [32mSemaExplorerCDFS[0m - [32mpause stash len :1[0m[0m
[1;32;40mINFO - 2023-05-29 07:19:20,346 - [32mSemaExplorerCDFS[0m - [32mfork_stack : 1[0m[0m
[1;32;40mINFO - 2023-05-29 07:19:20,480 - [36mCustomSimProcedure[0m - [36mSyscall found:  fgets[<BV32 0x7ffefe78>, <BV32 0x80>, <BV32 unconstrained_ret_popen_5245674_32{UNINITIALIZED}>][0m[0m
[1;32;40mINFO - 2023-05-29 07:19:20,678 - [32mSemaExplorerCDFS[0m - [32mEnd of the trace number 5 with errors[0m[0m
[1;32;40mINFO - 2023-05-29 07:19:20,679 - [32mSemaExplorerCDFS[0m - <SimState @ 0xa700020>[0m
[1;32;40mINFO - 2023-05-29 07:19:20,679 - [32mSemaExplorerCDFS[0m - Tried to do operation on symbolic but partially constrained file descriptor[0m
[1;32;40mINFO - 2023-05-29 07:19:20,684 - [36mCustomSimProcedure[0m - [36mSyscall found:  strlen[<BV32 0x907c071>][0m[0m
[1;32;40mINFO - 2023-05-29 07:19:20,687 - [36mCustomSimProcedure[0m - [36mSyscall found:  strlen[<BV32 0x7ffefe60>][0m[0m
[1;32;40mINFO - 2023-05-29 07:19:20,689 - [36mCustomSimProcedure[0m - [36mSyscall found:  strncmp[<BV32 0x907c071>, <BV32 0x7ffefe60>, <BV32 0x6>][0m[0m
[1;32;40mINFO - 2023-05-29 07:19:20,689 - [36mCustomSimProcedure[0m - [36mSyscall found:  strcmp[<BV32 0x907c071>, <BV32 0x7ffefe60>][0m[0m
[1;32;40mINFO - 2023-05-29 07:19:20,703 - [36mCustomSimProcedure[0m - [36mSyscall found:  strlen[<BV32 0x907c078>][0m[0m
[1;32;40mINFO - 2023-05-29 07:19:20,706 - [36mCustomSimProcedure[0m - [36mSyscall found:  printf[<BV32 0x907c078>][0m[0m
[1;33;40mWARNING - 2023-05-29 07:19:20,875 - [32mangr.storage.memory_mixins.default_filler_mixin[0m - [32mFilling memory at 0x3c with 1 unconstrained bytes referenced from 0xa700020 (fgets+0x0 in extern-address space (0x20))[0m[0m
[1;33;40mWARNING - 2023-05-29 07:19:20,921 - [33mangr.state_plugins.posix[0m - [33mTried to look up a symbolic fd - constrained to 4 and opened b'/tmp/angr_implicit_1'[0m[0m
[1;32;40mINFO - 2023-05-29 07:19:20,973 - [36mCustomSimProcedure[0m - [36mSyscall found:  fgets[<BV32 0x7ffefe78>, <BV32 0x80>, <BV32 unconstrained_ret_popen_5245694_32{UNINITIALIZED}>][0m[0m
[1;32;40mINFO - 2023-05-29 07:19:21,027 - [36mCustomSimProcedure[0m - [36mSyscall found:  strlen[<BV32 0x907c07e>][0m[0m
[1;32;40mINFO - 2023-05-29 07:19:21,031 - [36mCustomSimProcedure[0m - [36mSyscall found:  printf[<BV32 0x907c07e>][0m[0m
[1;32;40mINFO - 2023-05-29 07:19:21,069 - [36mCustomSimProcedure[0m - [36mSyscall found:  strlen[<BV32 0x907c071>][0m[0m
[1;32;40mINFO - 2023-05-29 07:19:21,071 - [36mCustomSimProcedure[0m - [36mSyscall found:  memcpy[<BV32 0x7ffefe60>, <BV32 0x907c071>, <BV32 0x6>][0m[0m
[1;32;40mINFO - 2023-05-29 07:19:21,071 - [36mCustomSimProcedure[0m - [36mSyscall found:  strncpy[<BV32 0x7ffefe60>, <BV32 0x907c071>, <BV32 0x6>][0m[0m
[1;33;40mWARNING - 2023-05-29 07:19:21,116 - [33mangr.state_plugins.posix[0m - [33mTried to look up a symbolic fd - constrained to 4 and opened b'/tmp/angr_implicit_1'[0m[0m
[1;32;40mINFO - 2023-05-29 07:19:21,170 - [36mCustomSimProcedure[0m - [36mSyscall found:  fgets[<BV32 0x7ffefe78>, <BV32 0x80>, <BV32 unconstrained_ret_popen_5245694_32{UNINITIALIZED}>][0m[0m
[1;32;40mINFO - 2023-05-29 07:19:21,233 - [36mCustomSimProcedure[0m - [36mSyscall found:  pclose[<BV32 unconstrained_ret_popen_5245672_32{UNINITIALIZED}>][0m[0m
[1;32;40mINFO - 2023-05-29 07:19:21,467 - [36mCustomSimProcedure[0m - [36mSyscall found:  strlen[<BV32 0x907c071>][0m[0m
[1;32;40mINFO - 2023-05-29 07:19:21,468 - [36mCustomSimProcedure[0m - [36mSyscall found:  memcpy[<BV32 0x7ffefe60>, <BV32 0x907c071>, <BV32 0x6>][0m[0m
[1;32;40mINFO - 2023-05-29 07:19:21,468 - [36mCustomSimProcedure[0m - [36mSyscall found:  strncpy[<BV32 0x7ffefe60>, <BV32 0x907c071>, <BV32 0x6>][0m[0m
[1;32;40mINFO - 2023-05-29 07:19:21,472 - [32mSemaExplorerCDFS[0m - [32mA new block of execution have been executed with changes in sim_manager.[0m[0m
[1;32;40mINFO - 2023-05-29 07:19:21,472 - [32mSemaExplorerCDFS[0m - [32mCurrently, simulation manager is :
<SimulationManager with 6 active, 10 deadended (2 errored)>[0m[0m
[1;32;40mINFO - 2023-05-29 07:19:21,473 - [32mSemaExplorerCDFS[0m - [32mpause stash len :0[0m[0m
[1;32;40mINFO - 2023-05-29 07:19:21,473 - [32mSemaExplorerCDFS[0m - [32mfork_stack : 1[0m[0m
[1;32;40mINFO - 2023-05-29 07:19:21,490 - [36mCustomSimProcedure[0m - [36mSyscall found:  strlen[<BV32 0x907c071>][0m[0m
[1;32;40mINFO - 2023-05-29 07:19:21,493 - [36mCustomSimProcedure[0m - [36mSyscall found:  strlen[<BV32 0x7ffefe60>][0m[0m
[1;32;40mINFO - 2023-05-29 07:19:21,497 - [36mCustomSimProcedure[0m - [36mSyscall found:  strncmp[<BV32 0x907c071>, <BV32 0x7ffefe60>, <BV32 0x6>][0m[0m
[1;32;40mINFO - 2023-05-29 07:19:21,497 - [36mCustomSimProcedure[0m - [36mSyscall found:  strcmp[<BV32 0x907c071>, <BV32 0x7ffefe60>][0m[0m
[1;32;40mINFO - 2023-05-29 07:19:21,539 - [36mCustomSimProcedure[0m - [36mSyscall found:  strlen[<BV32 0x907c07e>][0m[0m
[1;32;40mINFO - 2023-05-29 07:19:21,542 - [36mCustomSimProcedure[0m - [36mSyscall found:  printf[<BV32 0x907c07e>][0m[0m
[1;32;40mINFO - 2023-05-29 07:19:21,561 - [36mCustomSimProcedure[0m - [36mSyscall found:  strlen[<BV32 0x907c071>][0m[0m
[1;32;40mINFO - 2023-05-29 07:19:21,563 - [36mCustomSimProcedure[0m - [36mSyscall found:  memcpy[<BV32 0x7ffefe60>, <BV32 0x907c071>, <BV32 0x6>][0m[0m
[1;32;40mINFO - 2023-05-29 07:19:21,563 - [36mCustomSimProcedure[0m - [36mSyscall found:  strncpy[<BV32 0x7ffefe60>, <BV32 0x907c071>, <BV32 0x6>][0m[0m
[1;32;40mINFO - 2023-05-29 07:19:21,612 - [36mCustomSimProcedure[0m - [36mSyscall found:  strlen[<BV32 0x907c071>][0m[0m
[1;32;40mINFO - 2023-05-29 07:19:21,616 - [36mCustomSimProcedure[0m - [36mSyscall found:  strlen[<BV32 0x7ffefe60>][0m[0m
[1;32;40mINFO - 2023-05-29 07:19:21,620 - [36mCustomSimProcedure[0m - [36mSyscall found:  strncmp[<BV32 0x907c071>, <BV32 0x7ffefe60>, <BV32 0x6>][0m[0m
[1;32;40mINFO - 2023-05-29 07:19:21,621 - [36mCustomSimProcedure[0m - [36mSyscall found:  strcmp[<BV32 0x907c071>, <BV32 0x7ffefe60>][0m[0m
[1;32;40mINFO - 2023-05-29 07:19:21,668 - [36mCustomSimProcedure[0m - [36mSyscall found:  pclose[<BV32 unconstrained_ret_popen_5245674_32{UNINITIALIZED}>][0m[0m
[1;32;40mINFO - 2023-05-29 07:19:21,793 - [36mCustomSimProcedure[0m - [36mSyscall found:  strlen[<BV32 0x907c071>][0m[0m
[1;32;40mINFO - 2023-05-29 07:19:21,796 - [36mCustomSimProcedure[0m - [36mSyscall found:  strlen[<BV32 0x7ffefe60>][0m[0m
[1;32;40mINFO - 2023-05-29 07:19:21,798 - [36mCustomSimProcedure[0m - [36mSyscall found:  strncmp[<BV32 0x907c071>, <BV32 0x7ffefe60>, <BV32 0x6>][0m[0m
[1;32;40mINFO - 2023-05-29 07:19:21,799 - [36mCustomSimProcedure[0m - [36mSyscall found:  strcmp[<BV32 0x907c071>, <BV32 0x7ffefe60>][0m[0m
[1;32;40mINFO - 2023-05-29 07:19:21,852 - [32mSemaExplorerCDFS[0m - [32mA new block of execution have been executed with changes in sim_manager.[0m[0m
[1;32;40mINFO - 2023-05-29 07:19:21,852 - [32mSemaExplorerCDFS[0m - [32mCurrently, simulation manager is :
<SimulationManager with 6 active, 10 deadended (2 errored)>[0m[0m
[1;32;40mINFO - 2023-05-29 07:19:21,852 - [32mSemaExplorerCDFS[0m - [32mpause stash len :1[0m[0m
[1;32;40mINFO - 2023-05-29 07:19:21,852 - [32mSemaExplorerCDFS[0m - [32mfork_stack : 1[0m[0m
[1;32;40mINFO - 2023-05-29 07:19:21,855 - [36mCustomSimProcedure[0m - [36mSyscall found:  __libc_start_main[151294912, 1, 2147418032, 151499840, 151499952][0m[0m
[1;32;40mINFO - 2023-05-29 07:19:21,917 - [36mCustomSimProcedure[0m - [36mSyscall found:  strlen[<BV32 0x907c07e>][0m[0m
[1;32;40mINFO - 2023-05-29 07:19:21,921 - [36mCustomSimProcedure[0m - [36mSyscall found:  printf[<BV32 0x907c07e>][0m[0m
[1;32;40mINFO - 2023-05-29 07:19:21,927 - [32mSemaExplorerCDFS[0m - [32mA new block of execution have been executed with changes in sim_manager.[0m[0m
[1;32;40mINFO - 2023-05-29 07:19:21,927 - [32mSemaExplorerCDFS[0m - [32mCurrently, simulation manager is :
<SimulationManager with 4 active, 11 deadended (2 errored)>[0m[0m
[1;32;40mINFO - 2023-05-29 07:19:21,928 - [32mSemaExplorerCDFS[0m - [32mpause stash len :2[0m[0m
[1;32;40mINFO - 2023-05-29 07:19:21,931 - [36mCustomSimProcedure[0m - [36mSyscall found:  __libc_start_main[151294912, 1, 2147418032, 151499840, 151499952][0m[0m
[1;32;40mINFO - 2023-05-29 07:19:21,954 - [36mCustomSimProcedure[0m - [36mSyscall found:  pclose[<BV32 unconstrained_ret_popen_5245694_32{UNINITIALIZED}>][0m[0m
[1;32;40mINFO - 2023-05-29 07:19:22,080 - [36mCustomSimProcedure[0m - [36mSyscall found:  pclose[<BV32 unconstrained_ret_popen_5245694_32{UNINITIALIZED}>][0m[0m
[1;32;40mINFO - 2023-05-29 07:19:22,291 - [32mSemaExplorerCDFS[0m - [32mA new block of execution have been executed with changes in sim_manager.[0m[0m
[1;32;40mINFO - 2023-05-29 07:19:22,291 - [32mSemaExplorerCDFS[0m - [32mCurrently, simulation manager is :
<SimulationManager with 6 active, 12 deadended (2 errored)>[0m[0m
[1;32;40mINFO - 2023-05-29 07:19:22,292 - [32mSemaExplorerCDFS[0m - [32mpause stash len :1[0m[0m
[1;32;40mINFO - 2023-05-29 07:19:22,292 - [32mSemaExplorerCDFS[0m - [32mfork_stack : 2[0m[0m
[1;32;40mINFO - 2023-05-29 07:19:22,357 - [36mCustomSimProcedure[0m - [36mSyscall found:  strlen[<BV32 0x907c07e>][0m[0m
[1;32;40mINFO - 2023-05-29 07:19:22,361 - [36mCustomSimProcedure[0m - [36mSyscall found:  printf[<BV32 0x907c07e>][0m[0m
[1;32;40mINFO - 2023-05-29 07:19:22,374 - [36mCustomSimProcedure[0m - [36mSyscall found:  __libc_start_main[151294912, 1, 2147418032, 151499840, 151499952][0m[0m
[1;32;40mINFO - 2023-05-29 07:19:22,436 - [32mSemaExplorerCDFS[0m - [32mA new block of execution have been executed with changes in sim_manager.[0m[0m
[1;32;40mINFO - 2023-05-29 07:19:22,436 - [32mSemaExplorerCDFS[0m - [32mCurrently, simulation manager is :
<SimulationManager with 4 active, 13 deadended (2 errored)>[0m[0m
[1;32;40mINFO - 2023-05-29 07:19:22,436 - [32mSemaExplorerCDFS[0m - [32mpause stash len :2[0m[0m
[1;32;40mINFO - 2023-05-29 07:19:22,439 - [36mCustomSimProcedure[0m - [36mSyscall found:  __libc_start_main[151294912, 1, 2147418032, 151499840, 151499952][0m[0m
[1;32;40mINFO - 2023-05-29 07:19:22,506 - [36mCustomSimProcedure[0m - [36mSyscall found:  strlen[<BV32 0x907c07e>][0m[0m
[1;32;40mINFO - 2023-05-29 07:19:22,510 - [36mCustomSimProcedure[0m - [36mSyscall found:  printf[<BV32 0x907c07e>][0m[0m
[1;32;40mINFO - 2023-05-29 07:19:22,514 - [32mSemaExplorerCDFS[0m - [32mA new block of execution have been executed with changes in sim_manager.[0m[0m
[1;32;40mINFO - 2023-05-29 07:19:22,514 - [32mSemaExplorerCDFS[0m - [32mCurrently, simulation manager is :
<SimulationManager with 4 active, 14 deadended (2 errored)>[0m[0m
[1;32;40mINFO - 2023-05-29 07:19:22,514 - [32mSemaExplorerCDFS[0m - [32mpause stash len :1[0m[0m
[1;32;40mINFO - 2023-05-29 07:19:22,520 - [36mCustomSimProcedure[0m - [36mSyscall found:  __libc_start_main[151294912, 1, 2147418032, 151499840, 151499952][0m[0m
[1;32;40mINFO - 2023-05-29 07:19:22,535 - [36mCustomSimProcedure[0m - [36mSyscall found:  __libc_start_main[151294912, 1, 2147418032, 151499840, 151499952][0m[0m
[1;32;40mINFO - 2023-05-29 07:19:22,548 - [36mCustomSimProcedure[0m - [36mSyscall found:  popen[<BV32 0x907c04b>, <BV32 0x907c06f>][0m[0m
[1;32;40mINFO - 2023-05-29 07:19:22,608 - [32mSemaExplorerCDFS[0m - [32mA new block of execution have been executed with changes in sim_manager.[0m[0m
[1;32;40mINFO - 2023-05-29 07:19:22,609 - [32mSemaExplorerCDFS[0m - [32mCurrently, simulation manager is :
<SimulationManager with 4 active, 16 deadended (2 errored)>[0m[0m
[1;32;40mINFO - 2023-05-29 07:19:22,609 - [32mSemaExplorerCDFS[0m - [32mpause stash len :0[0m[0m
[1;32;40mINFO - 2023-05-29 07:19:22,609 - [32mSemaExplorerCDFS[0m - [32mfork_stack : 1[0m[0m
[1;32;40mINFO - 2023-05-29 07:19:22,611 - [36mCustomSimProcedure[0m - [36mSyscall found:  __libc_start_main[151294912, 1, 2147418032, 151499840, 151499952][0m[0m
[1;32;40mINFO - 2023-05-29 07:19:22,646 - [36mCustomSimProcedure[0m - [36mSyscall found:  strlen[<BV32 0x907c078>][0m[0m
[1;32;40mINFO - 2023-05-29 07:19:22,646 - [36mCustomSimProcedure[0m - [36mSyscall found:  printf[<BV32 0x907c078>][0m[0m
[1;32;40mINFO - 2023-05-29 07:19:22,651 - [32mSemaExplorerCDFS[0m - [32mA new block of execution have been executed with changes in sim_manager.[0m[0m
[1;32;40mINFO - 2023-05-29 07:19:22,651 - [32mSemaExplorerCDFS[0m - [32mCurrently, simulation manager is :
<SimulationManager with 3 active, 17 deadended (2 errored)>[0m[0m
[1;32;40mINFO - 2023-05-29 07:19:22,651 - [32mSemaExplorerCDFS[0m - [32mpause stash len :0[0m[0m
[1;32;40mINFO - 2023-05-29 07:19:22,814 - [36mCustomSimProcedure[0m - [36mSyscall found:  fgets[<BV32 0x7ffefe78>, <BV32 0x80>, <BV32 unconstrained_ret_popen_5245707_32{UNINITIALIZED}>][0m[0m
[1;32;40mINFO - 2023-05-29 07:19:22,835 - [36mCustomSimProcedure[0m - [36mSyscall found:  __libc_start_main[151294912, 1, 2147418032, 151499840, 151499952][0m[0m
[1;32;40mINFO - 2023-05-29 07:19:22,904 - [36mCustomSimProcedure[0m - [36mSyscall found:  fgets[<BV32 0x7ffefe78>, <BV32 0x80>, <BV32 unconstrained_ret_popen_5245707_32{UNINITIALIZED}>][0m[0m
[1;32;40mINFO - 2023-05-29 07:19:22,965 - [32mSemaExplorerCDFS[0m - [32mA new block of execution have been executed with changes in sim_manager.[0m[0m
[1;32;40mINFO - 2023-05-29 07:19:22,965 - [32mSemaExplorerCDFS[0m - [32mCurrently, simulation manager is :
<SimulationManager with 2 active, 18 deadended (2 errored)>[0m[0m
[1;32;40mINFO - 2023-05-29 07:19:22,965 - [32mSemaExplorerCDFS[0m - [32mpause stash len :0[0m[0m
[1;32;40mINFO - 2023-05-29 07:19:22,988 - [36mCustomSimProcedure[0m - [36mSyscall found:  strlen[<BV32 0x907c071>][0m[0m
[1;32;40mINFO - 2023-05-29 07:19:22,989 - [36mCustomSimProcedure[0m - [36mSyscall found:  memcpy[<BV32 0x7ffefe60>, <BV32 0x907c071>, <BV32 0x6>][0m[0m
[1;32;40mINFO - 2023-05-29 07:19:22,989 - [36mCustomSimProcedure[0m - [36mSyscall found:  strncpy[<BV32 0x7ffefe60>, <BV32 0x907c071>, <BV32 0x6>][0m[0m
[1;32;40mINFO - 2023-05-29 07:19:23,011 - [36mCustomSimProcedure[0m - [36mSyscall found:  strlen[<BV32 0x907c071>][0m[0m
[1;32;40mINFO - 2023-05-29 07:19:23,012 - [36mCustomSimProcedure[0m - [36mSyscall found:  memcpy[<BV32 0x7ffefe60>, <BV32 0x907c071>, <BV32 0x6>][0m[0m
[1;32;40mINFO - 2023-05-29 07:19:23,012 - [36mCustomSimProcedure[0m - [36mSyscall found:  strncpy[<BV32 0x7ffefe60>, <BV32 0x907c071>, <BV32 0x6>][0m[0m
[1;32;40mINFO - 2023-05-29 07:19:23,032 - [36mCustomSimProcedure[0m - [36mSyscall found:  strlen[<BV32 0x907c071>][0m[0m
[1;32;40mINFO - 2023-05-29 07:19:23,035 - [36mCustomSimProcedure[0m - [36mSyscall found:  strlen[<BV32 0x7ffefe60>][0m[0m
[1;32;40mINFO - 2023-05-29 07:19:23,038 - [36mCustomSimProcedure[0m - [36mSyscall found:  strncmp[<BV32 0x907c071>, <BV32 0x7ffefe60>, <BV32 0x6>][0m[0m
[1;32;40mINFO - 2023-05-29 07:19:23,038 - [36mCustomSimProcedure[0m - [36mSyscall found:  strcmp[<BV32 0x907c071>, <BV32 0x7ffefe60>][0m[0m
[1;32;40mINFO - 2023-05-29 07:19:23,055 - [36mCustomSimProcedure[0m - [36mSyscall found:  strlen[<BV32 0x907c071>][0m[0m
[1;32;40mINFO - 2023-05-29 07:19:23,058 - [36mCustomSimProcedure[0m - [36mSyscall found:  strlen[<BV32 0x7ffefe60>][0m[0m
[1;32;40mINFO - 2023-05-29 07:19:23,060 - [36mCustomSimProcedure[0m - [36mSyscall found:  strncmp[<BV32 0x907c071>, <BV32 0x7ffefe60>, <BV32 0x6>][0m[0m
[1;32;40mINFO - 2023-05-29 07:19:23,061 - [36mCustomSimProcedure[0m - [36mSyscall found:  strcmp[<BV32 0x907c071>, <BV32 0x7ffefe60>][0m[0m
[1;32;40mINFO - 2023-05-29 07:19:23,102 - [36mCustomSimProcedure[0m - [36mSyscall found:  pclose[<BV32 unconstrained_ret_popen_5245707_32{UNINITIALIZED}>][0m[0m
[1;32;40mINFO - 2023-05-29 07:19:23,144 - [32mSemaExplorerCDFS[0m - [32mA new block of execution have been executed with changes in sim_manager.[0m[0m
[1;32;40mINFO - 2023-05-29 07:19:23,145 - [32mSemaExplorerCDFS[0m - [32mCurrently, simulation manager is :
<SimulationManager with 3 active, 18 deadended (2 errored)>[0m[0m
[1;32;40mINFO - 2023-05-29 07:19:23,145 - [32mSemaExplorerCDFS[0m - [32mpause stash len :0[0m[0m
[1;32;40mINFO - 2023-05-29 07:19:23,145 - [32mSemaExplorerCDFS[0m - [32mfork_stack : 1[0m[0m
[1;32;40mINFO - 2023-05-29 07:19:23,147 - [36mCustomSimProcedure[0m - [36mSyscall found:  pclose[<BV32 unconstrained_ret_popen_5245707_32{UNINITIALIZED}>][0m[0m
[1;32;40mINFO - 2023-05-29 07:19:23,291 - [36mCustomSimProcedure[0m - [36mSyscall found:  strlen[<BV32 0x907c07e>][0m[0m
[1;32;40mINFO - 2023-05-29 07:19:23,295 - [36mCustomSimProcedure[0m - [36mSyscall found:  printf[<BV32 0x907c07e>][0m[0m
[1;32;40mINFO - 2023-05-29 07:19:23,297 - [32mSemaExplorerCDFS[0m - [32mA new block of execution have been executed with changes in sim_manager.[0m[0m
[1;32;40mINFO - 2023-05-29 07:19:23,297 - [32mSemaExplorerCDFS[0m - [32mCurrently, simulation manager is :
<SimulationManager with 4 active, 18 deadended (2 errored)>[0m[0m
[1;32;40mINFO - 2023-05-29 07:19:23,298 - [32mSemaExplorerCDFS[0m - [32mpause stash len :0[0m[0m
[1;32;40mINFO - 2023-05-29 07:19:23,298 - [32mSemaExplorerCDFS[0m - [32mfork_stack : 1[0m[0m
[1;32;40mINFO - 2023-05-29 07:19:23,347 - [36mCustomSimProcedure[0m - [36mSyscall found:  strlen[<BV32 0x907c07e>][0m[0m
[1;32;40mINFO - 2023-05-29 07:19:23,351 - [36mCustomSimProcedure[0m - [36mSyscall found:  printf[<BV32 0x907c07e>][0m[0m
[1;32;40mINFO - 2023-05-29 07:19:23,432 - [36mCustomSimProcedure[0m - [36mSyscall found:  __libc_start_main[151294912, 1, 2147418032, 151499840, 151499952][0m[0m
[1;32;40mINFO - 2023-05-29 07:19:23,461 - [32mSemaExplorerCDFS[0m - [32mA new block of execution have been executed with changes in sim_manager.[0m[0m
[1;32;40mINFO - 2023-05-29 07:19:23,461 - [32mSemaExplorerCDFS[0m - [32mCurrently, simulation manager is :
<SimulationManager with 3 active, 19 deadended (2 errored)>[0m[0m
[1;32;40mINFO - 2023-05-29 07:19:23,461 - [32mSemaExplorerCDFS[0m - [32mpause stash len :0[0m[0m
[1;32;40mINFO - 2023-05-29 07:19:23,463 - [36mCustomSimProcedure[0m - [36mSyscall found:  __libc_start_main[151294912, 1, 2147418032, 151499840, 151499952][0m[0m
[1;32;40mINFO - 2023-05-29 07:19:23,475 - [36mCustomSimProcedure[0m - [36mSyscall found:  __libc_start_main[151294912, 1, 2147418032, 151499840, 151499952][0m[0m
[1;32;40mINFO - 2023-05-29 07:19:23,488 - [32mSemaExplorerCDFS[0m - [32mA new block of execution have been executed with changes in sim_manager.[0m[0m
[1;32;40mINFO - 2023-05-29 07:19:23,488 - [32mSemaExplorerCDFS[0m - [32mCurrently, simulation manager is :
<SimulationManager with 1 active, 21 deadended (2 errored)>[0m[0m
[1;32;40mINFO - 2023-05-29 07:19:23,488 - [32mSemaExplorerCDFS[0m - [32mpause stash len :0[0m[0m
[1;32;40mINFO - 2023-05-29 07:19:23,492 - [36mCustomSimProcedure[0m - [36mSyscall found:  __libc_start_main[151294912, 1, 2147418032, 151499840, 151499952][0m[0m
[1;32;40mINFO - 2023-05-29 07:19:23,494 - [32mSemaExplorerCDFS[0m - [32mA new block of execution have been executed with changes in sim_manager.[0m[0m
[1;32;40mINFO - 2023-05-29 07:19:23,495 - [32mSemaExplorerCDFS[0m - [32mCurrently, simulation manager is :
<SimulationManager with 22 deadended (2 errored)>[0m[0m
[1;32;40mINFO - 2023-05-29 07:19:23,495 - [32mSemaExplorerCDFS[0m - [32mpause stash len :0[0m[0m
[1;32;40mINFO - 2023-05-29 07:19:23,495 - [32mSemaExplorerCDFS[0m - [32mlen(simgr.active) <= 0 or deadended >= self.max_end_state)[0m[0m
[1;32;40mINFO - 2023-05-29 07:19:23,519 - [37mGraphBuilder[0m - [37mOutput dir :src/output/runs/132//extreme_mutations[0m[0m
