[1;33;40mWARNING - 2023-05-29 07:12:29,025 - [34mangr.project[0m - [34mDisabling IRSB translation cache because support for self-modifying code is enabled.[0m[0m
[1;33;40mWARNING - 2023-05-29 07:12:29,166 - [32mangr.storage.memory_mixins.default_filler_mixin[0m - [32mFilling memory at 0xc000800c with 4 unconstrained bytes referenced from 0x904a9f0 (_start+0x0 in mutations3_exec (0x904a9f0))[0m[0m
[1;32;40mINFO - 2023-05-29 07:12:31,031 - [33mwerkzeug[0m - [33m172.17.0.1 - - [29/May/2023 07:12:31] "GET /iteration-scdg HTTP/1.1" 200 -[0m[0m
[1;32;40mINFO - 2023-05-29 07:12:31,053 - [33mwerkzeug[0m - [33m172.17.0.1 - - [29/May/2023 07:12:31] "GET /progress-scdg HTTP/1.1" 200 -[0m[0m
[1;33;40mWARNING - 2023-05-29 07:12:32,322 - [32mangr.storage.memory_mixins.default_filler_mixin[0m - [32mFilling memory at 0xc0010014 with 4 unconstrained bytes referenced from 0x904a9f0 (_start+0x0 in mutations3_exec (0x904a9f0))[0m[0m
[1;33;40mWARNING - 2023-05-29 07:12:35,920 - [32mangr.storage.memory_mixins.default_filler_mixin[0m - [32mFilling memory at 0xc001801c with 4 unconstrained bytes referenced from 0x904a9f0 (_start+0x0 in mutations3_exec (0x904a9f0))[0m[0m
[1;33;40mWARNING - 2023-05-29 07:12:39,130 - [32mangr.storage.memory_mixins.default_filler_mixin[0m - [32mFilling memory at 0xc0020024 with 4 unconstrained bytes referenced from 0x904a9f0 (_start+0x0 in mutations3_exec (0x904a9f0))[0m[0m
[1;33;40mWARNING - 2023-05-29 07:12:42,249 - [32mangr.storage.memory_mixins.default_filler_mixin[0m - [32mFilling memory at 0x30 with 4 unconstrained bytes referenced from 0x904a9f0 (_start+0x0 in mutations3_exec (0x904a9f0))[0m[0m
[1;32;40mINFO - 2023-05-29 07:12:42,358 - [36mCustomSimProcedure[0m - [36mcustom_hook_static[0m[0m
[1;33;40mWARNING - 2023-05-29 07:12:42,358 - [34mangr.project[0m - [34mAddress is already hooked, during hook(0x0, <SimProcedure free>). Not re-hooking.[0m[0m
[1;33;40mWARNING - 2023-05-29 07:12:42,358 - [34mangr.project[0m - [34mAddress is already hooked, during hook(0x0, <SimProcedure fgets>). Not re-hooking.[0m[0m
[1;33;40mWARNING - 2023-05-29 07:12:42,358 - [34mangr.project[0m - [34mAddress is already hooked, during hook(0x0, <SimProcedure fclose>). Not re-hooking.[0m[0m
[1;33;40mWARNING - 2023-05-29 07:12:42,359 - [34mangr.project[0m - [34mAddress is already hooked, during hook(0x0, <SimProcedure time>). Not re-hooking.[0m[0m
[1;33;40mWARNING - 2023-05-29 07:12:42,359 - [34mangr.project[0m - [34mAddress is already hooked, during hook(0x0, <SimProcedure fwrite>). Not re-hooking.[0m[0m
[1;33;40mWARNING - 2023-05-29 07:12:42,359 - [34mangr.project[0m - [34mAddress is already hooked, during hook(0x0, <SimProcedure strcat>). Not re-hooking.[0m[0m
[1;33;40mWARNING - 2023-05-29 07:12:42,359 - [34mangr.project[0m - [34mAddress is already hooked, during hook(0x0, <SimProcedure getenv>). Not re-hooking.[0m[0m
[1;33;40mWARNING - 2023-05-29 07:12:42,359 - [34mangr.project[0m - [34mAddress is already hooked, during hook(0x0, <SimProcedure puts>). Not re-hooking.[0m[0m
[1;33;40mWARNING - 2023-05-29 07:12:42,359 - [34mangr.project[0m - [34mAddress is already hooked, during hook(0x0, <SimProcedure srand>). Not re-hooking.[0m[0m
[1;33;40mWARNING - 2023-05-29 07:12:42,360 - [34mangr.project[0m - [34mAddress is already hooked, during hook(0x0, <SimProcedure strlen>). Not re-hooking.[0m[0m
[1;33;40mWARNING - 2023-05-29 07:12:42,360 - [34mangr.project[0m - [34mAddress is already hooked, during hook(0x0, <SimProcedure __libc_start_main>). Not re-hooking.[0m[0m
[1;33;40mWARNING - 2023-05-29 07:12:42,360 - [34mangr.project[0m - [34mAddress is already hooked, during hook(0x0, <SimProcedure fopen>). Not re-hooking.[0m[0m
[1;33;40mWARNING - 2023-05-29 07:12:42,360 - [34mangr.project[0m - [34mAddress is already hooked, during hook(0x0, <SimProcedure strncpy>). Not re-hooking.[0m[0m
[1;33;40mWARNING - 2023-05-29 07:12:42,360 - [34mangr.project[0m - [34mAddress is already hooked, during hook(0x0, <SimProcedure rand>). Not re-hooking.[0m[0m
[1;33;40mWARNING - 2023-05-29 07:12:42,360 - [34mangr.project[0m - [34mAddress is already hooked, during hook(0x0, <SimProcedure socket>). Not re-hooking.[0m[0m
[1;33;40mWARNING - 2023-05-29 07:12:42,361 - [34mangr.project[0m - [34mAddress is already hooked, during hook(0x0, <SimProcedure close>). Not re-hooking.[0m[0m
[1;33;40mWARNING - 2023-05-29 07:12:42,361 - [34mangr.project[0m - [34mAddress is already hooked, during hook(0x0, <SimProcedure __ctype_b_loc>). Not re-hooking.[0m[0m
[1;33;40mWARNING - 2023-05-29 07:12:42,361 - [34mangr.project[0m - [34mAddress is already hooked, during hook(0x0, <SimProcedure calloc>). Not re-hooking.[0m[0m
[1;33;40mWARNING - 2023-05-29 07:12:42,361 - [34mangr.project[0m - [34mAddress is already hooked, during hook(0x0, <SimProcedure strcmp>). Not re-hooking.[0m[0m
[1;33;40mWARNING - 2023-05-29 07:12:42,361 - [34mangr.project[0m - [34mAddress is already hooked, during hook(0x0, <SimProcedure free>). Not re-hooking.[0m[0m
[1;33;40mWARNING - 2023-05-29 07:12:42,361 - [34mangr.project[0m - [34mAddress is already hooked, during hook(0x0, <SimProcedure fgets>). Not re-hooking.[0m[0m
[1;33;40mWARNING - 2023-05-29 07:12:42,362 - [34mangr.project[0m - [34mAddress is already hooked, during hook(0x0, <SimProcedure fclose>). Not re-hooking.[0m[0m
[1;33;40mWARNING - 2023-05-29 07:12:42,362 - [34mangr.project[0m - [34mAddress is already hooked, during hook(0x0, <SimProcedure time>). Not re-hooking.[0m[0m
[1;33;40mWARNING - 2023-05-29 07:12:42,362 - [34mangr.project[0m - [34mAddress is already hooked, during hook(0x0, <SimProcedure fwrite>). Not re-hooking.[0m[0m
[1;33;40mWARNING - 2023-05-29 07:12:42,362 - [34mangr.project[0m - [34mAddress is already hooked, during hook(0x0, <SimProcedure strcat>). Not re-hooking.[0m[0m
[1;33;40mWARNING - 2023-05-29 07:12:42,362 - [34mangr.project[0m - [34mAddress is already hooked, during hook(0x0, <SimProcedure getenv>). Not re-hooking.[0m[0m
[1;33;40mWARNING - 2023-05-29 07:12:42,362 - [34mangr.project[0m - [34mAddress is already hooked, during hook(0x0, <SimProcedure puts>). Not re-hooking.[0m[0m
[1;33;40mWARNING - 2023-05-29 07:12:42,363 - [34mangr.project[0m - [34mAddress is already hooked, during hook(0x0, <SimProcedure srand>). Not re-hooking.[0m[0m
[1;33;40mWARNING - 2023-05-29 07:12:42,363 - [34mangr.project[0m - [34mAddress is already hooked, during hook(0x0, <SimProcedure strlen>). Not re-hooking.[0m[0m
[1;33;40mWARNING - 2023-05-29 07:12:42,363 - [34mangr.project[0m - [34mAddress is already hooked, during hook(0x0, <SimProcedure __libc_start_main>). Not re-hooking.[0m[0m
[1;33;40mWARNING - 2023-05-29 07:12:42,363 - [34mangr.project[0m - [34mAddress is already hooked, during hook(0x0, <SimProcedure fopen>). Not re-hooking.[0m[0m
[1;33;40mWARNING - 2023-05-29 07:12:42,363 - [34mangr.project[0m - [34mAddress is already hooked, during hook(0x0, <SimProcedure strncpy>). Not re-hooking.[0m[0m
[1;33;40mWARNING - 2023-05-29 07:12:42,363 - [34mangr.project[0m - [34mAddress is already hooked, during hook(0x0, <SimProcedure rand>). Not re-hooking.[0m[0m
[1;33;40mWARNING - 2023-05-29 07:12:42,364 - [34mangr.project[0m - [34mAddress is already hooked, during hook(0x0, <SimProcedure socket>). Not re-hooking.[0m[0m
[1;33;40mWARNING - 2023-05-29 07:12:42,364 - [34mangr.project[0m - [34mAddress is already hooked, during hook(0x0, <SimProcedure close>). Not re-hooking.[0m[0m
[1;33;40mWARNING - 2023-05-29 07:12:42,364 - [34mangr.project[0m - [34mAddress is already hooked, during hook(0x0, <SimProcedure __ctype_b_loc>). Not re-hooking.[0m[0m
[1;33;40mWARNING - 2023-05-29 07:12:42,364 - [34mangr.project[0m - [34mAddress is already hooked, during hook(0x0, <SimProcedure calloc>). Not re-hooking.[0m[0m
[1;33;40mWARNING - 2023-05-29 07:12:42,365 - [34mangr.project[0m - [34mAddress is already hooked, during hook(0x9049050, <SimProcedure printf>). Not re-hooking.[0m[0m
[1;33;40mWARNING - 2023-05-29 07:12:42,365 - [34mangr.project[0m - [34mAddress is already hooked, during hook(0xa100000, <SimProcedure strcmp>). Not re-hooking.[0m[0m
[1;33;40mWARNING - 2023-05-29 07:12:42,365 - [34mangr.project[0m - [34mAddress is already hooked, during hook(0xa100004, <SimProcedure printf>). Not re-hooking.[0m[0m
[1;33;40mWARNING - 2023-05-29 07:12:42,366 - [34mangr.project[0m - [34mAddress is already hooked, during hook(0xa100008, <SimProcedure free>). Not re-hooking.[0m[0m
[1;33;40mWARNING - 2023-05-29 07:12:42,366 - [34mangr.project[0m - [34mAddress is already hooked, during hook(0xa10000c, <SimProcedure fgets>). Not re-hooking.[0m[0m
[1;33;40mWARNING - 2023-05-29 07:12:42,366 - [34mangr.project[0m - [34mAddress is already hooked, during hook(0xa100010, <SimProcedure fclose>). Not re-hooking.[0m[0m
[1;33;40mWARNING - 2023-05-29 07:12:42,366 - [34mangr.project[0m - [34mAddress is already hooked, during hook(0xa100014, <SimProcedure time>). Not re-hooking.[0m[0m
[1;33;40mWARNING - 2023-05-29 07:12:42,366 - [34mangr.project[0m - [34mAddress is already hooked, during hook(0xa100020, <SimProcedure fwrite>). Not re-hooking.[0m[0m
[1;33;40mWARNING - 2023-05-29 07:12:42,366 - [34mangr.project[0m - [34mAddress is already hooked, during hook(0xa100024, <SimProcedure strcat>). Not re-hooking.[0m[0m
[1;33;40mWARNING - 2023-05-29 07:12:42,367 - [34mangr.project[0m - [34mAddress is already hooked, during hook(0xa100028, <SimProcedure getenv>). Not re-hooking.[0m[0m
[1;33;40mWARNING - 2023-05-29 07:12:42,367 - [34mangr.project[0m - [34mAddress is already hooked, during hook(0xa10002c, <SimProcedure puts>). Not re-hooking.[0m[0m
[1;33;40mWARNING - 2023-05-29 07:12:42,367 - [34mangr.project[0m - [34mAddress is already hooked, during hook(0xa100034, <SimProcedure srand>). Not re-hooking.[0m[0m
[1;33;40mWARNING - 2023-05-29 07:12:42,367 - [34mangr.project[0m - [34mAddress is already hooked, during hook(0xa100038, <SimProcedure strlen>). Not re-hooking.[0m[0m
[1;33;40mWARNING - 2023-05-29 07:12:42,367 - [34mangr.project[0m - [34mAddress is already hooked, during hook(0xa10003c, <SimProcedure __libc_start_main>). Not re-hooking.[0m[0m
[1;33;40mWARNING - 2023-05-29 07:12:42,367 - [34mangr.project[0m - [34mAddress is already hooked, during hook(0xa100040, <SimProcedure fopen>). Not re-hooking.[0m[0m
[1;33;40mWARNING - 2023-05-29 07:12:42,368 - [34mangr.project[0m - [34mAddress is already hooked, during hook(0xa100044, <SimProcedure strncpy>). Not re-hooking.[0m[0m
[1;33;40mWARNING - 2023-05-29 07:12:42,368 - [34mangr.project[0m - [34mAddress is already hooked, during hook(0xa100048, <SimProcedure rand>). Not re-hooking.[0m[0m
[1;33;40mWARNING - 2023-05-29 07:12:42,368 - [34mangr.project[0m - [34mAddress is already hooked, during hook(0xa100050, <SimProcedure socket>). Not re-hooking.[0m[0m
[1;33;40mWARNING - 2023-05-29 07:12:42,368 - [34mangr.project[0m - [34mAddress is already hooked, during hook(0xa100058, <SimProcedure close>). Not re-hooking.[0m[0m
[1;33;40mWARNING - 2023-05-29 07:12:42,368 - [34mangr.project[0m - [34mAddress is already hooked, during hook(0xa10005c, <SimProcedure __ctype_b_loc>). Not re-hooking.[0m[0m
[1;33;40mWARNING - 2023-05-29 07:12:42,369 - [34mangr.project[0m - [34mAddress is already hooked, during hook(0xa100060, <SimProcedure calloc>). Not re-hooking.[0m[0m
[1;32;40mINFO - 2023-05-29 07:12:42,369 - [36mCustomSimProcedure[0m - [36mcustom_hook_no_symbols[0m[0m
[1;33;40mWARNING - 2023-05-29 07:12:42,481 - [32mangr.storage.memory_mixins.default_filler_mixin[0m - [32mFilling memory at 0xc002032c with 4 unconstrained bytes referenced from 0xa10003c (__libc_start_main+0x0 in extern-address space (0x3c))[0m[0m
[1;32;40mINFO - 2023-05-29 07:12:42,533 - [36mCustomSimProcedure[0m - [36mSyscall found:  malloc[<BV32 0x300>][0m[0m
[1;33;40mWARNING - 2023-05-29 07:12:42,565 - [32mangr.storage.memory_mixins.default_filler_mixin[0m - [32mFilling memory at 0xc002033c with 4 unconstrained bytes referenced from 0xa10003c (__libc_start_main+0x0 in extern-address space (0x3c))[0m[0m
[1;32;40mINFO - 2023-05-29 07:12:42,618 - [36mCustomSimProcedure[0m - [36mSyscall found:  malloc[<BV32 0x4>][0m[0m
[1;33;40mWARNING - 2023-05-29 07:12:42,668 - [32mangr.storage.memory_mixins.default_filler_mixin[0m - [32mFilling memory at 0xc0020944 with 4 unconstrained bytes referenced from 0xa10003c (__libc_start_main+0x0 in extern-address space (0x3c))[0m[0m
[1;32;40mINFO - 2023-05-29 07:12:42,721 - [36mCustomSimProcedure[0m - [36mSyscall found:  malloc[<BV32 0x600>][0m[0m
[1;33;40mWARNING - 2023-05-29 07:12:42,752 - [32mangr.storage.memory_mixins.default_filler_mixin[0m - [32mFilling memory at 0xc0020954 with 4 unconstrained bytes referenced from 0xa10003c (__libc_start_main+0x0 in extern-address space (0x3c))[0m[0m
[1;32;40mINFO - 2023-05-29 07:12:42,805 - [36mCustomSimProcedure[0m - [36mSyscall found:  malloc[<BV32 0x4>][0m[0m
[1;33;40mWARNING - 2023-05-29 07:12:42,856 - [32mangr.storage.memory_mixins.default_filler_mixin[0m - [32mFilling memory at 0xc0020f5c with 4 unconstrained bytes referenced from 0xa10003c (__libc_start_main+0x0 in extern-address space (0x3c))[0m[0m
[1;32;40mINFO - 2023-05-29 07:12:42,909 - [36mCustomSimProcedure[0m - [36mSyscall found:  malloc[<BV32 0x600>][0m[0m
[1;33;40mWARNING - 2023-05-29 07:12:42,940 - [32mangr.storage.memory_mixins.default_filler_mixin[0m - [32mFilling memory at 0xc0020f6c with 4 unconstrained bytes referenced from 0xa10003c (__libc_start_main+0x0 in extern-address space (0x3c))[0m[0m
[1;32;40mINFO - 2023-05-29 07:12:42,993 - [36mCustomSimProcedure[0m - [36mSyscall found:  malloc[<BV32 0x4>][0m[0m
[1;33;40mWARNING - 2023-05-29 07:12:43,044 - [32mangr.storage.memory_mixins.default_filler_mixin[0m - [32mFilling memory at 0xc0020f7c with 4 unconstrained bytes referenced from 0xa10003c (__libc_start_main+0x0 in extern-address space (0x3c))[0m[0m
[1;32;40mINFO - 2023-05-29 07:12:43,097 - [36mCustomSimProcedure[0m - [36mSyscall found:  malloc[<BV32 0x4>][0m[0m
[1;32;40mINFO - 2023-05-29 07:12:43,106 - [36mCustomSimProcedure[0m - [36mSyscall found:  __libc_start_main[<BV32 0x90491d0>, <BV32 0x1>, <BV32 0x7ffeffb0>, <BV32 0x904ab10>, <BV32 0x904ab80>][0m[0m
[1;33;40mWARNING - 2023-05-29 07:12:43,123 - [32mangr.storage.memory_mixins.default_filler_mixin[0m - [32mFilling register edi with 4 unconstrained bytes referenced from 0x904ab20 (__libc_csu_init+0x10 in mutations3_exec (0x904ab20))[0m[0m
[1;32;40mINFO - 2023-05-29 07:12:43,223 - [36mCustomSimProcedure[0m - [36mSyscall found:  __libc_start_main[151294416, 1, 2147418032, 151300880, 151300992][0m[0m
[1;32;40mINFO - 2023-05-29 07:12:43,264 - [36mCustomSimProcedure[0m - [36mSyscall found:  ptrace[][0m[0m
[1;32;40mINFO - 2023-05-29 07:12:43,310 - [32mSemaExplorerCDFS[0m - [32mA new block of execution have been executed with changes in sim_manager.[0m[0m
[1;32;40mINFO - 2023-05-29 07:12:43,311 - [32mSemaExplorerCDFS[0m - [32mCurrently, simulation manager is :
<SimulationManager with 2 active>[0m[0m
[1;32;40mINFO - 2023-05-29 07:12:43,311 - [32mSemaExplorerCDFS[0m - [32mpause stash len :0[0m[0m
[1;32;40mINFO - 2023-05-29 07:12:43,311 - [32mSemaExplorerCDFS[0m - [32mfork_stack : 1[0m[0m
[1;32;40mINFO - 2023-05-29 07:12:43,340 - [36mCustomSimProcedure[0m - [36mSyscall found:  __libc_start_main[151294416, 1, 2147418032, 151300880, 151300992][0m[0m
[1;32;40mINFO - 2023-05-29 07:12:43,346 - [36mCustomSimProcedure[0m - [36mSyscall found:  strlen[<BV32 0x7ffeff20>][0m[0m
[1;33;40mWARNING - 2023-05-29 07:12:43,347 - [32mangr.storage.memory_mixins.default_filler_mixin[0m - [32mFilling memory at 0x1900000000 with 2 unconstrained bytes referenced from 0xa100028 (getenv+0x0 in extern-address space (0x28))[0m[0m
[1;33;40mWARNING - 2023-05-29 07:12:43,348 - [32mangr.storage.memory_mixins.default_filler_mixin[0m - [32mFilling memory at 0x1900000002 with 1 unconstrained bytes referenced from 0xa100028 (getenv+0x0 in extern-address space (0x28))[0m[0m
[1;33;40mWARNING - 2023-05-29 07:12:43,349 - [32mangr.storage.memory_mixins.default_filler_mixin[0m - [32mFilling memory at 0x1900000003 with 1 unconstrained bytes referenced from 0xa100028 (getenv+0x0 in extern-address space (0x28))[0m[0m
[1;33;40mWARNING - 2023-05-29 07:12:43,350 - [32mangr.storage.memory_mixins.default_filler_mixin[0m - [32mFilling memory at 0x1900000004 with 1 unconstrained bytes referenced from 0xa100028 (getenv+0x0 in extern-address space (0x28))[0m[0m
[1;33;40mWARNING - 2023-05-29 07:12:43,351 - [32mangr.storage.memory_mixins.default_filler_mixin[0m - [32mFilling memory at 0x1900000005 with 1 unconstrained bytes referenced from 0xa100028 (getenv+0x0 in extern-address space (0x28))[0m[0m
[1;33;40mWARNING - 2023-05-29 07:12:43,352 - [32mangr.storage.memory_mixins.default_filler_mixin[0m - [32mFilling memory at 0x1900000006 with 1 unconstrained bytes referenced from 0xa100028 (getenv+0x0 in extern-address space (0x28))[0m[0m
[1;33;40mWARNING - 2023-05-29 07:12:43,353 - [32mangr.storage.memory_mixins.default_filler_mixin[0m - [32mFilling memory at 0x1900000007 with 1 unconstrained bytes referenced from 0xa100028 (getenv+0x0 in extern-address space (0x28))[0m[0m
[1;33;40mWARNING - 2023-05-29 07:12:43,354 - [32mangr.storage.memory_mixins.default_filler_mixin[0m - [32mFilling memory at 0x1900000008 with 1 unconstrained bytes referenced from 0xa100028 (getenv+0x0 in extern-address space (0x28))[0m[0m
[1;33;40mWARNING - 2023-05-29 07:12:43,355 - [32mangr.storage.memory_mixins.default_filler_mixin[0m - [32mFilling memory at 0x1900000009 with 1 unconstrained bytes referenced from 0xa100028 (getenv+0x0 in extern-address space (0x28))[0m[0m
[1;33;40mWARNING - 2023-05-29 07:12:43,356 - [32mangr.storage.memory_mixins.default_filler_mixin[0m - [32mFilling memory at 0x190000000a with 1 unconstrained bytes referenced from 0xa100028 (getenv+0x0 in extern-address space (0x28))[0m[0m
[1;33;40mWARNING - 2023-05-29 07:12:43,357 - [32mangr.storage.memory_mixins.default_filler_mixin[0m - [32mFilling memory at 0x190000000b with 1 unconstrained bytes referenced from 0xa100028 (getenv+0x0 in extern-address space (0x28))[0m[0m
[1;33;40mWARNING - 2023-05-29 07:12:43,358 - [32mangr.storage.memory_mixins.default_filler_mixin[0m - [32mFilling memory at 0x190000000c with 1 unconstrained bytes referenced from 0xa100028 (getenv+0x0 in extern-address space (0x28))[0m[0m
[1;33;40mWARNING - 2023-05-29 07:12:43,359 - [32mangr.storage.memory_mixins.default_filler_mixin[0m - [32mFilling memory at 0x190000000d with 1 unconstrained bytes referenced from 0xa100028 (getenv+0x0 in extern-address space (0x28))[0m[0m
[1;33;40mWARNING - 2023-05-29 07:12:43,360 - [32mangr.storage.memory_mixins.default_filler_mixin[0m - [32mFilling memory at 0x190000000e with 1 unconstrained bytes referenced from 0xa100028 (getenv+0x0 in extern-address space (0x28))[0m[0m
[1;33;40mWARNING - 2023-05-29 07:12:43,362 - [32mangr.storage.memory_mixins.default_filler_mixin[0m - [32mFilling memory at 0x190000000f with 1 unconstrained bytes referenced from 0xa100028 (getenv+0x0 in extern-address space (0x28))[0m[0m
[1;33;40mWARNING - 2023-05-29 07:12:43,362 - [32mangr.storage.memory_mixins.default_filler_mixin[0m - [32mFilling memory at 0x1900000010 with 1 unconstrained bytes referenced from 0xa100028 (getenv+0x0 in extern-address space (0x28))[0m[0m
[1;33;40mWARNING - 2023-05-29 07:12:43,363 - [32mangr.storage.memory_mixins.default_filler_mixin[0m - [32mFilling memory at 0x1900000011 with 1 unconstrained bytes referenced from 0xa100028 (getenv+0x0 in extern-address space (0x28))[0m[0m
[1;33;40mWARNING - 2023-05-29 07:12:43,364 - [32mangr.storage.memory_mixins.default_filler_mixin[0m - [32mFilling memory at 0x1900000012 with 1 unconstrained bytes referenced from 0xa100028 (getenv+0x0 in extern-address space (0x28))[0m[0m
[1;33;40mWARNING - 2023-05-29 07:12:43,365 - [32mangr.storage.memory_mixins.default_filler_mixin[0m - [32mFilling memory at 0x1900000013 with 1 unconstrained bytes referenced from 0xa100028 (getenv+0x0 in extern-address space (0x28))[0m[0m
[1;33;40mWARNING - 2023-05-29 07:12:43,365 - [32mangr.storage.memory_mixins.default_filler_mixin[0m - [32mFilling memory at 0x1900000014 with 1 unconstrained bytes referenced from 0xa100028 (getenv+0x0 in extern-address space (0x28))[0m[0m
[1;33;40mWARNING - 2023-05-29 07:12:43,366 - [32mangr.storage.memory_mixins.default_filler_mixin[0m - [32mFilling memory at 0x1900000015 with 1 unconstrained bytes referenced from 0xa100028 (getenv+0x0 in extern-address space (0x28))[0m[0m
[1;33;40mWARNING - 2023-05-29 07:12:43,367 - [32mangr.storage.memory_mixins.default_filler_mixin[0m - [32mFilling memory at 0x1900000016 with 1 unconstrained bytes referenced from 0xa100028 (getenv+0x0 in extern-address space (0x28))[0m[0m
[1;33;40mWARNING - 2023-05-29 07:12:43,368 - [32mangr.storage.memory_mixins.default_filler_mixin[0m - [32mFilling memory at 0x1900000017 with 1 unconstrained bytes referenced from 0xa100028 (getenv+0x0 in extern-address space (0x28))[0m[0m
[1;33;40mWARNING - 2023-05-29 07:12:43,369 - [32mangr.storage.memory_mixins.default_filler_mixin[0m - [32mFilling memory at 0x1900000018 with 1 unconstrained bytes referenced from 0xa100028 (getenv+0x0 in extern-address space (0x28))[0m[0m
[1;33;40mWARNING - 2023-05-29 07:12:43,369 - [32mangr.storage.memory_mixins.default_filler_mixin[0m - [32mFilling memory at 0x1900000019 with 1 unconstrained bytes referenced from 0xa100028 (getenv+0x0 in extern-address space (0x28))[0m[0m
[1;33;40mWARNING - 2023-05-29 07:12:43,370 - [32mangr.storage.memory_mixins.default_filler_mixin[0m - [32mFilling memory at 0x190000001a with 1 unconstrained bytes referenced from 0xa100028 (getenv+0x0 in extern-address space (0x28))[0m[0m
[1;33;40mWARNING - 2023-05-29 07:12:43,371 - [32mangr.storage.memory_mixins.default_filler_mixin[0m - [32mFilling memory at 0x190000001b with 1 unconstrained bytes referenced from 0xa100028 (getenv+0x0 in extern-address space (0x28))[0m[0m
[1;33;40mWARNING - 2023-05-29 07:12:43,372 - [32mangr.storage.memory_mixins.default_filler_mixin[0m - [32mFilling memory at 0x190000001c with 1 unconstrained bytes referenced from 0xa100028 (getenv+0x0 in extern-address space (0x28))[0m[0m
[1;33;40mWARNING - 2023-05-29 07:12:43,373 - [32mangr.storage.memory_mixins.default_filler_mixin[0m - [32mFilling memory at 0x190000001d with 1 unconstrained bytes referenced from 0xa100028 (getenv+0x0 in extern-address space (0x28))[0m[0m
[1;33;40mWARNING - 2023-05-29 07:12:43,373 - [32mangr.storage.memory_mixins.default_filler_mixin[0m - [32mFilling memory at 0x190000001e with 1 unconstrained bytes referenced from 0xa100028 (getenv+0x0 in extern-address space (0x28))[0m[0m
[1;33;40mWARNING - 2023-05-29 07:12:43,374 - [32mangr.storage.memory_mixins.default_filler_mixin[0m - [32mFilling memory at 0x190000001f with 1 unconstrained bytes referenced from 0xa100028 (getenv+0x0 in extern-address space (0x28))[0m[0m
[1;33;40mWARNING - 2023-05-29 07:12:43,375 - [32mangr.storage.memory_mixins.default_filler_mixin[0m - [32mFilling memory at 0x1900000020 with 1 unconstrained bytes referenced from 0xa100028 (getenv+0x0 in extern-address space (0x28))[0m[0m
[1;33;40mWARNING - 2023-05-29 07:12:43,376 - [32mangr.storage.memory_mixins.default_filler_mixin[0m - [32mFilling memory at 0x1900000021 with 1 unconstrained bytes referenced from 0xa100028 (getenv+0x0 in extern-address space (0x28))[0m[0m
[1;33;40mWARNING - 2023-05-29 07:12:43,376 - [32mangr.storage.memory_mixins.default_filler_mixin[0m - [32mFilling memory at 0x1900000022 with 1 unconstrained bytes referenced from 0xa100028 (getenv+0x0 in extern-address space (0x28))[0m[0m
[1;33;40mWARNING - 2023-05-29 07:12:43,377 - [32mangr.storage.memory_mixins.default_filler_mixin[0m - [32mFilling memory at 0x1900000023 with 1 unconstrained bytes referenced from 0xa100028 (getenv+0x0 in extern-address space (0x28))[0m[0m
[1;33;40mWARNING - 2023-05-29 07:12:43,378 - [32mangr.storage.memory_mixins.default_filler_mixin[0m - [32mFilling memory at 0x1900000024 with 1 unconstrained bytes referenced from 0xa100028 (getenv+0x0 in extern-address space (0x28))[0m[0m
[1;33;40mWARNING - 2023-05-29 07:12:43,379 - [32mangr.storage.memory_mixins.default_filler_mixin[0m - [32mFilling memory at 0x1900000025 with 1 unconstrained bytes referenced from 0xa100028 (getenv+0x0 in extern-address space (0x28))[0m[0m
[1;33;40mWARNING - 2023-05-29 07:12:43,379 - [32mangr.storage.memory_mixins.default_filler_mixin[0m - [32mFilling memory at 0x1900000026 with 1 unconstrained bytes referenced from 0xa100028 (getenv+0x0 in extern-address space (0x28))[0m[0m
[1;33;40mWARNING - 2023-05-29 07:12:43,380 - [32mangr.storage.memory_mixins.default_filler_mixin[0m - [32mFilling memory at 0x1900000027 with 1 unconstrained bytes referenced from 0xa100028 (getenv+0x0 in extern-address space (0x28))[0m[0m
[1;33;40mWARNING - 2023-05-29 07:12:43,381 - [32mangr.storage.memory_mixins.default_filler_mixin[0m - [32mFilling memory at 0x1900000028 with 1 unconstrained bytes referenced from 0xa100028 (getenv+0x0 in extern-address space (0x28))[0m[0m
[1;33;40mWARNING - 2023-05-29 07:12:43,382 - [32mangr.storage.memory_mixins.default_filler_mixin[0m - [32mFilling memory at 0x1900000029 with 1 unconstrained bytes referenced from 0xa100028 (getenv+0x0 in extern-address space (0x28))[0m[0m
[1;33;40mWARNING - 2023-05-29 07:12:43,384 - [32mangr.storage.memory_mixins.default_filler_mixin[0m - [32mFilling memory at 0x190000002a with 1 unconstrained bytes referenced from 0xa100028 (getenv+0x0 in extern-address space (0x28))[0m[0m
[1;33;40mWARNING - 2023-05-29 07:12:43,385 - [32mangr.storage.memory_mixins.default_filler_mixin[0m - [32mFilling memory at 0x190000002b with 1 unconstrained bytes referenced from 0xa100028 (getenv+0x0 in extern-address space (0x28))[0m[0m
[1;33;40mWARNING - 2023-05-29 07:12:43,386 - [32mangr.storage.memory_mixins.default_filler_mixin[0m - [32mFilling memory at 0x190000002c with 1 unconstrained bytes referenced from 0xa100028 (getenv+0x0 in extern-address space (0x28))[0m[0m
[1;33;40mWARNING - 2023-05-29 07:12:43,387 - [32mangr.storage.memory_mixins.default_filler_mixin[0m - [32mFilling memory at 0x190000002d with 1 unconstrained bytes referenced from 0xa100028 (getenv+0x0 in extern-address space (0x28))[0m[0m
[1;33;40mWARNING - 2023-05-29 07:12:43,388 - [32mangr.storage.memory_mixins.default_filler_mixin[0m - [32mFilling memory at 0x190000002e with 1 unconstrained bytes referenced from 0xa100028 (getenv+0x0 in extern-address space (0x28))[0m[0m
[1;33;40mWARNING - 2023-05-29 07:12:43,390 - [32mangr.storage.memory_mixins.default_filler_mixin[0m - [32mFilling memory at 0x190000002f with 1 unconstrained bytes referenced from 0xa100028 (getenv+0x0 in extern-address space (0x28))[0m[0m
[1;33;40mWARNING - 2023-05-29 07:12:43,391 - [32mangr.storage.memory_mixins.default_filler_mixin[0m - [32mFilling memory at 0x1900000030 with 1 unconstrained bytes referenced from 0xa100028 (getenv+0x0 in extern-address space (0x28))[0m[0m
[1;33;40mWARNING - 2023-05-29 07:12:43,392 - [32mangr.storage.memory_mixins.default_filler_mixin[0m - [32mFilling memory at 0x1900000031 with 1 unconstrained bytes referenced from 0xa100028 (getenv+0x0 in extern-address space (0x28))[0m[0m
[1;33;40mWARNING - 2023-05-29 07:12:43,392 - [32mangr.storage.memory_mixins.default_filler_mixin[0m - [32mFilling memory at 0x1900000032 with 1 unconstrained bytes referenced from 0xa100028 (getenv+0x0 in extern-address space (0x28))[0m[0m
[1;33;40mWARNING - 2023-05-29 07:12:43,393 - [32mangr.storage.memory_mixins.default_filler_mixin[0m - [32mFilling memory at 0x1900000033 with 1 unconstrained bytes referenced from 0xa100028 (getenv+0x0 in extern-address space (0x28))[0m[0m
[1;33;40mWARNING - 2023-05-29 07:12:43,394 - [32mangr.storage.memory_mixins.default_filler_mixin[0m - [32mFilling memory at 0x1900000034 with 1 unconstrained bytes referenced from 0xa100028 (getenv+0x0 in extern-address space (0x28))[0m[0m
[1;33;40mWARNING - 2023-05-29 07:12:43,395 - [32mangr.storage.memory_mixins.default_filler_mixin[0m - [32mFilling memory at 0x1900000035 with 1 unconstrained bytes referenced from 0xa100028 (getenv+0x0 in extern-address space (0x28))[0m[0m
[1;33;40mWARNING - 2023-05-29 07:12:43,396 - [32mangr.storage.memory_mixins.default_filler_mixin[0m - [32mFilling memory at 0x1900000036 with 1 unconstrained bytes referenced from 0xa100028 (getenv+0x0 in extern-address space (0x28))[0m[0m
[1;33;40mWARNING - 2023-05-29 07:12:43,397 - [32mangr.storage.memory_mixins.default_filler_mixin[0m - [32mFilling memory at 0x1900000037 with 1 unconstrained bytes referenced from 0xa100028 (getenv+0x0 in extern-address space (0x28))[0m[0m
[1;33;40mWARNING - 2023-05-29 07:12:43,398 - [32mangr.storage.memory_mixins.default_filler_mixin[0m - [32mFilling memory at 0x1900000038 with 1 unconstrained bytes referenced from 0xa100028 (getenv+0x0 in extern-address space (0x28))[0m[0m
[1;33;40mWARNING - 2023-05-29 07:12:43,399 - [32mangr.storage.memory_mixins.default_filler_mixin[0m - [32mFilling memory at 0x1900000039 with 1 unconstrained bytes referenced from 0xa100028 (getenv+0x0 in extern-address space (0x28))[0m[0m
[1;33;40mWARNING - 2023-05-29 07:12:43,400 - [32mangr.storage.memory_mixins.default_filler_mixin[0m - [32mFilling memory at 0x190000003a with 1 unconstrained bytes referenced from 0xa100028 (getenv+0x0 in extern-address space (0x28))[0m[0m
[1;33;40mWARNING - 2023-05-29 07:12:43,400 - [32mangr.storage.memory_mixins.default_filler_mixin[0m - [32mFilling memory at 0x190000003b with 1 unconstrained bytes referenced from 0xa100028 (getenv+0x0 in extern-address space (0x28))[0m[0m
[1;33;40mWARNING - 2023-05-29 07:12:43,401 - [32mangr.storage.memory_mixins.default_filler_mixin[0m - [32mFilling memory at 0x190000003c with 1 unconstrained bytes referenced from 0xa100028 (getenv+0x0 in extern-address space (0x28))[0m[0m
[1;33;40mWARNING - 2023-05-29 07:12:43,402 - [32mangr.storage.memory_mixins.default_filler_mixin[0m - [32mFilling memory at 0x190000003d with 1 unconstrained bytes referenced from 0xa100028 (getenv+0x0 in extern-address space (0x28))[0m[0m
[1;32;40mINFO - 2023-05-29 07:12:43,404 - [32mSemaExplorerCDFS[0m - [32mEnd of the trace number 0 with errors[0m[0m
[1;32;40mINFO - 2023-05-29 07:12:43,405 - [32mSemaExplorerCDFS[0m - <SimState @ 0xa100028>[0m
[1;32;40mINFO - 2023-05-29 07:12:43,406 - [32mSemaExplorerCDFS[0m - args' length must all be equal[0m
[1;32;40mINFO - 2023-05-29 07:12:43,407 - [32mSemaExplorerCDFS[0m - [32mA new block of execution have been executed with changes in sim_manager.[0m[0m
[1;32;40mINFO - 2023-05-29 07:12:43,408 - [32mSemaExplorerCDFS[0m - [32mCurrently, simulation manager is :
<SimulationManager with 1 deadended (1 errored)>[0m[0m
[1;32;40mINFO - 2023-05-29 07:12:43,408 - [32mSemaExplorerCDFS[0m - [32mpause stash len :0[0m[0m
[1;32;40mINFO - 2023-05-29 07:12:43,408 - [32mSemaExplorerCDFS[0m - [32mlen(simgr.active) <= 0 or deadended >= self.max_end_state)[0m[0m
[1;32;40mINFO - 2023-05-29 07:12:43,422 - [37mGraphBuilder[0m - [37mOutput dir :src/output/runs/132//random_mutations[0m[0m
