[1;33;40mWARNING - 2023-05-29 07:13:11,971 - [34mangr.project[0m - [34mDisabling IRSB translation cache because support for self-modifying code is enabled.[0m[0m
[1;33;40mWARNING - 2023-05-29 07:13:12,324 - [32mangr.storage.memory_mixins.default_filler_mixin[0m - [32mFilling memory at 0xc000800c with 4 unconstrained bytes referenced from 0x904d160 (_start+0x0 in mutations6_exec (0x904d160))[0m[0m
[1;33;40mWARNING - 2023-05-29 07:13:15,098 - [32mangr.storage.memory_mixins.default_filler_mixin[0m - [32mFilling memory at 0xc0010014 with 4 unconstrained bytes referenced from 0x904d160 (_start+0x0 in mutations6_exec (0x904d160))[0m[0m
[1;33;40mWARNING - 2023-05-29 07:13:18,655 - [32mangr.storage.memory_mixins.default_filler_mixin[0m - [32mFilling memory at 0xc001801c with 4 unconstrained bytes referenced from 0x904d160 (_start+0x0 in mutations6_exec (0x904d160))[0m[0m
[1;33;40mWARNING - 2023-05-29 07:13:21,663 - [32mangr.storage.memory_mixins.default_filler_mixin[0m - [32mFilling memory at 0xc0020024 with 4 unconstrained bytes referenced from 0x904d160 (_start+0x0 in mutations6_exec (0x904d160))[0m[0m
[1;33;40mWARNING - 2023-05-29 07:13:24,718 - [32mangr.storage.memory_mixins.default_filler_mixin[0m - [32mFilling memory at 0x30 with 4 unconstrained bytes referenced from 0x904d160 (_start+0x0 in mutations6_exec (0x904d160))[0m[0m
[1;32;40mINFO - 2023-05-29 07:13:24,826 - [36mCustomSimProcedure[0m - [36mcustom_hook_static[0m[0m
[1;33;40mWARNING - 2023-05-29 07:13:24,826 - [34mangr.project[0m - [34mAddress is already hooked, during hook(0x0, <SimProcedure strcmp>). Not re-hooking.[0m[0m
[1;33;40mWARNING - 2023-05-29 07:13:24,826 - [34mangr.project[0m - [34mAddress is already hooked, during hook(0x0, <SimProcedure free>). Not re-hooking.[0m[0m
[1;33;40mWARNING - 2023-05-29 07:13:24,826 - [34mangr.project[0m - [34mAddress is already hooked, during hook(0x0, <SimProcedure fgets>). Not re-hooking.[0m[0m
[1;33;40mWARNING - 2023-05-29 07:13:24,827 - [34mangr.project[0m - [34mAddress is already hooked, during hook(0x0, <SimProcedure fclose>). Not re-hooking.[0m[0m
[1;33;40mWARNING - 2023-05-29 07:13:24,827 - [34mangr.project[0m - [34mAddress is already hooked, during hook(0x0, <SimProcedure time>). Not re-hooking.[0m[0m
[1;33;40mWARNING - 2023-05-29 07:13:24,827 - [34mangr.project[0m - [34mAddress is already hooked, during hook(0x0, <SimProcedure perror>). Not re-hooking.[0m[0m
[1;33;40mWARNING - 2023-05-29 07:13:24,827 - [34mangr.project[0m - [34mAddress is already hooked, during hook(0x0, <SimProcedure fwrite>). Not re-hooking.[0m[0m
[1;33;40mWARNING - 2023-05-29 07:13:24,827 - [34mangr.project[0m - [34mAddress is already hooked, during hook(0x0, <SimProcedure strcpy>). Not re-hooking.[0m[0m
[1;33;40mWARNING - 2023-05-29 07:13:24,827 - [34mangr.project[0m - [34mAddress is already hooked, during hook(0x0, <SimProcedure malloc>). Not re-hooking.[0m[0m
[1;33;40mWARNING - 2023-05-29 07:13:24,827 - [34mangr.project[0m - [34mAddress is already hooked, during hook(0x0, <SimProcedure puts>). Not re-hooking.[0m[0m
[1;33;40mWARNING - 2023-05-29 07:13:24,828 - [34mangr.project[0m - [34mAddress is already hooked, during hook(0x0, <SimProcedure srand>). Not re-hooking.[0m[0m
[1;33;40mWARNING - 2023-05-29 07:13:24,828 - [34mangr.project[0m - [34mAddress is already hooked, during hook(0x0, <SimProcedure strlen>). Not re-hooking.[0m[0m
[1;33;40mWARNING - 2023-05-29 07:13:24,828 - [34mangr.project[0m - [34mAddress is already hooked, during hook(0x0, <SimProcedure __libc_start_main>). Not re-hooking.[0m[0m
[1;33;40mWARNING - 2023-05-29 07:13:24,828 - [34mangr.project[0m - [34mAddress is already hooked, during hook(0x0, <SimProcedure fopen>). Not re-hooking.[0m[0m
[1;33;40mWARNING - 2023-05-29 07:13:24,829 - [34mangr.project[0m - [34mAddress is already hooked, during hook(0x0, <SimProcedure putchar>). Not re-hooking.[0m[0m
[1;33;40mWARNING - 2023-05-29 07:13:24,829 - [34mangr.project[0m - [34mAddress is already hooked, during hook(0x0, <SimProcedure strncpy>). Not re-hooking.[0m[0m
[1;33;40mWARNING - 2023-05-29 07:13:24,829 - [34mangr.project[0m - [34mAddress is already hooked, during hook(0x0, <SimProcedure rand>). Not re-hooking.[0m[0m
[1;33;40mWARNING - 2023-05-29 07:13:24,829 - [34mangr.project[0m - [34mAddress is already hooked, during hook(0x0, <SimProcedure htonl>). Not re-hooking.[0m[0m
[1;33;40mWARNING - 2023-05-29 07:13:24,829 - [34mangr.project[0m - [34mAddress is already hooked, during hook(0x0, <SimProcedure socket>). Not re-hooking.[0m[0m
[1;33;40mWARNING - 2023-05-29 07:13:24,830 - [34mangr.project[0m - [34mAddress is already hooked, during hook(0x0, <SimProcedure close>). Not re-hooking.[0m[0m
[1;33;40mWARNING - 2023-05-29 07:13:24,830 - [34mangr.project[0m - [34mAddress is already hooked, during hook(0x0, <SimProcedure strstr>). Not re-hooking.[0m[0m
[1;33;40mWARNING - 2023-05-29 07:13:24,830 - [34mangr.project[0m - [34mAddress is already hooked, during hook(0x0, <SimProcedure strcmp>). Not re-hooking.[0m[0m
[1;33;40mWARNING - 2023-05-29 07:13:24,830 - [34mangr.project[0m - [34mAddress is already hooked, during hook(0x0, <SimProcedure free>). Not re-hooking.[0m[0m
[1;33;40mWARNING - 2023-05-29 07:13:24,830 - [34mangr.project[0m - [34mAddress is already hooked, during hook(0x0, <SimProcedure fgets>). Not re-hooking.[0m[0m
[1;33;40mWARNING - 2023-05-29 07:13:24,831 - [34mangr.project[0m - [34mAddress is already hooked, during hook(0x0, <SimProcedure fclose>). Not re-hooking.[0m[0m
[1;33;40mWARNING - 2023-05-29 07:13:24,831 - [34mangr.project[0m - [34mAddress is already hooked, during hook(0x0, <SimProcedure time>). Not re-hooking.[0m[0m
[1;33;40mWARNING - 2023-05-29 07:13:24,831 - [34mangr.project[0m - [34mAddress is already hooked, during hook(0x0, <SimProcedure perror>). Not re-hooking.[0m[0m
[1;33;40mWARNING - 2023-05-29 07:13:24,831 - [34mangr.project[0m - [34mAddress is already hooked, during hook(0x0, <SimProcedure fwrite>). Not re-hooking.[0m[0m
[1;33;40mWARNING - 2023-05-29 07:13:24,832 - [34mangr.project[0m - [34mAddress is already hooked, during hook(0x0, <SimProcedure strcpy>). Not re-hooking.[0m[0m
[1;33;40mWARNING - 2023-05-29 07:13:24,832 - [34mangr.project[0m - [34mAddress is already hooked, during hook(0x0, <SimProcedure malloc>). Not re-hooking.[0m[0m
[1;33;40mWARNING - 2023-05-29 07:13:24,832 - [34mangr.project[0m - [34mAddress is already hooked, during hook(0x0, <SimProcedure puts>). Not re-hooking.[0m[0m
[1;33;40mWARNING - 2023-05-29 07:13:24,832 - [34mangr.project[0m - [34mAddress is already hooked, during hook(0x0, <SimProcedure srand>). Not re-hooking.[0m[0m
[1;33;40mWARNING - 2023-05-29 07:13:24,832 - [34mangr.project[0m - [34mAddress is already hooked, during hook(0x0, <SimProcedure strlen>). Not re-hooking.[0m[0m
[1;33;40mWARNING - 2023-05-29 07:13:24,833 - [34mangr.project[0m - [34mAddress is already hooked, during hook(0x0, <SimProcedure __libc_start_main>). Not re-hooking.[0m[0m
[1;33;40mWARNING - 2023-05-29 07:13:24,833 - [34mangr.project[0m - [34mAddress is already hooked, during hook(0x0, <SimProcedure fopen>). Not re-hooking.[0m[0m
[1;33;40mWARNING - 2023-05-29 07:13:24,833 - [34mangr.project[0m - [34mAddress is already hooked, during hook(0x0, <SimProcedure putchar>). Not re-hooking.[0m[0m
[1;33;40mWARNING - 2023-05-29 07:13:24,833 - [34mangr.project[0m - [34mAddress is already hooked, during hook(0x0, <SimProcedure strncpy>). Not re-hooking.[0m[0m
[1;33;40mWARNING - 2023-05-29 07:13:24,833 - [34mangr.project[0m - [34mAddress is already hooked, during hook(0x0, <SimProcedure rand>). Not re-hooking.[0m[0m
[1;33;40mWARNING - 2023-05-29 07:13:24,833 - [34mangr.project[0m - [34mAddress is already hooked, during hook(0x0, <SimProcedure htonl>). Not re-hooking.[0m[0m
[1;33;40mWARNING - 2023-05-29 07:13:24,834 - [34mangr.project[0m - [34mAddress is already hooked, during hook(0x0, <SimProcedure socket>). Not re-hooking.[0m[0m
[1;33;40mWARNING - 2023-05-29 07:13:24,834 - [34mangr.project[0m - [34mAddress is already hooked, during hook(0x0, <SimProcedure close>). Not re-hooking.[0m[0m
[1;33;40mWARNING - 2023-05-29 07:13:24,834 - [34mangr.project[0m - [34mAddress is already hooked, during hook(0x9049060, <SimProcedure printf>). Not re-hooking.[0m[0m
[1;33;40mWARNING - 2023-05-29 07:13:24,835 - [34mangr.project[0m - [34mAddress is already hooked, during hook(0xa100000, <SimProcedure strstr>). Not re-hooking.[0m[0m
[1;33;40mWARNING - 2023-05-29 07:13:24,835 - [34mangr.project[0m - [34mAddress is already hooked, during hook(0xa100004, <SimProcedure strcmp>). Not re-hooking.[0m[0m
[1;33;40mWARNING - 2023-05-29 07:13:24,835 - [34mangr.project[0m - [34mAddress is already hooked, during hook(0xa100008, <SimProcedure printf>). Not re-hooking.[0m[0m
[1;33;40mWARNING - 2023-05-29 07:13:24,835 - [34mangr.project[0m - [34mAddress is already hooked, during hook(0xa10000c, <SimProcedure free>). Not re-hooking.[0m[0m
[1;33;40mWARNING - 2023-05-29 07:13:24,836 - [34mangr.project[0m - [34mAddress is already hooked, during hook(0xa100010, <SimProcedure fgets>). Not re-hooking.[0m[0m
[1;33;40mWARNING - 2023-05-29 07:13:24,836 - [34mangr.project[0m - [34mAddress is already hooked, during hook(0xa100014, <SimProcedure fclose>). Not re-hooking.[0m[0m
[1;33;40mWARNING - 2023-05-29 07:13:24,836 - [34mangr.project[0m - [34mAddress is already hooked, during hook(0xa100018, <SimProcedure time>). Not re-hooking.[0m[0m
[1;33;40mWARNING - 2023-05-29 07:13:24,836 - [34mangr.project[0m - [34mAddress is already hooked, during hook(0xa100028, <SimProcedure perror>). Not re-hooking.[0m[0m
[1;33;40mWARNING - 2023-05-29 07:13:24,836 - [34mangr.project[0m - [34mAddress is already hooked, during hook(0xa10002c, <SimProcedure fwrite>). Not re-hooking.[0m[0m
[1;33;40mWARNING - 2023-05-29 07:13:24,837 - [34mangr.project[0m - [34mAddress is already hooked, during hook(0xa100030, <SimProcedure strcpy>). Not re-hooking.[0m[0m
[1;33;40mWARNING - 2023-05-29 07:13:24,837 - [34mangr.project[0m - [34mAddress is already hooked, during hook(0xa100034, <SimProcedure malloc>). Not re-hooking.[0m[0m
[1;33;40mWARNING - 2023-05-29 07:13:24,837 - [34mangr.project[0m - [34mAddress is already hooked, during hook(0xa100038, <SimProcedure puts>). Not re-hooking.[0m[0m
[1;33;40mWARNING - 2023-05-29 07:13:24,837 - [34mangr.project[0m - [34mAddress is already hooked, during hook(0xa100040, <SimProcedure srand>). Not re-hooking.[0m[0m
[1;33;40mWARNING - 2023-05-29 07:13:24,837 - [34mangr.project[0m - [34mAddress is already hooked, during hook(0xa100044, <SimProcedure strlen>). Not re-hooking.[0m[0m
[1;33;40mWARNING - 2023-05-29 07:13:24,838 - [34mangr.project[0m - [34mAddress is already hooked, during hook(0xa100048, <SimProcedure __libc_start_main>). Not re-hooking.[0m[0m
[1;33;40mWARNING - 2023-05-29 07:13:24,838 - [34mangr.project[0m - [34mAddress is already hooked, during hook(0xa10004c, <SimProcedure fopen>). Not re-hooking.[0m[0m
[1;33;40mWARNING - 2023-05-29 07:13:24,838 - [34mangr.project[0m - [34mAddress is already hooked, during hook(0xa100050, <SimProcedure putchar>). Not re-hooking.[0m[0m
[1;33;40mWARNING - 2023-05-29 07:13:24,838 - [34mangr.project[0m - [34mAddress is already hooked, during hook(0xa100054, <SimProcedure strncpy>). Not re-hooking.[0m[0m
[1;33;40mWARNING - 2023-05-29 07:13:24,838 - [34mangr.project[0m - [34mAddress is already hooked, during hook(0xa100058, <SimProcedure rand>). Not re-hooking.[0m[0m
[1;33;40mWARNING - 2023-05-29 07:13:24,839 - [34mangr.project[0m - [34mAddress is already hooked, during hook(0xa10005c, <SimProcedure htonl>). Not re-hooking.[0m[0m
[1;33;40mWARNING - 2023-05-29 07:13:24,839 - [34mangr.project[0m - [34mAddress is already hooked, during hook(0xa100060, <SimProcedure socket>). Not re-hooking.[0m[0m
[1;33;40mWARNING - 2023-05-29 07:13:24,839 - [34mangr.project[0m - [34mAddress is already hooked, during hook(0xa100064, <SimProcedure close>). Not re-hooking.[0m[0m
[1;32;40mINFO - 2023-05-29 07:13:24,839 - [36mCustomSimProcedure[0m - [36mcustom_hook_no_symbols[0m[0m
[1;33;40mWARNING - 2023-05-29 07:13:24,950 - [32mangr.storage.memory_mixins.default_filler_mixin[0m - [32mFilling memory at 0xc002032c with 4 unconstrained bytes referenced from 0xa100048 (__libc_start_main+0x0 in extern-address space (0x48))[0m[0m
[1;32;40mINFO - 2023-05-29 07:13:25,004 - [36mCustomSimProcedure[0m - [36mSyscall found:  malloc[<BV32 0x300>][0m[0m
[1;33;40mWARNING - 2023-05-29 07:13:25,035 - [32mangr.storage.memory_mixins.default_filler_mixin[0m - [32mFilling memory at 0xc002033c with 4 unconstrained bytes referenced from 0xa100048 (__libc_start_main+0x0 in extern-address space (0x48))[0m[0m
[1;32;40mINFO - 2023-05-29 07:13:25,088 - [36mCustomSimProcedure[0m - [36mSyscall found:  malloc[<BV32 0x4>][0m[0m
[1;33;40mWARNING - 2023-05-29 07:13:25,138 - [32mangr.storage.memory_mixins.default_filler_mixin[0m - [32mFilling memory at 0xc0020944 with 4 unconstrained bytes referenced from 0xa100048 (__libc_start_main+0x0 in extern-address space (0x48))[0m[0m
[1;32;40mINFO - 2023-05-29 07:13:25,191 - [36mCustomSimProcedure[0m - [36mSyscall found:  malloc[<BV32 0x600>][0m[0m
[1;33;40mWARNING - 2023-05-29 07:13:25,222 - [32mangr.storage.memory_mixins.default_filler_mixin[0m - [32mFilling memory at 0xc0020954 with 4 unconstrained bytes referenced from 0xa100048 (__libc_start_main+0x0 in extern-address space (0x48))[0m[0m
[1;32;40mINFO - 2023-05-29 07:13:25,275 - [36mCustomSimProcedure[0m - [36mSyscall found:  malloc[<BV32 0x4>][0m[0m
[1;33;40mWARNING - 2023-05-29 07:13:25,326 - [32mangr.storage.memory_mixins.default_filler_mixin[0m - [32mFilling memory at 0xc0020f5c with 4 unconstrained bytes referenced from 0xa100048 (__libc_start_main+0x0 in extern-address space (0x48))[0m[0m
[1;32;40mINFO - 2023-05-29 07:13:25,378 - [36mCustomSimProcedure[0m - [36mSyscall found:  malloc[<BV32 0x600>][0m[0m
[1;33;40mWARNING - 2023-05-29 07:13:25,409 - [32mangr.storage.memory_mixins.default_filler_mixin[0m - [32mFilling memory at 0xc0020f6c with 4 unconstrained bytes referenced from 0xa100048 (__libc_start_main+0x0 in extern-address space (0x48))[0m[0m
[1;32;40mINFO - 2023-05-29 07:13:25,461 - [36mCustomSimProcedure[0m - [36mSyscall found:  malloc[<BV32 0x4>][0m[0m
[1;33;40mWARNING - 2023-05-29 07:13:25,512 - [32mangr.storage.memory_mixins.default_filler_mixin[0m - [32mFilling memory at 0xc0020f7c with 4 unconstrained bytes referenced from 0xa100048 (__libc_start_main+0x0 in extern-address space (0x48))[0m[0m
[1;32;40mINFO - 2023-05-29 07:13:25,565 - [36mCustomSimProcedure[0m - [36mSyscall found:  malloc[<BV32 0x4>][0m[0m
[1;32;40mINFO - 2023-05-29 07:13:25,573 - [36mCustomSimProcedure[0m - [36mSyscall found:  __libc_start_main[<BV32 0x90491e0>, <BV32 0x1>, <BV32 0x7ffeffb0>, <BV32 0x904d280>, <BV32 0x904d2f0>][0m[0m
[1;33;40mWARNING - 2023-05-29 07:13:25,589 - [32mangr.storage.memory_mixins.default_filler_mixin[0m - [32mFilling register edi with 4 unconstrained bytes referenced from 0x904d290 (__libc_csu_init+0x10 in mutations6_exec (0x904d290))[0m[0m
[1;32;40mINFO - 2023-05-29 07:13:25,690 - [36mCustomSimProcedure[0m - [36mSyscall found:  __libc_start_main[151294432, 1, 2147418032, 151310976, 151311088][0m[0m
[1;32;40mINFO - 2023-05-29 07:13:25,736 - [36mCustomSimProcedure[0m - [36mSyscall found:  sysconf[<BV32 0x54>][0m[0m
[1;32;40mINFO - 2023-05-29 07:13:25,776 - [32mSemaExplorerCDFS[0m - [32mA new block of execution have been executed with changes in sim_manager.[0m[0m
[1;32;40mINFO - 2023-05-29 07:13:25,776 - [32mSemaExplorerCDFS[0m - [32mCurrently, simulation manager is :
<SimulationManager with 2 active>[0m[0m
[1;32;40mINFO - 2023-05-29 07:13:25,776 - [32mSemaExplorerCDFS[0m - [32mpause stash len :0[0m[0m
[1;32;40mINFO - 2023-05-29 07:13:25,776 - [32mSemaExplorerCDFS[0m - [32mfork_stack : 1[0m[0m
[1;32;40mINFO - 2023-05-29 07:13:25,833 - [36mCustomSimProcedure[0m - [36mSyscall found:  popen[<BV32 0x904e167>, <BV32 0x904e1cd>][0m[0m
[1;32;40mINFO - 2023-05-29 07:13:25,861 - [36mCustomSimProcedure[0m - [36mSyscall found:  popen[<BV32 0x904e167>, <BV32 0x904e1cd>][0m[0m
[1;32;40mINFO - 2023-05-29 07:13:25,918 - [32mSemaExplorerCDFS[0m - [32mA new block of execution have been executed with changes in sim_manager.[0m[0m
[1;32;40mINFO - 2023-05-29 07:13:25,918 - [32mSemaExplorerCDFS[0m - [32mCurrently, simulation manager is :
<SimulationManager with 4 active>[0m[0m
[1;32;40mINFO - 2023-05-29 07:13:25,918 - [32mSemaExplorerCDFS[0m - [32mpause stash len :0[0m[0m
[1;32;40mINFO - 2023-05-29 07:13:25,918 - [32mSemaExplorerCDFS[0m - [32mfork_stack : 2[0m[0m
[1;32;40mINFO - 2023-05-29 07:13:25,957 - [36mCustomSimProcedure[0m - [36mSyscall found:  strlen[<BV32 0x904e1d6>][0m[0m
[1;32;40mINFO - 2023-05-29 07:13:25,957 - [36mCustomSimProcedure[0m - [36mSyscall found:  printf[<BV32 0x904e1d6>][0m[0m
[1;32;40mINFO - 2023-05-29 07:13:25,966 - [36mCustomSimProcedure[0m - [36mSyscall found:  strlen[<BV32 0x904e1d6>][0m[0m
[1;32;40mINFO - 2023-05-29 07:13:25,968 - [36mCustomSimProcedure[0m - [36mSyscall found:  printf[<BV32 0x904e1d6>][0m[0m
[1;33;40mWARNING - 2023-05-29 07:13:26,099 - [32mangr.storage.memory_mixins.default_filler_mixin[0m - [32mFilling memory at 0xfffffffe with 1 unconstrained bytes referenced from 0xa100010 (fgets+0x0 in extern-address space (0x10))[0m[0m
[1;33;40mWARNING - 2023-05-29 07:13:26,255 - [32mangr.storage.memory_mixins.default_filler_mixin[0m - [32mFilling memory at 0x3 with 4 unconstrained bytes referenced from 0xa100010 (fgets+0x0 in extern-address space (0x10))[0m[0m
[1;33;40mWARNING - 2023-05-29 07:13:26,296 - [33mangr.state_plugins.posix[0m - [33mTried to look up a symbolic fd - constrained to 3 and opened b'/tmp/angr_implicit_0'[0m[0m
[1;32;40mINFO - 2023-05-29 07:13:26,346 - [36mCustomSimProcedure[0m - [36mSyscall found:  fgets[<BV32 0x7ffefe68>, <BV32 0x80>, <BV32 unconstrained_ret_popen_4458817_32{UNINITIALIZED}>][0m[0m
[1;32;40mINFO - 2023-05-29 07:13:26,383 - [32mSemaExplorerCDFS[0m - [32mEnd of the trace number 1 with errors[0m[0m
[1;32;40mINFO - 2023-05-29 07:13:26,383 - [32mSemaExplorerCDFS[0m - <SimState @ 0xa100010>[0m
[1;32;40mINFO - 2023-05-29 07:13:26,384 - [32mSemaExplorerCDFS[0m - Tried to do operation on symbolic but partially constrained file descriptor[0m
[1;33;40mWARNING - 2023-05-29 07:13:26,417 - [32mangr.storage.memory_mixins.default_filler_mixin[0m - [32mFilling memory at 0x38 with 4 unconstrained bytes referenced from 0xa100010 (fgets+0x0 in extern-address space (0x10))[0m[0m
[1;33;40mWARNING - 2023-05-29 07:13:26,440 - [33mangr.state_plugins.posix[0m - [33mTried to look up a symbolic fd - constrained to 3 and opened b'/tmp/angr_implicit_0'[0m[0m
[1;32;40mINFO - 2023-05-29 07:13:26,491 - [36mCustomSimProcedure[0m - [36mSyscall found:  fgets[<BV32 0x7ffefe68>, <BV32 0x80>, <BV32 unconstrained_ret_popen_4458816_32{UNINITIALIZED}>][0m[0m
[1;33;40mWARNING - 2023-05-29 07:13:26,584 - [33mangr.state_plugins.posix[0m - [33mTried to look up a symbolic fd - constrained to 3 and opened b'/tmp/angr_implicit_0'[0m[0m
[1;32;40mINFO - 2023-05-29 07:13:26,633 - [36mCustomSimProcedure[0m - [36mSyscall found:  fgets[<BV32 0x7ffefe68>, <BV32 0x80>, <BV32 unconstrained_ret_popen_4458817_32{UNINITIALIZED}>][0m[0m
[1;32;40mINFO - 2023-05-29 07:13:26,716 - [36mCustomSimProcedure[0m - [36mSyscall found:  strlen[<BV32 0x904e187>][0m[0m
[1;32;40mINFO - 2023-05-29 07:13:26,717 - [36mCustomSimProcedure[0m - [36mSyscall found:  memcpy[<BV32 0x7ffefe30>, <BV32 0x904e187>, <BV32 0x22>][0m[0m
[1;32;40mINFO - 2023-05-29 07:13:26,717 - [36mCustomSimProcedure[0m - [36mSyscall found:  strncpy[<BV32 0x7ffefe30>, <BV32 0x904e187>, <BV32 0x22>][0m[0m
[1;32;40mINFO - 2023-05-29 07:13:26,760 - [36mCustomSimProcedure[0m - [36mSyscall found:  strlen[<BV32 0x904e187>][0m[0m
[1;32;40mINFO - 2023-05-29 07:13:26,761 - [36mCustomSimProcedure[0m - [36mSyscall found:  memcpy[<BV32 0x7ffefe30>, <BV32 0x904e187>, <BV32 0x22>][0m[0m
[1;32;40mINFO - 2023-05-29 07:13:26,761 - [36mCustomSimProcedure[0m - [36mSyscall found:  strncpy[<BV32 0x7ffefe30>, <BV32 0x904e187>, <BV32 0x22>][0m[0m
[1;32;40mINFO - 2023-05-29 07:13:26,777 - [36mCustomSimProcedure[0m - [36mSyscall found:  strlen[<BV32 0x904e187>][0m[0m
[1;32;40mINFO - 2023-05-29 07:13:26,778 - [36mCustomSimProcedure[0m - [36mSyscall found:  memcpy[<BV32 0x7ffefe30>, <BV32 0x904e187>, <BV32 0x22>][0m[0m
[1;32;40mINFO - 2023-05-29 07:13:26,778 - [36mCustomSimProcedure[0m - [36mSyscall found:  strncpy[<BV32 0x7ffefe30>, <BV32 0x904e187>, <BV32 0x22>][0m[0m
[1;32;40mINFO - 2023-05-29 07:13:26,807 - [36mCustomSimProcedure[0m - [36mSyscall found:  strlen[<BV32 0x904e187>][0m[0m
[1;32;40mINFO - 2023-05-29 07:13:26,817 - [36mCustomSimProcedure[0m - [36mSyscall found:  strlen[<BV32 0x7ffefe30>][0m[0m
[1;32;40mINFO - 2023-05-29 07:13:26,824 - [36mCustomSimProcedure[0m - [36mSyscall found:  strncmp[<BV32 0x904e187>, <BV32 0x7ffefe30>, <BV32 0x21>][0m[0m
[1;32;40mINFO - 2023-05-29 07:13:26,824 - [36mCustomSimProcedure[0m - [36mSyscall found:  strcmp[<BV32 0x904e187>, <BV32 0x7ffefe30>][0m[0m
[1;32;40mINFO - 2023-05-29 07:13:26,860 - [36mCustomSimProcedure[0m - [36mSyscall found:  strlen[<BV32 0x904e187>][0m[0m
[1;32;40mINFO - 2023-05-29 07:13:26,870 - [36mCustomSimProcedure[0m - [36mSyscall found:  strlen[<BV32 0x7ffefe30>][0m[0m
[1;32;40mINFO - 2023-05-29 07:13:26,878 - [36mCustomSimProcedure[0m - [36mSyscall found:  strncmp[<BV32 0x904e187>, <BV32 0x7ffefe30>, <BV32 0x21>][0m[0m
[1;32;40mINFO - 2023-05-29 07:13:26,878 - [36mCustomSimProcedure[0m - [36mSyscall found:  strcmp[<BV32 0x904e187>, <BV32 0x7ffefe30>][0m[0m
[1;32;40mINFO - 2023-05-29 07:13:26,912 - [36mCustomSimProcedure[0m - [36mSyscall found:  strlen[<BV32 0x904e187>][0m[0m
[1;32;40mINFO - 2023-05-29 07:13:26,922 - [36mCustomSimProcedure[0m - [36mSyscall found:  strlen[<BV32 0x7ffefe30>][0m[0m
[1;32;40mINFO - 2023-05-29 07:13:26,929 - [36mCustomSimProcedure[0m - [36mSyscall found:  strncmp[<BV32 0x904e187>, <BV32 0x7ffefe30>, <BV32 0x21>][0m[0m
[1;32;40mINFO - 2023-05-29 07:13:26,929 - [36mCustomSimProcedure[0m - [36mSyscall found:  strcmp[<BV32 0x904e187>, <BV32 0x7ffefe30>][0m[0m
[1;32;40mINFO - 2023-05-29 07:13:26,960 - [36mCustomSimProcedure[0m - [36mSyscall found:  pclose[<BV32 unconstrained_ret_popen_4458817_32{UNINITIALIZED}>][0m[0m
[1;32;40mINFO - 2023-05-29 07:13:27,100 - [32mSemaExplorerCDFS[0m - [32mA new block of execution have been executed with changes in sim_manager.[0m[0m
[1;32;40mINFO - 2023-05-29 07:13:27,100 - [32mSemaExplorerCDFS[0m - [32mCurrently, simulation manager is :
<SimulationManager with 4 active (1 errored)>[0m[0m
[1;32;40mINFO - 2023-05-29 07:13:27,100 - [32mSemaExplorerCDFS[0m - [32mpause stash len :0[0m[0m
[1;32;40mINFO - 2023-05-29 07:13:27,100 - [32mSemaExplorerCDFS[0m - [32mfork_stack : 1[0m[0m
[1;32;40mINFO - 2023-05-29 07:13:27,103 - [36mCustomSimProcedure[0m - [36mSyscall found:  pclose[<BV32 unconstrained_ret_popen_4458816_32{UNINITIALIZED}>][0m[0m
[1;32;40mINFO - 2023-05-29 07:13:27,226 - [36mCustomSimProcedure[0m - [36mSyscall found:  pclose[<BV32 unconstrained_ret_popen_4458817_32{UNINITIALIZED}>][0m[0m
[1;32;40mINFO - 2023-05-29 07:13:27,367 - [36mCustomSimProcedure[0m - [36mSyscall found:  strlen[<BV32 0x904e1dc>][0m[0m
[1;32;40mINFO - 2023-05-29 07:13:27,371 - [36mCustomSimProcedure[0m - [36mSyscall found:  printf[<BV32 0x904e1dc>][0m[0m
[1;32;40mINFO - 2023-05-29 07:13:27,401 - [32mSemaExplorerCDFS[0m - [32mA new block of execution have been executed with changes in sim_manager.[0m[0m
[1;32;40mINFO - 2023-05-29 07:13:27,401 - [32mSemaExplorerCDFS[0m - [32mCurrently, simulation manager is :
<SimulationManager with 6 active (1 errored)>[0m[0m
[1;32;40mINFO - 2023-05-29 07:13:27,401 - [32mSemaExplorerCDFS[0m - [32mpause stash len :0[0m[0m
[1;32;40mINFO - 2023-05-29 07:13:27,401 - [32mSemaExplorerCDFS[0m - [32mfork_stack : 2[0m[0m
[1;32;40mINFO - 2023-05-29 07:13:27,456 - [36mCustomSimProcedure[0m - [36mSyscall found:  strlen[<BV32 0x904e1dc>][0m[0m
[1;32;40mINFO - 2023-05-29 07:13:27,459 - [36mCustomSimProcedure[0m - [36mSyscall found:  printf[<BV32 0x904e1dc>][0m[0m
[1;32;40mINFO - 2023-05-29 07:13:27,499 - [36mCustomSimProcedure[0m - [36mSyscall found:  popen[<BV32 0x904e1a9>, <BV32 0x904e1cd>][0m[0m
[1;32;40mINFO - 2023-05-29 07:13:27,572 - [32mSemaExplorerCDFS[0m - [32mA new block of execution have been executed with changes in sim_manager.[0m[0m
[1;32;40mINFO - 2023-05-29 07:13:27,573 - [32mSemaExplorerCDFS[0m - [32mCurrently, simulation manager is :
<SimulationManager with 6 active (1 errored)>[0m[0m
[1;32;40mINFO - 2023-05-29 07:13:27,573 - [32mSemaExplorerCDFS[0m - [32mpause stash len :1[0m[0m
[1;32;40mINFO - 2023-05-29 07:13:27,573 - [32mSemaExplorerCDFS[0m - [32mfork_stack : 1[0m[0m
[1;32;40mINFO - 2023-05-29 07:13:27,575 - [36mCustomSimProcedure[0m - [36mSyscall found:  popen[<BV32 0x904e1a9>, <BV32 0x904e1cd>][0m[0m
[1;32;40mINFO - 2023-05-29 07:13:27,626 - [36mCustomSimProcedure[0m - [36mSyscall found:  popen[<BV32 0x904e1a9>, <BV32 0x904e1cd>][0m[0m
[1;32;40mINFO - 2023-05-29 07:13:27,669 - [36mCustomSimProcedure[0m - [36mSyscall found:  strlen[<BV32 0x904e1d6>][0m[0m
[1;32;40mINFO - 2023-05-29 07:13:27,670 - [36mCustomSimProcedure[0m - [36mSyscall found:  printf[<BV32 0x904e1d6>][0m[0m
[1;32;40mINFO - 2023-05-29 07:13:27,692 - [32mSemaExplorerCDFS[0m - [32mA new block of execution have been executed with changes in sim_manager.[0m[0m
[1;32;40mINFO - 2023-05-29 07:13:27,692 - [32mSemaExplorerCDFS[0m - [32mCurrently, simulation manager is :
<SimulationManager with 7 active (1 errored)>[0m[0m
[1;32;40mINFO - 2023-05-29 07:13:27,692 - [32mSemaExplorerCDFS[0m - [32mpause stash len :2[0m[0m
[1;32;40mINFO - 2023-05-29 07:13:27,692 - [32mSemaExplorerCDFS[0m - [32mfork_stack : 2[0m[0m
[1;32;40mINFO - 2023-05-29 07:13:27,710 - [36mCustomSimProcedure[0m - [36mSyscall found:  popen[<BV32 0x904e1a9>, <BV32 0x904e1cd>][0m[0m
[1;32;40mINFO - 2023-05-29 07:13:27,876 - [36mCustomSimProcedure[0m - [36mSyscall found:  fgets[<BV32 0x7ffefe68>, <BV32 0x80>, <BV32 unconstrained_ret_popen_4458830_32{UNINITIALIZED}>][0m[0m
[1;32;40mINFO - 2023-05-29 07:13:27,882 - [36mCustomSimProcedure[0m - [36mSyscall found:  strlen[<BV32 0x904e1d6>][0m[0m
[1;32;40mINFO - 2023-05-29 07:13:27,884 - [36mCustomSimProcedure[0m - [36mSyscall found:  printf[<BV32 0x904e1d6>][0m[0m
[1;32;40mINFO - 2023-05-29 07:13:27,920 - [32mSemaExplorerCDFS[0m - [32mA new block of execution have been executed with changes in sim_manager.[0m[0m
[1;32;40mINFO - 2023-05-29 07:13:27,920 - [32mSemaExplorerCDFS[0m - [32mCurrently, simulation manager is :
<SimulationManager with 6 active (1 errored)>[0m[0m
[1;32;40mINFO - 2023-05-29 07:13:27,921 - [32mSemaExplorerCDFS[0m - [32mpause stash len :4[0m[0m
[1;32;40mINFO - 2023-05-29 07:13:27,921 - [32mSemaExplorerCDFS[0m - [32mfork_stack : 1[0m[0m
[1;33;40mWARNING - 2023-05-29 07:13:28,045 - [32mangr.storage.memory_mixins.default_filler_mixin[0m - [32mFilling memory at 0xfffffffc with 2 unconstrained bytes referenced from 0xa100010 (fgets+0x0 in extern-address space (0x10))[0m[0m
[1;33;40mWARNING - 2023-05-29 07:13:28,120 - [33mangr.state_plugins.posix[0m - [33mTried to look up a symbolic fd - constrained to 4 and opened b'/tmp/angr_implicit_1'[0m[0m
[1;32;40mINFO - 2023-05-29 07:13:28,171 - [36mCustomSimProcedure[0m - [36mSyscall found:  fgets[<BV32 0x7ffefe68>, <BV32 0x80>, <BV32 unconstrained_ret_popen_4458830_32{UNINITIALIZED}>][0m[0m
[1;32;40mINFO - 2023-05-29 07:13:28,209 - [32mSemaExplorerCDFS[0m - [32mEnd of the trace number 6 with errors[0m[0m
[1;32;40mINFO - 2023-05-29 07:13:28,209 - [32mSemaExplorerCDFS[0m - <SimState @ 0xa100010>[0m
[1;32;40mINFO - 2023-05-29 07:13:28,210 - [32mSemaExplorerCDFS[0m - Tried to do operation on symbolic but partially constrained file descriptor[0m
[1;32;40mINFO - 2023-05-29 07:13:28,218 - [36mCustomSimProcedure[0m - [36mSyscall found:  strlen[<BV32 0x904e1d6>][0m[0m
[1;32;40mINFO - 2023-05-29 07:13:28,219 - [36mCustomSimProcedure[0m - [36mSyscall found:  printf[<BV32 0x904e1d6>][0m[0m
[1;32;40mINFO - 2023-05-29 07:13:28,324 - [36mCustomSimProcedure[0m - [36mSyscall found:  fgets[<BV32 0x7ffefe68>, <BV32 0x80>, <BV32 unconstrained_ret_popen_4458831_32{UNINITIALIZED}>][0m[0m
[1;32;40mINFO - 2023-05-29 07:13:28,496 - [36mCustomSimProcedure[0m - [36mSyscall found:  fgets[<BV32 0x7ffefe68>, <BV32 0x80>, <BV32 unconstrained_ret_popen_4458833_32{UNINITIALIZED}>][0m[0m
[1;32;40mINFO - 2023-05-29 07:13:28,539 - [36mCustomSimProcedure[0m - [36mSyscall found:  strlen[<BV32 0x904e1cf>][0m[0m
[1;32;40mINFO - 2023-05-29 07:13:28,541 - [36mCustomSimProcedure[0m - [36mSyscall found:  memcpy[<BV32 0x7ffefe50>, <BV32 0x904e1cf>, <BV32 0x6>][0m[0m
[1;32;40mINFO - 2023-05-29 07:13:28,541 - [36mCustomSimProcedure[0m - [36mSyscall found:  strncpy[<BV32 0x7ffefe50>, <BV32 0x904e1cf>, <BV32 0x6>][0m[0m
[1;32;40mINFO - 2023-05-29 07:13:28,621 - [36mCustomSimProcedure[0m - [36mSyscall found:  fgets[<BV32 0x7ffefe68>, <BV32 0x80>, <BV32 unconstrained_ret_popen_4458833_32{UNINITIALIZED}>][0m[0m
[1;32;40mINFO - 2023-05-29 07:13:28,671 - [36mCustomSimProcedure[0m - [36mSyscall found:  strlen[<BV32 0x904e1cf>][0m[0m
[1;32;40mINFO - 2023-05-29 07:13:28,672 - [36mCustomSimProcedure[0m - [36mSyscall found:  memcpy[<BV32 0x7ffefe50>, <BV32 0x904e1cf>, <BV32 0x6>][0m[0m
[1;32;40mINFO - 2023-05-29 07:13:28,673 - [36mCustomSimProcedure[0m - [36mSyscall found:  strncpy[<BV32 0x7ffefe50>, <BV32 0x904e1cf>, <BV32 0x6>][0m[0m
[1;32;40mINFO - 2023-05-29 07:13:28,711 - [36mCustomSimProcedure[0m - [36mSyscall found:  strlen[<BV32 0x904e1cf>][0m[0m
[1;32;40mINFO - 2023-05-29 07:13:28,713 - [36mCustomSimProcedure[0m - [36mSyscall found:  memcpy[<BV32 0x7ffefe50>, <BV32 0x904e1cf>, <BV32 0x6>][0m[0m
[1;32;40mINFO - 2023-05-29 07:13:28,713 - [36mCustomSimProcedure[0m - [36mSyscall found:  strncpy[<BV32 0x7ffefe50>, <BV32 0x904e1cf>, <BV32 0x6>][0m[0m
[1;32;40mINFO - 2023-05-29 07:13:28,737 - [36mCustomSimProcedure[0m - [36mSyscall found:  strlen[<BV32 0x904e1cf>][0m[0m
[1;32;40mINFO - 2023-05-29 07:13:28,738 - [36mCustomSimProcedure[0m - [36mSyscall found:  memcpy[<BV32 0x7ffefe50>, <BV32 0x904e1cf>, <BV32 0x6>][0m[0m
[1;32;40mINFO - 2023-05-29 07:13:28,739 - [36mCustomSimProcedure[0m - [36mSyscall found:  strncpy[<BV32 0x7ffefe50>, <BV32 0x904e1cf>, <BV32 0x6>][0m[0m
[1;32;40mINFO - 2023-05-29 07:13:28,747 - [36mCustomSimProcedure[0m - [36mSyscall found:  strlen[<BV32 0x904e1cf>][0m[0m
[1;32;40mINFO - 2023-05-29 07:13:28,750 - [36mCustomSimProcedure[0m - [36mSyscall found:  strlen[<BV32 0x7ffefe50>][0m[0m
[1;32;40mINFO - 2023-05-29 07:13:28,753 - [36mCustomSimProcedure[0m - [36mSyscall found:  strncmp[<BV32 0x904e1cf>, <BV32 0x7ffefe50>, <BV32 0x6>][0m[0m
[1;32;40mINFO - 2023-05-29 07:13:28,753 - [36mCustomSimProcedure[0m - [36mSyscall found:  strcmp[<BV32 0x904e1cf>, <BV32 0x7ffefe50>][0m[0m
[1;32;40mINFO - 2023-05-29 07:13:28,782 - [36mCustomSimProcedure[0m - [36mSyscall found:  strlen[<BV32 0x904e1cf>][0m[0m
[1;32;40mINFO - 2023-05-29 07:13:28,784 - [36mCustomSimProcedure[0m - [36mSyscall found:  strlen[<BV32 0x7ffefe50>][0m[0m
[1;32;40mINFO - 2023-05-29 07:13:28,786 - [36mCustomSimProcedure[0m - [36mSyscall found:  strncmp[<BV32 0x904e1cf>, <BV32 0x7ffefe50>, <BV32 0x6>][0m[0m
[1;32;40mINFO - 2023-05-29 07:13:28,786 - [36mCustomSimProcedure[0m - [36mSyscall found:  strcmp[<BV32 0x904e1cf>, <BV32 0x7ffefe50>][0m[0m
[1;32;40mINFO - 2023-05-29 07:13:28,804 - [36mCustomSimProcedure[0m - [36mSyscall found:  strlen[<BV32 0x904e1cf>][0m[0m
[1;32;40mINFO - 2023-05-29 07:13:28,806 - [36mCustomSimProcedure[0m - [36mSyscall found:  memcpy[<BV32 0x7ffefe50>, <BV32 0x904e1cf>, <BV32 0x6>][0m[0m
[1;32;40mINFO - 2023-05-29 07:13:28,806 - [36mCustomSimProcedure[0m - [36mSyscall found:  strncpy[<BV32 0x7ffefe50>, <BV32 0x904e1cf>, <BV32 0x6>][0m[0m
[1;32;40mINFO - 2023-05-29 07:13:28,834 - [36mCustomSimProcedure[0m - [36mSyscall found:  strlen[<BV32 0x904e1cf>][0m[0m
[1;32;40mINFO - 2023-05-29 07:13:28,837 - [36mCustomSimProcedure[0m - [36mSyscall found:  strlen[<BV32 0x7ffefe50>][0m[0m
[1;32;40mINFO - 2023-05-29 07:13:28,839 - [36mCustomSimProcedure[0m - [36mSyscall found:  strncmp[<BV32 0x904e1cf>, <BV32 0x7ffefe50>, <BV32 0x6>][0m[0m
[1;32;40mINFO - 2023-05-29 07:13:28,839 - [36mCustomSimProcedure[0m - [36mSyscall found:  strcmp[<BV32 0x904e1cf>, <BV32 0x7ffefe50>][0m[0m
[1;32;40mINFO - 2023-05-29 07:13:28,858 - [36mCustomSimProcedure[0m - [36mSyscall found:  strlen[<BV32 0x904e1cf>][0m[0m
[1;32;40mINFO - 2023-05-29 07:13:28,862 - [36mCustomSimProcedure[0m - [36mSyscall found:  strlen[<BV32 0x7ffefe50>][0m[0m
[1;32;40mINFO - 2023-05-29 07:13:28,865 - [36mCustomSimProcedure[0m - [36mSyscall found:  strncmp[<BV32 0x904e1cf>, <BV32 0x7ffefe50>, <BV32 0x6>][0m[0m
[1;32;40mINFO - 2023-05-29 07:13:28,865 - [36mCustomSimProcedure[0m - [36mSyscall found:  strcmp[<BV32 0x904e1cf>, <BV32 0x7ffefe50>][0m[0m
[1;32;40mINFO - 2023-05-29 07:13:28,903 - [36mCustomSimProcedure[0m - [36mSyscall found:  pclose[<BV32 unconstrained_ret_popen_4458830_32{UNINITIALIZED}>][0m[0m
[1;32;40mINFO - 2023-05-29 07:13:28,936 - [36mCustomSimProcedure[0m - [36mSyscall found:  strlen[<BV32 0x904e1cf>][0m[0m
[1;32;40mINFO - 2023-05-29 07:13:28,938 - [36mCustomSimProcedure[0m - [36mSyscall found:  strlen[<BV32 0x7ffefe50>][0m[0m
[1;32;40mINFO - 2023-05-29 07:13:28,940 - [36mCustomSimProcedure[0m - [36mSyscall found:  strncmp[<BV32 0x904e1cf>, <BV32 0x7ffefe50>, <BV32 0x6>][0m[0m
[1;32;40mINFO - 2023-05-29 07:13:28,941 - [36mCustomSimProcedure[0m - [36mSyscall found:  strcmp[<BV32 0x904e1cf>, <BV32 0x7ffefe50>][0m[0m
[1;32;40mINFO - 2023-05-29 07:13:28,954 - [36mCustomSimProcedure[0m - [36mSyscall found:  pclose[<BV32 unconstrained_ret_popen_4458830_32{UNINITIALIZED}>][0m[0m
[1;32;40mINFO - 2023-05-29 07:13:29,084 - [32mSemaExplorerCDFS[0m - [32mA new block of execution have been executed with changes in sim_manager.[0m[0m
[1;32;40mINFO - 2023-05-29 07:13:29,084 - [32mSemaExplorerCDFS[0m - [32mCurrently, simulation manager is :
<SimulationManager with 6 active (2 errored)>[0m[0m
[1;32;40mINFO - 2023-05-29 07:13:29,085 - [32mSemaExplorerCDFS[0m - [32mpause stash len :4[0m[0m
[1;32;40mINFO - 2023-05-29 07:13:29,085 - [32mSemaExplorerCDFS[0m - [32mfork_stack : 1[0m[0m
[1;32;40mINFO - 2023-05-29 07:13:29,120 - [32mSemaExplorerCDFS[0m - [32mA new block of execution have been executed with changes in sim_manager.[0m[0m
[1;32;40mINFO - 2023-05-29 07:13:29,120 - [32mSemaExplorerCDFS[0m - [32mCurrently, simulation manager is :
<SimulationManager with 6 active (2 errored)>[0m[0m
[1;32;40mINFO - 2023-05-29 07:13:29,121 - [32mSemaExplorerCDFS[0m - [32mpause stash len :5[0m[0m
[1;32;40mINFO - 2023-05-29 07:13:29,121 - [32mSemaExplorerCDFS[0m - [32mfork_stack : 1[0m[0m
[1;32;40mINFO - 2023-05-29 07:13:29,123 - [36mCustomSimProcedure[0m - [36mSyscall found:  pclose[<BV32 unconstrained_ret_popen_4458831_32{UNINITIALIZED}>][0m[0m
[1;32;40mINFO - 2023-05-29 07:13:29,239 - [36mCustomSimProcedure[0m - [36mSyscall found:  pclose[<BV32 unconstrained_ret_popen_4458833_32{UNINITIALIZED}>][0m[0m
[1;32;40mINFO - 2023-05-29 07:13:29,315 - [32mSemaExplorerCDFS[0m - [32mA new block of execution have been executed with changes in sim_manager.[0m[0m
[1;32;40mINFO - 2023-05-29 07:13:29,315 - [32mSemaExplorerCDFS[0m - [32mCurrently, simulation manager is :
<SimulationManager with 7 active (2 errored)>[0m[0m
[1;32;40mINFO - 2023-05-29 07:13:29,315 - [32mSemaExplorerCDFS[0m - [32mpause stash len :6[0m[0m
[1;32;40mINFO - 2023-05-29 07:13:29,315 - [32mSemaExplorerCDFS[0m - [32mfork_stack : 2[0m[0m
[1;32;40mINFO - 2023-05-29 07:13:29,330 - [36mCustomSimProcedure[0m - [36mSyscall found:  pclose[<BV32 unconstrained_ret_popen_4458833_32{UNINITIALIZED}>][0m[0m
[1;32;40mINFO - 2023-05-29 07:13:29,446 - [36mCustomSimProcedure[0m - [36mSyscall found:  strlen[<BV32 0x904e1dc>][0m[0m
[1;32;40mINFO - 2023-05-29 07:13:29,450 - [36mCustomSimProcedure[0m - [36mSyscall found:  printf[<BV32 0x904e1dc>][0m[0m
[1;32;40mINFO - 2023-05-29 07:13:29,485 - [32mSemaExplorerCDFS[0m - [32mA new block of execution have been executed with changes in sim_manager.[0m[0m
[1;32;40mINFO - 2023-05-29 07:13:29,485 - [32mSemaExplorerCDFS[0m - [32mCurrently, simulation manager is :
<SimulationManager with 6 active (2 errored)>[0m[0m
[1;32;40mINFO - 2023-05-29 07:13:29,485 - [32mSemaExplorerCDFS[0m - [32mpause stash len :8[0m[0m
[1;32;40mINFO - 2023-05-29 07:13:29,485 - [32mSemaExplorerCDFS[0m - [32mfork_stack : 1[0m[0m
[1;32;40mINFO - 2023-05-29 07:13:29,533 - [36mCustomSimProcedure[0m - [36mSyscall found:  __libc_start_main[151294432, 1, 2147418032, 151310976, 151311088][0m[0m
[1;32;40mINFO - 2023-05-29 07:13:29,547 - [36mCustomSimProcedure[0m - [36mSyscall found:  strlen[<BV32 0x904e1dc>][0m[0m
[1;32;40mINFO - 2023-05-29 07:13:29,552 - [36mCustomSimProcedure[0m - [36mSyscall found:  printf[<BV32 0x904e1dc>][0m[0m
[1;32;40mINFO - 2023-05-29 07:13:29,584 - [32mSemaExplorerCDFS[0m - [32mA new block of execution have been executed with changes in sim_manager.[0m[0m
[1;32;40mINFO - 2023-05-29 07:13:29,584 - [32mSemaExplorerCDFS[0m - [32mCurrently, simulation manager is :
<SimulationManager with 4 active, 1 deadended (2 errored)>[0m[0m
[1;32;40mINFO - 2023-05-29 07:13:29,584 - [32mSemaExplorerCDFS[0m - [32mpause stash len :9[0m[0m
[1;32;40mINFO - 2023-05-29 07:13:29,620 - [36mCustomSimProcedure[0m - [36mSyscall found:  __libc_start_main[151294432, 1, 2147418032, 151310976, 151311088][0m[0m
[1;32;40mINFO - 2023-05-29 07:13:29,669 - [32mSemaExplorerCDFS[0m - [32mA new block of execution have been executed with changes in sim_manager.[0m[0m
[1;32;40mINFO - 2023-05-29 07:13:29,669 - [32mSemaExplorerCDFS[0m - [32mCurrently, simulation manager is :
<SimulationManager with 4 active, 2 deadended (2 errored)>[0m[0m
[1;32;40mINFO - 2023-05-29 07:13:29,670 - [32mSemaExplorerCDFS[0m - [32mpause stash len :8[0m[0m
[1;32;40mINFO - 2023-05-29 07:13:29,672 - [36mCustomSimProcedure[0m - [36mSyscall found:  __libc_start_main[151294432, 1, 2147418032, 151310976, 151311088][0m[0m
[1;32;40mINFO - 2023-05-29 07:13:29,674 - [36mCustomSimProcedure[0m - [36mSyscall found:  __libc_start_main[151294432, 1, 2147418032, 151310976, 151311088][0m[0m
[1;32;40mINFO - 2023-05-29 07:13:29,704 - [36mCustomSimProcedure[0m - [36mSyscall found:  __libc_start_main[151294432, 1, 2147418032, 151310976, 151311088][0m[0m
[1;32;40mINFO - 2023-05-29 07:13:29,718 - [36mCustomSimProcedure[0m - [36mSyscall found:  strlen[<BV32 0x904e1dc>][0m[0m
[1;32;40mINFO - 2023-05-29 07:13:29,722 - [36mCustomSimProcedure[0m - [36mSyscall found:  printf[<BV32 0x904e1dc>][0m[0m
[1;32;40mINFO - 2023-05-29 07:13:29,724 - [32mSemaExplorerCDFS[0m - [32mA new block of execution have been executed with changes in sim_manager.[0m[0m
[1;32;40mINFO - 2023-05-29 07:13:29,724 - [32mSemaExplorerCDFS[0m - [32mCurrently, simulation manager is :
<SimulationManager with 3 active, 4 deadended (2 errored)>[0m[0m
[1;32;40mINFO - 2023-05-29 07:13:29,724 - [32mSemaExplorerCDFS[0m - [32mpause stash len :7[0m[0m
[1;32;40mINFO - 2023-05-29 07:13:29,727 - [36mCustomSimProcedure[0m - [36mSyscall found:  __libc_start_main[151294432, 1, 2147418032, 151310976, 151311088][0m[0m
[1;32;40mINFO - 2023-05-29 07:13:29,754 - [32mSemaExplorerCDFS[0m - [32mA new block of execution have been executed with changes in sim_manager.[0m[0m
[1;32;40mINFO - 2023-05-29 07:13:29,755 - [32mSemaExplorerCDFS[0m - [32mCurrently, simulation manager is :
<SimulationManager with 4 active, 5 deadended (2 errored)>[0m[0m
[1;32;40mINFO - 2023-05-29 07:13:29,755 - [32mSemaExplorerCDFS[0m - [32mpause stash len :5[0m[0m
[1;32;40mINFO - 2023-05-29 07:13:29,789 - [36mCustomSimProcedure[0m - [36mSyscall found:  strlen[<BV32 0x904e1dc>][0m[0m
[1;32;40mINFO - 2023-05-29 07:13:29,792 - [36mCustomSimProcedure[0m - [36mSyscall found:  printf[<BV32 0x904e1dc>][0m[0m
[1;32;40mINFO - 2023-05-29 07:13:29,801 - [32mSemaExplorerCDFS[0m - [32mA new block of execution have been executed with changes in sim_manager.[0m[0m
[1;32;40mINFO - 2023-05-29 07:13:29,802 - [32mSemaExplorerCDFS[0m - [32mCurrently, simulation manager is :
<SimulationManager with 4 active, 6 deadended (2 errored)>[0m[0m
[1;32;40mINFO - 2023-05-29 07:13:29,802 - [32mSemaExplorerCDFS[0m - [32mpause stash len :4[0m[0m
[1;32;40mINFO - 2023-05-29 07:13:29,839 - [36mCustomSimProcedure[0m - [36mSyscall found:  strlen[<BV32 0x904e1dc>][0m[0m
[1;32;40mINFO - 2023-05-29 07:13:29,843 - [36mCustomSimProcedure[0m - [36mSyscall found:  printf[<BV32 0x904e1dc>][0m[0m
[1;32;40mINFO - 2023-05-29 07:13:29,880 - [36mCustomSimProcedure[0m - [36mSyscall found:  strlen[<BV32 0x904e1d6>][0m[0m
[1;32;40mINFO - 2023-05-29 07:13:29,881 - [36mCustomSimProcedure[0m - [36mSyscall found:  printf[<BV32 0x904e1d6>][0m[0m
[1;32;40mINFO - 2023-05-29 07:13:29,893 - [36mCustomSimProcedure[0m - [36mSyscall found:  __libc_start_main[151294432, 1, 2147418032, 151310976, 151311088][0m[0m
[1;32;40mINFO - 2023-05-29 07:13:29,935 - [32mSemaExplorerCDFS[0m - [32mA new block of execution have been executed with changes in sim_manager.[0m[0m
[1;32;40mINFO - 2023-05-29 07:13:29,935 - [32mSemaExplorerCDFS[0m - [32mCurrently, simulation manager is :
<SimulationManager with 4 active, 7 deadended (2 errored)>[0m[0m
[1;32;40mINFO - 2023-05-29 07:13:29,935 - [32mSemaExplorerCDFS[0m - [32mpause stash len :3[0m[0m
[1;32;40mINFO - 2023-05-29 07:13:29,938 - [36mCustomSimProcedure[0m - [36mSyscall found:  __libc_start_main[151294432, 1, 2147418032, 151310976, 151311088][0m[0m
[1;32;40mINFO - 2023-05-29 07:13:30,425 - [36mCustomSimProcedure[0m - [36mSyscall found:  fgets[<BV32 0x7ffefe68>, <BV32 0x80>, <BV32 unconstrained_ret_popen_4458832_32{UNINITIALIZED}>][0m[0m
[1;32;40mINFO - 2023-05-29 07:13:30,492 - [32mSemaExplorerCDFS[0m - [32mA new block of execution have been executed with changes in sim_manager.[0m[0m
[1;32;40mINFO - 2023-05-29 07:13:30,492 - [32mSemaExplorerCDFS[0m - [32mCurrently, simulation manager is :
<SimulationManager with 4 active, 8 deadended (2 errored)>[0m[0m
[1;32;40mINFO - 2023-05-29 07:13:30,492 - [32mSemaExplorerCDFS[0m - [32mpause stash len :2[0m[0m
[1;32;40mINFO - 2023-05-29 07:13:30,495 - [36mCustomSimProcedure[0m - [36mSyscall found:  __libc_start_main[151294432, 1, 2147418032, 151310976, 151311088][0m[0m
[1;33;40mWARNING - 2023-05-29 07:13:30,632 - [32mangr.storage.memory_mixins.default_filler_mixin[0m - [32mFilling memory at 0xfff00038 with 4 unconstrained bytes referenced from 0xa100010 (fgets+0x0 in extern-address space (0x10))[0m[0m
[1;33;40mWARNING - 2023-05-29 07:13:30,673 - [33mangr.state_plugins.posix[0m - [33mTried to look up a symbolic fd - constrained to 4 and opened b'/tmp/angr_implicit_1'[0m[0m
[1;32;40mINFO - 2023-05-29 07:13:30,723 - [36mCustomSimProcedure[0m - [36mSyscall found:  fgets[<BV32 0x7ffefe68>, <BV32 0x80>, <BV32 unconstrained_ret_popen_4458832_32{UNINITIALIZED}>][0m[0m
[1;32;40mINFO - 2023-05-29 07:13:30,763 - [36mCustomSimProcedure[0m - [36mSyscall found:  popen[<BV32 0x904e1a9>, <BV32 0x904e1cd>][0m[0m
[1;32;40mINFO - 2023-05-29 07:13:30,788 - [36mCustomSimProcedure[0m - [36mSyscall found:  __libc_start_main[151294432, 1, 2147418032, 151310976, 151311088][0m[0m
[1;32;40mINFO - 2023-05-29 07:13:30,819 - [32mSemaExplorerCDFS[0m - [32mA new block of execution have been executed with changes in sim_manager.[0m[0m
[1;32;40mINFO - 2023-05-29 07:13:30,820 - [32mSemaExplorerCDFS[0m - [32mCurrently, simulation manager is :
<SimulationManager with 5 active, 9 deadended (2 errored)>[0m[0m
[1;32;40mINFO - 2023-05-29 07:13:30,820 - [32mSemaExplorerCDFS[0m - [32mpause stash len :1[0m[0m
[1;32;40mINFO - 2023-05-29 07:13:30,820 - [32mSemaExplorerCDFS[0m - [32mfork_stack : 1[0m[0m
[1;32;40mINFO - 2023-05-29 07:13:30,827 - [36mCustomSimProcedure[0m - [36mSyscall found:  strlen[<BV32 0x904e1cf>][0m[0m
[1;32;40mINFO - 2023-05-29 07:13:30,829 - [36mCustomSimProcedure[0m - [36mSyscall found:  memcpy[<BV32 0x7ffefe50>, <BV32 0x904e1cf>, <BV32 0x6>][0m[0m
[1;32;40mINFO - 2023-05-29 07:13:30,829 - [36mCustomSimProcedure[0m - [36mSyscall found:  strncpy[<BV32 0x7ffefe50>, <BV32 0x904e1cf>, <BV32 0x6>][0m[0m
[1;32;40mINFO - 2023-05-29 07:13:30,862 - [32mSemaExplorerCDFS[0m - [32mA new block of execution have been executed with changes in sim_manager.[0m[0m
[1;32;40mINFO - 2023-05-29 07:13:30,863 - [32mSemaExplorerCDFS[0m - [32mCurrently, simulation manager is :
<SimulationManager with 4 active, 10 deadended (2 errored)>[0m[0m
[1;32;40mINFO - 2023-05-29 07:13:30,863 - [32mSemaExplorerCDFS[0m - [32mpause stash len :1[0m[0m
[1;32;40mINFO - 2023-05-29 07:13:30,880 - [36mCustomSimProcedure[0m - [36mSyscall found:  strlen[<BV32 0x904e1d6>][0m[0m
[1;32;40mINFO - 2023-05-29 07:13:30,882 - [36mCustomSimProcedure[0m - [36mSyscall found:  printf[<BV32 0x904e1d6>][0m[0m
[1;32;40mINFO - 2023-05-29 07:13:30,901 - [36mCustomSimProcedure[0m - [36mSyscall found:  strlen[<BV32 0x904e1cf>][0m[0m
[1;32;40mINFO - 2023-05-29 07:13:30,902 - [36mCustomSimProcedure[0m - [36mSyscall found:  memcpy[<BV32 0x7ffefe50>, <BV32 0x904e1cf>, <BV32 0x6>][0m[0m
[1;32;40mINFO - 2023-05-29 07:13:30,903 - [36mCustomSimProcedure[0m - [36mSyscall found:  strncpy[<BV32 0x7ffefe50>, <BV32 0x904e1cf>, <BV32 0x6>][0m[0m
[1;32;40mINFO - 2023-05-29 07:13:31,010 - [33mwerkzeug[0m - [33m172.17.0.1 - - [29/May/2023 07:13:31] "GET /iteration-scdg HTTP/1.1" 200 -[0m[0m
[1;32;40mINFO - 2023-05-29 07:13:31,011 - [33mwerkzeug[0m - [33m172.17.0.1 - - [29/May/2023 07:13:31] "GET /progress-scdg HTTP/1.1" 200 -[0m[0m
[1;33;40mWARNING - 2023-05-29 07:13:31,035 - [32mangr.storage.memory_mixins.default_filler_mixin[0m - [32mFilling memory at 0xfffc0000 with 4 unconstrained bytes referenced from 0xa100010 (fgets+0x0 in extern-address space (0x10))[0m[0m
[1;33;40mWARNING - 2023-05-29 07:13:31,078 - [33mangr.state_plugins.posix[0m - [33mTried to look up a symbolic fd - constrained to 4 and opened b'/tmp/angr_implicit_1'[0m[0m
[1;32;40mINFO - 2023-05-29 07:13:31,129 - [36mCustomSimProcedure[0m - [36mSyscall found:  fgets[<BV32 0x7ffefe68>, <BV32 0x80>, <BV32 unconstrained_ret_popen_4458850_32{UNINITIALIZED}>][0m[0m
[1;32;40mINFO - 2023-05-29 07:13:31,179 - [36mCustomSimProcedure[0m - [36mSyscall found:  strlen[<BV32 0x904e1dc>][0m[0m
[1;32;40mINFO - 2023-05-29 07:13:31,182 - [36mCustomSimProcedure[0m - [36mSyscall found:  printf[<BV32 0x904e1dc>][0m[0m
[1;32;40mINFO - 2023-05-29 07:13:31,189 - [36mCustomSimProcedure[0m - [36mSyscall found:  strlen[<BV32 0x904e1cf>][0m[0m
[1;32;40mINFO - 2023-05-29 07:13:31,192 - [36mCustomSimProcedure[0m - [36mSyscall found:  strlen[<BV32 0x7ffefe50>][0m[0m
[1;32;40mINFO - 2023-05-29 07:13:31,194 - [36mCustomSimProcedure[0m - [36mSyscall found:  strncmp[<BV32 0x904e1cf>, <BV32 0x7ffefe50>, <BV32 0x6>][0m[0m
[1;32;40mINFO - 2023-05-29 07:13:31,195 - [36mCustomSimProcedure[0m - [36mSyscall found:  strcmp[<BV32 0x904e1cf>, <BV32 0x7ffefe50>][0m[0m
[1;33;40mWARNING - 2023-05-29 07:13:31,272 - [33mangr.state_plugins.posix[0m - [33mTried to look up a symbolic fd - constrained to 4 and opened b'/tmp/angr_implicit_1'[0m[0m
[1;32;40mINFO - 2023-05-29 07:13:31,322 - [36mCustomSimProcedure[0m - [36mSyscall found:  fgets[<BV32 0x7ffefe68>, <BV32 0x80>, <BV32 unconstrained_ret_popen_4458850_32{UNINITIALIZED}>][0m[0m
[1;32;40mINFO - 2023-05-29 07:13:31,392 - [36mCustomSimProcedure[0m - [36mSyscall found:  strlen[<BV32 0x904e1cf>][0m[0m
[1;32;40mINFO - 2023-05-29 07:13:31,395 - [36mCustomSimProcedure[0m - [36mSyscall found:  strlen[<BV32 0x7ffefe50>][0m[0m
[1;32;40mINFO - 2023-05-29 07:13:31,397 - [36mCustomSimProcedure[0m - [36mSyscall found:  strncmp[<BV32 0x904e1cf>, <BV32 0x7ffefe50>, <BV32 0x6>][0m[0m
[1;32;40mINFO - 2023-05-29 07:13:31,397 - [36mCustomSimProcedure[0m - [36mSyscall found:  strcmp[<BV32 0x904e1cf>, <BV32 0x7ffefe50>][0m[0m
[1;32;40mINFO - 2023-05-29 07:13:31,451 - [36mCustomSimProcedure[0m - [36mSyscall found:  strlen[<BV32 0x904e1cf>][0m[0m
[1;32;40mINFO - 2023-05-29 07:13:31,452 - [36mCustomSimProcedure[0m - [36mSyscall found:  memcpy[<BV32 0x7ffefe50>, <BV32 0x904e1cf>, <BV32 0x6>][0m[0m
[1;32;40mINFO - 2023-05-29 07:13:31,452 - [36mCustomSimProcedure[0m - [36mSyscall found:  strncpy[<BV32 0x7ffefe50>, <BV32 0x904e1cf>, <BV32 0x6>][0m[0m
[1;32;40mINFO - 2023-05-29 07:13:31,458 - [36mCustomSimProcedure[0m - [36mSyscall found:  pclose[<BV32 unconstrained_ret_popen_4458832_32{UNINITIALIZED}>][0m[0m
[1;32;40mINFO - 2023-05-29 07:13:31,591 - [36mCustomSimProcedure[0m - [36mSyscall found:  popen[<BV32 0x904e1a9>, <BV32 0x904e1cd>][0m[0m
[1;32;40mINFO - 2023-05-29 07:13:31,635 - [36mCustomSimProcedure[0m - [36mSyscall found:  strlen[<BV32 0x904e1cf>][0m[0m
[1;32;40mINFO - 2023-05-29 07:13:31,636 - [36mCustomSimProcedure[0m - [36mSyscall found:  memcpy[<BV32 0x7ffefe50>, <BV32 0x904e1cf>, <BV32 0x6>][0m[0m
[1;32;40mINFO - 2023-05-29 07:13:31,636 - [36mCustomSimProcedure[0m - [36mSyscall found:  strncpy[<BV32 0x7ffefe50>, <BV32 0x904e1cf>, <BV32 0x6>][0m[0m
[1;32;40mINFO - 2023-05-29 07:13:31,659 - [32mSemaExplorerCDFS[0m - [32mA new block of execution have been executed with changes in sim_manager.[0m[0m
[1;32;40mINFO - 2023-05-29 07:13:31,659 - [32mSemaExplorerCDFS[0m - [32mCurrently, simulation manager is :
<SimulationManager with 7 active, 10 deadended (2 errored)>[0m[0m
[1;32;40mINFO - 2023-05-29 07:13:31,659 - [32mSemaExplorerCDFS[0m - [32mpause stash len :0[0m[0m
[1;32;40mINFO - 2023-05-29 07:13:31,660 - [32mSemaExplorerCDFS[0m - [32mfork_stack : 2[0m[0m
[1;32;40mINFO - 2023-05-29 07:13:31,674 - [36mCustomSimProcedure[0m - [36mSyscall found:  pclose[<BV32 unconstrained_ret_popen_4458832_32{UNINITIALIZED}>][0m[0m
[1;32;40mINFO - 2023-05-29 07:13:31,799 - [36mCustomSimProcedure[0m - [36mSyscall found:  strlen[<BV32 0x904e1cf>][0m[0m
[1;32;40mINFO - 2023-05-29 07:13:31,801 - [36mCustomSimProcedure[0m - [36mSyscall found:  strlen[<BV32 0x7ffefe50>][0m[0m
[1;32;40mINFO - 2023-05-29 07:13:31,803 - [36mCustomSimProcedure[0m - [36mSyscall found:  strncmp[<BV32 0x904e1cf>, <BV32 0x7ffefe50>, <BV32 0x6>][0m[0m
[1;32;40mINFO - 2023-05-29 07:13:31,804 - [36mCustomSimProcedure[0m - [36mSyscall found:  strcmp[<BV32 0x904e1cf>, <BV32 0x7ffefe50>][0m[0m
[1;32;40mINFO - 2023-05-29 07:13:31,828 - [36mCustomSimProcedure[0m - [36mSyscall found:  strlen[<BV32 0x904e1dc>][0m[0m
[1;32;40mINFO - 2023-05-29 07:13:31,832 - [36mCustomSimProcedure[0m - [36mSyscall found:  printf[<BV32 0x904e1dc>][0m[0m
[1;32;40mINFO - 2023-05-29 07:13:31,862 - [32mSemaExplorerCDFS[0m - [32mA new block of execution have been executed with changes in sim_manager.[0m[0m
[1;32;40mINFO - 2023-05-29 07:13:31,862 - [32mSemaExplorerCDFS[0m - [32mCurrently, simulation manager is :
<SimulationManager with 6 active, 10 deadended (2 errored)>[0m[0m
[1;32;40mINFO - 2023-05-29 07:13:31,862 - [32mSemaExplorerCDFS[0m - [32mpause stash len :2[0m[0m
[1;32;40mINFO - 2023-05-29 07:13:31,862 - [32mSemaExplorerCDFS[0m - [32mfork_stack : 1[0m[0m
[1;32;40mINFO - 2023-05-29 07:13:31,891 - [36mCustomSimProcedure[0m - [36mSyscall found:  strlen[<BV32 0x904e1cf>][0m[0m
[1;32;40mINFO - 2023-05-29 07:13:31,894 - [36mCustomSimProcedure[0m - [36mSyscall found:  strlen[<BV32 0x7ffefe50>][0m[0m
[1;32;40mINFO - 2023-05-29 07:13:31,898 - [36mCustomSimProcedure[0m - [36mSyscall found:  strncmp[<BV32 0x904e1cf>, <BV32 0x7ffefe50>, <BV32 0x6>][0m[0m
[1;32;40mINFO - 2023-05-29 07:13:31,898 - [36mCustomSimProcedure[0m - [36mSyscall found:  strcmp[<BV32 0x904e1cf>, <BV32 0x7ffefe50>][0m[0m
[1;32;40mINFO - 2023-05-29 07:13:31,941 - [36mCustomSimProcedure[0m - [36mSyscall found:  strlen[<BV32 0x904e1dc>][0m[0m
[1;32;40mINFO - 2023-05-29 07:13:31,945 - [36mCustomSimProcedure[0m - [36mSyscall found:  printf[<BV32 0x904e1dc>][0m[0m
[1;32;40mINFO - 2023-05-29 07:13:32,019 - [36mCustomSimProcedure[0m - [36mSyscall found:  __libc_start_main[151294432, 1, 2147418032, 151310976, 151311088][0m[0m
[1;32;40mINFO - 2023-05-29 07:13:32,045 - [36mCustomSimProcedure[0m - [36mSyscall found:  pclose[<BV32 unconstrained_ret_popen_4458850_32{UNINITIALIZED}>][0m[0m
[1;32;40mINFO - 2023-05-29 07:13:32,192 - [32mSemaExplorerCDFS[0m - [32mA new block of execution have been executed with changes in sim_manager.[0m[0m
[1;32;40mINFO - 2023-05-29 07:13:32,193 - [32mSemaExplorerCDFS[0m - [32mCurrently, simulation manager is :
<SimulationManager with 5 active, 11 deadended (2 errored)>[0m[0m
[1;32;40mINFO - 2023-05-29 07:13:32,193 - [32mSemaExplorerCDFS[0m - [32mpause stash len :3[0m[0m
[1;32;40mINFO - 2023-05-29 07:13:32,193 - [32mSemaExplorerCDFS[0m - [32mfork_stack : 1[0m[0m
[1;32;40mINFO - 2023-05-29 07:13:32,195 - [36mCustomSimProcedure[0m - [36mSyscall found:  __libc_start_main[151294432, 1, 2147418032, 151310976, 151311088][0m[0m
[1;32;40mINFO - 2023-05-29 07:13:32,198 - [36mCustomSimProcedure[0m - [36mSyscall found:  __libc_start_main[151294432, 1, 2147418032, 151310976, 151311088][0m[0m
[1;32;40mINFO - 2023-05-29 07:13:32,245 - [36mCustomSimProcedure[0m - [36mSyscall found:  strlen[<BV32 0x904e1dc>][0m[0m
[1;32;40mINFO - 2023-05-29 07:13:32,249 - [36mCustomSimProcedure[0m - [36mSyscall found:  printf[<BV32 0x904e1dc>][0m[0m
[1;32;40mINFO - 2023-05-29 07:13:32,251 - [32mSemaExplorerCDFS[0m - [32mA new block of execution have been executed with changes in sim_manager.[0m[0m
[1;32;40mINFO - 2023-05-29 07:13:32,251 - [32mSemaExplorerCDFS[0m - [32mCurrently, simulation manager is :
<SimulationManager with 3 active, 13 deadended (2 errored)>[0m[0m
[1;32;40mINFO - 2023-05-29 07:13:32,251 - [32mSemaExplorerCDFS[0m - [32mpause stash len :3[0m[0m
[1;32;40mINFO - 2023-05-29 07:13:32,254 - [36mCustomSimProcedure[0m - [36mSyscall found:  __libc_start_main[151294432, 1, 2147418032, 151310976, 151311088][0m[0m
[1;32;40mINFO - 2023-05-29 07:13:32,301 - [36mCustomSimProcedure[0m - [36mSyscall found:  strlen[<BV32 0x904e1d6>][0m[0m
[1;32;40mINFO - 2023-05-29 07:13:32,302 - [36mCustomSimProcedure[0m - [36mSyscall found:  printf[<BV32 0x904e1d6>][0m[0m
[1;32;40mINFO - 2023-05-29 07:13:32,303 - [32mSemaExplorerCDFS[0m - [32mA new block of execution have been executed with changes in sim_manager.[0m[0m
[1;32;40mINFO - 2023-05-29 07:13:32,303 - [32mSemaExplorerCDFS[0m - [32mCurrently, simulation manager is :
<SimulationManager with 4 active, 14 deadended (2 errored)>[0m[0m
[1;32;40mINFO - 2023-05-29 07:13:32,304 - [32mSemaExplorerCDFS[0m - [32mpause stash len :1[0m[0m
[1;32;40mINFO - 2023-05-29 07:13:32,321 - [36mCustomSimProcedure[0m - [36mSyscall found:  pclose[<BV32 unconstrained_ret_popen_4458850_32{UNINITIALIZED}>][0m[0m
[1;32;40mINFO - 2023-05-29 07:13:32,485 - [32mSemaExplorerCDFS[0m - [32mA new block of execution have been executed with changes in sim_manager.[0m[0m
[1;32;40mINFO - 2023-05-29 07:13:32,486 - [32mSemaExplorerCDFS[0m - [32mCurrently, simulation manager is :
<SimulationManager with 6 active, 14 deadended (2 errored)>[0m[0m
[1;32;40mINFO - 2023-05-29 07:13:32,486 - [32mSemaExplorerCDFS[0m - [32mpause stash len :0[0m[0m
[1;32;40mINFO - 2023-05-29 07:13:32,486 - [32mSemaExplorerCDFS[0m - [32mfork_stack : 1[0m[0m
[1;32;40mINFO - 2023-05-29 07:13:32,488 - [36mCustomSimProcedure[0m - [36mSyscall found:  __libc_start_main[151294432, 1, 2147418032, 151310976, 151311088][0m[0m
[1;32;40mINFO - 2023-05-29 07:13:32,573 - [36mCustomSimProcedure[0m - [36mSyscall found:  fgets[<BV32 0x7ffefe68>, <BV32 0x80>, <BV32 unconstrained_ret_popen_4458857_32{UNINITIALIZED}>][0m[0m
[1;32;40mINFO - 2023-05-29 07:13:32,631 - [36mCustomSimProcedure[0m - [36mSyscall found:  strlen[<BV32 0x904e1dc>][0m[0m
[1;32;40mINFO - 2023-05-29 07:13:32,635 - [36mCustomSimProcedure[0m - [36mSyscall found:  printf[<BV32 0x904e1dc>][0m[0m
[1;32;40mINFO - 2023-05-29 07:13:32,644 - [32mSemaExplorerCDFS[0m - [32mA new block of execution have been executed with changes in sim_manager.[0m[0m
[1;32;40mINFO - 2023-05-29 07:13:32,645 - [32mSemaExplorerCDFS[0m - [32mCurrently, simulation manager is :
<SimulationManager with 4 active, 15 deadended (2 errored)>[0m[0m
[1;32;40mINFO - 2023-05-29 07:13:32,645 - [32mSemaExplorerCDFS[0m - [32mpause stash len :1[0m[0m
[1;32;40mINFO - 2023-05-29 07:13:32,647 - [36mCustomSimProcedure[0m - [36mSyscall found:  __libc_start_main[151294432, 1, 2147418032, 151310976, 151311088][0m[0m
[1;32;40mINFO - 2023-05-29 07:13:32,809 - [36mCustomSimProcedure[0m - [36mSyscall found:  fgets[<BV32 0x7ffefe68>, <BV32 0x80>, <BV32 unconstrained_ret_popen_4458857_32{UNINITIALIZED}>][0m[0m
[1;32;40mINFO - 2023-05-29 07:13:32,835 - [32mSemaExplorerCDFS[0m - [32mA new block of execution have been executed with changes in sim_manager.[0m[0m
[1;32;40mINFO - 2023-05-29 07:13:32,835 - [32mSemaExplorerCDFS[0m - [32mCurrently, simulation manager is :
<SimulationManager with 4 active, 16 deadended (2 errored)>[0m[0m
[1;32;40mINFO - 2023-05-29 07:13:32,835 - [32mSemaExplorerCDFS[0m - [32mpause stash len :0[0m[0m
[1;32;40mINFO - 2023-05-29 07:13:32,857 - [36mCustomSimProcedure[0m - [36mSyscall found:  strlen[<BV32 0x904e1cf>][0m[0m
[1;32;40mINFO - 2023-05-29 07:13:32,858 - [36mCustomSimProcedure[0m - [36mSyscall found:  memcpy[<BV32 0x7ffefe50>, <BV32 0x904e1cf>, <BV32 0x6>][0m[0m
[1;32;40mINFO - 2023-05-29 07:13:32,859 - [36mCustomSimProcedure[0m - [36mSyscall found:  strncpy[<BV32 0x7ffefe50>, <BV32 0x904e1cf>, <BV32 0x6>][0m[0m
[1;32;40mINFO - 2023-05-29 07:13:32,903 - [36mCustomSimProcedure[0m - [36mSyscall found:  __libc_start_main[151294432, 1, 2147418032, 151310976, 151311088][0m[0m
[1;32;40mINFO - 2023-05-29 07:13:32,920 - [36mCustomSimProcedure[0m - [36mSyscall found:  strlen[<BV32 0x904e1cf>][0m[0m
[1;32;40mINFO - 2023-05-29 07:13:32,922 - [36mCustomSimProcedure[0m - [36mSyscall found:  memcpy[<BV32 0x7ffefe50>, <BV32 0x904e1cf>, <BV32 0x6>][0m[0m
[1;32;40mINFO - 2023-05-29 07:13:32,922 - [36mCustomSimProcedure[0m - [36mSyscall found:  strncpy[<BV32 0x7ffefe50>, <BV32 0x904e1cf>, <BV32 0x6>][0m[0m
[1;32;40mINFO - 2023-05-29 07:13:32,937 - [36mCustomSimProcedure[0m - [36mSyscall found:  strlen[<BV32 0x904e1cf>][0m[0m
[1;32;40mINFO - 2023-05-29 07:13:32,940 - [36mCustomSimProcedure[0m - [36mSyscall found:  strlen[<BV32 0x7ffefe50>][0m[0m
[1;32;40mINFO - 2023-05-29 07:13:32,943 - [36mCustomSimProcedure[0m - [36mSyscall found:  strncmp[<BV32 0x904e1cf>, <BV32 0x7ffefe50>, <BV32 0x6>][0m[0m
[1;32;40mINFO - 2023-05-29 07:13:32,944 - [36mCustomSimProcedure[0m - [36mSyscall found:  strcmp[<BV32 0x904e1cf>, <BV32 0x7ffefe50>][0m[0m
[1;32;40mINFO - 2023-05-29 07:13:32,956 - [32mSemaExplorerCDFS[0m - [32mA new block of execution have been executed with changes in sim_manager.[0m[0m
[1;32;40mINFO - 2023-05-29 07:13:32,956 - [32mSemaExplorerCDFS[0m - [32mCurrently, simulation manager is :
<SimulationManager with 3 active, 17 deadended (2 errored)>[0m[0m
[1;32;40mINFO - 2023-05-29 07:13:32,956 - [32mSemaExplorerCDFS[0m - [32mpause stash len :0[0m[0m
[1;32;40mINFO - 2023-05-29 07:13:32,960 - [36mCustomSimProcedure[0m - [36mSyscall found:  __libc_start_main[151294432, 1, 2147418032, 151310976, 151311088][0m[0m
[1;32;40mINFO - 2023-05-29 07:13:32,987 - [36mCustomSimProcedure[0m - [36mSyscall found:  strlen[<BV32 0x904e1cf>][0m[0m
[1;32;40mINFO - 2023-05-29 07:13:32,990 - [36mCustomSimProcedure[0m - [36mSyscall found:  strlen[<BV32 0x7ffefe50>][0m[0m
[1;32;40mINFO - 2023-05-29 07:13:32,992 - [36mCustomSimProcedure[0m - [36mSyscall found:  strncmp[<BV32 0x904e1cf>, <BV32 0x7ffefe50>, <BV32 0x6>][0m[0m
[1;32;40mINFO - 2023-05-29 07:13:32,992 - [36mCustomSimProcedure[0m - [36mSyscall found:  strcmp[<BV32 0x904e1cf>, <BV32 0x7ffefe50>][0m[0m
[1;32;40mINFO - 2023-05-29 07:13:32,994 - [32mSemaExplorerCDFS[0m - [32mA new block of execution have been executed with changes in sim_manager.[0m[0m
[1;32;40mINFO - 2023-05-29 07:13:32,994 - [32mSemaExplorerCDFS[0m - [32mCurrently, simulation manager is :
<SimulationManager with 2 active, 18 deadended (2 errored)>[0m[0m
[1;32;40mINFO - 2023-05-29 07:13:32,994 - [32mSemaExplorerCDFS[0m - [32mpause stash len :0[0m[0m
[1;32;40mINFO - 2023-05-29 07:13:33,007 - [36mCustomSimProcedure[0m - [36mSyscall found:  pclose[<BV32 unconstrained_ret_popen_4458857_32{UNINITIALIZED}>][0m[0m
[1;32;40mINFO - 2023-05-29 07:13:33,126 - [32mSemaExplorerCDFS[0m - [32mA new block of execution have been executed with changes in sim_manager.[0m[0m
[1;32;40mINFO - 2023-05-29 07:13:33,126 - [32mSemaExplorerCDFS[0m - [32mCurrently, simulation manager is :
<SimulationManager with 3 active, 18 deadended (2 errored)>[0m[0m
[1;32;40mINFO - 2023-05-29 07:13:33,126 - [32mSemaExplorerCDFS[0m - [32mpause stash len :0[0m[0m
[1;32;40mINFO - 2023-05-29 07:13:33,126 - [32mSemaExplorerCDFS[0m - [32mfork_stack : 1[0m[0m
[1;32;40mINFO - 2023-05-29 07:13:33,141 - [36mCustomSimProcedure[0m - [36mSyscall found:  pclose[<BV32 unconstrained_ret_popen_4458857_32{UNINITIALIZED}>][0m[0m
[1;32;40mINFO - 2023-05-29 07:13:33,183 - [36mCustomSimProcedure[0m - [36mSyscall found:  strlen[<BV32 0x904e1dc>][0m[0m
[1;32;40mINFO - 2023-05-29 07:13:33,186 - [36mCustomSimProcedure[0m - [36mSyscall found:  printf[<BV32 0x904e1dc>][0m[0m
[1;32;40mINFO - 2023-05-29 07:13:33,207 - [32mSemaExplorerCDFS[0m - [32mA new block of execution have been executed with changes in sim_manager.[0m[0m
[1;32;40mINFO - 2023-05-29 07:13:33,207 - [32mSemaExplorerCDFS[0m - [32mCurrently, simulation manager is :
<SimulationManager with 4 active, 18 deadended (2 errored)>[0m[0m
[1;32;40mINFO - 2023-05-29 07:13:33,207 - [32mSemaExplorerCDFS[0m - [32mpause stash len :0[0m[0m
[1;32;40mINFO - 2023-05-29 07:13:33,207 - [32mSemaExplorerCDFS[0m - [32mfork_stack : 1[0m[0m
[1;32;40mINFO - 2023-05-29 07:13:33,263 - [36mCustomSimProcedure[0m - [36mSyscall found:  strlen[<BV32 0x904e1dc>][0m[0m
[1;32;40mINFO - 2023-05-29 07:13:33,267 - [36mCustomSimProcedure[0m - [36mSyscall found:  printf[<BV32 0x904e1dc>][0m[0m
[1;32;40mINFO - 2023-05-29 07:13:33,319 - [36mCustomSimProcedure[0m - [36mSyscall found:  __libc_start_main[151294432, 1, 2147418032, 151310976, 151311088][0m[0m
[1;32;40mINFO - 2023-05-29 07:13:33,357 - [32mSemaExplorerCDFS[0m - [32mA new block of execution have been executed with changes in sim_manager.[0m[0m
[1;32;40mINFO - 2023-05-29 07:13:33,357 - [32mSemaExplorerCDFS[0m - [32mCurrently, simulation manager is :
<SimulationManager with 3 active, 19 deadended (2 errored)>[0m[0m
[1;32;40mINFO - 2023-05-29 07:13:33,357 - [32mSemaExplorerCDFS[0m - [32mpause stash len :0[0m[0m
[1;32;40mINFO - 2023-05-29 07:13:33,359 - [36mCustomSimProcedure[0m - [36mSyscall found:  __libc_start_main[151294432, 1, 2147418032, 151310976, 151311088][0m[0m
[1;32;40mINFO - 2023-05-29 07:13:33,361 - [36mCustomSimProcedure[0m - [36mSyscall found:  __libc_start_main[151294432, 1, 2147418032, 151310976, 151311088][0m[0m
[1;32;40mINFO - 2023-05-29 07:13:33,380 - [32mSemaExplorerCDFS[0m - [32mA new block of execution have been executed with changes in sim_manager.[0m[0m
[1;32;40mINFO - 2023-05-29 07:13:33,380 - [32mSemaExplorerCDFS[0m - [32mCurrently, simulation manager is :
<SimulationManager with 1 active, 21 deadended (2 errored)>[0m[0m
[1;32;40mINFO - 2023-05-29 07:13:33,380 - [32mSemaExplorerCDFS[0m - [32mpause stash len :0[0m[0m
[1;32;40mINFO - 2023-05-29 07:13:33,382 - [36mCustomSimProcedure[0m - [36mSyscall found:  __libc_start_main[151294432, 1, 2147418032, 151310976, 151311088][0m[0m
[1;32;40mINFO - 2023-05-29 07:13:33,384 - [32mSemaExplorerCDFS[0m - [32mA new block of execution have been executed with changes in sim_manager.[0m[0m
[1;32;40mINFO - 2023-05-29 07:13:33,385 - [32mSemaExplorerCDFS[0m - [32mCurrently, simulation manager is :
<SimulationManager with 22 deadended (2 errored)>[0m[0m
[1;32;40mINFO - 2023-05-29 07:13:33,385 - [32mSemaExplorerCDFS[0m - [32mpause stash len :0[0m[0m
[1;32;40mINFO - 2023-05-29 07:13:33,385 - [32mSemaExplorerCDFS[0m - [32mlen(simgr.active) <= 0 or deadended >= self.max_end_state)[0m[0m
[1;32;40mINFO - 2023-05-29 07:13:33,406 - [37mGraphBuilder[0m - [37mOutput dir :src/output/runs/132//random_mutations[0m[0m
