[1;33;40mWARNING - 2023-05-29 07:21:19,873 - [34mangr.project[0m - [34mDisabling IRSB translation cache because support for self-modifying code is enabled.[0m[0m
[1;33;40mWARNING - 2023-05-29 07:21:19,951 - [32mangr.storage.memory_mixins.default_filler_mixin[0m - [32mFilling memory at 0xc000800c with 4 unconstrained bytes referenced from 0x9049600 (_start+0x0 in mutations4_exec (0x9049600))[0m[0m
[1;33;40mWARNING - 2023-05-29 07:21:22,790 - [32mangr.storage.memory_mixins.default_filler_mixin[0m - [32mFilling memory at 0xc0010014 with 4 unconstrained bytes referenced from 0x9049600 (_start+0x0 in mutations4_exec (0x9049600))[0m[0m
[1;33;40mWARNING - 2023-05-29 07:21:26,479 - [32mangr.storage.memory_mixins.default_filler_mixin[0m - [32mFilling memory at 0xc001801c with 4 unconstrained bytes referenced from 0x9049600 (_start+0x0 in mutations4_exec (0x9049600))[0m[0m
[1;33;40mWARNING - 2023-05-29 07:21:29,549 - [32mangr.storage.memory_mixins.default_filler_mixin[0m - [32mFilling memory at 0xc0020024 with 4 unconstrained bytes referenced from 0x9049600 (_start+0x0 in mutations4_exec (0x9049600))[0m[0m
[1;32;40mINFO - 2023-05-29 07:21:31,642 - [33mwerkzeug[0m - [33m172.17.0.1 - - [29/May/2023 07:21:31] "GET /iteration-scdg HTTP/1.1" 200 -[0m[0m
[1;32;40mINFO - 2023-05-29 07:21:31,654 - [33mwerkzeug[0m - [33m172.17.0.1 - - [29/May/2023 07:21:31] "GET /progress-scdg HTTP/1.1" 200 -[0m[0m
[1;33;40mWARNING - 2023-05-29 07:21:32,704 - [32mangr.storage.memory_mixins.default_filler_mixin[0m - [32mFilling memory at 0x30 with 4 unconstrained bytes referenced from 0x9049600 (_start+0x0 in mutations4_exec (0x9049600))[0m[0m
[1;32;40mINFO - 2023-05-29 07:21:32,818 - [36mCustomSimProcedure[0m - [36mcustom_hook_static[0m[0m
[1;33;40mWARNING - 2023-05-29 07:21:32,818 - [34mangr.project[0m - [34mAddress is already hooked, during hook(0x0, <SimProcedure fclose>). Not re-hooking.[0m[0m
[1;33;40mWARNING - 2023-05-29 07:21:32,819 - [34mangr.project[0m - [34mAddress is already hooked, during hook(0x0, <SimProcedure time>). Not re-hooking.[0m[0m
[1;33;40mWARNING - 2023-05-29 07:21:32,819 - [34mangr.project[0m - [34mAddress is already hooked, during hook(0x0, <SimProcedure fwrite>). Not re-hooking.[0m[0m
[1;33;40mWARNING - 2023-05-29 07:21:32,819 - [34mangr.project[0m - [34mAddress is already hooked, during hook(0x0, <SimProcedure srand>). Not re-hooking.[0m[0m
[1;33;40mWARNING - 2023-05-29 07:21:32,819 - [34mangr.project[0m - [34mAddress is already hooked, during hook(0x0, <SimProcedure __libc_start_main>). Not re-hooking.[0m[0m
[1;33;40mWARNING - 2023-05-29 07:21:32,819 - [34mangr.project[0m - [34mAddress is already hooked, during hook(0x0, <SimProcedure fopen>). Not re-hooking.[0m[0m
[1;33;40mWARNING - 2023-05-29 07:21:32,820 - [34mangr.project[0m - [34mAddress is already hooked, during hook(0x0, <SimProcedure rand>). Not re-hooking.[0m[0m
[1;33;40mWARNING - 2023-05-29 07:21:32,820 - [34mangr.project[0m - [34mAddress is already hooked, during hook(0x0, <SimProcedure socket>). Not re-hooking.[0m[0m
[1;33;40mWARNING - 2023-05-29 07:21:32,820 - [34mangr.project[0m - [34mAddress is already hooked, during hook(0x0, <SimProcedure close>). Not re-hooking.[0m[0m
[1;33;40mWARNING - 2023-05-29 07:21:32,820 - [34mangr.project[0m - [34mAddress is already hooked, during hook(0x0, <SimProcedure strcmp>). Not re-hooking.[0m[0m
[1;33;40mWARNING - 2023-05-29 07:21:32,820 - [34mangr.project[0m - [34mAddress is already hooked, during hook(0x0, <SimProcedure fclose>). Not re-hooking.[0m[0m
[1;33;40mWARNING - 2023-05-29 07:21:32,821 - [34mangr.project[0m - [34mAddress is already hooked, during hook(0x0, <SimProcedure time>). Not re-hooking.[0m[0m
[1;33;40mWARNING - 2023-05-29 07:21:32,821 - [34mangr.project[0m - [34mAddress is already hooked, during hook(0x0, <SimProcedure fwrite>). Not re-hooking.[0m[0m
[1;33;40mWARNING - 2023-05-29 07:21:32,821 - [34mangr.project[0m - [34mAddress is already hooked, during hook(0x0, <SimProcedure srand>). Not re-hooking.[0m[0m
[1;33;40mWARNING - 2023-05-29 07:21:32,821 - [34mangr.project[0m - [34mAddress is already hooked, during hook(0x0, <SimProcedure __libc_start_main>). Not re-hooking.[0m[0m
[1;33;40mWARNING - 2023-05-29 07:21:32,821 - [34mangr.project[0m - [34mAddress is already hooked, during hook(0x0, <SimProcedure fopen>). Not re-hooking.[0m[0m
[1;33;40mWARNING - 2023-05-29 07:21:32,822 - [34mangr.project[0m - [34mAddress is already hooked, during hook(0x0, <SimProcedure rand>). Not re-hooking.[0m[0m
[1;33;40mWARNING - 2023-05-29 07:21:32,822 - [34mangr.project[0m - [34mAddress is already hooked, during hook(0x0, <SimProcedure socket>). Not re-hooking.[0m[0m
[1;33;40mWARNING - 2023-05-29 07:21:32,822 - [34mangr.project[0m - [34mAddress is already hooked, during hook(0x0, <SimProcedure close>). Not re-hooking.[0m[0m
[1;33;40mWARNING - 2023-05-29 07:21:32,822 - [34mangr.project[0m - [34mAddress is already hooked, during hook(0x9049050, <SimProcedure printf>). Not re-hooking.[0m[0m
[1;33;40mWARNING - 2023-05-29 07:21:32,823 - [34mangr.project[0m - [34mAddress is already hooked, during hook(0xa100000, <SimProcedure strcmp>). Not re-hooking.[0m[0m
[1;33;40mWARNING - 2023-05-29 07:21:32,823 - [34mangr.project[0m - [34mAddress is already hooked, during hook(0xa100004, <SimProcedure printf>). Not re-hooking.[0m[0m
[1;33;40mWARNING - 2023-05-29 07:21:32,823 - [34mangr.project[0m - [34mAddress is already hooked, during hook(0xa100008, <SimProcedure fclose>). Not re-hooking.[0m[0m
[1;33;40mWARNING - 2023-05-29 07:21:32,823 - [34mangr.project[0m - [34mAddress is already hooked, during hook(0xa10000c, <SimProcedure time>). Not re-hooking.[0m[0m
[1;33;40mWARNING - 2023-05-29 07:21:32,824 - [34mangr.project[0m - [34mAddress is already hooked, during hook(0xa100010, <SimProcedure fwrite>). Not re-hooking.[0m[0m
[1;33;40mWARNING - 2023-05-29 07:21:32,824 - [34mangr.project[0m - [34mAddress is already hooked, during hook(0xa100014, <SimProcedure srand>). Not re-hooking.[0m[0m
[1;33;40mWARNING - 2023-05-29 07:21:32,824 - [34mangr.project[0m - [34mAddress is already hooked, during hook(0xa100018, <SimProcedure __libc_start_main>). Not re-hooking.[0m[0m
[1;33;40mWARNING - 2023-05-29 07:21:32,824 - [34mangr.project[0m - [34mAddress is already hooked, during hook(0xa10001c, <SimProcedure fopen>). Not re-hooking.[0m[0m
[1;33;40mWARNING - 2023-05-29 07:21:32,825 - [34mangr.project[0m - [34mAddress is already hooked, during hook(0xa100020, <SimProcedure rand>). Not re-hooking.[0m[0m
[1;33;40mWARNING - 2023-05-29 07:21:32,825 - [34mangr.project[0m - [34mAddress is already hooked, during hook(0xa100024, <SimProcedure socket>). Not re-hooking.[0m[0m
[1;33;40mWARNING - 2023-05-29 07:21:32,825 - [34mangr.project[0m - [34mAddress is already hooked, during hook(0xa100028, <SimProcedure close>). Not re-hooking.[0m[0m
[1;32;40mINFO - 2023-05-29 07:21:32,825 - [36mCustomSimProcedure[0m - [36mcustom_hook_no_symbols[0m[0m
[1;33;40mWARNING - 2023-05-29 07:21:32,937 - [32mangr.storage.memory_mixins.default_filler_mixin[0m - [32mFilling memory at 0xc002032c with 4 unconstrained bytes referenced from 0xa100018 (__libc_start_main+0x0 in extern-address space (0x18))[0m[0m
[1;32;40mINFO - 2023-05-29 07:21:32,992 - [36mCustomSimProcedure[0m - [36mSyscall found:  malloc[<BV32 0x300>][0m[0m
[1;33;40mWARNING - 2023-05-29 07:21:33,026 - [32mangr.storage.memory_mixins.default_filler_mixin[0m - [32mFilling memory at 0xc002033c with 4 unconstrained bytes referenced from 0xa100018 (__libc_start_main+0x0 in extern-address space (0x18))[0m[0m
[1;32;40mINFO - 2023-05-29 07:21:33,080 - [36mCustomSimProcedure[0m - [36mSyscall found:  malloc[<BV32 0x4>][0m[0m
[1;33;40mWARNING - 2023-05-29 07:21:33,131 - [32mangr.storage.memory_mixins.default_filler_mixin[0m - [32mFilling memory at 0xc0020944 with 4 unconstrained bytes referenced from 0xa100018 (__libc_start_main+0x0 in extern-address space (0x18))[0m[0m
[1;32;40mINFO - 2023-05-29 07:21:33,185 - [36mCustomSimProcedure[0m - [36mSyscall found:  malloc[<BV32 0x600>][0m[0m
[1;33;40mWARNING - 2023-05-29 07:21:33,220 - [32mangr.storage.memory_mixins.default_filler_mixin[0m - [32mFilling memory at 0xc0020954 with 4 unconstrained bytes referenced from 0xa100018 (__libc_start_main+0x0 in extern-address space (0x18))[0m[0m
[1;32;40mINFO - 2023-05-29 07:21:33,274 - [36mCustomSimProcedure[0m - [36mSyscall found:  malloc[<BV32 0x4>][0m[0m
[1;33;40mWARNING - 2023-05-29 07:21:33,326 - [32mangr.storage.memory_mixins.default_filler_mixin[0m - [32mFilling memory at 0xc0020f5c with 4 unconstrained bytes referenced from 0xa100018 (__libc_start_main+0x0 in extern-address space (0x18))[0m[0m
[1;32;40mINFO - 2023-05-29 07:21:33,380 - [36mCustomSimProcedure[0m - [36mSyscall found:  malloc[<BV32 0x600>][0m[0m
[1;33;40mWARNING - 2023-05-29 07:21:33,416 - [32mangr.storage.memory_mixins.default_filler_mixin[0m - [32mFilling memory at 0xc0020f6c with 4 unconstrained bytes referenced from 0xa100018 (__libc_start_main+0x0 in extern-address space (0x18))[0m[0m
[1;32;40mINFO - 2023-05-29 07:21:33,470 - [36mCustomSimProcedure[0m - [36mSyscall found:  malloc[<BV32 0x4>][0m[0m
[1;33;40mWARNING - 2023-05-29 07:21:33,524 - [32mangr.storage.memory_mixins.default_filler_mixin[0m - [32mFilling memory at 0xc0020f7c with 4 unconstrained bytes referenced from 0xa100018 (__libc_start_main+0x0 in extern-address space (0x18))[0m[0m
[1;32;40mINFO - 2023-05-29 07:21:33,579 - [36mCustomSimProcedure[0m - [36mSyscall found:  malloc[<BV32 0x4>][0m[0m
[1;32;40mINFO - 2023-05-29 07:21:33,587 - [36mCustomSimProcedure[0m - [36mSyscall found:  __libc_start_main[<BV32 0x90491f0>, <BV32 0x1>, <BV32 0x7ffeffb0>, <BV32 0x9049720>, <BV32 0x9049790>][0m[0m
[1;33;40mWARNING - 2023-05-29 07:21:33,603 - [32mangr.storage.memory_mixins.default_filler_mixin[0m - [32mFilling register edi with 4 unconstrained bytes referenced from 0x9049730 (__libc_csu_init+0x10 in mutations4_exec (0x9049730))[0m[0m
[1;32;40mINFO - 2023-05-29 07:21:33,706 - [36mCustomSimProcedure[0m - [36mSyscall found:  __libc_start_main[151294448, 1, 2147418032, 151295776, 151295888][0m[0m
[1;32;40mINFO - 2023-05-29 07:21:33,746 - [36mCustomSimProcedure[0m - [36mSyscall found:  time[<BV32 0x0>][0m[0m
[1;32;40mINFO - 2023-05-29 07:21:33,746 - [36mCustomSimProcedure[0m - [36mSyscall found:  time[<BV32 0x0>][0m[0m
[1;32;40mINFO - 2023-05-29 07:21:33,761 - [36mCustomSimProcedure[0m - [36mSyscall found:  srand[<BV32 0x6474527d>][0m[0m
[1;32;40mINFO - 2023-05-29 07:21:33,772 - [36mCustomSimProcedure[0m - [36mSyscall found:  rand[][0m[0m
[1;32;40mINFO - 2023-05-29 07:21:33,785 - [36mCustomSimProcedure[0m - [36mSyscall found:  rand[][0m[0m
[1;32;40mINFO - 2023-05-29 07:21:33,822 - [36mCustomSimProcedure[0m - [36mSyscall found:  rand[][0m[0m
[1;32;40mINFO - 2023-05-29 07:21:33,833 - [36mCustomSimProcedure[0m - [36mSyscall found:  rand[][0m[0m
[1;32;40mINFO - 2023-05-29 07:21:33,848 - [36mCustomSimProcedure[0m - [36mSyscall found:  rand[][0m[0m
[1;32;40mINFO - 2023-05-29 07:21:33,863 - [36mCustomSimProcedure[0m - [36mSyscall found:  rand[][0m[0m
[1;32;40mINFO - 2023-05-29 07:21:33,878 - [36mCustomSimProcedure[0m - [36mSyscall found:  rand[][0m[0m
[1;32;40mINFO - 2023-05-29 07:21:33,895 - [36mCustomSimProcedure[0m - [36mSyscall found:  rand[][0m[0m
[1;32;40mINFO - 2023-05-29 07:21:33,912 - [36mCustomSimProcedure[0m - [36mSyscall found:  rand[][0m[0m
[1;32;40mINFO - 2023-05-29 07:21:33,927 - [36mCustomSimProcedure[0m - [36mSyscall found:  rand[][0m[0m
[1;32;40mINFO - 2023-05-29 07:21:33,983 - [32mSemaExplorerCDFS[0m - [32mA new block of execution have been executed with changes in sim_manager.[0m[0m
[1;32;40mINFO - 2023-05-29 07:21:33,984 - [32mSemaExplorerCDFS[0m - [32mCurrently, simulation manager is :
<SimulationManager with 2 active>[0m[0m
[1;32;40mINFO - 2023-05-29 07:21:33,984 - [32mSemaExplorerCDFS[0m - [32mpause stash len :0[0m[0m
[1;32;40mINFO - 2023-05-29 07:21:33,984 - [32mSemaExplorerCDFS[0m - [32mfork_stack : 1[0m[0m
[1;32;40mINFO - 2023-05-29 07:21:34,061 - [32mSemaExplorerCDFS[0m - [32mA new block of execution have been executed with changes in sim_manager.[0m[0m
[1;32;40mINFO - 2023-05-29 07:21:34,061 - [32mSemaExplorerCDFS[0m - [32mCurrently, simulation manager is :
<SimulationManager with 3 active>[0m[0m
[1;32;40mINFO - 2023-05-29 07:21:34,061 - [32mSemaExplorerCDFS[0m - [32mpause stash len :0[0m[0m
[1;32;40mINFO - 2023-05-29 07:21:34,061 - [32mSemaExplorerCDFS[0m - [32mfork_stack : 1[0m[0m
[1;32;40mINFO - 2023-05-29 07:21:34,091 - [36mCustomSimProcedure[0m - [36mSyscall found:  __libc_start_main[151294448, 1, 2147418032, 151295776, 151295888][0m[0m
[1;33;40mWARNING - 2023-05-29 07:21:34,102 - [32mangr.storage.memory_mixins.default_filler_mixin[0m - [32mFilling memory at 0x3 with 1 unconstrained bytes referenced from 0xa100000 (strcmp+0x0 in extern-address space (0x0))[0m[0m
[1;33;40mWARNING - 2023-05-29 07:21:34,104 - [32mangr.storage.memory_mixins.default_filler_mixin[0m - [32mFilling memory at 0x4 with 1 unconstrained bytes referenced from 0xa100000 (strcmp+0x0 in extern-address space (0x0))[0m[0m
[1;33;40mWARNING - 2023-05-29 07:21:34,105 - [32mangr.storage.memory_mixins.default_filler_mixin[0m - [32mFilling memory at 0x5 with 1 unconstrained bytes referenced from 0xa100000 (strcmp+0x0 in extern-address space (0x0))[0m[0m
[1;33;40mWARNING - 2023-05-29 07:21:34,106 - [32mangr.storage.memory_mixins.default_filler_mixin[0m - [32mFilling memory at 0x6 with 1 unconstrained bytes referenced from 0xa100000 (strcmp+0x0 in extern-address space (0x0))[0m[0m
[1;33;40mWARNING - 2023-05-29 07:21:34,106 - [32mangr.storage.memory_mixins.default_filler_mixin[0m - [32mFilling memory at 0x7 with 1 unconstrained bytes referenced from 0xa100000 (strcmp+0x0 in extern-address space (0x0))[0m[0m
[1;33;40mWARNING - 2023-05-29 07:21:34,107 - [32mangr.storage.memory_mixins.default_filler_mixin[0m - [32mFilling memory at 0x8 with 1 unconstrained bytes referenced from 0xa100000 (strcmp+0x0 in extern-address space (0x0))[0m[0m
[1;33;40mWARNING - 2023-05-29 07:21:34,108 - [32mangr.storage.memory_mixins.default_filler_mixin[0m - [32mFilling memory at 0x9 with 1 unconstrained bytes referenced from 0xa100000 (strcmp+0x0 in extern-address space (0x0))[0m[0m
[1;33;40mWARNING - 2023-05-29 07:21:34,109 - [32mangr.storage.memory_mixins.default_filler_mixin[0m - [32mFilling memory at 0xa with 1 unconstrained bytes referenced from 0xa100000 (strcmp+0x0 in extern-address space (0x0))[0m[0m
[1;33;40mWARNING - 2023-05-29 07:21:34,110 - [32mangr.storage.memory_mixins.default_filler_mixin[0m - [32mFilling memory at 0xb with 1 unconstrained bytes referenced from 0xa100000 (strcmp+0x0 in extern-address space (0x0))[0m[0m
[1;33;40mWARNING - 2023-05-29 07:21:34,111 - [32mangr.storage.memory_mixins.default_filler_mixin[0m - [32mFilling memory at 0xc with 1 unconstrained bytes referenced from 0xa100000 (strcmp+0x0 in extern-address space (0x0))[0m[0m
[1;33;40mWARNING - 2023-05-29 07:21:34,111 - [32mangr.storage.memory_mixins.default_filler_mixin[0m - [32mFilling memory at 0xd with 1 unconstrained bytes referenced from 0xa100000 (strcmp+0x0 in extern-address space (0x0))[0m[0m
[1;33;40mWARNING - 2023-05-29 07:21:34,112 - [32mangr.storage.memory_mixins.default_filler_mixin[0m - [32mFilling memory at 0xe with 1 unconstrained bytes referenced from 0xa100000 (strcmp+0x0 in extern-address space (0x0))[0m[0m
[1;33;40mWARNING - 2023-05-29 07:21:34,113 - [32mangr.storage.memory_mixins.default_filler_mixin[0m - [32mFilling memory at 0xf with 1 unconstrained bytes referenced from 0xa100000 (strcmp+0x0 in extern-address space (0x0))[0m[0m
[1;33;40mWARNING - 2023-05-29 07:21:34,113 - [32mangr.storage.memory_mixins.default_filler_mixin[0m - [32mFilling memory at 0x10 with 1 unconstrained bytes referenced from 0xa100000 (strcmp+0x0 in extern-address space (0x0))[0m[0m
[1;33;40mWARNING - 2023-05-29 07:21:34,114 - [32mangr.storage.memory_mixins.default_filler_mixin[0m - [32mFilling memory at 0x11 with 1 unconstrained bytes referenced from 0xa100000 (strcmp+0x0 in extern-address space (0x0))[0m[0m
[1;33;40mWARNING - 2023-05-29 07:21:34,115 - [32mangr.storage.memory_mixins.default_filler_mixin[0m - [32mFilling memory at 0x12 with 1 unconstrained bytes referenced from 0xa100000 (strcmp+0x0 in extern-address space (0x0))[0m[0m
[1;33;40mWARNING - 2023-05-29 07:21:34,116 - [32mangr.storage.memory_mixins.default_filler_mixin[0m - [32mFilling memory at 0x13 with 1 unconstrained bytes referenced from 0xa100000 (strcmp+0x0 in extern-address space (0x0))[0m[0m
[1;33;40mWARNING - 2023-05-29 07:21:34,117 - [32mangr.storage.memory_mixins.default_filler_mixin[0m - [32mFilling memory at 0x14 with 1 unconstrained bytes referenced from 0xa100000 (strcmp+0x0 in extern-address space (0x0))[0m[0m
[1;33;40mWARNING - 2023-05-29 07:21:34,117 - [32mangr.storage.memory_mixins.default_filler_mixin[0m - [32mFilling memory at 0x15 with 1 unconstrained bytes referenced from 0xa100000 (strcmp+0x0 in extern-address space (0x0))[0m[0m
[1;33;40mWARNING - 2023-05-29 07:21:34,118 - [32mangr.storage.memory_mixins.default_filler_mixin[0m - [32mFilling memory at 0x16 with 1 unconstrained bytes referenced from 0xa100000 (strcmp+0x0 in extern-address space (0x0))[0m[0m
[1;33;40mWARNING - 2023-05-29 07:21:34,119 - [32mangr.storage.memory_mixins.default_filler_mixin[0m - [32mFilling memory at 0x17 with 1 unconstrained bytes referenced from 0xa100000 (strcmp+0x0 in extern-address space (0x0))[0m[0m
[1;33;40mWARNING - 2023-05-29 07:21:34,121 - [32mangr.storage.memory_mixins.default_filler_mixin[0m - [32mFilling memory at 0x18 with 1 unconstrained bytes referenced from 0xa100000 (strcmp+0x0 in extern-address space (0x0))[0m[0m
[1;33;40mWARNING - 2023-05-29 07:21:34,122 - [32mangr.storage.memory_mixins.default_filler_mixin[0m - [32mFilling memory at 0x19 with 1 unconstrained bytes referenced from 0xa100000 (strcmp+0x0 in extern-address space (0x0))[0m[0m
[1;33;40mWARNING - 2023-05-29 07:21:34,123 - [32mangr.storage.memory_mixins.default_filler_mixin[0m - [32mFilling memory at 0x1a with 1 unconstrained bytes referenced from 0xa100000 (strcmp+0x0 in extern-address space (0x0))[0m[0m
[1;33;40mWARNING - 2023-05-29 07:21:34,124 - [32mangr.storage.memory_mixins.default_filler_mixin[0m - [32mFilling memory at 0x1b with 1 unconstrained bytes referenced from 0xa100000 (strcmp+0x0 in extern-address space (0x0))[0m[0m
[1;33;40mWARNING - 2023-05-29 07:21:34,125 - [32mangr.storage.memory_mixins.default_filler_mixin[0m - [32mFilling memory at 0x1c with 1 unconstrained bytes referenced from 0xa100000 (strcmp+0x0 in extern-address space (0x0))[0m[0m
[1;33;40mWARNING - 2023-05-29 07:21:34,126 - [32mangr.storage.memory_mixins.default_filler_mixin[0m - [32mFilling memory at 0x1d with 1 unconstrained bytes referenced from 0xa100000 (strcmp+0x0 in extern-address space (0x0))[0m[0m
[1;33;40mWARNING - 2023-05-29 07:21:34,127 - [32mangr.storage.memory_mixins.default_filler_mixin[0m - [32mFilling memory at 0x1e with 1 unconstrained bytes referenced from 0xa100000 (strcmp+0x0 in extern-address space (0x0))[0m[0m
[1;33;40mWARNING - 2023-05-29 07:21:34,128 - [32mangr.storage.memory_mixins.default_filler_mixin[0m - [32mFilling memory at 0x1f with 1 unconstrained bytes referenced from 0xa100000 (strcmp+0x0 in extern-address space (0x0))[0m[0m
[1;33;40mWARNING - 2023-05-29 07:21:34,130 - [32mangr.storage.memory_mixins.default_filler_mixin[0m - [32mFilling memory at 0x20 with 1 unconstrained bytes referenced from 0xa100000 (strcmp+0x0 in extern-address space (0x0))[0m[0m
[1;33;40mWARNING - 2023-05-29 07:21:34,131 - [32mangr.storage.memory_mixins.default_filler_mixin[0m - [32mFilling memory at 0x21 with 1 unconstrained bytes referenced from 0xa100000 (strcmp+0x0 in extern-address space (0x0))[0m[0m
[1;33;40mWARNING - 2023-05-29 07:21:34,132 - [32mangr.storage.memory_mixins.default_filler_mixin[0m - [32mFilling memory at 0x22 with 1 unconstrained bytes referenced from 0xa100000 (strcmp+0x0 in extern-address space (0x0))[0m[0m
[1;33;40mWARNING - 2023-05-29 07:21:34,134 - [32mangr.storage.memory_mixins.default_filler_mixin[0m - [32mFilling memory at 0x23 with 1 unconstrained bytes referenced from 0xa100000 (strcmp+0x0 in extern-address space (0x0))[0m[0m
[1;33;40mWARNING - 2023-05-29 07:21:34,135 - [32mangr.storage.memory_mixins.default_filler_mixin[0m - [32mFilling memory at 0x24 with 1 unconstrained bytes referenced from 0xa100000 (strcmp+0x0 in extern-address space (0x0))[0m[0m
[1;33;40mWARNING - 2023-05-29 07:21:34,137 - [32mangr.storage.memory_mixins.default_filler_mixin[0m - [32mFilling memory at 0x25 with 1 unconstrained bytes referenced from 0xa100000 (strcmp+0x0 in extern-address space (0x0))[0m[0m
[1;33;40mWARNING - 2023-05-29 07:21:34,138 - [32mangr.storage.memory_mixins.default_filler_mixin[0m - [32mFilling memory at 0x26 with 1 unconstrained bytes referenced from 0xa100000 (strcmp+0x0 in extern-address space (0x0))[0m[0m
[1;33;40mWARNING - 2023-05-29 07:21:34,140 - [32mangr.storage.memory_mixins.default_filler_mixin[0m - [32mFilling memory at 0x27 with 1 unconstrained bytes referenced from 0xa100000 (strcmp+0x0 in extern-address space (0x0))[0m[0m
[1;33;40mWARNING - 2023-05-29 07:21:34,141 - [32mangr.storage.memory_mixins.default_filler_mixin[0m - [32mFilling memory at 0x28 with 1 unconstrained bytes referenced from 0xa100000 (strcmp+0x0 in extern-address space (0x0))[0m[0m
[1;33;40mWARNING - 2023-05-29 07:21:34,143 - [32mangr.storage.memory_mixins.default_filler_mixin[0m - [32mFilling memory at 0x29 with 1 unconstrained bytes referenced from 0xa100000 (strcmp+0x0 in extern-address space (0x0))[0m[0m
[1;33;40mWARNING - 2023-05-29 07:21:34,144 - [32mangr.storage.memory_mixins.default_filler_mixin[0m - [32mFilling memory at 0x2a with 1 unconstrained bytes referenced from 0xa100000 (strcmp+0x0 in extern-address space (0x0))[0m[0m
[1;33;40mWARNING - 2023-05-29 07:21:34,144 - [32mangr.storage.memory_mixins.default_filler_mixin[0m - [32mFilling memory at 0x2b with 1 unconstrained bytes referenced from 0xa100000 (strcmp+0x0 in extern-address space (0x0))[0m[0m
[1;33;40mWARNING - 2023-05-29 07:21:34,145 - [32mangr.storage.memory_mixins.default_filler_mixin[0m - [32mFilling memory at 0x2c with 1 unconstrained bytes referenced from 0xa100000 (strcmp+0x0 in extern-address space (0x0))[0m[0m
[1;33;40mWARNING - 2023-05-29 07:21:34,146 - [32mangr.storage.memory_mixins.default_filler_mixin[0m - [32mFilling memory at 0x2d with 1 unconstrained bytes referenced from 0xa100000 (strcmp+0x0 in extern-address space (0x0))[0m[0m
[1;33;40mWARNING - 2023-05-29 07:21:34,147 - [32mangr.storage.memory_mixins.default_filler_mixin[0m - [32mFilling memory at 0x2e with 1 unconstrained bytes referenced from 0xa100000 (strcmp+0x0 in extern-address space (0x0))[0m[0m
[1;33;40mWARNING - 2023-05-29 07:21:34,148 - [32mangr.storage.memory_mixins.default_filler_mixin[0m - [32mFilling memory at 0x2f with 1 unconstrained bytes referenced from 0xa100000 (strcmp+0x0 in extern-address space (0x0))[0m[0m
[1;33;40mWARNING - 2023-05-29 07:21:34,151 - [32mangr.storage.memory_mixins.default_filler_mixin[0m - [32mFilling memory at 0x34 with 1 unconstrained bytes referenced from 0xa100000 (strcmp+0x0 in extern-address space (0x0))[0m[0m
[1;33;40mWARNING - 2023-05-29 07:21:34,153 - [32mangr.storage.memory_mixins.default_filler_mixin[0m - [32mFilling memory at 0x35 with 1 unconstrained bytes referenced from 0xa100000 (strcmp+0x0 in extern-address space (0x0))[0m[0m
[1;33;40mWARNING - 2023-05-29 07:21:34,155 - [32mangr.storage.memory_mixins.default_filler_mixin[0m - [32mFilling memory at 0x36 with 1 unconstrained bytes referenced from 0xa100000 (strcmp+0x0 in extern-address space (0x0))[0m[0m
[1;33;40mWARNING - 2023-05-29 07:21:34,157 - [32mangr.storage.memory_mixins.default_filler_mixin[0m - [32mFilling memory at 0x37 with 1 unconstrained bytes referenced from 0xa100000 (strcmp+0x0 in extern-address space (0x0))[0m[0m
[1;33;40mWARNING - 2023-05-29 07:21:34,158 - [32mangr.storage.memory_mixins.default_filler_mixin[0m - [32mFilling memory at 0x38 with 1 unconstrained bytes referenced from 0xa100000 (strcmp+0x0 in extern-address space (0x0))[0m[0m
[1;33;40mWARNING - 2023-05-29 07:21:34,159 - [32mangr.storage.memory_mixins.default_filler_mixin[0m - [32mFilling memory at 0x39 with 1 unconstrained bytes referenced from 0xa100000 (strcmp+0x0 in extern-address space (0x0))[0m[0m
[1;33;40mWARNING - 2023-05-29 07:21:34,160 - [32mangr.storage.memory_mixins.default_filler_mixin[0m - [32mFilling memory at 0x3a with 1 unconstrained bytes referenced from 0xa100000 (strcmp+0x0 in extern-address space (0x0))[0m[0m
[1;33;40mWARNING - 2023-05-29 07:21:34,162 - [32mangr.storage.memory_mixins.default_filler_mixin[0m - [32mFilling memory at 0x3b with 1 unconstrained bytes referenced from 0xa100000 (strcmp+0x0 in extern-address space (0x0))[0m[0m
[1;33;40mWARNING - 2023-05-29 07:21:34,164 - [32mangr.storage.memory_mixins.default_filler_mixin[0m - [32mFilling memory at 0x3c with 1 unconstrained bytes referenced from 0xa100000 (strcmp+0x0 in extern-address space (0x0))[0m[0m
[1;33;40mWARNING - 2023-05-29 07:21:34,166 - [32mangr.storage.memory_mixins.default_filler_mixin[0m - [32mFilling memory at 0x3d with 1 unconstrained bytes referenced from 0xa100000 (strcmp+0x0 in extern-address space (0x0))[0m[0m
[1;32;40mINFO - 2023-05-29 07:21:34,189 - [36mCustomSimProcedure[0m - [36mSyscall found:  strlen[<BV32 0x0>][0m[0m
[1;32;40mINFO - 2023-05-29 07:21:34,191 - [36mCustomSimProcedure[0m - [36mSyscall found:  strlen[<BV32 0x804a044>][0m[0m
[1;32;40mINFO - 2023-05-29 07:21:34,197 - [36mCustomSimProcedure[0m - [36mSyscall found:  strncmp[<BV32 0x0>, <BV32 0x804a044>, <BV32 0x3b>][0m[0m
[1;32;40mINFO - 2023-05-29 07:21:34,197 - [36mCustomSimProcedure[0m - [36mSyscall found:  strcmp[<BV32 0x0>, <BV32 0x804a044>][0m[0m
[1;32;40mINFO - 2023-05-29 07:21:34,287 - [36mCustomSimProcedure[0m - [36mSyscall found:  __libc_start_main[151294448, 1, 2147418032, 151295776, 151295888][0m[0m
[1;32;40mINFO - 2023-05-29 07:21:34,287 - [32mSemaExplorerCDFS[0m - [32mA new block of execution have been executed with changes in sim_manager.[0m[0m
[1;32;40mINFO - 2023-05-29 07:21:34,287 - [32mSemaExplorerCDFS[0m - [32mCurrently, simulation manager is :
<SimulationManager with 2 active, 1 deadended>[0m[0m
[1;32;40mINFO - 2023-05-29 07:21:34,288 - [32mSemaExplorerCDFS[0m - [32mpause stash len :0[0m[0m
[1;32;40mINFO - 2023-05-29 07:21:34,320 - [32mSemaExplorerCDFS[0m - [32mA new block of execution have been executed with changes in sim_manager.[0m[0m
[1;32;40mINFO - 2023-05-29 07:21:34,320 - [32mSemaExplorerCDFS[0m - [32mCurrently, simulation manager is :
<SimulationManager with 1 active, 2 deadended>[0m[0m
[1;32;40mINFO - 2023-05-29 07:21:34,320 - [32mSemaExplorerCDFS[0m - [32mpause stash len :0[0m[0m
[1;32;40mINFO - 2023-05-29 07:21:34,394 - [32mSemaExplorerCDFS[0m - [32mA new block of execution have been executed with changes in sim_manager.[0m[0m
[1;32;40mINFO - 2023-05-29 07:21:34,394 - [32mSemaExplorerCDFS[0m - [32mCurrently, simulation manager is :
<SimulationManager with 2 active, 2 deadended>[0m[0m
[1;32;40mINFO - 2023-05-29 07:21:34,394 - [32mSemaExplorerCDFS[0m - [32mpause stash len :0[0m[0m
[1;32;40mINFO - 2023-05-29 07:21:34,394 - [32mSemaExplorerCDFS[0m - [32mfork_stack : 1[0m[0m
[1;32;40mINFO - 2023-05-29 07:21:34,463 - [32mSemaExplorerCDFS[0m - [32mA new block of execution have been executed with changes in sim_manager.[0m[0m
[1;32;40mINFO - 2023-05-29 07:21:34,463 - [32mSemaExplorerCDFS[0m - [32mCurrently, simulation manager is :
<SimulationManager with 3 active, 2 deadended>[0m[0m
[1;32;40mINFO - 2023-05-29 07:21:34,463 - [32mSemaExplorerCDFS[0m - [32mpause stash len :0[0m[0m
[1;32;40mINFO - 2023-05-29 07:21:34,463 - [32mSemaExplorerCDFS[0m - [32mfork_stack : 1[0m[0m
[1;32;40mINFO - 2023-05-29 07:21:34,495 - [36mCustomSimProcedure[0m - [36mSyscall found:  __libc_start_main[151294448, 1, 2147418032, 151295776, 151295888][0m[0m
[1;32;40mINFO - 2023-05-29 07:21:34,497 - [36mCustomSimProcedure[0m - [36mSyscall found:  __libc_start_main[151294448, 1, 2147418032, 151295776, 151295888][0m[0m
[1;32;40mINFO - 2023-05-29 07:21:34,530 - [36mCustomSimProcedure[0m - [36mSyscall found:  strlen[<BV32 0x0>][0m[0m
[1;32;40mINFO - 2023-05-29 07:21:34,532 - [36mCustomSimProcedure[0m - [36mSyscall found:  strlen[<BV32 0x804a046>][0m[0m
[1;32;40mINFO - 2023-05-29 07:21:34,534 - [36mCustomSimProcedure[0m - [36mSyscall found:  strncmp[<BV32 0x0>, <BV32 0x804a046>, <BV32 0x3b>][0m[0m
[1;32;40mINFO - 2023-05-29 07:21:34,534 - [36mCustomSimProcedure[0m - [36mSyscall found:  strcmp[<BV32 0x0>, <BV32 0x804a046>][0m[0m
[1;32;40mINFO - 2023-05-29 07:21:34,645 - [32mSemaExplorerCDFS[0m - [32mA new block of execution have been executed with changes in sim_manager.[0m[0m
[1;32;40mINFO - 2023-05-29 07:21:34,645 - [32mSemaExplorerCDFS[0m - [32mCurrently, simulation manager is :
<SimulationManager with 2 active, 3 deadended>[0m[0m
[1;32;40mINFO - 2023-05-29 07:21:34,646 - [32mSemaExplorerCDFS[0m - [32mpause stash len :0[0m[0m
[1;32;40mINFO - 2023-05-29 07:21:34,668 - [32mSemaExplorerCDFS[0m - [32mA new block of execution have been executed with changes in sim_manager.[0m[0m
[1;32;40mINFO - 2023-05-29 07:21:34,668 - [32mSemaExplorerCDFS[0m - [32mCurrently, simulation manager is :
<SimulationManager with 1 active, 4 deadended>[0m[0m
[1;32;40mINFO - 2023-05-29 07:21:34,668 - [32mSemaExplorerCDFS[0m - [32mpause stash len :0[0m[0m
[1;32;40mINFO - 2023-05-29 07:21:34,729 - [32mSemaExplorerCDFS[0m - [32mA new block of execution have been executed with changes in sim_manager.[0m[0m
[1;32;40mINFO - 2023-05-29 07:21:34,729 - [32mSemaExplorerCDFS[0m - [32mCurrently, simulation manager is :
<SimulationManager with 2 active, 4 deadended>[0m[0m
[1;32;40mINFO - 2023-05-29 07:21:34,729 - [32mSemaExplorerCDFS[0m - [32mpause stash len :0[0m[0m
[1;32;40mINFO - 2023-05-29 07:21:34,729 - [32mSemaExplorerCDFS[0m - [32mfork_stack : 1[0m[0m
[1;32;40mINFO - 2023-05-29 07:21:34,797 - [32mSemaExplorerCDFS[0m - [32mA new block of execution have been executed with changes in sim_manager.[0m[0m
[1;32;40mINFO - 2023-05-29 07:21:34,797 - [32mSemaExplorerCDFS[0m - [32mCurrently, simulation manager is :
<SimulationManager with 3 active, 4 deadended>[0m[0m
[1;32;40mINFO - 2023-05-29 07:21:34,797 - [32mSemaExplorerCDFS[0m - [32mpause stash len :0[0m[0m
[1;32;40mINFO - 2023-05-29 07:21:34,797 - [32mSemaExplorerCDFS[0m - [32mfork_stack : 1[0m[0m
[1;32;40mINFO - 2023-05-29 07:21:34,832 - [36mCustomSimProcedure[0m - [36mSyscall found:  __libc_start_main[151294448, 1, 2147418032, 151295776, 151295888][0m[0m
[1;32;40mINFO - 2023-05-29 07:21:34,834 - [36mCustomSimProcedure[0m - [36mSyscall found:  __libc_start_main[151294448, 1, 2147418032, 151295776, 151295888][0m[0m
[1;32;40mINFO - 2023-05-29 07:21:34,869 - [36mCustomSimProcedure[0m - [36mSyscall found:  strlen[<BV32 0x0>][0m[0m
[1;32;40mINFO - 2023-05-29 07:21:34,870 - [36mCustomSimProcedure[0m - [36mSyscall found:  strlen[<BV32 0x804a048>][0m[0m
[1;32;40mINFO - 2023-05-29 07:21:34,873 - [36mCustomSimProcedure[0m - [36mSyscall found:  strncmp[<BV32 0x0>, <BV32 0x804a048>, <BV32 0x3b>][0m[0m
[1;32;40mINFO - 2023-05-29 07:21:34,873 - [36mCustomSimProcedure[0m - [36mSyscall found:  strcmp[<BV32 0x0>, <BV32 0x804a048>][0m[0m
[1;32;40mINFO - 2023-05-29 07:21:35,014 - [32mSemaExplorerCDFS[0m - [32mA new block of execution have been executed with changes in sim_manager.[0m[0m
[1;32;40mINFO - 2023-05-29 07:21:35,014 - [32mSemaExplorerCDFS[0m - [32mCurrently, simulation manager is :
<SimulationManager with 2 active, 5 deadended>[0m[0m
[1;32;40mINFO - 2023-05-29 07:21:35,015 - [32mSemaExplorerCDFS[0m - [32mpause stash len :0[0m[0m
[1;32;40mINFO - 2023-05-29 07:21:35,038 - [32mSemaExplorerCDFS[0m - [32mA new block of execution have been executed with changes in sim_manager.[0m[0m
[1;32;40mINFO - 2023-05-29 07:21:35,039 - [32mSemaExplorerCDFS[0m - [32mCurrently, simulation manager is :
<SimulationManager with 1 active, 6 deadended>[0m[0m
[1;32;40mINFO - 2023-05-29 07:21:35,039 - [32mSemaExplorerCDFS[0m - [32mpause stash len :0[0m[0m
[1;32;40mINFO - 2023-05-29 07:21:35,057 - [36mCustomSimProcedure[0m - [36mSyscall found:  __libc_start_main[151294448, 1, 2147418032, 151295776, 151295888][0m[0m
[1;32;40mINFO - 2023-05-29 07:21:35,059 - [32mSemaExplorerCDFS[0m - [32mA new block of execution have been executed with changes in sim_manager.[0m[0m
[1;32;40mINFO - 2023-05-29 07:21:35,059 - [32mSemaExplorerCDFS[0m - [32mCurrently, simulation manager is :
<SimulationManager with 7 deadended>[0m[0m
[1;32;40mINFO - 2023-05-29 07:21:35,060 - [32mSemaExplorerCDFS[0m - [32mpause stash len :0[0m[0m
[1;32;40mINFO - 2023-05-29 07:21:35,060 - [32mSemaExplorerCDFS[0m - [32mlen(simgr.active) <= 0 or deadended >= self.max_end_state)[0m[0m
[1;32;40mINFO - 2023-05-29 07:21:35,077 - [37mGraphBuilder[0m - [37mOutput dir :src/output/runs/132//each_mutation[0m[0m
