[1;33;40mWARNING - 2023-05-29 07:02:15,614 - [34mangr.project[0m - [34mDisabling IRSB translation cache because support for self-modifying code is enabled.[0m[0m
[1;33;40mWARNING - 2023-05-29 07:02:15,684 - [32mangr.storage.memory_mixins.default_filler_mixin[0m - [32mFilling memory at 0xc000800c with 4 unconstrained bytes referenced from 0x9049590 (_start+0x0 in mutations7_exec (0x9049590))[0m[0m
[1;33;40mWARNING - 2023-05-29 07:02:18,427 - [32mangr.storage.memory_mixins.default_filler_mixin[0m - [32mFilling memory at 0xc0010014 with 4 unconstrained bytes referenced from 0x9049590 (_start+0x0 in mutations7_exec (0x9049590))[0m[0m
[1;33;40mWARNING - 2023-05-29 07:02:22,131 - [32mangr.storage.memory_mixins.default_filler_mixin[0m - [32mFilling memory at 0xc001801c with 4 unconstrained bytes referenced from 0x9049590 (_start+0x0 in mutations7_exec (0x9049590))[0m[0m
[1;33;40mWARNING - 2023-05-29 07:02:25,050 - [32mangr.storage.memory_mixins.default_filler_mixin[0m - [32mFilling memory at 0xc0020024 with 4 unconstrained bytes referenced from 0x9049590 (_start+0x0 in mutations7_exec (0x9049590))[0m[0m
[1;33;40mWARNING - 2023-05-29 07:02:27,996 - [32mangr.storage.memory_mixins.default_filler_mixin[0m - [32mFilling memory at 0x30 with 4 unconstrained bytes referenced from 0x9049590 (_start+0x0 in mutations7_exec (0x9049590))[0m[0m
[1;32;40mINFO - 2023-05-29 07:02:28,104 - [36mCustomSimProcedure[0m - [36mcustom_hook_static[0m[0m
[1;33;40mWARNING - 2023-05-29 07:02:28,105 - [34mangr.project[0m - [34mAddress is already hooked, during hook(0x0, <SimProcedure fclose>). Not re-hooking.[0m[0m
[1;33;40mWARNING - 2023-05-29 07:02:28,105 - [34mangr.project[0m - [34mAddress is already hooked, during hook(0x0, <SimProcedure fwrite>). Not re-hooking.[0m[0m
[1;33;40mWARNING - 2023-05-29 07:02:28,105 - [34mangr.project[0m - [34mAddress is already hooked, during hook(0x0, <SimProcedure __libc_start_main>). Not re-hooking.[0m[0m
[1;33;40mWARNING - 2023-05-29 07:02:28,105 - [34mangr.project[0m - [34mAddress is already hooked, during hook(0x0, <SimProcedure fopen>). Not re-hooking.[0m[0m
[1;33;40mWARNING - 2023-05-29 07:02:28,105 - [34mangr.project[0m - [34mAddress is already hooked, during hook(0x0, <SimProcedure socket>). Not re-hooking.[0m[0m
[1;33;40mWARNING - 2023-05-29 07:02:28,106 - [34mangr.project[0m - [34mAddress is already hooked, during hook(0x0, <SimProcedure close>). Not re-hooking.[0m[0m
[1;33;40mWARNING - 2023-05-29 07:02:28,106 - [34mangr.project[0m - [34mAddress is already hooked, during hook(0x0, <SimProcedure strcmp>). Not re-hooking.[0m[0m
[1;33;40mWARNING - 2023-05-29 07:02:28,106 - [34mangr.project[0m - [34mAddress is already hooked, during hook(0x0, <SimProcedure fclose>). Not re-hooking.[0m[0m
[1;33;40mWARNING - 2023-05-29 07:02:28,106 - [34mangr.project[0m - [34mAddress is already hooked, during hook(0x0, <SimProcedure fwrite>). Not re-hooking.[0m[0m
[1;33;40mWARNING - 2023-05-29 07:02:28,106 - [34mangr.project[0m - [34mAddress is already hooked, during hook(0x0, <SimProcedure __libc_start_main>). Not re-hooking.[0m[0m
[1;33;40mWARNING - 2023-05-29 07:02:28,106 - [34mangr.project[0m - [34mAddress is already hooked, during hook(0x0, <SimProcedure fopen>). Not re-hooking.[0m[0m
[1;33;40mWARNING - 2023-05-29 07:02:28,107 - [34mangr.project[0m - [34mAddress is already hooked, during hook(0x0, <SimProcedure socket>). Not re-hooking.[0m[0m
[1;33;40mWARNING - 2023-05-29 07:02:28,107 - [34mangr.project[0m - [34mAddress is already hooked, during hook(0x0, <SimProcedure close>). Not re-hooking.[0m[0m
[1;33;40mWARNING - 2023-05-29 07:02:28,107 - [34mangr.project[0m - [34mAddress is already hooked, during hook(0x9049050, <SimProcedure printf>). Not re-hooking.[0m[0m
[1;33;40mWARNING - 2023-05-29 07:02:28,108 - [34mangr.project[0m - [34mAddress is already hooked, during hook(0xa100000, <SimProcedure strcmp>). Not re-hooking.[0m[0m
[1;33;40mWARNING - 2023-05-29 07:02:28,108 - [34mangr.project[0m - [34mAddress is already hooked, during hook(0xa100004, <SimProcedure printf>). Not re-hooking.[0m[0m
[1;33;40mWARNING - 2023-05-29 07:02:28,108 - [34mangr.project[0m - [34mAddress is already hooked, during hook(0xa100008, <SimProcedure fclose>). Not re-hooking.[0m[0m
[1;33;40mWARNING - 2023-05-29 07:02:28,108 - [34mangr.project[0m - [34mAddress is already hooked, during hook(0xa10000c, <SimProcedure fwrite>). Not re-hooking.[0m[0m
[1;33;40mWARNING - 2023-05-29 07:02:28,108 - [34mangr.project[0m - [34mAddress is already hooked, during hook(0xa100010, <SimProcedure __libc_start_main>). Not re-hooking.[0m[0m
[1;33;40mWARNING - 2023-05-29 07:02:28,108 - [34mangr.project[0m - [34mAddress is already hooked, during hook(0xa100014, <SimProcedure fopen>). Not re-hooking.[0m[0m
[1;33;40mWARNING - 2023-05-29 07:02:28,109 - [34mangr.project[0m - [34mAddress is already hooked, during hook(0xa100018, <SimProcedure socket>). Not re-hooking.[0m[0m
[1;33;40mWARNING - 2023-05-29 07:02:28,109 - [34mangr.project[0m - [34mAddress is already hooked, during hook(0xa10001c, <SimProcedure close>). Not re-hooking.[0m[0m
[1;32;40mINFO - 2023-05-29 07:02:28,109 - [36mCustomSimProcedure[0m - [36mcustom_hook_no_symbols[0m[0m
[1;33;40mWARNING - 2023-05-29 07:02:28,216 - [32mangr.storage.memory_mixins.default_filler_mixin[0m - [32mFilling memory at 0xc002032c with 4 unconstrained bytes referenced from 0xa100010 (__libc_start_main+0x0 in extern-address space (0x10))[0m[0m
[1;32;40mINFO - 2023-05-29 07:02:28,266 - [36mCustomSimProcedure[0m - [36mSyscall found:  malloc[<BV32 0x300>][0m[0m
[1;33;40mWARNING - 2023-05-29 07:02:28,298 - [32mangr.storage.memory_mixins.default_filler_mixin[0m - [32mFilling memory at 0xc002033c with 4 unconstrained bytes referenced from 0xa100010 (__libc_start_main+0x0 in extern-address space (0x10))[0m[0m
[1;32;40mINFO - 2023-05-29 07:02:28,349 - [36mCustomSimProcedure[0m - [36mSyscall found:  malloc[<BV32 0x4>][0m[0m
[1;33;40mWARNING - 2023-05-29 07:02:28,399 - [32mangr.storage.memory_mixins.default_filler_mixin[0m - [32mFilling memory at 0xc0020944 with 4 unconstrained bytes referenced from 0xa100010 (__libc_start_main+0x0 in extern-address space (0x10))[0m[0m
[1;32;40mINFO - 2023-05-29 07:02:28,448 - [36mCustomSimProcedure[0m - [36mSyscall found:  malloc[<BV32 0x600>][0m[0m
[1;33;40mWARNING - 2023-05-29 07:02:28,481 - [32mangr.storage.memory_mixins.default_filler_mixin[0m - [32mFilling memory at 0xc0020954 with 4 unconstrained bytes referenced from 0xa100010 (__libc_start_main+0x0 in extern-address space (0x10))[0m[0m
[1;32;40mINFO - 2023-05-29 07:02:28,530 - [36mCustomSimProcedure[0m - [36mSyscall found:  malloc[<BV32 0x4>][0m[0m
[1;33;40mWARNING - 2023-05-29 07:02:28,580 - [32mangr.storage.memory_mixins.default_filler_mixin[0m - [32mFilling memory at 0xc0020f5c with 4 unconstrained bytes referenced from 0xa100010 (__libc_start_main+0x0 in extern-address space (0x10))[0m[0m
[1;32;40mINFO - 2023-05-29 07:02:28,631 - [36mCustomSimProcedure[0m - [36mSyscall found:  malloc[<BV32 0x600>][0m[0m
[1;33;40mWARNING - 2023-05-29 07:02:28,661 - [32mangr.storage.memory_mixins.default_filler_mixin[0m - [32mFilling memory at 0xc0020f6c with 4 unconstrained bytes referenced from 0xa100010 (__libc_start_main+0x0 in extern-address space (0x10))[0m[0m
[1;32;40mINFO - 2023-05-29 07:02:28,711 - [36mCustomSimProcedure[0m - [36mSyscall found:  malloc[<BV32 0x4>][0m[0m
[1;33;40mWARNING - 2023-05-29 07:02:28,761 - [32mangr.storage.memory_mixins.default_filler_mixin[0m - [32mFilling memory at 0xc0020f7c with 4 unconstrained bytes referenced from 0xa100010 (__libc_start_main+0x0 in extern-address space (0x10))[0m[0m
[1;32;40mINFO - 2023-05-29 07:02:28,812 - [36mCustomSimProcedure[0m - [36mSyscall found:  malloc[<BV32 0x4>][0m[0m
[1;32;40mINFO - 2023-05-29 07:02:28,820 - [36mCustomSimProcedure[0m - [36mSyscall found:  __libc_start_main[<BV32 0x90491c0>, <BV32 0x1>, <BV32 0x7ffeffb0>, <BV32 0x90496b0>, <BV32 0x9049720>][0m[0m
[1;33;40mWARNING - 2023-05-29 07:02:28,835 - [32mangr.storage.memory_mixins.default_filler_mixin[0m - [32mFilling register edi with 4 unconstrained bytes referenced from 0x90496c0 (__libc_csu_init+0x10 in mutations7_exec (0x90496c0))[0m[0m
[1;32;40mINFO - 2023-05-29 07:02:28,930 - [36mCustomSimProcedure[0m - [36mSyscall found:  __libc_start_main[151294400, 1, 2147418032, 151295664, 151295776][0m[0m
[1;33;40mWARNING - 2023-05-29 07:02:28,982 - [32mangr.storage.memory_mixins.default_filler_mixin[0m - [32mFilling memory at 0x3 with 1 unconstrained bytes referenced from 0xa100000 (strcmp+0x0 in extern-address space (0x0))[0m[0m
[1;33;40mWARNING - 2023-05-29 07:02:28,983 - [32mangr.storage.memory_mixins.default_filler_mixin[0m - [32mFilling memory at 0x4 with 1 unconstrained bytes referenced from 0xa100000 (strcmp+0x0 in extern-address space (0x0))[0m[0m
[1;33;40mWARNING - 2023-05-29 07:02:28,984 - [32mangr.storage.memory_mixins.default_filler_mixin[0m - [32mFilling memory at 0x5 with 1 unconstrained bytes referenced from 0xa100000 (strcmp+0x0 in extern-address space (0x0))[0m[0m
[1;33;40mWARNING - 2023-05-29 07:02:28,985 - [32mangr.storage.memory_mixins.default_filler_mixin[0m - [32mFilling memory at 0x6 with 1 unconstrained bytes referenced from 0xa100000 (strcmp+0x0 in extern-address space (0x0))[0m[0m
[1;33;40mWARNING - 2023-05-29 07:02:28,985 - [32mangr.storage.memory_mixins.default_filler_mixin[0m - [32mFilling memory at 0x7 with 1 unconstrained bytes referenced from 0xa100000 (strcmp+0x0 in extern-address space (0x0))[0m[0m
[1;33;40mWARNING - 2023-05-29 07:02:28,986 - [32mangr.storage.memory_mixins.default_filler_mixin[0m - [32mFilling memory at 0x8 with 1 unconstrained bytes referenced from 0xa100000 (strcmp+0x0 in extern-address space (0x0))[0m[0m
[1;33;40mWARNING - 2023-05-29 07:02:28,987 - [32mangr.storage.memory_mixins.default_filler_mixin[0m - [32mFilling memory at 0x9 with 1 unconstrained bytes referenced from 0xa100000 (strcmp+0x0 in extern-address space (0x0))[0m[0m
[1;33;40mWARNING - 2023-05-29 07:02:28,988 - [32mangr.storage.memory_mixins.default_filler_mixin[0m - [32mFilling memory at 0xa with 1 unconstrained bytes referenced from 0xa100000 (strcmp+0x0 in extern-address space (0x0))[0m[0m
[1;33;40mWARNING - 2023-05-29 07:02:28,989 - [32mangr.storage.memory_mixins.default_filler_mixin[0m - [32mFilling memory at 0xb with 1 unconstrained bytes referenced from 0xa100000 (strcmp+0x0 in extern-address space (0x0))[0m[0m
[1;33;40mWARNING - 2023-05-29 07:02:28,989 - [32mangr.storage.memory_mixins.default_filler_mixin[0m - [32mFilling memory at 0xc with 1 unconstrained bytes referenced from 0xa100000 (strcmp+0x0 in extern-address space (0x0))[0m[0m
[1;33;40mWARNING - 2023-05-29 07:02:28,990 - [32mangr.storage.memory_mixins.default_filler_mixin[0m - [32mFilling memory at 0xd with 1 unconstrained bytes referenced from 0xa100000 (strcmp+0x0 in extern-address space (0x0))[0m[0m
[1;33;40mWARNING - 2023-05-29 07:02:28,991 - [32mangr.storage.memory_mixins.default_filler_mixin[0m - [32mFilling memory at 0xe with 1 unconstrained bytes referenced from 0xa100000 (strcmp+0x0 in extern-address space (0x0))[0m[0m
[1;33;40mWARNING - 2023-05-29 07:02:28,992 - [32mangr.storage.memory_mixins.default_filler_mixin[0m - [32mFilling memory at 0xf with 1 unconstrained bytes referenced from 0xa100000 (strcmp+0x0 in extern-address space (0x0))[0m[0m
[1;33;40mWARNING - 2023-05-29 07:02:28,993 - [32mangr.storage.memory_mixins.default_filler_mixin[0m - [32mFilling memory at 0x10 with 1 unconstrained bytes referenced from 0xa100000 (strcmp+0x0 in extern-address space (0x0))[0m[0m
[1;33;40mWARNING - 2023-05-29 07:02:28,994 - [32mangr.storage.memory_mixins.default_filler_mixin[0m - [32mFilling memory at 0x11 with 1 unconstrained bytes referenced from 0xa100000 (strcmp+0x0 in extern-address space (0x0))[0m[0m
[1;33;40mWARNING - 2023-05-29 07:02:28,995 - [32mangr.storage.memory_mixins.default_filler_mixin[0m - [32mFilling memory at 0x12 with 1 unconstrained bytes referenced from 0xa100000 (strcmp+0x0 in extern-address space (0x0))[0m[0m
[1;33;40mWARNING - 2023-05-29 07:02:28,996 - [32mangr.storage.memory_mixins.default_filler_mixin[0m - [32mFilling memory at 0x13 with 1 unconstrained bytes referenced from 0xa100000 (strcmp+0x0 in extern-address space (0x0))[0m[0m
[1;33;40mWARNING - 2023-05-29 07:02:28,996 - [32mangr.storage.memory_mixins.default_filler_mixin[0m - [32mFilling memory at 0x14 with 1 unconstrained bytes referenced from 0xa100000 (strcmp+0x0 in extern-address space (0x0))[0m[0m
[1;33;40mWARNING - 2023-05-29 07:02:28,997 - [32mangr.storage.memory_mixins.default_filler_mixin[0m - [32mFilling memory at 0x15 with 1 unconstrained bytes referenced from 0xa100000 (strcmp+0x0 in extern-address space (0x0))[0m[0m
[1;33;40mWARNING - 2023-05-29 07:02:28,998 - [32mangr.storage.memory_mixins.default_filler_mixin[0m - [32mFilling memory at 0x16 with 1 unconstrained bytes referenced from 0xa100000 (strcmp+0x0 in extern-address space (0x0))[0m[0m
[1;33;40mWARNING - 2023-05-29 07:02:28,999 - [32mangr.storage.memory_mixins.default_filler_mixin[0m - [32mFilling memory at 0x17 with 1 unconstrained bytes referenced from 0xa100000 (strcmp+0x0 in extern-address space (0x0))[0m[0m
[1;33;40mWARNING - 2023-05-29 07:02:29,000 - [32mangr.storage.memory_mixins.default_filler_mixin[0m - [32mFilling memory at 0x18 with 1 unconstrained bytes referenced from 0xa100000 (strcmp+0x0 in extern-address space (0x0))[0m[0m
[1;33;40mWARNING - 2023-05-29 07:02:29,001 - [32mangr.storage.memory_mixins.default_filler_mixin[0m - [32mFilling memory at 0x19 with 1 unconstrained bytes referenced from 0xa100000 (strcmp+0x0 in extern-address space (0x0))[0m[0m
[1;33;40mWARNING - 2023-05-29 07:02:29,002 - [32mangr.storage.memory_mixins.default_filler_mixin[0m - [32mFilling memory at 0x1a with 1 unconstrained bytes referenced from 0xa100000 (strcmp+0x0 in extern-address space (0x0))[0m[0m
[1;33;40mWARNING - 2023-05-29 07:02:29,003 - [32mangr.storage.memory_mixins.default_filler_mixin[0m - [32mFilling memory at 0x1b with 1 unconstrained bytes referenced from 0xa100000 (strcmp+0x0 in extern-address space (0x0))[0m[0m
[1;33;40mWARNING - 2023-05-29 07:02:29,004 - [32mangr.storage.memory_mixins.default_filler_mixin[0m - [32mFilling memory at 0x1c with 1 unconstrained bytes referenced from 0xa100000 (strcmp+0x0 in extern-address space (0x0))[0m[0m
[1;33;40mWARNING - 2023-05-29 07:02:29,004 - [32mangr.storage.memory_mixins.default_filler_mixin[0m - [32mFilling memory at 0x1d with 1 unconstrained bytes referenced from 0xa100000 (strcmp+0x0 in extern-address space (0x0))[0m[0m
[1;33;40mWARNING - 2023-05-29 07:02:29,005 - [32mangr.storage.memory_mixins.default_filler_mixin[0m - [32mFilling memory at 0x1e with 1 unconstrained bytes referenced from 0xa100000 (strcmp+0x0 in extern-address space (0x0))[0m[0m
[1;33;40mWARNING - 2023-05-29 07:02:29,006 - [32mangr.storage.memory_mixins.default_filler_mixin[0m - [32mFilling memory at 0x1f with 1 unconstrained bytes referenced from 0xa100000 (strcmp+0x0 in extern-address space (0x0))[0m[0m
[1;33;40mWARNING - 2023-05-29 07:02:29,007 - [32mangr.storage.memory_mixins.default_filler_mixin[0m - [32mFilling memory at 0x20 with 1 unconstrained bytes referenced from 0xa100000 (strcmp+0x0 in extern-address space (0x0))[0m[0m
[1;33;40mWARNING - 2023-05-29 07:02:29,008 - [32mangr.storage.memory_mixins.default_filler_mixin[0m - [32mFilling memory at 0x21 with 1 unconstrained bytes referenced from 0xa100000 (strcmp+0x0 in extern-address space (0x0))[0m[0m
[1;33;40mWARNING - 2023-05-29 07:02:29,010 - [32mangr.storage.memory_mixins.default_filler_mixin[0m - [32mFilling memory at 0x22 with 1 unconstrained bytes referenced from 0xa100000 (strcmp+0x0 in extern-address space (0x0))[0m[0m
[1;33;40mWARNING - 2023-05-29 07:02:29,010 - [32mangr.storage.memory_mixins.default_filler_mixin[0m - [32mFilling memory at 0x23 with 1 unconstrained bytes referenced from 0xa100000 (strcmp+0x0 in extern-address space (0x0))[0m[0m
[1;33;40mWARNING - 2023-05-29 07:02:29,011 - [32mangr.storage.memory_mixins.default_filler_mixin[0m - [32mFilling memory at 0x24 with 1 unconstrained bytes referenced from 0xa100000 (strcmp+0x0 in extern-address space (0x0))[0m[0m
[1;33;40mWARNING - 2023-05-29 07:02:29,012 - [32mangr.storage.memory_mixins.default_filler_mixin[0m - [32mFilling memory at 0x25 with 1 unconstrained bytes referenced from 0xa100000 (strcmp+0x0 in extern-address space (0x0))[0m[0m
[1;33;40mWARNING - 2023-05-29 07:02:29,014 - [32mangr.storage.memory_mixins.default_filler_mixin[0m - [32mFilling memory at 0x26 with 1 unconstrained bytes referenced from 0xa100000 (strcmp+0x0 in extern-address space (0x0))[0m[0m
[1;33;40mWARNING - 2023-05-29 07:02:29,015 - [32mangr.storage.memory_mixins.default_filler_mixin[0m - [32mFilling memory at 0x27 with 1 unconstrained bytes referenced from 0xa100000 (strcmp+0x0 in extern-address space (0x0))[0m[0m
[1;33;40mWARNING - 2023-05-29 07:02:29,016 - [32mangr.storage.memory_mixins.default_filler_mixin[0m - [32mFilling memory at 0x28 with 1 unconstrained bytes referenced from 0xa100000 (strcmp+0x0 in extern-address space (0x0))[0m[0m
[1;33;40mWARNING - 2023-05-29 07:02:29,017 - [32mangr.storage.memory_mixins.default_filler_mixin[0m - [32mFilling memory at 0x29 with 1 unconstrained bytes referenced from 0xa100000 (strcmp+0x0 in extern-address space (0x0))[0m[0m
[1;33;40mWARNING - 2023-05-29 07:02:29,017 - [32mangr.storage.memory_mixins.default_filler_mixin[0m - [32mFilling memory at 0x2a with 1 unconstrained bytes referenced from 0xa100000 (strcmp+0x0 in extern-address space (0x0))[0m[0m
[1;33;40mWARNING - 2023-05-29 07:02:29,018 - [32mangr.storage.memory_mixins.default_filler_mixin[0m - [32mFilling memory at 0x2b with 1 unconstrained bytes referenced from 0xa100000 (strcmp+0x0 in extern-address space (0x0))[0m[0m
[1;33;40mWARNING - 2023-05-29 07:02:29,019 - [32mangr.storage.memory_mixins.default_filler_mixin[0m - [32mFilling memory at 0x2c with 1 unconstrained bytes referenced from 0xa100000 (strcmp+0x0 in extern-address space (0x0))[0m[0m
[1;33;40mWARNING - 2023-05-29 07:02:29,020 - [32mangr.storage.memory_mixins.default_filler_mixin[0m - [32mFilling memory at 0x2d with 1 unconstrained bytes referenced from 0xa100000 (strcmp+0x0 in extern-address space (0x0))[0m[0m
[1;33;40mWARNING - 2023-05-29 07:02:29,020 - [32mangr.storage.memory_mixins.default_filler_mixin[0m - [32mFilling memory at 0x2e with 1 unconstrained bytes referenced from 0xa100000 (strcmp+0x0 in extern-address space (0x0))[0m[0m
[1;33;40mWARNING - 2023-05-29 07:02:29,021 - [32mangr.storage.memory_mixins.default_filler_mixin[0m - [32mFilling memory at 0x2f with 1 unconstrained bytes referenced from 0xa100000 (strcmp+0x0 in extern-address space (0x0))[0m[0m
[1;33;40mWARNING - 2023-05-29 07:02:29,023 - [32mangr.storage.memory_mixins.default_filler_mixin[0m - [32mFilling memory at 0x34 with 1 unconstrained bytes referenced from 0xa100000 (strcmp+0x0 in extern-address space (0x0))[0m[0m
[1;33;40mWARNING - 2023-05-29 07:02:29,025 - [32mangr.storage.memory_mixins.default_filler_mixin[0m - [32mFilling memory at 0x35 with 1 unconstrained bytes referenced from 0xa100000 (strcmp+0x0 in extern-address space (0x0))[0m[0m
[1;33;40mWARNING - 2023-05-29 07:02:29,027 - [32mangr.storage.memory_mixins.default_filler_mixin[0m - [32mFilling memory at 0x36 with 1 unconstrained bytes referenced from 0xa100000 (strcmp+0x0 in extern-address space (0x0))[0m[0m
[1;33;40mWARNING - 2023-05-29 07:02:29,028 - [32mangr.storage.memory_mixins.default_filler_mixin[0m - [32mFilling memory at 0x37 with 1 unconstrained bytes referenced from 0xa100000 (strcmp+0x0 in extern-address space (0x0))[0m[0m
[1;33;40mWARNING - 2023-05-29 07:02:29,029 - [32mangr.storage.memory_mixins.default_filler_mixin[0m - [32mFilling memory at 0x38 with 1 unconstrained bytes referenced from 0xa100000 (strcmp+0x0 in extern-address space (0x0))[0m[0m
[1;33;40mWARNING - 2023-05-29 07:02:29,030 - [32mangr.storage.memory_mixins.default_filler_mixin[0m - [32mFilling memory at 0x39 with 1 unconstrained bytes referenced from 0xa100000 (strcmp+0x0 in extern-address space (0x0))[0m[0m
[1;33;40mWARNING - 2023-05-29 07:02:29,032 - [32mangr.storage.memory_mixins.default_filler_mixin[0m - [32mFilling memory at 0x3a with 1 unconstrained bytes referenced from 0xa100000 (strcmp+0x0 in extern-address space (0x0))[0m[0m
[1;33;40mWARNING - 2023-05-29 07:02:29,033 - [32mangr.storage.memory_mixins.default_filler_mixin[0m - [32mFilling memory at 0x3b with 1 unconstrained bytes referenced from 0xa100000 (strcmp+0x0 in extern-address space (0x0))[0m[0m
[1;33;40mWARNING - 2023-05-29 07:02:29,034 - [32mangr.storage.memory_mixins.default_filler_mixin[0m - [32mFilling memory at 0x3c with 1 unconstrained bytes referenced from 0xa100000 (strcmp+0x0 in extern-address space (0x0))[0m[0m
[1;33;40mWARNING - 2023-05-29 07:02:29,035 - [32mangr.storage.memory_mixins.default_filler_mixin[0m - [32mFilling memory at 0x3d with 1 unconstrained bytes referenced from 0xa100000 (strcmp+0x0 in extern-address space (0x0))[0m[0m
[1;32;40mINFO - 2023-05-29 07:02:29,053 - [36mCustomSimProcedure[0m - [36mSyscall found:  strlen[<BV32 0x0>][0m[0m
[1;32;40mINFO - 2023-05-29 07:02:29,056 - [36mCustomSimProcedure[0m - [36mSyscall found:  strlen[<BV32 0x804a044>][0m[0m
[1;32;40mINFO - 2023-05-29 07:02:29,060 - [36mCustomSimProcedure[0m - [36mSyscall found:  strncmp[<BV32 0x0>, <BV32 0x804a044>, <BV32 0x3b>][0m[0m
[1;32;40mINFO - 2023-05-29 07:02:29,060 - [36mCustomSimProcedure[0m - [36mSyscall found:  strcmp[<BV32 0x0>, <BV32 0x804a044>][0m[0m
[1;32;40mINFO - 2023-05-29 07:02:29,198 - [36mCustomSimProcedure[0m - [36mSyscall found:  strlen[<BV32 0x0>][0m[0m
[1;32;40mINFO - 2023-05-29 07:02:29,199 - [36mCustomSimProcedure[0m - [36mSyscall found:  strlen[<BV32 0x804a046>][0m[0m
[1;32;40mINFO - 2023-05-29 07:02:29,202 - [36mCustomSimProcedure[0m - [36mSyscall found:  strncmp[<BV32 0x0>, <BV32 0x804a046>, <BV32 0x3b>][0m[0m
[1;32;40mINFO - 2023-05-29 07:02:29,203 - [36mCustomSimProcedure[0m - [36mSyscall found:  strcmp[<BV32 0x0>, <BV32 0x804a046>][0m[0m
[1;32;40mINFO - 2023-05-29 07:02:29,355 - [36mCustomSimProcedure[0m - [36mSyscall found:  strlen[<BV32 0x0>][0m[0m
[1;32;40mINFO - 2023-05-29 07:02:29,356 - [36mCustomSimProcedure[0m - [36mSyscall found:  strlen[<BV32 0x804a048>][0m[0m
[1;32;40mINFO - 2023-05-29 07:02:29,359 - [36mCustomSimProcedure[0m - [36mSyscall found:  strncmp[<BV32 0x0>, <BV32 0x804a048>, <BV32 0x3b>][0m[0m
[1;32;40mINFO - 2023-05-29 07:02:29,359 - [36mCustomSimProcedure[0m - [36mSyscall found:  strcmp[<BV32 0x0>, <BV32 0x804a048>][0m[0m
[1;32;40mINFO - 2023-05-29 07:02:29,516 - [36mCustomSimProcedure[0m - [36mSyscall found:  __libc_start_main[151294400, 1, 2147418032, 151295664, 151295776][0m[0m
[1;32;40mINFO - 2023-05-29 07:02:29,517 - [32mSemaExplorerCDFS[0m - [32mA new block of execution have been executed with changes in sim_manager.[0m[0m
[1;32;40mINFO - 2023-05-29 07:02:29,518 - [32mSemaExplorerCDFS[0m - [32mCurrently, simulation manager is :
<SimulationManager with 1 deadended>[0m[0m
[1;32;40mINFO - 2023-05-29 07:02:29,518 - [32mSemaExplorerCDFS[0m - [32mpause stash len :0[0m[0m
[1;32;40mINFO - 2023-05-29 07:02:29,518 - [32mSemaExplorerCDFS[0m - [32mlen(simgr.active) <= 0 or deadended >= self.max_end_state)[0m[0m
[1;32;40mINFO - 2023-05-29 07:02:29,533 - [37mGraphBuilder[0m - [37mOutput dir :src/output/runs/132//random_mutations[0m[0m
