[1;33;40mWARNING - 2023-05-29 07:01:49,674 - [34mangr.project[0m - [34mDisabling IRSB translation cache because support for self-modifying code is enabled.[0m[0m
[1;33;40mWARNING - 2023-05-29 07:01:49,757 - [32mangr.storage.memory_mixins.default_filler_mixin[0m - [32mFilling memory at 0xc000800c with 4 unconstrained bytes referenced from 0x9049810 (_start+0x0 in mutations2_exec (0x9049810))[0m[0m
[1;33;40mWARNING - 2023-05-29 07:01:52,510 - [32mangr.storage.memory_mixins.default_filler_mixin[0m - [32mFilling memory at 0xc0010014 with 4 unconstrained bytes referenced from 0x9049810 (_start+0x0 in mutations2_exec (0x9049810))[0m[0m
[1;33;40mWARNING - 2023-05-29 07:01:56,055 - [32mangr.storage.memory_mixins.default_filler_mixin[0m - [32mFilling memory at 0xc001801c with 4 unconstrained bytes referenced from 0x9049810 (_start+0x0 in mutations2_exec (0x9049810))[0m[0m
[1;33;40mWARNING - 2023-05-29 07:01:58,935 - [32mangr.storage.memory_mixins.default_filler_mixin[0m - [32mFilling memory at 0xc0020024 with 4 unconstrained bytes referenced from 0x9049810 (_start+0x0 in mutations2_exec (0x9049810))[0m[0m
[1;32;40mINFO - 2023-05-29 07:02:01,022 - [33mwerkzeug[0m - [33m172.17.0.1 - - [29/May/2023 07:02:01] "GET /iteration-scdg HTTP/1.1" 200 -[0m[0m
[1;32;40mINFO - 2023-05-29 07:02:01,049 - [33mwerkzeug[0m - [33m172.17.0.1 - - [29/May/2023 07:02:01] "GET /progress-scdg HTTP/1.1" 200 -[0m[0m
[1;33;40mWARNING - 2023-05-29 07:02:01,835 - [32mangr.storage.memory_mixins.default_filler_mixin[0m - [32mFilling memory at 0x30 with 4 unconstrained bytes referenced from 0x9049810 (_start+0x0 in mutations2_exec (0x9049810))[0m[0m
[1;32;40mINFO - 2023-05-29 07:02:01,942 - [36mCustomSimProcedure[0m - [36mcustom_hook_static[0m[0m
[1;33;40mWARNING - 2023-05-29 07:02:01,943 - [34mangr.project[0m - [34mAddress is already hooked, during hook(0x0, <SimProcedure fclose>). Not re-hooking.[0m[0m
[1;33;40mWARNING - 2023-05-29 07:02:01,943 - [34mangr.project[0m - [34mAddress is already hooked, during hook(0x0, <SimProcedure fwrite>). Not re-hooking.[0m[0m
[1;33;40mWARNING - 2023-05-29 07:02:01,943 - [34mangr.project[0m - [34mAddress is already hooked, during hook(0x0, <SimProcedure getenv>). Not re-hooking.[0m[0m
[1;33;40mWARNING - 2023-05-29 07:02:01,943 - [34mangr.project[0m - [34mAddress is already hooked, during hook(0x0, <SimProcedure malloc>). Not re-hooking.[0m[0m
[1;33;40mWARNING - 2023-05-29 07:02:01,944 - [34mangr.project[0m - [34mAddress is already hooked, during hook(0x0, <SimProcedure strlen>). Not re-hooking.[0m[0m
[1;33;40mWARNING - 2023-05-29 07:02:01,944 - [34mangr.project[0m - [34mAddress is already hooked, during hook(0x0, <SimProcedure __libc_start_main>). Not re-hooking.[0m[0m
[1;33;40mWARNING - 2023-05-29 07:02:01,944 - [34mangr.project[0m - [34mAddress is already hooked, during hook(0x0, <SimProcedure fopen>). Not re-hooking.[0m[0m
[1;33;40mWARNING - 2023-05-29 07:02:01,944 - [34mangr.project[0m - [34mAddress is already hooked, during hook(0x0, <SimProcedure socket>). Not re-hooking.[0m[0m
[1;33;40mWARNING - 2023-05-29 07:02:01,945 - [34mangr.project[0m - [34mAddress is already hooked, during hook(0x0, <SimProcedure close>). Not re-hooking.[0m[0m
[1;33;40mWARNING - 2023-05-29 07:02:01,945 - [34mangr.project[0m - [34mAddress is already hooked, during hook(0x0, <SimProcedure strcmp>). Not re-hooking.[0m[0m
[1;33;40mWARNING - 2023-05-29 07:02:01,945 - [34mangr.project[0m - [34mAddress is already hooked, during hook(0x0, <SimProcedure fclose>). Not re-hooking.[0m[0m
[1;33;40mWARNING - 2023-05-29 07:02:01,945 - [34mangr.project[0m - [34mAddress is already hooked, during hook(0x0, <SimProcedure fwrite>). Not re-hooking.[0m[0m
[1;33;40mWARNING - 2023-05-29 07:02:01,945 - [34mangr.project[0m - [34mAddress is already hooked, during hook(0x0, <SimProcedure getenv>). Not re-hooking.[0m[0m
[1;33;40mWARNING - 2023-05-29 07:02:01,946 - [34mangr.project[0m - [34mAddress is already hooked, during hook(0x0, <SimProcedure malloc>). Not re-hooking.[0m[0m
[1;33;40mWARNING - 2023-05-29 07:02:01,946 - [34mangr.project[0m - [34mAddress is already hooked, during hook(0x0, <SimProcedure strlen>). Not re-hooking.[0m[0m
[1;33;40mWARNING - 2023-05-29 07:02:01,946 - [34mangr.project[0m - [34mAddress is already hooked, during hook(0x0, <SimProcedure __libc_start_main>). Not re-hooking.[0m[0m
[1;33;40mWARNING - 2023-05-29 07:02:01,946 - [34mangr.project[0m - [34mAddress is already hooked, during hook(0x0, <SimProcedure fopen>). Not re-hooking.[0m[0m
[1;33;40mWARNING - 2023-05-29 07:02:01,946 - [34mangr.project[0m - [34mAddress is already hooked, during hook(0x0, <SimProcedure socket>). Not re-hooking.[0m[0m
[1;33;40mWARNING - 2023-05-29 07:02:01,947 - [34mangr.project[0m - [34mAddress is already hooked, during hook(0x0, <SimProcedure close>). Not re-hooking.[0m[0m
[1;33;40mWARNING - 2023-05-29 07:02:01,947 - [34mangr.project[0m - [34mAddress is already hooked, during hook(0x9049050, <SimProcedure printf>). Not re-hooking.[0m[0m
[1;33;40mWARNING - 2023-05-29 07:02:01,947 - [34mangr.project[0m - [34mAddress is already hooked, during hook(0xa100000, <SimProcedure strcmp>). Not re-hooking.[0m[0m
[1;33;40mWARNING - 2023-05-29 07:02:01,948 - [34mangr.project[0m - [34mAddress is already hooked, during hook(0xa100004, <SimProcedure printf>). Not re-hooking.[0m[0m
[1;33;40mWARNING - 2023-05-29 07:02:01,948 - [34mangr.project[0m - [34mAddress is already hooked, during hook(0xa100008, <SimProcedure fclose>). Not re-hooking.[0m[0m
[1;33;40mWARNING - 2023-05-29 07:02:01,948 - [34mangr.project[0m - [34mAddress is already hooked, during hook(0xa10000c, <SimProcedure fwrite>). Not re-hooking.[0m[0m
[1;33;40mWARNING - 2023-05-29 07:02:01,948 - [34mangr.project[0m - [34mAddress is already hooked, during hook(0xa100010, <SimProcedure getenv>). Not re-hooking.[0m[0m
[1;33;40mWARNING - 2023-05-29 07:02:01,948 - [34mangr.project[0m - [34mAddress is already hooked, during hook(0xa100014, <SimProcedure malloc>). Not re-hooking.[0m[0m
[1;33;40mWARNING - 2023-05-29 07:02:01,949 - [34mangr.project[0m - [34mAddress is already hooked, during hook(0xa100018, <SimProcedure strlen>). Not re-hooking.[0m[0m
[1;33;40mWARNING - 2023-05-29 07:02:01,949 - [34mangr.project[0m - [34mAddress is already hooked, during hook(0xa10001c, <SimProcedure __libc_start_main>). Not re-hooking.[0m[0m
[1;33;40mWARNING - 2023-05-29 07:02:01,949 - [34mangr.project[0m - [34mAddress is already hooked, during hook(0xa100020, <SimProcedure fopen>). Not re-hooking.[0m[0m
[1;33;40mWARNING - 2023-05-29 07:02:01,949 - [34mangr.project[0m - [34mAddress is already hooked, during hook(0xa100024, <SimProcedure socket>). Not re-hooking.[0m[0m
[1;33;40mWARNING - 2023-05-29 07:02:01,949 - [34mangr.project[0m - [34mAddress is already hooked, during hook(0xa10002c, <SimProcedure close>). Not re-hooking.[0m[0m
[1;32;40mINFO - 2023-05-29 07:02:01,949 - [36mCustomSimProcedure[0m - [36mcustom_hook_no_symbols[0m[0m
[1;33;40mWARNING - 2023-05-29 07:02:02,065 - [32mangr.storage.memory_mixins.default_filler_mixin[0m - [32mFilling memory at 0xc002032c with 4 unconstrained bytes referenced from 0xa10001c (__libc_start_main+0x0 in extern-address space (0x1c))[0m[0m
[1;32;40mINFO - 2023-05-29 07:02:02,117 - [36mCustomSimProcedure[0m - [36mSyscall found:  malloc[<BV32 0x300>][0m[0m
[1;33;40mWARNING - 2023-05-29 07:02:02,149 - [32mangr.storage.memory_mixins.default_filler_mixin[0m - [32mFilling memory at 0xc002033c with 4 unconstrained bytes referenced from 0xa10001c (__libc_start_main+0x0 in extern-address space (0x1c))[0m[0m
[1;32;40mINFO - 2023-05-29 07:02:02,199 - [36mCustomSimProcedure[0m - [36mSyscall found:  malloc[<BV32 0x4>][0m[0m
[1;33;40mWARNING - 2023-05-29 07:02:02,248 - [32mangr.storage.memory_mixins.default_filler_mixin[0m - [32mFilling memory at 0xc0020944 with 4 unconstrained bytes referenced from 0xa10001c (__libc_start_main+0x0 in extern-address space (0x1c))[0m[0m
[1;32;40mINFO - 2023-05-29 07:02:02,299 - [36mCustomSimProcedure[0m - [36mSyscall found:  malloc[<BV32 0x600>][0m[0m
[1;33;40mWARNING - 2023-05-29 07:02:02,331 - [32mangr.storage.memory_mixins.default_filler_mixin[0m - [32mFilling memory at 0xc0020954 with 4 unconstrained bytes referenced from 0xa10001c (__libc_start_main+0x0 in extern-address space (0x1c))[0m[0m
[1;32;40mINFO - 2023-05-29 07:02:02,382 - [36mCustomSimProcedure[0m - [36mSyscall found:  malloc[<BV32 0x4>][0m[0m
[1;33;40mWARNING - 2023-05-29 07:02:02,433 - [32mangr.storage.memory_mixins.default_filler_mixin[0m - [32mFilling memory at 0xc0020f5c with 4 unconstrained bytes referenced from 0xa10001c (__libc_start_main+0x0 in extern-address space (0x1c))[0m[0m
[1;32;40mINFO - 2023-05-29 07:02:02,488 - [36mCustomSimProcedure[0m - [36mSyscall found:  malloc[<BV32 0x600>][0m[0m
[1;33;40mWARNING - 2023-05-29 07:02:02,522 - [32mangr.storage.memory_mixins.default_filler_mixin[0m - [32mFilling memory at 0xc0020f6c with 4 unconstrained bytes referenced from 0xa10001c (__libc_start_main+0x0 in extern-address space (0x1c))[0m[0m
[1;32;40mINFO - 2023-05-29 07:02:02,572 - [36mCustomSimProcedure[0m - [36mSyscall found:  malloc[<BV32 0x4>][0m[0m
[1;33;40mWARNING - 2023-05-29 07:02:02,622 - [32mangr.storage.memory_mixins.default_filler_mixin[0m - [32mFilling memory at 0xc0020f7c with 4 unconstrained bytes referenced from 0xa10001c (__libc_start_main+0x0 in extern-address space (0x1c))[0m[0m
[1;32;40mINFO - 2023-05-29 07:02:02,673 - [36mCustomSimProcedure[0m - [36mSyscall found:  malloc[<BV32 0x4>][0m[0m
[1;32;40mINFO - 2023-05-29 07:02:02,681 - [36mCustomSimProcedure[0m - [36mSyscall found:  __libc_start_main[<BV32 0x9049100>, <BV32 0x1>, <BV32 0x7ffeffb0>, <BV32 0x9049930>, <BV32 0x90499a0>][0m[0m
[1;33;40mWARNING - 2023-05-29 07:02:02,697 - [32mangr.storage.memory_mixins.default_filler_mixin[0m - [32mFilling register edi with 4 unconstrained bytes referenced from 0x9049940 (__libc_csu_init+0x10 in mutations2_exec (0x9049940))[0m[0m
[1;32;40mINFO - 2023-05-29 07:02:02,798 - [36mCustomSimProcedure[0m - [36mSyscall found:  __libc_start_main[151294208, 1, 2147418032, 151296304, 151296416][0m[0m
[1;33;40mWARNING - 2023-05-29 07:02:02,852 - [32mangr.storage.memory_mixins.default_filler_mixin[0m - [32mFilling memory at 0x7ffeff49 with 1 unconstrained bytes referenced from 0xa100018 (strlen+0x0 in extern-address space (0x18))[0m[0m
[1;32;40mINFO - 2023-05-29 07:02:02,853 - [36mCustomSimProcedure[0m - [36mSyscall found:  strlen[<BV32 0x7ffeff38>][0m[0m
[1;33;40mWARNING - 2023-05-29 07:02:02,895 - [32mangr.storage.memory_mixins.default_filler_mixin[0m - [32mFilling memory at 0xc0020f94 with 4 unconstrained bytes referenced from 0xa100014 (malloc+0x0 in extern-address space (0x14))[0m[0m
[1;32;40mINFO - 2023-05-29 07:02:02,946 - [36mCustomSimProcedure[0m - [36mSyscall found:  malloc[<BV32 0xc>][0m[0m
[1;32;40mINFO - 2023-05-29 07:02:15,436 - [36mCustomSimProcedure[0m - [36mSyscall found:  strlen[<BV32 0x7ffeff49>][0m[0m
[1;33;40mWARNING - 2023-05-29 07:02:15,437 - [32mangr.storage.memory_mixins.default_filler_mixin[0m - [32mFilling memory at 0x1900000000 with 2 unconstrained bytes referenced from 0xa100010 (getenv+0x0 in extern-address space (0x10))[0m[0m
[1;33;40mWARNING - 2023-05-29 07:02:15,438 - [32mangr.storage.memory_mixins.default_filler_mixin[0m - [32mFilling memory at 0x1900000002 with 1 unconstrained bytes referenced from 0xa100010 (getenv+0x0 in extern-address space (0x10))[0m[0m
[1;33;40mWARNING - 2023-05-29 07:02:15,439 - [32mangr.storage.memory_mixins.default_filler_mixin[0m - [32mFilling memory at 0x1900000003 with 1 unconstrained bytes referenced from 0xa100010 (getenv+0x0 in extern-address space (0x10))[0m[0m
[1;33;40mWARNING - 2023-05-29 07:02:15,440 - [32mangr.storage.memory_mixins.default_filler_mixin[0m - [32mFilling memory at 0x1900000004 with 1 unconstrained bytes referenced from 0xa100010 (getenv+0x0 in extern-address space (0x10))[0m[0m
[1;33;40mWARNING - 2023-05-29 07:02:15,441 - [32mangr.storage.memory_mixins.default_filler_mixin[0m - [32mFilling memory at 0x1900000005 with 1 unconstrained bytes referenced from 0xa100010 (getenv+0x0 in extern-address space (0x10))[0m[0m
[1;33;40mWARNING - 2023-05-29 07:02:15,442 - [32mangr.storage.memory_mixins.default_filler_mixin[0m - [32mFilling memory at 0x1900000006 with 1 unconstrained bytes referenced from 0xa100010 (getenv+0x0 in extern-address space (0x10))[0m[0m
[1;33;40mWARNING - 2023-05-29 07:02:15,444 - [32mangr.storage.memory_mixins.default_filler_mixin[0m - [32mFilling memory at 0x1900000007 with 1 unconstrained bytes referenced from 0xa100010 (getenv+0x0 in extern-address space (0x10))[0m[0m
[1;33;40mWARNING - 2023-05-29 07:02:15,445 - [32mangr.storage.memory_mixins.default_filler_mixin[0m - [32mFilling memory at 0x1900000008 with 1 unconstrained bytes referenced from 0xa100010 (getenv+0x0 in extern-address space (0x10))[0m[0m
[1;33;40mWARNING - 2023-05-29 07:02:15,446 - [32mangr.storage.memory_mixins.default_filler_mixin[0m - [32mFilling memory at 0x1900000009 with 1 unconstrained bytes referenced from 0xa100010 (getenv+0x0 in extern-address space (0x10))[0m[0m
[1;33;40mWARNING - 2023-05-29 07:02:15,447 - [32mangr.storage.memory_mixins.default_filler_mixin[0m - [32mFilling memory at 0x190000000a with 1 unconstrained bytes referenced from 0xa100010 (getenv+0x0 in extern-address space (0x10))[0m[0m
[1;33;40mWARNING - 2023-05-29 07:02:15,448 - [32mangr.storage.memory_mixins.default_filler_mixin[0m - [32mFilling memory at 0x190000000b with 1 unconstrained bytes referenced from 0xa100010 (getenv+0x0 in extern-address space (0x10))[0m[0m
[1;33;40mWARNING - 2023-05-29 07:02:15,449 - [32mangr.storage.memory_mixins.default_filler_mixin[0m - [32mFilling memory at 0x190000000c with 1 unconstrained bytes referenced from 0xa100010 (getenv+0x0 in extern-address space (0x10))[0m[0m
[1;33;40mWARNING - 2023-05-29 07:02:15,450 - [32mangr.storage.memory_mixins.default_filler_mixin[0m - [32mFilling memory at 0x190000000d with 1 unconstrained bytes referenced from 0xa100010 (getenv+0x0 in extern-address space (0x10))[0m[0m
[1;33;40mWARNING - 2023-05-29 07:02:15,451 - [32mangr.storage.memory_mixins.default_filler_mixin[0m - [32mFilling memory at 0x190000000e with 1 unconstrained bytes referenced from 0xa100010 (getenv+0x0 in extern-address space (0x10))[0m[0m
[1;33;40mWARNING - 2023-05-29 07:02:15,452 - [32mangr.storage.memory_mixins.default_filler_mixin[0m - [32mFilling memory at 0x190000000f with 1 unconstrained bytes referenced from 0xa100010 (getenv+0x0 in extern-address space (0x10))[0m[0m
[1;33;40mWARNING - 2023-05-29 07:02:15,453 - [32mangr.storage.memory_mixins.default_filler_mixin[0m - [32mFilling memory at 0x1900000010 with 1 unconstrained bytes referenced from 0xa100010 (getenv+0x0 in extern-address space (0x10))[0m[0m
[1;33;40mWARNING - 2023-05-29 07:02:15,454 - [32mangr.storage.memory_mixins.default_filler_mixin[0m - [32mFilling memory at 0x1900000011 with 1 unconstrained bytes referenced from 0xa100010 (getenv+0x0 in extern-address space (0x10))[0m[0m
[1;33;40mWARNING - 2023-05-29 07:02:15,455 - [32mangr.storage.memory_mixins.default_filler_mixin[0m - [32mFilling memory at 0x1900000012 with 1 unconstrained bytes referenced from 0xa100010 (getenv+0x0 in extern-address space (0x10))[0m[0m
[1;33;40mWARNING - 2023-05-29 07:02:15,456 - [32mangr.storage.memory_mixins.default_filler_mixin[0m - [32mFilling memory at 0x1900000013 with 1 unconstrained bytes referenced from 0xa100010 (getenv+0x0 in extern-address space (0x10))[0m[0m
[1;33;40mWARNING - 2023-05-29 07:02:15,458 - [32mangr.storage.memory_mixins.default_filler_mixin[0m - [32mFilling memory at 0x1900000014 with 1 unconstrained bytes referenced from 0xa100010 (getenv+0x0 in extern-address space (0x10))[0m[0m
[1;33;40mWARNING - 2023-05-29 07:02:15,459 - [32mangr.storage.memory_mixins.default_filler_mixin[0m - [32mFilling memory at 0x1900000015 with 1 unconstrained bytes referenced from 0xa100010 (getenv+0x0 in extern-address space (0x10))[0m[0m
[1;33;40mWARNING - 2023-05-29 07:02:15,460 - [32mangr.storage.memory_mixins.default_filler_mixin[0m - [32mFilling memory at 0x1900000016 with 1 unconstrained bytes referenced from 0xa100010 (getenv+0x0 in extern-address space (0x10))[0m[0m
[1;33;40mWARNING - 2023-05-29 07:02:15,461 - [32mangr.storage.memory_mixins.default_filler_mixin[0m - [32mFilling memory at 0x1900000017 with 1 unconstrained bytes referenced from 0xa100010 (getenv+0x0 in extern-address space (0x10))[0m[0m
[1;33;40mWARNING - 2023-05-29 07:02:15,462 - [32mangr.storage.memory_mixins.default_filler_mixin[0m - [32mFilling memory at 0x1900000018 with 1 unconstrained bytes referenced from 0xa100010 (getenv+0x0 in extern-address space (0x10))[0m[0m
[1;33;40mWARNING - 2023-05-29 07:02:15,462 - [32mangr.storage.memory_mixins.default_filler_mixin[0m - [32mFilling memory at 0x1900000019 with 1 unconstrained bytes referenced from 0xa100010 (getenv+0x0 in extern-address space (0x10))[0m[0m
[1;33;40mWARNING - 2023-05-29 07:02:15,463 - [32mangr.storage.memory_mixins.default_filler_mixin[0m - [32mFilling memory at 0x190000001a with 1 unconstrained bytes referenced from 0xa100010 (getenv+0x0 in extern-address space (0x10))[0m[0m
[1;33;40mWARNING - 2023-05-29 07:02:15,464 - [32mangr.storage.memory_mixins.default_filler_mixin[0m - [32mFilling memory at 0x190000001b with 1 unconstrained bytes referenced from 0xa100010 (getenv+0x0 in extern-address space (0x10))[0m[0m
[1;33;40mWARNING - 2023-05-29 07:02:15,465 - [32mangr.storage.memory_mixins.default_filler_mixin[0m - [32mFilling memory at 0x190000001c with 1 unconstrained bytes referenced from 0xa100010 (getenv+0x0 in extern-address space (0x10))[0m[0m
[1;33;40mWARNING - 2023-05-29 07:02:15,468 - [32mangr.storage.memory_mixins.default_filler_mixin[0m - [32mFilling memory at 0x190000001d with 1 unconstrained bytes referenced from 0xa100010 (getenv+0x0 in extern-address space (0x10))[0m[0m
[1;33;40mWARNING - 2023-05-29 07:02:15,469 - [32mangr.storage.memory_mixins.default_filler_mixin[0m - [32mFilling memory at 0x190000001e with 1 unconstrained bytes referenced from 0xa100010 (getenv+0x0 in extern-address space (0x10))[0m[0m
[1;33;40mWARNING - 2023-05-29 07:02:15,470 - [32mangr.storage.memory_mixins.default_filler_mixin[0m - [32mFilling memory at 0x190000001f with 1 unconstrained bytes referenced from 0xa100010 (getenv+0x0 in extern-address space (0x10))[0m[0m
[1;33;40mWARNING - 2023-05-29 07:02:15,471 - [32mangr.storage.memory_mixins.default_filler_mixin[0m - [32mFilling memory at 0x1900000020 with 1 unconstrained bytes referenced from 0xa100010 (getenv+0x0 in extern-address space (0x10))[0m[0m
[1;33;40mWARNING - 2023-05-29 07:02:15,474 - [32mangr.storage.memory_mixins.default_filler_mixin[0m - [32mFilling memory at 0x1900000021 with 1 unconstrained bytes referenced from 0xa100010 (getenv+0x0 in extern-address space (0x10))[0m[0m
[1;33;40mWARNING - 2023-05-29 07:02:15,475 - [32mangr.storage.memory_mixins.default_filler_mixin[0m - [32mFilling memory at 0x1900000022 with 1 unconstrained bytes referenced from 0xa100010 (getenv+0x0 in extern-address space (0x10))[0m[0m
[1;33;40mWARNING - 2023-05-29 07:02:15,476 - [32mangr.storage.memory_mixins.default_filler_mixin[0m - [32mFilling memory at 0x1900000023 with 1 unconstrained bytes referenced from 0xa100010 (getenv+0x0 in extern-address space (0x10))[0m[0m
[1;33;40mWARNING - 2023-05-29 07:02:15,476 - [32mangr.storage.memory_mixins.default_filler_mixin[0m - [32mFilling memory at 0x1900000024 with 1 unconstrained bytes referenced from 0xa100010 (getenv+0x0 in extern-address space (0x10))[0m[0m
[1;33;40mWARNING - 2023-05-29 07:02:15,477 - [32mangr.storage.memory_mixins.default_filler_mixin[0m - [32mFilling memory at 0x1900000025 with 1 unconstrained bytes referenced from 0xa100010 (getenv+0x0 in extern-address space (0x10))[0m[0m
[1;33;40mWARNING - 2023-05-29 07:02:15,478 - [32mangr.storage.memory_mixins.default_filler_mixin[0m - [32mFilling memory at 0x1900000026 with 1 unconstrained bytes referenced from 0xa100010 (getenv+0x0 in extern-address space (0x10))[0m[0m
[1;33;40mWARNING - 2023-05-29 07:02:15,481 - [32mangr.storage.memory_mixins.default_filler_mixin[0m - [32mFilling memory at 0x1900000027 with 1 unconstrained bytes referenced from 0xa100010 (getenv+0x0 in extern-address space (0x10))[0m[0m
[1;33;40mWARNING - 2023-05-29 07:02:15,482 - [32mangr.storage.memory_mixins.default_filler_mixin[0m - [32mFilling memory at 0x1900000028 with 1 unconstrained bytes referenced from 0xa100010 (getenv+0x0 in extern-address space (0x10))[0m[0m
[1;33;40mWARNING - 2023-05-29 07:02:15,484 - [32mangr.storage.memory_mixins.default_filler_mixin[0m - [32mFilling memory at 0x1900000029 with 1 unconstrained bytes referenced from 0xa100010 (getenv+0x0 in extern-address space (0x10))[0m[0m
[1;33;40mWARNING - 2023-05-29 07:02:15,486 - [32mangr.storage.memory_mixins.default_filler_mixin[0m - [32mFilling memory at 0x190000002a with 1 unconstrained bytes referenced from 0xa100010 (getenv+0x0 in extern-address space (0x10))[0m[0m
[1;33;40mWARNING - 2023-05-29 07:02:15,488 - [32mangr.storage.memory_mixins.default_filler_mixin[0m - [32mFilling memory at 0x190000002b with 1 unconstrained bytes referenced from 0xa100010 (getenv+0x0 in extern-address space (0x10))[0m[0m
[1;33;40mWARNING - 2023-05-29 07:02:15,491 - [32mangr.storage.memory_mixins.default_filler_mixin[0m - [32mFilling memory at 0x190000002c with 1 unconstrained bytes referenced from 0xa100010 (getenv+0x0 in extern-address space (0x10))[0m[0m
[1;33;40mWARNING - 2023-05-29 07:02:15,493 - [32mangr.storage.memory_mixins.default_filler_mixin[0m - [32mFilling memory at 0x190000002d with 1 unconstrained bytes referenced from 0xa100010 (getenv+0x0 in extern-address space (0x10))[0m[0m
[1;33;40mWARNING - 2023-05-29 07:02:15,494 - [32mangr.storage.memory_mixins.default_filler_mixin[0m - [32mFilling memory at 0x190000002e with 1 unconstrained bytes referenced from 0xa100010 (getenv+0x0 in extern-address space (0x10))[0m[0m
[1;33;40mWARNING - 2023-05-29 07:02:15,495 - [32mangr.storage.memory_mixins.default_filler_mixin[0m - [32mFilling memory at 0x190000002f with 1 unconstrained bytes referenced from 0xa100010 (getenv+0x0 in extern-address space (0x10))[0m[0m
[1;33;40mWARNING - 2023-05-29 07:02:15,496 - [32mangr.storage.memory_mixins.default_filler_mixin[0m - [32mFilling memory at 0x1900000030 with 1 unconstrained bytes referenced from 0xa100010 (getenv+0x0 in extern-address space (0x10))[0m[0m
[1;33;40mWARNING - 2023-05-29 07:02:15,497 - [32mangr.storage.memory_mixins.default_filler_mixin[0m - [32mFilling memory at 0x1900000031 with 1 unconstrained bytes referenced from 0xa100010 (getenv+0x0 in extern-address space (0x10))[0m[0m
[1;33;40mWARNING - 2023-05-29 07:02:15,499 - [32mangr.storage.memory_mixins.default_filler_mixin[0m - [32mFilling memory at 0x1900000032 with 1 unconstrained bytes referenced from 0xa100010 (getenv+0x0 in extern-address space (0x10))[0m[0m
[1;33;40mWARNING - 2023-05-29 07:02:15,500 - [32mangr.storage.memory_mixins.default_filler_mixin[0m - [32mFilling memory at 0x1900000033 with 1 unconstrained bytes referenced from 0xa100010 (getenv+0x0 in extern-address space (0x10))[0m[0m
[1;33;40mWARNING - 2023-05-29 07:02:15,501 - [32mangr.storage.memory_mixins.default_filler_mixin[0m - [32mFilling memory at 0x1900000034 with 1 unconstrained bytes referenced from 0xa100010 (getenv+0x0 in extern-address space (0x10))[0m[0m
[1;33;40mWARNING - 2023-05-29 07:02:15,503 - [32mangr.storage.memory_mixins.default_filler_mixin[0m - [32mFilling memory at 0x1900000035 with 1 unconstrained bytes referenced from 0xa100010 (getenv+0x0 in extern-address space (0x10))[0m[0m
[1;33;40mWARNING - 2023-05-29 07:02:15,504 - [32mangr.storage.memory_mixins.default_filler_mixin[0m - [32mFilling memory at 0x1900000036 with 1 unconstrained bytes referenced from 0xa100010 (getenv+0x0 in extern-address space (0x10))[0m[0m
[1;33;40mWARNING - 2023-05-29 07:02:15,506 - [32mangr.storage.memory_mixins.default_filler_mixin[0m - [32mFilling memory at 0x1900000037 with 1 unconstrained bytes referenced from 0xa100010 (getenv+0x0 in extern-address space (0x10))[0m[0m
[1;33;40mWARNING - 2023-05-29 07:02:15,510 - [32mangr.storage.memory_mixins.default_filler_mixin[0m - [32mFilling memory at 0x1900000038 with 1 unconstrained bytes referenced from 0xa100010 (getenv+0x0 in extern-address space (0x10))[0m[0m
[1;33;40mWARNING - 2023-05-29 07:02:15,512 - [32mangr.storage.memory_mixins.default_filler_mixin[0m - [32mFilling memory at 0x1900000039 with 1 unconstrained bytes referenced from 0xa100010 (getenv+0x0 in extern-address space (0x10))[0m[0m
[1;33;40mWARNING - 2023-05-29 07:02:15,513 - [32mangr.storage.memory_mixins.default_filler_mixin[0m - [32mFilling memory at 0x190000003a with 1 unconstrained bytes referenced from 0xa100010 (getenv+0x0 in extern-address space (0x10))[0m[0m
[1;33;40mWARNING - 2023-05-29 07:02:15,514 - [32mangr.storage.memory_mixins.default_filler_mixin[0m - [32mFilling memory at 0x190000003b with 1 unconstrained bytes referenced from 0xa100010 (getenv+0x0 in extern-address space (0x10))[0m[0m
[1;33;40mWARNING - 2023-05-29 07:02:15,516 - [32mangr.storage.memory_mixins.default_filler_mixin[0m - [32mFilling memory at 0x190000003c with 1 unconstrained bytes referenced from 0xa100010 (getenv+0x0 in extern-address space (0x10))[0m[0m
[1;33;40mWARNING - 2023-05-29 07:02:15,518 - [32mangr.storage.memory_mixins.default_filler_mixin[0m - [32mFilling memory at 0x190000003d with 1 unconstrained bytes referenced from 0xa100010 (getenv+0x0 in extern-address space (0x10))[0m[0m
[1;32;40mINFO - 2023-05-29 07:02:15,519 - [32mSemaExplorerCDFS[0m - [32mEnd of the trace number 0 with errors[0m[0m
[1;32;40mINFO - 2023-05-29 07:02:15,519 - [32mSemaExplorerCDFS[0m - <SimState @ 0xa100010>[0m
[1;32;40mINFO - 2023-05-29 07:02:15,521 - [32mSemaExplorerCDFS[0m - args' length must all be equal[0m
[1;32;40mINFO - 2023-05-29 07:02:15,521 - [32mSemaExplorerCDFS[0m - [32mlen(simgr.active) <= 0 or deadended >= self.max_end_state)[0m[0m
[1;32;40mINFO - 2023-05-29 07:02:15,536 - [37mGraphBuilder[0m - [37mOutput dir :src/output/runs/132//random_mutations[0m[0m
