[1;33;40mWARNING - 2023-05-29 07:20:19,407 - [34mangr.project[0m - [34mDisabling IRSB translation cache because support for self-modifying code is enabled.[0m[0m
[1;33;40mWARNING - 2023-05-29 07:20:19,478 - [32mangr.storage.memory_mixins.default_filler_mixin[0m - [32mFilling memory at 0xc000800c with 4 unconstrained bytes referenced from 0x90494d0 (_start+0x0 in mutations2_exec (0x90494d0))[0m[0m
[1;33;40mWARNING - 2023-05-29 07:20:22,337 - [32mangr.storage.memory_mixins.default_filler_mixin[0m - [32mFilling memory at 0xc0010014 with 4 unconstrained bytes referenced from 0x90494d0 (_start+0x0 in mutations2_exec (0x90494d0))[0m[0m
[1;33;40mWARNING - 2023-05-29 07:20:26,530 - [32mangr.storage.memory_mixins.default_filler_mixin[0m - [32mFilling memory at 0xc001801c with 4 unconstrained bytes referenced from 0x90494d0 (_start+0x0 in mutations2_exec (0x90494d0))[0m[0m
[1;33;40mWARNING - 2023-05-29 07:20:30,088 - [32mangr.storage.memory_mixins.default_filler_mixin[0m - [32mFilling memory at 0xc0020024 with 4 unconstrained bytes referenced from 0x90494d0 (_start+0x0 in mutations2_exec (0x90494d0))[0m[0m
[1;32;40mINFO - 2023-05-29 07:20:31,629 - [33mwerkzeug[0m - [33m172.17.0.1 - - [29/May/2023 07:20:31] "GET /iteration-scdg HTTP/1.1" 200 -[0m[0m
[1;32;40mINFO - 2023-05-29 07:20:31,651 - [33mwerkzeug[0m - [33m172.17.0.1 - - [29/May/2023 07:20:31] "GET /progress-scdg HTTP/1.1" 200 -[0m[0m
[1;33;40mWARNING - 2023-05-29 07:20:33,324 - [32mangr.storage.memory_mixins.default_filler_mixin[0m - [32mFilling memory at 0x30 with 4 unconstrained bytes referenced from 0x90494d0 (_start+0x0 in mutations2_exec (0x90494d0))[0m[0m
[1;32;40mINFO - 2023-05-29 07:20:33,435 - [36mCustomSimProcedure[0m - [36mcustom_hook_static[0m[0m
[1;33;40mWARNING - 2023-05-29 07:20:33,435 - [34mangr.project[0m - [34mAddress is already hooked, during hook(0x0, <SimProcedure fclose>). Not re-hooking.[0m[0m
[1;33;40mWARNING - 2023-05-29 07:20:33,436 - [34mangr.project[0m - [34mAddress is already hooked, during hook(0x0, <SimProcedure fwrite>). Not re-hooking.[0m[0m
[1;33;40mWARNING - 2023-05-29 07:20:33,436 - [34mangr.project[0m - [34mAddress is already hooked, during hook(0x0, <SimProcedure getenv>). Not re-hooking.[0m[0m
[1;33;40mWARNING - 2023-05-29 07:20:33,436 - [34mangr.project[0m - [34mAddress is already hooked, during hook(0x0, <SimProcedure __libc_start_main>). Not re-hooking.[0m[0m
[1;33;40mWARNING - 2023-05-29 07:20:33,436 - [34mangr.project[0m - [34mAddress is already hooked, during hook(0x0, <SimProcedure fopen>). Not re-hooking.[0m[0m
[1;33;40mWARNING - 2023-05-29 07:20:33,436 - [34mangr.project[0m - [34mAddress is already hooked, during hook(0x0, <SimProcedure socket>). Not re-hooking.[0m[0m
[1;33;40mWARNING - 2023-05-29 07:20:33,437 - [34mangr.project[0m - [34mAddress is already hooked, during hook(0x0, <SimProcedure close>). Not re-hooking.[0m[0m
[1;33;40mWARNING - 2023-05-29 07:20:33,437 - [34mangr.project[0m - [34mAddress is already hooked, during hook(0x0, <SimProcedure strcmp>). Not re-hooking.[0m[0m
[1;33;40mWARNING - 2023-05-29 07:20:33,437 - [34mangr.project[0m - [34mAddress is already hooked, during hook(0x0, <SimProcedure fclose>). Not re-hooking.[0m[0m
[1;33;40mWARNING - 2023-05-29 07:20:33,437 - [34mangr.project[0m - [34mAddress is already hooked, during hook(0x0, <SimProcedure fwrite>). Not re-hooking.[0m[0m
[1;33;40mWARNING - 2023-05-29 07:20:33,437 - [34mangr.project[0m - [34mAddress is already hooked, during hook(0x0, <SimProcedure getenv>). Not re-hooking.[0m[0m
[1;33;40mWARNING - 2023-05-29 07:20:33,438 - [34mangr.project[0m - [34mAddress is already hooked, during hook(0x0, <SimProcedure __libc_start_main>). Not re-hooking.[0m[0m
[1;33;40mWARNING - 2023-05-29 07:20:33,438 - [34mangr.project[0m - [34mAddress is already hooked, during hook(0x0, <SimProcedure fopen>). Not re-hooking.[0m[0m
[1;33;40mWARNING - 2023-05-29 07:20:33,438 - [34mangr.project[0m - [34mAddress is already hooked, during hook(0x0, <SimProcedure socket>). Not re-hooking.[0m[0m
[1;33;40mWARNING - 2023-05-29 07:20:33,438 - [34mangr.project[0m - [34mAddress is already hooked, during hook(0x0, <SimProcedure close>). Not re-hooking.[0m[0m
[1;33;40mWARNING - 2023-05-29 07:20:33,439 - [34mangr.project[0m - [34mAddress is already hooked, during hook(0x9049050, <SimProcedure printf>). Not re-hooking.[0m[0m
[1;33;40mWARNING - 2023-05-29 07:20:33,439 - [34mangr.project[0m - [34mAddress is already hooked, during hook(0xa100000, <SimProcedure strcmp>). Not re-hooking.[0m[0m
[1;33;40mWARNING - 2023-05-29 07:20:33,439 - [34mangr.project[0m - [34mAddress is already hooked, during hook(0xa100004, <SimProcedure printf>). Not re-hooking.[0m[0m
[1;33;40mWARNING - 2023-05-29 07:20:33,440 - [34mangr.project[0m - [34mAddress is already hooked, during hook(0xa100008, <SimProcedure fclose>). Not re-hooking.[0m[0m
[1;33;40mWARNING - 2023-05-29 07:20:33,440 - [34mangr.project[0m - [34mAddress is already hooked, during hook(0xa10000c, <SimProcedure fwrite>). Not re-hooking.[0m[0m
[1;33;40mWARNING - 2023-05-29 07:20:33,440 - [34mangr.project[0m - [34mAddress is already hooked, during hook(0xa100010, <SimProcedure getenv>). Not re-hooking.[0m[0m
[1;33;40mWARNING - 2023-05-29 07:20:33,440 - [34mangr.project[0m - [34mAddress is already hooked, during hook(0xa100014, <SimProcedure __libc_start_main>). Not re-hooking.[0m[0m
[1;33;40mWARNING - 2023-05-29 07:20:33,440 - [34mangr.project[0m - [34mAddress is already hooked, during hook(0xa100018, <SimProcedure fopen>). Not re-hooking.[0m[0m
[1;33;40mWARNING - 2023-05-29 07:20:33,441 - [34mangr.project[0m - [34mAddress is already hooked, during hook(0xa10001c, <SimProcedure socket>). Not re-hooking.[0m[0m
[1;33;40mWARNING - 2023-05-29 07:20:33,441 - [34mangr.project[0m - [34mAddress is already hooked, during hook(0xa100020, <SimProcedure close>). Not re-hooking.[0m[0m
[1;32;40mINFO - 2023-05-29 07:20:33,441 - [36mCustomSimProcedure[0m - [36mcustom_hook_no_symbols[0m[0m
[1;33;40mWARNING - 2023-05-29 07:20:33,561 - [32mangr.storage.memory_mixins.default_filler_mixin[0m - [32mFilling memory at 0xc002032c with 4 unconstrained bytes referenced from 0xa100014 (__libc_start_main+0x0 in extern-address space (0x14))[0m[0m
[1;32;40mINFO - 2023-05-29 07:20:33,615 - [36mCustomSimProcedure[0m - [36mSyscall found:  malloc[<BV32 0x300>][0m[0m
[1;33;40mWARNING - 2023-05-29 07:20:33,651 - [32mangr.storage.memory_mixins.default_filler_mixin[0m - [32mFilling memory at 0xc002033c with 4 unconstrained bytes referenced from 0xa100014 (__libc_start_main+0x0 in extern-address space (0x14))[0m[0m
[1;32;40mINFO - 2023-05-29 07:20:33,704 - [36mCustomSimProcedure[0m - [36mSyscall found:  malloc[<BV32 0x4>][0m[0m
[1;33;40mWARNING - 2023-05-29 07:20:33,755 - [32mangr.storage.memory_mixins.default_filler_mixin[0m - [32mFilling memory at 0xc0020944 with 4 unconstrained bytes referenced from 0xa100014 (__libc_start_main+0x0 in extern-address space (0x14))[0m[0m
[1;32;40mINFO - 2023-05-29 07:20:33,816 - [36mCustomSimProcedure[0m - [36mSyscall found:  malloc[<BV32 0x600>][0m[0m
[1;33;40mWARNING - 2023-05-29 07:20:33,848 - [32mangr.storage.memory_mixins.default_filler_mixin[0m - [32mFilling memory at 0xc0020954 with 4 unconstrained bytes referenced from 0xa100014 (__libc_start_main+0x0 in extern-address space (0x14))[0m[0m
[1;32;40mINFO - 2023-05-29 07:20:33,901 - [36mCustomSimProcedure[0m - [36mSyscall found:  malloc[<BV32 0x4>][0m[0m
[1;33;40mWARNING - 2023-05-29 07:20:33,954 - [32mangr.storage.memory_mixins.default_filler_mixin[0m - [32mFilling memory at 0xc0020f5c with 4 unconstrained bytes referenced from 0xa100014 (__libc_start_main+0x0 in extern-address space (0x14))[0m[0m
[1;32;40mINFO - 2023-05-29 07:20:34,005 - [36mCustomSimProcedure[0m - [36mSyscall found:  malloc[<BV32 0x600>][0m[0m
[1;33;40mWARNING - 2023-05-29 07:20:34,039 - [32mangr.storage.memory_mixins.default_filler_mixin[0m - [32mFilling memory at 0xc0020f6c with 4 unconstrained bytes referenced from 0xa100014 (__libc_start_main+0x0 in extern-address space (0x14))[0m[0m
[1;32;40mINFO - 2023-05-29 07:20:34,092 - [36mCustomSimProcedure[0m - [36mSyscall found:  malloc[<BV32 0x4>][0m[0m
[1;33;40mWARNING - 2023-05-29 07:20:34,144 - [32mangr.storage.memory_mixins.default_filler_mixin[0m - [32mFilling memory at 0xc0020f7c with 4 unconstrained bytes referenced from 0xa100014 (__libc_start_main+0x0 in extern-address space (0x14))[0m[0m
[1;32;40mINFO - 2023-05-29 07:20:34,197 - [36mCustomSimProcedure[0m - [36mSyscall found:  malloc[<BV32 0x4>][0m[0m
[1;32;40mINFO - 2023-05-29 07:20:34,205 - [36mCustomSimProcedure[0m - [36mSyscall found:  __libc_start_main[<BV32 0x90491d0>, <BV32 0x1>, <BV32 0x7ffeffb0>, <BV32 0x90495f0>, <BV32 0x9049660>][0m[0m
[1;33;40mWARNING - 2023-05-29 07:20:34,221 - [32mangr.storage.memory_mixins.default_filler_mixin[0m - [32mFilling register edi with 4 unconstrained bytes referenced from 0x9049600 (__libc_csu_init+0x10 in mutations2_exec (0x9049600))[0m[0m
[1;32;40mINFO - 2023-05-29 07:20:34,325 - [36mCustomSimProcedure[0m - [36mSyscall found:  __libc_start_main[151294416, 1, 2147418032, 151295472, 151295584][0m[0m
[1;32;40mINFO - 2023-05-29 07:20:34,371 - [36mCustomSimProcedure[0m - [36mSyscall found:  strlen[<BV32 0x7ffeff4d>][0m[0m
[1;33;40mWARNING - 2023-05-29 07:20:34,372 - [32mangr.storage.memory_mixins.default_filler_mixin[0m - [32mFilling memory at 0x1900000000 with 2 unconstrained bytes referenced from 0xa100010 (getenv+0x0 in extern-address space (0x10))[0m[0m
[1;33;40mWARNING - 2023-05-29 07:20:34,373 - [32mangr.storage.memory_mixins.default_filler_mixin[0m - [32mFilling memory at 0x1900000002 with 1 unconstrained bytes referenced from 0xa100010 (getenv+0x0 in extern-address space (0x10))[0m[0m
[1;33;40mWARNING - 2023-05-29 07:20:34,374 - [32mangr.storage.memory_mixins.default_filler_mixin[0m - [32mFilling memory at 0x1900000003 with 1 unconstrained bytes referenced from 0xa100010 (getenv+0x0 in extern-address space (0x10))[0m[0m
[1;33;40mWARNING - 2023-05-29 07:20:34,375 - [32mangr.storage.memory_mixins.default_filler_mixin[0m - [32mFilling memory at 0x1900000004 with 1 unconstrained bytes referenced from 0xa100010 (getenv+0x0 in extern-address space (0x10))[0m[0m
[1;33;40mWARNING - 2023-05-29 07:20:34,376 - [32mangr.storage.memory_mixins.default_filler_mixin[0m - [32mFilling memory at 0x1900000005 with 1 unconstrained bytes referenced from 0xa100010 (getenv+0x0 in extern-address space (0x10))[0m[0m
[1;33;40mWARNING - 2023-05-29 07:20:34,377 - [32mangr.storage.memory_mixins.default_filler_mixin[0m - [32mFilling memory at 0x1900000006 with 1 unconstrained bytes referenced from 0xa100010 (getenv+0x0 in extern-address space (0x10))[0m[0m
[1;33;40mWARNING - 2023-05-29 07:20:34,378 - [32mangr.storage.memory_mixins.default_filler_mixin[0m - [32mFilling memory at 0x1900000007 with 1 unconstrained bytes referenced from 0xa100010 (getenv+0x0 in extern-address space (0x10))[0m[0m
[1;33;40mWARNING - 2023-05-29 07:20:34,380 - [32mangr.storage.memory_mixins.default_filler_mixin[0m - [32mFilling memory at 0x1900000008 with 1 unconstrained bytes referenced from 0xa100010 (getenv+0x0 in extern-address space (0x10))[0m[0m
[1;33;40mWARNING - 2023-05-29 07:20:34,381 - [32mangr.storage.memory_mixins.default_filler_mixin[0m - [32mFilling memory at 0x1900000009 with 1 unconstrained bytes referenced from 0xa100010 (getenv+0x0 in extern-address space (0x10))[0m[0m
[1;33;40mWARNING - 2023-05-29 07:20:34,383 - [32mangr.storage.memory_mixins.default_filler_mixin[0m - [32mFilling memory at 0x190000000a with 1 unconstrained bytes referenced from 0xa100010 (getenv+0x0 in extern-address space (0x10))[0m[0m
[1;33;40mWARNING - 2023-05-29 07:20:34,388 - [32mangr.storage.memory_mixins.default_filler_mixin[0m - [32mFilling memory at 0x190000000b with 1 unconstrained bytes referenced from 0xa100010 (getenv+0x0 in extern-address space (0x10))[0m[0m
[1;33;40mWARNING - 2023-05-29 07:20:34,389 - [32mangr.storage.memory_mixins.default_filler_mixin[0m - [32mFilling memory at 0x190000000c with 1 unconstrained bytes referenced from 0xa100010 (getenv+0x0 in extern-address space (0x10))[0m[0m
[1;33;40mWARNING - 2023-05-29 07:20:34,389 - [32mangr.storage.memory_mixins.default_filler_mixin[0m - [32mFilling memory at 0x190000000d with 1 unconstrained bytes referenced from 0xa100010 (getenv+0x0 in extern-address space (0x10))[0m[0m
[1;33;40mWARNING - 2023-05-29 07:20:34,390 - [32mangr.storage.memory_mixins.default_filler_mixin[0m - [32mFilling memory at 0x190000000e with 1 unconstrained bytes referenced from 0xa100010 (getenv+0x0 in extern-address space (0x10))[0m[0m
[1;33;40mWARNING - 2023-05-29 07:20:34,391 - [32mangr.storage.memory_mixins.default_filler_mixin[0m - [32mFilling memory at 0x190000000f with 1 unconstrained bytes referenced from 0xa100010 (getenv+0x0 in extern-address space (0x10))[0m[0m
[1;33;40mWARNING - 2023-05-29 07:20:34,392 - [32mangr.storage.memory_mixins.default_filler_mixin[0m - [32mFilling memory at 0x1900000010 with 1 unconstrained bytes referenced from 0xa100010 (getenv+0x0 in extern-address space (0x10))[0m[0m
[1;33;40mWARNING - 2023-05-29 07:20:34,393 - [32mangr.storage.memory_mixins.default_filler_mixin[0m - [32mFilling memory at 0x1900000011 with 1 unconstrained bytes referenced from 0xa100010 (getenv+0x0 in extern-address space (0x10))[0m[0m
[1;33;40mWARNING - 2023-05-29 07:20:34,394 - [32mangr.storage.memory_mixins.default_filler_mixin[0m - [32mFilling memory at 0x1900000012 with 1 unconstrained bytes referenced from 0xa100010 (getenv+0x0 in extern-address space (0x10))[0m[0m
[1;33;40mWARNING - 2023-05-29 07:20:34,395 - [32mangr.storage.memory_mixins.default_filler_mixin[0m - [32mFilling memory at 0x1900000013 with 1 unconstrained bytes referenced from 0xa100010 (getenv+0x0 in extern-address space (0x10))[0m[0m
[1;33;40mWARNING - 2023-05-29 07:20:34,397 - [32mangr.storage.memory_mixins.default_filler_mixin[0m - [32mFilling memory at 0x1900000014 with 1 unconstrained bytes referenced from 0xa100010 (getenv+0x0 in extern-address space (0x10))[0m[0m
[1;33;40mWARNING - 2023-05-29 07:20:34,398 - [32mangr.storage.memory_mixins.default_filler_mixin[0m - [32mFilling memory at 0x1900000015 with 1 unconstrained bytes referenced from 0xa100010 (getenv+0x0 in extern-address space (0x10))[0m[0m
[1;33;40mWARNING - 2023-05-29 07:20:34,399 - [32mangr.storage.memory_mixins.default_filler_mixin[0m - [32mFilling memory at 0x1900000016 with 1 unconstrained bytes referenced from 0xa100010 (getenv+0x0 in extern-address space (0x10))[0m[0m
[1;33;40mWARNING - 2023-05-29 07:20:34,401 - [32mangr.storage.memory_mixins.default_filler_mixin[0m - [32mFilling memory at 0x1900000017 with 1 unconstrained bytes referenced from 0xa100010 (getenv+0x0 in extern-address space (0x10))[0m[0m
[1;33;40mWARNING - 2023-05-29 07:20:34,401 - [32mangr.storage.memory_mixins.default_filler_mixin[0m - [32mFilling memory at 0x1900000018 with 1 unconstrained bytes referenced from 0xa100010 (getenv+0x0 in extern-address space (0x10))[0m[0m
[1;33;40mWARNING - 2023-05-29 07:20:34,402 - [32mangr.storage.memory_mixins.default_filler_mixin[0m - [32mFilling memory at 0x1900000019 with 1 unconstrained bytes referenced from 0xa100010 (getenv+0x0 in extern-address space (0x10))[0m[0m
[1;33;40mWARNING - 2023-05-29 07:20:34,403 - [32mangr.storage.memory_mixins.default_filler_mixin[0m - [32mFilling memory at 0x190000001a with 1 unconstrained bytes referenced from 0xa100010 (getenv+0x0 in extern-address space (0x10))[0m[0m
[1;33;40mWARNING - 2023-05-29 07:20:34,404 - [32mangr.storage.memory_mixins.default_filler_mixin[0m - [32mFilling memory at 0x190000001b with 1 unconstrained bytes referenced from 0xa100010 (getenv+0x0 in extern-address space (0x10))[0m[0m
[1;33;40mWARNING - 2023-05-29 07:20:34,405 - [32mangr.storage.memory_mixins.default_filler_mixin[0m - [32mFilling memory at 0x190000001c with 1 unconstrained bytes referenced from 0xa100010 (getenv+0x0 in extern-address space (0x10))[0m[0m
[1;33;40mWARNING - 2023-05-29 07:20:34,406 - [32mangr.storage.memory_mixins.default_filler_mixin[0m - [32mFilling memory at 0x190000001d with 1 unconstrained bytes referenced from 0xa100010 (getenv+0x0 in extern-address space (0x10))[0m[0m
[1;33;40mWARNING - 2023-05-29 07:20:34,407 - [32mangr.storage.memory_mixins.default_filler_mixin[0m - [32mFilling memory at 0x190000001e with 1 unconstrained bytes referenced from 0xa100010 (getenv+0x0 in extern-address space (0x10))[0m[0m
[1;33;40mWARNING - 2023-05-29 07:20:34,408 - [32mangr.storage.memory_mixins.default_filler_mixin[0m - [32mFilling memory at 0x190000001f with 1 unconstrained bytes referenced from 0xa100010 (getenv+0x0 in extern-address space (0x10))[0m[0m
[1;33;40mWARNING - 2023-05-29 07:20:34,409 - [32mangr.storage.memory_mixins.default_filler_mixin[0m - [32mFilling memory at 0x1900000020 with 1 unconstrained bytes referenced from 0xa100010 (getenv+0x0 in extern-address space (0x10))[0m[0m
[1;33;40mWARNING - 2023-05-29 07:20:34,409 - [32mangr.storage.memory_mixins.default_filler_mixin[0m - [32mFilling memory at 0x1900000021 with 1 unconstrained bytes referenced from 0xa100010 (getenv+0x0 in extern-address space (0x10))[0m[0m
[1;33;40mWARNING - 2023-05-29 07:20:34,410 - [32mangr.storage.memory_mixins.default_filler_mixin[0m - [32mFilling memory at 0x1900000022 with 1 unconstrained bytes referenced from 0xa100010 (getenv+0x0 in extern-address space (0x10))[0m[0m
[1;33;40mWARNING - 2023-05-29 07:20:34,411 - [32mangr.storage.memory_mixins.default_filler_mixin[0m - [32mFilling memory at 0x1900000023 with 1 unconstrained bytes referenced from 0xa100010 (getenv+0x0 in extern-address space (0x10))[0m[0m
[1;33;40mWARNING - 2023-05-29 07:20:34,412 - [32mangr.storage.memory_mixins.default_filler_mixin[0m - [32mFilling memory at 0x1900000024 with 1 unconstrained bytes referenced from 0xa100010 (getenv+0x0 in extern-address space (0x10))[0m[0m
[1;33;40mWARNING - 2023-05-29 07:20:34,414 - [32mangr.storage.memory_mixins.default_filler_mixin[0m - [32mFilling memory at 0x1900000025 with 1 unconstrained bytes referenced from 0xa100010 (getenv+0x0 in extern-address space (0x10))[0m[0m
[1;33;40mWARNING - 2023-05-29 07:20:34,415 - [32mangr.storage.memory_mixins.default_filler_mixin[0m - [32mFilling memory at 0x1900000026 with 1 unconstrained bytes referenced from 0xa100010 (getenv+0x0 in extern-address space (0x10))[0m[0m
[1;33;40mWARNING - 2023-05-29 07:20:34,416 - [32mangr.storage.memory_mixins.default_filler_mixin[0m - [32mFilling memory at 0x1900000027 with 1 unconstrained bytes referenced from 0xa100010 (getenv+0x0 in extern-address space (0x10))[0m[0m
[1;33;40mWARNING - 2023-05-29 07:20:34,417 - [32mangr.storage.memory_mixins.default_filler_mixin[0m - [32mFilling memory at 0x1900000028 with 1 unconstrained bytes referenced from 0xa100010 (getenv+0x0 in extern-address space (0x10))[0m[0m
[1;33;40mWARNING - 2023-05-29 07:20:34,419 - [32mangr.storage.memory_mixins.default_filler_mixin[0m - [32mFilling memory at 0x1900000029 with 1 unconstrained bytes referenced from 0xa100010 (getenv+0x0 in extern-address space (0x10))[0m[0m
[1;33;40mWARNING - 2023-05-29 07:20:34,421 - [32mangr.storage.memory_mixins.default_filler_mixin[0m - [32mFilling memory at 0x190000002a with 1 unconstrained bytes referenced from 0xa100010 (getenv+0x0 in extern-address space (0x10))[0m[0m
[1;33;40mWARNING - 2023-05-29 07:20:34,422 - [32mangr.storage.memory_mixins.default_filler_mixin[0m - [32mFilling memory at 0x190000002b with 1 unconstrained bytes referenced from 0xa100010 (getenv+0x0 in extern-address space (0x10))[0m[0m
[1;33;40mWARNING - 2023-05-29 07:20:34,423 - [32mangr.storage.memory_mixins.default_filler_mixin[0m - [32mFilling memory at 0x190000002c with 1 unconstrained bytes referenced from 0xa100010 (getenv+0x0 in extern-address space (0x10))[0m[0m
[1;33;40mWARNING - 2023-05-29 07:20:34,424 - [32mangr.storage.memory_mixins.default_filler_mixin[0m - [32mFilling memory at 0x190000002d with 1 unconstrained bytes referenced from 0xa100010 (getenv+0x0 in extern-address space (0x10))[0m[0m
[1;33;40mWARNING - 2023-05-29 07:20:34,425 - [32mangr.storage.memory_mixins.default_filler_mixin[0m - [32mFilling memory at 0x190000002e with 1 unconstrained bytes referenced from 0xa100010 (getenv+0x0 in extern-address space (0x10))[0m[0m
[1;33;40mWARNING - 2023-05-29 07:20:34,427 - [32mangr.storage.memory_mixins.default_filler_mixin[0m - [32mFilling memory at 0x190000002f with 1 unconstrained bytes referenced from 0xa100010 (getenv+0x0 in extern-address space (0x10))[0m[0m
[1;33;40mWARNING - 2023-05-29 07:20:34,427 - [32mangr.storage.memory_mixins.default_filler_mixin[0m - [32mFilling memory at 0x1900000030 with 1 unconstrained bytes referenced from 0xa100010 (getenv+0x0 in extern-address space (0x10))[0m[0m
[1;33;40mWARNING - 2023-05-29 07:20:34,428 - [32mangr.storage.memory_mixins.default_filler_mixin[0m - [32mFilling memory at 0x1900000031 with 1 unconstrained bytes referenced from 0xa100010 (getenv+0x0 in extern-address space (0x10))[0m[0m
[1;33;40mWARNING - 2023-05-29 07:20:34,429 - [32mangr.storage.memory_mixins.default_filler_mixin[0m - [32mFilling memory at 0x1900000032 with 1 unconstrained bytes referenced from 0xa100010 (getenv+0x0 in extern-address space (0x10))[0m[0m
[1;33;40mWARNING - 2023-05-29 07:20:34,430 - [32mangr.storage.memory_mixins.default_filler_mixin[0m - [32mFilling memory at 0x1900000033 with 1 unconstrained bytes referenced from 0xa100010 (getenv+0x0 in extern-address space (0x10))[0m[0m
[1;33;40mWARNING - 2023-05-29 07:20:34,431 - [32mangr.storage.memory_mixins.default_filler_mixin[0m - [32mFilling memory at 0x1900000034 with 1 unconstrained bytes referenced from 0xa100010 (getenv+0x0 in extern-address space (0x10))[0m[0m
[1;33;40mWARNING - 2023-05-29 07:20:34,435 - [32mangr.storage.memory_mixins.default_filler_mixin[0m - [32mFilling memory at 0x1900000035 with 1 unconstrained bytes referenced from 0xa100010 (getenv+0x0 in extern-address space (0x10))[0m[0m
[1;33;40mWARNING - 2023-05-29 07:20:34,436 - [32mangr.storage.memory_mixins.default_filler_mixin[0m - [32mFilling memory at 0x1900000036 with 1 unconstrained bytes referenced from 0xa100010 (getenv+0x0 in extern-address space (0x10))[0m[0m
[1;33;40mWARNING - 2023-05-29 07:20:34,437 - [32mangr.storage.memory_mixins.default_filler_mixin[0m - [32mFilling memory at 0x1900000037 with 1 unconstrained bytes referenced from 0xa100010 (getenv+0x0 in extern-address space (0x10))[0m[0m
[1;33;40mWARNING - 2023-05-29 07:20:34,438 - [32mangr.storage.memory_mixins.default_filler_mixin[0m - [32mFilling memory at 0x1900000038 with 1 unconstrained bytes referenced from 0xa100010 (getenv+0x0 in extern-address space (0x10))[0m[0m
[1;33;40mWARNING - 2023-05-29 07:20:34,440 - [32mangr.storage.memory_mixins.default_filler_mixin[0m - [32mFilling memory at 0x1900000039 with 1 unconstrained bytes referenced from 0xa100010 (getenv+0x0 in extern-address space (0x10))[0m[0m
[1;33;40mWARNING - 2023-05-29 07:20:34,441 - [32mangr.storage.memory_mixins.default_filler_mixin[0m - [32mFilling memory at 0x190000003a with 1 unconstrained bytes referenced from 0xa100010 (getenv+0x0 in extern-address space (0x10))[0m[0m
[1;33;40mWARNING - 2023-05-29 07:20:34,442 - [32mangr.storage.memory_mixins.default_filler_mixin[0m - [32mFilling memory at 0x190000003b with 1 unconstrained bytes referenced from 0xa100010 (getenv+0x0 in extern-address space (0x10))[0m[0m
[1;33;40mWARNING - 2023-05-29 07:20:34,442 - [32mangr.storage.memory_mixins.default_filler_mixin[0m - [32mFilling memory at 0x190000003c with 1 unconstrained bytes referenced from 0xa100010 (getenv+0x0 in extern-address space (0x10))[0m[0m
[1;33;40mWARNING - 2023-05-29 07:20:34,443 - [32mangr.storage.memory_mixins.default_filler_mixin[0m - [32mFilling memory at 0x190000003d with 1 unconstrained bytes referenced from 0xa100010 (getenv+0x0 in extern-address space (0x10))[0m[0m
[1;32;40mINFO - 2023-05-29 07:20:34,445 - [32mSemaExplorerCDFS[0m - [32mEnd of the trace number 0 with errors[0m[0m
[1;32;40mINFO - 2023-05-29 07:20:34,445 - [32mSemaExplorerCDFS[0m - <SimState @ 0xa100010>[0m
[1;32;40mINFO - 2023-05-29 07:20:34,446 - [32mSemaExplorerCDFS[0m - args' length must all be equal[0m
[1;32;40mINFO - 2023-05-29 07:20:34,446 - [32mSemaExplorerCDFS[0m - [32mlen(simgr.active) <= 0 or deadended >= self.max_end_state)[0m[0m
[1;32;40mINFO - 2023-05-29 07:20:34,464 - [37mGraphBuilder[0m - [37mOutput dir :src/output/runs/132//each_mutation[0m[0m
